2025-09-16 10:30:59,246 - INFO - ================================================================================
2025-09-16 10:30:59,246 - INFO - XGBoost Comparison Framework
2025-09-16 10:30:59,246 - INFO - ================================================================================
2025-09-16 10:30:59,246 - INFO - Configuration:
2025-09-16 10:30:59,246 - INFO -   Target Symbol: @S#C
2025-09-16 10:30:59,247 - INFO -   Date Range: 2015-01-01 to 2025-08-01
2025-09-16 10:30:59,247 - INFO -   Models: 200, Type: standard
2025-09-16 10:30:59,247 - INFO -   Folds: 15
2025-09-16 10:30:59,247 - INFO -   Max Features: 250 (Limited)
2025-09-16 10:30:59,247 - INFO -   Feature Selection: Enabled
2025-09-16 10:30:59,247 - INFO -   Inner Val Fraction: 0.2
2025-09-16 10:30:59,247 - INFO -   EWMA Alpha: 0.1, Quality Halflife: 63 days
2025-09-16 10:30:59,247 - INFO -   Signal Type: Tanh Normalized
2025-09-16 10:30:59,247 - INFO -   Cross-validation: Expanding window
2025-09-16 10:30:59,247 - INFO -   Production: Cutoff=0.6, Top N=10, Q-Metric=sharpe
2025-09-16 10:30:59,247 - INFO -   Reselection: Every 1 fold(s)
2025-09-16 10:30:59,247 - INFO - 
2025-09-16 10:31:04,261 - INFO - Dropped 74 rows due to NaN in target column @S#C_target_return
2025-09-16 10:31:04,450 - INFO - Loaded: X=(2661, 1906), y=(2661,)
2025-09-16 10:31:28,970 - INFO - Selected 250 features (threshold: 0.7)
2025-09-16 10:31:28,983 - INFO - Selected: 250 features
2025-09-16 10:31:29,395 - INFO - GPU detection: CUDA GPU available and working
2025-09-16 10:31:29,395 - INFO - Processing mode: GPU sequential (GPU: True, Total models: 3000)
2025-09-16 10:31:29,607 - INFO - GPU detection: CUDA GPU available and working
2025-09-16 10:31:29,612 - INFO - Using expanding window
2025-09-16 10:31:29,612 - INFO - Starting analysis: 200 standard models x 13 folds
2025-09-16 10:31:29,612 - INFO - Processing Fold 1/13
2025-09-16 10:31:29,620 - INFO -   Using GPU sequential processing
2025-09-16 10:38:26,322 - INFO - Fold 1 Summary:
2025-09-16 10:38:26,322 - INFO -   Best OOS Sharpe: M48 (3.262, p=0.000)
2025-09-16 10:38:26,322 - INFO -   Best Q-Sharpe:  M48 (3.262, OOS_Sharpe=3.262, OOS_Hit=0.571)
2025-09-16 10:38:26,323 - INFO -   Mean OOS Sharpe: 0.854, Mean Hit: 0.523
2025-09-16 10:38:26,323 - INFO - 
2025-09-16 10:38:26,331 - INFO - Stored 200 trained models for production export
2025-09-16 10:38:26,331 - INFO - Processing Fold 2/13
2025-09-16 10:38:26,338 - INFO -   Using GPU sequential processing
2025-09-16 10:46:02,476 - INFO - Fold 2 Summary:
2025-09-16 10:46:02,476 - INFO -   Best OOS Sharpe: M149 (1.755, p=0.130)
2025-09-16 10:46:02,476 - INFO -   Best Q-Sharpe:  M48 (2.715, OOS_Sharpe=-2.209, OOS_Hit=0.446)
2025-09-16 10:46:02,476 - INFO -   Mean OOS Sharpe: -0.593, Mean Hit: 0.489
2025-09-16 10:46:02,476 - INFO - 
2025-09-16 10:46:02,482 - INFO - Stored 200 trained models for production export
2025-09-16 10:46:02,482 - INFO - Processing Fold 3/13
2025-09-16 10:46:02,487 - INFO -   Using GPU sequential processing
2025-09-16 10:53:39,890 - INFO - Fold 3 Summary:
2025-09-16 10:53:39,890 - INFO -   Best OOS Sharpe: M145 (2.465, p=0.010)
2025-09-16 10:53:39,890 - INFO -   Best Q-Sharpe:  M46 (2.464, OOS_Sharpe=0.421, OOS_Hit=0.520)
2025-09-16 10:53:39,890 - INFO -   Mean OOS Sharpe: 0.085, Mean Hit: 0.505
2025-09-16 10:53:39,890 - INFO - 
2025-09-16 10:53:39,898 - INFO - Stored 200 trained models for production export
2025-09-16 10:53:39,898 - INFO - Processing Fold 4/13
2025-09-16 10:53:39,907 - INFO -   Using GPU sequential processing
2025-09-16 11:01:44,952 - INFO - Fold 4 Summary:
2025-09-16 11:01:44,952 - INFO -   Best OOS Sharpe: M34 (3.317, p=0.010)
2025-09-16 11:01:44,952 - INFO -   Best Q-Sharpe:  M46 (2.377, OOS_Sharpe=1.589, OOS_Hit=0.537)
2025-09-16 11:01:44,952 - INFO -   Mean OOS Sharpe: 0.998, Mean Hit: 0.522
2025-09-16 11:01:44,952 - INFO - 
2025-09-16 11:01:44,961 - INFO - Stored 200 trained models for production export
2025-09-16 11:01:44,962 - INFO - Processing Fold 5/13
2025-09-16 11:01:44,970 - INFO -   Using GPU sequential processing
2025-09-16 11:10:41,650 - INFO - Fold 5 Summary:
2025-09-16 11:10:41,650 - INFO -   Best OOS Sharpe: M198 (4.732, p=0.000)
2025-09-16 11:10:41,650 - INFO -   Best Q-Sharpe:  M12 (2.542, OOS_Sharpe=4.535, OOS_Hit=0.627)
2025-09-16 11:10:41,650 - INFO -   Mean OOS Sharpe: 2.375, Mean Hit: 0.532
2025-09-16 11:10:41,650 - INFO - 
2025-09-16 11:10:41,659 - INFO - Stored 200 trained models for production export
2025-09-16 11:10:41,659 - INFO - Processing Fold 6/13
2025-09-16 11:10:41,669 - INFO -   Using GPU sequential processing
2025-09-16 11:19:16,073 - INFO - Fold 6 Summary:
2025-09-16 11:19:16,073 - INFO -   Best OOS Sharpe: M146 (3.552, p=0.000)
2025-09-16 11:19:16,073 - INFO -   Best Q-Sharpe:  M12 (2.438, OOS_Sharpe=1.495, OOS_Hit=0.559)
2025-09-16 11:19:16,073 - INFO -   Mean OOS Sharpe: 0.771, Mean Hit: 0.519
2025-09-16 11:19:16,073 - INFO - 
2025-09-16 11:19:16,082 - INFO - Stored 200 trained models for production export
2025-09-16 11:19:16,083 - INFO - Processing Fold 7/13
2025-09-16 11:19:16,092 - INFO -   Using GPU sequential processing
2025-09-16 11:25:46,902 - INFO - Fold 7 Summary:
2025-09-16 11:25:46,909 - INFO -   Best OOS Sharpe: M101 (3.398, p=0.000)
2025-09-16 11:25:46,909 - INFO -   Best Q-Sharpe:  M12 (2.330, OOS_Sharpe=1.363, OOS_Hit=0.503)
2025-09-16 11:25:46,909 - INFO -   Mean OOS Sharpe: 1.517, Mean Hit: 0.518
2025-09-16 11:25:46,909 - INFO - 
2025-09-16 11:25:46,918 - INFO - Stored 200 trained models for production export
2025-09-16 11:25:46,918 - INFO - Processing Fold 8/13
2025-09-16 11:25:46,928 - INFO -   Using GPU sequential processing
2025-09-16 11:30:42,664 - INFO - Fold 8 Summary:
2025-09-16 11:30:42,664 - INFO -   Best OOS Sharpe: M144 (3.330, p=0.000)
2025-09-16 11:30:42,664 - INFO -   Best Q-Sharpe:  M12 (2.362, OOS_Sharpe=2.652, OOS_Hit=0.610)
2025-09-16 11:30:42,664 - INFO -   Mean OOS Sharpe: 0.882, Mean Hit: 0.503
2025-09-16 11:30:42,664 - INFO - 
2025-09-16 11:30:42,670 - INFO - Stored 200 trained models for production export
2025-09-16 11:30:42,670 - INFO - Processing Fold 9/13
2025-09-16 11:30:42,677 - INFO -   Using GPU sequential processing
2025-09-16 11:35:17,032 - INFO - Fold 9 Summary:
2025-09-16 11:35:17,032 - INFO -   Best OOS Sharpe: M121 (3.415, p=0.010)
2025-09-16 11:35:17,032 - INFO -   Best Q-Sharpe:  M12 (2.273, OOS_Sharpe=1.468, OOS_Hit=0.531)
2025-09-16 11:35:17,032 - INFO -   Mean OOS Sharpe: 1.316, Mean Hit: 0.529
2025-09-16 11:35:17,032 - INFO - 
2025-09-16 11:35:17,041 - INFO - Stored 200 trained models for production export
2025-09-16 11:35:17,042 - INFO - Processing Fold 10/13
2025-09-16 11:35:17,048 - INFO -   Using GPU sequential processing
2025-09-16 11:39:55,186 - INFO - Fold 10 Summary:
2025-09-16 11:39:55,186 - INFO -   Best OOS Sharpe: M144 (3.946, p=0.000)
2025-09-16 11:39:55,186 - INFO -   Best Q-Sharpe:  M12 (2.166, OOS_Sharpe=1.208, OOS_Hit=0.576)
2025-09-16 11:39:55,186 - INFO -   Mean OOS Sharpe: 1.354, Mean Hit: 0.562
2025-09-16 11:39:55,186 - INFO - 
2025-09-16 11:39:55,196 - INFO - Stored 200 trained models for production export
2025-09-16 11:39:55,196 - INFO - Processing Fold 11/13
2025-09-16 11:39:55,211 - INFO -   Using GPU sequential processing
2025-09-16 11:43:30,048 - INFO - Fold 11 Summary:
2025-09-16 11:43:30,048 - INFO -   Best OOS Sharpe: M151 (3.135, p=0.020)
2025-09-16 11:43:30,048 - INFO -   Best Q-Sharpe:  M12 (2.065, OOS_Sharpe=1.155, OOS_Hit=0.542)
2025-09-16 11:43:30,048 - INFO -   Mean OOS Sharpe: 0.744, Mean Hit: 0.517
2025-09-16 11:43:30,048 - INFO - 
2025-09-16 11:43:30,058 - INFO - Stored 200 trained models for production export
2025-09-16 11:43:30,058 - INFO - Processing Fold 12/13
2025-09-16 11:43:30,067 - INFO -   Using GPU sequential processing
2025-09-16 11:46:31,599 - INFO - Fold 12 Summary:
2025-09-16 11:46:31,599 - INFO -   Best OOS Sharpe: M74 (3.572, p=0.000)
2025-09-16 11:46:31,599 - INFO -   Best Q-Sharpe:  M196 (1.898, OOS_Sharpe=2.694, OOS_Hit=0.588)
2025-09-16 11:46:31,599 - INFO -   Mean OOS Sharpe: 1.164, Mean Hit: 0.509
2025-09-16 11:46:31,599 - INFO - 
2025-09-16 11:46:31,609 - INFO - Stored 200 trained models for production export
2025-09-16 11:46:31,609 - INFO - Processing Fold 13/13
2025-09-16 11:46:31,618 - INFO -   Using GPU sequential processing
2025-09-16 11:48:52,159 - INFO - Fold 13 Summary:
2025-09-16 11:48:52,159 - INFO -   Best OOS Sharpe: M79 (2.988, p=0.000)
2025-09-16 11:48:52,160 - INFO -   Best Q-Sharpe:  M196 (1.738, OOS_Sharpe=0.300, OOS_Hit=0.464)
2025-09-16 11:48:52,160 - INFO -   Mean OOS Sharpe: 0.434, Mean Hit: 0.506
2025-09-16 11:48:52,160 - INFO - 
2025-09-16 11:48:52,169 - INFO - Stored 200 trained models for production export
2025-09-16 11:48:52,169 - INFO - Starting full timeline backtesting...
2025-09-16 11:48:52,169 - INFO - Running full timeline backtest with 13 folds (0-based indexing)
2025-09-16 11:48:52,169 - INFO - Fold 0 skipped (no prior Q-score history for meaningful selection)
2025-09-16 11:48:52,169 - INFO - Effective backtest period: Folds 1-12 (12 folds)
2025-09-16 11:48:52,169 - INFO - Training period: Folds 1-7
2025-09-16 11:48:52,169 - INFO - Production period: Folds 8-12
2025-09-16 11:48:52,169 - INFO - Using consistent OOS methodology for all folds
2025-09-16 11:48:52,169 - INFO - Fold 0: Skipped (no prior Q-score history for meaningful selection)
2025-09-16 11:48:52,169 - INFO - 
--- Processing fold 1/12 ---
2025-09-16 11:48:52,209 - INFO - Fold 1: Q-scores from fold 0: ['M00:-1.001', 'M01:1.711', 'M02:1.106', 'M03:1.590', 'M04:1.647']...
2025-09-16 11:48:52,209 - INFO - Fold 1: Selected models [48, 46, 12, 196, 169, 9, 102, 80, 104, 161] based on fold 0 Q-scores, avg Q-score: 2.686
2025-09-16 11:48:52,210 - INFO - Fold 1 (Training): Sharpe=-1.111, Hit=45.2%
2025-09-16 11:48:52,210 - INFO - 
--- Processing fold 2/12 ---
2025-09-16 11:48:52,242 - INFO - Fold 2: Q-scores from fold 1: ['M00:-1.015', 'M01:1.541', 'M02:0.821', 'M03:1.441', 'M04:1.421']...
2025-09-16 11:48:52,243 - INFO - Fold 2: Selected models [48, 46, 12, 196, 80, 169, 102, 9, 161, 41] based on fold 1 Q-scores, avg Q-score: 2.340
2025-09-16 11:48:52,244 - INFO - Fold 2 (Training): Sharpe=-0.742, Hit=48.6%
2025-09-16 11:48:52,244 - INFO - 
--- Processing fold 3/12 ---
2025-09-16 11:48:52,275 - INFO - Fold 3: Q-scores from fold 2: ['M00:-0.867', 'M01:1.318', 'M02:0.931', 'M03:1.291', 'M04:1.047']...
2025-09-16 11:48:52,275 - INFO - Fold 3: Selected models [46, 12, 48, 196, 102, 80, 160, 9, 169, 161] based on fold 2 Q-scores, avg Q-score: 2.076
2025-09-16 11:48:52,276 - INFO - Fold 3 (Training): Sharpe=1.810, Hit=53.1%
2025-09-16 11:48:52,276 - INFO - 
--- Processing fold 4/12 ---
2025-09-16 11:48:52,318 - INFO - Fold 4: Q-scores from fold 3: ['M00:-0.765', 'M01:1.325', 'M02:0.981', 'M03:1.298', 'M04:1.080']...
2025-09-16 11:48:52,318 - INFO - Fold 4: Selected models [46, 12, 48, 196, 102, 160, 9, 80, 169, 161] based on fold 3 Q-scores, avg Q-score: 2.000
2025-09-16 11:48:52,320 - INFO - Fold 4 (Training): Sharpe=3.941, Hit=55.9%
2025-09-16 11:48:52,320 - INFO - 
--- Processing fold 5/12 ---
2025-09-16 11:48:52,352 - INFO - Fold 5: Q-scores from fold 4: ['M00:-0.459', 'M01:1.433', 'M02:1.168', 'M03:1.291', 'M04:1.077']...
2025-09-16 11:48:52,352 - INFO - Fold 5: Selected models [12, 46, 196, 160, 102, 48, 80, 169, 115, 9] based on fold 4 Q-scores, avg Q-score: 2.056
2025-09-16 11:48:52,353 - INFO - Fold 5 (Training): Sharpe=1.278, Hit=55.4%
2025-09-16 11:48:52,353 - INFO - 
--- Processing fold 6/12 ---
2025-09-16 11:48:52,384 - INFO - Fold 6: Q-scores from fold 5: ['M00:-0.156', 'M01:1.453', 'M02:1.071', 'M03:1.069', 'M04:1.050']...
2025-09-16 11:48:52,384 - INFO - Fold 6: Selected models [12, 46, 169, 196, 102, 160, 80, 115, 9, 161] based on fold 5 Q-scores, avg Q-score: 1.934
2025-09-16 11:48:52,385 - INFO - Fold 6 (Training): Sharpe=1.808, Hit=51.4%
2025-09-16 11:48:52,386 - INFO - 
--- Processing fold 7/12 ---
2025-09-16 11:48:52,417 - INFO - Fold 7: Q-scores from fold 6: ['M00:-0.004', 'M01:1.424', 'M02:1.062', 'M03:1.034', 'M04:1.053']...
2025-09-16 11:48:52,417 - INFO - Fold 7: Selected models [12, 196, 102, 80, 159, 46, 169, 115, 41, 9] based on fold 6 Q-scores, avg Q-score: 1.876
2025-09-16 11:48:52,418 - INFO - Fold 7 (Training): Sharpe=1.717, Hit=50.3%
2025-09-16 11:48:52,418 - INFO - 
--- Processing fold 8/12 ---
2025-09-16 11:48:52,473 - INFO - Fold 8: Q-scores from fold 7: ['M00:0.076', 'M01:1.348', 'M02:1.222', 'M03:1.090', 'M04:1.015']...
2025-09-16 11:48:52,474 - INFO - Fold 8: Selected models [12, 196, 159, 46, 80, 169, 102, 115, 104, 161] based on fold 7 Q-scores, avg Q-score: 1.806
2025-09-16 11:48:52,475 - INFO - Fold 8 (Production): Sharpe=2.155, Hit=52.5%
2025-09-16 11:48:52,475 - INFO - 
--- Processing fold 9/12 ---
2025-09-16 11:48:52,523 - INFO - Fold 9: Q-scores from fold 8: ['M00:0.102', 'M01:1.368', 'M02:1.274', 'M03:1.106', 'M04:1.024']...
2025-09-16 11:48:52,524 - INFO - Fold 9: Selected models [12, 196, 46, 169, 159, 80, 115, 104, 9, 102] based on fold 8 Q-scores, avg Q-score: 1.791
2025-09-16 11:48:52,525 - INFO - Fold 9 (Production): Sharpe=2.418, Hit=57.1%
2025-09-16 11:48:52,525 - INFO - 
--- Processing fold 10/12 ---
2025-09-16 11:48:52,572 - INFO - Fold 10: Q-scores from fold 9: ['M00:0.349', 'M01:1.436', 'M02:1.226', 'M03:1.161', 'M04:1.102']...
2025-09-16 11:48:52,573 - INFO - Fold 10: Selected models [12, 196, 46, 169, 104, 159, 102, 80, 41, 9] based on fold 9 Q-scores, avg Q-score: 1.788
2025-09-16 11:48:52,574 - INFO - Fold 10 (Production): Sharpe=1.922, Hit=55.9%
2025-09-16 11:48:52,574 - INFO - 
--- Processing fold 11/12 ---
2025-09-16 11:48:52,610 - INFO - Fold 11: Q-scores from fold 10: ['M00:0.147', 'M01:1.318', 'M02:1.153', 'M03:0.969', 'M04:1.080']...
2025-09-16 11:48:52,610 - INFO - Fold 11: Selected models [12, 196, 169, 80, 46, 102, 104, 159, 151, 9] based on fold 10 Q-scores, avg Q-score: 1.748
2025-09-16 11:48:52,612 - INFO - Fold 11 (Production): Sharpe=2.081, Hit=51.4%
2025-09-16 11:48:52,612 - INFO - 
--- Processing fold 12/12 ---
2025-09-16 11:48:52,648 - INFO - Fold 12: Q-scores from fold 11: ['M00:0.292', 'M01:1.334', 'M02:1.271', 'M03:1.001', 'M04:1.209']...
2025-09-16 11:48:52,648 - INFO - Fold 12: Selected models [196, 80, 102, 12, 46, 159, 169, 104, 85, 115] based on fold 11 Q-scores, avg Q-score: 1.727
2025-09-16 11:48:52,650 - INFO - Fold 12 (Production): Sharpe=0.697, Hit=54.1%
2025-09-16 11:48:52,650 - INFO - Training Period Overall: Sharpe=1.260, Hit=51.4%
2025-09-16 11:48:52,651 - INFO - Production Period Overall: Sharpe=1.803, Hit=54.2%
2025-09-16 11:48:52,652 - INFO - Full Timeline Overall: Sharpe=1.439, Hit=52.6%
2025-09-16 11:48:52,652 - INFO - Training: Sharpe=1.260 | Hit=51.4% | Return=19.20%
2025-09-16 11:48:52,652 - INFO - Production: Sharpe=1.803 | Hit=54.2% | Return=20.73%
2025-09-16 11:48:52,652 - INFO - Full Timeline: Sharpe=1.439 | Hit=52.6% | Return=19.84%
2025-09-16 11:48:52,652 - INFO - Generating visualizations...
2025-09-16 11:48:52,652 - INFO - Creating clean visualizations for 200 models...
2025-09-16 11:48:55,478 - INFO - Clean fold-by-fold analysis saved to: 20250916_103059_fold_@S#C_200models_15folds_PROD_S_final.png
2025-09-16 11:48:58,658 - INFO - Detailed production analysis saved to: 20250916_103059_backtest_@S#C_200models_15folds_PROD_S_final.png
2025-09-16 11:48:58,659 - INFO - ================================================================================
2025-09-16 11:48:58,659 - INFO - BACKTEST SUMMARY
2025-09-16 11:48:58,659 - INFO - ================================================================================
2025-09-16 11:48:58,659 - INFO - Config: Cutoff=70%, Top N=5, Q-Metric=sharpe, Reselection=1 fold(s)
2025-09-16 11:48:58,659 - INFO - Model Selection History:
2025-09-16 11:48:58,659 - INFO -   Fold 1: M48, M46, M12, M196, M169, M09, M102, M80, M104, M161 (Avg Q-sharpe: 2.686)
2025-09-16 11:48:58,659 - INFO -   Fold 2: M48, M46, M12, M196, M80, M169, M102, M09, M161, M41 (Avg Q-sharpe: 2.340)
2025-09-16 11:48:58,659 - INFO -   Fold 3: M46, M12, M48, M196, M102, M80, M160, M09, M169, M161 (Avg Q-sharpe: 2.076)
2025-09-16 11:48:58,659 - INFO -   Fold 4: M46, M12, M48, M196, M102, M160, M09, M80, M169, M161 (Avg Q-sharpe: 2.000)
2025-09-16 11:48:58,659 - INFO -   Fold 5: M12, M46, M196, M160, M102, M48, M80, M169, M115, M09 (Avg Q-sharpe: 2.056)
2025-09-16 11:48:58,659 - INFO -   Fold 6: M12, M46, M169, M196, M102, M160, M80, M115, M09, M161 (Avg Q-sharpe: 1.934)
2025-09-16 11:48:58,659 - INFO -   Fold 7: M12, M196, M102, M80, M159, M46, M169, M115, M41, M09 (Avg Q-sharpe: 1.876)
2025-09-16 11:48:58,659 - INFO -   Fold 8: M12, M196, M159, M46, M80, M169, M102, M115, M104, M161 (Avg Q-sharpe: 1.806)
2025-09-16 11:48:58,659 - INFO -   Fold 9: M12, M196, M46, M169, M159, M80, M115, M104, M09, M102 (Avg Q-sharpe: 1.791)
2025-09-16 11:48:58,659 - INFO -   Fold 10: M12, M196, M46, M169, M104, M159, M102, M80, M41, M09 (Avg Q-sharpe: 1.788)
2025-09-16 11:48:58,659 - INFO -   Fold 11: M12, M196, M169, M80, M46, M102, M104, M159, M151, M09 (Avg Q-sharpe: 1.748)
2025-09-16 11:48:58,659 - INFO -   Fold 12: M196, M80, M102, M12, M46, M159, M169, M104, M85, M115 (Avg Q-sharpe: 1.727)
2025-09-16 11:48:58,659 - INFO - 
2025-09-16 11:48:58,659 - INFO - Fold-by-Fold Performance:
2025-09-16 11:48:58,659 - INFO -   Fold 1: M48, M46, M12, M196, M169, M09, M102, M80, M104, M161 | Sharpe=-1.111 | Hit=45.2% | Samples=177
2025-09-16 11:48:58,659 - INFO -   Fold 2: M48, M46, M12, M196, M80, M169, M102, M09, M161, M41 | Sharpe=-0.742 | Hit=48.6% | Samples=177
2025-09-16 11:48:58,659 - INFO -   Fold 3: M46, M12, M48, M196, M102, M80, M160, M09, M169, M161 | Sharpe=1.810 | Hit=53.1% | Samples=177
2025-09-16 11:48:58,659 - INFO -   Fold 4: M46, M12, M48, M196, M102, M160, M09, M80, M169, M161 | Sharpe=3.941 | Hit=55.9% | Samples=177
2025-09-16 11:48:58,659 - INFO -   Fold 5: M12, M46, M196, M160, M102, M48, M80, M169, M115, M09 | Sharpe=1.278 | Hit=55.4% | Samples=177
2025-09-16 11:48:58,659 - INFO -   Fold 6: M12, M46, M169, M196, M102, M160, M80, M115, M09, M161 | Sharpe=1.808 | Hit=51.4% | Samples=177
2025-09-16 11:48:58,659 - INFO -   Fold 7: M12, M196, M102, M80, M159, M46, M169, M115, M41, M09 | Sharpe=1.717 | Hit=50.3% | Samples=177
2025-09-16 11:48:58,659 - INFO -   Fold 8: M12, M196, M159, M46, M80, M169, M102, M115, M104, M161 | Sharpe=2.155 | Hit=52.5% | Samples=177
2025-09-16 11:48:58,660 - INFO -   Fold 9: M12, M196, M46, M169, M159, M80, M115, M104, M09, M102 | Sharpe=2.418 | Hit=57.1% | Samples=177
2025-09-16 11:48:58,660 - INFO -   Fold 10: M12, M196, M46, M169, M104, M159, M102, M80, M41, M09 | Sharpe=1.922 | Hit=55.9% | Samples=177
2025-09-16 11:48:58,660 - INFO -   Fold 11: M12, M196, M169, M80, M46, M102, M104, M159, M151, M09 | Sharpe=2.081 | Hit=51.4% | Samples=177
2025-09-16 11:48:58,660 - INFO -   Fold 12: M196, M80, M102, M12, M46, M159, M169, M104, M85, M115 | Sharpe=0.697 | Hit=54.1% | Samples=183
2025-09-16 11:48:58,660 - INFO - ================================================================================
2025-09-16 11:48:58,660 - INFO - ================================================================================
2025-09-16 11:48:58,660 - INFO - ANALYSIS COMPLETED SUCCESSFULLY!
2025-09-16 11:48:58,660 - INFO - ================================================================================
2025-09-16 11:48:58,660 - INFO - Generated 2 visualization files
2025-09-16 11:48:58,660 - INFO -   - 20250916_103059_fold_@S#C_200models_15folds_PROD_S_final.png
2025-09-16 11:48:58,660 - INFO -   - 20250916_103059_backtest_@S#C_200models_15folds_PROD_S_final.png
2025-09-16 11:48:58,660 - INFO - Training Final: Sharpe=1.260 | Hit=51.4% | Return=19.20% | CB=0.714
2025-09-16 11:48:58,660 - INFO - Production Final: Sharpe=1.803 | Hit=54.2% | Return=20.73% | CB=2.483
2025-09-16 11:48:58,660 - INFO - Full Timeline Final: Sharpe=1.439 | Hit=52.6% | Return=19.84% | CB=0.738
2025-09-16 11:48:58,660 - INFO - ============================================================
2025-09-16 11:48:58,660 - INFO - EXPORTING PRODUCTION MODELS (Consolidated File)
2025-09-16 11:48:58,660 - INFO - ============================================================
2025-09-16 11:48:58,660 - INFO - Backtest results keys: ['full_timeline_metrics', 'training_metrics', 'production_metrics', 'model_selection_history', 'fold_results', 'full_timeline_returns', 'training_returns', 'production_returns', 'full_timeline_predictions', 'full_timeline_dates', 'cutoff_fold', 'training_folds', 'production_folds']
2025-09-16 11:48:58,660 - INFO - Model selection history length: 12
2025-09-16 11:48:58,660 - INFO - Final selection keys: ['fold', 'selection_based_on_fold', 'selected_models', 'avg_q_score', 'period_type']
2025-09-16 11:48:58,660 - INFO - Final fold selected models: [196, 80, 102, 12, 46, 159, 169, 104, 85, 115]
2025-09-16 11:48:58,660 - INFO - All fold results type: <class 'dict'>
2025-09-16 11:48:58,660 - INFO - All fold results keys/length: ['fold_1', 'fold_2', 'fold_3', 'fold_4', 'fold_5', 'fold_6', 'fold_7', 'fold_8', 'fold_9', 'fold_10', 'fold_11', 'fold_12', 'fold_13']
2025-09-16 11:48:58,660 - INFO - Using fold fold_9 as final fold
2025-09-16 11:48:58,661 - INFO - Final fold keys: ['results_df', 'model_metrics', 'oos_predictions', 'test_idx', 'trained_models', 'model_specs']
2025-09-16 11:48:58,661 - INFO - Trained models available: [0, 1, 2, 3, 4, 5, 6, 7, 8, 9, 10, 11, 12, 13, 14, 15, 16, 17, 18, 19, 20, 21, 22, 23, 24, 25, 26, 27, 28, 29, 30, 31, 32, 33, 34, 35, 36, 37, 38, 39, 40, 41, 42, 43, 44, 45, 46, 47, 48, 49, 50, 51, 52, 53, 54, 55, 56, 57, 58, 59, 60, 61, 62, 63, 64, 65, 66, 67, 68, 69, 70, 71, 72, 73, 74, 75, 76, 77, 78, 79, 80, 81, 82, 83, 84, 85, 86, 87, 88, 89, 90, 91, 92, 93, 94, 95, 96, 97, 98, 99, 100, 101, 102, 103, 104, 105, 106, 107, 108, 109, 110, 111, 112, 113, 114, 115, 116, 117, 118, 119, 120, 121, 122, 123, 124, 125, 126, 127, 128, 129, 130, 131, 132, 133, 134, 135, 136, 137, 138, 139, 140, 141, 142, 143, 144, 145, 146, 147, 148, 149, 150, 151, 152, 153, 154, 155, 156, 157, 158, 159, 160, 161, 162, 163, 164, 165, 166, 167, 168, 169, 170, 171, 172, 173, 174, 175, 176, 177, 178, 179, 180, 181, 182, 183, 184, 185, 186, 187, 188, 189, 190, 191, 192, 193, 194, 195, 196, 197, 198, 199]
2025-09-16 11:48:58,661 - INFO - Added model M196 -> model_01 with all 250 features (framework standard)
2025-09-16 11:48:58,661 - INFO - Added model M80 -> model_02 with all 250 features (framework standard)
2025-09-16 11:48:58,661 - INFO - Added model M102 -> model_03 with all 250 features (framework standard)
2025-09-16 11:48:58,661 - INFO - Added model M12 -> model_04 with all 250 features (framework standard)
2025-09-16 11:48:58,661 - INFO - Added model M46 -> model_05 with all 250 features (framework standard)
2025-09-16 11:48:58,661 - INFO - Added model M159 -> model_06 with all 250 features (framework standard)
2025-09-16 11:48:58,661 - INFO - Added model M169 -> model_07 with all 250 features (framework standard)
2025-09-16 11:48:58,661 - INFO - Added model M104 -> model_08 with all 250 features (framework standard)
2025-09-16 11:48:58,661 - INFO - Added model M85 -> model_09 with all 250 features (framework standard)
2025-09-16 11:48:58,661 - INFO - Added model M115 -> model_10 with all 250 features (framework standard)
2025-09-16 11:48:58,661 - INFO - Extracted 10 selected models
2025-09-16 11:48:58,675 - INFO - SUCCESS: Exported 10 selected models to C:\Users\zhang\Desktop\Steve\bond_ls_xgb_grope_full_v6\PROD\models\@S#C_production.pkl
2025-09-16 11:48:58,676 - INFO - File size: 2,928,864 bytes
2025-09-16 11:48:58,676 - INFO - Selected features: 250 features
2025-09-16 11:48:58,676 - INFO - Selected models: [196, 80, 102, 12, 46, 159, 169, 104, 85, 115]
