2025-09-16 10:31:34,943 - INFO - ================================================================================
2025-09-16 10:31:34,943 - INFO - XGBoost Comparison Framework
2025-09-16 10:31:34,943 - INFO - ================================================================================
2025-09-16 10:31:34,943 - INFO - Configuration:
2025-09-16 10:31:34,943 - INFO -   Target Symbol: @W#C
2025-09-16 10:31:34,943 - INFO -   Date Range: 2015-01-01 to 2025-08-01
2025-09-16 10:31:34,943 - INFO -   Models: 150, Type: standard
2025-09-16 10:31:34,943 - INFO -   Folds: 15
2025-09-16 10:31:34,943 - INFO -   Max Features: 250 (Limited)
2025-09-16 10:31:34,943 - INFO -   Feature Selection: Enabled
2025-09-16 10:31:34,943 - INFO -   Inner Val Fraction: 0.2
2025-09-16 10:31:34,943 - INFO -   EWMA Alpha: 0.1, Quality Halflife: 63 days
2025-09-16 10:31:34,943 - INFO -   Signal Type: Tanh Normalized
2025-09-16 10:31:34,943 - INFO -   Cross-validation: Expanding window
2025-09-16 10:31:34,943 - INFO -   Production: Cutoff=0.6, Top N=8, Q-Metric=sharpe
2025-09-16 10:31:34,943 - INFO -   Reselection: Every 1 fold(s)
2025-09-16 10:31:34,943 - INFO - 
2025-09-16 10:31:40,778 - INFO - Dropped 74 rows due to NaN in target column @W#C_target_return
2025-09-16 10:31:40,980 - INFO - Loaded: X=(2661, 1906), y=(2661,)
2025-09-16 10:32:13,485 - INFO - Selected 250 features (threshold: 0.7)
2025-09-16 10:32:13,498 - INFO - Selected: 250 features
2025-09-16 10:32:14,438 - INFO - GPU detection: CUDA GPU available and working
2025-09-16 10:32:14,438 - INFO - Processing mode: GPU sequential (GPU: True, Total models: 2250)
2025-09-16 10:32:14,743 - INFO - GPU detection: CUDA GPU available and working
2025-09-16 10:32:14,746 - INFO - Using expanding window
2025-09-16 10:32:14,746 - INFO - Starting analysis: 150 standard models x 13 folds
2025-09-16 10:32:14,746 - INFO - Processing Fold 1/13
2025-09-16 10:32:14,754 - INFO -   Using GPU sequential processing
2025-09-16 10:37:46,301 - INFO - Fold 1 Summary:
2025-09-16 10:37:46,301 - INFO -   Best OOS Sharpe: M20 (2.056, p=0.090)
2025-09-16 10:37:46,301 - INFO -   Best Q-Sharpe:  M20 (2.056, OOS_Sharpe=2.056, OOS_Hit=0.548)
2025-09-16 10:37:46,301 - INFO -   Mean OOS Sharpe: -0.366, Mean Hit: 0.466
2025-09-16 10:37:46,301 - INFO - 
2025-09-16 10:37:46,308 - INFO - Stored 150 trained models for production export
2025-09-16 10:37:46,308 - INFO - Processing Fold 2/13
2025-09-16 10:37:46,315 - INFO -   Using GPU sequential processing
2025-09-16 10:43:34,389 - INFO - Fold 2 Summary:
2025-09-16 10:43:34,389 - INFO -   Best OOS Sharpe: M76 (0.837, p=0.440)
2025-09-16 10:43:34,389 - INFO -   Best Q-Sharpe:  M20 (1.653, OOS_Sharpe=-1.972, OOS_Hit=0.418)
2025-09-16 10:43:34,389 - INFO -   Mean OOS Sharpe: -1.308, Mean Hit: 0.464
2025-09-16 10:43:34,389 - INFO - 
2025-09-16 10:43:34,396 - INFO - Stored 150 trained models for production export
2025-09-16 10:43:34,396 - INFO - Processing Fold 3/13
2025-09-16 10:43:34,402 - INFO -   Using GPU sequential processing
2025-09-16 10:49:30,832 - INFO - Fold 3 Summary:
2025-09-16 10:49:30,832 - INFO -   Best OOS Sharpe: M08 (3.091, p=0.010)
2025-09-16 10:49:30,832 - INFO -   Best Q-Sharpe:  M20 (1.573, OOS_Sharpe=0.853, OOS_Hit=0.486)
2025-09-16 10:49:30,832 - INFO -   Mean OOS Sharpe: 0.526, Mean Hit: 0.506
2025-09-16 10:49:30,832 - INFO - 
2025-09-16 10:49:30,838 - INFO - Stored 150 trained models for production export
2025-09-16 10:49:30,839 - INFO - Processing Fold 4/13
2025-09-16 10:49:30,845 - INFO -   Using GPU sequential processing
2025-09-16 10:55:42,548 - INFO - Fold 4 Summary:
2025-09-16 10:55:42,548 - INFO -   Best OOS Sharpe: M144 (2.835, p=0.030)
2025-09-16 10:55:42,549 - INFO -   Best Q-Sharpe:  M20 (1.493, OOS_Sharpe=0.770, OOS_Hit=0.503)
2025-09-16 10:55:42,550 - INFO -   Mean OOS Sharpe: 0.141, Mean Hit: 0.492
2025-09-16 10:55:42,550 - INFO - 
2025-09-16 10:55:42,566 - INFO - Stored 150 trained models for production export
2025-09-16 10:55:42,566 - INFO - Processing Fold 5/13
2025-09-16 10:55:42,575 - INFO -   Using GPU sequential processing
2025-09-16 11:02:13,424 - INFO - Fold 5 Summary:
2025-09-16 11:02:13,425 - INFO -   Best OOS Sharpe: M145 (4.425, p=0.000)
2025-09-16 11:02:13,425 - INFO -   Best Q-Sharpe:  M20 (1.465, OOS_Sharpe=1.218, OOS_Hit=0.508)
2025-09-16 11:02:13,425 - INFO -   Mean OOS Sharpe: 1.233, Mean Hit: 0.533
2025-09-16 11:02:13,425 - INFO - 
2025-09-16 11:02:13,431 - INFO - Stored 150 trained models for production export
2025-09-16 11:02:13,431 - INFO - Processing Fold 6/13
2025-09-16 11:02:13,439 - INFO -   Using GPU sequential processing
2025-09-16 11:09:13,025 - INFO - Fold 6 Summary:
2025-09-16 11:09:13,025 - INFO -   Best OOS Sharpe: M24 (2.484, p=0.050)
2025-09-16 11:09:13,025 - INFO -   Best Q-Sharpe:  M20 (1.337, OOS_Sharpe=0.181, OOS_Hit=0.463)
2025-09-16 11:09:13,025 - INFO -   Mean OOS Sharpe: -0.133, Mean Hit: 0.496
2025-09-16 11:09:13,025 - INFO - 
2025-09-16 11:09:13,033 - INFO - Stored 150 trained models for production export
2025-09-16 11:09:13,033 - INFO - Processing Fold 7/13
2025-09-16 11:09:13,053 - INFO -   Using GPU sequential processing
2025-09-16 11:16:12,757 - INFO - Fold 7 Summary:
2025-09-16 11:16:12,757 - INFO -   Best OOS Sharpe: M107 (2.949, p=0.010)
2025-09-16 11:16:12,757 - INFO -   Best Q-Sharpe:  M20 (1.226, OOS_Sharpe=0.224, OOS_Hit=0.503)
2025-09-16 11:16:12,757 - INFO -   Mean OOS Sharpe: 0.732, Mean Hit: 0.511
2025-09-16 11:16:12,757 - INFO - 
2025-09-16 11:16:12,765 - INFO - Stored 150 trained models for production export
2025-09-16 11:16:12,765 - INFO - Processing Fold 8/13
2025-09-16 11:16:12,774 - INFO -   Using GPU sequential processing
2025-09-16 11:22:01,166 - INFO - Fold 8 Summary:
2025-09-16 11:22:01,166 - INFO -   Best OOS Sharpe: M00 (1.619, p=0.180)
2025-09-16 11:22:01,166 - INFO -   Best Q-Sharpe:  M20 (0.938, OOS_Sharpe=-1.655, OOS_Hit=0.446)
2025-09-16 11:22:01,166 - INFO -   Mean OOS Sharpe: -0.938, Mean Hit: 0.499
2025-09-16 11:22:01,166 - INFO - 
2025-09-16 11:22:01,173 - INFO - Stored 150 trained models for production export
2025-09-16 11:22:01,173 - INFO - Processing Fold 9/13
2025-09-16 11:22:01,183 - INFO -   Using GPU sequential processing
2025-09-16 11:26:22,419 - INFO - Fold 9 Summary:
2025-09-16 11:26:22,419 - INFO -   Best OOS Sharpe: M124 (3.927, p=0.000)
2025-09-16 11:26:22,419 - INFO -   Best Q-Sharpe:  M28 (0.980, OOS_Sharpe=2.865, OOS_Hit=0.475)
2025-09-16 11:26:22,419 - INFO -   Mean OOS Sharpe: 1.686, Mean Hit: 0.526
2025-09-16 11:26:22,419 - INFO - 
2025-09-16 11:26:22,426 - INFO - Stored 150 trained models for production export
2025-09-16 11:26:22,426 - INFO - Processing Fold 10/13
2025-09-16 11:26:22,434 - INFO -   Using GPU sequential processing
2025-09-16 11:30:05,283 - INFO - Fold 10 Summary:
2025-09-16 11:30:05,283 - INFO -   Best OOS Sharpe: M107 (2.749, p=0.020)
2025-09-16 11:30:05,283 - INFO -   Best Q-Sharpe:  M02 (0.943, OOS_Sharpe=1.320, OOS_Hit=0.503)
2025-09-16 11:30:05,283 - INFO -   Mean OOS Sharpe: -0.128, Mean Hit: 0.491
2025-09-16 11:30:05,283 - INFO - 
2025-09-16 11:30:05,291 - INFO - Stored 150 trained models for production export
2025-09-16 11:30:05,291 - INFO - Processing Fold 11/13
2025-09-16 11:30:05,301 - INFO -   Using GPU sequential processing
2025-09-16 11:33:31,046 - INFO - Fold 11 Summary:
2025-09-16 11:33:31,046 - INFO -   Best OOS Sharpe: M38 (5.196, p=0.000)
2025-09-16 11:33:31,046 - INFO -   Best Q-Sharpe:  M28 (0.985, OOS_Sharpe=1.370, OOS_Hit=0.548)
2025-09-16 11:33:31,046 - INFO -   Mean OOS Sharpe: 1.440, Mean Hit: 0.564
2025-09-16 11:33:31,046 - INFO - 
2025-09-16 11:33:31,053 - INFO - Stored 150 trained models for production export
2025-09-16 11:33:31,053 - INFO - Processing Fold 12/13
2025-09-16 11:33:31,063 - INFO -   Using GPU sequential processing
2025-09-16 11:36:58,457 - INFO - Fold 12 Summary:
2025-09-16 11:36:58,457 - INFO -   Best OOS Sharpe: M20 (2.823, p=0.020)
2025-09-16 11:36:58,458 - INFO -   Best Q-Sharpe:  M20 (1.035, OOS_Sharpe=2.823, OOS_Hit=0.571)
2025-09-16 11:36:58,458 - INFO -   Mean OOS Sharpe: 0.536, Mean Hit: 0.517
2025-09-16 11:36:58,458 - INFO - 
2025-09-16 11:36:58,466 - INFO - Stored 150 trained models for production export
2025-09-16 11:36:58,466 - INFO - Processing Fold 13/13
2025-09-16 11:36:58,476 - INFO -   Using GPU sequential processing
2025-09-16 11:40:30,082 - INFO - Fold 13 Summary:
2025-09-16 11:40:30,082 - INFO -   Best OOS Sharpe: M144 (3.105, p=0.000)
2025-09-16 11:40:30,082 - INFO -   Best Q-Sharpe:  M20 (1.009, OOS_Sharpe=0.772, OOS_Hit=0.514)
2025-09-16 11:40:30,082 - INFO -   Mean OOS Sharpe: 0.692, Mean Hit: 0.510
2025-09-16 11:40:30,082 - INFO - 
2025-09-16 11:40:30,089 - INFO - Stored 150 trained models for production export
2025-09-16 11:40:30,089 - INFO - Starting full timeline backtesting...
2025-09-16 11:40:30,089 - INFO - Running full timeline backtest with 13 folds (0-based indexing)
2025-09-16 11:40:30,089 - INFO - Fold 0 skipped (no prior Q-score history for meaningful selection)
2025-09-16 11:40:30,089 - INFO - Effective backtest period: Folds 1-12 (12 folds)
2025-09-16 11:40:30,089 - INFO - Training period: Folds 1-7
2025-09-16 11:40:30,089 - INFO - Production period: Folds 8-12
2025-09-16 11:40:30,089 - INFO - Using consistent OOS methodology for all folds
2025-09-16 11:40:30,090 - INFO - Fold 0: Skipped (no prior Q-score history for meaningful selection)
2025-09-16 11:40:30,090 - INFO - 
--- Processing fold 1/12 ---
2025-09-16 11:40:30,142 - INFO - Fold 1: Q-scores from fold 0: ['M00:-0.289', 'M01:-1.690', 'M02:1.044', 'M03:-0.739', 'M04:-1.524']...
2025-09-16 11:40:30,142 - INFO - Fold 1: Selected models [20, 61, 28, 99, 24, 2, 125, 14] based on fold 0 Q-scores, avg Q-score: 1.263
2025-09-16 11:40:30,144 - INFO - Fold 1 (Training): Sharpe=-2.207, Hit=41.8%
2025-09-16 11:40:30,144 - INFO - 
--- Processing fold 2/12 ---
2025-09-16 11:40:30,182 - INFO - Fold 2: Q-scores from fold 1: ['M00:-0.429', 'M01:-1.515', 'M02:0.831', 'M03:-0.936', 'M04:-1.480']...
2025-09-16 11:40:30,182 - INFO - Fold 2: Selected models [20, 99, 28, 61, 2, 24, 127, 82] based on fold 1 Q-scores, avg Q-score: 0.980
2025-09-16 11:40:30,183 - INFO - Fold 2 (Training): Sharpe=0.679, Hit=53.1%
2025-09-16 11:40:30,184 - INFO - 
--- Processing fold 3/12 ---
2025-09-16 11:40:30,218 - INFO - Fold 3: Q-scores from fold 2: ['M00:-0.556', 'M01:-1.459', 'M02:0.758', 'M03:-0.896', 'M04:-1.303']...
2025-09-16 11:40:30,219 - INFO - Fold 3: Selected models [20, 99, 61, 28, 125, 2, 82, 131] based on fold 2 Q-scores, avg Q-score: 0.964
2025-09-16 11:40:30,220 - INFO - Fold 3 (Training): Sharpe=0.743, Hit=49.7%
2025-09-16 11:40:30,220 - INFO - 
--- Processing fold 4/12 ---
2025-09-16 11:40:30,256 - INFO - Fold 4: Q-scores from fold 3: ['M00:-0.444', 'M01:-1.515', 'M02:0.691', 'M03:-0.869', 'M04:-1.149']...
2025-09-16 11:40:30,256 - INFO - Fold 4: Selected models [20, 99, 61, 28, 82, 125, 2, 131] based on fold 3 Q-scores, avg Q-score: 0.921
2025-09-16 11:40:30,258 - INFO - Fold 4 (Training): Sharpe=2.214, Hit=56.5%
2025-09-16 11:40:30,258 - INFO - 
--- Processing fold 5/12 ---
2025-09-16 11:40:30,293 - INFO - Fold 5: Q-scores from fold 4: ['M00:-0.193', 'M01:-1.189', 'M02:0.777', 'M03:-0.731', 'M04:-0.969']...
2025-09-16 11:40:30,293 - INFO - Fold 5: Selected models [20, 99, 61, 28, 81, 82, 2, 114] based on fold 4 Q-scores, avg Q-score: 1.006
2025-09-16 11:40:30,295 - INFO - Fold 5 (Training): Sharpe=-0.486, Hit=48.0%
2025-09-16 11:40:30,295 - INFO - 
--- Processing fold 6/12 ---
2025-09-16 11:40:30,332 - INFO - Fold 6: Q-scores from fold 5: ['M00:-0.231', 'M01:-1.038', 'M02:0.651', 'M03:-0.521', 'M04:-0.721']...
2025-09-16 11:40:30,332 - INFO - Fold 6: Selected models [20, 99, 28, 61, 114, 60, 125, 24] based on fold 5 Q-scores, avg Q-score: 0.906
2025-09-16 11:40:30,333 - INFO - Fold 6 (Training): Sharpe=0.494, Hit=53.1%
2025-09-16 11:40:30,333 - INFO - 
--- Processing fold 7/12 ---
2025-09-16 11:40:30,370 - INFO - Fold 7: Q-scores from fold 6: ['M00:-0.198', 'M01:-0.747', 'M02:0.764', 'M03:-0.564', 'M04:-0.842']...
2025-09-16 11:40:30,370 - INFO - Fold 7: Selected models [20, 99, 28, 61, 60, 2, 50, 24] based on fold 6 Q-scores, avg Q-score: 0.865
2025-09-16 11:40:30,372 - INFO - Fold 7 (Training): Sharpe=-1.959, Hit=44.6%
2025-09-16 11:40:30,372 - INFO - 
--- Processing fold 8/12 ---
2025-09-16 11:40:30,408 - INFO - Fold 8: Q-scores from fold 7: ['M00:-0.017', 'M01:-0.909', 'M02:0.587', 'M03:-0.640', 'M04:-0.769']...
2025-09-16 11:40:30,408 - INFO - Fold 8: Selected models [20, 28, 131, 99, 61, 60, 82, 2] based on fold 7 Q-scores, avg Q-score: 0.689
2025-09-16 11:40:30,410 - INFO - Fold 8 (Production): Sharpe=4.187, Hit=61.6%
2025-09-16 11:40:30,410 - INFO - 
--- Processing fold 9/12 ---
2025-09-16 11:40:30,448 - INFO - Fold 9: Q-scores from fold 8: ['M00:0.126', 'M01:-0.737', 'M02:0.901', 'M03:-0.391', 'M04:-0.715']...
2025-09-16 11:40:30,448 - INFO - Fold 9: Selected models [28, 20, 2, 61, 131, 60, 6, 127] based on fold 8 Q-scores, avg Q-score: 0.854
2025-09-16 11:40:30,450 - INFO - Fold 9 (Production): Sharpe=-0.180, Hit=48.0%
2025-09-16 11:40:30,450 - INFO - 
--- Processing fold 10/12 ---
2025-09-16 11:40:30,486 - INFO - Fold 10: Q-scores from fold 9: ['M00:0.205', 'M01:-0.638', 'M02:0.943', 'M03:-0.372', 'M04:-0.548']...
2025-09-16 11:40:30,486 - INFO - Fold 10: Selected models [2, 28, 107, 60, 20, 125, 131, 99] based on fold 9 Q-scores, avg Q-score: 0.802
2025-09-16 11:40:30,487 - INFO - Fold 10 (Production): Sharpe=1.850, Hit=57.6%
2025-09-16 11:40:30,488 - INFO - 
--- Processing fold 11/12 ---
2025-09-16 11:40:30,524 - INFO - Fold 11: Q-scores from fold 10: ['M00:0.148', 'M01:-0.560', 'M02:0.838', 'M03:-0.215', 'M04:-0.340']...
2025-09-16 11:40:30,524 - INFO - Fold 11: Selected models [28, 60, 2, 20, 131, 125, 99, 82] based on fold 10 Q-scores, avg Q-score: 0.844
2025-09-16 11:40:30,525 - INFO - Fold 11 (Production): Sharpe=1.047, Hit=50.3%
2025-09-16 11:40:30,526 - INFO - 
--- Processing fold 12/12 ---
2025-09-16 11:40:30,562 - INFO - Fold 12: Q-scores from fold 11: ['M00:0.289', 'M01:-0.518', 'M02:0.812', 'M03:-0.251', 'M04:-0.181']...
2025-09-16 11:40:30,562 - INFO - Fold 12: Selected models [20, 28, 92, 107, 108, 2, 30, 125] based on fold 11 Q-scores, avg Q-score: 0.853
2025-09-16 11:40:30,564 - INFO - Fold 12 (Production): Sharpe=1.261, Hit=48.1%
2025-09-16 11:40:30,565 - INFO - Training Period Overall: Sharpe=-0.188, Hit=49.6%
2025-09-16 11:40:30,566 - INFO - Production Period Overall: Sharpe=1.799, Hit=53.1%
2025-09-16 11:40:30,568 - INFO - Full Timeline Overall: Sharpe=0.855, Hit=51.0%
2025-09-16 11:40:30,568 - INFO - Training: Sharpe=-0.188 | Hit=49.6% | Return=-1.44%
2025-09-16 11:40:30,568 - INFO - Production: Sharpe=1.799 | Hit=53.1% | Return=22.42%
2025-09-16 11:40:30,568 - INFO - Full Timeline: Sharpe=0.855 | Hit=51.0% | Return=8.54%
2025-09-16 11:40:30,568 - INFO - Generating visualizations...
2025-09-16 11:40:30,568 - INFO - Creating clean visualizations for 150 models...
2025-09-16 11:40:33,641 - INFO - Clean fold-by-fold analysis saved to: 20250916_103134_fold_@W#C_150models_15folds_PROD_W_final.png
2025-09-16 11:40:36,896 - INFO - Detailed production analysis saved to: 20250916_103134_backtest_@W#C_150models_15folds_PROD_W_final.png
2025-09-16 11:40:36,896 - INFO - ================================================================================
2025-09-16 11:40:36,896 - INFO - BACKTEST SUMMARY
2025-09-16 11:40:36,896 - INFO - ================================================================================
2025-09-16 11:40:36,896 - INFO - Config: Cutoff=70%, Top N=5, Q-Metric=sharpe, Reselection=1 fold(s)
2025-09-16 11:40:36,896 - INFO - Model Selection History:
2025-09-16 11:40:36,896 - INFO -   Fold 1: M20, M61, M28, M99, M24, M02, M125, M14 (Avg Q-sharpe: 1.263)
2025-09-16 11:40:36,896 - INFO -   Fold 2: M20, M99, M28, M61, M02, M24, M127, M82 (Avg Q-sharpe: 0.980)
2025-09-16 11:40:36,896 - INFO -   Fold 3: M20, M99, M61, M28, M125, M02, M82, M131 (Avg Q-sharpe: 0.964)
2025-09-16 11:40:36,896 - INFO -   Fold 4: M20, M99, M61, M28, M82, M125, M02, M131 (Avg Q-sharpe: 0.921)
2025-09-16 11:40:36,896 - INFO -   Fold 5: M20, M99, M61, M28, M81, M82, M02, M114 (Avg Q-sharpe: 1.006)
2025-09-16 11:40:36,896 - INFO -   Fold 6: M20, M99, M28, M61, M114, M60, M125, M24 (Avg Q-sharpe: 0.906)
2025-09-16 11:40:36,896 - INFO -   Fold 7: M20, M99, M28, M61, M60, M02, M50, M24 (Avg Q-sharpe: 0.865)
2025-09-16 11:40:36,896 - INFO -   Fold 8: M20, M28, M131, M99, M61, M60, M82, M02 (Avg Q-sharpe: 0.689)
2025-09-16 11:40:36,896 - INFO -   Fold 9: M28, M20, M02, M61, M131, M60, M06, M127 (Avg Q-sharpe: 0.854)
2025-09-16 11:40:36,896 - INFO -   Fold 10: M02, M28, M107, M60, M20, M125, M131, M99 (Avg Q-sharpe: 0.802)
2025-09-16 11:40:36,897 - INFO -   Fold 11: M28, M60, M02, M20, M131, M125, M99, M82 (Avg Q-sharpe: 0.844)
2025-09-16 11:40:36,897 - INFO -   Fold 12: M20, M28, M92, M107, M108, M02, M30, M125 (Avg Q-sharpe: 0.853)
2025-09-16 11:40:36,897 - INFO - 
2025-09-16 11:40:36,897 - INFO - Fold-by-Fold Performance:
2025-09-16 11:40:36,897 - INFO -   Fold 1: M20, M61, M28, M99, M24, M02, M125, M14 | Sharpe=-2.207 | Hit=41.8% | Samples=177
2025-09-16 11:40:36,897 - INFO -   Fold 2: M20, M99, M28, M61, M02, M24, M127, M82 | Sharpe=0.679 | Hit=53.1% | Samples=177
2025-09-16 11:40:36,897 - INFO -   Fold 3: M20, M99, M61, M28, M125, M02, M82, M131 | Sharpe=0.743 | Hit=49.7% | Samples=177
2025-09-16 11:40:36,897 - INFO -   Fold 4: M20, M99, M61, M28, M82, M125, M02, M131 | Sharpe=2.214 | Hit=56.5% | Samples=177
2025-09-16 11:40:36,897 - INFO -   Fold 5: M20, M99, M61, M28, M81, M82, M02, M114 | Sharpe=-0.486 | Hit=48.0% | Samples=177
2025-09-16 11:40:36,897 - INFO -   Fold 6: M20, M99, M28, M61, M114, M60, M125, M24 | Sharpe=0.494 | Hit=53.1% | Samples=177
2025-09-16 11:40:36,897 - INFO -   Fold 7: M20, M99, M28, M61, M60, M02, M50, M24 | Sharpe=-1.959 | Hit=44.6% | Samples=177
2025-09-16 11:40:36,897 - INFO -   Fold 8: M20, M28, M131, M99, M61, M60, M82, M02 | Sharpe=4.187 | Hit=61.6% | Samples=177
2025-09-16 11:40:36,897 - INFO -   Fold 9: M28, M20, M02, M61, M131, M60, M06, M127 | Sharpe=-0.180 | Hit=48.0% | Samples=177
2025-09-16 11:40:36,897 - INFO -   Fold 10: M02, M28, M107, M60, M20, M125, M131, M99 | Sharpe=1.850 | Hit=57.6% | Samples=177
2025-09-16 11:40:36,897 - INFO -   Fold 11: M28, M60, M02, M20, M131, M125, M99, M82 | Sharpe=1.047 | Hit=50.3% | Samples=177
2025-09-16 11:40:36,897 - INFO -   Fold 12: M20, M28, M92, M107, M108, M02, M30, M125 | Sharpe=1.261 | Hit=48.1% | Samples=183
2025-09-16 11:40:36,897 - INFO - ================================================================================
2025-09-16 11:40:36,897 - INFO - ================================================================================
2025-09-16 11:40:36,897 - INFO - ANALYSIS COMPLETED SUCCESSFULLY!
2025-09-16 11:40:36,897 - INFO - ================================================================================
2025-09-16 11:40:36,897 - INFO - Generated 2 visualization files
2025-09-16 11:40:36,897 - INFO -   - 20250916_103134_fold_@W#C_150models_15folds_PROD_W_final.png
2025-09-16 11:40:36,897 - INFO -   - 20250916_103134_backtest_@W#C_150models_15folds_PROD_W_final.png
2025-09-16 11:40:36,897 - INFO - Training Final: Sharpe=-0.188 | Hit=49.6% | Return=-1.44% | CB=-0.086
2025-09-16 11:40:36,897 - INFO - Production Final: Sharpe=1.799 | Hit=53.1% | Return=22.42% | CB=2.463
2025-09-16 11:40:36,897 - INFO - Full Timeline Final: Sharpe=0.855 | Hit=51.0% | Return=8.54% | CB=0.512
2025-09-16 11:40:36,898 - INFO - ============================================================
2025-09-16 11:40:36,898 - INFO - EXPORTING PRODUCTION MODELS (Consolidated File)
2025-09-16 11:40:36,898 - INFO - ============================================================
2025-09-16 11:40:36,898 - INFO - Backtest results keys: ['full_timeline_metrics', 'training_metrics', 'production_metrics', 'model_selection_history', 'fold_results', 'full_timeline_returns', 'training_returns', 'production_returns', 'full_timeline_predictions', 'full_timeline_dates', 'cutoff_fold', 'training_folds', 'production_folds']
2025-09-16 11:40:36,898 - INFO - Model selection history length: 12
2025-09-16 11:40:36,898 - INFO - Final selection keys: ['fold', 'selection_based_on_fold', 'selected_models', 'avg_q_score', 'period_type']
2025-09-16 11:40:36,898 - INFO - Final fold selected models: [20, 28, 92, 107, 108, 2, 30, 125]
2025-09-16 11:40:36,898 - INFO - All fold results type: <class 'dict'>
2025-09-16 11:40:36,898 - INFO - All fold results keys/length: ['fold_1', 'fold_2', 'fold_3', 'fold_4', 'fold_5', 'fold_6', 'fold_7', 'fold_8', 'fold_9', 'fold_10', 'fold_11', 'fold_12', 'fold_13']
2025-09-16 11:40:36,898 - INFO - Using fold fold_9 as final fold
2025-09-16 11:40:36,898 - INFO - Final fold keys: ['results_df', 'model_metrics', 'oos_predictions', 'test_idx', 'trained_models', 'model_specs']
2025-09-16 11:40:36,898 - INFO - Trained models available: [0, 1, 2, 3, 4, 5, 6, 7, 8, 9, 10, 11, 12, 13, 14, 15, 16, 17, 18, 19, 20, 21, 22, 23, 24, 25, 26, 27, 28, 29, 30, 31, 32, 33, 34, 35, 36, 37, 38, 39, 40, 41, 42, 43, 44, 45, 46, 47, 48, 49, 50, 51, 52, 53, 54, 55, 56, 57, 58, 59, 60, 61, 62, 63, 64, 65, 66, 67, 68, 69, 70, 71, 72, 73, 74, 75, 76, 77, 78, 79, 80, 81, 82, 83, 84, 85, 86, 87, 88, 89, 90, 91, 92, 93, 94, 95, 96, 97, 98, 99, 100, 101, 102, 103, 104, 105, 106, 107, 108, 109, 110, 111, 112, 113, 114, 115, 116, 117, 118, 119, 120, 121, 122, 123, 124, 125, 126, 127, 128, 129, 130, 131, 132, 133, 134, 135, 136, 137, 138, 139, 140, 141, 142, 143, 144, 145, 146, 147, 148, 149]
2025-09-16 11:40:36,898 - INFO - Added model M20 -> model_01 with all 250 features (framework standard)
2025-09-16 11:40:36,898 - INFO - Added model M28 -> model_02 with all 250 features (framework standard)
2025-09-16 11:40:36,898 - INFO - Added model M92 -> model_03 with all 250 features (framework standard)
2025-09-16 11:40:36,898 - INFO - Added model M107 -> model_04 with all 250 features (framework standard)
2025-09-16 11:40:36,898 - INFO - Added model M108 -> model_05 with all 250 features (framework standard)
2025-09-16 11:40:36,898 - INFO - Added model M02 -> model_06 with all 250 features (framework standard)
2025-09-16 11:40:36,898 - INFO - Added model M30 -> model_07 with all 250 features (framework standard)
2025-09-16 11:40:36,899 - INFO - Added model M125 -> model_08 with all 250 features (framework standard)
2025-09-16 11:40:36,899 - INFO - Extracted 8 selected models
2025-09-16 11:40:36,910 - INFO - SUCCESS: Exported 8 selected models to C:\Users\zhang\Desktop\Steve\bond_ls_xgb_grope_full_v6\PROD\models\@W#C_production.pkl
2025-09-16 11:40:36,910 - INFO - File size: 2,262,054 bytes
2025-09-16 11:40:36,910 - INFO - Selected features: 250 features
2025-09-16 11:40:36,910 - INFO - Selected models: [20, 28, 92, 107, 108, 2, 30, 125]
