2025-09-16 19:06:32,316 - INFO - ================================================================================
2025-09-16 19:06:32,316 - INFO - XGBoost Comparison Framework
2025-09-16 19:06:32,316 - INFO - ================================================================================
2025-09-16 19:06:32,316 - INFO - Configuration:
2025-09-16 19:06:32,316 - INFO -   Target Symbol: QCL#C
2025-09-16 19:06:32,316 - INFO -   Date Range: 2015-01-01 to 2025-08-01
2025-09-16 19:06:32,316 - INFO -   Models: 100, Type: standard
2025-09-16 19:06:32,316 - INFO -   Folds: 15
2025-09-16 19:06:32,316 - INFO -   Max Features: 100 (Limited)
2025-09-16 19:06:32,316 - INFO -   Feature Selection: Enabled
2025-09-16 19:06:32,316 - INFO -   Inner Val Fraction: 0.2
2025-09-16 19:06:32,316 - INFO -   EWMA Alpha: 0.1, Quality Halflife: 63 days
2025-09-16 19:06:32,316 - INFO -   Signal Type: Tanh Normalized
2025-09-16 19:06:32,316 - INFO -   Cross-validation: Expanding window
2025-09-16 19:06:32,316 - INFO -   Production: Cutoff=0.6, Top N=5, Q-Metric=sharpe
2025-09-16 19:06:32,316 - INFO -   Reselection: Every 1 fold(s)
2025-09-16 19:06:32,316 - INFO -   COVID Period: SKIPPED (Mar 2020 - May 2020 excluded from backtest PnL)
2025-09-16 19:06:32,316 - INFO - 
2025-09-16 19:06:42,294 - INFO - Dropped 6 rows due to NaN in target column QCL#C_target_return
2025-09-16 19:06:42,448 - INFO - Loaded: X=(2729, 1906), y=(2729,)
