2025-09-16 08:47:09,723 - INFO - ================================================================================
2025-09-16 08:47:09,723 - INFO - XGBoost Comparison Framework
2025-09-16 08:47:09,723 - INFO - ================================================================================
2025-09-16 08:47:09,724 - INFO - Configuration:
2025-09-16 08:47:09,724 - INFO -   Target Symbol: BL#C
2025-09-16 08:47:09,724 - INFO -   Date Range: 2015-01-01 to 2025-08-01
2025-09-16 08:47:09,724 - INFO -   Models: 150, Type: tiered
2025-09-16 08:47:09,724 - INFO -   Folds: 15
2025-09-16 08:47:09,724 - INFO -   Max Features: 100 (Limited)
2025-09-16 08:47:09,724 - INFO -   Feature Selection: Enabled
2025-09-16 08:47:09,724 - INFO -   Inner Val Fraction: 0.2
2025-09-16 08:47:09,724 - INFO -   EWMA Alpha: 0.1, Quality Halflife: 63 days
2025-09-16 08:47:09,724 - INFO -   Signal Type: Tanh Normalized
2025-09-16 08:47:09,724 - INFO -   Cross-validation: Expanding window
2025-09-16 08:47:09,724 - INFO -   Production: Cutoff=0.6, Top N=8, Q-Metric=sharpe
2025-09-16 08:47:09,724 - INFO -   Reselection: Every 1 fold(s)
2025-09-16 08:47:09,724 - INFO - 
2025-09-16 08:47:15,707 - INFO - Dropped 40 rows due to NaN in target column BL#C_target_return
2025-09-16 08:47:15,980 - INFO - Loaded: X=(2695, 1906), y=(2695,)
2025-09-16 08:47:40,738 - INFO - Selected 100 features (threshold: 0.7)
2025-09-16 08:47:40,751 - INFO - Selected: 100 features
2025-09-16 08:47:41,130 - INFO - GPU detection: CUDA GPU available and working
2025-09-16 08:47:41,130 - INFO - Processing mode: GPU sequential (GPU: True, Total models: 2250)
2025-09-16 08:47:41,321 - INFO - GPU detection: CUDA GPU available and working
2025-09-16 08:47:41,331 - INFO - Using expanding window
2025-09-16 08:47:41,332 - INFO - Starting analysis: 150 tiered models x 13 folds
2025-09-16 08:47:41,332 - INFO - Processing Fold 1/13
2025-09-16 08:47:41,335 - INFO -   Using GPU sequential processing
2025-09-16 08:54:17,168 - INFO - Fold 1 Summary:
2025-09-16 08:54:17,168 - INFO -   Best OOS Sharpe: M07 (4.599, p=0.000)
2025-09-16 08:54:17,168 - INFO -   Best Q-Sharpe:  M07 (4.599, OOS_Sharpe=4.599, OOS_Hit=0.631)
2025-09-16 08:54:17,168 - INFO -   Mean OOS Sharpe: 2.802, Mean Hit: 0.533
2025-09-16 08:54:17,168 - INFO - 
2025-09-16 08:54:17,187 - INFO - Stored 150 trained models for production export
2025-09-16 08:54:17,188 - INFO - Processing Fold 2/13
2025-09-16 08:54:17,193 - INFO -   Using GPU sequential processing
2025-09-16 09:02:14,671 - INFO - Fold 2 Summary:
2025-09-16 09:02:14,671 - INFO -   Best OOS Sharpe: M25 (1.701, p=0.200)
2025-09-16 09:02:14,671 - INFO -   Best Q-Sharpe:  M07 (4.047, OOS_Sharpe=-0.921, OOS_Hit=0.436)
2025-09-16 09:02:14,671 - INFO -   Mean OOS Sharpe: -0.765, Mean Hit: 0.453
2025-09-16 09:02:14,671 - INFO - 
2025-09-16 09:02:14,684 - INFO - Stored 150 trained models for production export
2025-09-16 09:02:14,684 - INFO - Processing Fold 3/13
2025-09-16 09:02:14,693 - INFO -   Using GPU sequential processing
2025-09-16 09:10:34,734 - INFO - Fold 3 Summary:
2025-09-16 09:10:34,734 - INFO -   Best OOS Sharpe: M136 (3.542, p=0.000)
2025-09-16 09:10:34,734 - INFO -   Best Q-Sharpe:  M07 (3.759, OOS_Sharpe=1.174, OOS_Hit=0.464)
2025-09-16 09:10:34,734 - INFO -   Mean OOS Sharpe: 1.180, Mean Hit: 0.486
2025-09-16 09:10:34,734 - INFO - 
2025-09-16 09:10:34,749 - INFO - Stored 150 trained models for production export
2025-09-16 09:10:34,750 - INFO - Processing Fold 4/13
2025-09-16 09:10:34,753 - INFO -   Using GPU sequential processing
2025-09-16 09:19:38,132 - INFO - Fold 4 Summary:
2025-09-16 09:19:38,132 - INFO -   Best OOS Sharpe: M23 (3.933, p=0.000)
2025-09-16 09:19:38,132 - INFO -   Best Q-Sharpe:  M07 (3.683, OOS_Sharpe=2.996, OOS_Hit=0.575)
2025-09-16 09:19:38,132 - INFO -   Mean OOS Sharpe: 1.955, Mean Hit: 0.537
2025-09-16 09:19:38,132 - INFO - 
2025-09-16 09:19:38,137 - INFO - Stored 150 trained models for production export
2025-09-16 09:19:38,137 - INFO - Processing Fold 5/13
2025-09-16 09:19:38,139 - INFO -   Using GPU sequential processing
2025-09-16 09:28:22,614 - INFO - Fold 5 Summary:
2025-09-16 09:28:22,615 - INFO -   Best OOS Sharpe: M44 (2.920, p=0.020)
2025-09-16 09:28:22,615 - INFO -   Best Q-Sharpe:  M07 (3.429, OOS_Sharpe=1.144, OOS_Hit=0.492)
2025-09-16 09:28:22,615 - INFO -   Mean OOS Sharpe: 1.007, Mean Hit: 0.506
2025-09-16 09:28:22,615 - INFO - 
2025-09-16 09:28:22,619 - INFO - Stored 150 trained models for production export
2025-09-16 09:28:22,619 - INFO - Processing Fold 6/13
2025-09-16 09:28:22,623 - INFO -   Using GPU sequential processing
2025-09-16 09:36:49,710 - INFO - Fold 6 Summary:
2025-09-16 09:36:49,710 - INFO -   Best OOS Sharpe: M05 (3.944, p=0.000)
2025-09-16 09:36:49,711 - INFO -   Best Q-Sharpe:  M135 (3.176, OOS_Sharpe=2.189, OOS_Hit=0.536)
2025-09-16 09:36:49,711 - INFO -   Mean OOS Sharpe: 2.151, Mean Hit: 0.558
2025-09-16 09:36:49,711 - INFO - 
2025-09-16 09:36:49,718 - INFO - Stored 150 trained models for production export
2025-09-16 09:36:49,718 - INFO - Processing Fold 7/13
2025-09-16 09:36:49,722 - INFO -   Using GPU sequential processing
2025-09-16 09:44:38,166 - INFO - Fold 7 Summary:
2025-09-16 09:44:38,167 - INFO -   Best OOS Sharpe: M122 (2.855, p=0.010)
2025-09-16 09:44:38,167 - INFO -   Best Q-Sharpe:  M135 (2.930, OOS_Sharpe=0.712, OOS_Hit=0.503)
2025-09-16 09:44:38,167 - INFO -   Mean OOS Sharpe: 0.690, Mean Hit: 0.494
2025-09-16 09:44:38,167 - INFO - 
2025-09-16 09:44:38,173 - INFO - Stored 150 trained models for production export
2025-09-16 09:44:38,173 - INFO - Processing Fold 8/13
2025-09-16 09:44:38,178 - INFO -   Using GPU sequential processing
2025-09-16 09:52:07,021 - INFO - Fold 8 Summary:
2025-09-16 09:52:07,021 - INFO -   Best OOS Sharpe: M118 (3.017, p=0.000)
2025-09-16 09:52:07,021 - INFO -   Best Q-Sharpe:  M135 (2.807, OOS_Sharpe=1.704, OOS_Hit=0.480)
2025-09-16 09:52:07,021 - INFO -   Mean OOS Sharpe: 1.272, Mean Hit: 0.487
2025-09-16 09:52:07,021 - INFO - 
2025-09-16 09:52:07,028 - INFO - Stored 150 trained models for production export
2025-09-16 09:52:07,028 - INFO - Processing Fold 9/13
2025-09-16 09:52:07,033 - INFO -   Using GPU sequential processing
2025-09-16 09:58:36,686 - INFO - Fold 9 Summary:
2025-09-16 09:58:36,687 - INFO -   Best OOS Sharpe: M04 (4.261, p=0.000)
2025-09-16 09:58:36,687 - INFO -   Best Q-Sharpe:  M56 (2.724, OOS_Sharpe=3.539, OOS_Hit=0.564)
2025-09-16 09:58:36,687 - INFO -   Mean OOS Sharpe: 2.085, Mean Hit: 0.514
2025-09-16 09:58:36,687 - INFO - 
2025-09-16 09:58:36,692 - INFO - Stored 150 trained models for production export
2025-09-16 09:58:36,693 - INFO - Processing Fold 10/13
2025-09-16 09:58:36,697 - INFO -   Using GPU sequential processing
2025-09-16 10:05:02,656 - INFO - Fold 10 Summary:
2025-09-16 10:05:02,656 - INFO -   Best OOS Sharpe: M61 (5.065, p=0.000)
2025-09-16 10:05:02,656 - INFO -   Best Q-Sharpe:  M56 (2.906, OOS_Sharpe=4.538, OOS_Hit=0.575)
2025-09-16 10:05:02,656 - INFO -   Mean OOS Sharpe: 3.009, Mean Hit: 0.581
2025-09-16 10:05:02,656 - INFO - 
2025-09-16 10:05:02,662 - INFO - Stored 150 trained models for production export
2025-09-16 10:05:02,662 - INFO - Processing Fold 11/13
2025-09-16 10:05:02,667 - INFO -   Using GPU sequential processing
2025-09-16 10:12:57,748 - INFO - Fold 11 Summary:
2025-09-16 10:12:57,748 - INFO -   Best OOS Sharpe: M14 (3.723, p=0.000)
2025-09-16 10:12:57,749 - INFO -   Best Q-Sharpe:  M56 (2.848, OOS_Sharpe=2.330, OOS_Hit=0.536)
2025-09-16 10:12:57,749 - INFO -   Mean OOS Sharpe: 1.710, Mean Hit: 0.524
2025-09-16 10:12:57,749 - INFO - 
2025-09-16 10:12:57,755 - INFO - Stored 150 trained models for production export
2025-09-16 10:12:57,755 - INFO - Processing Fold 12/13
2025-09-16 10:12:57,760 - INFO -   Using GPU sequential processing
2025-09-16 10:20:59,762 - INFO - Fold 12 Summary:
2025-09-16 10:20:59,763 - INFO -   Best OOS Sharpe: M131 (2.511, p=0.020)
2025-09-16 10:20:59,763 - INFO -   Best Q-Sharpe:  M56 (2.643, OOS_Sharpe=0.801, OOS_Hit=0.475)
2025-09-16 10:20:59,763 - INFO -   Mean OOS Sharpe: 0.275, Mean Hit: 0.492
2025-09-16 10:20:59,763 - INFO - 
2025-09-16 10:20:59,767 - INFO - Stored 150 trained models for production export
2025-09-16 10:20:59,767 - INFO - Processing Fold 13/13
2025-09-16 10:20:59,771 - INFO -   Using GPU sequential processing
2025-09-16 10:28:16,005 - INFO - Fold 13 Summary:
2025-09-16 10:28:16,005 - INFO -   Best OOS Sharpe: M127 (3.361, p=0.000)
2025-09-16 10:28:16,005 - INFO -   Best Q-Sharpe:  M56 (2.600, OOS_Sharpe=2.208, OOS_Hit=0.545)
2025-09-16 10:28:16,005 - INFO -   Mean OOS Sharpe: 1.162, Mean Hit: 0.525
2025-09-16 10:28:16,005 - INFO - 
2025-09-16 10:28:16,012 - INFO - Stored 150 trained models for production export
2025-09-16 10:28:16,012 - INFO - Starting full timeline backtesting...
2025-09-16 10:28:16,013 - INFO - Running full timeline backtest with 13 folds (0-based indexing)
2025-09-16 10:28:16,013 - INFO - Fold 0 skipped (no prior Q-score history for meaningful selection)
2025-09-16 10:28:16,013 - INFO - Effective backtest period: Folds 1-12 (12 folds)
2025-09-16 10:28:16,013 - INFO - Training period: Folds 1-7
2025-09-16 10:28:16,013 - INFO - Production period: Folds 8-12
2025-09-16 10:28:16,013 - INFO - Using consistent OOS methodology for all folds
2025-09-16 10:28:16,013 - INFO - Fold 0: Skipped (no prior Q-score history for meaningful selection)
2025-09-16 10:28:16,013 - INFO - 
--- Processing fold 1/12 ---
2025-09-16 10:28:16,083 - INFO - Fold 1: Q-scores from fold 0: ['M00:2.703', 'M01:2.849', 'M02:2.352', 'M03:2.211', 'M04:-0.101']...
2025-09-16 10:28:16,083 - INFO - Fold 1: Selected models [7, 104, 110, 135, 64, 100, 115, 112] based on fold 0 Q-scores, avg Q-score: 4.291
2025-09-16 10:28:16,085 - INFO - Fold 1 (Training): Sharpe=-1.016, Hit=45.8%
2025-09-16 10:28:16,086 - INFO - 
--- Processing fold 2/12 ---
2025-09-16 10:28:16,130 - INFO - Fold 2: Q-scores from fold 1: ['M00:2.345', 'M01:2.471', 'M02:2.073', 'M03:1.870', 'M04:-0.203']...
2025-09-16 10:28:16,130 - INFO - Fold 2: Selected models [7, 110, 104, 135, 64, 100, 115, 112] based on fold 1 Q-scores, avg Q-score: 3.774
2025-09-16 10:28:16,132 - INFO - Fold 2 (Training): Sharpe=1.503, Hit=44.7%
2025-09-16 10:28:16,132 - INFO - 
--- Processing fold 3/12 ---
2025-09-16 10:28:16,191 - INFO - Fold 3: Q-scores from fold 2: ['M00:2.334', 'M01:2.433', 'M02:1.964', 'M03:1.803', 'M04:-0.194']...
2025-09-16 10:28:16,192 - INFO - Fold 3: Selected models [7, 110, 135, 104, 115, 100, 38, 64] based on fold 2 Q-scores, avg Q-score: 3.527
2025-09-16 10:28:16,193 - INFO - Fold 3 (Training): Sharpe=2.181, Hit=56.4%
2025-09-16 10:28:16,193 - INFO - 
--- Processing fold 4/12 ---
2025-09-16 10:28:16,244 - INFO - Fold 4: Q-scores from fold 3: ['M00:2.282', 'M01:2.483', 'M02:2.012', 'M03:1.809', 'M04:0.152']...
2025-09-16 10:28:16,244 - INFO - Fold 4: Selected models [7, 110, 135, 115, 38, 64, 118, 94] based on fold 3 Q-scores, avg Q-score: 3.383
2025-09-16 10:28:16,246 - INFO - Fold 4 (Training): Sharpe=1.132, Hit=53.1%
2025-09-16 10:28:16,255 - INFO - 
--- Processing fold 5/12 ---
2025-09-16 10:28:16,308 - INFO - Fold 5: Q-scores from fold 4: ['M00:2.108', 'M01:2.253', 'M02:1.893', 'M03:1.818', 'M04:0.366']...
2025-09-16 10:28:16,308 - INFO - Fold 5: Selected models [7, 110, 135, 38, 96, 118, 64, 100] based on fold 4 Q-scores, avg Q-score: 3.180
2025-09-16 10:28:16,310 - INFO - Fold 5 (Training): Sharpe=2.012, Hit=55.9%
2025-09-16 10:28:16,310 - INFO - 
--- Processing fold 6/12 ---
2025-09-16 10:28:16,355 - INFO - Fold 6: Q-scores from fold 5: ['M00:2.217', 'M01:2.283', 'M02:1.935', 'M03:1.847', 'M04:0.613']...
2025-09-16 10:28:16,356 - INFO - Fold 6: Selected models [135, 7, 110, 64, 118, 38, 96, 119] based on fold 5 Q-scores, avg Q-score: 3.057
2025-09-16 10:28:16,357 - INFO - Fold 6 (Training): Sharpe=0.391, Hit=49.2%
2025-09-16 10:28:16,357 - INFO - 
--- Processing fold 7/12 ---
2025-09-16 10:28:16,392 - INFO - Fold 7: Q-scores from fold 6: ['M00:2.054', 'M01:2.080', 'M02:1.858', 'M03:1.774', 'M04:0.754']...
2025-09-16 10:28:16,392 - INFO - Fold 7: Selected models [135, 7, 119, 110, 38, 56, 118, 131] based on fold 6 Q-scores, avg Q-score: 2.808
2025-09-16 10:28:16,394 - INFO - Fold 7 (Training): Sharpe=2.028, Hit=50.8%
2025-09-16 10:28:16,394 - INFO - 
--- Processing fold 8/12 ---
2025-09-16 10:28:16,429 - INFO - Fold 8: Q-scores from fold 7: ['M00:2.046', 'M01:1.937', 'M02:1.828', 'M03:1.623', 'M04:0.819']...
2025-09-16 10:28:16,429 - INFO - Fold 8: Selected models [135, 118, 7, 119, 38, 5, 131, 110] based on fold 7 Q-scores, avg Q-score: 2.711
2025-09-16 10:28:16,431 - INFO - Fold 8 (Production): Sharpe=1.534, Hit=47.5%
2025-09-16 10:28:16,431 - INFO - 
--- Processing fold 9/12 ---
2025-09-16 10:28:16,467 - INFO - Fold 9: Q-scores from fold 8: ['M00:1.992', 'M01:1.868', 'M02:1.877', 'M03:1.527', 'M04:1.163']...
2025-09-16 10:28:16,467 - INFO - Fold 9: Selected models [56, 135, 119, 5, 7, 131, 133, 118] based on fold 8 Q-scores, avg Q-score: 2.629
2025-09-16 10:28:16,469 - INFO - Fold 9 (Production): Sharpe=4.473, Hit=61.5%
2025-09-16 10:28:16,469 - INFO - 
--- Processing fold 10/12 ---
2025-09-16 10:28:16,499 - INFO - Fold 10: Q-scores from fold 9: ['M00:2.148', 'M01:1.894', 'M02:2.040', 'M03:1.601', 'M04:1.348']...
2025-09-16 10:28:16,499 - INFO - Fold 10: Selected models [56, 5, 119, 135, 131, 118, 138, 100] based on fold 9 Q-scores, avg Q-score: 2.714
2025-09-16 10:28:16,501 - INFO - Fold 10 (Production): Sharpe=2.633, Hit=56.4%
2025-09-16 10:28:16,501 - INFO - 
--- Processing fold 11/12 ---
2025-09-16 10:28:16,533 - INFO - Fold 11: Q-scores from fold 10: ['M00:2.133', 'M01:1.813', 'M02:2.006', 'M03:1.517', 'M04:1.418']...
2025-09-16 10:28:16,533 - INFO - Fold 11: Selected models [56, 119, 5, 135, 138, 100, 131, 118] based on fold 10 Q-scores, avg Q-score: 2.666
2025-09-16 10:28:16,535 - INFO - Fold 11 (Production): Sharpe=0.407, Hit=48.0%
2025-09-16 10:28:16,535 - INFO - 
--- Processing fold 12/12 ---
2025-09-16 10:28:16,571 - INFO - Fold 12: Q-scores from fold 11: ['M00:2.033', 'M01:1.635', 'M02:1.984', 'M03:1.591', 'M04:1.210']...
2025-09-16 10:28:16,572 - INFO - Fold 12: Selected models [56, 131, 119, 5, 138, 135, 90, 149] based on fold 11 Q-scores, avg Q-score: 2.449
2025-09-16 10:28:16,573 - INFO - Fold 12 (Production): Sharpe=1.012, Hit=47.6%
2025-09-16 10:28:16,574 - INFO - Training Period Overall: Sharpe=1.150, Hit=50.8%
2025-09-16 10:28:16,576 - INFO - Production Period Overall: Sharpe=2.092, Hit=52.2%
2025-09-16 10:28:16,577 - INFO - Full Timeline Overall: Sharpe=1.607, Hit=51.4%
2025-09-16 10:28:16,577 - INFO - Training: Sharpe=1.150 | Hit=50.8% | Return=1.45%
2025-09-16 10:28:16,577 - INFO - Production: Sharpe=2.092 | Hit=52.2% | Return=5.57%
2025-09-16 10:28:16,577 - INFO - Full Timeline: Sharpe=1.607 | Hit=51.4% | Return=3.18%
2025-09-16 10:28:16,577 - INFO - Generating visualizations...
2025-09-16 10:28:16,577 - INFO - Creating clean visualizations for 150 models...
2025-09-16 10:28:19,768 - INFO - Clean fold-by-fold analysis saved to: 20250916_084709_fold_BL#C_150models_15folds_PROD_BL_final.png
2025-09-16 10:28:22,832 - INFO - Detailed production analysis saved to: 20250916_084709_backtest_BL#C_150models_15folds_PROD_BL_final.png
2025-09-16 10:28:22,832 - INFO - ================================================================================
2025-09-16 10:28:22,833 - INFO - BACKTEST SUMMARY
2025-09-16 10:28:22,833 - INFO - ================================================================================
2025-09-16 10:28:22,833 - INFO - Config: Cutoff=70%, Top N=5, Q-Metric=sharpe, Reselection=1 fold(s)
2025-09-16 10:28:22,833 - INFO - Model Selection History:
2025-09-16 10:28:22,833 - INFO -   Fold 1: M07, M104, M110, M135, M64, M100, M115, M112 (Avg Q-sharpe: 4.291)
2025-09-16 10:28:22,833 - INFO -   Fold 2: M07, M110, M104, M135, M64, M100, M115, M112 (Avg Q-sharpe: 3.774)
2025-09-16 10:28:22,833 - INFO -   Fold 3: M07, M110, M135, M104, M115, M100, M38, M64 (Avg Q-sharpe: 3.527)
2025-09-16 10:28:22,833 - INFO -   Fold 4: M07, M110, M135, M115, M38, M64, M118, M94 (Avg Q-sharpe: 3.383)
2025-09-16 10:28:22,833 - INFO -   Fold 5: M07, M110, M135, M38, M96, M118, M64, M100 (Avg Q-sharpe: 3.180)
2025-09-16 10:28:22,833 - INFO -   Fold 6: M135, M07, M110, M64, M118, M38, M96, M119 (Avg Q-sharpe: 3.057)
2025-09-16 10:28:22,833 - INFO -   Fold 7: M135, M07, M119, M110, M38, M56, M118, M131 (Avg Q-sharpe: 2.808)
2025-09-16 10:28:22,833 - INFO -   Fold 8: M135, M118, M07, M119, M38, M05, M131, M110 (Avg Q-sharpe: 2.711)
2025-09-16 10:28:22,833 - INFO -   Fold 9: M56, M135, M119, M05, M07, M131, M133, M118 (Avg Q-sharpe: 2.629)
2025-09-16 10:28:22,833 - INFO -   Fold 10: M56, M05, M119, M135, M131, M118, M138, M100 (Avg Q-sharpe: 2.714)
2025-09-16 10:28:22,833 - INFO -   Fold 11: M56, M119, M05, M135, M138, M100, M131, M118 (Avg Q-sharpe: 2.666)
2025-09-16 10:28:22,833 - INFO -   Fold 12: M56, M131, M119, M05, M138, M135, M90, M149 (Avg Q-sharpe: 2.449)
2025-09-16 10:28:22,833 - INFO - 
2025-09-16 10:28:22,833 - INFO - Fold-by-Fold Performance:
2025-09-16 10:28:22,833 - INFO -   Fold 1: M07, M104, M110, M135, M64, M100, M115, M112 | Sharpe=-1.016 | Hit=45.8% | Samples=179
2025-09-16 10:28:22,833 - INFO -   Fold 2: M07, M110, M104, M135, M64, M100, M115, M112 | Sharpe=1.503 | Hit=44.7% | Samples=179
2025-09-16 10:28:22,833 - INFO -   Fold 3: M07, M110, M135, M104, M115, M100, M38, M64 | Sharpe=2.181 | Hit=56.4% | Samples=179
2025-09-16 10:28:22,833 - INFO -   Fold 4: M07, M110, M135, M115, M38, M64, M118, M94 | Sharpe=1.132 | Hit=53.1% | Samples=179
2025-09-16 10:28:22,833 - INFO -   Fold 5: M07, M110, M135, M38, M96, M118, M64, M100 | Sharpe=2.012 | Hit=55.9% | Samples=179
2025-09-16 10:28:22,833 - INFO -   Fold 6: M135, M07, M110, M64, M118, M38, M96, M119 | Sharpe=0.391 | Hit=49.2% | Samples=179
2025-09-16 10:28:22,833 - INFO -   Fold 7: M135, M07, M119, M110, M38, M56, M118, M131 | Sharpe=2.028 | Hit=50.8% | Samples=179
2025-09-16 10:28:22,833 - INFO -   Fold 8: M135, M118, M07, M119, M38, M05, M131, M110 | Sharpe=1.534 | Hit=47.5% | Samples=179
2025-09-16 10:28:22,833 - INFO -   Fold 9: M56, M135, M119, M05, M07, M131, M133, M118 | Sharpe=4.473 | Hit=61.5% | Samples=179
2025-09-16 10:28:22,833 - INFO -   Fold 10: M56, M05, M119, M135, M131, M118, M138, M100 | Sharpe=2.633 | Hit=56.4% | Samples=179
2025-09-16 10:28:22,833 - INFO -   Fold 11: M56, M119, M05, M135, M138, M100, M131, M118 | Sharpe=0.407 | Hit=48.0% | Samples=179
2025-09-16 10:28:22,834 - INFO -   Fold 12: M56, M131, M119, M05, M138, M135, M90, M149 | Sharpe=1.012 | Hit=47.6% | Samples=189
2025-09-16 10:28:22,834 - INFO - ================================================================================
2025-09-16 10:28:22,834 - INFO - ================================================================================
2025-09-16 10:28:22,834 - INFO - ANALYSIS COMPLETED SUCCESSFULLY!
2025-09-16 10:28:22,834 - INFO - ================================================================================
2025-09-16 10:28:22,834 - INFO - Generated 2 visualization files
2025-09-16 10:28:22,834 - INFO -   - 20250916_084709_fold_BL#C_150models_15folds_PROD_BL_final.png
2025-09-16 10:28:22,834 - INFO -   - 20250916_084709_backtest_BL#C_150models_15folds_PROD_BL_final.png
2025-09-16 10:28:22,834 - INFO - Training Final: Sharpe=1.150 | Hit=50.8% | Return=1.45% | CB=0.819
2025-09-16 10:28:22,834 - INFO - Production Final: Sharpe=2.092 | Hit=52.2% | Return=5.57% | CB=2.441
2025-09-16 10:28:22,834 - INFO - Full Timeline Final: Sharpe=1.607 | Hit=51.4% | Return=3.18% | CB=1.393
2025-09-16 10:28:22,834 - INFO - ============================================================
2025-09-16 10:28:22,834 - INFO - EXPORTING PRODUCTION MODELS (Consolidated File)
2025-09-16 10:28:22,834 - INFO - ============================================================
2025-09-16 10:28:22,834 - INFO - Backtest results keys: ['full_timeline_metrics', 'training_metrics', 'production_metrics', 'model_selection_history', 'fold_results', 'full_timeline_returns', 'training_returns', 'production_returns', 'full_timeline_predictions', 'full_timeline_dates', 'cutoff_fold', 'training_folds', 'production_folds']
2025-09-16 10:28:22,834 - INFO - Model selection history length: 12
2025-09-16 10:28:22,834 - INFO - Final selection keys: ['fold', 'selection_based_on_fold', 'selected_models', 'avg_q_score', 'period_type']
2025-09-16 10:28:22,834 - INFO - Final fold selected models: [56, 131, 119, 5, 138, 135, 90, 149]
2025-09-16 10:28:22,834 - INFO - All fold results type: <class 'dict'>
2025-09-16 10:28:22,834 - INFO - All fold results keys/length: ['fold_1', 'fold_2', 'fold_3', 'fold_4', 'fold_5', 'fold_6', 'fold_7', 'fold_8', 'fold_9', 'fold_10', 'fold_11', 'fold_12', 'fold_13']
2025-09-16 10:28:22,834 - INFO - Using fold fold_9 as final fold
2025-09-16 10:28:22,834 - INFO - Final fold keys: ['results_df', 'model_metrics', 'oos_predictions', 'test_idx', 'trained_models', 'model_specs']
2025-09-16 10:28:22,834 - INFO - Trained models available: [0, 1, 2, 3, 4, 5, 6, 7, 8, 9, 10, 11, 12, 13, 14, 15, 16, 17, 18, 19, 20, 21, 22, 23, 24, 25, 26, 27, 28, 29, 30, 31, 32, 33, 34, 35, 36, 37, 38, 39, 40, 41, 42, 43, 44, 45, 46, 47, 48, 49, 50, 51, 52, 53, 54, 55, 56, 57, 58, 59, 60, 61, 62, 63, 64, 65, 66, 67, 68, 69, 70, 71, 72, 73, 74, 75, 76, 77, 78, 79, 80, 81, 82, 83, 84, 85, 86, 87, 88, 89, 90, 91, 92, 93, 94, 95, 96, 97, 98, 99, 100, 101, 102, 103, 104, 105, 106, 107, 108, 109, 110, 111, 112, 113, 114, 115, 116, 117, 118, 119, 120, 121, 122, 123, 124, 125, 126, 127, 128, 129, 130, 131, 132, 133, 134, 135, 136, 137, 138, 139, 140, 141, 142, 143, 144, 145, 146, 147, 148, 149]
2025-09-16 10:28:22,835 - INFO - Added model M56 -> model_01 with all 100 features (framework standard)
2025-09-16 10:28:22,835 - INFO - Added model M131 -> model_02 with all 100 features (framework standard)
2025-09-16 10:28:22,835 - INFO - Added model M119 -> model_03 with all 100 features (framework standard)
2025-09-16 10:28:22,835 - INFO - Added model M05 -> model_04 with all 100 features (framework standard)
2025-09-16 10:28:22,835 - INFO - Added model M138 -> model_05 with all 100 features (framework standard)
2025-09-16 10:28:22,835 - INFO - Added model M135 -> model_06 with all 100 features (framework standard)
2025-09-16 10:28:22,835 - INFO - Added model M90 -> model_07 with all 100 features (framework standard)
2025-09-16 10:28:22,835 - INFO - Added model M149 -> model_08 with all 100 features (framework standard)
2025-09-16 10:28:22,835 - INFO - Extracted 8 selected models
2025-09-16 10:28:22,855 - INFO - SUCCESS: Exported 8 selected models to C:\Users\zhang\Desktop\Steve\bond_ls_xgb_grope_full_v6\PROD\models\BL#C_production.pkl
2025-09-16 10:28:22,855 - INFO - File size: 3,381,442 bytes
2025-09-16 10:28:22,855 - INFO - Selected features: 100 features
2025-09-16 10:28:22,855 - INFO - Selected models: [56, 131, 119, 5, 138, 135, 90, 149]
