2025-09-17 12:33:31,059 - INFO - ================================================================================
2025-09-17 12:33:31,059 - INFO - XGBoost Comparison Framework
2025-09-17 12:33:31,059 - INFO - ================================================================================
2025-09-17 12:33:31,060 - INFO - Configuration:
2025-09-17 12:33:31,060 - INFO -   Target Symbol: @ES#C
2025-09-17 12:33:31,060 - INFO -   Date Range: 2015-01-01 to 2025-08-01
2025-09-17 12:33:31,060 - INFO -   Models: 100, Type: deep
2025-09-17 12:33:31,060 - INFO -   Folds: 15
2025-09-17 12:33:31,060 - INFO -   Max Features: 100 (Limited)
2025-09-17 12:33:31,060 - INFO -   Feature Selection: Enabled
2025-09-17 12:33:31,060 - INFO -   Inner Val Fraction: 0.2
2025-09-17 12:33:31,060 - INFO -   EWMA Alpha: 0.1, Quality Halflife: 63 days
2025-09-17 12:33:31,060 - INFO -   Signal Type: Binary (+1/-1)
2025-09-17 12:33:31,060 - INFO -   Cross-validation: Expanding window
2025-09-17 12:33:31,060 - INFO -   Production: Cutoff=0.6, Top N=5, Q-Metric=sharpe
2025-09-17 12:33:31,060 - INFO -   Reselection: Every 1 fold(s)
2025-09-17 12:33:31,060 - INFO - 
2025-09-17 12:33:41,508 - INFO - Dropped 8 rows due to NaN in target column @ES#C_target_return
2025-09-17 12:33:41,800 - INFO - Loaded: X=(2727, 1906), y=(2727,)
2025-09-17 12:34:57,178 - INFO - Selected 100 features (threshold: 0.7)
2025-09-17 12:34:57,380 - INFO - Selected: 100 features
2025-09-17 12:34:57,527 - INFO - GPU detection: XGBoost not compiled with CUDA support - using CPU
2025-09-17 12:34:57,527 - INFO - Processing mode: CPU multiprocessing (GPU: False, Total models: 1500)
2025-09-17 12:34:57,538 - INFO - GPU detection: XGBoost not compiled with CUDA support - using CPU
2025-09-17 12:34:57,540 - INFO - Using expanding window
2025-09-17 12:34:57,541 - INFO - Starting analysis: 100 deep models x 13 folds
2025-09-17 12:34:57,541 - INFO - Processing Fold 1/13
2025-09-17 12:34:57,546 - INFO -   Using multiprocessing with 9 workers
