2025-09-13 08:18:27,406 - INFO - ================================================================================
2025-09-13 08:18:27,406 - INFO - XGBoost Comparison Framework
2025-09-13 08:18:27,407 - INFO - ================================================================================
2025-09-13 08:18:27,407 - INFO - Configuration:
2025-09-13 08:18:27,407 - INFO -   Target Symbol: @ES#C
2025-09-13 08:18:27,407 - INFO -   Date Range: 2015-01-01 to 2025-08-01
2025-09-13 08:18:27,407 - INFO -   Models: 100, Type: standard
2025-09-13 08:18:27,407 - INFO -   Folds: 15
2025-09-13 08:18:27,408 - INFO -   Max Features: -1 (Auto)
2025-09-13 08:18:27,408 - INFO -   Feature Selection: Enabled
2025-09-13 08:18:27,408 - INFO -   Inner Val Fraction: 0.2
2025-09-13 08:18:27,408 - INFO -   EWMA Alpha: 0.1, Quality Halflife: 63 days
2025-09-13 08:18:27,408 - INFO -   Signal Type: Tanh Normalized
2025-09-13 08:18:27,408 - INFO -   Cross-validation: Expanding window
2025-09-13 08:18:27,408 - INFO -   Production: Cutoff=0.6, Top N=5, Q-Metric=hit_rate
2025-09-13 08:18:27,408 - INFO -   Reselection: Every 1 fold(s)
2025-09-13 08:18:27,408 - INFO - 
2025-09-13 08:18:37,204 - INFO - Dropped 8 rows due to NaN in target column @ES#C_target_return
2025-09-13 08:18:37,461 - INFO - Loaded: X=(2727, 1906), y=(2727,)
2025-09-13 08:19:07,756 - INFO - Selected 746 features (threshold: 0.7)
2025-09-13 08:19:07,820 - INFO - Selected: 746 features
2025-09-13 08:19:09,339 - INFO - GPU detection: CUDA GPU available and working
2025-09-13 08:19:09,339 - INFO - Processing mode: GPU sequential (GPU: True, Total models: 1500)
2025-09-13 08:19:10,766 - INFO - GPU detection: CUDA GPU available and working
2025-09-13 08:19:10,773 - INFO - Using expanding window
2025-09-13 08:19:10,775 - INFO - Starting analysis: 100 standard models x 13 folds
2025-09-13 08:19:10,776 - INFO - Processing Fold 1/13
2025-09-13 08:19:10,962 - INFO -   Using GPU sequential processing
2025-09-13 08:29:16,928 - INFO - Fold 1 Summary:
2025-09-13 08:29:16,928 - INFO -   Best OOS Sharpe: M84 (1.928, p=0.110)
2025-09-13 08:29:16,928 - INFO -   Best Q-Hit_Rate:  M22 (0.597, OOS_Sharpe=1.813, OOS_Hit=0.597)
2025-09-13 08:29:16,928 - INFO -   Mean OOS Sharpe: -0.243, Mean Hit: 0.515
2025-09-13 08:29:16,928 - INFO - 
2025-09-13 08:29:16,936 - INFO - Processing Fold 2/13
2025-09-13 08:29:17,117 - INFO -   Using GPU sequential processing
2025-09-13 08:41:19,828 - INFO - Fold 2 Summary:
2025-09-13 08:41:19,828 - INFO -   Best OOS Sharpe: M67 (1.965, p=0.140)
2025-09-13 08:41:19,828 - INFO -   Best Q-Hit_Rate:  M22 (0.593, OOS_Sharpe=1.327, OOS_Hit=0.558)
2025-09-13 08:41:19,828 - INFO -   Mean OOS Sharpe: -0.450, Mean Hit: 0.481
2025-09-13 08:41:19,828 - INFO - 
2025-09-13 08:41:19,833 - INFO - Processing Fold 3/13
2025-09-13 08:41:19,962 - INFO -   Using GPU sequential processing
2025-09-13 08:54:14,487 - INFO - Fold 3 Summary:
2025-09-13 08:54:14,487 - INFO -   Best OOS Sharpe: M98 (2.443, p=0.040)
2025-09-13 08:54:14,487 - INFO -   Best Q-Hit_Rate:  M22 (0.585, OOS_Sharpe=0.867, OOS_Hit=0.519)
2025-09-13 08:54:14,487 - INFO -   Mean OOS Sharpe: -0.461, Mean Hit: 0.506
2025-09-13 08:54:14,487 - INFO - 
2025-09-13 08:54:14,492 - INFO - Processing Fold 4/13
2025-09-13 08:54:14,663 - INFO -   Using GPU sequential processing
2025-09-13 09:08:29,708 - INFO - Fold 4 Summary:
2025-09-13 09:08:29,709 - INFO -   Best OOS Sharpe: M30 (2.401, p=0.050)
2025-09-13 09:08:29,709 - INFO -   Best Q-Hit_Rate:  M22 (0.577, OOS_Sharpe=1.069, OOS_Hit=0.503)
2025-09-13 09:08:29,709 - INFO -   Mean OOS Sharpe: 0.374, Mean Hit: 0.494
2025-09-13 09:08:29,709 - INFO - 
2025-09-13 09:08:29,731 - INFO - Processing Fold 5/13
2025-09-13 09:08:29,836 - INFO -   Using GPU sequential processing
2025-09-13 09:22:32,067 - INFO - Fold 5 Summary:
2025-09-13 09:22:32,074 - INFO -   Best OOS Sharpe: M16 (1.139, p=0.290)
2025-09-13 09:22:32,074 - INFO -   Best Q-Hit_Rate:  M22 (0.574, OOS_Sharpe=0.794, OOS_Hit=0.541)
2025-09-13 09:22:32,074 - INFO -   Mean OOS Sharpe: -0.285, Mean Hit: 0.504
2025-09-13 09:22:32,074 - INFO - 
2025-09-13 09:22:32,082 - INFO - Processing Fold 6/13
2025-09-13 09:22:32,164 - INFO -   Using GPU sequential processing
2025-09-13 09:36:15,415 - INFO - Fold 6 Summary:
2025-09-13 09:36:15,415 - INFO -   Best OOS Sharpe: M57 (1.867, p=0.130)
2025-09-13 09:36:15,415 - INFO -   Best Q-Hit_Rate:  M22 (0.561, OOS_Sharpe=-0.215, OOS_Hit=0.448)
2025-09-13 09:36:15,415 - INFO -   Mean OOS Sharpe: -0.248, Mean Hit: 0.482
2025-09-13 09:36:15,415 - INFO - 
2025-09-13 09:36:15,422 - INFO - Processing Fold 7/13
2025-09-13 09:36:15,536 - INFO -   Using GPU sequential processing
2025-09-13 09:50:49,825 - INFO - Fold 7 Summary:
2025-09-13 09:50:49,825 - INFO -   Best OOS Sharpe: M44 (2.267, p=0.080)
2025-09-13 09:50:49,825 - INFO -   Best Q-Hit_Rate:  M22 (0.553, OOS_Sharpe=-0.860, OOS_Hit=0.481)
2025-09-13 09:50:49,825 - INFO -   Mean OOS Sharpe: 0.269, Mean Hit: 0.492
2025-09-13 09:50:49,825 - INFO - 
2025-09-13 09:50:49,833 - INFO - Processing Fold 8/13
2025-09-13 09:50:49,934 - INFO -   Using GPU sequential processing
2025-09-13 10:03:55,124 - INFO - Fold 8 Summary:
2025-09-13 10:03:55,129 - INFO -   Best OOS Sharpe: M69 (3.633, p=0.000)
2025-09-13 10:03:55,129 - INFO -   Best Q-Hit_Rate:  M81 (0.551, OOS_Sharpe=2.894, OOS_Hit=0.602)
2025-09-13 10:03:55,129 - INFO -   Mean OOS Sharpe: 0.043, Mean Hit: 0.483
2025-09-13 10:03:55,130 - INFO - 
2025-09-13 10:03:55,138 - INFO - Processing Fold 9/13
2025-09-13 10:03:55,169 - INFO -   Using GPU sequential processing
2025-09-13 10:16:57,774 - INFO - Fold 9 Summary:
2025-09-13 10:16:57,774 - INFO -   Best OOS Sharpe: M06 (2.399, p=0.040)
2025-09-13 10:16:57,774 - INFO -   Best Q-Hit_Rate:  M81 (0.545, OOS_Sharpe=-0.191, OOS_Hit=0.492)
2025-09-13 10:16:57,774 - INFO -   Mean OOS Sharpe: -0.098, Mean Hit: 0.505
2025-09-13 10:16:57,774 - INFO - 
2025-09-13 10:16:57,784 - INFO - Processing Fold 10/13
2025-09-13 10:16:57,898 - INFO -   Using GPU sequential processing
2025-09-13 10:28:20,560 - INFO - Fold 10 Summary:
2025-09-13 10:28:20,560 - INFO -   Best OOS Sharpe: M49 (3.225, p=0.020)
2025-09-13 10:28:20,561 - INFO -   Best Q-Hit_Rate:  M99 (0.544, OOS_Sharpe=1.556, OOS_Hit=0.564)
2025-09-13 10:28:20,561 - INFO -   Mean OOS Sharpe: 0.984, Mean Hit: 0.504
2025-09-13 10:28:20,561 - INFO - 
2025-09-13 10:28:20,569 - INFO - Processing Fold 11/13
2025-09-13 10:28:20,633 - INFO -   Using GPU sequential processing
2025-09-13 10:39:46,668 - INFO - Fold 11 Summary:
2025-09-13 10:39:46,668 - INFO -   Best OOS Sharpe: M01 (2.476, p=0.030)
2025-09-13 10:39:46,668 - INFO -   Best Q-Hit_Rate:  M99 (0.537, OOS_Sharpe=-0.605, OOS_Hit=0.475)
2025-09-13 10:39:46,668 - INFO -   Mean OOS Sharpe: 0.114, Mean Hit: 0.503
2025-09-13 10:39:46,668 - INFO - 
2025-09-13 10:39:46,677 - INFO - Processing Fold 12/13
2025-09-13 10:39:46,770 - INFO -   Using GPU sequential processing
2025-09-13 10:49:31,955 - INFO - Fold 12 Summary:
2025-09-13 10:49:31,955 - INFO -   Best OOS Sharpe: M20 (2.343, p=0.050)
2025-09-13 10:49:31,955 - INFO -   Best Q-Hit_Rate:  M81 (0.532, OOS_Sharpe=1.098, OOS_Hit=0.497)
2025-09-13 10:49:31,955 - INFO -   Mean OOS Sharpe: 0.194, Mean Hit: 0.476
2025-09-13 10:49:31,955 - INFO - 
2025-09-13 10:49:31,962 - INFO - Processing Fold 13/13
2025-09-13 10:49:32,016 - INFO -   Using GPU sequential processing
2025-09-13 10:56:17,517 - INFO - Fold 13 Summary:
2025-09-13 10:56:17,517 - INFO -   Best OOS Sharpe: M02 (2.207, p=0.110)
2025-09-13 10:56:17,517 - INFO -   Best Q-Hit_Rate:  M99 (0.531, OOS_Sharpe=1.211, OOS_Hit=0.544)
2025-09-13 10:56:17,517 - INFO -   Mean OOS Sharpe: 0.386, Mean Hit: 0.518
2025-09-13 10:56:17,517 - INFO - 
2025-09-13 10:56:17,529 - INFO - Starting full timeline backtesting...
2025-09-13 10:56:17,529 - INFO - Running full timeline backtest with 13 folds (0-based indexing)
2025-09-13 10:56:17,529 - INFO - Fold 0 skipped (no prior Q-score history for meaningful selection)
2025-09-13 10:56:17,529 - INFO - Effective backtest period: Folds 1-12 (12 folds)
2025-09-13 10:56:17,529 - INFO - Training period: Folds 1-7
2025-09-13 10:56:17,529 - INFO - Production period: Folds 8-12
2025-09-13 10:56:17,530 - INFO - Using consistent OOS methodology for all folds
2025-09-13 10:56:17,530 - INFO - Fold 0: Skipped (no prior Q-score history for meaningful selection)
2025-09-13 10:56:17,530 - INFO - 
--- Processing fold 1/12 ---
2025-09-13 10:56:17,559 - INFO - Fold 1: Q-scores from fold 0: ['M00:0.536', 'M01:0.492', 'M02:0.503', 'M03:0.536', 'M04:0.530']...
2025-09-13 10:56:17,559 - INFO - Fold 1: Selected models [22, 81, 66, 99, 33] based on fold 0 Q-scores, avg Q-score: 0.583
2025-09-13 10:56:17,561 - INFO - Fold 1 (Training): Sharpe=0.240, Hit=47.0%
2025-09-13 10:56:17,561 - INFO - 
--- Processing fold 2/12 ---
2025-09-13 10:56:17,605 - INFO - Fold 2: Q-scores from fold 1: ['M00:0.535', 'M01:0.489', 'M02:0.497', 'M03:0.531', 'M04:0.533']...
2025-09-13 10:56:17,605 - INFO - Fold 2: Selected models [22, 66, 99, 68, 81] based on fold 1 Q-scores, avg Q-score: 0.576
2025-09-13 10:56:17,606 - INFO - Fold 2 (Training): Sharpe=0.006, Hit=53.6%
2025-09-13 10:56:17,606 - INFO - 
--- Processing fold 3/12 ---
2025-09-13 10:56:17,637 - INFO - Fold 3: Q-scores from fold 2: ['M00:0.534', 'M01:0.495', 'M02:0.495', 'M03:0.526', 'M04:0.529']...
2025-09-13 10:56:17,638 - INFO - Fold 3: Selected models [22, 99, 66, 81, 68] based on fold 2 Q-scores, avg Q-score: 0.571
2025-09-13 10:56:17,639 - INFO - Fold 3 (Training): Sharpe=0.927, Hit=53.0%
2025-09-13 10:56:17,639 - INFO - 
--- Processing fold 4/12 ---
2025-09-13 10:56:17,663 - INFO - Fold 4: Q-scores from fold 3: ['M00:0.531', 'M01:0.488', 'M02:0.489', 'M03:0.524', 'M04:0.519']...
2025-09-13 10:56:17,685 - INFO - Fold 4: Selected models [22, 99, 81, 66, 68] based on fold 3 Q-scores, avg Q-score: 0.564
2025-09-13 10:56:17,687 - INFO - Fold 4 (Training): Sharpe=-0.213, Hit=49.2%
2025-09-13 10:56:17,687 - INFO - 
--- Processing fold 5/12 ---
2025-09-13 10:56:17,711 - INFO - Fold 5: Q-scores from fold 4: ['M00:0.522', 'M01:0.486', 'M02:0.493', 'M03:0.519', 'M04:0.513']...
2025-09-13 10:56:17,711 - INFO - Fold 5: Selected models [22, 81, 99, 33, 66] based on fold 4 Q-scores, avg Q-score: 0.558
2025-09-13 10:56:17,713 - INFO - Fold 5 (Training): Sharpe=0.512, Hit=48.6%
2025-09-13 10:56:17,713 - INFO - 
--- Processing fold 6/12 ---
2025-09-13 10:56:17,751 - INFO - Fold 6: Q-scores from fold 5: ['M00:0.519', 'M01:0.484', 'M02:0.490', 'M03:0.510', 'M04:0.511']...
2025-09-13 10:56:17,751 - INFO - Fold 6: Selected models [22, 99, 81, 33, 66] based on fold 5 Q-scores, avg Q-score: 0.551
2025-09-13 10:56:17,752 - INFO - Fold 6 (Training): Sharpe=-0.510, Hit=49.2%
2025-09-13 10:56:17,752 - INFO - 
--- Processing fold 7/12 ---
2025-09-13 10:56:17,795 - INFO - Fold 7: Q-scores from fold 6: ['M00:0.517', 'M01:0.484', 'M02:0.489', 'M03:0.506', 'M04:0.504']...
2025-09-13 10:56:17,801 - INFO - Fold 7: Selected models [22, 99, 81, 66, 98] based on fold 6 Q-scores, avg Q-score: 0.544
2025-09-13 10:56:17,804 - INFO - Fold 7 (Training): Sharpe=0.278, Hit=50.8%
2025-09-13 10:56:17,804 - INFO - 
--- Processing fold 8/12 ---
2025-09-13 10:56:17,846 - INFO - Fold 8: Q-scores from fold 7: ['M00:0.522', 'M01:0.478', 'M02:0.487', 'M03:0.507', 'M04:0.502']...
2025-09-13 10:56:17,847 - INFO - Fold 8: Selected models [81, 22, 99, 33, 77] based on fold 7 Q-scores, avg Q-score: 0.541
2025-09-13 10:56:17,848 - INFO - Fold 8 (Production): Sharpe=-0.472, Hit=47.0%
2025-09-13 10:56:17,848 - INFO - 
--- Processing fold 9/12 ---
2025-09-13 10:56:17,873 - INFO - Fold 9: Q-scores from fold 8: ['M00:0.518', 'M01:0.483', 'M02:0.486', 'M03:0.507', 'M04:0.502']...
2025-09-13 10:56:17,873 - INFO - Fold 9: Selected models [81, 99, 77, 33, 98] based on fold 8 Q-scores, avg Q-score: 0.536
2025-09-13 10:56:17,879 - INFO - Fold 9 (Production): Sharpe=2.127, Hit=50.8%
2025-09-13 10:56:17,879 - INFO - 
--- Processing fold 10/12 ---
2025-09-13 10:56:17,906 - INFO - Fold 10: Q-scores from fold 9: ['M00:0.516', 'M01:0.486', 'M02:0.485', 'M03:0.504', 'M04:0.504']...
2025-09-13 10:56:17,906 - INFO - Fold 10: Selected models [99, 81, 33, 77, 8] based on fold 9 Q-scores, avg Q-score: 0.536
2025-09-13 10:56:17,907 - INFO - Fold 10 (Production): Sharpe=-0.235, Hit=48.6%
2025-09-13 10:56:17,907 - INFO - 
--- Processing fold 11/12 ---
2025-09-13 10:56:17,952 - INFO - Fold 11: Q-scores from fold 10: ['M00:0.513', 'M01:0.497', 'M02:0.489', 'M03:0.509', 'M04:0.501']...
2025-09-13 10:56:17,952 - INFO - Fold 11: Selected models [99, 81, 33, 22, 77] based on fold 10 Q-scores, avg Q-score: 0.533
2025-09-13 10:56:17,953 - INFO - Fold 11 (Production): Sharpe=1.285, Hit=44.8%
2025-09-13 10:56:17,954 - INFO - 
--- Processing fold 12/12 ---
2025-09-13 10:56:17,984 - INFO - Fold 12: Q-scores from fold 11: ['M00:0.512', 'M01:0.493', 'M02:0.491', 'M03:0.502', 'M04:0.501']...
2025-09-13 10:56:17,984 - INFO - Fold 12: Selected models [81, 99, 98, 33, 22] based on fold 11 Q-scores, avg Q-score: 0.527
2025-09-13 10:56:17,986 - INFO - Fold 12 (Production): Sharpe=1.592, Hit=53.4%
2025-09-13 10:56:17,987 - INFO - Training Period Overall: Sharpe=0.227, Hit=50.2%
2025-09-13 10:56:17,988 - INFO - Production Period Overall: Sharpe=0.812, Hit=49.0%
2025-09-13 10:56:17,990 - INFO - Full Timeline Overall: Sharpe=0.475, Hit=49.7%
2025-09-13 10:56:17,990 - INFO - Training: Sharpe=0.227 | Hit=50.2% | Return=1.63%
2025-09-13 10:56:17,990 - INFO - Production: Sharpe=0.812 | Hit=49.0% | Return=5.94%
2025-09-13 10:56:17,990 - INFO - Full Timeline: Sharpe=0.475 | Hit=49.7% | Return=3.44%
2025-09-13 10:56:17,990 - INFO - Generating visualizations...
2025-09-13 10:56:17,990 - INFO - Creating clean visualizations for 100 models...
2025-09-13 10:56:21,926 - INFO - Clean fold-by-fold analysis saved to: 20250913_081827_fold_@ES#C_100models_15folds_v2_H4.2_ES_allfeat_15F.png
2025-09-13 10:56:24,371 - INFO - Detailed production analysis saved to: 20250913_081827_backtest_@ES#C_100models_15folds_v2_H4.2_ES_allfeat_15F.png
2025-09-13 10:56:24,372 - INFO - ================================================================================
2025-09-13 10:56:24,372 - INFO - BACKTEST SUMMARY
2025-09-13 10:56:24,372 - INFO - ================================================================================
2025-09-13 10:56:24,372 - INFO - Config: Cutoff=70%, Top N=5, Q-Metric=sharpe, Reselection=1 fold(s)
2025-09-13 10:56:24,372 - INFO - Model Selection History:
2025-09-13 10:56:24,372 - INFO -   Fold 1: M22, M81, M66, M99, M33 (Avg Q-sharpe: 0.583)
2025-09-13 10:56:24,372 - INFO -   Fold 2: M22, M66, M99, M68, M81 (Avg Q-sharpe: 0.576)
2025-09-13 10:56:24,372 - INFO -   Fold 3: M22, M99, M66, M81, M68 (Avg Q-sharpe: 0.571)
2025-09-13 10:56:24,372 - INFO -   Fold 4: M22, M99, M81, M66, M68 (Avg Q-sharpe: 0.564)
2025-09-13 10:56:24,372 - INFO -   Fold 5: M22, M81, M99, M33, M66 (Avg Q-sharpe: 0.558)
2025-09-13 10:56:24,372 - INFO -   Fold 6: M22, M99, M81, M33, M66 (Avg Q-sharpe: 0.551)
2025-09-13 10:56:24,372 - INFO -   Fold 7: M22, M99, M81, M66, M98 (Avg Q-sharpe: 0.544)
2025-09-13 10:56:24,372 - INFO -   Fold 8: M81, M22, M99, M33, M77 (Avg Q-sharpe: 0.541)
2025-09-13 10:56:24,372 - INFO -   Fold 9: M81, M99, M77, M33, M98 (Avg Q-sharpe: 0.536)
2025-09-13 10:56:24,372 - INFO -   Fold 10: M99, M81, M33, M77, M08 (Avg Q-sharpe: 0.536)
2025-09-13 10:56:24,372 - INFO -   Fold 11: M99, M81, M33, M22, M77 (Avg Q-sharpe: 0.533)
2025-09-13 10:56:24,372 - INFO -   Fold 12: M81, M99, M98, M33, M22 (Avg Q-sharpe: 0.527)
2025-09-13 10:56:24,372 - INFO - 
2025-09-13 10:56:24,372 - INFO - Fold-by-Fold Performance:
2025-09-13 10:56:24,372 - INFO -   Fold 1: M22, M81, M66, M99, M33 | Sharpe=0.240 | Hit=47.0% | Samples=181
2025-09-13 10:56:24,372 - INFO -   Fold 2: M22, M66, M99, M68, M81 | Sharpe=0.006 | Hit=53.6% | Samples=181
2025-09-13 10:56:24,372 - INFO -   Fold 3: M22, M99, M66, M81, M68 | Sharpe=0.927 | Hit=53.0% | Samples=181
2025-09-13 10:56:24,372 - INFO -   Fold 4: M22, M99, M81, M66, M68 | Sharpe=-0.213 | Hit=49.2% | Samples=181
2025-09-13 10:56:24,372 - INFO -   Fold 5: M22, M81, M99, M33, M66 | Sharpe=0.512 | Hit=48.6% | Samples=181
2025-09-13 10:56:24,372 - INFO -   Fold 6: M22, M99, M81, M33, M66 | Sharpe=-0.510 | Hit=49.2% | Samples=181
2025-09-13 10:56:24,372 - INFO -   Fold 7: M22, M99, M81, M66, M98 | Sharpe=0.278 | Hit=50.8% | Samples=181
2025-09-13 10:56:24,372 - INFO -   Fold 8: M81, M22, M99, M33, M77 | Sharpe=-0.472 | Hit=47.0% | Samples=181
2025-09-13 10:56:24,372 - INFO -   Fold 9: M81, M99, M77, M33, M98 | Sharpe=2.127 | Hit=50.8% | Samples=181
2025-09-13 10:56:24,372 - INFO -   Fold 10: M99, M81, M33, M77, M08 | Sharpe=-0.235 | Hit=48.6% | Samples=181
2025-09-13 10:56:24,372 - INFO -   Fold 11: M99, M81, M33, M22, M77 | Sharpe=1.285 | Hit=44.8% | Samples=181
2025-09-13 10:56:24,372 - INFO -   Fold 12: M81, M99, M98, M33, M22 | Sharpe=1.592 | Hit=53.4% | Samples=193
2025-09-13 10:56:24,372 - INFO - ================================================================================
2025-09-13 10:56:24,372 - INFO - ================================================================================
2025-09-13 10:56:24,372 - INFO - ANALYSIS COMPLETED SUCCESSFULLY!
2025-09-13 10:56:24,372 - INFO - ================================================================================
2025-09-13 10:56:24,372 - INFO - Generated 2 visualization files
2025-09-13 10:56:24,372 - INFO -   - 20250913_081827_fold_@ES#C_100models_15folds_v2_H4.2_ES_allfeat_15F.png
2025-09-13 10:56:24,372 - INFO -   - 20250913_081827_backtest_@ES#C_100models_15folds_v2_H4.2_ES_allfeat_15F.png
2025-09-13 10:56:24,372 - INFO - Training Final: Sharpe=0.227 | Hit=50.2% | Return=1.63% | CB=0.141
2025-09-13 10:56:24,372 - INFO - Production Final: Sharpe=0.812 | Hit=49.0% | Return=5.94% | CB=0.436
2025-09-13 10:56:24,372 - INFO - Full Timeline Final: Sharpe=0.475 | Hit=49.7% | Return=3.44% | CB=0.253
