2025-09-13 16:14:36,317 - INFO - ================================================================================
2025-09-13 16:14:36,317 - INFO - XGBoost Comparison Framework
2025-09-13 16:14:36,317 - INFO - ================================================================================
2025-09-13 16:14:36,317 - INFO - Configuration:
2025-09-13 16:14:36,317 - INFO -   Target Symbol: @ES#C
2025-09-13 16:14:36,317 - INFO -   Date Range: 2015-01-01 to 2025-08-01
2025-09-13 16:14:36,317 - INFO -   Models: 150, Type: standard
2025-09-13 16:14:36,318 - INFO -   Folds: 15
2025-09-13 16:14:36,318 - INFO -   Max Features: 100 (Limited)
2025-09-13 16:14:36,318 - INFO -   Feature Selection: Enabled
2025-09-13 16:14:36,318 - INFO -   Inner Val Fraction: 0.2
2025-09-13 16:14:36,318 - INFO -   EWMA Alpha: 0.1, Quality Halflife: 63 days
2025-09-13 16:14:36,318 - INFO -   Signal Type: Tanh Normalized
2025-09-13 16:14:36,318 - INFO -   Cross-validation: Expanding window
2025-09-13 16:14:36,318 - INFO -   Production: Cutoff=0.6, Top N=8, Q-Metric=hit_rate
2025-09-13 16:14:36,318 - INFO -   Reselection: Every 1 fold(s)
2025-09-13 16:14:36,318 - INFO - 
2025-09-13 16:14:41,229 - INFO - Dropped 8 rows due to NaN in target column @ES#C_target_return
2025-09-13 16:14:41,442 - INFO - Loaded: X=(2727, 1906), y=(2727,)
2025-09-13 16:15:08,023 - INFO - Selected 100 features (threshold: 0.7)
2025-09-13 16:15:08,036 - INFO - Selected: 100 features
2025-09-13 16:15:08,262 - INFO - GPU detection: CUDA GPU available and working
2025-09-13 16:15:08,262 - INFO - Processing mode: GPU sequential (GPU: True, Total models: 2250)
2025-09-13 16:15:08,330 - INFO - GPU detection: CUDA GPU available and working
2025-09-13 16:15:08,333 - INFO - Using expanding window
2025-09-13 16:15:08,333 - INFO - Starting analysis: 150 standard models x 13 folds
2025-09-13 16:15:08,333 - INFO - Processing Fold 1/13
2025-09-13 16:15:08,338 - INFO -   Using GPU sequential processing
2025-09-13 16:19:30,139 - INFO - Fold 1 Summary:
2025-09-13 16:19:30,139 - INFO -   Best OOS Sharpe: M23 (2.553, p=0.030)
2025-09-13 16:19:30,139 - INFO -   Best Q-Hit_Rate:  M108 (0.608, OOS_Sharpe=2.547, OOS_Hit=0.608)
2025-09-13 16:19:30,139 - INFO -   Mean OOS Sharpe: 0.491, Mean Hit: 0.524
2025-09-13 16:19:30,139 - INFO - 
2025-09-13 16:19:30,143 - INFO - Processing Fold 2/13
2025-09-13 16:19:30,146 - INFO -   Using GPU sequential processing
2025-09-13 16:24:41,213 - INFO - Fold 2 Summary:
2025-09-13 16:24:41,213 - INFO -   Best OOS Sharpe: M88 (2.413, p=0.020)
2025-09-13 16:24:41,213 - INFO -   Best Q-Hit_Rate:  M108 (0.594, OOS_Sharpe=1.269, OOS_Hit=0.475)
2025-09-13 16:24:41,213 - INFO -   Mean OOS Sharpe: 0.187, Mean Hit: 0.477
2025-09-13 16:24:41,213 - INFO - 
2025-09-13 16:24:41,217 - INFO - Processing Fold 3/13
2025-09-13 16:24:41,220 - INFO -   Using GPU sequential processing
2025-09-13 16:30:02,788 - INFO - Fold 3 Summary:
2025-09-13 16:30:02,788 - INFO -   Best OOS Sharpe: M121 (2.488, p=0.020)
2025-09-13 16:30:02,788 - INFO -   Best Q-Hit_Rate:  M108 (0.585, OOS_Sharpe=1.347, OOS_Hit=0.497)
2025-09-13 16:30:02,788 - INFO -   Mean OOS Sharpe: 0.601, Mean Hit: 0.509
2025-09-13 16:30:02,788 - INFO - 
2025-09-13 16:30:02,792 - INFO - Processing Fold 4/13
2025-09-13 16:30:02,795 - INFO -   Using GPU sequential processing
2025-09-13 16:35:36,143 - INFO - Fold 4 Summary:
2025-09-13 16:35:36,143 - INFO -   Best OOS Sharpe: M142 (3.085, p=0.000)
2025-09-13 16:35:36,143 - INFO -   Best Q-Hit_Rate:  M108 (0.575, OOS_Sharpe=1.274, OOS_Hit=0.486)
2025-09-13 16:35:36,143 - INFO -   Mean OOS Sharpe: 0.858, Mean Hit: 0.487
2025-09-13 16:35:36,143 - INFO - 
2025-09-13 16:35:36,147 - INFO - Processing Fold 5/13
2025-09-13 16:35:36,151 - INFO -   Using GPU sequential processing
2025-09-13 16:41:22,034 - INFO - Fold 5 Summary:
2025-09-13 16:41:22,034 - INFO -   Best OOS Sharpe: M03 (3.717, p=0.010)
2025-09-13 16:41:22,034 - INFO -   Best Q-Hit_Rate:  M108 (0.567, OOS_Sharpe=-0.880, OOS_Hit=0.497)
2025-09-13 16:41:22,034 - INFO -   Mean OOS Sharpe: 0.578, Mean Hit: 0.534
2025-09-13 16:41:22,034 - INFO - 
2025-09-13 16:41:22,037 - INFO - Processing Fold 6/13
2025-09-13 16:41:22,046 - INFO -   Using GPU sequential processing
2025-09-13 16:47:16,012 - INFO - Fold 6 Summary:
2025-09-13 16:47:16,012 - INFO -   Best OOS Sharpe: M92 (3.002, p=0.020)
2025-09-13 16:47:16,012 - INFO -   Best Q-Hit_Rate:  M108 (0.564, OOS_Sharpe=0.629, OOS_Hit=0.536)
2025-09-13 16:47:16,012 - INFO -   Mean OOS Sharpe: 0.577, Mean Hit: 0.507
2025-09-13 16:47:16,012 - INFO - 
2025-09-13 16:47:16,015 - INFO - Processing Fold 7/13
2025-09-13 16:47:16,019 - INFO -   Using GPU sequential processing
2025-09-13 16:52:44,135 - INFO - Fold 7 Summary:
2025-09-13 16:52:44,142 - INFO -   Best OOS Sharpe: M37 (3.339, p=0.000)
2025-09-13 16:52:44,142 - INFO -   Best Q-Hit_Rate:  M108 (0.553, OOS_Sharpe=-0.255, OOS_Hit=0.459)
2025-09-13 16:52:44,142 - INFO -   Mean OOS Sharpe: 1.353, Mean Hit: 0.510
2025-09-13 16:52:44,142 - INFO - 
2025-09-13 16:52:44,147 - INFO - Processing Fold 8/13
2025-09-13 16:52:44,151 - INFO -   Using GPU sequential processing
2025-09-13 16:58:06,597 - INFO - Fold 8 Summary:
2025-09-13 16:58:06,597 - INFO -   Best OOS Sharpe: M01 (3.797, p=0.010)
2025-09-13 16:58:06,597 - INFO -   Best Q-Hit_Rate:  M108 (0.549, OOS_Sharpe=0.470, OOS_Hit=0.508)
2025-09-13 16:58:06,597 - INFO -   Mean OOS Sharpe: 1.679, Mean Hit: 0.506
2025-09-13 16:58:06,597 - INFO - 
2025-09-13 16:58:06,600 - INFO - Processing Fold 9/13
2025-09-13 16:58:06,604 - INFO -   Using GPU sequential processing
2025-09-13 17:03:32,997 - INFO - Fold 9 Summary:
2025-09-13 17:03:32,998 - INFO -   Best OOS Sharpe: M24 (3.207, p=0.010)
2025-09-13 17:03:32,998 - INFO -   Best Q-Hit_Rate:  M108 (0.551, OOS_Sharpe=3.026, OOS_Hit=0.569)
2025-09-13 17:03:32,998 - INFO -   Mean OOS Sharpe: 1.379, Mean Hit: 0.514
2025-09-13 17:03:32,998 - INFO - 
2025-09-13 17:03:33,002 - INFO - Processing Fold 10/13
2025-09-13 17:03:33,006 - INFO -   Using GPU sequential processing
2025-09-13 17:09:08,549 - INFO - Fold 10 Summary:
2025-09-13 17:09:08,549 - INFO -   Best OOS Sharpe: M121 (3.887, p=0.000)
2025-09-13 17:09:08,549 - INFO -   Best Q-Hit_Rate:  M108 (0.547, OOS_Sharpe=2.260, OOS_Hit=0.508)
2025-09-13 17:09:08,549 - INFO -   Mean OOS Sharpe: 1.934, Mean Hit: 0.544
2025-09-13 17:09:08,550 - INFO - 
2025-09-13 17:09:08,553 - INFO - Processing Fold 11/13
2025-09-13 17:09:08,558 - INFO -   Using GPU sequential processing
2025-09-13 17:14:46,973 - INFO - Fold 11 Summary:
2025-09-13 17:14:46,973 - INFO -   Best OOS Sharpe: M88 (3.760, p=0.000)
2025-09-13 17:14:46,973 - INFO -   Best Q-Hit_Rate:  M143 (0.544, OOS_Sharpe=0.338, OOS_Hit=0.564)
2025-09-13 17:14:46,973 - INFO -   Mean OOS Sharpe: 0.294, Mean Hit: 0.514
2025-09-13 17:14:46,973 - INFO - 
2025-09-13 17:14:46,978 - INFO - Processing Fold 12/13
2025-09-13 17:14:46,983 - INFO -   Using GPU sequential processing
2025-09-13 17:20:29,104 - INFO - Fold 12 Summary:
2025-09-13 17:20:29,104 - INFO -   Best OOS Sharpe: M80 (3.259, p=0.010)
2025-09-13 17:20:29,104 - INFO -   Best Q-Hit_Rate:  M143 (0.543, OOS_Sharpe=1.629, OOS_Hit=0.530)
2025-09-13 17:20:29,104 - INFO -   Mean OOS Sharpe: 0.683, Mean Hit: 0.501
2025-09-13 17:20:29,104 - INFO - 
2025-09-13 17:20:29,109 - INFO - Processing Fold 13/13
2025-09-13 17:20:29,113 - INFO -   Using GPU sequential processing
2025-09-13 17:25:44,858 - INFO - Fold 13 Summary:
2025-09-13 17:25:44,859 - INFO -   Best OOS Sharpe: M99 (4.331, p=0.000)
2025-09-13 17:25:44,859 - INFO -   Best Q-Hit_Rate:  M143 (0.549, OOS_Sharpe=2.803, OOS_Hit=0.606)
2025-09-13 17:25:44,859 - INFO -   Mean OOS Sharpe: 2.280, Mean Hit: 0.560
2025-09-13 17:25:44,859 - INFO - 
2025-09-13 17:25:44,862 - INFO - Starting full timeline backtesting...
2025-09-13 17:25:44,862 - INFO - Running full timeline backtest with 13 folds (0-based indexing)
2025-09-13 17:25:44,862 - INFO - Fold 0 skipped (no prior Q-score history for meaningful selection)
2025-09-13 17:25:44,862 - INFO - Effective backtest period: Folds 1-12 (12 folds)
2025-09-13 17:25:44,862 - INFO - Training period: Folds 1-7
2025-09-13 17:25:44,863 - INFO - Production period: Folds 8-12
2025-09-13 17:25:44,863 - INFO - Using consistent OOS methodology for all folds
2025-09-13 17:25:44,863 - INFO - Fold 0: Skipped (no prior Q-score history for meaningful selection)
2025-09-13 17:25:44,863 - INFO - 
--- Processing fold 1/12 ---
2025-09-13 17:25:44,897 - INFO - Fold 1: Q-scores from fold 0: ['M00:0.530', 'M01:0.558', 'M02:0.519', 'M03:0.514', 'M04:0.503']...
2025-09-13 17:25:44,897 - INFO - Fold 1: Selected models [108, 120, 144, 77, 142, 28, 46, 138] based on fold 0 Q-scores, avg Q-score: 0.580
2025-09-13 17:25:44,899 - INFO - Fold 1 (Training): Sharpe=0.592, Hit=52.5%
2025-09-13 17:25:44,899 - INFO - 
--- Processing fold 2/12 ---
2025-09-13 17:25:44,931 - INFO - Fold 2: Q-scores from fold 1: ['M00:0.522', 'M01:0.551', 'M02:0.519', 'M03:0.512', 'M04:0.496']...
2025-09-13 17:25:44,932 - INFO - Fold 2: Selected models [108, 144, 120, 77, 142, 46, 138, 28] based on fold 1 Q-scores, avg Q-score: 0.571
2025-09-13 17:25:44,933 - INFO - Fold 2 (Training): Sharpe=0.489, Hit=51.9%
2025-09-13 17:25:44,933 - INFO - 
--- Processing fold 3/12 ---
2025-09-13 17:25:44,963 - INFO - Fold 3: Q-scores from fold 2: ['M00:0.523', 'M01:0.549', 'M02:0.522', 'M03:0.520', 'M04:0.497']...
2025-09-13 17:25:44,964 - INFO - Fold 3: Selected models [108, 77, 144, 120, 142, 46, 138, 28] based on fold 2 Q-scores, avg Q-score: 0.565
2025-09-13 17:25:44,965 - INFO - Fold 3 (Training): Sharpe=1.204, Hit=49.7%
2025-09-13 17:25:44,965 - INFO - 
--- Processing fold 4/12 ---
2025-09-13 17:25:44,998 - INFO - Fold 4: Q-scores from fold 3: ['M00:0.515', 'M01:0.546', 'M02:0.522', 'M03:0.516', 'M04:0.498']...
2025-09-13 17:25:44,998 - INFO - Fold 4: Selected models [108, 120, 77, 142, 144, 138, 28, 46] based on fold 3 Q-scores, avg Q-score: 0.559
2025-09-13 17:25:45,000 - INFO - Fold 4 (Training): Sharpe=0.101, Hit=53.6%
2025-09-13 17:25:45,000 - INFO - 
--- Processing fold 5/12 ---
2025-09-13 17:25:45,047 - INFO - Fold 5: Q-scores from fold 4: ['M00:0.518', 'M01:0.548', 'M02:0.518', 'M03:0.519', 'M04:0.502']...
2025-09-13 17:25:45,047 - INFO - Fold 5: Selected models [108, 142, 77, 120, 144, 138, 28, 46] based on fold 4 Q-scores, avg Q-score: 0.556
2025-09-13 17:25:45,048 - INFO - Fold 5 (Training): Sharpe=0.438, Hit=57.5%
2025-09-13 17:25:45,048 - INFO - 
--- Processing fold 6/12 ---
2025-09-13 17:25:45,108 - INFO - Fold 6: Q-scores from fold 5: ['M00:0.516', 'M01:0.544', 'M02:0.513', 'M03:0.520', 'M04:0.505']...
2025-09-13 17:25:45,108 - INFO - Fold 6: Selected models [108, 142, 144, 120, 77, 28, 46, 143] based on fold 5 Q-scores, avg Q-score: 0.553
2025-09-13 17:25:45,110 - INFO - Fold 6 (Training): Sharpe=1.857, Hit=51.9%
2025-09-13 17:25:45,110 - INFO - 
--- Processing fold 7/12 ---
2025-09-13 17:25:45,147 - INFO - Fold 7: Q-scores from fold 6: ['M00:0.517', 'M01:0.542', 'M02:0.516', 'M03:0.521', 'M04:0.504']...
2025-09-13 17:25:45,147 - INFO - Fold 7: Selected models [108, 144, 120, 142, 77, 28, 46, 143] based on fold 6 Q-scores, avg Q-score: 0.548
2025-09-13 17:25:45,149 - INFO - Fold 7 (Training): Sharpe=1.826, Hit=47.0%
2025-09-13 17:25:45,149 - INFO - 
--- Processing fold 8/12 ---
2025-09-13 17:25:45,186 - INFO - Fold 8: Q-scores from fold 7: ['M00:0.522', 'M01:0.541', 'M02:0.515', 'M03:0.522', 'M04:0.508']...
2025-09-13 17:25:45,186 - INFO - Fold 8: Selected models [108, 120, 77, 143, 46, 1, 133, 142] based on fold 7 Q-scores, avg Q-score: 0.543
2025-09-13 17:25:45,187 - INFO - Fold 8 (Production): Sharpe=2.300, Hit=53.6%
2025-09-13 17:25:45,187 - INFO - 
--- Processing fold 9/12 ---
2025-09-13 17:25:45,224 - INFO - Fold 9: Q-scores from fold 8: ['M00:0.517', 'M01:0.539', 'M02:0.514', 'M03:0.523', 'M04:0.505']...
2025-09-13 17:25:45,224 - INFO - Fold 9: Selected models [108, 143, 77, 133, 41, 1, 142, 46] based on fold 8 Q-scores, avg Q-score: 0.542
2025-09-13 17:25:45,225 - INFO - Fold 9 (Production): Sharpe=2.803, Hit=55.2%
2025-09-13 17:25:45,225 - INFO - 
--- Processing fold 10/12 ---
2025-09-13 17:25:45,259 - INFO - Fold 10: Q-scores from fold 9: ['M00:0.520', 'M01:0.544', 'M02:0.515', 'M03:0.526', 'M04:0.514']...
2025-09-13 17:25:45,259 - INFO - Fold 10: Selected models [108, 1, 133, 77, 143, 59, 142, 120] based on fold 9 Q-scores, avg Q-score: 0.542
2025-09-13 17:25:45,260 - INFO - Fold 10 (Production): Sharpe=0.486, Hit=51.9%
2025-09-13 17:25:45,260 - INFO - 
--- Processing fold 11/12 ---
2025-09-13 17:25:45,296 - INFO - Fold 11: Q-scores from fold 10: ['M00:0.521', 'M01:0.539', 'M02:0.520', 'M03:0.530', 'M04:0.516']...
2025-09-13 17:25:45,296 - INFO - Fold 11: Selected models [143, 77, 1, 41, 133, 108, 59, 44] based on fold 10 Q-scores, avg Q-score: 0.539
2025-09-13 17:25:45,297 - INFO - Fold 11 (Production): Sharpe=1.567, Hit=47.5%
2025-09-13 17:25:45,297 - INFO - 
--- Processing fold 12/12 ---
2025-09-13 17:25:45,331 - INFO - Fold 12: Q-scores from fold 11: ['M00:0.525', 'M01:0.537', 'M02:0.520', 'M03:0.532', 'M04:0.514']...
2025-09-13 17:25:45,331 - INFO - Fold 12: Selected models [143, 77, 1, 41, 108, 59, 3, 121] based on fold 11 Q-scores, avg Q-score: 0.536
2025-09-13 17:25:45,332 - INFO - Fold 12 (Production): Sharpe=3.795, Hit=59.6%
2025-09-13 17:25:45,333 - INFO - Training Period Overall: Sharpe=0.736, Hit=52.0%
2025-09-13 17:25:45,334 - INFO - Production Period Overall: Sharpe=2.319, Hit=53.7%
2025-09-13 17:25:45,335 - INFO - Full Timeline Overall: Sharpe=1.391, Hit=52.7%
2025-09-13 17:25:45,335 - INFO - Training: Sharpe=0.736 | Hit=52.0% | Return=5.76%
2025-09-13 17:25:45,335 - INFO - Production: Sharpe=2.319 | Hit=53.7% | Return=17.72%
2025-09-13 17:25:45,335 - INFO - Full Timeline: Sharpe=1.391 | Hit=52.7% | Return=10.78%
2025-09-13 17:25:45,335 - INFO - Generating visualizations...
2025-09-13 17:25:45,335 - INFO - Creating clean visualizations for 150 models...
2025-09-13 17:25:48,685 - INFO - Clean fold-by-fold analysis saved to: 20250913_161436_fold_@ES#C_150models_15folds_v2_H5.1_ES_optimal_150M.png
2025-09-13 17:25:52,173 - INFO - Detailed production analysis saved to: 20250913_161436_backtest_@ES#C_150models_15folds_v2_H5.1_ES_optimal_150M.png
2025-09-13 17:25:52,173 - INFO - ================================================================================
2025-09-13 17:25:52,173 - INFO - BACKTEST SUMMARY
2025-09-13 17:25:52,173 - INFO - ================================================================================
2025-09-13 17:25:52,173 - INFO - Config: Cutoff=70%, Top N=5, Q-Metric=sharpe, Reselection=1 fold(s)
2025-09-13 17:25:52,173 - INFO - Model Selection History:
2025-09-13 17:25:52,173 - INFO -   Fold 1: M108, M120, M144, M77, M142, M28, M46, M138 (Avg Q-sharpe: 0.580)
2025-09-13 17:25:52,173 - INFO -   Fold 2: M108, M144, M120, M77, M142, M46, M138, M28 (Avg Q-sharpe: 0.571)
2025-09-13 17:25:52,173 - INFO -   Fold 3: M108, M77, M144, M120, M142, M46, M138, M28 (Avg Q-sharpe: 0.565)
2025-09-13 17:25:52,174 - INFO -   Fold 4: M108, M120, M77, M142, M144, M138, M28, M46 (Avg Q-sharpe: 0.559)
2025-09-13 17:25:52,174 - INFO -   Fold 5: M108, M142, M77, M120, M144, M138, M28, M46 (Avg Q-sharpe: 0.556)
2025-09-13 17:25:52,174 - INFO -   Fold 6: M108, M142, M144, M120, M77, M28, M46, M143 (Avg Q-sharpe: 0.553)
2025-09-13 17:25:52,174 - INFO -   Fold 7: M108, M144, M120, M142, M77, M28, M46, M143 (Avg Q-sharpe: 0.548)
2025-09-13 17:25:52,174 - INFO -   Fold 8: M108, M120, M77, M143, M46, M01, M133, M142 (Avg Q-sharpe: 0.543)
2025-09-13 17:25:52,174 - INFO -   Fold 9: M108, M143, M77, M133, M41, M01, M142, M46 (Avg Q-sharpe: 0.542)
2025-09-13 17:25:52,174 - INFO -   Fold 10: M108, M01, M133, M77, M143, M59, M142, M120 (Avg Q-sharpe: 0.542)
2025-09-13 17:25:52,174 - INFO -   Fold 11: M143, M77, M01, M41, M133, M108, M59, M44 (Avg Q-sharpe: 0.539)
2025-09-13 17:25:52,174 - INFO -   Fold 12: M143, M77, M01, M41, M108, M59, M03, M121 (Avg Q-sharpe: 0.536)
2025-09-13 17:25:52,174 - INFO - 
2025-09-13 17:25:52,174 - INFO - Fold-by-Fold Performance:
2025-09-13 17:25:52,174 - INFO -   Fold 1: M108, M120, M144, M77, M142, M28, M46, M138 | Sharpe=0.592 | Hit=52.5% | Samples=181
2025-09-13 17:25:52,174 - INFO -   Fold 2: M108, M144, M120, M77, M142, M46, M138, M28 | Sharpe=0.489 | Hit=51.9% | Samples=181
2025-09-13 17:25:52,174 - INFO -   Fold 3: M108, M77, M144, M120, M142, M46, M138, M28 | Sharpe=1.204 | Hit=49.7% | Samples=181
2025-09-13 17:25:52,174 - INFO -   Fold 4: M108, M120, M77, M142, M144, M138, M28, M46 | Sharpe=0.101 | Hit=53.6% | Samples=181
2025-09-13 17:25:52,174 - INFO -   Fold 5: M108, M142, M77, M120, M144, M138, M28, M46 | Sharpe=0.438 | Hit=57.5% | Samples=181
2025-09-13 17:25:52,174 - INFO -   Fold 6: M108, M142, M144, M120, M77, M28, M46, M143 | Sharpe=1.857 | Hit=51.9% | Samples=181
2025-09-13 17:25:52,174 - INFO -   Fold 7: M108, M144, M120, M142, M77, M28, M46, M143 | Sharpe=1.826 | Hit=47.0% | Samples=181
2025-09-13 17:25:52,174 - INFO -   Fold 8: M108, M120, M77, M143, M46, M01, M133, M142 | Sharpe=2.300 | Hit=53.6% | Samples=181
2025-09-13 17:25:52,174 - INFO -   Fold 9: M108, M143, M77, M133, M41, M01, M142, M46 | Sharpe=2.803 | Hit=55.2% | Samples=181
2025-09-13 17:25:52,174 - INFO -   Fold 10: M108, M01, M133, M77, M143, M59, M142, M120 | Sharpe=0.486 | Hit=51.9% | Samples=181
2025-09-13 17:25:52,174 - INFO -   Fold 11: M143, M77, M01, M41, M133, M108, M59, M44 | Sharpe=1.567 | Hit=47.5% | Samples=181
2025-09-13 17:25:52,174 - INFO -   Fold 12: M143, M77, M01, M41, M108, M59, M03, M121 | Sharpe=3.795 | Hit=59.6% | Samples=193
2025-09-13 17:25:52,174 - INFO - ================================================================================
2025-09-13 17:25:52,174 - INFO - ================================================================================
2025-09-13 17:25:52,174 - INFO - ANALYSIS COMPLETED SUCCESSFULLY!
2025-09-13 17:25:52,174 - INFO - ================================================================================
2025-09-13 17:25:52,174 - INFO - Generated 2 visualization files
2025-09-13 17:25:52,175 - INFO -   - 20250913_161436_fold_@ES#C_150models_15folds_v2_H5.1_ES_optimal_150M.png
2025-09-13 17:25:52,175 - INFO -   - 20250913_161436_backtest_@ES#C_150models_15folds_v2_H5.1_ES_optimal_150M.png
2025-09-13 17:25:52,175 - INFO - Training Final: Sharpe=0.736 | Hit=52.0% | Return=5.76% | CB=0.368
2025-09-13 17:25:52,175 - INFO - Production Final: Sharpe=2.319 | Hit=53.7% | Return=17.72% | CB=3.538
2025-09-13 17:25:52,175 - INFO - Full Timeline Final: Sharpe=1.391 | Hit=52.7% | Return=10.78% | CB=0.689
