2025-09-17 00:44:37,242 - INFO - ================================================================================
2025-09-17 00:44:37,242 - INFO - XGBoost Comparison Framework
2025-09-17 00:44:37,242 - INFO - ================================================================================
2025-09-17 00:44:37,242 - INFO - Configuration:
2025-09-17 00:44:37,242 - INFO -   Target Symbol: BD#C
2025-09-17 00:44:37,242 - INFO -   Date Range: 2015-01-01 to 2025-08-01
2025-09-17 00:44:37,242 - INFO -   Models: 100, Type: standard
2025-09-17 00:44:37,242 - INFO -   Folds: 15
2025-09-17 00:44:37,242 - INFO -   Max Features: 100 (Limited)
2025-09-17 00:44:37,242 - INFO -   Feature Selection: Enabled
2025-09-17 00:44:37,242 - INFO -   Inner Val Fraction: 0.2
2025-09-17 00:44:37,242 - INFO -   EWMA Alpha: 0.1, Quality Halflife: 63 days
2025-09-17 00:44:37,242 - INFO -   Signal Type: Binary (+1/-1)
2025-09-17 00:44:37,242 - INFO -   Cross-validation: Expanding window
2025-09-17 00:44:37,243 - INFO -   Production: Cutoff=0.6, Top N=5, Q-Metric=sharpe
2025-09-17 00:44:37,243 - INFO -   Reselection: Every 1 fold(s)
2025-09-17 00:44:37,243 - INFO - 
2025-09-17 00:44:50,583 - INFO - Dropped 40 rows due to NaN in target column BD#C_target_return
2025-09-17 00:44:50,857 - INFO - Loaded: X=(2695, 1906), y=(2695,)
2025-09-17 00:46:29,787 - INFO - Selected 100 features (threshold: 0.7)
2025-09-17 00:46:31,242 - INFO - Selected: 100 features
2025-09-17 00:46:33,131 - INFO - GPU detection: XGBoost not compiled with CUDA support - using CPU
2025-09-17 00:46:33,132 - INFO - Processing mode: CPU multiprocessing (GPU: False, Total models: 1500)
2025-09-17 00:46:33,173 - INFO - GPU detection: XGBoost not compiled with CUDA support - using CPU
2025-09-17 00:46:33,214 - INFO - Using expanding window
2025-09-17 00:46:33,238 - INFO - Starting analysis: 100 standard models x 13 folds
2025-09-17 00:46:33,238 - INFO - Processing Fold 1/13
2025-09-17 00:46:33,264 - INFO -   Using multiprocessing with 9 workers
2025-09-17 00:49:05,664 - INFO - Fold 1 Summary:
2025-09-17 00:49:05,669 - INFO -   Best OOS Sharpe: M91 (4.684, p=0.000)
2025-09-17 00:49:05,669 - INFO -   Best Q-Sharpe:  M91 (4.684, OOS_Sharpe=4.684, OOS_Hit=0.620)
2025-09-17 00:49:05,669 - INFO -   Mean OOS Sharpe: 2.608, Mean Hit: 0.563
2025-09-17 00:49:05,669 - INFO - 
