2025-09-15 21:05:45,126 - INFO - ================================================================================
2025-09-15 21:05:45,126 - INFO - XGBoost Comparison Framework
2025-09-15 21:05:45,126 - INFO - ================================================================================
2025-09-15 21:05:45,126 - INFO - Configuration:
2025-09-15 21:05:45,126 - INFO -   Target Symbol: @NQ#C
2025-09-15 21:05:45,126 - INFO -   Date Range: 2015-01-01 to 2025-08-01
2025-09-15 21:05:45,126 - INFO -   Models: 100, Type: standard
2025-09-15 21:05:45,127 - INFO -   Folds: 15
2025-09-15 21:05:45,127 - INFO -   Max Features: 100 (Limited)
2025-09-15 21:05:45,127 - INFO -   Feature Selection: Enabled
2025-09-15 21:05:45,127 - INFO -   Inner Val Fraction: 0.2
2025-09-15 21:05:45,127 - INFO -   EWMA Alpha: 0.1, Quality Halflife: 63 days
2025-09-15 21:05:45,127 - INFO -   Signal Type: Tanh Normalized
2025-09-15 21:05:45,127 - INFO -   Cross-validation: Expanding window
2025-09-15 21:05:45,127 - INFO -   Production: Cutoff=0.6, Top N=5, Q-Metric=sharpe
2025-09-15 21:05:45,127 - INFO -   Reselection: Every 1 fold(s)
2025-09-15 21:05:45,127 - INFO - 
2025-09-15 21:05:55,402 - INFO - Dropped 8 rows due to NaN in target column @NQ#C_target_return
2025-09-15 21:05:55,652 - INFO - Loaded: X=(2727, 1906), y=(2727,)
2025-09-15 21:06:45,079 - INFO - Selected 100 features (threshold: 0.7)
2025-09-15 21:06:45,091 - INFO - Selected: 100 features
2025-09-15 21:06:45,769 - INFO - GPU detection: CUDA GPU available and working
2025-09-15 21:06:45,769 - INFO - Processing mode: GPU sequential (GPU: True, Total models: 1500)
2025-09-15 21:06:46,132 - INFO - GPU detection: CUDA GPU available and working
2025-09-15 21:06:46,135 - INFO - Using expanding window
2025-09-15 21:06:46,135 - INFO - Starting analysis: 100 standard models x 13 folds
2025-09-15 21:06:46,135 - INFO - Processing Fold 1/13
2025-09-15 21:06:46,139 - INFO -   Using GPU sequential processing
2025-09-15 21:11:05,165 - INFO - Fold 1 Summary:
2025-09-15 21:11:05,165 - INFO -   Best OOS Sharpe: M31 (3.067, p=0.000)
2025-09-15 21:11:05,166 - INFO -   Best Q-Sharpe:  M31 (3.067, OOS_Sharpe=3.067, OOS_Hit=0.569)
2025-09-15 21:11:05,166 - INFO -   Mean OOS Sharpe: 0.937, Mean Hit: 0.526
2025-09-15 21:11:05,166 - INFO - 
2025-09-15 21:11:05,168 - INFO - Processing Fold 2/13
2025-09-15 21:11:05,171 - INFO -   Using GPU sequential processing
2025-09-15 21:15:42,567 - INFO - Fold 2 Summary:
2025-09-15 21:15:42,567 - INFO -   Best OOS Sharpe: M12 (2.472, p=0.010)
2025-09-15 21:15:42,567 - INFO -   Best Q-Sharpe:  M31 (2.885, OOS_Sharpe=1.246, OOS_Hit=0.547)
2025-09-15 21:15:42,567 - INFO -   Mean OOS Sharpe: 0.731, Mean Hit: 0.521
2025-09-15 21:15:42,567 - INFO - 
2025-09-15 21:15:42,569 - INFO - Processing Fold 3/13
2025-09-15 21:15:42,573 - INFO -   Using GPU sequential processing
2025-09-15 21:20:24,441 - INFO - Fold 3 Summary:
2025-09-15 21:20:24,441 - INFO -   Best OOS Sharpe: M38 (2.922, p=0.010)
2025-09-15 21:20:24,441 - INFO -   Best Q-Sharpe:  M20 (2.724, OOS_Sharpe=1.800, OOS_Hit=0.514)
2025-09-15 21:20:24,441 - INFO -   Mean OOS Sharpe: 1.056, Mean Hit: 0.527
2025-09-15 21:20:24,441 - INFO - 
2025-09-15 21:20:24,444 - INFO - Processing Fold 4/13
2025-09-15 21:20:24,448 - INFO -   Using GPU sequential processing
2025-09-15 21:25:02,643 - INFO - Fold 4 Summary:
2025-09-15 21:25:02,643 - INFO -   Best OOS Sharpe: M23 (2.355, p=0.030)
2025-09-15 21:25:02,643 - INFO -   Best Q-Sharpe:  M31 (2.614, OOS_Sharpe=2.087, OOS_Hit=0.525)
2025-09-15 21:25:02,643 - INFO -   Mean OOS Sharpe: 0.771, Mean Hit: 0.512
2025-09-15 21:25:02,643 - INFO - 
2025-09-15 21:25:02,646 - INFO - Processing Fold 5/13
2025-09-15 21:25:02,650 - INFO -   Using GPU sequential processing
2025-09-15 21:29:45,588 - INFO - Fold 5 Summary:
2025-09-15 21:29:45,588 - INFO -   Best OOS Sharpe: M20 (3.807, p=0.000)
2025-09-15 21:29:45,588 - INFO -   Best Q-Sharpe:  M20 (2.624, OOS_Sharpe=3.807, OOS_Hit=0.536)
2025-09-15 21:29:45,588 - INFO -   Mean OOS Sharpe: 1.198, Mean Hit: 0.508
2025-09-15 21:29:45,588 - INFO - 
2025-09-15 21:29:45,591 - INFO - Processing Fold 6/13
2025-09-15 21:29:45,594 - INFO -   Using GPU sequential processing
2025-09-15 21:34:32,085 - INFO - Fold 6 Summary:
2025-09-15 21:34:32,085 - INFO -   Best OOS Sharpe: M92 (3.204, p=0.000)
2025-09-15 21:34:32,085 - INFO -   Best Q-Sharpe:  M20 (2.533, OOS_Sharpe=1.708, OOS_Hit=0.547)
2025-09-15 21:34:32,085 - INFO -   Mean OOS Sharpe: 0.757, Mean Hit: 0.479
2025-09-15 21:34:32,085 - INFO - 
2025-09-15 21:34:32,088 - INFO - Processing Fold 7/13
2025-09-15 21:34:32,092 - INFO -   Using GPU sequential processing
2025-09-15 21:39:15,793 - INFO - Fold 7 Summary:
2025-09-15 21:39:15,793 - INFO -   Best OOS Sharpe: M95 (3.361, p=0.000)
2025-09-15 21:39:15,793 - INFO -   Best Q-Sharpe:  M20 (2.446, OOS_Sharpe=1.667, OOS_Hit=0.558)
2025-09-15 21:39:15,793 - INFO -   Mean OOS Sharpe: 1.338, Mean Hit: 0.535
2025-09-15 21:39:15,793 - INFO - 
2025-09-15 21:39:15,796 - INFO - Processing Fold 8/13
2025-09-15 21:39:15,800 - INFO -   Using GPU sequential processing
2025-09-15 21:44:20,873 - INFO - Fold 8 Summary:
2025-09-15 21:44:20,873 - INFO -   Best OOS Sharpe: M46 (3.352, p=0.010)
2025-09-15 21:44:20,873 - INFO -   Best Q-Sharpe:  M20 (2.288, OOS_Sharpe=0.861, OOS_Hit=0.547)
2025-09-15 21:44:20,873 - INFO -   Mean OOS Sharpe: 1.091, Mean Hit: 0.510
2025-09-15 21:44:20,873 - INFO - 
2025-09-15 21:44:20,876 - INFO - Processing Fold 9/13
2025-09-15 21:44:20,880 - INFO -   Using GPU sequential processing
2025-09-15 21:49:27,734 - INFO - Fold 9 Summary:
2025-09-15 21:49:27,734 - INFO -   Best OOS Sharpe: M66 (3.285, p=0.000)
2025-09-15 21:49:27,734 - INFO -   Best Q-Sharpe:  M20 (2.026, OOS_Sharpe=-0.332, OOS_Hit=0.481)
2025-09-15 21:49:27,734 - INFO -   Mean OOS Sharpe: 1.141, Mean Hit: 0.505
2025-09-15 21:49:27,734 - INFO - 
2025-09-15 21:49:27,736 - INFO - Processing Fold 10/13
2025-09-15 21:49:27,741 - INFO -   Using GPU sequential processing
2025-09-15 21:54:39,839 - INFO - Fold 10 Summary:
2025-09-15 21:54:39,839 - INFO -   Best OOS Sharpe: M82 (3.158, p=0.000)
2025-09-15 21:54:39,839 - INFO -   Best Q-Sharpe:  M61 (2.088, OOS_Sharpe=2.940, OOS_Hit=0.608)
2025-09-15 21:54:39,839 - INFO -   Mean OOS Sharpe: 1.538, Mean Hit: 0.540
2025-09-15 21:54:39,839 - INFO - 
2025-09-15 21:54:39,843 - INFO - Processing Fold 11/13
2025-09-15 21:54:39,848 - INFO -   Using GPU sequential processing
2025-09-15 21:59:52,851 - INFO - Fold 11 Summary:
2025-09-15 21:59:52,851 - INFO -   Best OOS Sharpe: M41 (2.366, p=0.030)
2025-09-15 21:59:52,851 - INFO -   Best Q-Sharpe:  M31 (1.871, OOS_Sharpe=1.003, OOS_Hit=0.508)
2025-09-15 21:59:52,851 - INFO -   Mean OOS Sharpe: 0.093, Mean Hit: 0.496
2025-09-15 21:59:52,851 - INFO - 
2025-09-15 21:59:52,855 - INFO - Processing Fold 12/13
2025-09-15 21:59:52,859 - INFO -   Using GPU sequential processing
2025-09-15 22:05:12,102 - INFO - Fold 12 Summary:
2025-09-15 22:05:12,102 - INFO -   Best OOS Sharpe: M42 (2.886, p=0.000)
2025-09-15 22:05:12,102 - INFO -   Best Q-Sharpe:  M31 (1.845, OOS_Sharpe=1.611, OOS_Hit=0.530)
2025-09-15 22:05:12,102 - INFO -   Mean OOS Sharpe: 1.376, Mean Hit: 0.523
2025-09-15 22:05:12,102 - INFO - 
2025-09-15 22:05:12,106 - INFO - Processing Fold 13/13
2025-09-15 22:05:12,111 - INFO -   Using GPU sequential processing
2025-09-15 22:10:40,300 - INFO - Fold 13 Summary:
2025-09-15 22:10:40,301 - INFO -   Best OOS Sharpe: M63 (4.787, p=0.000)
2025-09-15 22:10:40,301 - INFO -   Best Q-Sharpe:  M61 (1.954, OOS_Sharpe=3.222, OOS_Hit=0.585)
2025-09-15 22:10:40,301 - INFO -   Mean OOS Sharpe: 2.574, Mean Hit: 0.571
2025-09-15 22:10:40,301 - INFO - 
2025-09-15 22:10:40,305 - INFO - Starting full timeline backtesting...
2025-09-15 22:10:40,305 - INFO - Running full timeline backtest with 13 folds (0-based indexing)
2025-09-15 22:10:40,305 - INFO - Fold 0 skipped (no prior Q-score history for meaningful selection)
2025-09-15 22:10:40,305 - INFO - Effective backtest period: Folds 1-12 (12 folds)
2025-09-15 22:10:40,305 - INFO - Training period: Folds 1-7
2025-09-15 22:10:40,305 - INFO - Production period: Folds 8-12
2025-09-15 22:10:40,305 - INFO - Using consistent OOS methodology for all folds
2025-09-15 22:10:40,305 - INFO - Fold 0: Skipped (no prior Q-score history for meaningful selection)
2025-09-15 22:10:40,305 - INFO - 
--- Processing fold 1/12 ---
2025-09-15 22:10:40,332 - INFO - Fold 1: Q-scores from fold 0: ['M00:0.900', 'M01:0.580', 'M02:0.540', 'M03:1.363', 'M04:-0.154']...
2025-09-15 22:10:40,332 - INFO - Fold 1: Selected models [31, 20, 85, 61, 79] based on fold 0 Q-scores, avg Q-score: 2.832
2025-09-15 22:10:40,333 - INFO - Fold 1 (Training): Sharpe=0.821, Hit=53.0%
2025-09-15 22:10:40,334 - INFO - 
--- Processing fold 2/12 ---
2025-09-15 22:10:40,360 - INFO - Fold 2: Q-scores from fold 1: ['M00:0.853', 'M01:0.635', 'M02:0.729', 'M03:1.329', 'M04:-0.131']...
2025-09-15 22:10:40,360 - INFO - Fold 2: Selected models [31, 20, 61, 85, 89] based on fold 1 Q-scores, avg Q-score: 2.618
2025-09-15 22:10:40,362 - INFO - Fold 2 (Training): Sharpe=2.374, Hit=55.8%
2025-09-15 22:10:40,362 - INFO - 
--- Processing fold 3/12 ---
2025-09-15 22:10:40,388 - INFO - Fold 3: Q-scores from fold 2: ['M00:0.799', 'M01:0.584', 'M02:0.673', 'M03:1.254', 'M04:0.033']...
2025-09-15 22:10:40,388 - INFO - Fold 3: Selected models [20, 31, 61, 85, 89] based on fold 2 Q-scores, avg Q-score: 2.530
2025-09-15 22:10:40,390 - INFO - Fold 3 (Training): Sharpe=1.361, Hit=51.9%
2025-09-15 22:10:40,390 - INFO - 
--- Processing fold 4/12 ---
2025-09-15 22:10:40,416 - INFO - Fold 4: Q-scores from fold 3: ['M00:0.821', 'M01:0.599', 'M02:0.686', 'M03:1.152', 'M04:0.122']...
2025-09-15 22:10:40,416 - INFO - Fold 4: Selected models [31, 20, 61, 85, 89] based on fold 3 Q-scores, avg Q-score: 2.391
2025-09-15 22:10:40,418 - INFO - Fold 4 (Training): Sharpe=2.637, Hit=53.0%
2025-09-15 22:10:40,418 - INFO - 
--- Processing fold 5/12 ---
2025-09-15 22:10:40,444 - INFO - Fold 5: Q-scores from fold 4: ['M00:0.987', 'M01:0.667', 'M02:0.698', 'M03:1.225', 'M04:0.205']...
2025-09-15 22:10:40,444 - INFO - Fold 5: Selected models [20, 31, 61, 89, 85] based on fold 4 Q-scores, avg Q-score: 2.335
2025-09-15 22:10:40,446 - INFO - Fold 5 (Training): Sharpe=1.420, Hit=48.6%
2025-09-15 22:10:40,446 - INFO - 
--- Processing fold 6/12 ---
2025-09-15 22:10:40,473 - INFO - Fold 6: Q-scores from fold 5: ['M00:0.940', 'M01:0.698', 'M02:0.545', 'M03:1.033', 'M04:0.205']...
2025-09-15 22:10:40,473 - INFO - Fold 6: Selected models [20, 31, 61, 85, 79] based on fold 5 Q-scores, avg Q-score: 2.228
2025-09-15 22:10:40,475 - INFO - Fold 6 (Training): Sharpe=1.274, Hit=55.2%
2025-09-15 22:10:40,475 - INFO - 
--- Processing fold 7/12 ---
2025-09-15 22:10:40,502 - INFO - Fold 7: Q-scores from fold 6: ['M00:0.828', 'M01:0.733', 'M02:0.654', 'M03:1.112', 'M04:0.217']...
2025-09-15 22:10:40,502 - INFO - Fold 7: Selected models [20, 31, 61, 85, 32] based on fold 6 Q-scores, avg Q-score: 2.154
2025-09-15 22:10:40,504 - INFO - Fold 7 (Training): Sharpe=1.422, Hit=51.4%
2025-09-15 22:10:40,504 - INFO - 
--- Processing fold 8/12 ---
2025-09-15 22:10:40,529 - INFO - Fold 8: Q-scores from fold 7: ['M00:0.792', 'M01:0.692', 'M02:0.566', 'M03:1.228', 'M04:0.288']...
2025-09-15 22:10:40,530 - INFO - Fold 8: Selected models [20, 31, 61, 32, 89] based on fold 7 Q-scores, avg Q-score: 2.069
2025-09-15 22:10:40,531 - INFO - Fold 8 (Production): Sharpe=1.228, Hit=50.8%
2025-09-15 22:10:40,531 - INFO - 
--- Processing fold 9/12 ---
2025-09-15 22:10:40,557 - INFO - Fold 9: Q-scores from fold 8: ['M00:0.741', 'M01:0.863', 'M02:0.750', 'M03:1.192', 'M04:0.370']...
2025-09-15 22:10:40,558 - INFO - Fold 9: Selected models [20, 61, 89, 31, 32] based on fold 8 Q-scores, avg Q-score: 1.963
2025-09-15 22:10:40,559 - INFO - Fold 9 (Production): Sharpe=2.577, Hit=58.0%
2025-09-15 22:10:40,559 - INFO - 
--- Processing fold 10/12 ---
2025-09-15 22:10:40,586 - INFO - Fold 10: Q-scores from fold 9: ['M00:0.712', 'M01:0.795', 'M02:0.677', 'M03:1.245', 'M04:0.528']...
2025-09-15 22:10:40,587 - INFO - Fold 10: Selected models [61, 89, 31, 20, 32] based on fold 9 Q-scores, avg Q-score: 1.982
2025-09-15 22:10:40,588 - INFO - Fold 10 (Production): Sharpe=0.073, Hit=48.6%
2025-09-15 22:10:40,588 - INFO - 
--- Processing fold 11/12 ---
2025-09-15 22:10:40,615 - INFO - Fold 11: Q-scores from fold 10: ['M00:0.635', 'M01:0.611', 'M02:0.566', 'M03:1.198', 'M04:0.415']...
2025-09-15 22:10:40,615 - INFO - Fold 11: Selected models [31, 61, 89, 32, 20] based on fold 10 Q-scores, avg Q-score: 1.788
2025-09-15 22:10:40,617 - INFO - Fold 11 (Production): Sharpe=1.895, Hit=49.7%
2025-09-15 22:10:40,617 - INFO - 
--- Processing fold 12/12 ---
2025-09-15 22:10:40,644 - INFO - Fold 12: Q-scores from fold 11: ['M00:0.651', 'M01:0.638', 'M02:0.580', 'M03:1.231', 'M04:0.574']...
2025-09-15 22:10:40,644 - INFO - Fold 12: Selected models [31, 61, 89, 32, 20] based on fold 11 Q-scores, avg Q-score: 1.770
2025-09-15 22:10:40,645 - INFO - Fold 12 (Production): Sharpe=3.022, Hit=59.1%
2025-09-15 22:10:40,647 - INFO - Training Period Overall: Sharpe=1.470, Hit=52.7%
2025-09-15 22:10:40,648 - INFO - Production Period Overall: Sharpe=1.851, Hit=53.3%
2025-09-15 22:10:40,649 - INFO - Full Timeline Overall: Sharpe=1.640, Hit=53.0%
2025-09-15 22:10:40,649 - INFO - Training: Sharpe=1.470 | Hit=52.7% | Return=12.79%
2025-09-15 22:10:40,649 - INFO - Production: Sharpe=1.851 | Hit=53.3% | Return=19.56%
2025-09-15 22:10:40,649 - INFO - Full Timeline: Sharpe=1.640 | Hit=53.0% | Return=15.63%
2025-09-15 22:10:40,650 - INFO - Generating visualizations...
2025-09-15 22:10:40,650 - INFO - Creating clean visualizations for 100 models...
2025-09-15 22:10:44,487 - INFO - Clean fold-by-fold analysis saved to: 20250915_210545_fold_@NQ#C_100models_15folds_OPTIMAL_NQ_production.png
2025-09-15 22:10:46,850 - INFO - Detailed production analysis saved to: 20250915_210545_backtest_@NQ#C_100models_15folds_OPTIMAL_NQ_production.png
2025-09-15 22:10:46,850 - INFO - ================================================================================
2025-09-15 22:10:46,850 - INFO - BACKTEST SUMMARY
2025-09-15 22:10:46,850 - INFO - ================================================================================
2025-09-15 22:10:46,850 - INFO - Config: Cutoff=70%, Top N=5, Q-Metric=sharpe, Reselection=1 fold(s)
2025-09-15 22:10:46,850 - INFO - Model Selection History:
2025-09-15 22:10:46,850 - INFO -   Fold 1: M31, M20, M85, M61, M79 (Avg Q-sharpe: 2.832)
2025-09-15 22:10:46,850 - INFO -   Fold 2: M31, M20, M61, M85, M89 (Avg Q-sharpe: 2.618)
2025-09-15 22:10:46,850 - INFO -   Fold 3: M20, M31, M61, M85, M89 (Avg Q-sharpe: 2.530)
2025-09-15 22:10:46,850 - INFO -   Fold 4: M31, M20, M61, M85, M89 (Avg Q-sharpe: 2.391)
2025-09-15 22:10:46,850 - INFO -   Fold 5: M20, M31, M61, M89, M85 (Avg Q-sharpe: 2.335)
2025-09-15 22:10:46,850 - INFO -   Fold 6: M20, M31, M61, M85, M79 (Avg Q-sharpe: 2.228)
2025-09-15 22:10:46,850 - INFO -   Fold 7: M20, M31, M61, M85, M32 (Avg Q-sharpe: 2.154)
2025-09-15 22:10:46,850 - INFO -   Fold 8: M20, M31, M61, M32, M89 (Avg Q-sharpe: 2.069)
2025-09-15 22:10:46,850 - INFO -   Fold 9: M20, M61, M89, M31, M32 (Avg Q-sharpe: 1.963)
2025-09-15 22:10:46,850 - INFO -   Fold 10: M61, M89, M31, M20, M32 (Avg Q-sharpe: 1.982)
2025-09-15 22:10:46,850 - INFO -   Fold 11: M31, M61, M89, M32, M20 (Avg Q-sharpe: 1.788)
2025-09-15 22:10:46,850 - INFO -   Fold 12: M31, M61, M89, M32, M20 (Avg Q-sharpe: 1.770)
2025-09-15 22:10:46,850 - INFO - 
2025-09-15 22:10:46,850 - INFO - Fold-by-Fold Performance:
2025-09-15 22:10:46,851 - INFO -   Fold 1: M31, M20, M85, M61, M79 | Sharpe=0.821 | Hit=53.0% | Samples=181
2025-09-15 22:10:46,851 - INFO -   Fold 2: M31, M20, M61, M85, M89 | Sharpe=2.374 | Hit=55.8% | Samples=181
2025-09-15 22:10:46,851 - INFO -   Fold 3: M20, M31, M61, M85, M89 | Sharpe=1.361 | Hit=51.9% | Samples=181
2025-09-15 22:10:46,851 - INFO -   Fold 4: M31, M20, M61, M85, M89 | Sharpe=2.637 | Hit=53.0% | Samples=181
2025-09-15 22:10:46,851 - INFO -   Fold 5: M20, M31, M61, M89, M85 | Sharpe=1.420 | Hit=48.6% | Samples=181
2025-09-15 22:10:46,851 - INFO -   Fold 6: M20, M31, M61, M85, M79 | Sharpe=1.274 | Hit=55.2% | Samples=181
2025-09-15 22:10:46,851 - INFO -   Fold 7: M20, M31, M61, M85, M32 | Sharpe=1.422 | Hit=51.4% | Samples=181
2025-09-15 22:10:46,851 - INFO -   Fold 8: M20, M31, M61, M32, M89 | Sharpe=1.228 | Hit=50.8% | Samples=181
2025-09-15 22:10:46,851 - INFO -   Fold 9: M20, M61, M89, M31, M32 | Sharpe=2.577 | Hit=58.0% | Samples=181
2025-09-15 22:10:46,851 - INFO -   Fold 10: M61, M89, M31, M20, M32 | Sharpe=0.073 | Hit=48.6% | Samples=181
2025-09-15 22:10:46,851 - INFO -   Fold 11: M31, M61, M89, M32, M20 | Sharpe=1.895 | Hit=49.7% | Samples=181
2025-09-15 22:10:46,851 - INFO -   Fold 12: M31, M61, M89, M32, M20 | Sharpe=3.022 | Hit=59.1% | Samples=193
2025-09-15 22:10:46,851 - INFO - ================================================================================
2025-09-15 22:10:46,851 - INFO - ================================================================================
2025-09-15 22:10:46,851 - INFO - ANALYSIS COMPLETED SUCCESSFULLY!
2025-09-15 22:10:46,851 - INFO - ================================================================================
2025-09-15 22:10:46,851 - INFO - Generated 2 visualization files
2025-09-15 22:10:46,851 - INFO -   - 20250915_210545_fold_@NQ#C_100models_15folds_OPTIMAL_NQ_production.png
2025-09-15 22:10:46,851 - INFO -   - 20250915_210545_backtest_@NQ#C_100models_15folds_OPTIMAL_NQ_production.png
2025-09-15 22:10:46,851 - INFO - Training Final: Sharpe=1.470 | Hit=52.7% | Return=12.79% | CB=1.372
2025-09-15 22:10:46,851 - INFO - Production Final: Sharpe=1.851 | Hit=53.3% | Return=19.56% | CB=2.225
2025-09-15 22:10:46,851 - INFO - Full Timeline Final: Sharpe=1.640 | Hit=53.0% | Return=15.63% | CB=1.678
