2025-09-15 23:11:26,555 - INFO - ================================================================================
2025-09-15 23:11:26,555 - INFO - XGBoost Comparison Framework
2025-09-15 23:11:26,555 - INFO - ================================================================================
2025-09-15 23:11:26,555 - INFO - Configuration:
2025-09-15 23:11:26,555 - INFO -   Target Symbol: @W#C
2025-09-15 23:11:26,555 - INFO -   Date Range: 2015-01-01 to 2025-08-01
2025-09-15 23:11:26,555 - INFO -   Models: 150, Type: standard
2025-09-15 23:11:26,556 - INFO -   Folds: 15
2025-09-15 23:11:26,556 - INFO -   Max Features: 250 (Limited)
2025-09-15 23:11:26,556 - INFO -   Feature Selection: Enabled
2025-09-15 23:11:26,556 - INFO -   Inner Val Fraction: 0.2
2025-09-15 23:11:26,556 - INFO -   EWMA Alpha: 0.1, Quality Halflife: 63 days
2025-09-15 23:11:26,556 - INFO -   Signal Type: Tanh Normalized
2025-09-15 23:11:26,556 - INFO -   Cross-validation: Expanding window
2025-09-15 23:11:26,556 - INFO -   Production: Cutoff=0.6, Top N=8, Q-Metric=sharpe
2025-09-15 23:11:26,556 - INFO -   Reselection: Every 1 fold(s)
2025-09-15 23:11:26,556 - INFO - 
2025-09-15 23:11:32,895 - INFO - Dropped 74 rows due to NaN in target column @W#C_target_return
2025-09-15 23:11:33,147 - INFO - Loaded: X=(2661, 1906), y=(2661,)
2025-09-15 23:12:02,484 - INFO - Selected 250 features (threshold: 0.7)
2025-09-15 23:12:02,497 - INFO - Selected: 250 features
2025-09-15 23:12:03,136 - INFO - GPU detection: CUDA GPU available and working
2025-09-15 23:12:03,136 - INFO - Processing mode: GPU sequential (GPU: True, Total models: 2250)
2025-09-15 23:12:03,729 - INFO - GPU detection: CUDA GPU available and working
2025-09-15 23:12:03,732 - INFO - Using expanding window
2025-09-15 23:12:03,732 - INFO - Starting analysis: 150 standard models x 13 folds
2025-09-15 23:12:03,732 - INFO - Processing Fold 1/13
2025-09-15 23:12:03,740 - INFO -   Using GPU sequential processing
2025-09-15 23:22:28,066 - INFO - Fold 1 Summary:
2025-09-15 23:22:28,067 - INFO -   Best OOS Sharpe: M20 (2.056, p=0.130)
2025-09-15 23:22:28,067 - INFO -   Best Q-Sharpe:  M20 (2.056, OOS_Sharpe=2.056, OOS_Hit=0.548)
2025-09-15 23:22:28,067 - INFO -   Mean OOS Sharpe: -0.366, Mean Hit: 0.466
2025-09-15 23:22:28,110 - INFO - 
2025-09-15 23:22:28,114 - INFO - Processing Fold 2/13
2025-09-15 23:22:28,122 - INFO -   Using GPU sequential processing
