2025-09-13 18:05:27,900 - INFO - ================================================================================
2025-09-13 18:05:27,900 - INFO - XGBoost Comparison Framework
2025-09-13 18:05:27,900 - INFO - ================================================================================
2025-09-13 18:05:27,900 - INFO - Configuration:
2025-09-13 18:05:27,900 - INFO -   Target Symbol: @S#C
2025-09-13 18:05:27,900 - INFO -   Date Range: 2015-01-01 to 2025-08-01
2025-09-13 18:05:27,900 - INFO -   Models: 200, Type: standard
2025-09-13 18:05:27,901 - INFO -   Folds: 15
2025-09-13 18:05:27,901 - INFO -   Max Features: 100 (Limited)
2025-09-13 18:05:27,901 - INFO -   Feature Selection: Enabled
2025-09-13 18:05:27,901 - INFO -   Inner Val Fraction: 0.2
2025-09-13 18:05:27,901 - INFO -   EWMA Alpha: 0.1, Quality Halflife: 63 days
2025-09-13 18:05:27,901 - INFO -   Signal Type: Tanh Normalized
2025-09-13 18:05:27,901 - INFO -   Cross-validation: Expanding window
2025-09-13 18:05:27,901 - INFO -   Production: Cutoff=0.6, Top N=10, Q-Metric=sharpe
2025-09-13 18:05:27,901 - INFO -   Reselection: Every 1 fold(s)
2025-09-13 18:05:27,901 - INFO - 
2025-09-13 18:05:32,202 - INFO - Dropped 74 rows due to NaN in target column @S#C_target_return
2025-09-13 18:05:32,382 - INFO - Loaded: X=(2661, 1906), y=(2661,)
2025-09-13 18:05:57,613 - INFO - Selected 100 features (threshold: 0.7)
2025-09-13 18:05:57,625 - INFO - Selected: 100 features
2025-09-13 18:05:57,863 - INFO - GPU detection: CUDA GPU available and working
2025-09-13 18:05:57,863 - INFO - Processing mode: GPU sequential (GPU: True, Total models: 3000)
2025-09-13 18:05:57,880 - INFO - GPU detection: CUDA GPU available and working
2025-09-13 18:05:57,884 - INFO - Using expanding window
2025-09-13 18:05:57,884 - INFO - Starting analysis: 200 standard models x 13 folds
2025-09-13 18:05:57,884 - INFO - Processing Fold 1/13
2025-09-13 18:05:57,887 - INFO -   Using GPU sequential processing
2025-09-13 18:09:46,376 - INFO - Fold 1 Summary:
2025-09-13 18:09:46,376 - INFO -   Best OOS Sharpe: M115 (3.042, p=0.000)
2025-09-13 18:09:46,376 - INFO -   Best Q-Sharpe:  M115 (3.042, OOS_Sharpe=3.042, OOS_Hit=0.582)
2025-09-13 18:09:46,376 - INFO -   Mean OOS Sharpe: 1.290, Mean Hit: 0.528
2025-09-13 18:09:46,376 - INFO - 
2025-09-13 18:09:46,381 - INFO - Processing Fold 2/13
2025-09-13 18:09:46,384 - INFO -   Using GPU sequential processing
2025-09-13 18:13:54,759 - INFO - Fold 2 Summary:
2025-09-13 18:13:54,760 - INFO -   Best OOS Sharpe: M49 (3.464, p=0.000)
2025-09-13 18:13:54,760 - INFO -   Best Q-Sharpe:  M115 (2.834, OOS_Sharpe=0.967, OOS_Hit=0.576)
2025-09-13 18:13:54,760 - INFO -   Mean OOS Sharpe: 1.319, Mean Hit: 0.546
2025-09-13 18:13:54,760 - INFO - 
2025-09-13 18:13:54,764 - INFO - Processing Fold 3/13
2025-09-13 18:13:54,766 - INFO -   Using GPU sequential processing
2025-09-13 18:18:17,940 - INFO - Fold 3 Summary:
2025-09-13 18:18:17,941 - INFO -   Best OOS Sharpe: M144 (2.869, p=0.020)
2025-09-13 18:18:17,941 - INFO -   Best Q-Sharpe:  M174 (2.695, OOS_Sharpe=2.004, OOS_Hit=0.554)
2025-09-13 18:18:17,941 - INFO -   Mean OOS Sharpe: 0.617, Mean Hit: 0.510
2025-09-13 18:18:17,941 - INFO - 
2025-09-13 18:18:17,946 - INFO - Processing Fold 4/13
2025-09-13 18:18:17,950 - INFO -   Using GPU sequential processing
2025-09-13 18:22:49,944 - INFO - Fold 4 Summary:
2025-09-13 18:22:49,944 - INFO -   Best OOS Sharpe: M24 (1.992, p=0.170)
2025-09-13 18:22:49,944 - INFO -   Best Q-Sharpe:  M174 (2.429, OOS_Sharpe=0.034, OOS_Hit=0.497)
2025-09-13 18:22:49,944 - INFO -   Mean OOS Sharpe: 0.075, Mean Hit: 0.494
2025-09-13 18:22:49,944 - INFO - 
2025-09-13 18:22:49,949 - INFO - Processing Fold 5/13
2025-09-13 18:22:49,953 - INFO -   Using GPU sequential processing
2025-09-13 18:27:32,139 - INFO - Fold 5 Summary:
2025-09-13 18:27:32,139 - INFO -   Best OOS Sharpe: M17 (3.936, p=0.000)
2025-09-13 18:27:32,139 - INFO -   Best Q-Sharpe:  M174 (2.448, OOS_Sharpe=2.620, OOS_Hit=0.531)
2025-09-13 18:27:32,139 - INFO -   Mean OOS Sharpe: 1.853, Mean Hit: 0.520
2025-09-13 18:27:32,139 - INFO - 
2025-09-13 18:27:32,143 - INFO - Processing Fold 6/13
2025-09-13 18:27:32,146 - INFO -   Using GPU sequential processing
2025-09-13 18:32:23,568 - INFO - Fold 6 Summary:
2025-09-13 18:32:23,568 - INFO -   Best OOS Sharpe: M185 (3.917, p=0.000)
2025-09-13 18:32:23,569 - INFO -   Best Q-Sharpe:  M174 (2.413, OOS_Sharpe=2.097, OOS_Hit=0.525)
2025-09-13 18:32:23,569 - INFO -   Mean OOS Sharpe: 0.992, Mean Hit: 0.524
2025-09-13 18:32:23,569 - INFO - 
2025-09-13 18:32:23,573 - INFO - Processing Fold 7/13
2025-09-13 18:32:23,577 - INFO -   Using GPU sequential processing
2025-09-13 18:35:33,338 - INFO - Fold 7 Summary:
2025-09-13 18:35:33,338 - INFO -   Best OOS Sharpe: M167 (3.031, p=0.010)
2025-09-13 18:35:33,338 - INFO -   Best Q-Sharpe:  M174 (2.355, OOS_Sharpe=1.835, OOS_Hit=0.542)
2025-09-13 18:35:33,338 - INFO -   Mean OOS Sharpe: 1.243, Mean Hit: 0.507
2025-09-13 18:35:33,338 - INFO - 
2025-09-13 18:35:33,343 - INFO - Processing Fold 8/13
2025-09-13 18:35:33,347 - INFO -   Using GPU sequential processing
2025-09-13 18:37:34,165 - INFO - Fold 8 Summary:
2025-09-13 18:37:34,165 - INFO -   Best OOS Sharpe: M76 (3.551, p=0.020)
2025-09-13 18:37:34,165 - INFO -   Best Q-Sharpe:  M174 (2.308, OOS_Sharpe=1.879, OOS_Hit=0.565)
2025-09-13 18:37:34,166 - INFO -   Mean OOS Sharpe: 1.247, Mean Hit: 0.510
2025-09-13 18:37:34,166 - INFO - 
2025-09-13 18:37:34,171 - INFO - Processing Fold 9/13
2025-09-13 18:37:34,175 - INFO -   Using GPU sequential processing
2025-09-13 18:39:36,240 - INFO - Fold 9 Summary:
2025-09-13 18:39:36,240 - INFO -   Best OOS Sharpe: M32 (4.099, p=0.000)
2025-09-13 18:39:36,240 - INFO -   Best Q-Sharpe:  M174 (2.235, OOS_Sharpe=1.579, OOS_Hit=0.531)
2025-09-13 18:39:36,240 - INFO -   Mean OOS Sharpe: 1.693, Mean Hit: 0.537
2025-09-13 18:39:36,240 - INFO - 
2025-09-13 18:39:36,244 - INFO - Processing Fold 10/13
2025-09-13 18:39:36,248 - INFO -   Using GPU sequential processing
2025-09-13 18:41:00,273 - INFO - Fold 10 Summary:
2025-09-13 18:41:00,273 - INFO -   Best OOS Sharpe: M41 (3.678, p=0.000)
2025-09-13 18:41:00,273 - INFO -   Best Q-Sharpe:  M41 (2.056, OOS_Sharpe=3.678, OOS_Hit=0.627)
2025-09-13 18:41:00,273 - INFO -   Mean OOS Sharpe: 0.852, Mean Hit: 0.546
2025-09-13 18:41:00,273 - INFO - 
2025-09-13 18:41:00,278 - INFO - Processing Fold 11/13
2025-09-13 18:41:00,282 - INFO -   Using GPU sequential processing
2025-09-13 18:41:58,492 - INFO - Fold 11 Summary:
2025-09-13 18:41:58,492 - INFO -   Best OOS Sharpe: M124 (3.644, p=0.000)
2025-09-13 18:41:58,492 - INFO -   Best Q-Sharpe:  M115 (2.100, OOS_Sharpe=2.633, OOS_Hit=0.537)
2025-09-13 18:41:58,492 - INFO -   Mean OOS Sharpe: 1.810, Mean Hit: 0.531
2025-09-13 18:41:58,492 - INFO - 
2025-09-13 18:41:58,497 - INFO - Processing Fold 12/13
2025-09-13 18:41:58,501 - INFO -   Using GPU sequential processing
2025-09-13 18:42:57,246 - INFO - Fold 12 Summary:
2025-09-13 18:42:57,246 - INFO -   Best OOS Sharpe: M136 (3.530, p=0.000)
2025-09-13 18:42:57,246 - INFO -   Best Q-Sharpe:  M115 (2.081, OOS_Sharpe=1.907, OOS_Hit=0.537)
2025-09-13 18:42:57,246 - INFO -   Mean OOS Sharpe: 1.253, Mean Hit: 0.527
2025-09-13 18:42:57,246 - INFO - 
2025-09-13 18:42:57,251 - INFO - Processing Fold 13/13
2025-09-13 18:42:57,255 - INFO -   Using GPU sequential processing
2025-09-13 18:43:56,553 - INFO - Fold 13 Summary:
2025-09-13 18:43:56,553 - INFO -   Best OOS Sharpe: M24 (2.841, p=0.030)
2025-09-13 18:43:56,553 - INFO -   Best Q-Sharpe:  M115 (2.093, OOS_Sharpe=2.197, OOS_Hit=0.536)
2025-09-13 18:43:56,553 - INFO -   Mean OOS Sharpe: 0.750, Mean Hit: 0.526
2025-09-13 18:43:56,553 - INFO - 
2025-09-13 18:43:56,558 - INFO - Starting full timeline backtesting...
2025-09-13 18:43:56,558 - INFO - Running full timeline backtest with 13 folds (0-based indexing)
2025-09-13 18:43:56,558 - INFO - Fold 0 skipped (no prior Q-score history for meaningful selection)
2025-09-13 18:43:56,558 - INFO - Effective backtest period: Folds 1-12 (12 folds)
2025-09-13 18:43:56,558 - INFO - Training period: Folds 1-7
2025-09-13 18:43:56,558 - INFO - Production period: Folds 8-12
2025-09-13 18:43:56,558 - INFO - Using consistent OOS methodology for all folds
2025-09-13 18:43:56,559 - INFO - Fold 0: Skipped (no prior Q-score history for meaningful selection)
2025-09-13 18:43:56,559 - INFO - 
--- Processing fold 1/12 ---
2025-09-13 18:43:56,597 - INFO - Fold 1: Q-scores from fold 0: ['M00:1.553', 'M01:0.350', 'M02:1.882', 'M03:1.141', 'M04:1.002']...
2025-09-13 18:43:56,597 - INFO - Fold 1: Selected models [115, 154, 174, 38, 198, 180, 41, 195, 169, 105] based on fold 0 Q-scores, avg Q-score: 2.827
2025-09-13 18:43:56,598 - INFO - Fold 1 (Training): Sharpe=1.133, Hit=59.3%
2025-09-13 18:43:56,598 - INFO - 
--- Processing fold 2/12 ---
2025-09-13 18:43:56,631 - INFO - Fold 2: Q-scores from fold 1: ['M00:1.444', 'M01:0.430', 'M02:1.784', 'M03:1.020', 'M04:1.003']...
2025-09-13 18:43:56,631 - INFO - Fold 2: Selected models [115, 174, 198, 195, 154, 180, 38, 41, 105, 169] based on fold 1 Q-scores, avg Q-score: 2.629
2025-09-13 18:43:56,632 - INFO - Fold 2 (Training): Sharpe=1.162, Hit=53.7%
2025-09-13 18:43:56,632 - INFO - 
--- Processing fold 3/12 ---
2025-09-13 18:43:56,664 - INFO - Fold 3: Q-scores from fold 2: ['M00:1.328', 'M01:0.493', 'M02:1.655', 'M03:1.037', 'M04:0.850']...
2025-09-13 18:43:56,665 - INFO - Fold 3: Selected models [174, 115, 180, 105, 198, 41, 154, 195, 57, 38] based on fold 2 Q-scores, avg Q-score: 2.471
2025-09-13 18:43:56,666 - INFO - Fold 3 (Training): Sharpe=-0.433, Hit=45.8%
2025-09-13 18:43:56,666 - INFO - 
--- Processing fold 4/12 ---
2025-09-13 18:43:56,699 - INFO - Fold 4: Q-scores from fold 3: ['M00:1.188', 'M01:0.417', 'M02:1.435', 'M03:1.003', 'M04:0.888']...
2025-09-13 18:43:56,699 - INFO - Fold 4: Selected models [174, 115, 180, 198, 41, 88, 105, 38, 154, 91] based on fold 3 Q-scores, avg Q-score: 2.226
2025-09-13 18:43:56,700 - INFO - Fold 4 (Training): Sharpe=3.050, Hit=54.8%
2025-09-13 18:43:56,700 - INFO - 
--- Processing fold 5/12 ---
2025-09-13 18:43:56,732 - INFO - Fold 5: Q-scores from fold 4: ['M00:1.213', 'M01:0.635', 'M02:1.372', 'M03:1.050', 'M04:0.947']...
2025-09-13 18:43:56,732 - INFO - Fold 5: Selected models [174, 115, 198, 105, 180, 41, 38, 88, 154, 36] based on fold 4 Q-scores, avg Q-score: 2.227
2025-09-13 18:43:56,733 - INFO - Fold 5 (Training): Sharpe=1.722, Hit=50.8%
2025-09-13 18:43:56,733 - INFO - 
--- Processing fold 6/12 ---
2025-09-13 18:43:56,767 - INFO - Fold 6: Q-scores from fold 5: ['M00:1.141', 'M01:0.606', 'M02:1.263', 'M03:0.937', 'M04:1.015']...
2025-09-13 18:43:56,767 - INFO - Fold 6: Selected models [174, 115, 180, 105, 154, 38, 198, 91, 36, 41] based on fold 5 Q-scores, avg Q-score: 2.115
2025-09-13 18:43:56,769 - INFO - Fold 6 (Training): Sharpe=1.349, Hit=53.7%
2025-09-13 18:43:56,769 - INFO - 
--- Processing fold 7/12 ---
2025-09-13 18:43:56,802 - INFO - Fold 7: Q-scores from fold 6: ['M00:1.002', 'M01:0.663', 'M02:1.216', 'M03:0.997', 'M04:0.940']...
2025-09-13 18:43:56,802 - INFO - Fold 7: Selected models [174, 115, 180, 198, 105, 38, 154, 195, 190, 88] based on fold 6 Q-scores, avg Q-score: 2.012
2025-09-13 18:43:56,803 - INFO - Fold 7 (Training): Sharpe=1.605, Hit=51.4%
2025-09-13 18:43:56,803 - INFO - 
--- Processing fold 8/12 ---
2025-09-13 18:43:56,838 - INFO - Fold 8: Q-scores from fold 7: ['M00:1.164', 'M01:0.793', 'M02:1.256', 'M03:0.934', 'M04:1.028']...
2025-09-13 18:43:56,838 - INFO - Fold 8: Selected models [174, 115, 198, 36, 180, 195, 105, 61, 181, 190] based on fold 7 Q-scores, avg Q-score: 1.983
2025-09-13 18:43:56,838 - INFO - Fold 8 (Production): Sharpe=2.791, Hit=54.2%
2025-09-13 18:43:56,838 - INFO - 
--- Processing fold 9/12 ---
2025-09-13 18:43:56,872 - INFO - Fold 9: Q-scores from fold 8: ['M00:1.210', 'M01:0.984', 'M02:1.405', 'M03:0.874', 'M04:1.185']...
2025-09-13 18:43:56,872 - INFO - Fold 9: Selected models [174, 115, 195, 36, 180, 94, 190, 198, 105, 138] based on fold 8 Q-scores, avg Q-score: 2.006
2025-09-13 18:43:56,873 - INFO - Fold 9 (Production): Sharpe=0.825, Hit=59.3%
2025-09-13 18:43:56,873 - INFO - 
--- Processing fold 10/12 ---
2025-09-13 18:43:56,905 - INFO - Fold 10: Q-scores from fold 9: ['M00:1.144', 'M01:0.907', 'M02:1.379', 'M03:0.806', 'M04:1.077']...
2025-09-13 18:43:56,905 - INFO - Fold 10: Selected models [41, 174, 115, 195, 36, 198, 94, 45, 138, 91] based on fold 9 Q-scores, avg Q-score: 1.926
2025-09-13 18:43:56,906 - INFO - Fold 10 (Production): Sharpe=2.397, Hit=50.8%
2025-09-13 18:43:56,907 - INFO - 
--- Processing fold 11/12 ---
2025-09-13 18:43:56,941 - INFO - Fold 11: Q-scores from fold 10: ['M00:1.151', 'M01:1.165', 'M02:1.413', 'M03:0.971', 'M04:1.021']...
2025-09-13 18:43:56,941 - INFO - Fold 11: Selected models [115, 41, 174, 195, 198, 36, 138, 91, 94, 45] based on fold 10 Q-scores, avg Q-score: 1.945
2025-09-13 18:43:56,942 - INFO - Fold 11 (Production): Sharpe=1.907, Hit=56.5%
2025-09-13 18:43:56,942 - INFO - 
--- Processing fold 12/12 ---
2025-09-13 18:43:56,975 - INFO - Fold 12: Q-scores from fold 11: ['M00:1.119', 'M01:1.211', 'M02:1.507', 'M03:1.033', 'M04:0.894']...
2025-09-13 18:43:56,975 - INFO - Fold 12: Selected models [115, 41, 174, 91, 138, 124, 198, 195, 32, 78] based on fold 11 Q-scores, avg Q-score: 1.924
2025-09-13 18:43:56,976 - INFO - Fold 12 (Production): Sharpe=1.655, Hit=55.2%
2025-09-13 18:43:56,977 - INFO - Training Period Overall: Sharpe=1.347, Hit=52.8%
2025-09-13 18:43:56,978 - INFO - Production Period Overall: Sharpe=1.985, Hit=55.2%
2025-09-13 18:43:56,979 - INFO - Full Timeline Overall: Sharpe=1.569, Hit=53.8%
2025-09-13 18:43:56,979 - INFO - Training: Sharpe=1.347 | Hit=52.8% | Return=23.27%
2025-09-13 18:43:56,979 - INFO - Production: Sharpe=1.985 | Hit=55.2% | Return=27.17%
2025-09-13 18:43:56,979 - INFO - Full Timeline: Sharpe=1.569 | Hit=53.8% | Return=24.90%
2025-09-13 18:43:56,979 - INFO - Generating visualizations...
2025-09-13 18:43:56,979 - INFO - Creating clean visualizations for 200 models...
2025-09-13 18:43:59,413 - INFO - Clean fold-by-fold analysis saved to: 20250913_180527_fold_@S#C_200models_15folds_S5.2_optimal_200M.png
2025-09-13 18:44:02,752 - INFO - Detailed production analysis saved to: 20250913_180527_backtest_@S#C_200models_15folds_S5.2_optimal_200M.png
2025-09-13 18:44:02,752 - INFO - ================================================================================
2025-09-13 18:44:02,752 - INFO - BACKTEST SUMMARY
2025-09-13 18:44:02,752 - INFO - ================================================================================
2025-09-13 18:44:02,753 - INFO - Config: Cutoff=70%, Top N=5, Q-Metric=sharpe, Reselection=1 fold(s)
2025-09-13 18:44:02,753 - INFO - Model Selection History:
2025-09-13 18:44:02,753 - INFO -   Fold 1: M115, M154, M174, M38, M198, M180, M41, M195, M169, M105 (Avg Q-sharpe: 2.827)
2025-09-13 18:44:02,753 - INFO -   Fold 2: M115, M174, M198, M195, M154, M180, M38, M41, M105, M169 (Avg Q-sharpe: 2.629)
2025-09-13 18:44:02,753 - INFO -   Fold 3: M174, M115, M180, M105, M198, M41, M154, M195, M57, M38 (Avg Q-sharpe: 2.471)
2025-09-13 18:44:02,753 - INFO -   Fold 4: M174, M115, M180, M198, M41, M88, M105, M38, M154, M91 (Avg Q-sharpe: 2.226)
2025-09-13 18:44:02,753 - INFO -   Fold 5: M174, M115, M198, M105, M180, M41, M38, M88, M154, M36 (Avg Q-sharpe: 2.227)
2025-09-13 18:44:02,753 - INFO -   Fold 6: M174, M115, M180, M105, M154, M38, M198, M91, M36, M41 (Avg Q-sharpe: 2.115)
2025-09-13 18:44:02,753 - INFO -   Fold 7: M174, M115, M180, M198, M105, M38, M154, M195, M190, M88 (Avg Q-sharpe: 2.012)
2025-09-13 18:44:02,753 - INFO -   Fold 8: M174, M115, M198, M36, M180, M195, M105, M61, M181, M190 (Avg Q-sharpe: 1.983)
2025-09-13 18:44:02,753 - INFO -   Fold 9: M174, M115, M195, M36, M180, M94, M190, M198, M105, M138 (Avg Q-sharpe: 2.006)
2025-09-13 18:44:02,753 - INFO -   Fold 10: M41, M174, M115, M195, M36, M198, M94, M45, M138, M91 (Avg Q-sharpe: 1.926)
2025-09-13 18:44:02,753 - INFO -   Fold 11: M115, M41, M174, M195, M198, M36, M138, M91, M94, M45 (Avg Q-sharpe: 1.945)
2025-09-13 18:44:02,753 - INFO -   Fold 12: M115, M41, M174, M91, M138, M124, M198, M195, M32, M78 (Avg Q-sharpe: 1.924)
2025-09-13 18:44:02,753 - INFO - 
2025-09-13 18:44:02,753 - INFO - Fold-by-Fold Performance:
2025-09-13 18:44:02,753 - INFO -   Fold 1: M115, M154, M174, M38, M198, M180, M41, M195, M169, M105 | Sharpe=1.133 | Hit=59.3% | Samples=177
2025-09-13 18:44:02,753 - INFO -   Fold 2: M115, M174, M198, M195, M154, M180, M38, M41, M105, M169 | Sharpe=1.162 | Hit=53.7% | Samples=177
2025-09-13 18:44:02,753 - INFO -   Fold 3: M174, M115, M180, M105, M198, M41, M154, M195, M57, M38 | Sharpe=-0.433 | Hit=45.8% | Samples=177
2025-09-13 18:44:02,753 - INFO -   Fold 4: M174, M115, M180, M198, M41, M88, M105, M38, M154, M91 | Sharpe=3.050 | Hit=54.8% | Samples=177
2025-09-13 18:44:02,753 - INFO -   Fold 5: M174, M115, M198, M105, M180, M41, M38, M88, M154, M36 | Sharpe=1.722 | Hit=50.8% | Samples=177
2025-09-13 18:44:02,753 - INFO -   Fold 6: M174, M115, M180, M105, M154, M38, M198, M91, M36, M41 | Sharpe=1.349 | Hit=53.7% | Samples=177
2025-09-13 18:44:02,753 - INFO -   Fold 7: M174, M115, M180, M198, M105, M38, M154, M195, M190, M88 | Sharpe=1.605 | Hit=51.4% | Samples=177
2025-09-13 18:44:02,753 - INFO -   Fold 8: M174, M115, M198, M36, M180, M195, M105, M61, M181, M190 | Sharpe=2.791 | Hit=54.2% | Samples=177
2025-09-13 18:44:02,753 - INFO -   Fold 9: M174, M115, M195, M36, M180, M94, M190, M198, M105, M138 | Sharpe=0.825 | Hit=59.3% | Samples=177
2025-09-13 18:44:02,753 - INFO -   Fold 10: M41, M174, M115, M195, M36, M198, M94, M45, M138, M91 | Sharpe=2.397 | Hit=50.8% | Samples=177
2025-09-13 18:44:02,753 - INFO -   Fold 11: M115, M41, M174, M195, M198, M36, M138, M91, M94, M45 | Sharpe=1.907 | Hit=56.5% | Samples=177
2025-09-13 18:44:02,753 - INFO -   Fold 12: M115, M41, M174, M91, M138, M124, M198, M195, M32, M78 | Sharpe=1.655 | Hit=55.2% | Samples=183
2025-09-13 18:44:02,753 - INFO - ================================================================================
2025-09-13 18:44:02,753 - INFO - ================================================================================
2025-09-13 18:44:02,753 - INFO - ANALYSIS COMPLETED SUCCESSFULLY!
2025-09-13 18:44:02,753 - INFO - ================================================================================
2025-09-13 18:44:02,753 - INFO - Generated 2 visualization files
2025-09-13 18:44:02,753 - INFO -   - 20250913_180527_fold_@S#C_200models_15folds_S5.2_optimal_200M.png
2025-09-13 18:44:02,753 - INFO -   - 20250913_180527_backtest_@S#C_200models_15folds_S5.2_optimal_200M.png
2025-09-13 18:44:02,753 - INFO - Training Final: Sharpe=1.347 | Hit=52.8% | Return=23.27% | CB=1.187
2025-09-13 18:44:02,753 - INFO - Production Final: Sharpe=1.985 | Hit=55.2% | Return=27.17% | CB=3.442
2025-09-13 18:44:02,753 - INFO - Full Timeline Final: Sharpe=1.569 | Hit=53.8% | Return=24.90% | CB=1.270
