2025-09-16 10:30:25,030 - INFO - ================================================================================
2025-09-16 10:30:25,030 - INFO - XGBoost Comparison Framework
2025-09-16 10:30:25,030 - INFO - ================================================================================
2025-09-16 10:30:25,030 - INFO - Configuration:
2025-09-16 10:30:25,030 - INFO -   Target Symbol: @US#C
2025-09-16 10:30:25,030 - INFO -   Date Range: 2015-01-01 to 2025-08-01
2025-09-16 10:30:25,031 - INFO -   Models: 150, Type: tiered
2025-09-16 10:30:25,031 - INFO -   Folds: 10
2025-09-16 10:30:25,031 - INFO -   Max Features: 250 (Limited)
2025-09-16 10:30:25,031 - INFO -   Feature Selection: Enabled
2025-09-16 10:30:25,031 - INFO -   Inner Val Fraction: 0.2
2025-09-16 10:30:25,031 - INFO -   EWMA Alpha: 0.1, Quality Halflife: 63 days
2025-09-16 10:30:25,031 - INFO -   Signal Type: Tanh Normalized
2025-09-16 10:30:25,031 - INFO -   Cross-validation: Expanding window
2025-09-16 10:30:25,031 - INFO -   Production: Cutoff=0.6, Top N=8, Q-Metric=sharpe
2025-09-16 10:30:25,031 - INFO -   Reselection: Every 1 fold(s)
2025-09-16 10:30:25,031 - INFO - 
2025-09-16 10:30:31,015 - INFO - Dropped 4 rows due to NaN in target column @US#C_target_return
2025-09-16 10:30:31,204 - INFO - Loaded: X=(2731, 1906), y=(2731,)
2025-09-16 10:30:54,522 - INFO - Selected 250 features (threshold: 0.7)
2025-09-16 10:30:54,533 - INFO - Selected: 250 features
2025-09-16 10:30:54,854 - INFO - GPU detection: CUDA GPU available and working
2025-09-16 10:30:54,854 - INFO - Processing mode: GPU sequential (GPU: True, Total models: 1500)
2025-09-16 10:30:54,874 - INFO - GPU detection: CUDA GPU available and working
2025-09-16 10:30:54,887 - INFO - Using expanding window
2025-09-16 10:30:54,887 - INFO - Starting analysis: 150 tiered models x 9 folds
2025-09-16 10:30:54,888 - INFO - Processing Fold 1/9
2025-09-16 10:30:54,895 - INFO -   Using GPU sequential processing
2025-09-16 10:39:04,394 - INFO - Fold 1 Summary:
2025-09-16 10:39:04,394 - INFO -   Best OOS Sharpe: M84 (2.890, p=0.000)
2025-09-16 10:39:04,394 - INFO -   Best Q-Sharpe:  M84 (2.890, OOS_Sharpe=2.890, OOS_Hit=0.531)
2025-09-16 10:39:04,394 - INFO -   Mean OOS Sharpe: 1.359, Mean Hit: 0.533
2025-09-16 10:39:04,394 - INFO - 
2025-09-16 10:39:04,400 - INFO - Stored 150 trained models for production export
2025-09-16 10:39:04,400 - INFO - Processing Fold 2/9
2025-09-16 10:39:04,409 - INFO -   Using GPU sequential processing
2025-09-16 10:48:36,051 - INFO - Fold 2 Summary:
2025-09-16 10:48:36,051 - INFO -   Best OOS Sharpe: M06 (3.234, p=0.000)
2025-09-16 10:48:36,051 - INFO -   Best Q-Sharpe:  M23 (2.759, OOS_Sharpe=2.109, OOS_Hit=0.524)
2025-09-16 10:48:36,051 - INFO -   Mean OOS Sharpe: 1.740, Mean Hit: 0.526
2025-09-16 10:48:36,051 - INFO - 
2025-09-16 10:48:36,055 - INFO - Stored 150 trained models for production export
2025-09-16 10:48:36,055 - INFO - Processing Fold 3/9
2025-09-16 10:48:36,061 - INFO -   Using GPU sequential processing
2025-09-16 10:58:49,187 - INFO - Fold 3 Summary:
2025-09-16 10:58:49,187 - INFO -   Best OOS Sharpe: M143 (1.697, p=0.080)
2025-09-16 10:58:49,187 - INFO -   Best Q-Sharpe:  M115 (2.529, OOS_Sharpe=1.432, OOS_Hit=0.575)
2025-09-16 10:58:49,188 - INFO -   Mean OOS Sharpe: 0.184, Mean Hit: 0.520
2025-09-16 10:58:49,188 - INFO - 
2025-09-16 10:58:49,208 - INFO - Stored 150 trained models for production export
2025-09-16 10:58:49,208 - INFO - Processing Fold 4/9
2025-09-16 10:58:49,219 - INFO -   Using GPU sequential processing
2025-09-16 11:10:26,833 - INFO - Fold 4 Summary:
2025-09-16 11:10:26,834 - INFO -   Best OOS Sharpe: M83 (3.027, p=0.000)
2025-09-16 11:10:26,834 - INFO -   Best Q-Sharpe:  M23 (2.427, OOS_Sharpe=1.929, OOS_Hit=0.582)
2025-09-16 11:10:26,834 - INFO -   Mean OOS Sharpe: 1.144, Mean Hit: 0.538
2025-09-16 11:10:26,834 - INFO - 
2025-09-16 11:10:26,840 - INFO - Stored 150 trained models for production export
2025-09-16 11:10:26,840 - INFO - Processing Fold 5/9
2025-09-16 11:10:26,846 - INFO -   Using GPU sequential processing
2025-09-16 11:21:40,234 - INFO - Fold 5 Summary:
2025-09-16 11:21:40,234 - INFO -   Best OOS Sharpe: M136 (3.508, p=0.000)
2025-09-16 11:21:40,234 - INFO -   Best Q-Sharpe:  M23 (2.306, OOS_Sharpe=1.218, OOS_Hit=0.542)
2025-09-16 11:21:40,234 - INFO -   Mean OOS Sharpe: 0.891, Mean Hit: 0.503
2025-09-16 11:21:40,234 - INFO - 
2025-09-16 11:21:40,239 - INFO - Stored 150 trained models for production export
2025-09-16 11:21:40,239 - INFO - Processing Fold 6/9
2025-09-16 11:21:40,246 - INFO -   Using GPU sequential processing
2025-09-16 11:29:10,116 - INFO - Fold 6 Summary:
2025-09-16 11:29:10,116 - INFO -   Best OOS Sharpe: M80 (3.586, p=0.000)
2025-09-16 11:29:10,116 - INFO -   Best Q-Sharpe:  M23 (2.380, OOS_Sharpe=3.047, OOS_Hit=0.542)
2025-09-16 11:29:10,116 - INFO -   Mean OOS Sharpe: 2.437, Mean Hit: 0.542
2025-09-16 11:29:10,116 - INFO - 
2025-09-16 11:29:10,124 - INFO - Stored 150 trained models for production export
2025-09-16 11:29:10,124 - INFO - Processing Fold 7/9
2025-09-16 11:29:10,136 - INFO -   Using GPU sequential processing
2025-09-16 11:35:14,265 - INFO - Fold 7 Summary:
2025-09-16 11:35:14,265 - INFO -   Best OOS Sharpe: M128 (3.139, p=0.000)
2025-09-16 11:35:14,265 - INFO -   Best Q-Sharpe:  M23 (2.357, OOS_Sharpe=2.149, OOS_Hit=0.564)
2025-09-16 11:35:14,265 - INFO -   Mean OOS Sharpe: 1.805, Mean Hit: 0.556
2025-09-16 11:35:14,265 - INFO - 
2025-09-16 11:35:14,272 - INFO - Stored 150 trained models for production export
2025-09-16 11:35:14,272 - INFO - Processing Fold 8/9
2025-09-16 11:35:14,279 - INFO -   Using GPU sequential processing
2025-09-16 11:41:09,061 - INFO - Fold 8 Summary:
2025-09-16 11:41:09,061 - INFO -   Best OOS Sharpe: M95 (3.252, p=0.000)
2025-09-16 11:41:09,061 - INFO -   Best Q-Sharpe:  M23 (2.276, OOS_Sharpe=1.553, OOS_Hit=0.498)
2025-09-16 11:41:09,061 - INFO -   Mean OOS Sharpe: 1.688, Mean Hit: 0.525
2025-09-16 11:41:09,061 - INFO - 
2025-09-16 11:41:09,068 - INFO - Stored 150 trained models for production export
2025-09-16 11:41:09,068 - INFO - Processing Fold 9/9
2025-09-16 11:41:09,077 - INFO -   Using GPU sequential processing
2025-09-16 11:45:37,524 - INFO - Fold 9 Summary:
2025-09-16 11:45:37,524 - INFO -   Best OOS Sharpe: M77 (2.255, p=0.020)
2025-09-16 11:45:37,524 - INFO -   Best Q-Sharpe:  M115 (2.159, OOS_Sharpe=1.691, OOS_Hit=0.511)
2025-09-16 11:45:37,524 - INFO -   Mean OOS Sharpe: 1.155, Mean Hit: 0.504
2025-09-16 11:45:37,524 - INFO - 
2025-09-16 11:45:37,531 - INFO - Stored 150 trained models for production export
2025-09-16 11:45:37,531 - INFO - Starting full timeline backtesting...
2025-09-16 11:45:37,531 - INFO - Running full timeline backtest with 9 folds (0-based indexing)
2025-09-16 11:45:37,531 - INFO - Fold 0 skipped (no prior Q-score history for meaningful selection)
2025-09-16 11:45:37,531 - INFO - Effective backtest period: Folds 1-8 (8 folds)
2025-09-16 11:45:37,531 - INFO - Training period: Folds 1-5
2025-09-16 11:45:37,531 - INFO - Production period: Folds 6-8
2025-09-16 11:45:37,531 - INFO - Using consistent OOS methodology for all folds
2025-09-16 11:45:37,531 - INFO - Fold 0: Skipped (no prior Q-score history for meaningful selection)
2025-09-16 11:45:37,531 - INFO - 
--- Processing fold 1/8 ---
2025-09-16 11:45:37,566 - INFO - Fold 1: Q-scores from fold 0: ['M00:1.585', 'M01:0.968', 'M02:1.965', 'M03:2.450', 'M04:2.185']...
2025-09-16 11:45:37,566 - INFO - Fold 1: Selected models [84, 23, 115, 59, 13, 3, 55, 35] based on fold 0 Q-scores, avg Q-score: 2.584
2025-09-16 11:45:37,568 - INFO - Fold 1 (Training): Sharpe=1.739, Hit=52.0%
2025-09-16 11:45:37,568 - INFO - 
--- Processing fold 2/8 ---
2025-09-16 11:45:37,603 - INFO - Fold 2: Q-scores from fold 1: ['M00:1.645', 'M01:1.059', 'M02:1.961', 'M03:2.348', 'M04:2.127']...
2025-09-16 11:45:37,604 - INFO - Fold 2: Selected models [23, 115, 84, 59, 3, 71, 35, 13] based on fold 1 Q-scores, avg Q-score: 2.474
2025-09-16 11:45:37,605 - INFO - Fold 2 (Training): Sharpe=0.579, Hit=52.0%
2025-09-16 11:45:37,605 - INFO - 
--- Processing fold 3/8 ---
2025-09-16 11:45:37,628 - INFO - Fold 3: Q-scores from fold 2: ['M00:1.490', 'M01:0.978', 'M02:1.874', 'M03:2.277', 'M04:1.923']...
2025-09-16 11:45:37,628 - INFO - Fold 3: Selected models [115, 23, 84, 3, 59, 71, 13, 55] based on fold 2 Q-scores, avg Q-score: 2.280
2025-09-16 11:45:37,629 - INFO - Fold 3 (Training): Sharpe=1.470, Hit=53.5%
2025-09-16 11:45:37,629 - INFO - 
--- Processing fold 4/8 ---
2025-09-16 11:45:37,653 - INFO - Fold 4: Q-scores from fold 3: ['M00:1.427', 'M01:0.997', 'M02:1.903', 'M03:2.336', 'M04:1.864']...
2025-09-16 11:45:37,653 - INFO - Fold 4: Selected models [23, 115, 3, 84, 59, 71, 35, 36] based on fold 3 Q-scores, avg Q-score: 2.188
2025-09-16 11:45:37,654 - INFO - Fold 4 (Training): Sharpe=0.906, Hit=50.9%
2025-09-16 11:45:37,654 - INFO - 
--- Processing fold 5/8 ---
2025-09-16 11:45:37,684 - INFO - Fold 5: Q-scores from fold 4: ['M00:1.371', 'M01:0.978', 'M02:1.786', 'M03:2.061', 'M04:1.804']...
2025-09-16 11:45:37,684 - INFO - Fold 5: Selected models [23, 115, 3, 59, 84, 125, 64, 35] based on fold 4 Q-scores, avg Q-score: 2.045
2025-09-16 11:45:37,686 - INFO - Fold 5 (Training): Sharpe=3.040, Hit=54.6%
2025-09-16 11:45:37,686 - INFO - 
--- Processing fold 6/8 ---
2025-09-16 11:45:37,714 - INFO - Fold 6: Q-scores from fold 5: ['M00:1.486', 'M01:1.191', 'M02:1.858', 'M03:2.019', 'M04:1.921']...
2025-09-16 11:45:37,714 - INFO - Fold 6: Selected models [23, 115, 59, 3, 35, 64, 55, 84] based on fold 5 Q-scores, avg Q-score: 2.098
2025-09-16 11:45:37,715 - INFO - Fold 6 (Production): Sharpe=2.235, Hit=57.5%
2025-09-16 11:45:37,716 - INFO - 
--- Processing fold 7/8 ---
2025-09-16 11:45:37,740 - INFO - Fold 7: Q-scores from fold 6: ['M00:1.540', 'M01:1.304', 'M02:1.884', 'M03:1.847', 'M04:1.975']...
2025-09-16 11:45:37,741 - INFO - Fold 7: Selected models [23, 115, 59, 35, 64, 55, 106, 4] based on fold 6 Q-scores, avg Q-score: 2.087
2025-09-16 11:45:37,742 - INFO - Fold 7 (Production): Sharpe=1.875, Hit=54.2%
2025-09-16 11:45:37,742 - INFO - 
--- Processing fold 8/8 ---
2025-09-16 11:45:37,778 - INFO - Fold 8: Q-scores from fold 7: ['M00:1.605', 'M01:1.426', 'M02:1.900', 'M03:1.758', 'M04:1.907']...
2025-09-16 11:45:37,778 - INFO - Fold 8: Selected models [23, 115, 59, 35, 64, 71, 55, 95] based on fold 7 Q-scores, avg Q-score: 2.062
2025-09-16 11:45:37,779 - INFO - Fold 8 (Production): Sharpe=1.295, Hit=49.6%
2025-09-16 11:45:37,781 - INFO - Training Period Overall: Sharpe=1.575, Hit=52.6%
2025-09-16 11:45:37,782 - INFO - Production Period Overall: Sharpe=1.820, Hit=53.8%
2025-09-16 11:45:37,783 - INFO - Full Timeline Overall: Sharpe=1.670, Hit=53.0%
2025-09-16 11:45:37,784 - INFO - Training: Sharpe=1.575 | Hit=52.6% | Return=7.84%
2025-09-16 11:45:37,784 - INFO - Production: Sharpe=1.820 | Hit=53.8% | Return=11.49%
2025-09-16 11:45:37,784 - INFO - Full Timeline: Sharpe=1.670 | Hit=53.0% | Return=9.21%
2025-09-16 11:45:37,784 - INFO - Generating visualizations...
2025-09-16 11:45:37,784 - INFO - Creating clean visualizations for 150 models...
2025-09-16 11:45:39,835 - INFO - Clean fold-by-fold analysis saved to: 20250916_103025_fold_@US#C_150models_10folds_PROD_US_final.png
2025-09-16 11:45:42,448 - INFO - Detailed production analysis saved to: 20250916_103025_backtest_@US#C_150models_10folds_PROD_US_final.png
2025-09-16 11:45:42,448 - INFO - ================================================================================
2025-09-16 11:45:42,448 - INFO - BACKTEST SUMMARY
2025-09-16 11:45:42,448 - INFO - ================================================================================
2025-09-16 11:45:42,448 - INFO - Config: Cutoff=70%, Top N=5, Q-Metric=sharpe, Reselection=1 fold(s)
2025-09-16 11:45:42,448 - INFO - Model Selection History:
2025-09-16 11:45:42,448 - INFO -   Fold 1: M84, M23, M115, M59, M13, M03, M55, M35 (Avg Q-sharpe: 2.584)
2025-09-16 11:45:42,448 - INFO -   Fold 2: M23, M115, M84, M59, M03, M71, M35, M13 (Avg Q-sharpe: 2.474)
2025-09-16 11:45:42,448 - INFO -   Fold 3: M115, M23, M84, M03, M59, M71, M13, M55 (Avg Q-sharpe: 2.280)
2025-09-16 11:45:42,448 - INFO -   Fold 4: M23, M115, M03, M84, M59, M71, M35, M36 (Avg Q-sharpe: 2.188)
2025-09-16 11:45:42,448 - INFO -   Fold 5: M23, M115, M03, M59, M84, M125, M64, M35 (Avg Q-sharpe: 2.045)
2025-09-16 11:45:42,448 - INFO -   Fold 6: M23, M115, M59, M03, M35, M64, M55, M84 (Avg Q-sharpe: 2.098)
2025-09-16 11:45:42,448 - INFO -   Fold 7: M23, M115, M59, M35, M64, M55, M106, M04 (Avg Q-sharpe: 2.087)
2025-09-16 11:45:42,448 - INFO -   Fold 8: M23, M115, M59, M35, M64, M71, M55, M95 (Avg Q-sharpe: 2.062)
2025-09-16 11:45:42,448 - INFO - 
2025-09-16 11:45:42,448 - INFO - Fold-by-Fold Performance:
2025-09-16 11:45:42,448 - INFO -   Fold 1: M84, M23, M115, M59, M13, M03, M55, M35 | Sharpe=1.739 | Hit=52.0% | Samples=273
2025-09-16 11:45:42,448 - INFO -   Fold 2: M23, M115, M84, M59, M03, M71, M35, M13 | Sharpe=0.579 | Hit=52.0% | Samples=273
2025-09-16 11:45:42,449 - INFO -   Fold 3: M115, M23, M84, M03, M59, M71, M13, M55 | Sharpe=1.470 | Hit=53.5% | Samples=273
2025-09-16 11:45:42,449 - INFO -   Fold 4: M23, M115, M03, M84, M59, M71, M35, M36 | Sharpe=0.906 | Hit=50.9% | Samples=273
2025-09-16 11:45:42,449 - INFO -   Fold 5: M23, M115, M03, M59, M84, M125, M64, M35 | Sharpe=3.040 | Hit=54.6% | Samples=273
2025-09-16 11:45:42,449 - INFO -   Fold 6: M23, M115, M59, M03, M35, M64, M55, M84 | Sharpe=2.235 | Hit=57.5% | Samples=273
2025-09-16 11:45:42,449 - INFO -   Fold 7: M23, M115, M59, M35, M64, M55, M106, M04 | Sharpe=1.875 | Hit=54.2% | Samples=273
2025-09-16 11:45:42,449 - INFO -   Fold 8: M23, M115, M59, M35, M64, M71, M55, M95 | Sharpe=1.295 | Hit=49.6% | Samples=274
2025-09-16 11:45:42,449 - INFO - ================================================================================
2025-09-16 11:45:42,449 - INFO - ================================================================================
2025-09-16 11:45:42,449 - INFO - ANALYSIS COMPLETED SUCCESSFULLY!
2025-09-16 11:45:42,449 - INFO - ================================================================================
2025-09-16 11:45:42,449 - INFO - Generated 2 visualization files
2025-09-16 11:45:42,449 - INFO -   - 20250916_103025_fold_@US#C_150models_10folds_PROD_US_final.png
2025-09-16 11:45:42,449 - INFO -   - 20250916_103025_backtest_@US#C_150models_10folds_PROD_US_final.png
2025-09-16 11:45:42,449 - INFO - Training Final: Sharpe=1.575 | Hit=52.6% | Return=7.84% | CB=1.171
2025-09-16 11:45:42,449 - INFO - Production Final: Sharpe=1.820 | Hit=53.8% | Return=11.49% | CB=2.789
2025-09-16 11:45:42,449 - INFO - Full Timeline Final: Sharpe=1.670 | Hit=53.0% | Return=9.21% | CB=1.376
2025-09-16 11:45:42,449 - INFO - ============================================================
2025-09-16 11:45:42,449 - INFO - EXPORTING PRODUCTION MODELS (Consolidated File)
2025-09-16 11:45:42,449 - INFO - ============================================================
2025-09-16 11:45:42,449 - INFO - Backtest results keys: ['full_timeline_metrics', 'training_metrics', 'production_metrics', 'model_selection_history', 'fold_results', 'full_timeline_returns', 'training_returns', 'production_returns', 'full_timeline_predictions', 'full_timeline_dates', 'cutoff_fold', 'training_folds', 'production_folds']
2025-09-16 11:45:42,449 - INFO - Model selection history length: 8
2025-09-16 11:45:42,449 - INFO - Final selection keys: ['fold', 'selection_based_on_fold', 'selected_models', 'avg_q_score', 'period_type']
2025-09-16 11:45:42,449 - INFO - Final fold selected models: [23, 115, 59, 35, 64, 71, 55, 95]
2025-09-16 11:45:42,449 - INFO - All fold results type: <class 'dict'>
2025-09-16 11:45:42,449 - INFO - All fold results keys/length: ['fold_1', 'fold_2', 'fold_3', 'fold_4', 'fold_5', 'fold_6', 'fold_7', 'fold_8', 'fold_9']
2025-09-16 11:45:42,449 - INFO - Using fold fold_9 as final fold
2025-09-16 11:45:42,450 - INFO - Final fold keys: ['results_df', 'model_metrics', 'oos_predictions', 'test_idx', 'trained_models', 'model_specs']
2025-09-16 11:45:42,450 - INFO - Trained models available: [0, 1, 2, 3, 4, 5, 6, 7, 8, 9, 10, 11, 12, 13, 14, 15, 16, 17, 18, 19, 20, 21, 22, 23, 24, 25, 26, 27, 28, 29, 30, 31, 32, 33, 34, 35, 36, 37, 38, 39, 40, 41, 42, 43, 44, 45, 46, 47, 48, 49, 50, 51, 52, 53, 54, 55, 56, 57, 58, 59, 60, 61, 62, 63, 64, 65, 66, 67, 68, 69, 70, 71, 72, 73, 74, 75, 76, 77, 78, 79, 80, 81, 82, 83, 84, 85, 86, 87, 88, 89, 90, 91, 92, 93, 94, 95, 96, 97, 98, 99, 100, 101, 102, 103, 104, 105, 106, 107, 108, 109, 110, 111, 112, 113, 114, 115, 116, 117, 118, 119, 120, 121, 122, 123, 124, 125, 126, 127, 128, 129, 130, 131, 132, 133, 134, 135, 136, 137, 138, 139, 140, 141, 142, 143, 144, 145, 146, 147, 148, 149]
2025-09-16 11:45:42,450 - INFO - Added model M23 -> model_01 with all 250 features (framework standard)
2025-09-16 11:45:42,450 - INFO - Added model M115 -> model_02 with all 250 features (framework standard)
2025-09-16 11:45:42,450 - INFO - Added model M59 -> model_03 with all 250 features (framework standard)
2025-09-16 11:45:42,450 - INFO - Added model M35 -> model_04 with all 250 features (framework standard)
2025-09-16 11:45:42,450 - INFO - Added model M64 -> model_05 with all 250 features (framework standard)
2025-09-16 11:45:42,450 - INFO - Added model M71 -> model_06 with all 250 features (framework standard)
2025-09-16 11:45:42,450 - INFO - Added model M55 -> model_07 with all 250 features (framework standard)
2025-09-16 11:45:42,450 - INFO - Added model M95 -> model_08 with all 250 features (framework standard)
2025-09-16 11:45:42,450 - INFO - Extracted 8 selected models
2025-09-16 11:45:42,475 - INFO - SUCCESS: Exported 8 selected models to C:\Users\zhang\Desktop\Steve\bond_ls_xgb_grope_full_v6\PROD\models\@US#C_production.pkl
2025-09-16 11:45:42,476 - INFO - File size: 3,958,300 bytes
2025-09-16 11:45:42,476 - INFO - Selected features: 250 features
2025-09-16 11:45:42,476 - INFO - Selected models: [23, 115, 59, 35, 64, 71, 55, 95]
