2025-09-17 00:44:30,263 - INFO - ================================================================================
2025-09-17 00:44:30,263 - INFO - XGBoost Comparison Framework
2025-09-17 00:44:30,263 - INFO - ================================================================================
2025-09-17 00:44:30,263 - INFO - Configuration:
2025-09-17 00:44:30,263 - INFO -   Target Symbol: @S#C
2025-09-17 00:44:30,263 - INFO -   Date Range: 2015-01-01 to 2025-08-01
2025-09-17 00:44:30,263 - INFO -   Models: 100, Type: standard
2025-09-17 00:44:30,263 - INFO -   Folds: 15
2025-09-17 00:44:30,263 - INFO -   Max Features: 100 (Limited)
2025-09-17 00:44:30,263 - INFO -   Feature Selection: Enabled
2025-09-17 00:44:30,263 - INFO -   Inner Val Fraction: 0.2
2025-09-17 00:44:30,263 - INFO -   EWMA Alpha: 0.1, Quality Halflife: 63 days
2025-09-17 00:44:30,264 - INFO -   Signal Type: Binary (+1/-1)
2025-09-17 00:44:30,264 - INFO -   Cross-validation: Expanding window
2025-09-17 00:44:30,264 - INFO -   Production: Cutoff=0.6, Top N=5, Q-Metric=sharpe
2025-09-17 00:44:30,264 - INFO -   Reselection: Every 1 fold(s)
2025-09-17 00:44:30,264 - INFO - 
2025-09-17 00:44:40,922 - INFO - Dropped 74 rows due to NaN in target column @S#C_target_return
2025-09-17 00:44:41,517 - INFO - Loaded: X=(2661, 1906), y=(2661,)
2025-09-17 00:46:08,190 - INFO - Selected 100 features (threshold: 0.7)
2025-09-17 00:46:08,268 - INFO - Selected: 100 features
2025-09-17 00:46:08,470 - INFO - GPU detection: XGBoost not compiled with CUDA support - using CPU
2025-09-17 00:46:08,470 - INFO - Processing mode: CPU multiprocessing (GPU: False, Total models: 1500)
2025-09-17 00:46:08,476 - INFO - GPU detection: XGBoost not compiled with CUDA support - using CPU
2025-09-17 00:46:08,481 - INFO - Using expanding window
2025-09-17 00:46:08,482 - INFO - Starting analysis: 100 standard models x 13 folds
2025-09-17 00:46:08,482 - INFO - Processing Fold 1/13
2025-09-17 00:46:08,516 - INFO -   Using multiprocessing with 9 workers
2025-09-17 00:49:09,118 - INFO - Fold 1 Summary:
2025-09-17 00:49:09,120 - INFO -   Best OOS Sharpe: M49 (4.826, p=0.000)
2025-09-17 00:49:09,120 - INFO -   Best Q-Sharpe:  M49 (4.826, OOS_Sharpe=4.826, OOS_Hit=0.638)
2025-09-17 00:49:09,120 - INFO -   Mean OOS Sharpe: 1.066, Mean Hit: 0.535
2025-09-17 00:49:09,120 - INFO - 
