2025-09-17 12:33:29,720 - INFO - ================================================================================
2025-09-17 12:33:29,720 - INFO - XGBoost Comparison Framework
2025-09-17 12:33:29,720 - INFO - ================================================================================
2025-09-17 12:33:29,720 - INFO - Configuration:
2025-09-17 12:33:29,720 - INFO -   Target Symbol: @ES#C
2025-09-17 12:33:29,720 - INFO -   Date Range: 2015-01-01 to 2025-08-01
2025-09-17 12:33:29,720 - INFO -   Models: 100, Type: standard
2025-09-17 12:33:29,720 - INFO -   Folds: 20
2025-09-17 12:33:29,720 - INFO -   Max Features: 100 (Limited)
2025-09-17 12:33:29,720 - INFO -   Feature Selection: Enabled
2025-09-17 12:33:29,720 - INFO -   Inner Val Fraction: 0.2
2025-09-17 12:33:29,720 - INFO -   EWMA Alpha: 0.1, Quality Halflife: 63 days
2025-09-17 12:33:29,720 - INFO -   Signal Type: Binary (+1/-1)
2025-09-17 12:33:29,720 - INFO -   Cross-validation: Expanding window
2025-09-17 12:33:29,720 - INFO -   Production: Cutoff=0.6, Top N=5, Q-Metric=sharpe
2025-09-17 12:33:29,720 - INFO -   Reselection: Every 1 fold(s)
2025-09-17 12:33:29,720 - INFO - 
2025-09-17 12:33:39,654 - INFO - Dropped 8 rows due to NaN in target column @ES#C_target_return
2025-09-17 12:33:39,885 - INFO - Loaded: X=(2727, 1906), y=(2727,)
2025-09-17 12:34:41,261 - INFO - Selected 100 features (threshold: 0.7)
2025-09-17 12:34:41,341 - INFO - Selected: 100 features
2025-09-17 12:34:41,401 - INFO - GPU detection: XGBoost not compiled with CUDA support - using CPU
2025-09-17 12:34:41,401 - INFO - Processing mode: CPU multiprocessing (GPU: False, Total models: 2000)
2025-09-17 12:34:41,415 - INFO - GPU detection: XGBoost not compiled with CUDA support - using CPU
2025-09-17 12:34:41,417 - INFO - Using expanding window
2025-09-17 12:34:41,417 - INFO - Starting analysis: 100 standard models x 18 folds
2025-09-17 12:34:41,417 - INFO - Processing Fold 1/18
2025-09-17 12:34:41,425 - INFO -   Using multiprocessing with 9 workers
2025-09-17 12:38:02,576 - INFO - Fold 1 Summary:
2025-09-17 12:38:02,584 - INFO -   Best OOS Sharpe: M02 (4.271, p=0.000)
2025-09-17 12:38:02,584 - INFO -   Best Q-Sharpe:  M02 (4.271, OOS_Sharpe=4.271, OOS_Hit=0.574)
2025-09-17 12:38:02,585 - INFO -   Mean OOS Sharpe: 1.444, Mean Hit: 0.516
2025-09-17 12:38:02,585 - INFO - 
2025-09-17 12:38:02,610 - INFO - Stored 0 trained models for production export
2025-09-17 12:38:02,611 - INFO - Processing Fold 2/18
2025-09-17 12:38:02,653 - INFO -   Using multiprocessing with 9 workers
2025-09-17 12:41:36,054 - INFO - Fold 2 Summary:
2025-09-17 12:41:36,063 - INFO -   Best OOS Sharpe: M10 (3.601, p=0.000)
2025-09-17 12:41:36,063 - INFO -   Best Q-Sharpe:  M02 (3.943, OOS_Sharpe=0.989, OOS_Hit=0.529)
2025-09-17 12:41:36,063 - INFO -   Mean OOS Sharpe: 0.811, Mean Hit: 0.538
2025-09-17 12:41:36,063 - INFO - 
2025-09-17 12:41:36,116 - INFO - Stored 0 trained models for production export
2025-09-17 12:41:36,116 - INFO - Processing Fold 3/18
2025-09-17 12:41:36,155 - INFO -   Using multiprocessing with 9 workers
2025-09-17 12:46:00,559 - INFO - Fold 3 Summary:
2025-09-17 12:46:00,565 - INFO -   Best OOS Sharpe: M45 (3.525, p=0.000)
2025-09-17 12:46:00,565 - INFO -   Best Q-Sharpe:  M02 (3.613, OOS_Sharpe=0.645, OOS_Hit=0.493)
2025-09-17 12:46:00,565 - INFO -   Mean OOS Sharpe: 0.691, Mean Hit: 0.468
2025-09-17 12:46:00,565 - INFO - 
2025-09-17 12:46:00,603 - INFO - Stored 0 trained models for production export
2025-09-17 12:46:00,604 - INFO - Processing Fold 4/18
2025-09-17 12:46:00,649 - INFO -   Using multiprocessing with 9 workers
2025-09-17 12:49:55,709 - INFO - Fold 4 Summary:
2025-09-17 12:49:55,756 - INFO -   Best OOS Sharpe: M89 (3.525, p=0.000)
2025-09-17 12:49:55,764 - INFO -   Best Q-Sharpe:  M02 (3.256, OOS_Sharpe=0.035, OOS_Hit=0.515)
2025-09-17 12:49:55,764 - INFO -   Mean OOS Sharpe: 1.443, Mean Hit: 0.548
2025-09-17 12:49:55,764 - INFO - 
2025-09-17 12:49:55,821 - INFO - Stored 0 trained models for production export
2025-09-17 12:49:55,821 - INFO - Processing Fold 5/18
2025-09-17 12:49:55,901 - INFO -   Using multiprocessing with 9 workers
2025-09-17 12:53:56,006 - INFO - Fold 5 Summary:
2025-09-17 12:53:56,019 - INFO -   Best OOS Sharpe: M50 (1.946, p=0.200)
2025-09-17 12:53:56,019 - INFO -   Best Q-Sharpe:  M02 (2.911, OOS_Sharpe=-0.193, OOS_Hit=0.522)
2025-09-17 12:53:56,019 - INFO -   Mean OOS Sharpe: -0.167, Mean Hit: 0.481
2025-09-17 12:53:56,019 - INFO - 
2025-09-17 12:53:56,071 - INFO - Stored 0 trained models for production export
2025-09-17 12:53:56,073 - INFO - Processing Fold 6/18
2025-09-17 12:53:56,120 - INFO -   Using multiprocessing with 9 workers
2025-09-17 12:57:57,823 - INFO - Fold 6 Summary:
2025-09-17 12:57:57,828 - INFO -   Best OOS Sharpe: M15 (4.026, p=0.000)
2025-09-17 12:57:57,828 - INFO -   Best Q-Sharpe:  M02 (2.782, OOS_Sharpe=1.622, OOS_Hit=0.559)
2025-09-17 12:57:57,828 - INFO -   Mean OOS Sharpe: 1.289, Mean Hit: 0.526
2025-09-17 12:57:57,828 - INFO - 
2025-09-17 12:57:57,855 - INFO - Stored 0 trained models for production export
2025-09-17 12:57:57,856 - INFO - Processing Fold 7/18
2025-09-17 12:57:57,890 - INFO -   Using multiprocessing with 9 workers
2025-09-17 13:02:30,093 - INFO - Fold 7 Summary:
2025-09-17 13:02:30,104 - INFO -   Best OOS Sharpe: M24 (3.494, p=0.000)
2025-09-17 13:02:30,104 - INFO -   Best Q-Sharpe:  M05 (2.423, OOS_Sharpe=2.186, OOS_Hit=0.596)
2025-09-17 13:02:30,104 - INFO -   Mean OOS Sharpe: 0.622, Mean Hit: 0.551
2025-09-17 13:02:30,104 - INFO - 
2025-09-17 13:02:30,143 - INFO - Stored 0 trained models for production export
2025-09-17 13:02:30,145 - INFO - Processing Fold 8/18
2025-09-17 13:02:30,209 - INFO -   Using multiprocessing with 9 workers
2025-09-17 13:07:20,733 - INFO - Fold 8 Summary:
2025-09-17 13:07:20,758 - INFO -   Best OOS Sharpe: M92 (2.719, p=0.040)
2025-09-17 13:07:20,759 - INFO -   Best Q-Sharpe:  M42 (2.209, OOS_Sharpe=1.434, OOS_Hit=0.551)
2025-09-17 13:07:20,759 - INFO -   Mean OOS Sharpe: 0.208, Mean Hit: 0.512
2025-09-17 13:07:20,759 - INFO - 
2025-09-17 13:07:20,843 - INFO - Stored 0 trained models for production export
2025-09-17 13:07:20,844 - INFO - Processing Fold 9/18
2025-09-17 13:07:20,916 - INFO -   Using multiprocessing with 9 workers
2025-09-17 13:12:00,878 - INFO - Fold 9 Summary:
2025-09-17 13:12:00,917 - INFO -   Best OOS Sharpe: M77 (5.039, p=0.000)
2025-09-17 13:12:00,917 - INFO -   Best Q-Sharpe:  M42 (2.446, OOS_Sharpe=4.583, OOS_Hit=0.574)
2025-09-17 13:12:00,917 - INFO -   Mean OOS Sharpe: 2.816, Mean Hit: 0.542
2025-09-17 13:12:00,917 - INFO - 
2025-09-17 13:12:01,151 - INFO - Stored 0 trained models for production export
2025-09-17 13:12:01,157 - INFO - Processing Fold 10/18
2025-09-17 13:12:01,377 - INFO -   Using multiprocessing with 9 workers
2025-09-17 13:17:14,348 - INFO - Fold 10 Summary:
2025-09-17 13:17:14,362 - INFO -   Best OOS Sharpe: M20 (4.922, p=0.000)
2025-09-17 13:17:14,362 - INFO -   Best Q-Sharpe:  M20 (2.429, OOS_Sharpe=4.922, OOS_Hit=0.596)
2025-09-17 13:17:14,362 - INFO -   Mean OOS Sharpe: 1.553, Mean Hit: 0.525
2025-09-17 13:17:14,362 - INFO - 
2025-09-17 13:17:14,416 - INFO - Stored 0 trained models for production export
2025-09-17 13:17:14,418 - INFO - Processing Fold 11/18
2025-09-17 13:17:14,465 - INFO -   Using multiprocessing with 9 workers
2025-09-17 13:21:38,611 - INFO - Fold 11 Summary:
2025-09-17 13:21:38,674 - INFO -   Best OOS Sharpe: M96 (3.674, p=0.020)
2025-09-17 13:21:38,674 - INFO -   Best Q-Sharpe:  M20 (2.248, OOS_Sharpe=0.618, OOS_Hit=0.478)
2025-09-17 13:21:38,674 - INFO -   Mean OOS Sharpe: 1.079, Mean Hit: 0.512
2025-09-17 13:21:38,674 - INFO - 
2025-09-17 13:21:39,144 - INFO - Stored 0 trained models for production export
2025-09-17 13:21:39,161 - INFO - Processing Fold 12/18
2025-09-17 13:21:39,530 - INFO -   Using multiprocessing with 9 workers
2025-09-17 13:25:48,216 - INFO - Fold 12 Summary:
2025-09-17 13:25:48,227 - INFO -   Best OOS Sharpe: M85 (3.503, p=0.000)
2025-09-17 13:25:48,227 - INFO -   Best Q-Sharpe:  M48 (2.081, OOS_Sharpe=2.846, OOS_Hit=0.559)
2025-09-17 13:25:48,227 - INFO -   Mean OOS Sharpe: 1.432, Mean Hit: 0.509
2025-09-17 13:25:48,227 - INFO - 
2025-09-17 13:25:48,286 - INFO - Stored 0 trained models for production export
2025-09-17 13:25:48,288 - INFO - Processing Fold 13/18
2025-09-17 13:25:48,338 - INFO -   Using multiprocessing with 9 workers
2025-09-17 13:30:26,249 - INFO - Fold 13 Summary:
2025-09-17 13:30:26,256 - INFO -   Best OOS Sharpe: M65 (2.238, p=0.080)
2025-09-17 13:30:26,256 - INFO -   Best Q-Sharpe:  M20 (2.001, OOS_Sharpe=1.312, OOS_Hit=0.500)
2025-09-17 13:30:26,256 - INFO -   Mean OOS Sharpe: 0.049, Mean Hit: 0.488
2025-09-17 13:30:26,256 - INFO - 
2025-09-17 13:30:26,311 - INFO - Stored 0 trained models for production export
2025-09-17 13:30:26,312 - INFO - Processing Fold 14/18
2025-09-17 13:30:26,364 - INFO -   Using multiprocessing with 9 workers
