2025-09-12 18:54:33,330 - INFO - ================================================================================
2025-09-12 18:54:33,330 - INFO - XGBoost Comparison Framework
2025-09-12 18:54:33,330 - INFO - ================================================================================
2025-09-12 18:54:33,330 - INFO - Configuration:
2025-09-12 18:54:33,331 - INFO -   Target Symbol: @ES#C
2025-09-12 18:54:33,331 - INFO -   Date Range: 2015-01-01 to 2025-08-01
2025-09-12 18:54:33,331 - INFO -   Models: 100, Type: standard
2025-09-12 18:54:33,331 - INFO -   Folds: 8
2025-09-12 18:54:33,332 - INFO -   Max Features: 100 (Limited)
2025-09-12 18:54:33,332 - INFO -   Feature Selection: Enabled
2025-09-12 18:54:33,332 - INFO -   Inner Val Fraction: 0.2
2025-09-12 18:54:33,332 - INFO -   EWMA Alpha: 0.1, Quality Halflife: 63 days
2025-09-12 18:54:33,332 - INFO -   Signal Type: Tanh Normalized
2025-09-12 18:54:33,332 - INFO -   Cross-validation: Expanding window
2025-09-12 18:54:33,332 - INFO -   Production: Cutoff=0.6, Top N=5, Q-Metric=hit_rate
2025-09-12 18:54:33,333 - INFO -   Reselection: Every 1 fold(s)
2025-09-12 18:54:33,333 - INFO - 
2025-09-12 18:54:41,197 - INFO - Loaded: X=(2735, 1906), y=(2735,)
2025-09-12 18:55:32,807 - INFO - Selected 100 features (threshold: 0.7)
2025-09-12 18:55:32,819 - INFO - Selected: 100 features
2025-09-12 18:55:33,985 - INFO - GPU detection: CUDA GPU available and working
2025-09-12 18:55:33,985 - INFO - Processing mode: GPU sequential (GPU: True, Total models: 800)
2025-09-12 18:55:34,414 - INFO - GPU detection: CUDA GPU available and working
2025-09-12 18:55:34,416 - INFO - Using expanding window
2025-09-12 18:55:34,416 - INFO - Starting analysis: 100 standard models x 7 folds
2025-09-12 18:55:34,416 - INFO - Processing Fold 1/7
2025-09-12 18:55:34,420 - INFO -   Using GPU sequential processing
