2025-09-12 09:12:16,239 - INFO - ================================================================================
2025-09-12 09:12:16,239 - INFO - XGBoost Comparison Framework
2025-09-12 09:12:16,239 - INFO - ================================================================================
2025-09-12 09:12:16,239 - INFO - Configuration:
2025-09-12 09:12:16,239 - INFO -   Target Symbol: @TY#C
2025-09-12 09:12:16,239 - INFO -   Date Range: 2015-01-01 to 2025-08-01
2025-09-12 09:12:16,239 - INFO -   Models: 100, Type: standard
2025-09-12 09:12:16,239 - INFO -   Folds: 10
2025-09-12 09:12:16,239 - INFO -   Max Features: 100 (Limited)
2025-09-12 09:12:16,239 - INFO -   Feature Selection: Enabled
2025-09-12 09:12:16,239 - INFO -   Inner Val Fraction: 0.2
2025-09-12 09:12:16,239 - INFO -   EWMA Alpha: 0.1, Quality Halflife: 63 days
2025-09-12 09:12:16,239 - INFO -   Signal Type: Tanh Normalized
2025-09-12 09:12:16,239 - INFO -   Cross-validation: Expanding window
2025-09-12 09:12:16,239 - INFO -   Production: Cutoff=0.6, Top N=5, Q-Metric=hit_rate
2025-09-12 09:12:16,239 - INFO -   Reselection: Every 1 fold(s)
2025-09-12 09:12:16,239 - INFO - 
2025-09-12 09:12:33,257 - INFO - Loaded: X=(2735, 1906), y=(2735,)
2025-09-12 09:13:28,207 - INFO - Selected 100 features (threshold: 0.7)
2025-09-12 09:13:28,238 - INFO - Selected: 100 features
2025-09-12 09:13:28,534 - INFO - GPU detection: XGBoost not compiled with CUDA support - using CPU
2025-09-12 09:13:28,535 - INFO - Processing mode: CPU multiprocessing (GPU: False, Total models: 1000)
2025-09-12 09:13:28,540 - INFO - GPU detection: XGBoost not compiled with CUDA support - using CPU
2025-09-12 09:13:28,543 - INFO - Using expanding window
2025-09-12 09:13:28,543 - INFO - Starting analysis: 100 standard models x 9 folds
2025-09-12 09:13:28,543 - INFO - Processing Fold 1/9
2025-09-12 09:13:28,549 - INFO -   Using multiprocessing with 9 workers
2025-09-12 09:17:02,734 - INFO - Fold 1 Summary:
2025-09-12 09:17:02,738 - INFO -   Best OOS Sharpe: M53 (1.565, p=0.140)
2025-09-12 09:17:02,738 - INFO -   Best Q-Hit_Rate:  M14 (0.562, OOS_Sharpe=1.229, OOS_Hit=0.562)
2025-09-12 09:17:02,738 - INFO -   Mean OOS Sharpe: -0.035, Mean Hit: 0.510
2025-09-12 09:17:02,739 - INFO - 
2025-09-12 09:17:02,752 - INFO - Processing Fold 2/9
2025-09-12 09:17:02,787 - INFO -   Using multiprocessing with 9 workers
2025-09-12 09:22:37,018 - INFO - Fold 2 Summary:
2025-09-12 09:22:37,026 - INFO -   Best OOS Sharpe: M31 (1.535, p=0.120)
2025-09-12 09:22:37,026 - INFO -   Best Q-Hit_Rate:  M45 (0.556, OOS_Sharpe=-0.080, OOS_Hit=0.496)
2025-09-12 09:22:37,026 - INFO -   Mean OOS Sharpe: -0.092, Mean Hit: 0.483
2025-09-12 09:22:37,026 - INFO - 
2025-09-12 09:22:37,050 - INFO - Processing Fold 3/9
2025-09-12 09:22:37,095 - INFO -   Using multiprocessing with 9 workers
2025-09-12 09:28:30,992 - INFO - Fold 3 Summary:
2025-09-12 09:28:30,996 - INFO -   Best OOS Sharpe: M02 (1.418, p=0.080)
2025-09-12 09:28:30,997 - INFO -   Best Q-Hit_Rate:  M45 (0.548, OOS_Sharpe=-0.209, OOS_Hit=0.482)
2025-09-12 09:28:30,997 - INFO -   Mean OOS Sharpe: 0.152, Mean Hit: 0.487
2025-09-12 09:28:30,997 - INFO - 
2025-09-12 09:28:31,033 - INFO - Processing Fold 4/9
2025-09-12 09:28:31,063 - INFO -   Using multiprocessing with 9 workers
2025-09-12 09:33:12,262 - INFO - Fold 4 Summary:
2025-09-12 09:33:12,268 - INFO -   Best OOS Sharpe: M96 (2.033, p=0.080)
2025-09-12 09:33:12,268 - INFO -   Best Q-Hit_Rate:  M45 (0.544, OOS_Sharpe=1.056, OOS_Hit=0.507)
2025-09-12 09:33:12,268 - INFO -   Mean OOS Sharpe: 0.521, Mean Hit: 0.508
2025-09-12 09:33:12,268 - INFO - 
2025-09-12 09:33:12,297 - INFO - Processing Fold 5/9
2025-09-12 09:33:12,331 - INFO -   Using multiprocessing with 9 workers
2025-09-12 09:38:37,710 - INFO - Fold 5 Summary:
2025-09-12 09:38:37,721 - INFO -   Best OOS Sharpe: M66 (1.898, p=0.040)
2025-09-12 09:38:37,721 - INFO -   Best Q-Hit_Rate:  M45 (0.538, OOS_Sharpe=-0.177, OOS_Hit=0.485)
2025-09-12 09:38:37,721 - INFO -   Mean OOS Sharpe: -0.450, Mean Hit: 0.485
2025-09-12 09:38:37,721 - INFO - 
2025-09-12 09:38:37,769 - INFO - Processing Fold 6/9
2025-09-12 09:38:37,827 - INFO -   Using multiprocessing with 9 workers
2025-09-12 09:44:05,493 - INFO - Fold 6 Summary:
2025-09-12 09:44:05,500 - INFO -   Best OOS Sharpe: M01 (2.264, p=0.040)
2025-09-12 09:44:05,500 - INFO -   Best Q-Hit_Rate:  M45 (0.539, OOS_Sharpe=-0.337, OOS_Hit=0.540)
2025-09-12 09:44:05,500 - INFO -   Mean OOS Sharpe: 0.369, Mean Hit: 0.501
2025-09-12 09:44:05,500 - INFO - 
2025-09-12 09:44:05,545 - INFO - Processing Fold 7/9
2025-09-12 09:44:05,586 - INFO -   Using multiprocessing with 9 workers
2025-09-12 09:49:28,180 - INFO - Fold 7 Summary:
2025-09-12 09:49:28,185 - INFO -   Best OOS Sharpe: M67 (0.970, p=0.220)
2025-09-12 09:49:28,186 - INFO -   Best Q-Hit_Rate:  M62 (0.534, OOS_Sharpe=0.483, OOS_Hit=0.537)
2025-09-12 09:49:28,186 - INFO -   Mean OOS Sharpe: -0.547, Mean Hit: 0.494
2025-09-12 09:49:28,186 - INFO - 
2025-09-12 09:49:28,231 - INFO - Processing Fold 8/9
2025-09-12 09:49:28,263 - INFO -   Using multiprocessing with 9 workers
2025-09-12 09:55:06,803 - INFO - Fold 8 Summary:
2025-09-12 09:55:06,809 - INFO -   Best OOS Sharpe: M11 (1.283, p=0.180)
2025-09-12 09:55:06,809 - INFO -   Best Q-Hit_Rate:  M45 (0.530, OOS_Sharpe=0.113, OOS_Hit=0.511)
2025-09-12 09:55:06,809 - INFO -   Mean OOS Sharpe: -0.503, Mean Hit: 0.468
2025-09-12 09:55:06,809 - INFO - 
2025-09-12 09:55:06,861 - INFO - Processing Fold 9/9
2025-09-12 09:55:06,932 - INFO -   Using multiprocessing with 9 workers
