2025-09-15 23:09:50,968 - INFO - ================================================================================
2025-09-15 23:09:50,968 - INFO - XGBoost Comparison Framework
2025-09-15 23:09:50,968 - INFO - ================================================================================
2025-09-15 23:09:50,969 - INFO - Configuration:
2025-09-15 23:09:50,969 - INFO -   Target Symbol: @RTY#C
2025-09-15 23:09:50,969 - INFO -   Date Range: 2015-01-01 to 2025-08-01
2025-09-15 23:09:50,969 - INFO -   Models: 100, Type: standard
2025-09-15 23:09:50,969 - INFO -   Folds: 10
2025-09-15 23:09:50,969 - INFO -   Max Features: 100 (Limited)
2025-09-15 23:09:50,969 - INFO -   Feature Selection: Enabled
2025-09-15 23:09:50,969 - INFO -   Inner Val Fraction: 0.2
2025-09-15 23:09:50,969 - INFO -   EWMA Alpha: 0.1, Quality Halflife: 63 days
2025-09-15 23:09:50,969 - INFO -   Signal Type: Tanh Normalized
2025-09-15 23:09:50,969 - INFO -   Cross-validation: Expanding window
2025-09-15 23:09:50,969 - INFO -   Production: Cutoff=0.6, Top N=5, Q-Metric=sharpe
2025-09-15 23:09:50,969 - INFO -   Reselection: Every 1 fold(s)
2025-09-15 23:09:50,969 - INFO - 
2025-09-15 23:09:57,136 - INFO - Dropped 9 rows due to NaN in target column @RTY#C_target_return
2025-09-15 23:09:57,314 - INFO - Loaded: X=(2726, 1906), y=(2726,)
2025-09-15 23:10:22,213 - INFO - Selected 100 features (threshold: 0.7)
2025-09-15 23:10:22,227 - INFO - Selected: 100 features
2025-09-15 23:10:22,716 - INFO - GPU detection: CUDA GPU available and working
2025-09-15 23:10:22,716 - INFO - Processing mode: GPU sequential (GPU: True, Total models: 1000)
2025-09-15 23:10:22,796 - INFO - GPU detection: CUDA GPU available and working
2025-09-15 23:10:22,807 - INFO - Using expanding window
2025-09-15 23:10:22,807 - INFO - Starting analysis: 100 standard models x 9 folds
2025-09-15 23:10:22,807 - INFO - Processing Fold 1/9
2025-09-15 23:10:22,813 - INFO -   Using GPU sequential processing
2025-09-15 23:15:57,681 - INFO - Fold 1 Summary:
2025-09-15 23:15:57,681 - INFO -   Best OOS Sharpe: M21 (2.875, p=0.000)
2025-09-15 23:15:57,681 - INFO -   Best Q-Sharpe:  M21 (2.875, OOS_Sharpe=2.875, OOS_Hit=0.566)
2025-09-15 23:15:57,681 - INFO -   Mean OOS Sharpe: 1.382, Mean Hit: 0.537
2025-09-15 23:15:57,681 - INFO - 
2025-09-15 23:15:57,725 - INFO - Processing Fold 2/9
2025-09-15 23:15:57,728 - INFO -   Using GPU sequential processing
2025-09-15 23:23:08,281 - INFO - Fold 2 Summary:
2025-09-15 23:23:08,284 - INFO -   Best OOS Sharpe: M99 (1.994, p=0.050)
2025-09-15 23:23:08,284 - INFO -   Best Q-Sharpe:  M21 (2.711, OOS_Sharpe=1.229, OOS_Hit=0.526)
2025-09-15 23:23:08,284 - INFO -   Mean OOS Sharpe: 0.685, Mean Hit: 0.512
2025-09-15 23:23:08,284 - INFO - 
2025-09-15 23:23:08,287 - INFO - Processing Fold 3/9
2025-09-15 23:23:08,290 - INFO -   Using GPU sequential processing
2025-09-15 23:29:55,344 - INFO - Fold 3 Summary:
2025-09-15 23:29:55,344 - INFO -   Best OOS Sharpe: M58 (1.551, p=0.160)
2025-09-15 23:29:55,344 - INFO -   Best Q-Sharpe:  M21 (2.430, OOS_Sharpe=-0.091, OOS_Hit=0.474)
2025-09-15 23:29:55,344 - INFO -   Mean OOS Sharpe: 0.136, Mean Hit: 0.498
2025-09-15 23:29:55,344 - INFO - 
2025-09-15 23:29:55,346 - INFO - Processing Fold 4/9
2025-09-15 23:29:55,350 - INFO -   Using GPU sequential processing
2025-09-15 23:36:52,020 - INFO - Fold 4 Summary:
2025-09-15 23:36:52,021 - INFO -   Best OOS Sharpe: M57 (1.760, p=0.110)
2025-09-15 23:36:52,021 - INFO -   Best Q-Sharpe:  M21 (2.226, OOS_Sharpe=0.391, OOS_Hit=0.515)
2025-09-15 23:36:52,021 - INFO -   Mean OOS Sharpe: 0.127, Mean Hit: 0.516
2025-09-15 23:36:52,021 - INFO - 
2025-09-15 23:36:52,023 - INFO - Processing Fold 5/9
2025-09-15 23:36:52,028 - INFO -   Using GPU sequential processing
2025-09-15 23:45:21,649 - INFO - Fold 5 Summary:
2025-09-15 23:45:21,649 - INFO -   Best OOS Sharpe: M97 (4.158, p=0.000)
2025-09-15 23:45:21,649 - INFO -   Best Q-Sharpe:  M21 (2.310, OOS_Sharpe=3.063, OOS_Hit=0.555)
2025-09-15 23:45:21,649 - INFO -   Mean OOS Sharpe: 2.928, Mean Hit: 0.550
2025-09-15 23:45:21,649 - INFO - 
2025-09-15 23:45:21,651 - INFO - Processing Fold 6/9
2025-09-15 23:45:21,655 - INFO -   Using GPU sequential processing
2025-09-15 23:54:26,884 - INFO - Fold 6 Summary:
2025-09-15 23:54:26,896 - INFO -   Best OOS Sharpe: M84 (2.996, p=0.000)
2025-09-15 23:54:26,897 - INFO -   Best Q-Sharpe:  M21 (2.289, OOS_Sharpe=2.101, OOS_Hit=0.482)
2025-09-15 23:54:26,897 - INFO -   Mean OOS Sharpe: 1.607, Mean Hit: 0.519
2025-09-15 23:54:26,897 - INFO - 
2025-09-15 23:54:26,900 - INFO - Processing Fold 7/9
2025-09-15 23:54:26,904 - INFO -   Using GPU sequential processing
2025-09-16 00:03:44,540 - INFO - Fold 7 Summary:
2025-09-16 00:03:44,540 - INFO -   Best OOS Sharpe: M40 (3.252, p=0.000)
2025-09-16 00:03:44,540 - INFO -   Best Q-Sharpe:  M21 (2.287, OOS_Sharpe=2.266, OOS_Hit=0.507)
2025-09-16 00:03:44,540 - INFO -   Mean OOS Sharpe: 1.790, Mean Hit: 0.542
2025-09-16 00:03:44,540 - INFO - 
2025-09-16 00:03:44,543 - INFO - Processing Fold 8/9
2025-09-16 00:03:44,547 - INFO -   Using GPU sequential processing
2025-09-16 00:13:31,398 - INFO - Fold 8 Summary:
2025-09-16 00:13:31,408 - INFO -   Best OOS Sharpe: M12 (2.876, p=0.010)
2025-09-16 00:13:31,408 - INFO -   Best Q-Sharpe:  M21 (2.200, OOS_Sharpe=1.418, OOS_Hit=0.540)
2025-09-16 00:13:31,408 - INFO -   Mean OOS Sharpe: 0.491, Mean Hit: 0.526
2025-09-16 00:13:31,408 - INFO - 
2025-09-16 00:13:31,412 - INFO - Processing Fold 9/9
2025-09-16 00:13:31,473 - INFO -   Using GPU sequential processing
2025-09-16 00:22:52,430 - INFO - Fold 9 Summary:
2025-09-16 00:22:52,430 - INFO -   Best OOS Sharpe: M91 (2.870, p=0.000)
2025-09-16 00:22:52,430 - INFO -   Best Q-Sharpe:  M21 (2.112, OOS_Sharpe=1.318, OOS_Hit=0.543)
2025-09-16 00:22:52,430 - INFO -   Mean OOS Sharpe: 1.015, Mean Hit: 0.549
2025-09-16 00:22:52,430 - INFO - 
2025-09-16 00:22:52,434 - INFO - Starting full timeline backtesting...
2025-09-16 00:22:52,434 - INFO - Running full timeline backtest with 9 folds (0-based indexing)
2025-09-16 00:22:52,434 - INFO - Fold 0 skipped (no prior Q-score history for meaningful selection)
2025-09-16 00:22:52,434 - INFO - Effective backtest period: Folds 1-8 (8 folds)
2025-09-16 00:22:52,434 - INFO - Training period: Folds 1-5
2025-09-16 00:22:52,434 - INFO - Production period: Folds 6-8
2025-09-16 00:22:52,434 - INFO - Using consistent OOS methodology for all folds
2025-09-16 00:22:52,434 - INFO - Fold 0: Skipped (no prior Q-score history for meaningful selection)
2025-09-16 00:22:52,434 - INFO - 
--- Processing fold 1/8 ---
2025-09-16 00:22:52,511 - INFO - Fold 1: Q-scores from fold 0: ['M00:0.927', 'M01:1.646', 'M02:1.596', 'M03:1.887', 'M04:1.701']...
2025-09-16 00:22:52,511 - INFO - Fold 1: Selected models [21, 13, 67, 14, 74] based on fold 0 Q-scores, avg Q-score: 2.619
2025-09-16 00:22:52,513 - INFO - Fold 1 (Training): Sharpe=0.406, Hit=49.3%
2025-09-16 00:22:52,513 - INFO - 
--- Processing fold 2/8 ---
2025-09-16 00:22:52,566 - INFO - Fold 2: Q-scores from fold 1: ['M00:0.912', 'M01:1.565', 'M02:1.507', 'M03:1.739', 'M04:1.472']...
2025-09-16 00:22:52,566 - INFO - Fold 2: Selected models [21, 13, 67, 14, 74] based on fold 1 Q-scores, avg Q-score: 2.389
2025-09-16 00:22:52,600 - INFO - Fold 2 (Training): Sharpe=-0.321, Hit=49.3%
2025-09-16 00:22:52,600 - INFO - 
--- Processing fold 3/8 ---
2025-09-16 00:22:52,644 - INFO - Fold 3: Q-scores from fold 2: ['M00:0.777', 'M01:1.418', 'M02:1.401', 'M03:1.582', 'M04:1.431']...
2025-09-16 00:22:52,644 - INFO - Fold 3: Selected models [21, 13, 67, 14, 63] based on fold 2 Q-scores, avg Q-score: 2.151
2025-09-16 00:22:52,646 - INFO - Fold 3 (Training): Sharpe=-0.117, Hit=51.1%
2025-09-16 00:22:52,646 - INFO - 
--- Processing fold 4/8 ---
2025-09-16 00:22:52,715 - INFO - Fold 4: Q-scores from fold 3: ['M00:0.589', 'M01:1.368', 'M02:1.230', 'M03:1.418', 'M04:1.318']...
2025-09-16 00:22:52,716 - INFO - Fold 4: Selected models [21, 13, 63, 83, 67] based on fold 3 Q-scores, avg Q-score: 1.932
2025-09-16 00:22:52,718 - INFO - Fold 4 (Training): Sharpe=3.190, Hit=54.8%
2025-09-16 00:22:52,718 - INFO - 
--- Processing fold 5/8 ---
2025-09-16 00:22:52,774 - INFO - Fold 5: Q-scores from fold 4: ['M00:0.760', 'M01:1.514', 'M02:1.416', 'M03:1.452', 'M04:1.427']...
2025-09-16 00:22:52,774 - INFO - Fold 5: Selected models [21, 13, 83, 63, 67] based on fold 4 Q-scores, avg Q-score: 2.024
2025-09-16 00:22:52,776 - INFO - Fold 5 (Training): Sharpe=1.803, Hit=53.3%
2025-09-16 00:22:52,776 - INFO - 
--- Processing fold 6/8 ---
2025-09-16 00:22:52,855 - INFO - Fold 6: Q-scores from fold 5: ['M00:0.807', 'M01:1.576', 'M02:1.378', 'M03:1.444', 'M04:1.433']...
2025-09-16 00:22:52,855 - INFO - Fold 6: Selected models [21, 13, 63, 92, 18] based on fold 5 Q-scores, avg Q-score: 1.998
2025-09-16 00:22:52,857 - INFO - Fold 6 (Production): Sharpe=1.566, Hit=52.6%
2025-09-16 00:22:52,857 - INFO - 
--- Processing fold 7/8 ---
2025-09-16 00:22:52,944 - INFO - Fold 7: Q-scores from fold 6: ['M00:0.871', 'M01:1.511', 'M02:1.321', 'M03:1.457', 'M04:1.520']...
2025-09-16 00:22:52,953 - INFO - Fold 7: Selected models [21, 13, 14, 63, 59] based on fold 6 Q-scores, avg Q-score: 1.949
2025-09-16 00:22:52,955 - INFO - Fold 7 (Production): Sharpe=1.118, Hit=51.8%
2025-09-16 00:22:52,955 - INFO - 
--- Processing fold 8/8 ---
2025-09-16 00:22:53,023 - INFO - Fold 8: Q-scores from fold 7: ['M00:0.882', 'M01:1.346', 'M02:1.116', 'M03:1.342', 'M04:1.317']...
2025-09-16 00:22:53,023 - INFO - Fold 8: Selected models [21, 13, 14, 92, 74] based on fold 7 Q-scores, avg Q-score: 1.871
2025-09-16 00:22:53,024 - INFO - Fold 8 (Production): Sharpe=1.710, Hit=57.9%
2025-09-16 00:22:53,052 - INFO - Training Period Overall: Sharpe=1.111, Hit=51.5%
2025-09-16 00:22:53,053 - INFO - Production Period Overall: Sharpe=1.480, Hit=54.1%
2025-09-16 00:22:53,055 - INFO - Full Timeline Overall: Sharpe=1.238, Hit=52.5%
2025-09-16 00:22:53,056 - INFO - Training: Sharpe=1.111 | Hit=51.5% | Return=12.97%
2025-09-16 00:22:53,056 - INFO - Production: Sharpe=1.480 | Hit=54.1% | Return=15.39%
2025-09-16 00:22:53,056 - INFO - Full Timeline: Sharpe=1.238 | Hit=52.5% | Return=13.88%
2025-09-16 00:22:53,056 - INFO - Generating visualizations...
2025-09-16 00:22:53,056 - INFO - Creating clean visualizations for 100 models...
2025-09-16 00:23:01,271 - INFO - Clean fold-by-fold analysis saved to: 20250915_230950_fold_@RTY#C_100models_10folds_OPTIMAL_RTY_production.png
2025-09-16 00:23:04,197 - INFO - Detailed production analysis saved to: 20250915_230950_backtest_@RTY#C_100models_10folds_OPTIMAL_RTY_production.png
2025-09-16 00:23:04,197 - INFO - ================================================================================
2025-09-16 00:23:04,197 - INFO - BACKTEST SUMMARY
2025-09-16 00:23:04,197 - INFO - ================================================================================
2025-09-16 00:23:04,197 - INFO - Config: Cutoff=70%, Top N=5, Q-Metric=sharpe, Reselection=1 fold(s)
2025-09-16 00:23:04,197 - INFO - Model Selection History:
2025-09-16 00:23:04,197 - INFO -   Fold 1: M21, M13, M67, M14, M74 (Avg Q-sharpe: 2.619)
2025-09-16 00:23:04,197 - INFO -   Fold 2: M21, M13, M67, M14, M74 (Avg Q-sharpe: 2.389)
2025-09-16 00:23:04,197 - INFO -   Fold 3: M21, M13, M67, M14, M63 (Avg Q-sharpe: 2.151)
2025-09-16 00:23:04,197 - INFO -   Fold 4: M21, M13, M63, M83, M67 (Avg Q-sharpe: 1.932)
2025-09-16 00:23:04,197 - INFO -   Fold 5: M21, M13, M83, M63, M67 (Avg Q-sharpe: 2.024)
2025-09-16 00:23:04,197 - INFO -   Fold 6: M21, M13, M63, M92, M18 (Avg Q-sharpe: 1.998)
2025-09-16 00:23:04,198 - INFO -   Fold 7: M21, M13, M14, M63, M59 (Avg Q-sharpe: 1.949)
2025-09-16 00:23:04,198 - INFO -   Fold 8: M21, M13, M14, M92, M74 (Avg Q-sharpe: 1.871)
2025-09-16 00:23:04,198 - INFO - 
2025-09-16 00:23:04,198 - INFO - Fold-by-Fold Performance:
2025-09-16 00:23:04,198 - INFO -   Fold 1: M21, M13, M67, M14, M74 | Sharpe=0.406 | Hit=49.3% | Samples=272
2025-09-16 00:23:04,198 - INFO -   Fold 2: M21, M13, M67, M14, M74 | Sharpe=-0.321 | Hit=49.3% | Samples=272
2025-09-16 00:23:04,198 - INFO -   Fold 3: M21, M13, M67, M14, M63 | Sharpe=-0.117 | Hit=51.1% | Samples=272
2025-09-16 00:23:04,198 - INFO -   Fold 4: M21, M13, M63, M83, M67 | Sharpe=3.190 | Hit=54.8% | Samples=272
2025-09-16 00:23:04,198 - INFO -   Fold 5: M21, M13, M83, M63, M67 | Sharpe=1.803 | Hit=53.3% | Samples=272
2025-09-16 00:23:04,198 - INFO -   Fold 6: M21, M13, M63, M92, M18 | Sharpe=1.566 | Hit=52.6% | Samples=272
2025-09-16 00:23:04,198 - INFO -   Fold 7: M21, M13, M14, M63, M59 | Sharpe=1.118 | Hit=51.8% | Samples=272
2025-09-16 00:23:04,198 - INFO -   Fold 8: M21, M13, M14, M92, M74 | Sharpe=1.710 | Hit=57.9% | Samples=278
2025-09-16 00:23:04,198 - INFO - ================================================================================
2025-09-16 00:23:04,198 - INFO - ================================================================================
2025-09-16 00:23:04,198 - INFO - ANALYSIS COMPLETED SUCCESSFULLY!
2025-09-16 00:23:04,198 - INFO - ================================================================================
2025-09-16 00:23:04,198 - INFO - Generated 2 visualization files
2025-09-16 00:23:04,198 - INFO -   - 20250915_230950_fold_@RTY#C_100models_10folds_OPTIMAL_RTY_production.png
2025-09-16 00:23:04,198 - INFO -   - 20250915_230950_backtest_@RTY#C_100models_10folds_OPTIMAL_RTY_production.png
2025-09-16 00:23:04,198 - INFO - Training Final: Sharpe=1.111 | Hit=51.5% | Return=12.97% | CB=0.800
2025-09-16 00:23:04,198 - INFO - Production Final: Sharpe=1.480 | Hit=54.1% | Return=15.39% | CB=1.843
2025-09-16 00:23:04,198 - INFO - Full Timeline Final: Sharpe=1.238 | Hit=52.5% | Return=13.88% | CB=0.856
