2025-09-16 08:48:44,025 - INFO - ================================================================================
2025-09-16 08:48:44,025 - INFO - XGBoost Comparison Framework
2025-09-16 08:48:44,025 - INFO - ================================================================================
2025-09-16 08:48:44,025 - INFO - Configuration:
2025-09-16 08:48:44,025 - INFO -   Target Symbol: QHG#C
2025-09-16 08:48:44,025 - INFO -   Date Range: 2015-01-01 to 2025-08-01
2025-09-16 08:48:44,025 - INFO -   Models: 100, Type: standard
2025-09-16 08:48:44,025 - INFO -   Folds: 15
2025-09-16 08:48:44,026 - INFO -   Max Features: 100 (Limited)
2025-09-16 08:48:44,026 - INFO -   Feature Selection: Enabled
2025-09-16 08:48:44,026 - INFO -   Inner Val Fraction: 0.2
2025-09-16 08:48:44,026 - INFO -   EWMA Alpha: 0.1, Quality Halflife: 63 days
2025-09-16 08:48:44,026 - INFO -   Signal Type: Tanh Normalized
2025-09-16 08:48:44,026 - INFO -   Cross-validation: Expanding window
2025-09-16 08:48:44,026 - INFO -   Production: Cutoff=0.6, Top N=5, Q-Metric=hit_rate
2025-09-16 08:48:44,026 - INFO -   Reselection: Every 1 fold(s)
2025-09-16 08:48:44,026 - INFO - 
2025-09-16 08:48:51,895 - INFO - Dropped 6 rows due to NaN in target column QHG#C_target_return
2025-09-16 08:48:52,108 - INFO - Loaded: X=(2729, 1906), y=(2729,)
2025-09-16 08:49:27,074 - INFO - Selected 100 features (threshold: 0.7)
2025-09-16 08:49:27,131 - INFO - Selected: 100 features
2025-09-16 08:49:28,033 - INFO - GPU detection: CUDA GPU available and working
2025-09-16 08:49:28,033 - INFO - Processing mode: GPU sequential (GPU: True, Total models: 1500)
2025-09-16 08:49:28,588 - INFO - GPU detection: CUDA GPU available and working
2025-09-16 08:49:28,590 - INFO - Using expanding window
2025-09-16 08:49:28,590 - INFO - Starting analysis: 100 standard models x 13 folds
2025-09-16 08:49:28,590 - INFO - Processing Fold 1/13
2025-09-16 08:49:28,595 - INFO -   Using GPU sequential processing
2025-09-16 08:53:02,717 - INFO - Fold 1 Summary:
2025-09-16 08:53:02,717 - INFO -   Best OOS Sharpe: M46 (1.571, p=0.230)
2025-09-16 08:53:02,717 - INFO -   Best Q-Hit_Rate:  M46 (0.558, OOS_Sharpe=1.571, OOS_Hit=0.558)
2025-09-16 08:53:02,717 - INFO -   Mean OOS Sharpe: -0.400, Mean Hit: 0.484
2025-09-16 08:53:02,717 - INFO - 
2025-09-16 08:53:02,721 - INFO - Stored 100 trained models for production export
2025-09-16 08:53:02,722 - INFO - Processing Fold 2/13
2025-09-16 08:53:02,725 - INFO -   Using GPU sequential processing
2025-09-16 08:56:38,355 - INFO - Fold 2 Summary:
2025-09-16 08:56:38,355 - INFO -   Best OOS Sharpe: M88 (3.100, p=0.010)
2025-09-16 08:56:38,355 - INFO -   Best Q-Hit_Rate:  M46 (0.551, OOS_Sharpe=0.679, OOS_Hit=0.492)
2025-09-16 08:56:38,355 - INFO -   Mean OOS Sharpe: 1.615, Mean Hit: 0.536
2025-09-16 08:56:38,355 - INFO - 
2025-09-16 08:56:38,360 - INFO - Stored 100 trained models for production export
2025-09-16 08:56:38,360 - INFO - Processing Fold 3/13
2025-09-16 08:56:38,364 - INFO -   Using GPU sequential processing
2025-09-16 09:00:24,519 - INFO - Fold 3 Summary:
2025-09-16 09:00:24,526 - INFO -   Best OOS Sharpe: M37 (4.314, p=0.000)
2025-09-16 09:00:24,526 - INFO -   Best Q-Hit_Rate:  M46 (0.555, OOS_Sharpe=2.595, OOS_Hit=0.591)
2025-09-16 09:00:24,526 - INFO -   Mean OOS Sharpe: 2.135, Mean Hit: 0.532
2025-09-16 09:00:24,526 - INFO - 
2025-09-16 09:00:24,531 - INFO - Stored 100 trained models for production export
2025-09-16 09:00:24,531 - INFO - Processing Fold 4/13
2025-09-16 09:00:24,547 - INFO -   Using GPU sequential processing
2025-09-16 09:04:15,584 - INFO - Fold 4 Summary:
2025-09-16 09:04:15,584 - INFO -   Best OOS Sharpe: M38 (2.085, p=0.120)
2025-09-16 09:04:15,584 - INFO -   Best Q-Hit_Rate:  M46 (0.553, OOS_Sharpe=0.316, OOS_Hit=0.536)
2025-09-16 09:04:15,584 - INFO -   Mean OOS Sharpe: 0.673, Mean Hit: 0.537
2025-09-16 09:04:15,584 - INFO - 
2025-09-16 09:04:15,588 - INFO - Stored 100 trained models for production export
2025-09-16 09:04:15,588 - INFO - Processing Fold 5/13
2025-09-16 09:04:15,591 - INFO -   Using GPU sequential processing
2025-09-16 09:08:10,825 - INFO - Fold 5 Summary:
2025-09-16 09:08:10,825 - INFO -   Best OOS Sharpe: M61 (3.242, p=0.000)
2025-09-16 09:08:10,825 - INFO -   Best Q-Hit_Rate:  M46 (0.548, OOS_Sharpe=0.567, OOS_Hit=0.497)
2025-09-16 09:08:10,825 - INFO -   Mean OOS Sharpe: 1.101, Mean Hit: 0.513
2025-09-16 09:08:10,825 - INFO - 
2025-09-16 09:08:10,830 - INFO - Stored 100 trained models for production export
2025-09-16 09:08:10,830 - INFO - Processing Fold 6/13
2025-09-16 09:08:10,833 - INFO -   Using GPU sequential processing
2025-09-16 09:12:13,266 - INFO - Fold 6 Summary:
2025-09-16 09:12:13,266 - INFO -   Best OOS Sharpe: M53 (4.026, p=0.000)
2025-09-16 09:12:13,266 - INFO -   Best Q-Hit_Rate:  M46 (0.543, OOS_Sharpe=0.738, OOS_Hit=0.497)
2025-09-16 09:12:13,266 - INFO -   Mean OOS Sharpe: 1.753, Mean Hit: 0.520
2025-09-16 09:12:13,266 - INFO - 
2025-09-16 09:12:13,271 - INFO - Stored 100 trained models for production export
2025-09-16 09:12:13,271 - INFO - Processing Fold 7/13
2025-09-16 09:12:13,288 - INFO -   Using GPU sequential processing
2025-09-16 09:16:22,767 - INFO - Fold 7 Summary:
2025-09-16 09:16:22,767 - INFO -   Best OOS Sharpe: M25 (3.217, p=0.000)
2025-09-16 09:16:22,767 - INFO -   Best Q-Hit_Rate:  M46 (0.546, OOS_Sharpe=1.376, OOS_Hit=0.580)
2025-09-16 09:16:22,767 - INFO -   Mean OOS Sharpe: 1.667, Mean Hit: 0.576
2025-09-16 09:16:22,767 - INFO - 
2025-09-16 09:16:22,772 - INFO - Stored 100 trained models for production export
2025-09-16 09:16:22,772 - INFO - Processing Fold 8/13
2025-09-16 09:16:22,777 - INFO -   Using GPU sequential processing
2025-09-16 09:20:37,900 - INFO - Fold 8 Summary:
2025-09-16 09:20:37,901 - INFO -   Best OOS Sharpe: M04 (2.046, p=0.130)
2025-09-16 09:20:37,901 - INFO -   Best Q-Hit_Rate:  M46 (0.541, OOS_Sharpe=0.135, OOS_Hit=0.492)
2025-09-16 09:20:37,901 - INFO -   Mean OOS Sharpe: 0.269, Mean Hit: 0.501
2025-09-16 09:20:37,901 - INFO - 
2025-09-16 09:20:37,907 - INFO - Stored 100 trained models for production export
2025-09-16 09:20:37,907 - INFO - Processing Fold 9/13
2025-09-16 09:20:37,955 - INFO -   Using GPU sequential processing
2025-09-16 09:24:54,104 - INFO - Fold 9 Summary:
2025-09-16 09:24:54,123 - INFO -   Best OOS Sharpe: M86 (2.554, p=0.020)
2025-09-16 09:24:54,123 - INFO -   Best Q-Hit_Rate:  M86 (0.543, OOS_Sharpe=2.554, OOS_Hit=0.597)
2025-09-16 09:24:54,123 - INFO -   Mean OOS Sharpe: 0.743, Mean Hit: 0.526
2025-09-16 09:24:54,123 - INFO - 
2025-09-16 09:24:54,129 - INFO - Stored 100 trained models for production export
2025-09-16 09:24:54,129 - INFO - Processing Fold 10/13
2025-09-16 09:24:54,134 - INFO -   Using GPU sequential processing
2025-09-16 09:28:40,074 - INFO - Fold 10 Summary:
2025-09-16 09:28:40,078 - INFO -   Best OOS Sharpe: M05 (4.790, p=0.000)
2025-09-16 09:28:40,078 - INFO -   Best Q-Hit_Rate:  M86 (0.543, OOS_Sharpe=2.923, OOS_Hit=0.547)
2025-09-16 09:28:40,079 - INFO -   Mean OOS Sharpe: 2.092, Mean Hit: 0.541
2025-09-16 09:28:40,079 - INFO - 
2025-09-16 09:28:40,083 - INFO - Stored 100 trained models for production export
2025-09-16 09:28:40,083 - INFO - Processing Fold 11/13
2025-09-16 09:28:40,087 - INFO -   Using GPU sequential processing
2025-09-16 09:32:25,128 - INFO - Fold 11 Summary:
2025-09-16 09:32:25,128 - INFO -   Best OOS Sharpe: M15 (3.085, p=0.010)
2025-09-16 09:32:25,128 - INFO -   Best Q-Hit_Rate:  M02 (0.538, OOS_Sharpe=-0.180, OOS_Hit=0.519)
2025-09-16 09:32:25,128 - INFO -   Mean OOS Sharpe: -0.733, Mean Hit: 0.483
2025-09-16 09:32:25,128 - INFO - 
2025-09-16 09:32:25,134 - INFO - Stored 100 trained models for production export
2025-09-16 09:32:25,134 - INFO - Processing Fold 12/13
2025-09-16 09:32:25,139 - INFO -   Using GPU sequential processing
2025-09-16 09:36:11,208 - INFO - Fold 12 Summary:
2025-09-16 09:36:11,208 - INFO -   Best OOS Sharpe: M17 (3.946, p=0.010)
2025-09-16 09:36:11,209 - INFO -   Best Q-Hit_Rate:  M08 (0.539, OOS_Sharpe=3.782, OOS_Hit=0.635)
2025-09-16 09:36:11,209 - INFO -   Mean OOS Sharpe: 2.166, Mean Hit: 0.530
2025-09-16 09:36:11,209 - INFO - 
2025-09-16 09:36:11,214 - INFO - Stored 100 trained models for production export
2025-09-16 09:36:11,214 - INFO - Processing Fold 13/13
2025-09-16 09:36:11,218 - INFO -   Using GPU sequential processing
2025-09-16 09:39:57,268 - INFO - Fold 13 Summary:
2025-09-16 09:39:57,268 - INFO -   Best OOS Sharpe: M44 (3.632, p=0.000)
2025-09-16 09:39:57,269 - INFO -   Best Q-Hit_Rate:  M08 (0.538, OOS_Sharpe=1.993, OOS_Hit=0.528)
2025-09-16 09:39:57,269 - INFO -   Mean OOS Sharpe: 2.193, Mean Hit: 0.529
2025-09-16 09:39:57,269 - INFO - 
2025-09-16 09:39:57,277 - INFO - Stored 100 trained models for production export
2025-09-16 09:39:57,277 - INFO - Starting full timeline backtesting...
2025-09-16 09:39:57,278 - INFO - Running full timeline backtest with 13 folds (0-based indexing)
2025-09-16 09:39:57,278 - INFO - Fold 0 skipped (no prior Q-score history for meaningful selection)
2025-09-16 09:39:57,278 - INFO - Effective backtest period: Folds 1-12 (12 folds)
2025-09-16 09:39:57,278 - INFO - Training period: Folds 1-7
2025-09-16 09:39:57,278 - INFO - Production period: Folds 8-12
2025-09-16 09:39:57,278 - INFO - Using consistent OOS methodology for all folds
2025-09-16 09:39:57,278 - INFO - Fold 0: Skipped (no prior Q-score history for meaningful selection)
2025-09-16 09:39:57,278 - INFO - 
--- Processing fold 1/12 ---
2025-09-16 09:39:57,306 - INFO - Fold 1: Q-scores from fold 0: ['M00:0.508', 'M01:0.486', 'M02:0.519', 'M03:0.470', 'M04:0.486']...
2025-09-16 09:39:57,306 - INFO - Fold 1: Selected models [46, 90, 8, 10, 52] based on fold 0 Q-scores, avg Q-score: 0.537
2025-09-16 09:39:57,310 - INFO - Fold 1 (Training): Sharpe=1.734, Hit=56.4%
2025-09-16 09:39:57,310 - INFO - 
--- Processing fold 2/12 ---
2025-09-16 09:39:57,340 - INFO - Fold 2: Q-scores from fold 1: ['M00:0.506', 'M01:0.490', 'M02:0.522', 'M03:0.478', 'M04:0.487']...
2025-09-16 09:39:57,340 - INFO - Fold 2: Selected models [46, 90, 52, 91, 8] based on fold 1 Q-scores, avg Q-score: 0.537
2025-09-16 09:39:57,341 - INFO - Fold 2 (Training): Sharpe=2.777, Hit=52.5%
2025-09-16 09:39:57,341 - INFO - 
--- Processing fold 3/12 ---
2025-09-16 09:39:57,373 - INFO - Fold 3: Q-scores from fold 2: ['M00:0.509', 'M01:0.491', 'M02:0.521', 'M03:0.489', 'M04:0.492']...
2025-09-16 09:39:57,373 - INFO - Fold 3: Selected models [46, 90, 52, 91, 8] based on fold 2 Q-scores, avg Q-score: 0.537
2025-09-16 09:39:57,374 - INFO - Fold 3 (Training): Sharpe=0.773, Hit=54.1%
2025-09-16 09:39:57,374 - INFO - 
--- Processing fold 4/12 ---
2025-09-16 09:39:57,397 - INFO - Fold 4: Q-scores from fold 3: ['M00:0.506', 'M01:0.494', 'M02:0.528', 'M03:0.502', 'M04:0.492']...
2025-09-16 09:39:57,397 - INFO - Fold 4: Selected models [46, 91, 10, 8, 86] based on fold 3 Q-scores, avg Q-score: 0.538
2025-09-16 09:39:57,399 - INFO - Fold 4 (Training): Sharpe=1.113, Hit=52.5%
2025-09-16 09:39:57,399 - INFO - 
--- Processing fold 5/12 ---
2025-09-16 09:39:57,424 - INFO - Fold 5: Q-scores from fold 4: ['M00:0.503', 'M01:0.498', 'M02:0.530', 'M03:0.498', 'M04:0.497']...
2025-09-16 09:39:57,424 - INFO - Fold 5: Selected models [46, 91, 86, 10, 8] based on fold 4 Q-scores, avg Q-score: 0.536
2025-09-16 09:39:57,426 - INFO - Fold 5 (Training): Sharpe=2.864, Hit=54.7%
2025-09-16 09:39:57,426 - INFO - 
--- Processing fold 6/12 ---
2025-09-16 09:39:57,443 - INFO - Fold 6: Q-scores from fold 5: ['M00:0.502', 'M01:0.496', 'M02:0.529', 'M03:0.500', 'M04:0.497']...
2025-09-16 09:39:57,443 - INFO - Fold 6: Selected models [46, 10, 86, 91, 8] based on fold 5 Q-scores, avg Q-score: 0.535
2025-09-16 09:39:57,444 - INFO - Fold 6 (Training): Sharpe=2.463, Hit=57.5%
2025-09-16 09:39:57,444 - INFO - 
--- Processing fold 7/12 ---
2025-09-16 09:39:57,464 - INFO - Fold 7: Q-scores from fold 6: ['M00:0.508', 'M01:0.505', 'M02:0.538', 'M03:0.507', 'M04:0.513']...
2025-09-16 09:39:57,464 - INFO - Fold 7: Selected models [46, 10, 2, 91, 86] based on fold 6 Q-scores, avg Q-score: 0.540
2025-09-16 09:39:57,465 - INFO - Fold 7 (Training): Sharpe=0.130, Hit=50.3%
2025-09-16 09:39:57,465 - INFO - 
--- Processing fold 8/12 ---
2025-09-16 09:39:57,486 - INFO - Fold 8: Q-scores from fold 7: ['M00:0.511', 'M01:0.500', 'M02:0.537', 'M03:0.507', 'M04:0.512']...
2025-09-16 09:39:57,486 - INFO - Fold 8: Selected models [46, 2, 86, 10, 91] based on fold 7 Q-scores, avg Q-score: 0.536
2025-09-16 09:39:57,487 - INFO - Fold 8 (Production): Sharpe=1.522, Hit=56.4%
2025-09-16 09:39:57,487 - INFO - 
--- Processing fold 9/12 ---
2025-09-16 09:39:57,509 - INFO - Fold 9: Q-scores from fold 8: ['M00:0.509', 'M01:0.501', 'M02:0.537', 'M03:0.508', 'M04:0.510']...
2025-09-16 09:39:57,509 - INFO - Fold 9: Selected models [86, 10, 2, 91, 46] based on fold 8 Q-scores, avg Q-score: 0.537
2025-09-16 09:39:57,510 - INFO - Fold 9 (Production): Sharpe=2.811, Hit=56.4%
2025-09-16 09:39:57,510 - INFO - 
--- Processing fold 10/12 ---
2025-09-16 09:39:57,533 - INFO - Fold 10: Q-scores from fold 9: ['M00:0.508', 'M01:0.502', 'M02:0.540', 'M03:0.513', 'M04:0.509']...
2025-09-16 09:39:57,533 - INFO - Fold 10: Selected models [86, 2, 46, 91, 10] based on fold 9 Q-scores, avg Q-score: 0.539
2025-09-16 09:39:57,534 - INFO - Fold 10 (Production): Sharpe=-0.105, Hit=47.5%
2025-09-16 09:39:57,534 - INFO - 
--- Processing fold 11/12 ---
2025-09-16 09:39:57,559 - INFO - Fold 11: Q-scores from fold 10: ['M00:0.503', 'M01:0.499', 'M02:0.538', 'M03:0.510', 'M04:0.507']...
2025-09-16 09:39:57,559 - INFO - Fold 11: Selected models [2, 46, 86, 91, 10] based on fold 10 Q-scores, avg Q-score: 0.535
2025-09-16 09:39:57,560 - INFO - Fold 11 (Production): Sharpe=2.698, Hit=51.9%
2025-09-16 09:39:57,560 - INFO - 
--- Processing fold 12/12 ---
2025-09-16 09:39:57,584 - INFO - Fold 12: Q-scores from fold 11: ['M00:0.506', 'M01:0.500', 'M02:0.535', 'M03:0.512', 'M04:0.508']...
2025-09-16 09:39:57,584 - INFO - Fold 12: Selected models [8, 86, 2, 46, 91] based on fold 11 Q-scores, avg Q-score: 0.535
2025-09-16 09:39:57,585 - INFO - Fold 12 (Production): Sharpe=2.314, Hit=52.3%
2025-09-16 09:39:57,587 - INFO - Training Period Overall: Sharpe=1.537, Hit=54.0%
2025-09-16 09:39:57,589 - INFO - Production Period Overall: Sharpe=1.830, Hit=52.9%
2025-09-16 09:39:57,590 - INFO - Full Timeline Overall: Sharpe=1.649, Hit=53.5%
2025-09-16 09:39:57,590 - INFO - Training: Sharpe=1.537 | Hit=54.0% | Return=13.75%
2025-09-16 09:39:57,590 - INFO - Production: Sharpe=1.830 | Hit=52.9% | Return=26.07%
2025-09-16 09:39:57,590 - INFO - Full Timeline: Sharpe=1.649 | Hit=53.5% | Return=18.93%
2025-09-16 09:39:57,590 - INFO - Generating visualizations...
2025-09-16 09:39:57,590 - INFO - Creating clean visualizations for 100 models...
2025-09-16 09:40:01,369 - INFO - Clean fold-by-fold analysis saved to: 20250916_084844_fold_QHG#C_100models_15folds_PROD_QHG_final.png
2025-09-16 09:40:04,320 - INFO - Detailed production analysis saved to: 20250916_084844_backtest_QHG#C_100models_15folds_PROD_QHG_final.png
2025-09-16 09:40:04,321 - INFO - ================================================================================
2025-09-16 09:40:04,321 - INFO - BACKTEST SUMMARY
2025-09-16 09:40:04,321 - INFO - ================================================================================
2025-09-16 09:40:04,321 - INFO - Config: Cutoff=70%, Top N=5, Q-Metric=sharpe, Reselection=1 fold(s)
2025-09-16 09:40:04,321 - INFO - Model Selection History:
2025-09-16 09:40:04,321 - INFO -   Fold 1: M46, M90, M08, M10, M52 (Avg Q-sharpe: 0.537)
2025-09-16 09:40:04,321 - INFO -   Fold 2: M46, M90, M52, M91, M08 (Avg Q-sharpe: 0.537)
2025-09-16 09:40:04,321 - INFO -   Fold 3: M46, M90, M52, M91, M08 (Avg Q-sharpe: 0.537)
2025-09-16 09:40:04,321 - INFO -   Fold 4: M46, M91, M10, M08, M86 (Avg Q-sharpe: 0.538)
2025-09-16 09:40:04,321 - INFO -   Fold 5: M46, M91, M86, M10, M08 (Avg Q-sharpe: 0.536)
2025-09-16 09:40:04,321 - INFO -   Fold 6: M46, M10, M86, M91, M08 (Avg Q-sharpe: 0.535)
2025-09-16 09:40:04,321 - INFO -   Fold 7: M46, M10, M02, M91, M86 (Avg Q-sharpe: 0.540)
2025-09-16 09:40:04,321 - INFO -   Fold 8: M46, M02, M86, M10, M91 (Avg Q-sharpe: 0.536)
2025-09-16 09:40:04,321 - INFO -   Fold 9: M86, M10, M02, M91, M46 (Avg Q-sharpe: 0.537)
2025-09-16 09:40:04,321 - INFO -   Fold 10: M86, M02, M46, M91, M10 (Avg Q-sharpe: 0.539)
2025-09-16 09:40:04,321 - INFO -   Fold 11: M02, M46, M86, M91, M10 (Avg Q-sharpe: 0.535)
2025-09-16 09:40:04,321 - INFO -   Fold 12: M08, M86, M02, M46, M91 (Avg Q-sharpe: 0.535)
2025-09-16 09:40:04,321 - INFO - 
2025-09-16 09:40:04,321 - INFO - Fold-by-Fold Performance:
2025-09-16 09:40:04,321 - INFO -   Fold 1: M46, M90, M08, M10, M52 | Sharpe=1.734 | Hit=56.4% | Samples=181
2025-09-16 09:40:04,321 - INFO -   Fold 2: M46, M90, M52, M91, M08 | Sharpe=2.777 | Hit=52.5% | Samples=181
2025-09-16 09:40:04,321 - INFO -   Fold 3: M46, M90, M52, M91, M08 | Sharpe=0.773 | Hit=54.1% | Samples=181
2025-09-16 09:40:04,321 - INFO -   Fold 4: M46, M91, M10, M08, M86 | Sharpe=1.113 | Hit=52.5% | Samples=181
2025-09-16 09:40:04,321 - INFO -   Fold 5: M46, M91, M86, M10, M08 | Sharpe=2.864 | Hit=54.7% | Samples=181
2025-09-16 09:40:04,321 - INFO -   Fold 6: M46, M10, M86, M91, M08 | Sharpe=2.463 | Hit=57.5% | Samples=181
2025-09-16 09:40:04,322 - INFO -   Fold 7: M46, M10, M02, M91, M86 | Sharpe=0.130 | Hit=50.3% | Samples=181
2025-09-16 09:40:04,322 - INFO -   Fold 8: M46, M02, M86, M10, M91 | Sharpe=1.522 | Hit=56.4% | Samples=181
2025-09-16 09:40:04,322 - INFO -   Fold 9: M86, M10, M02, M91, M46 | Sharpe=2.811 | Hit=56.4% | Samples=181
2025-09-16 09:40:04,322 - INFO -   Fold 10: M86, M02, M46, M91, M10 | Sharpe=-0.105 | Hit=47.5% | Samples=181
2025-09-16 09:40:04,322 - INFO -   Fold 11: M02, M46, M86, M91, M10 | Sharpe=2.698 | Hit=51.9% | Samples=181
2025-09-16 09:40:04,322 - INFO -   Fold 12: M08, M86, M02, M46, M91 | Sharpe=2.314 | Hit=52.3% | Samples=195
2025-09-16 09:40:04,322 - INFO - ================================================================================
2025-09-16 09:40:04,322 - INFO - ================================================================================
2025-09-16 09:40:04,322 - INFO - ANALYSIS COMPLETED SUCCESSFULLY!
2025-09-16 09:40:04,322 - INFO - ================================================================================
2025-09-16 09:40:04,322 - INFO - Generated 2 visualization files
2025-09-16 09:40:04,322 - INFO -   - 20250916_084844_fold_QHG#C_100models_15folds_PROD_QHG_final.png
2025-09-16 09:40:04,322 - INFO -   - 20250916_084844_backtest_QHG#C_100models_15folds_PROD_QHG_final.png
2025-09-16 09:40:04,322 - INFO - Training Final: Sharpe=1.537 | Hit=54.0% | Return=13.75% | CB=1.525
2025-09-16 09:40:04,322 - INFO - Production Final: Sharpe=1.830 | Hit=52.9% | Return=26.07% | CB=3.519
2025-09-16 09:40:04,322 - INFO - Full Timeline Final: Sharpe=1.649 | Hit=53.5% | Return=18.93% | CB=2.045
2025-09-16 09:40:04,322 - INFO - ============================================================
2025-09-16 09:40:04,322 - INFO - EXPORTING PRODUCTION MODELS (Consolidated File)
2025-09-16 09:40:04,322 - INFO - ============================================================
2025-09-16 09:40:04,322 - INFO - Backtest results keys: ['full_timeline_metrics', 'training_metrics', 'production_metrics', 'model_selection_history', 'fold_results', 'full_timeline_returns', 'training_returns', 'production_returns', 'full_timeline_predictions', 'full_timeline_dates', 'cutoff_fold', 'training_folds', 'production_folds']
2025-09-16 09:40:04,322 - INFO - Model selection history length: 12
2025-09-16 09:40:04,322 - INFO - Final selection keys: ['fold', 'selection_based_on_fold', 'selected_models', 'avg_q_score', 'period_type']
2025-09-16 09:40:04,322 - INFO - Final fold selected models: [8, 86, 2, 46, 91]
2025-09-16 09:40:04,323 - INFO - All fold results type: <class 'dict'>
2025-09-16 09:40:04,323 - INFO - All fold results keys/length: ['fold_1', 'fold_2', 'fold_3', 'fold_4', 'fold_5', 'fold_6', 'fold_7', 'fold_8', 'fold_9', 'fold_10', 'fold_11', 'fold_12', 'fold_13']
2025-09-16 09:40:04,323 - INFO - Using fold fold_9 as final fold
2025-09-16 09:40:04,323 - INFO - Final fold keys: ['results_df', 'model_metrics', 'oos_predictions', 'test_idx', 'trained_models', 'model_specs']
2025-09-16 09:40:04,323 - INFO - Trained models available: [0, 1, 2, 3, 4, 5, 6, 7, 8, 9, 10, 11, 12, 13, 14, 15, 16, 17, 18, 19, 20, 21, 22, 23, 24, 25, 26, 27, 28, 29, 30, 31, 32, 33, 34, 35, 36, 37, 38, 39, 40, 41, 42, 43, 44, 45, 46, 47, 48, 49, 50, 51, 52, 53, 54, 55, 56, 57, 58, 59, 60, 61, 62, 63, 64, 65, 66, 67, 68, 69, 70, 71, 72, 73, 74, 75, 76, 77, 78, 79, 80, 81, 82, 83, 84, 85, 86, 87, 88, 89, 90, 91, 92, 93, 94, 95, 96, 97, 98, 99]
2025-09-16 09:40:04,323 - INFO - Added model M08 -> model_01 with all 100 features (framework standard)
2025-09-16 09:40:04,323 - INFO - Added model M86 -> model_02 with all 100 features (framework standard)
2025-09-16 09:40:04,323 - INFO - Added model M02 -> model_03 with all 100 features (framework standard)
2025-09-16 09:40:04,323 - INFO - Added model M46 -> model_04 with all 100 features (framework standard)
2025-09-16 09:40:04,323 - INFO - Added model M91 -> model_05 with all 100 features (framework standard)
2025-09-16 09:40:04,323 - INFO - Extracted 5 selected models
2025-09-16 09:40:04,396 - INFO - SUCCESS: Exported 5 selected models to C:\Users\zhang\Desktop\Steve\bond_ls_xgb_grope_full_v6\PROD\models\QHG#C_production.pkl
2025-09-16 09:40:04,396 - INFO - File size: 1,354,585 bytes
2025-09-16 09:40:04,396 - INFO - Selected features: 100 features
2025-09-16 09:40:04,396 - INFO - Selected models: [8, 86, 2, 46, 91]
