2025-09-17 00:53:41,233 - INFO - ================================================================================
2025-09-17 00:53:41,233 - INFO - XGBoost Comparison Framework
2025-09-17 00:53:41,233 - INFO - ================================================================================
2025-09-17 00:53:41,233 - INFO - Configuration:
2025-09-17 00:53:41,233 - INFO -   Target Symbol: @W#C
2025-09-17 00:53:41,233 - INFO -   Date Range: 2015-01-01 to 2025-08-01
2025-09-17 00:53:41,233 - INFO -   Models: 100, Type: standard
2025-09-17 00:53:41,233 - INFO -   Folds: 15
2025-09-17 00:53:41,233 - INFO -   Max Features: 100 (Limited)
2025-09-17 00:53:41,233 - INFO -   Feature Selection: Enabled
2025-09-17 00:53:41,233 - INFO -   Inner Val Fraction: 0.2
2025-09-17 00:53:41,233 - INFO -   EWMA Alpha: 0.1, Quality Halflife: 63 days
2025-09-17 00:53:41,233 - INFO -   Signal Type: Binary (+1/-1)
2025-09-17 00:53:41,233 - INFO -   Cross-validation: Expanding window
2025-09-17 00:53:41,233 - INFO -   Production: Cutoff=0.6, Top N=5, Q-Metric=sharpe
2025-09-17 00:53:41,233 - INFO -   Reselection: Every 1 fold(s)
2025-09-17 00:53:41,233 - INFO - 
2025-09-17 00:53:55,160 - INFO - Dropped 74 rows due to NaN in target column @W#C_target_return
2025-09-17 00:53:55,397 - INFO - Loaded: X=(2661, 1906), y=(2661,)
2025-09-17 00:54:51,127 - INFO - Selected 100 features (threshold: 0.7)
2025-09-17 00:54:51,202 - INFO - Selected: 100 features
2025-09-17 00:54:51,520 - INFO - GPU detection: XGBoost not compiled with CUDA support - using CPU
2025-09-17 00:54:51,520 - INFO - Processing mode: CPU multiprocessing (GPU: False, Total models: 1500)
2025-09-17 00:54:51,530 - INFO - GPU detection: XGBoost not compiled with CUDA support - using CPU
2025-09-17 00:54:51,535 - INFO - Using expanding window
2025-09-17 00:54:51,535 - INFO - Starting analysis: 100 standard models x 13 folds
2025-09-17 00:54:51,535 - INFO - Processing Fold 1/13
2025-09-17 00:54:51,543 - INFO -   Using multiprocessing with 9 workers
2025-09-17 00:58:08,398 - INFO - Fold 1 Summary:
2025-09-17 00:58:08,402 - INFO -   Best OOS Sharpe: M55 (2.169, p=0.060)
2025-09-17 00:58:08,402 - INFO -   Best Q-Sharpe:  M55 (2.169, OOS_Sharpe=2.169, OOS_Hit=0.542)
2025-09-17 00:58:08,402 - INFO -   Mean OOS Sharpe: -0.328, Mean Hit: 0.479
2025-09-17 00:58:08,402 - INFO - 
