2025-09-13 08:22:22,560 - INFO - ================================================================================
2025-09-13 08:22:22,561 - INFO - XGBoost Comparison Framework
2025-09-13 08:22:22,561 - INFO - ================================================================================
2025-09-13 08:22:22,561 - INFO - Configuration:
2025-09-13 08:22:22,562 - INFO -   Target Symbol: @S#C
2025-09-13 08:22:22,562 - INFO -   Date Range: 2015-01-01 to 2025-08-01
2025-09-13 08:22:22,562 - INFO -   Models: 100, Type: standard
2025-09-13 08:22:22,562 - INFO -   Folds: 15
2025-09-13 08:22:22,562 - INFO -   Max Features: 100 (Limited)
2025-09-13 08:22:22,563 - INFO -   Feature Selection: Enabled
2025-09-13 08:22:22,563 - INFO -   Inner Val Fraction: 0.2
2025-09-13 08:22:22,563 - INFO -   EWMA Alpha: 0.1, Quality Halflife: 63 days
2025-09-13 08:22:22,563 - INFO -   Signal Type: Binary (+1/-1)
2025-09-13 08:22:22,563 - INFO -   Cross-validation: Expanding window
2025-09-13 08:22:22,563 - INFO -   Production: Cutoff=0.6, Top N=5, Q-Metric=hit_rate
2025-09-13 08:22:22,563 - INFO -   Reselection: Every 1 fold(s)
2025-09-13 08:22:22,563 - INFO - 
2025-09-13 08:22:39,231 - INFO - Dropped 74 rows due to NaN in target column @S#C_target_return
2025-09-13 08:22:39,484 - INFO - Loaded: X=(2661, 1906), y=(2661,)
2025-09-13 08:23:34,370 - INFO - Selected 100 features (threshold: 0.7)
2025-09-13 08:23:34,518 - INFO - Selected: 100 features
2025-09-13 08:23:38,588 - INFO - GPU detection: CUDA GPU available and working
2025-09-13 08:23:38,588 - INFO - Processing mode: GPU sequential (GPU: True, Total models: 1500)
2025-09-13 08:23:40,516 - INFO - GPU detection: CUDA GPU available and working
2025-09-13 08:23:40,524 - INFO - Using expanding window
2025-09-13 08:23:40,524 - INFO - Starting analysis: 100 standard models x 13 folds
2025-09-13 08:23:40,524 - INFO - Processing Fold 1/13
2025-09-13 08:23:40,528 - INFO -   Using GPU sequential processing
2025-09-13 08:33:52,360 - INFO - Fold 1 Summary:
2025-09-13 08:33:52,360 - INFO -   Best OOS Sharpe: M41 (3.269, p=0.020)
2025-09-13 08:33:52,360 - INFO -   Best Q-Hit_Rate:  M72 (0.599, OOS_Sharpe=2.991, OOS_Hit=0.599)
2025-09-13 08:33:52,360 - INFO -   Mean OOS Sharpe: 1.228, Mean Hit: 0.532
2025-09-13 08:33:52,360 - INFO - 
2025-09-13 08:33:52,362 - INFO - Processing Fold 2/13
2025-09-13 08:33:52,367 - INFO -   Using GPU sequential processing
2025-09-13 08:44:18,625 - INFO - Fold 2 Summary:
2025-09-13 08:44:18,625 - INFO -   Best OOS Sharpe: M69 (3.831, p=0.000)
2025-09-13 08:44:18,625 - INFO -   Best Q-Hit_Rate:  M72 (0.599, OOS_Sharpe=2.287, OOS_Hit=0.599)
2025-09-13 08:44:18,625 - INFO -   Mean OOS Sharpe: 1.174, Mean Hit: 0.546
2025-09-13 08:44:18,625 - INFO - 
2025-09-13 08:44:18,628 - INFO - Processing Fold 3/13
2025-09-13 08:44:18,631 - INFO -   Using GPU sequential processing
2025-09-13 08:55:10,263 - INFO - Fold 3 Summary:
2025-09-13 08:55:10,263 - INFO -   Best OOS Sharpe: M34 (2.504, p=0.040)
2025-09-13 08:55:10,263 - INFO -   Best Q-Hit_Rate:  M72 (0.592, OOS_Sharpe=2.222, OOS_Hit=0.531)
2025-09-13 08:55:10,263 - INFO -   Mean OOS Sharpe: 0.538, Mean Hit: 0.506
2025-09-13 08:55:10,263 - INFO - 
2025-09-13 08:55:10,265 - INFO - Processing Fold 4/13
2025-09-13 08:55:10,271 - INFO -   Using GPU sequential processing
2025-09-13 09:06:42,735 - INFO - Fold 4 Summary:
2025-09-13 09:06:42,740 - INFO -   Best OOS Sharpe: M88 (2.124, p=0.100)
2025-09-13 09:06:42,740 - INFO -   Best Q-Hit_Rate:  M72 (0.581, OOS_Sharpe=-0.311, OOS_Hit=0.480)
2025-09-13 09:06:42,740 - INFO -   Mean OOS Sharpe: 0.005, Mean Hit: 0.493
2025-09-13 09:06:42,740 - INFO - 
2025-09-13 09:06:42,743 - INFO - Processing Fold 5/13
2025-09-13 09:06:42,749 - INFO -   Using GPU sequential processing
2025-09-13 09:18:30,972 - INFO - Fold 5 Summary:
2025-09-13 09:18:30,972 - INFO -   Best OOS Sharpe: M42 (3.276, p=0.010)
2025-09-13 09:18:30,972 - INFO -   Best Q-Hit_Rate:  M72 (0.573, OOS_Sharpe=0.991, OOS_Hit=0.503)
2025-09-13 09:18:30,972 - INFO -   Mean OOS Sharpe: 1.471, Mean Hit: 0.521
2025-09-13 09:18:30,972 - INFO - 
2025-09-13 09:18:30,975 - INFO - Processing Fold 6/13
2025-09-13 09:18:30,978 - INFO -   Using GPU sequential processing
2025-09-13 09:29:51,669 - INFO - Fold 6 Summary:
2025-09-13 09:29:51,669 - INFO -   Best OOS Sharpe: M43 (2.602, p=0.030)
2025-09-13 09:29:51,669 - INFO -   Best Q-Hit_Rate:  M72 (0.566, OOS_Sharpe=0.006, OOS_Hit=0.497)
2025-09-13 09:29:51,669 - INFO -   Mean OOS Sharpe: 0.715, Mean Hit: 0.524
2025-09-13 09:29:51,669 - INFO - 
2025-09-13 09:29:51,672 - INFO - Processing Fold 7/13
2025-09-13 09:29:51,689 - INFO -   Using GPU sequential processing
2025-09-13 09:41:23,619 - INFO - Fold 7 Summary:
2025-09-13 09:41:23,619 - INFO -   Best OOS Sharpe: M79 (4.213, p=0.000)
2025-09-13 09:41:23,620 - INFO -   Best Q-Hit_Rate:  M89 (0.564, OOS_Sharpe=1.580, OOS_Hit=0.554)
2025-09-13 09:41:23,620 - INFO -   Mean OOS Sharpe: 0.945, Mean Hit: 0.508
2025-09-13 09:41:23,620 - INFO - 
2025-09-13 09:41:23,622 - INFO - Processing Fold 8/13
2025-09-13 09:41:23,627 - INFO -   Using GPU sequential processing
2025-09-13 09:53:06,852 - INFO - Fold 8 Summary:
2025-09-13 09:53:06,852 - INFO -   Best OOS Sharpe: M76 (3.500, p=0.000)
2025-09-13 09:53:06,853 - INFO -   Best Q-Hit_Rate:  M89 (0.561, OOS_Sharpe=2.576, OOS_Hit=0.537)
2025-09-13 09:53:06,853 - INFO -   Mean OOS Sharpe: 1.161, Mean Hit: 0.513
2025-09-13 09:53:06,853 - INFO - 
2025-09-13 09:53:06,858 - INFO - Processing Fold 9/13
2025-09-13 09:53:06,864 - INFO -   Using GPU sequential processing
2025-09-13 10:04:25,186 - INFO - Fold 9 Summary:
2025-09-13 10:04:25,186 - INFO -   Best OOS Sharpe: M18 (4.425, p=0.000)
2025-09-13 10:04:25,186 - INFO -   Best Q-Hit_Rate:  M72 (0.560, OOS_Sharpe=1.139, OOS_Hit=0.554)
2025-09-13 10:04:25,186 - INFO -   Mean OOS Sharpe: 1.450, Mean Hit: 0.540
2025-09-13 10:04:25,186 - INFO - 
2025-09-13 10:04:25,188 - INFO - Processing Fold 10/13
2025-09-13 10:04:25,192 - INFO -   Using GPU sequential processing
2025-09-13 10:15:52,699 - INFO - Fold 10 Summary:
2025-09-13 10:15:52,699 - INFO -   Best OOS Sharpe: M41 (3.767, p=0.010)
2025-09-13 10:15:52,699 - INFO -   Best Q-Hit_Rate:  M41 (0.563, OOS_Sharpe=3.767, OOS_Hit=0.627)
2025-09-13 10:15:52,699 - INFO -   Mean OOS Sharpe: 0.402, Mean Hit: 0.545
2025-09-13 10:15:52,699 - INFO - 
2025-09-13 10:15:52,702 - INFO - Processing Fold 11/13
2025-09-13 10:15:52,706 - INFO -   Using GPU sequential processing
2025-09-13 10:26:13,282 - INFO - Fold 11 Summary:
2025-09-13 10:26:13,282 - INFO -   Best OOS Sharpe: M21 (3.748, p=0.000)
2025-09-13 10:26:13,283 - INFO -   Best Q-Hit_Rate:  M41 (0.559, OOS_Sharpe=1.417, OOS_Hit=0.531)
2025-09-13 10:26:13,283 - INFO -   Mean OOS Sharpe: 1.677, Mean Hit: 0.530
2025-09-13 10:26:13,283 - INFO - 
2025-09-13 10:26:13,287 - INFO - Processing Fold 12/13
2025-09-13 10:26:13,291 - INFO -   Using GPU sequential processing
2025-09-13 10:36:42,392 - INFO - Fold 12 Summary:
2025-09-13 10:36:42,392 - INFO -   Best OOS Sharpe: M21 (3.767, p=0.000)
2025-09-13 10:36:42,392 - INFO -   Best Q-Hit_Rate:  M41 (0.559, OOS_Sharpe=3.053, OOS_Hit=0.554)
2025-09-13 10:36:42,392 - INFO -   Mean OOS Sharpe: 1.017, Mean Hit: 0.530
2025-09-13 10:36:42,392 - INFO - 
2025-09-13 10:36:42,396 - INFO - Processing Fold 13/13
2025-09-13 10:36:42,401 - INFO -   Using GPU sequential processing
2025-09-13 10:46:20,737 - INFO - Fold 13 Summary:
2025-09-13 10:46:20,737 - INFO -   Best OOS Sharpe: M19 (2.942, p=0.000)
2025-09-13 10:46:20,737 - INFO -   Best Q-Hit_Rate:  M41 (0.556, OOS_Sharpe=0.362, OOS_Hit=0.530)
2025-09-13 10:46:20,737 - INFO -   Mean OOS Sharpe: 0.690, Mean Hit: 0.528
2025-09-13 10:46:20,737 - INFO - 
2025-09-13 10:46:20,741 - INFO - Starting full timeline backtesting...
2025-09-13 10:46:20,741 - INFO - Running full timeline backtest with 13 folds (0-based indexing)
2025-09-13 10:46:20,741 - INFO - Fold 0 skipped (no prior Q-score history for meaningful selection)
2025-09-13 10:46:20,741 - INFO - Effective backtest period: Folds 1-12 (12 folds)
2025-09-13 10:46:20,741 - INFO - Training period: Folds 1-7
2025-09-13 10:46:20,741 - INFO - Production period: Folds 8-12
2025-09-13 10:46:20,741 - INFO - Using consistent OOS methodology for all folds
2025-09-13 10:46:20,742 - INFO - Fold 0: Skipped (no prior Q-score history for meaningful selection)
2025-09-13 10:46:20,742 - INFO - 
--- Processing fold 1/12 ---
2025-09-13 10:46:20,819 - INFO - Fold 1: Q-scores from fold 0: ['M00:0.542', 'M01:0.531', 'M02:0.497', 'M03:0.525', 'M04:0.492']...
2025-09-13 10:46:20,819 - INFO - Fold 1: Selected models [72, 41, 89, 21, 80] based on fold 0 Q-scores, avg Q-score: 0.584
2025-09-13 10:46:20,821 - INFO - Fold 1 (Training): Sharpe=2.836, Hit=59.9%
2025-09-13 10:46:20,821 - INFO - 
--- Processing fold 2/12 ---
2025-09-13 10:46:20,910 - INFO - Fold 2: Q-scores from fold 1: ['M00:0.540', 'M01:0.531', 'M02:0.502', 'M03:0.524', 'M04:0.495']...
2025-09-13 10:46:20,911 - INFO - Fold 2: Selected models [72, 41, 89, 80, 87] based on fold 1 Q-scores, avg Q-score: 0.582
2025-09-13 10:46:20,913 - INFO - Fold 2 (Training): Sharpe=2.239, Hit=57.6%
2025-09-13 10:46:20,913 - INFO - 
--- Processing fold 3/12 ---
2025-09-13 10:46:21,006 - INFO - Fold 3: Q-scores from fold 2: ['M00:0.532', 'M01:0.531', 'M02:0.509', 'M03:0.529', 'M04:0.494']...
2025-09-13 10:46:21,006 - INFO - Fold 3: Selected models [72, 41, 89, 87, 80] based on fold 2 Q-scores, avg Q-score: 0.577
2025-09-13 10:46:21,009 - INFO - Fold 3 (Training): Sharpe=0.879, Hit=50.8%
2025-09-13 10:46:21,009 - INFO - 
--- Processing fold 4/12 ---
2025-09-13 10:46:21,079 - INFO - Fold 4: Q-scores from fold 3: ['M00:0.526', 'M01:0.528', 'M02:0.505', 'M03:0.527', 'M04:0.497']...
2025-09-13 10:46:21,079 - INFO - Fold 4: Selected models [72, 41, 89, 87, 85] based on fold 3 Q-scores, avg Q-score: 0.568
2025-09-13 10:46:21,081 - INFO - Fold 4 (Training): Sharpe=1.377, Hit=52.5%
2025-09-13 10:46:21,081 - INFO - 
--- Processing fold 5/12 ---
2025-09-13 10:46:21,143 - INFO - Fold 5: Q-scores from fold 4: ['M00:0.522', 'M01:0.534', 'M02:0.503', 'M03:0.526', 'M04:0.495']...
2025-09-13 10:46:21,143 - INFO - Fold 5: Selected models [72, 41, 89, 98, 87] based on fold 4 Q-scores, avg Q-score: 0.565
2025-09-13 10:46:21,145 - INFO - Fold 5 (Training): Sharpe=0.310, Hit=51.4%
2025-09-13 10:46:21,145 - INFO - 
--- Processing fold 6/12 ---
2025-09-13 10:46:21,175 - INFO - Fold 6: Q-scores from fold 5: ['M00:0.520', 'M01:0.533', 'M02:0.503', 'M03:0.523', 'M04:0.498']...
2025-09-13 10:46:21,175 - INFO - Fold 6: Selected models [72, 89, 41, 98, 87] based on fold 5 Q-scores, avg Q-score: 0.561
2025-09-13 10:46:21,177 - INFO - Fold 6 (Training): Sharpe=0.414, Hit=50.3%
2025-09-13 10:46:21,177 - INFO - 
--- Processing fold 7/12 ---
2025-09-13 10:46:21,246 - INFO - Fold 7: Q-scores from fold 6: ['M00:0.518', 'M01:0.531', 'M02:0.505', 'M03:0.521', 'M04:0.502']...
2025-09-13 10:46:21,247 - INFO - Fold 7: Selected models [89, 72, 41, 94, 87] based on fold 6 Q-scores, avg Q-score: 0.558
2025-09-13 10:46:21,250 - INFO - Fold 7 (Training): Sharpe=2.467, Hit=53.7%
2025-09-13 10:46:21,250 - INFO - 
--- Processing fold 8/12 ---
2025-09-13 10:46:21,331 - INFO - Fold 8: Q-scores from fold 7: ['M00:0.520', 'M01:0.530', 'M02:0.505', 'M03:0.521', 'M04:0.505']...
2025-09-13 10:46:21,331 - INFO - Fold 8: Selected models [89, 72, 41, 79, 87] based on fold 7 Q-scores, avg Q-score: 0.554
2025-09-13 10:46:21,332 - INFO - Fold 8 (Production): Sharpe=1.916, Hit=54.8%
2025-09-13 10:46:21,332 - INFO - 
--- Processing fold 9/12 ---
2025-09-13 10:46:21,411 - INFO - Fold 9: Q-scores from fold 8: ['M00:0.521', 'M01:0.528', 'M02:0.515', 'M03:0.520', 'M04:0.512']...
2025-09-13 10:46:21,413 - INFO - Fold 9: Selected models [72, 89, 41, 34, 87] based on fold 8 Q-scores, avg Q-score: 0.555
2025-09-13 10:46:21,414 - INFO - Fold 9 (Production): Sharpe=1.697, Hit=57.6%
2025-09-13 10:46:21,414 - INFO - 
--- Processing fold 10/12 ---
2025-09-13 10:46:21,513 - INFO - Fold 10: Q-scores from fold 9: ['M00:0.524', 'M01:0.528', 'M02:0.518', 'M03:0.520', 'M04:0.511']...
2025-09-13 10:46:21,513 - INFO - Fold 10: Selected models [41, 89, 72, 87, 34] based on fold 9 Q-scores, avg Q-score: 0.554
2025-09-13 10:46:21,514 - INFO - Fold 10 (Production): Sharpe=2.132, Hit=54.2%
2025-09-13 10:46:21,514 - INFO - 
--- Processing fold 11/12 ---
2025-09-13 10:46:21,605 - INFO - Fold 11: Q-scores from fold 10: ['M00:0.521', 'M01:0.532', 'M02:0.516', 'M03:0.521', 'M04:0.512']...
2025-09-13 10:46:21,605 - INFO - Fold 11: Selected models [41, 89, 72, 36, 34] based on fold 10 Q-scores, avg Q-score: 0.553
2025-09-13 10:46:21,607 - INFO - Fold 11 (Production): Sharpe=1.497, Hit=54.8%
2025-09-13 10:46:21,607 - INFO - 
--- Processing fold 12/12 ---
2025-09-13 10:46:21,689 - INFO - Fold 12: Q-scores from fold 11: ['M00:0.517', 'M01:0.537', 'M02:0.520', 'M03:0.527', 'M04:0.508']...
2025-09-13 10:46:21,689 - INFO - Fold 12: Selected models [41, 89, 21, 34, 36] based on fold 11 Q-scores, avg Q-score: 0.553
2025-09-13 10:46:21,691 - INFO - Fold 12 (Production): Sharpe=1.029, Hit=51.4%
2025-09-13 10:46:21,692 - INFO - Training Period Overall: Sharpe=1.388, Hit=53.8%
2025-09-13 10:46:21,693 - INFO - Production Period Overall: Sharpe=1.638, Hit=54.5%
2025-09-13 10:46:21,695 - INFO - Full Timeline Overall: Sharpe=1.451, Hit=54.1%
2025-09-13 10:46:21,695 - INFO - Training: Sharpe=1.388 | Hit=53.8% | Return=52.68%
2025-09-13 10:46:21,695 - INFO - Production: Sharpe=1.638 | Hit=54.5% | Return=43.46%
2025-09-13 10:46:21,695 - INFO - Full Timeline: Sharpe=1.451 | Hit=54.1% | Return=48.82%
2025-09-13 10:46:21,695 - INFO - Generating visualizations...
2025-09-13 10:46:21,695 - INFO - Creating clean visualizations for 100 models...
2025-09-13 10:46:28,418 - INFO - Clean fold-by-fold analysis saved to: 20250913_082222_fold_@S#C_100models_15folds_S1.4_binary_hit.png
2025-09-13 10:46:38,514 - INFO - Detailed production analysis saved to: 20250913_082222_backtest_@S#C_100models_15folds_S1.4_binary_hit.png
2025-09-13 10:46:38,514 - INFO - ================================================================================
2025-09-13 10:46:38,515 - INFO - BACKTEST SUMMARY
2025-09-13 10:46:38,515 - INFO - ================================================================================
2025-09-13 10:46:38,515 - INFO - Config: Cutoff=70%, Top N=5, Q-Metric=sharpe, Reselection=1 fold(s)
2025-09-13 10:46:38,515 - INFO - Model Selection History:
2025-09-13 10:46:38,515 - INFO -   Fold 1: M72, M41, M89, M21, M80 (Avg Q-sharpe: 0.584)
2025-09-13 10:46:38,515 - INFO -   Fold 2: M72, M41, M89, M80, M87 (Avg Q-sharpe: 0.582)
2025-09-13 10:46:38,515 - INFO -   Fold 3: M72, M41, M89, M87, M80 (Avg Q-sharpe: 0.577)
2025-09-13 10:46:38,515 - INFO -   Fold 4: M72, M41, M89, M87, M85 (Avg Q-sharpe: 0.568)
2025-09-13 10:46:38,515 - INFO -   Fold 5: M72, M41, M89, M98, M87 (Avg Q-sharpe: 0.565)
2025-09-13 10:46:38,515 - INFO -   Fold 6: M72, M89, M41, M98, M87 (Avg Q-sharpe: 0.561)
2025-09-13 10:46:38,515 - INFO -   Fold 7: M89, M72, M41, M94, M87 (Avg Q-sharpe: 0.558)
2025-09-13 10:46:38,515 - INFO -   Fold 8: M89, M72, M41, M79, M87 (Avg Q-sharpe: 0.554)
2025-09-13 10:46:38,515 - INFO -   Fold 9: M72, M89, M41, M34, M87 (Avg Q-sharpe: 0.555)
2025-09-13 10:46:38,515 - INFO -   Fold 10: M41, M89, M72, M87, M34 (Avg Q-sharpe: 0.554)
2025-09-13 10:46:38,515 - INFO -   Fold 11: M41, M89, M72, M36, M34 (Avg Q-sharpe: 0.553)
2025-09-13 10:46:38,515 - INFO -   Fold 12: M41, M89, M21, M34, M36 (Avg Q-sharpe: 0.553)
2025-09-13 10:46:38,515 - INFO - 
2025-09-13 10:46:38,515 - INFO - Fold-by-Fold Performance:
2025-09-13 10:46:38,515 - INFO -   Fold 1: M72, M41, M89, M21, M80 | Sharpe=2.836 | Hit=59.9% | Samples=177
2025-09-13 10:46:38,515 - INFO -   Fold 2: M72, M41, M89, M80, M87 | Sharpe=2.239 | Hit=57.6% | Samples=177
2025-09-13 10:46:38,515 - INFO -   Fold 3: M72, M41, M89, M87, M80 | Sharpe=0.879 | Hit=50.8% | Samples=177
2025-09-13 10:46:38,515 - INFO -   Fold 4: M72, M41, M89, M87, M85 | Sharpe=1.377 | Hit=52.5% | Samples=177
2025-09-13 10:46:38,515 - INFO -   Fold 5: M72, M41, M89, M98, M87 | Sharpe=0.310 | Hit=51.4% | Samples=177
2025-09-13 10:46:38,515 - INFO -   Fold 6: M72, M89, M41, M98, M87 | Sharpe=0.414 | Hit=50.3% | Samples=177
2025-09-13 10:46:38,515 - INFO -   Fold 7: M89, M72, M41, M94, M87 | Sharpe=2.467 | Hit=53.7% | Samples=177
2025-09-13 10:46:38,515 - INFO -   Fold 8: M89, M72, M41, M79, M87 | Sharpe=1.916 | Hit=54.8% | Samples=177
2025-09-13 10:46:38,515 - INFO -   Fold 9: M72, M89, M41, M34, M87 | Sharpe=1.697 | Hit=57.6% | Samples=177
2025-09-13 10:46:38,515 - INFO -   Fold 10: M41, M89, M72, M87, M34 | Sharpe=2.132 | Hit=54.2% | Samples=177
2025-09-13 10:46:38,516 - INFO -   Fold 11: M41, M89, M72, M36, M34 | Sharpe=1.497 | Hit=54.8% | Samples=177
2025-09-13 10:46:38,516 - INFO -   Fold 12: M41, M89, M21, M34, M36 | Sharpe=1.029 | Hit=51.4% | Samples=183
2025-09-13 10:46:38,516 - INFO - ================================================================================
2025-09-13 10:46:38,516 - INFO - ================================================================================
2025-09-13 10:46:38,516 - INFO - ANALYSIS COMPLETED SUCCESSFULLY!
2025-09-13 10:46:38,516 - INFO - ================================================================================
2025-09-13 10:46:38,516 - INFO - Generated 2 visualization files
2025-09-13 10:46:38,516 - INFO -   - 20250913_082222_fold_@S#C_100models_15folds_S1.4_binary_hit.png
2025-09-13 10:46:38,516 - INFO -   - 20250913_082222_backtest_@S#C_100models_15folds_S1.4_binary_hit.png
2025-09-13 10:46:38,516 - INFO - Training Final: Sharpe=1.388 | Hit=53.8% | Return=52.68% | CB=1.451
2025-09-13 10:46:38,516 - INFO - Production Final: Sharpe=1.638 | Hit=54.5% | Return=43.46% | CB=3.183
2025-09-13 10:46:38,516 - INFO - Full Timeline Final: Sharpe=1.451 | Hit=54.1% | Return=48.82% | CB=1.345
