2025-09-15 20:49:20,699 - INFO - ================================================================================
2025-09-15 20:49:20,700 - INFO - XGBoost Comparison Framework
2025-09-15 20:49:20,700 - INFO - ================================================================================
2025-09-15 20:49:20,700 - INFO - Configuration:
2025-09-15 20:49:20,700 - INFO -   Target Symbol: @CT#C
2025-09-15 20:49:20,700 - INFO -   Date Range: 2015-01-01 to 2025-08-01
2025-09-15 20:49:20,700 - INFO -   Models: 150, Type: tiered
2025-09-15 20:49:20,700 - INFO -   Folds: 20
2025-09-15 20:49:20,701 - INFO -   Max Features: 250 (Limited)
2025-09-15 20:49:20,701 - INFO -   Feature Selection: Enabled
2025-09-15 20:49:20,701 - INFO -   Inner Val Fraction: 0.2
2025-09-15 20:49:20,701 - INFO -   EWMA Alpha: 0.1, Quality Halflife: 63 days
2025-09-15 20:49:20,701 - INFO -   Signal Type: Tanh Normalized
2025-09-15 20:49:20,701 - INFO -   Cross-validation: Expanding window
2025-09-15 20:49:20,701 - INFO -   Production: Cutoff=0.6, Top N=8, Q-Metric=hit_rate
2025-09-15 20:49:20,701 - INFO -   Reselection: Every 1 fold(s)
2025-09-15 20:49:20,701 - INFO - 
2025-09-15 20:49:26,893 - INFO - Dropped 74 rows due to NaN in target column @CT#C_target_return
2025-09-15 20:49:27,091 - INFO - Loaded: X=(2661, 1906), y=(2661,)
2025-09-15 20:49:58,049 - INFO - Selected 250 features (threshold: 0.7)
2025-09-15 20:49:58,063 - INFO - Selected: 250 features
2025-09-15 20:49:58,901 - INFO - GPU detection: CUDA GPU available and working
2025-09-15 20:49:58,901 - INFO - Processing mode: GPU sequential (GPU: True, Total models: 3000)
2025-09-15 20:49:59,070 - INFO - GPU detection: CUDA GPU available and working
2025-09-15 20:49:59,086 - INFO - Using expanding window
2025-09-15 20:49:59,087 - INFO - Starting analysis: 150 tiered models x 18 folds
2025-09-15 20:49:59,087 - INFO - Processing Fold 1/18
2025-09-15 20:49:59,099 - INFO -   Using GPU sequential processing
2025-09-15 21:02:04,335 - INFO - Fold 1 Summary:
2025-09-15 21:02:04,336 - INFO -   Best OOS Sharpe: M20 (2.268, p=0.070)
2025-09-15 21:02:04,336 - INFO -   Best Q-Hit_Rate:  M20 (0.617, OOS_Sharpe=2.268, OOS_Hit=0.617)
2025-09-15 21:02:04,336 - INFO -   Mean OOS Sharpe: -0.150, Mean Hit: 0.506
2025-09-15 21:02:04,336 - INFO - 
2025-09-15 21:02:04,356 - INFO - Processing Fold 2/18
2025-09-15 21:02:04,364 - INFO -   Using GPU sequential processing
