2025-09-11 22:42:16,834 - INFO - ================================================================================
2025-09-11 22:42:16,834 - INFO - XGBoost Comparison Framework
2025-09-11 22:42:16,834 - INFO - ================================================================================
2025-09-11 22:42:16,834 - INFO - Configuration:
2025-09-11 22:42:16,834 - INFO -   Target Symbol: @ES#C
2025-09-11 22:42:16,834 - INFO -   Date Range: 2015-01-01 to 2025-08-01
2025-09-11 22:42:16,834 - INFO -   Models: 50, Type: standard
2025-09-11 22:42:16,834 - INFO -   Folds: 8
2025-09-11 22:42:16,834 - INFO -   Max Features: 100 (Limited)
2025-09-11 22:42:16,834 - INFO -   Feature Selection: Enabled
2025-09-11 22:42:16,834 - INFO -   Inner Val Fraction: 0.2
2025-09-11 22:42:16,834 - INFO -   EWMA Alpha: 0.1, Quality Halflife: 63 days
2025-09-11 22:42:16,834 - INFO -   Signal Type: Binary (+1/-1)
2025-09-11 22:42:16,834 - INFO -   Cross-validation: Expanding window
2025-09-11 22:42:16,834 - INFO -   Production: Cutoff=0.6, Top N=2, Q-Metric=sharpe
2025-09-11 22:42:16,834 - INFO -   Reselection: Every 1 fold(s)
2025-09-11 22:42:16,834 - INFO - 
2025-09-11 22:42:21,570 - INFO - Loaded: X=(2735, 1906), y=(2735,)
2025-09-11 22:42:46,125 - INFO - Selected 100 features (threshold: 0.7)
2025-09-11 22:42:46,137 - INFO - Selected: 100 features
2025-09-11 22:42:46,173 - INFO - GPU detection: XGBoost not compiled with CUDA support - using CPU
2025-09-11 22:42:46,173 - INFO - Processing mode: CPU multiprocessing (GPU: False, Total models: 400)
2025-09-11 22:42:46,176 - INFO - GPU detection: XGBoost not compiled with CUDA support - using CPU
2025-09-11 22:42:46,177 - INFO - Using expanding window
2025-09-11 22:42:46,177 - INFO - Starting analysis: 50 standard models x 7 folds
2025-09-11 22:42:46,177 - INFO - Processing Fold 1/7
2025-09-11 22:42:46,180 - INFO -   Using multiprocessing with 9 workers
2025-09-11 22:43:00,121 - INFO - Fold 1 Summary:
2025-09-11 22:43:00,122 - INFO -   Best OOS Sharpe: M05 (1.303, p=0.140)
2025-09-11 22:43:00,122 - INFO -   Best Q-Sharpe:  M05 (1.303, OOS_Sharpe=1.303, OOS_Hit=0.551)
2025-09-11 22:43:00,122 - INFO -   Mean OOS Sharpe: -0.232, Mean Hit: 0.496
2025-09-11 22:43:00,122 - INFO - 
2025-09-11 22:43:00,123 - INFO - Processing Fold 2/7
2025-09-11 22:43:00,127 - INFO -   Using multiprocessing with 9 workers
2025-09-11 22:43:19,717 - INFO - Fold 2 Summary:
2025-09-11 22:43:19,732 - INFO -   Best OOS Sharpe: M01 (1.275, p=0.140)
2025-09-11 22:43:19,732 - INFO -   Best Q-Sharpe:  M39 (1.114, OOS_Sharpe=-0.557, OOS_Hit=0.475)
2025-09-11 22:43:19,732 - INFO -   Mean OOS Sharpe: -0.260, Mean Hit: 0.484
2025-09-11 22:43:19,732 - INFO - 
2025-09-11 22:43:19,735 - INFO - Processing Fold 3/7
2025-09-11 22:43:19,744 - INFO -   Using multiprocessing with 9 workers
2025-09-11 22:43:55,332 - INFO - Fold 3 Summary:
2025-09-11 22:43:55,333 - INFO -   Best OOS Sharpe: M06 (1.923, p=0.020)
2025-09-11 22:43:55,333 - INFO -   Best Q-Sharpe:  M39 (1.035, OOS_Sharpe=0.323, OOS_Hit=0.490)
2025-09-11 22:43:55,333 - INFO -   Mean OOS Sharpe: 0.062, Mean Hit: 0.467
2025-09-11 22:43:55,333 - INFO - 
2025-09-11 22:43:55,336 - INFO - Processing Fold 4/7
2025-09-11 22:43:55,340 - INFO -   Using multiprocessing with 9 workers
2025-09-11 22:44:33,483 - INFO - Fold 4 Summary:
2025-09-11 22:44:33,484 - INFO -   Best OOS Sharpe: M38 (1.973, p=0.000)
2025-09-11 22:44:33,484 - INFO -   Best Q-Sharpe:  M05 (0.948, OOS_Sharpe=0.880, OOS_Hit=0.540)
2025-09-11 22:44:33,484 - INFO -   Mean OOS Sharpe: 0.081, Mean Hit: 0.507
2025-09-11 22:44:33,484 - INFO - 
2025-09-11 22:44:33,487 - INFO - Processing Fold 5/7
2025-09-11 22:44:33,491 - INFO -   Using multiprocessing with 9 workers
2025-09-11 22:45:10,557 - INFO - Fold 5 Summary:
2025-09-11 22:45:10,558 - INFO -   Best OOS Sharpe: M21 (3.032, p=0.000)
2025-09-11 22:45:10,558 - INFO -   Best Q-Sharpe:  M05 (1.153, OOS_Sharpe=3.004, OOS_Hit=0.563)
2025-09-11 22:45:10,558 - INFO -   Mean OOS Sharpe: 1.726, Mean Hit: 0.543
2025-09-11 22:45:10,558 - INFO - 
2025-09-11 22:45:10,561 - INFO - Processing Fold 6/7
2025-09-11 22:45:10,565 - INFO -   Using multiprocessing with 9 workers
2025-09-11 22:45:47,398 - INFO - Fold 6 Summary:
2025-09-11 22:45:47,399 - INFO -   Best OOS Sharpe: M13 (0.710, p=0.360)
2025-09-11 22:45:47,399 - INFO -   Best Q-Sharpe:  M05 (1.016, OOS_Sharpe=-0.220, OOS_Hit=0.487)
2025-09-11 22:45:47,399 - INFO -   Mean OOS Sharpe: -0.614, Mean Hit: 0.474
2025-09-11 22:45:47,399 - INFO - 
2025-09-11 22:45:47,402 - INFO - Processing Fold 7/7
2025-09-11 22:45:47,406 - INFO -   Using multiprocessing with 9 workers
2025-09-11 22:46:28,216 - INFO - Fold 7 Summary:
2025-09-11 22:46:28,217 - INFO -   Best OOS Sharpe: M46 (1.484, p=0.100)
2025-09-11 22:46:28,217 - INFO -   Best Q-Sharpe:  M05 (0.925, OOS_Sharpe=0.110, OOS_Hit=0.514)
2025-09-11 22:46:28,217 - INFO -   Mean OOS Sharpe: 0.260, Mean Hit: 0.511
2025-09-11 22:46:28,217 - INFO - 
2025-09-11 22:46:28,220 - INFO - Starting full timeline backtesting...
2025-09-11 22:46:28,220 - INFO - Running full timeline backtest with 7 folds (0-based indexing)
2025-09-11 22:46:28,220 - INFO - Fold 0 skipped (no prior Q-score history for meaningful selection)
2025-09-11 22:46:28,220 - INFO - Effective backtest period: Folds 1-6 (6 folds)
2025-09-11 22:46:28,220 - INFO - Training period: Folds 1-4
2025-09-11 22:46:28,220 - INFO - Production period: Folds 5-6
2025-09-11 22:46:28,221 - INFO - Using consistent OOS methodology for all folds
2025-09-11 22:46:28,221 - INFO - Fold 0: Skipped (no prior Q-score history for meaningful selection)
2025-09-11 22:46:28,221 - INFO - 
--- Processing fold 1/6 ---
2025-09-11 22:46:28,235 - INFO - Fold 1: Q-scores from fold 0: ['M00:0.542', 'M01:-0.095', 'M02:0.092', 'M03:-0.150', 'M04:-0.081']...
2025-09-11 22:46:28,235 - INFO - Fold 1: Selected models [5, 39] based on fold 0 Q-scores, avg Q-score: 1.301
2025-09-11 22:46:28,238 - INFO - Fold 1 (Training): Sharpe=0.196, Hit=33.4%
2025-09-11 22:46:28,238 - INFO - 
--- Processing fold 2/6 ---
2025-09-11 22:46:28,246 - INFO - Fold 2: Q-scores from fold 1: ['M00:0.462', 'M01:0.042', 'M02:0.040', 'M03:-0.191', 'M04:-0.115']...
2025-09-11 22:46:28,246 - INFO - Fold 2: Selected models [39, 5] based on fold 1 Q-scores, avg Q-score: 1.080
2025-09-11 22:46:28,247 - INFO - Fold 2 (Training): Sharpe=-0.804, Hit=30.5%
2025-09-11 22:46:28,247 - INFO - 
--- Processing fold 3/6 ---
2025-09-11 22:46:28,308 - INFO - Fold 3: Q-scores from fold 2: ['M00:0.416', 'M01:0.054', 'M02:0.102', 'M03:-0.124', 'M04:-0.171']...
2025-09-11 22:46:28,308 - INFO - Fold 3: Selected models [39, 5] based on fold 2 Q-scores, avg Q-score: 0.995
2025-09-11 22:46:28,309 - INFO - Fold 3 (Training): Sharpe=2.084, Hit=37.5%
2025-09-11 22:46:28,309 - INFO - 
--- Processing fold 4/6 ---
2025-09-11 22:46:28,317 - INFO - Fold 4: Q-scores from fold 3: ['M00:0.369', 'M01:-0.049', 'M02:0.003', 'M03:-0.138', 'M04:-0.089']...
2025-09-11 22:46:28,317 - INFO - Fold 4: Selected models [5, 39] based on fold 3 Q-scores, avg Q-score: 0.930
2025-09-11 22:46:28,318 - INFO - Fold 4 (Training): Sharpe=0.725, Hit=33.7%
2025-09-11 22:46:28,318 - INFO - 
--- Processing fold 5/6 ---
2025-09-11 22:46:28,358 - INFO - Fold 5: Q-scores from fold 4: ['M00:0.336', 'M01:0.107', 'M02:0.147', 'M03:-0.056', 'M04:0.065']...
2025-09-11 22:46:28,358 - INFO - Fold 5: Selected models [5, 39] based on fold 4 Q-scores, avg Q-score: 1.052
2025-09-11 22:46:28,359 - INFO - Fold 5 (Production): Sharpe=1.212, Hit=35.5%
2025-09-11 22:46:28,359 - INFO - 
--- Processing fold 6/6 ---
2025-09-11 22:46:28,455 - INFO - Fold 6: Q-scores from fold 5: ['M00:0.258', 'M01:0.090', 'M02:0.170', 'M03:-0.109', 'M04:-0.024']...
2025-09-11 22:46:28,455 - INFO - Fold 6: Selected models [5, 39] based on fold 5 Q-scores, avg Q-score: 0.850
2025-09-11 22:46:28,521 - INFO - Fold 6 (Production): Sharpe=2.193, Hit=31.0%
2025-09-11 22:46:28,560 - INFO - Training Period Overall: Sharpe=0.468, Hit=33.8%
2025-09-11 22:46:28,561 - INFO - Production Period Overall: Sharpe=1.754, Hit=33.2%
2025-09-11 22:46:28,562 - INFO - Full Timeline Overall: Sharpe=0.850, Hit=33.6%
2025-09-11 22:46:28,562 - INFO - Training: Sharpe=0.468 | Hit=33.8% | Return=6.39%
2025-09-11 22:46:28,562 - INFO - Production: Sharpe=1.754 | Hit=33.2% | Return=20.29%
2025-09-11 22:46:28,562 - INFO - Full Timeline: Sharpe=0.850 | Hit=33.6% | Return=11.06%
2025-09-11 22:46:28,562 - INFO - Generating visualizations...
2025-09-11 22:46:28,562 - INFO - Creating clean visualizations for 50 models...
2025-09-11 22:46:33,112 - INFO - Clean fold-by-fold analysis saved to: 20250911_224216_fold_@ES#C_50models_8folds_fixed_ES_binary_voting.png
2025-09-11 22:46:33,212 - INFO - Using categorical units to plot a list of strings that are all parsable as floats or dates. If these strings should be plotted as numbers, cast to the appropriate data type before plotting.
2025-09-11 22:46:33,212 - INFO - Using categorical units to plot a list of strings that are all parsable as floats or dates. If these strings should be plotted as numbers, cast to the appropriate data type before plotting.
2025-09-11 22:46:36,128 - INFO - Detailed production analysis saved to: 20250911_224216_backtest_@ES#C_50models_8folds_fixed_ES_binary_voting.png
2025-09-11 22:46:36,129 - INFO - ================================================================================
2025-09-11 22:46:36,129 - INFO - BACKTEST SUMMARY
2025-09-11 22:46:36,129 - INFO - ================================================================================
2025-09-11 22:46:36,129 - INFO - Config: Cutoff=70%, Top N=5, Q-Metric=sharpe, Reselection=1 fold(s)
2025-09-11 22:46:36,129 - INFO - Model Selection History:
2025-09-11 22:46:36,129 - INFO -   Fold 1: M05, M39 (Avg Q-sharpe: 1.301)
2025-09-11 22:46:36,129 - INFO -   Fold 2: M39, M05 (Avg Q-sharpe: 1.080)
2025-09-11 22:46:36,129 - INFO -   Fold 3: M39, M05 (Avg Q-sharpe: 0.995)
2025-09-11 22:46:36,129 - INFO -   Fold 4: M05, M39 (Avg Q-sharpe: 0.930)
2025-09-11 22:46:36,129 - INFO -   Fold 5: M05, M39 (Avg Q-sharpe: 1.052)
2025-09-11 22:46:36,129 - INFO -   Fold 6: M05, M39 (Avg Q-sharpe: 0.850)
2025-09-11 22:46:36,129 - INFO - 
2025-09-11 22:46:36,129 - INFO - Fold-by-Fold Performance:
2025-09-11 22:46:36,129 - INFO -   Fold 1: M05, M39 | Sharpe=0.196 | Hit=33.4% | Samples=341
2025-09-11 22:46:36,129 - INFO -   Fold 2: M39, M05 | Sharpe=-0.804 | Hit=30.5% | Samples=341
2025-09-11 22:46:36,130 - INFO -   Fold 3: M39, M05 | Sharpe=2.084 | Hit=37.5% | Samples=341
2025-09-11 22:46:36,130 - INFO -   Fold 4: M05, M39 | Sharpe=0.725 | Hit=33.7% | Samples=341
2025-09-11 22:46:36,130 - INFO -   Fold 5: M05, M39 | Sharpe=1.212 | Hit=35.5% | Samples=341
2025-09-11 22:46:36,130 - INFO -   Fold 6: M05, M39 | Sharpe=2.193 | Hit=31.0% | Samples=348
2025-09-11 22:46:36,130 - INFO - ================================================================================
2025-09-11 22:46:36,130 - INFO - ================================================================================
2025-09-11 22:46:36,130 - INFO - ANALYSIS COMPLETED SUCCESSFULLY!
2025-09-11 22:46:36,130 - INFO - ================================================================================
2025-09-11 22:46:36,130 - INFO - Generated 2 visualization files
2025-09-11 22:46:36,130 - INFO -   - 20250911_224216_fold_@ES#C_50models_8folds_fixed_ES_binary_voting.png
2025-09-11 22:46:36,130 - INFO -   - 20250911_224216_backtest_@ES#C_50models_8folds_fixed_ES_binary_voting.png
2025-09-11 22:46:36,130 - INFO - Training Final: Sharpe=0.468 | Hit=33.8% | Return=6.39% | CB=0.195
2025-09-11 22:46:36,130 - INFO - Production Final: Sharpe=1.754 | Hit=33.2% | Return=20.29% | CB=2.217
2025-09-11 22:46:36,130 - INFO - Full Timeline Final: Sharpe=0.850 | Hit=33.6% | Return=11.06% | CB=0.338
