2025-09-17 00:44:31,918 - INFO - ================================================================================
2025-09-17 00:44:31,918 - INFO - XGBoost Comparison Framework
2025-09-17 00:44:31,918 - INFO - ================================================================================
2025-09-17 00:44:31,918 - INFO - Configuration:
2025-09-17 00:44:31,918 - INFO -   Target Symbol: @TY#C
2025-09-17 00:44:31,918 - INFO -   Date Range: 2015-01-01 to 2025-08-01
2025-09-17 00:44:31,918 - INFO -   Models: 100, Type: standard
2025-09-17 00:44:31,918 - INFO -   Folds: 15
2025-09-17 00:44:31,918 - INFO -   Max Features: 100 (Limited)
2025-09-17 00:44:31,919 - INFO -   Feature Selection: Enabled
2025-09-17 00:44:31,919 - INFO -   Inner Val Fraction: 0.2
2025-09-17 00:44:31,919 - INFO -   EWMA Alpha: 0.1, Quality Halflife: 63 days
2025-09-17 00:44:31,919 - INFO -   Signal Type: Binary (+1/-1)
2025-09-17 00:44:31,919 - INFO -   Cross-validation: Expanding window
2025-09-17 00:44:31,919 - INFO -   Production: Cutoff=0.6, Top N=5, Q-Metric=sharpe
2025-09-17 00:44:31,919 - INFO -   Reselection: Every 1 fold(s)
2025-09-17 00:44:31,919 - INFO - 
2025-09-17 00:44:45,941 - INFO - Dropped 4 rows due to NaN in target column @TY#C_target_return
2025-09-17 00:44:46,136 - INFO - Loaded: X=(2731, 1906), y=(2731,)
2025-09-17 00:45:55,441 - INFO - Selected 100 features (threshold: 0.7)
2025-09-17 00:45:55,502 - INFO - Selected: 100 features
2025-09-17 00:45:55,633 - INFO - GPU detection: XGBoost not compiled with CUDA support - using CPU
2025-09-17 00:45:55,634 - INFO - Processing mode: CPU multiprocessing (GPU: False, Total models: 1500)
2025-09-17 00:45:55,639 - INFO - GPU detection: XGBoost not compiled with CUDA support - using CPU
2025-09-17 00:45:55,640 - INFO - Using expanding window
2025-09-17 00:45:55,641 - INFO - Starting analysis: 100 standard models x 13 folds
2025-09-17 00:45:55,641 - INFO - Processing Fold 1/13
2025-09-17 00:45:55,645 - INFO -   Using multiprocessing with 9 workers
2025-09-17 00:48:46,199 - INFO - Fold 1 Summary:
2025-09-17 00:48:46,206 - INFO -   Best OOS Sharpe: M22 (3.517, p=0.000)
2025-09-17 00:48:46,206 - INFO -   Best Q-Sharpe:  M22 (3.517, OOS_Sharpe=3.517, OOS_Hit=0.571)
2025-09-17 00:48:46,206 - INFO -   Mean OOS Sharpe: 0.449, Mean Hit: 0.490
2025-09-17 00:48:46,207 - INFO - 
