2025-09-12 09:12:16,226 - INFO - ================================================================================
2025-09-12 09:12:16,226 - INFO - XGBoost Comparison Framework
2025-09-12 09:12:16,226 - INFO - ================================================================================
2025-09-12 09:12:16,226 - INFO - Configuration:
2025-09-12 09:12:16,226 - INFO -   Target Symbol: @TY#C
2025-09-12 09:12:16,226 - INFO -   Date Range: 2015-01-01 to 2025-08-01
2025-09-12 09:12:16,226 - INFO -   Models: 50, Type: standard
2025-09-12 09:12:16,226 - INFO -   Folds: 10
2025-09-12 09:12:16,226 - INFO -   Max Features: 100 (Limited)
2025-09-12 09:12:16,227 - INFO -   Feature Selection: Enabled
2025-09-12 09:12:16,227 - INFO -   Inner Val Fraction: 0.2
2025-09-12 09:12:16,227 - INFO -   EWMA Alpha: 0.1, Quality Halflife: 63 days
2025-09-12 09:12:16,227 - INFO -   Signal Type: Binary (+1/-1)
2025-09-12 09:12:16,227 - INFO -   Cross-validation: Expanding window
2025-09-12 09:12:16,227 - INFO -   Production: Cutoff=0.6, Top N=2, Q-Metric=hit_rate
2025-09-12 09:12:16,227 - INFO -   Reselection: Every 1 fold(s)
2025-09-12 09:12:16,227 - INFO - 
2025-09-12 09:12:33,263 - INFO - Loaded: X=(2735, 1906), y=(2735,)
2025-09-12 09:13:34,164 - INFO - Selected 100 features (threshold: 0.7)
2025-09-12 09:13:34,715 - INFO - Selected: 100 features
2025-09-12 09:13:35,712 - INFO - GPU detection: XGBoost not compiled with CUDA support - using CPU
2025-09-12 09:13:35,714 - INFO - Processing mode: CPU multiprocessing (GPU: False, Total models: 500)
2025-09-12 09:13:35,786 - INFO - GPU detection: XGBoost not compiled with CUDA support - using CPU
2025-09-12 09:13:35,810 - INFO - Using expanding window
2025-09-12 09:13:35,821 - INFO - Starting analysis: 50 standard models x 9 folds
2025-09-12 09:13:35,821 - INFO - Processing Fold 1/9
2025-09-12 09:13:35,871 - INFO -   Using multiprocessing with 9 workers
2025-09-12 09:15:23,704 - INFO - Fold 1 Summary:
2025-09-12 09:15:23,725 - INFO -   Best OOS Sharpe: M00 (1.805, p=0.040)
2025-09-12 09:15:23,754 - INFO -   Best Q-Hit_Rate:  M14 (0.562, OOS_Sharpe=0.943, OOS_Hit=0.562)
2025-09-12 09:15:23,755 - INFO -   Mean OOS Sharpe: -0.046, Mean Hit: 0.511
2025-09-12 09:15:23,773 - INFO - 
2025-09-12 09:15:23,827 - INFO - Processing Fold 2/9
2025-09-12 09:15:23,969 - INFO -   Using multiprocessing with 9 workers
2025-09-12 09:17:56,214 - INFO - Fold 2 Summary:
2025-09-12 09:17:56,223 - INFO -   Best OOS Sharpe: M49 (1.339, p=0.120)
2025-09-12 09:17:56,223 - INFO -   Best Q-Hit_Rate:  M45 (0.556, OOS_Sharpe=0.371, OOS_Hit=0.496)
2025-09-12 09:17:56,223 - INFO -   Mean OOS Sharpe: -0.085, Mean Hit: 0.484
2025-09-12 09:17:56,223 - INFO - 
2025-09-12 09:17:56,252 - INFO - Processing Fold 3/9
2025-09-12 09:17:56,352 - INFO -   Using multiprocessing with 9 workers
2025-09-12 09:21:45,584 - INFO - Fold 3 Summary:
2025-09-12 09:21:45,595 - INFO -   Best OOS Sharpe: M29 (1.169, p=0.100)
2025-09-12 09:21:45,595 - INFO -   Best Q-Hit_Rate:  M45 (0.548, OOS_Sharpe=0.325, OOS_Hit=0.482)
2025-09-12 09:21:45,595 - INFO -   Mean OOS Sharpe: -0.034, Mean Hit: 0.483
2025-09-12 09:21:45,595 - INFO - 
2025-09-12 09:21:45,646 - INFO - Processing Fold 4/9
2025-09-12 09:21:45,734 - INFO -   Using multiprocessing with 9 workers
2025-09-12 09:25:31,174 - INFO - Fold 4 Summary:
2025-09-12 09:25:31,243 - INFO -   Best OOS Sharpe: M18 (2.175, p=0.040)
2025-09-12 09:25:31,247 - INFO -   Best Q-Hit_Rate:  M45 (0.544, OOS_Sharpe=0.497, OOS_Hit=0.507)
2025-09-12 09:25:31,325 - INFO -   Mean OOS Sharpe: 0.255, Mean Hit: 0.503
2025-09-12 09:25:31,325 - INFO - 
2025-09-12 09:25:31,444 - INFO - Processing Fold 5/9
2025-09-12 09:25:31,663 - INFO -   Using multiprocessing with 9 workers
2025-09-12 09:28:55,989 - INFO - Fold 5 Summary:
2025-09-12 09:28:55,998 - INFO -   Best OOS Sharpe: M01 (2.060, p=0.100)
2025-09-12 09:28:55,998 - INFO -   Best Q-Hit_Rate:  M45 (0.538, OOS_Sharpe=-0.067, OOS_Hit=0.485)
2025-09-12 09:28:55,998 - INFO -   Mean OOS Sharpe: -0.458, Mean Hit: 0.486
2025-09-12 09:28:55,998 - INFO - 
2025-09-12 09:28:56,039 - INFO - Processing Fold 6/9
2025-09-12 09:28:56,099 - INFO -   Using multiprocessing with 9 workers
2025-09-12 09:31:59,852 - INFO - Fold 6 Summary:
2025-09-12 09:31:59,861 - INFO -   Best OOS Sharpe: M25 (1.915, p=0.020)
2025-09-12 09:31:59,861 - INFO -   Best Q-Hit_Rate:  M45 (0.539, OOS_Sharpe=-0.264, OOS_Hit=0.540)
2025-09-12 09:31:59,862 - INFO -   Mean OOS Sharpe: 0.079, Mean Hit: 0.503
2025-09-12 09:31:59,862 - INFO - 
2025-09-12 09:31:59,897 - INFO - Processing Fold 7/9
2025-09-12 09:31:59,950 - INFO -   Using multiprocessing with 9 workers
2025-09-12 09:35:14,256 - INFO - Fold 7 Summary:
2025-09-12 09:35:14,278 - INFO -   Best OOS Sharpe: M00 (1.254, p=0.180)
2025-09-12 09:35:14,282 - INFO -   Best Q-Hit_Rate:  M45 (0.532, OOS_Sharpe=-1.311, OOS_Hit=0.474)
2025-09-12 09:35:14,282 - INFO -   Mean OOS Sharpe: -0.560, Mean Hit: 0.494
2025-09-12 09:35:14,282 - INFO - 
2025-09-12 09:35:14,443 - INFO - Processing Fold 8/9
2025-09-12 09:35:14,614 - INFO -   Using multiprocessing with 9 workers
2025-09-12 09:38:48,795 - INFO - Fold 8 Summary:
2025-09-12 09:38:48,816 - INFO -   Best OOS Sharpe: M11 (0.928, p=0.260)
2025-09-12 09:38:48,817 - INFO -   Best Q-Hit_Rate:  M45 (0.530, OOS_Sharpe=0.439, OOS_Hit=0.511)
2025-09-12 09:38:48,817 - INFO -   Mean OOS Sharpe: -0.478, Mean Hit: 0.472
2025-09-12 09:38:48,817 - INFO - 
2025-09-12 09:38:48,968 - INFO - Processing Fold 9/9
2025-09-12 09:38:49,110 - INFO -   Using multiprocessing with 9 workers
2025-09-12 09:42:39,542 - INFO - Fold 9 Summary:
2025-09-12 09:42:39,555 - INFO -   Best OOS Sharpe: M28 (2.518, p=0.020)
2025-09-12 09:42:39,555 - INFO -   Best Q-Hit_Rate:  M45 (0.529, OOS_Sharpe=-0.293, OOS_Hit=0.516)
2025-09-12 09:42:39,555 - INFO -   Mean OOS Sharpe: 0.252, Mean Hit: 0.508
2025-09-12 09:42:39,555 - INFO - 
2025-09-12 09:42:39,606 - INFO - Starting full timeline backtesting...
2025-09-12 09:42:39,613 - INFO - Running full timeline backtest with 9 folds (0-based indexing)
2025-09-12 09:42:39,614 - INFO - Fold 0 skipped (no prior Q-score history for meaningful selection)
2025-09-12 09:42:39,615 - INFO - Effective backtest period: Folds 1-8 (8 folds)
2025-09-12 09:42:39,615 - INFO - Training period: Folds 1-5
2025-09-12 09:42:39,615 - INFO - Production period: Folds 6-8
2025-09-12 09:42:39,615 - INFO - Using consistent OOS methodology for all folds
2025-09-12 09:42:39,617 - INFO - Fold 0: Skipped (no prior Q-score history for meaningful selection)
2025-09-12 09:42:39,618 - INFO - 
--- Processing fold 1/8 ---
2025-09-12 09:42:39,640 - INFO - Fold 1: Q-scores from fold 0: ['M00:0.551', 'M01:0.500', 'M02:0.467', 'M03:0.533', 'M04:0.485']...
2025-09-12 09:42:39,640 - INFO - Fold 1: Selected models [14, 45] based on fold 0 Q-scores, avg Q-score: 0.562
2025-09-12 09:42:39,690 - INFO - Fold 1 (Training): Sharpe=2.101, Hit=59.6%
2025-09-12 09:42:39,691 - INFO - 
--- Processing fold 2/8 ---
2025-09-12 09:42:39,700 - INFO - Fold 2: Q-scores from fold 1: ['M00:0.544', 'M01:0.494', 'M02:0.469', 'M03:0.528', 'M04:0.486']...
2025-09-12 09:42:39,700 - INFO - Fold 2: Selected models [45, 14] based on fold 1 Q-scores, avg Q-score: 0.553
2025-09-12 09:42:39,704 - INFO - Fold 2 (Training): Sharpe=1.072, Hit=52.8%
2025-09-12 09:42:39,704 - INFO - 
--- Processing fold 3/8 ---
2025-09-12 09:42:39,715 - INFO - Fold 3: Q-scores from fold 2: ['M00:0.538', 'M01:0.488', 'M02:0.475', 'M03:0.524', 'M04:0.485']...
2025-09-12 09:42:39,715 - INFO - Fold 3: Selected models [45, 14] based on fold 2 Q-scores, avg Q-score: 0.545
2025-09-12 09:42:39,716 - INFO - Fold 3 (Training): Sharpe=2.414, Hit=56.7%
2025-09-12 09:42:39,716 - INFO - 
--- Processing fold 4/8 ---
2025-09-12 09:42:39,728 - INFO - Fold 4: Q-scores from fold 3: ['M00:0.531', 'M01:0.492', 'M02:0.479', 'M03:0.520', 'M04:0.489']...
2025-09-12 09:42:39,729 - INFO - Fold 4: Selected models [45, 14] based on fold 3 Q-scores, avg Q-score: 0.542
2025-09-12 09:42:39,731 - INFO - Fold 4 (Training): Sharpe=-0.613, Hit=47.3%
2025-09-12 09:42:39,731 - INFO - 
--- Processing fold 5/8 ---
2025-09-12 09:42:40,306 - INFO - Fold 5: Q-scores from fold 4: ['M00:0.527', 'M01:0.498', 'M02:0.481', 'M03:0.518', 'M04:0.486']...
2025-09-12 09:42:40,307 - INFO - Fold 5: Selected models [45, 14] based on fold 4 Q-scores, avg Q-score: 0.537
2025-09-12 09:42:40,308 - INFO - Fold 5 (Training): Sharpe=1.886, Hit=56.2%
2025-09-12 09:42:40,308 - INFO - 
--- Processing fold 6/8 ---
2025-09-12 09:42:40,328 - INFO - Fold 6: Q-scores from fold 5: ['M00:0.524', 'M01:0.500', 'M02:0.486', 'M03:0.517', 'M04:0.486']...
2025-09-12 09:42:40,328 - INFO - Fold 6: Selected models [45, 14] based on fold 5 Q-scores, avg Q-score: 0.534
2025-09-12 09:42:40,330 - INFO - Fold 6 (Production): Sharpe=1.020, Hit=54.0%
2025-09-12 09:42:40,330 - INFO - 
--- Processing fold 7/8 ---
2025-09-12 09:42:40,519 - INFO - Fold 7: Q-scores from fold 6: ['M00:0.525', 'M01:0.501', 'M02:0.491', 'M03:0.517', 'M04:0.485']...
2025-09-12 09:42:40,520 - INFO - Fold 7: Selected models [45, 10] based on fold 6 Q-scores, avg Q-score: 0.530
2025-09-12 09:42:40,522 - INFO - Fold 7 (Production): Sharpe=1.466, Hit=51.6%
2025-09-12 09:42:40,522 - INFO - 
--- Processing fold 8/8 ---
2025-09-12 09:42:40,537 - INFO - Fold 8: Q-scores from fold 7: ['M00:0.521', 'M01:0.498', 'M02:0.493', 'M03:0.515', 'M04:0.480']...
2025-09-12 09:42:40,537 - INFO - Fold 8: Selected models [45, 0] based on fold 7 Q-scores, avg Q-score: 0.526
2025-09-12 09:42:40,540 - INFO - Fold 8 (Production): Sharpe=1.492, Hit=50.6%
2025-09-12 09:42:40,541 - INFO - Training Period Overall: Sharpe=1.471, Hit=54.5%
2025-09-12 09:42:40,543 - INFO - Production Period Overall: Sharpe=1.263, Hit=52.1%
2025-09-12 09:42:40,548 - INFO - Full Timeline Overall: Sharpe=1.338, Hit=53.6%
2025-09-12 09:42:40,548 - INFO - Training: Sharpe=1.471 | Hit=54.5% | Return=5.38%
2025-09-12 09:42:40,548 - INFO - Production: Sharpe=1.263 | Hit=52.1% | Return=7.19%
2025-09-12 09:42:40,548 - INFO - Full Timeline: Sharpe=1.338 | Hit=53.6% | Return=6.06%
2025-09-12 09:42:40,548 - INFO - Generating visualizations...
2025-09-12 09:42:40,550 - INFO - Creating clean visualizations for 50 models...
2025-09-12 09:42:49,040 - INFO - Clean fold-by-fold analysis saved to: 20250912_091216_fold_@TY#C_50models_10folds_hitQ_TY_binary_10F.png
2025-09-12 09:42:49,268 - INFO - Using categorical units to plot a list of strings that are all parsable as floats or dates. If these strings should be plotted as numbers, cast to the appropriate data type before plotting.
2025-09-12 09:42:49,269 - INFO - Using categorical units to plot a list of strings that are all parsable as floats or dates. If these strings should be plotted as numbers, cast to the appropriate data type before plotting.
2025-09-12 09:42:52,904 - INFO - Detailed production analysis saved to: 20250912_091216_backtest_@TY#C_50models_10folds_hitQ_TY_binary_10F.png
2025-09-12 09:42:52,907 - INFO - ================================================================================
2025-09-12 09:42:52,908 - INFO - BACKTEST SUMMARY
2025-09-12 09:42:52,908 - INFO - ================================================================================
2025-09-12 09:42:52,908 - INFO - Config: Cutoff=70%, Top N=5, Q-Metric=sharpe, Reselection=1 fold(s)
2025-09-12 09:42:52,908 - INFO - Model Selection History:
2025-09-12 09:42:52,908 - INFO -   Fold 1: M14, M45 (Avg Q-sharpe: 0.562)
2025-09-12 09:42:52,908 - INFO -   Fold 2: M45, M14 (Avg Q-sharpe: 0.553)
2025-09-12 09:42:52,908 - INFO -   Fold 3: M45, M14 (Avg Q-sharpe: 0.545)
2025-09-12 09:42:52,908 - INFO -   Fold 4: M45, M14 (Avg Q-sharpe: 0.542)
2025-09-12 09:42:52,908 - INFO -   Fold 5: M45, M14 (Avg Q-sharpe: 0.537)
2025-09-12 09:42:52,908 - INFO -   Fold 6: M45, M14 (Avg Q-sharpe: 0.534)
2025-09-12 09:42:52,908 - INFO -   Fold 7: M45, M10 (Avg Q-sharpe: 0.530)
2025-09-12 09:42:52,908 - INFO -   Fold 8: M45, M00 (Avg Q-sharpe: 0.526)
2025-09-12 09:42:52,908 - INFO - 
2025-09-12 09:42:52,908 - INFO - Fold-by-Fold Performance:
2025-09-12 09:42:52,908 - INFO -   Fold 1: M14, M45 | Sharpe=2.101 | Hit=59.6% | Samples=273
2025-09-12 09:42:52,908 - INFO -   Fold 2: M45, M14 | Sharpe=1.072 | Hit=52.8% | Samples=273
2025-09-12 09:42:52,908 - INFO -   Fold 3: M45, M14 | Sharpe=2.414 | Hit=56.7% | Samples=273
2025-09-12 09:42:52,908 - INFO -   Fold 4: M45, M14 | Sharpe=-0.613 | Hit=47.3% | Samples=273
2025-09-12 09:42:52,908 - INFO -   Fold 5: M45, M14 | Sharpe=1.886 | Hit=56.2% | Samples=273
2025-09-12 09:42:52,908 - INFO -   Fold 6: M45, M14 | Sharpe=1.020 | Hit=54.0% | Samples=273
2025-09-12 09:42:52,908 - INFO -   Fold 7: M45, M10 | Sharpe=1.466 | Hit=51.6% | Samples=273
2025-09-12 09:42:52,908 - INFO -   Fold 8: M45, M00 | Sharpe=1.492 | Hit=50.6% | Samples=278
2025-09-12 09:42:52,908 - INFO - ================================================================================
2025-09-12 09:42:52,908 - INFO - ================================================================================
2025-09-12 09:42:52,908 - INFO - ANALYSIS COMPLETED SUCCESSFULLY!
2025-09-12 09:42:52,908 - INFO - ================================================================================
2025-09-12 09:42:52,908 - INFO - Generated 2 visualization files
2025-09-12 09:42:52,908 - INFO -   - 20250912_091216_fold_@TY#C_50models_10folds_hitQ_TY_binary_10F.png
2025-09-12 09:42:52,908 - INFO -   - 20250912_091216_backtest_@TY#C_50models_10folds_hitQ_TY_binary_10F.png
2025-09-12 09:42:52,908 - INFO - Training Final: Sharpe=1.471 | Hit=54.5% | Return=5.38% | CB=0.991
2025-09-12 09:42:52,908 - INFO - Production Final: Sharpe=1.263 | Hit=52.1% | Return=7.19% | CB=1.261
2025-09-12 09:42:52,908 - INFO - Full Timeline Final: Sharpe=1.338 | Hit=53.6% | Return=6.06% | CB=1.064
