2025-09-12 01:47:47,214 - INFO - ================================================================================
2025-09-12 01:47:47,214 - INFO - XGBoost Comparison Framework
2025-09-12 01:47:47,214 - INFO - ================================================================================
2025-09-12 01:47:47,214 - INFO - Configuration:
2025-09-12 01:47:47,214 - INFO -   Target Symbol: @EU#C
2025-09-12 01:47:47,214 - INFO -   Date Range: 2015-01-01 to 2025-08-01
2025-09-12 01:47:47,214 - INFO -   Models: 50, Type: standard
2025-09-12 01:47:47,214 - INFO -   Folds: 8
2025-09-12 01:47:47,214 - INFO -   Max Features: 250 (Limited)
2025-09-12 01:47:47,214 - INFO -   Feature Selection: Enabled
2025-09-12 01:47:47,215 - INFO -   Inner Val Fraction: 0.2
2025-09-12 01:47:47,215 - INFO -   EWMA Alpha: 0.1, Quality Halflife: 63 days
2025-09-12 01:47:47,215 - INFO -   Signal Type: Tanh Normalized
2025-09-12 01:47:47,215 - INFO -   Cross-validation: Expanding window
2025-09-12 01:47:47,215 - INFO -   Production: Cutoff=0.6, Top N=2, Q-Metric=hit_rate
2025-09-12 01:47:47,215 - INFO -   Reselection: Every 1 fold(s)
2025-09-12 01:47:47,215 - INFO - 
2025-09-12 01:48:13,261 - INFO - Loaded: X=(2735, 1906), y=(2735,)
2025-09-12 01:50:11,317 - INFO - Selected 250 features (threshold: 0.7)
2025-09-12 01:50:11,915 - INFO - Selected: 250 features
2025-09-12 01:50:12,669 - INFO - GPU detection: XGBoost not compiled with CUDA support - using CPU
2025-09-12 01:50:12,671 - INFO - Processing mode: CPU multiprocessing (GPU: False, Total models: 400)
2025-09-12 01:50:12,724 - INFO - GPU detection: XGBoost not compiled with CUDA support - using CPU
2025-09-12 01:50:12,730 - INFO - Using expanding window
2025-09-12 01:50:12,732 - INFO - Starting analysis: 50 standard models x 7 folds
2025-09-12 01:50:12,732 - INFO - Processing Fold 1/7
2025-09-12 01:50:12,755 - INFO -   Using multiprocessing with 9 workers
2025-09-12 01:54:03,260 - INFO - Fold 1 Summary:
2025-09-12 01:54:03,266 - INFO -   Best OOS Sharpe: M06 (1.944, p=0.040)
2025-09-12 01:54:03,266 - INFO -   Best Q-Hit_Rate:  M03 (0.562, OOS_Sharpe=0.138, OOS_Hit=0.562)
2025-09-12 01:54:03,266 - INFO -   Mean OOS Sharpe: 0.135, Mean Hit: 0.515
2025-09-12 01:54:03,267 - INFO - 
2025-09-12 01:54:03,331 - INFO - Processing Fold 2/7
2025-09-12 01:54:03,446 - INFO -   Using multiprocessing with 9 workers
2025-09-12 01:58:38,908 - INFO - Fold 2 Summary:
2025-09-12 01:58:38,938 - INFO -   Best OOS Sharpe: M21 (1.083, p=0.120)
2025-09-12 01:58:38,938 - INFO -   Best Q-Hit_Rate:  M03 (0.554, OOS_Sharpe=-0.103, OOS_Hit=0.488)
2025-09-12 01:58:38,953 - INFO -   Mean OOS Sharpe: -0.608, Mean Hit: 0.489
2025-09-12 01:58:38,954 - INFO - 
2025-09-12 01:58:39,271 - INFO - Processing Fold 3/7
2025-09-12 01:58:39,832 - INFO -   Using multiprocessing with 9 workers
2025-09-12 02:02:10,513 - INFO - Fold 3 Summary:
2025-09-12 02:02:10,568 - INFO -   Best OOS Sharpe: M49 (2.232, p=0.000)
2025-09-12 02:02:10,572 - INFO -   Best Q-Hit_Rate:  M03 (0.549, OOS_Sharpe=-0.546, OOS_Hit=0.497)
2025-09-12 02:02:10,573 - INFO -   Mean OOS Sharpe: 0.275, Mean Hit: 0.511
2025-09-12 02:02:10,574 - INFO - 
2025-09-12 02:02:10,797 - INFO - Processing Fold 4/7
2025-09-12 02:02:10,983 - INFO -   Using multiprocessing with 9 workers
2025-09-12 02:06:23,688 - INFO - Fold 4 Summary:
2025-09-12 02:06:23,736 - INFO -   Best OOS Sharpe: M36 (2.868, p=0.000)
2025-09-12 02:06:23,738 - INFO -   Best Q-Hit_Rate:  M44 (0.545, OOS_Sharpe=0.677, OOS_Hit=0.515)
2025-09-12 02:06:23,738 - INFO -   Mean OOS Sharpe: 1.274, Mean Hit: 0.525
2025-09-12 02:06:23,739 - INFO - 
2025-09-12 02:06:24,085 - INFO - Processing Fold 5/7
2025-09-12 02:06:24,486 - INFO -   Using multiprocessing with 9 workers
2025-09-12 02:10:46,235 - INFO - Fold 5 Summary:
2025-09-12 02:10:46,250 - INFO -   Best OOS Sharpe: M34 (2.302, p=0.000)
2025-09-12 02:10:46,253 - INFO -   Best Q-Hit_Rate:  M03 (0.543, OOS_Sharpe=1.222, OOS_Hit=0.529)
2025-09-12 02:10:46,253 - INFO -   Mean OOS Sharpe: 0.605, Mean Hit: 0.486
2025-09-12 02:10:46,253 - INFO - 
2025-09-12 02:10:46,369 - INFO - Processing Fold 6/7
2025-09-12 02:10:46,483 - INFO -   Using multiprocessing with 9 workers
2025-09-12 02:14:38,142 - INFO - Fold 6 Summary:
2025-09-12 02:14:38,151 - INFO -   Best OOS Sharpe: M46 (2.059, p=0.040)
2025-09-12 02:14:38,151 - INFO -   Best Q-Hit_Rate:  M03 (0.539, OOS_Sharpe=0.532, OOS_Hit=0.506)
2025-09-12 02:14:38,151 - INFO -   Mean OOS Sharpe: 0.431, Mean Hit: 0.499
2025-09-12 02:14:38,151 - INFO - 
2025-09-12 02:14:38,319 - INFO - Processing Fold 7/7
2025-09-12 02:14:38,520 - INFO -   Using multiprocessing with 9 workers
2025-09-12 02:17:24,067 - INFO - Fold 7 Summary:
2025-09-12 02:17:24,072 - INFO -   Best OOS Sharpe: M03 (2.023, p=0.000)
2025-09-12 02:17:24,073 - INFO -   Best Q-Hit_Rate:  M03 (0.535, OOS_Sharpe=2.023, OOS_Hit=0.499)
2025-09-12 02:17:24,073 - INFO -   Mean OOS Sharpe: 0.395, Mean Hit: 0.496
2025-09-12 02:17:24,073 - INFO - 
2025-09-12 02:17:24,167 - INFO - Starting full timeline backtesting...
2025-09-12 02:17:24,171 - INFO - Running full timeline backtest with 7 folds (0-based indexing)
2025-09-12 02:17:24,172 - INFO - Fold 0 skipped (no prior Q-score history for meaningful selection)
2025-09-12 02:17:24,172 - INFO - Effective backtest period: Folds 1-6 (6 folds)
2025-09-12 02:17:24,172 - INFO - Training period: Folds 1-4
2025-09-12 02:17:24,172 - INFO - Production period: Folds 5-6
2025-09-12 02:17:24,173 - INFO - Using consistent OOS methodology for all folds
2025-09-12 02:17:24,174 - INFO - Fold 0: Skipped (no prior Q-score history for meaningful selection)
2025-09-12 02:17:24,174 - INFO - 
--- Processing fold 1/6 ---
2025-09-12 02:17:24,186 - INFO - Fold 1: Q-scores from fold 0: ['M00:0.456', 'M01:0.509', 'M02:0.515', 'M03:0.562', 'M04:0.500']...
2025-09-12 02:17:24,188 - INFO - Fold 1: Selected models [3, 44] based on fold 0 Q-scores, avg Q-score: 0.557
2025-09-12 02:17:24,239 - INFO - Fold 1 (Training): Sharpe=0.617, Hit=49.0%
2025-09-12 02:17:24,240 - INFO - 
--- Processing fold 2/6 ---
2025-09-12 02:17:24,248 - INFO - Fold 2: Q-scores from fold 1: ['M00:0.457', 'M01:0.509', 'M02:0.515', 'M03:0.554', 'M04:0.497']...
2025-09-12 02:17:24,248 - INFO - Fold 2: Selected models [3, 44] based on fold 1 Q-scores, avg Q-score: 0.551
2025-09-12 02:17:24,250 - INFO - Fold 2 (Training): Sharpe=-0.142, Hit=50.7%
2025-09-12 02:17:24,250 - INFO - 
--- Processing fold 3/6 ---
2025-09-12 02:17:24,258 - INFO - Fold 3: Q-scores from fold 2: ['M00:0.465', 'M01:0.510', 'M02:0.516', 'M03:0.549', 'M04:0.496']...
2025-09-12 02:17:24,258 - INFO - Fold 3: Selected models [3, 44] based on fold 2 Q-scores, avg Q-score: 0.549
2025-09-12 02:17:24,260 - INFO - Fold 3 (Training): Sharpe=0.587, Hit=53.7%
2025-09-12 02:17:24,260 - INFO - 
--- Processing fold 4/6 ---
2025-09-12 02:17:24,269 - INFO - Fold 4: Q-scores from fold 3: ['M00:0.469', 'M01:0.509', 'M02:0.515', 'M03:0.544', 'M04:0.495']...
2025-09-12 02:17:24,269 - INFO - Fold 4: Selected models [44, 46] based on fold 3 Q-scores, avg Q-score: 0.545
2025-09-12 02:17:24,271 - INFO - Fold 4 (Training): Sharpe=2.302, Hit=52.8%
2025-09-12 02:17:24,271 - INFO - 
--- Processing fold 5/6 ---
2025-09-12 02:17:24,281 - INFO - Fold 5: Q-scores from fold 4: ['M00:0.475', 'M01:0.504', 'M02:0.513', 'M03:0.543', 'M04:0.492']...
2025-09-12 02:17:24,281 - INFO - Fold 5: Selected models [3, 44] based on fold 4 Q-scores, avg Q-score: 0.542
2025-09-12 02:17:24,283 - INFO - Fold 5 (Production): Sharpe=1.230, Hit=52.5%
2025-09-12 02:17:24,283 - INFO - 
--- Processing fold 6/6 ---
2025-09-12 02:17:24,290 - INFO - Fold 6: Q-scores from fold 5: ['M00:0.478', 'M01:0.501', 'M02:0.509', 'M03:0.539', 'M04:0.492']...
2025-09-12 02:17:24,291 - INFO - Fold 6: Selected models [3, 44] based on fold 5 Q-scores, avg Q-score: 0.537
2025-09-12 02:17:24,292 - INFO - Fold 6 (Production): Sharpe=0.163, Hit=49.4%
2025-09-12 02:17:24,294 - INFO - Training Period Overall: Sharpe=1.010, Hit=51.5%
2025-09-12 02:17:24,295 - INFO - Production Period Overall: Sharpe=0.705, Hit=50.9%
2025-09-12 02:17:24,297 - INFO - Full Timeline Overall: Sharpe=0.907, Hit=51.3%
2025-09-12 02:17:24,297 - INFO - Training: Sharpe=1.010 | Hit=51.5% | Return=3.73%
2025-09-12 02:17:24,297 - INFO - Production: Sharpe=0.705 | Hit=50.9% | Return=2.63%
2025-09-12 02:17:24,297 - INFO - Full Timeline: Sharpe=0.907 | Hit=51.3% | Return=3.36%
2025-09-12 02:17:24,298 - INFO - Generating visualizations...
2025-09-12 02:17:24,301 - INFO - Creating clean visualizations for 50 models...
2025-09-12 02:17:30,656 - INFO - Clean fold-by-fold analysis saved to: 20250912_014747_fold_@EU#C_50models_8folds_hitQ_EU_250feat.png
2025-09-12 02:17:30,799 - INFO - Using categorical units to plot a list of strings that are all parsable as floats or dates. If these strings should be plotted as numbers, cast to the appropriate data type before plotting.
2025-09-12 02:17:30,800 - INFO - Using categorical units to plot a list of strings that are all parsable as floats or dates. If these strings should be plotted as numbers, cast to the appropriate data type before plotting.
2025-09-12 02:17:34,053 - INFO - Detailed production analysis saved to: 20250912_014747_backtest_@EU#C_50models_8folds_hitQ_EU_250feat.png
2025-09-12 02:17:34,057 - INFO - ================================================================================
2025-09-12 02:17:34,057 - INFO - BACKTEST SUMMARY
2025-09-12 02:17:34,057 - INFO - ================================================================================
2025-09-12 02:17:34,057 - INFO - Config: Cutoff=70%, Top N=5, Q-Metric=sharpe, Reselection=1 fold(s)
2025-09-12 02:17:34,057 - INFO - Model Selection History:
2025-09-12 02:17:34,057 - INFO -   Fold 1: M03, M44 (Avg Q-sharpe: 0.557)
2025-09-12 02:17:34,057 - INFO -   Fold 2: M03, M44 (Avg Q-sharpe: 0.551)
2025-09-12 02:17:34,057 - INFO -   Fold 3: M03, M44 (Avg Q-sharpe: 0.549)
2025-09-12 02:17:34,057 - INFO -   Fold 4: M44, M46 (Avg Q-sharpe: 0.545)
2025-09-12 02:17:34,057 - INFO -   Fold 5: M03, M44 (Avg Q-sharpe: 0.542)
2025-09-12 02:17:34,057 - INFO -   Fold 6: M03, M44 (Avg Q-sharpe: 0.537)
2025-09-12 02:17:34,057 - INFO - 
2025-09-12 02:17:34,057 - INFO - Fold-by-Fold Performance:
2025-09-12 02:17:34,058 - INFO -   Fold 1: M03, M44 | Sharpe=0.617 | Hit=49.0% | Samples=341
2025-09-12 02:17:34,058 - INFO -   Fold 2: M03, M44 | Sharpe=-0.142 | Hit=50.7% | Samples=341
2025-09-12 02:17:34,058 - INFO -   Fold 3: M03, M44 | Sharpe=0.587 | Hit=53.7% | Samples=341
2025-09-12 02:17:34,058 - INFO -   Fold 4: M44, M46 | Sharpe=2.302 | Hit=52.8% | Samples=341
2025-09-12 02:17:34,058 - INFO -   Fold 5: M03, M44 | Sharpe=1.230 | Hit=52.5% | Samples=341
2025-09-12 02:17:34,058 - INFO -   Fold 6: M03, M44 | Sharpe=0.163 | Hit=49.4% | Samples=348
2025-09-12 02:17:34,058 - INFO - ================================================================================
2025-09-12 02:17:34,058 - INFO - ================================================================================
2025-09-12 02:17:34,058 - INFO - ANALYSIS COMPLETED SUCCESSFULLY!
2025-09-12 02:17:34,058 - INFO - ================================================================================
2025-09-12 02:17:34,058 - INFO - Generated 2 visualization files
2025-09-12 02:17:34,058 - INFO -   - 20250912_014747_fold_@EU#C_50models_8folds_hitQ_EU_250feat.png
2025-09-12 02:17:34,058 - INFO -   - 20250912_014747_backtest_@EU#C_50models_8folds_hitQ_EU_250feat.png
2025-09-12 02:17:34,058 - INFO - Training Final: Sharpe=1.010 | Hit=51.5% | Return=3.73% | CB=0.723
2025-09-12 02:17:34,058 - INFO - Production Final: Sharpe=0.705 | Hit=50.9% | Return=2.63% | CB=0.381
2025-09-12 02:17:34,058 - INFO - Full Timeline Final: Sharpe=0.907 | Hit=51.3% | Return=3.36% | CB=0.487
