2025-09-16 11:55:16,380 - INFO - ================================================================================
2025-09-16 11:55:16,380 - INFO - XGBoost Comparison Framework
2025-09-16 11:55:16,380 - INFO - ================================================================================
2025-09-16 11:55:16,380 - INFO - Configuration:
2025-09-16 11:55:16,380 - INFO -   Target Symbol: @KW#C
2025-09-16 11:55:16,380 - INFO -   Date Range: 2015-01-01 to 2025-08-01
2025-09-16 11:55:16,380 - INFO -   Models: 150, Type: standard
2025-09-16 11:55:16,380 - INFO -   Folds: 15
2025-09-16 11:55:16,381 - INFO -   Max Features: 250 (Limited)
2025-09-16 11:55:16,381 - INFO -   Feature Selection: Enabled
2025-09-16 11:55:16,381 - INFO -   Inner Val Fraction: 0.2
2025-09-16 11:55:16,381 - INFO -   EWMA Alpha: 0.1, Quality Halflife: 63 days
2025-09-16 11:55:16,381 - INFO -   Signal Type: Tanh Normalized
2025-09-16 11:55:16,381 - INFO -   Cross-validation: Expanding window
2025-09-16 11:55:16,381 - INFO -   Production: Cutoff=0.6, Top N=8, Q-Metric=sharpe
2025-09-16 11:55:16,381 - INFO -   Reselection: Every 1 fold(s)
2025-09-16 11:55:16,381 - INFO - 
2025-09-16 11:55:21,717 - INFO - Dropped 74 rows due to NaN in target column @KW#C_target_return
2025-09-16 11:55:21,914 - INFO - Loaded: X=(2661, 1906), y=(2661,)
2025-09-16 11:55:46,818 - INFO - Selected 250 features (threshold: 0.7)
2025-09-16 11:55:46,833 - INFO - Selected: 250 features
2025-09-16 11:55:47,191 - INFO - GPU detection: CUDA GPU available and working
2025-09-16 11:55:47,191 - INFO - Processing mode: GPU sequential (GPU: True, Total models: 2250)
2025-09-16 11:55:47,218 - INFO - GPU detection: CUDA GPU available and working
2025-09-16 11:55:47,221 - INFO - Using expanding window
2025-09-16 11:55:47,222 - INFO - Starting analysis: 150 standard models x 13 folds
2025-09-16 11:55:47,222 - INFO - Processing Fold 1/13
2025-09-16 11:55:47,230 - INFO -   Using GPU sequential processing
2025-09-16 11:59:40,056 - INFO - Fold 1 Summary:
2025-09-16 11:59:40,056 - INFO -   Best OOS Sharpe: M98 (2.460, p=0.030)
2025-09-16 11:59:40,056 - INFO -   Best Q-Sharpe:  M98 (2.460, OOS_Sharpe=2.460, OOS_Hit=0.537)
2025-09-16 11:59:40,056 - INFO -   Mean OOS Sharpe: -1.344, Mean Hit: 0.463
2025-09-16 11:59:40,056 - INFO - 
2025-09-16 11:59:40,062 - INFO - Stored 150 trained models for production export
2025-09-16 11:59:40,062 - INFO - Processing Fold 2/13
2025-09-16 11:59:40,069 - INFO -   Using GPU sequential processing
2025-09-16 12:03:48,485 - INFO - Fold 2 Summary:
2025-09-16 12:03:48,485 - INFO -   Best OOS Sharpe: M77 (1.637, p=0.180)
2025-09-16 12:03:48,485 - INFO -   Best Q-Sharpe:  M98 (2.177, OOS_Sharpe=-0.371, OOS_Hit=0.475)
2025-09-16 12:03:48,485 - INFO -   Mean OOS Sharpe: -0.714, Mean Hit: 0.484
2025-09-16 12:03:48,485 - INFO - 
2025-09-16 12:03:48,491 - INFO - Stored 150 trained models for production export
2025-09-16 12:03:48,492 - INFO - Processing Fold 3/13
2025-09-16 12:03:48,498 - INFO -   Using GPU sequential processing
2025-09-16 12:08:07,768 - INFO - Fold 3 Summary:
2025-09-16 12:08:07,770 - INFO -   Best OOS Sharpe: M108 (3.745, p=0.000)
2025-09-16 12:08:07,770 - INFO -   Best Q-Sharpe:  M98 (2.011, OOS_Sharpe=0.523, OOS_Hit=0.525)
2025-09-16 12:08:07,770 - INFO -   Mean OOS Sharpe: 1.537, Mean Hit: 0.530
2025-09-16 12:08:07,770 - INFO - 
2025-09-16 12:08:07,783 - INFO - Stored 150 trained models for production export
2025-09-16 12:08:07,783 - INFO - Processing Fold 4/13
2025-09-16 12:08:07,795 - INFO -   Using GPU sequential processing
2025-09-16 12:12:36,087 - INFO - Fold 4 Summary:
2025-09-16 12:12:36,087 - INFO -   Best OOS Sharpe: M144 (3.266, p=0.010)
2025-09-16 12:12:36,087 - INFO -   Best Q-Sharpe:  M98 (1.872, OOS_Sharpe=0.623, OOS_Hit=0.463)
2025-09-16 12:12:36,087 - INFO -   Mean OOS Sharpe: 0.397, Mean Hit: 0.490
2025-09-16 12:12:36,088 - INFO - 
2025-09-16 12:12:36,094 - INFO - Stored 150 trained models for production export
2025-09-16 12:12:36,095 - INFO - Processing Fold 5/13
2025-09-16 12:12:36,103 - INFO -   Using GPU sequential processing
2025-09-16 12:17:15,979 - INFO - Fold 5 Summary:
2025-09-16 12:17:15,979 - INFO -   Best OOS Sharpe: M79 (2.906, p=0.020)
2025-09-16 12:17:15,979 - INFO -   Best Q-Sharpe:  M98 (1.698, OOS_Sharpe=0.131, OOS_Hit=0.497)
2025-09-16 12:17:15,979 - INFO -   Mean OOS Sharpe: 0.825, Mean Hit: 0.524
2025-09-16 12:17:15,979 - INFO - 
2025-09-16 12:17:15,985 - INFO - Stored 150 trained models for production export
2025-09-16 12:17:15,986 - INFO - Processing Fold 6/13
2025-09-16 12:17:15,994 - INFO -   Using GPU sequential processing
2025-09-16 12:22:02,638 - INFO - Fold 6 Summary:
2025-09-16 12:22:02,639 - INFO -   Best OOS Sharpe: M135 (2.588, p=0.070)
2025-09-16 12:22:02,639 - INFO -   Best Q-Sharpe:  M98 (1.695, OOS_Sharpe=1.670, OOS_Hit=0.537)
2025-09-16 12:22:02,639 - INFO -   Mean OOS Sharpe: 0.459, Mean Hit: 0.496
2025-09-16 12:22:02,639 - INFO - 
2025-09-16 12:22:02,645 - INFO - Stored 150 trained models for production export
2025-09-16 12:22:02,645 - INFO - Processing Fold 7/13
2025-09-16 12:22:02,653 - INFO -   Using GPU sequential processing
2025-09-16 12:26:56,734 - INFO - Fold 7 Summary:
2025-09-16 12:26:56,734 - INFO -   Best OOS Sharpe: M107 (2.444, p=0.040)
2025-09-16 12:26:56,734 - INFO -   Best Q-Sharpe:  M98 (1.707, OOS_Sharpe=1.808, OOS_Hit=0.542)
2025-09-16 12:26:56,734 - INFO -   Mean OOS Sharpe: 0.318, Mean Hit: 0.499
2025-09-16 12:26:56,734 - INFO - 
2025-09-16 12:26:56,740 - INFO - Stored 150 trained models for production export
2025-09-16 12:26:56,740 - INFO - Processing Fold 8/13
2025-09-16 12:26:56,745 - INFO -   Using GPU sequential processing
2025-09-16 12:31:56,663 - INFO - Fold 8 Summary:
2025-09-16 12:31:56,663 - INFO -   Best OOS Sharpe: M130 (2.221, p=0.060)
2025-09-16 12:31:56,663 - INFO -   Best Q-Sharpe:  M98 (1.369, OOS_Sharpe=-1.675, OOS_Hit=0.480)
2025-09-16 12:31:56,664 - INFO -   Mean OOS Sharpe: 0.074, Mean Hit: 0.515
2025-09-16 12:31:56,664 - INFO - 
2025-09-16 12:31:56,670 - INFO - Stored 150 trained models for production export
2025-09-16 12:31:56,670 - INFO - Processing Fold 9/13
2025-09-16 12:31:56,681 - INFO -   Using GPU sequential processing
2025-09-16 12:37:02,525 - INFO - Fold 9 Summary:
2025-09-16 12:37:02,526 - INFO -   Best OOS Sharpe: M06 (3.897, p=0.000)
2025-09-16 12:37:02,526 - INFO -   Best Q-Sharpe:  M98 (1.347, OOS_Sharpe=1.157, OOS_Hit=0.508)
2025-09-16 12:37:02,526 - INFO -   Mean OOS Sharpe: 1.641, Mean Hit: 0.543
2025-09-16 12:37:02,526 - INFO - 
2025-09-16 12:37:02,542 - INFO - Stored 150 trained models for production export
2025-09-16 12:37:02,542 - INFO - Processing Fold 10/13
2025-09-16 12:37:02,550 - INFO -   Using GPU sequential processing
2025-09-16 12:42:12,040 - INFO - Fold 10 Summary:
2025-09-16 12:42:12,041 - INFO -   Best OOS Sharpe: M130 (2.447, p=0.050)
2025-09-16 12:42:12,041 - INFO -   Best Q-Sharpe:  M98 (1.203, OOS_Sharpe=-0.095, OOS_Hit=0.503)
2025-09-16 12:42:12,041 - INFO -   Mean OOS Sharpe: -0.166, Mean Hit: 0.497
2025-09-16 12:42:12,041 - INFO - 
2025-09-16 12:42:12,048 - INFO - Stored 150 trained models for production export
2025-09-16 12:42:12,048 - INFO - Processing Fold 11/13
2025-09-16 12:42:12,068 - INFO -   Using GPU sequential processing
2025-09-16 12:47:26,860 - INFO - Fold 11 Summary:
2025-09-16 12:47:26,860 - INFO -   Best OOS Sharpe: M31 (3.303, p=0.020)
2025-09-16 12:47:26,860 - INFO -   Best Q-Sharpe:  M98 (1.311, OOS_Sharpe=2.281, OOS_Hit=0.571)
2025-09-16 12:47:26,860 - INFO -   Mean OOS Sharpe: 1.074, Mean Hit: 0.508
2025-09-16 12:47:26,860 - INFO - 
2025-09-16 12:47:26,867 - INFO - Stored 150 trained models for production export
2025-09-16 12:47:26,867 - INFO - Processing Fold 12/13
2025-09-16 12:47:26,889 - INFO -   Using GPU sequential processing
