2025-09-17 15:53:11,830 - INFO - ================================================================================
2025-09-17 15:53:11,830 - INFO - XGBoost Comparison Framework
2025-09-17 15:53:11,830 - INFO - ================================================================================
2025-09-17 15:53:11,830 - INFO - Configuration:
2025-09-17 15:53:11,830 - INFO -   Target Symbol: @C#C
2025-09-17 15:53:11,830 - INFO -   Date Range: 2015-01-01 to 2025-08-01
2025-09-17 15:53:11,830 - INFO -   Models: 100, Type: standard
2025-09-17 15:53:11,830 - INFO -   Folds: 15
2025-09-17 15:53:11,830 - INFO -   Max Features: 100 (Limited)
2025-09-17 15:53:11,830 - INFO -   Feature Selection: Enabled
2025-09-17 15:53:11,830 - INFO -   Inner Val Fraction: 0.2
2025-09-17 15:53:11,830 - INFO -   EWMA Alpha: 0.1, Quality Halflife: 63 days
2025-09-17 15:53:11,830 - INFO -   Signal Type: Binary (+1/-1)
2025-09-17 15:53:11,830 - INFO -   Cross-validation: Expanding window
2025-09-17 15:53:11,830 - INFO -   Production: Cutoff=0.6, Top N=5, Q-Metric=sharpe
2025-09-17 15:53:11,830 - INFO -   Reselection: Every 1 fold(s)
2025-09-17 15:53:11,830 - INFO - 
2025-09-17 15:53:17,975 - INFO - Dropped 74 rows due to NaN in target column @C#C_target_return
2025-09-17 15:53:18,091 - INFO - Loaded: X=(2661, 1906), y=(2661,)
2025-09-17 15:53:53,185 - INFO - Selected 100 features (threshold: 0.7)
2025-09-17 15:53:53,202 - INFO - Selected: 100 features
2025-09-17 15:53:53,246 - INFO - GPU detection: XGBoost not compiled with CUDA support - using CPU
2025-09-17 15:53:53,246 - INFO - Processing mode: CPU multiprocessing (GPU: False, Total models: 1500)
2025-09-17 15:53:53,251 - INFO - GPU detection: XGBoost not compiled with CUDA support - using CPU
2025-09-17 15:53:53,253 - INFO - Using expanding window
2025-09-17 15:53:53,253 - INFO - Starting analysis: 100 standard models x 13 folds
2025-09-17 15:53:53,253 - INFO - Processing Fold 1/13
2025-09-17 15:53:53,256 - INFO -   Using multiprocessing with 9 workers
2025-09-17 15:55:01,347 - INFO - Fold 1 Summary:
2025-09-17 15:55:01,347 - INFO -   Best OOS Sharpe: M12 (1.784, p=0.100)
2025-09-17 15:55:01,348 - INFO -   Best Q-Sharpe:  M12 (1.784, OOS_Sharpe=1.784, OOS_Hit=0.537)
2025-09-17 15:55:01,348 - INFO -   Mean OOS Sharpe: -0.042, Mean Hit: 0.498
2025-09-17 15:55:01,348 - INFO - 
2025-09-17 15:55:01,354 - INFO - Stored 100 trained models for production export
2025-09-17 15:55:01,354 - INFO - Processing Fold 2/13
2025-09-17 15:55:01,370 - INFO -   Using multiprocessing with 9 workers
