2025-09-15 20:48:41,658 - INFO - ================================================================================
2025-09-15 20:48:41,658 - INFO - XGBoost Comparison Framework
2025-09-15 20:48:41,659 - INFO - ================================================================================
2025-09-15 20:48:41,659 - INFO - Configuration:
2025-09-15 20:48:41,659 - INFO -   Target Symbol: @BO#C
2025-09-15 20:48:41,659 - INFO -   Date Range: 2015-01-01 to 2025-08-01
2025-09-15 20:48:41,659 - INFO -   Models: 150, Type: standard
2025-09-15 20:48:41,659 - INFO -   Folds: 15
2025-09-15 20:48:41,659 - INFO -   Max Features: 250 (Limited)
2025-09-15 20:48:41,659 - INFO -   Feature Selection: Enabled
2025-09-15 20:48:41,659 - INFO -   Inner Val Fraction: 0.2
2025-09-15 20:48:41,659 - INFO -   EWMA Alpha: 0.1, Quality Halflife: 63 days
2025-09-15 20:48:41,659 - INFO -   Signal Type: Tanh Normalized
2025-09-15 20:48:41,660 - INFO -   Cross-validation: Expanding window
2025-09-15 20:48:41,660 - INFO -   Production: Cutoff=0.6, Top N=8, Q-Metric=sharpe
2025-09-15 20:48:41,660 - INFO -   Reselection: Every 1 fold(s)
2025-09-15 20:48:41,660 - INFO - 
2025-09-15 20:48:46,765 - INFO - Dropped 75 rows due to NaN in target column @BO#C_target_return
2025-09-15 20:48:46,971 - INFO - Loaded: X=(2660, 1906), y=(2660,)
2025-09-15 20:49:10,791 - INFO - Selected 250 features (threshold: 0.7)
2025-09-15 20:49:10,803 - INFO - Selected: 250 features
2025-09-15 20:49:11,206 - INFO - GPU detection: CUDA GPU available and working
2025-09-15 20:49:11,207 - INFO - Processing mode: GPU sequential (GPU: True, Total models: 2250)
2025-09-15 20:49:11,228 - INFO - GPU detection: CUDA GPU available and working
2025-09-15 20:49:11,231 - INFO - Using expanding window
2025-09-15 20:49:11,231 - INFO - Starting analysis: 150 standard models x 13 folds
2025-09-15 20:49:11,231 - INFO - Processing Fold 1/13
2025-09-15 20:49:11,238 - INFO -   Using GPU sequential processing
2025-09-15 20:55:19,207 - INFO - Fold 1 Summary:
2025-09-15 20:55:19,207 - INFO -   Best OOS Sharpe: M22 (1.514, p=0.140)
2025-09-15 20:55:19,207 - INFO -   Best Q-Sharpe:  M22 (1.514, OOS_Sharpe=1.514, OOS_Hit=0.475)
2025-09-15 20:55:19,207 - INFO -   Mean OOS Sharpe: -0.939, Mean Hit: 0.470
2025-09-15 20:55:19,207 - INFO - 
2025-09-15 20:55:19,211 - INFO - Processing Fold 2/13
2025-09-15 20:55:19,220 - INFO -   Using GPU sequential processing
2025-09-15 21:03:15,763 - INFO - Fold 2 Summary:
2025-09-15 21:03:15,763 - INFO -   Best OOS Sharpe: M131 (1.950, p=0.080)
2025-09-15 21:03:15,764 - INFO -   Best Q-Sharpe:  M22 (1.160, OOS_Sharpe=-2.020, OOS_Hit=0.441)
2025-09-15 21:03:15,764 - INFO -   Mean OOS Sharpe: -0.617, Mean Hit: 0.472
2025-09-15 21:03:15,764 - INFO - 
2025-09-15 21:03:15,769 - INFO - Processing Fold 3/13
2025-09-15 21:03:15,777 - INFO -   Using GPU sequential processing
