2025-09-16 19:06:32,312 - INFO - ================================================================================
2025-09-16 19:06:32,313 - INFO - XGBoost Comparison Framework
2025-09-16 19:06:32,313 - INFO - ================================================================================
2025-09-16 19:06:32,313 - INFO - Configuration:
2025-09-16 19:06:32,313 - INFO -   Target Symbol: @BO#C
2025-09-16 19:06:32,313 - INFO -   Date Range: 2015-01-01 to 2025-08-01
2025-09-16 19:06:32,313 - INFO -   Models: 150, Type: standard
2025-09-16 19:06:32,313 - INFO -   Folds: 15
2025-09-16 19:06:32,313 - INFO -   Max Features: 250 (Limited)
2025-09-16 19:06:32,313 - INFO -   Feature Selection: Enabled
2025-09-16 19:06:32,313 - INFO -   Inner Val Fraction: 0.2
2025-09-16 19:06:32,313 - INFO -   EWMA Alpha: 0.1, Quality Halflife: 63 days
2025-09-16 19:06:32,313 - INFO -   Signal Type: Tanh Normalized
2025-09-16 19:06:32,313 - INFO -   Cross-validation: Expanding window
2025-09-16 19:06:32,313 - INFO -   Production: Cutoff=0.6, Top N=8, Q-Metric=sharpe
2025-09-16 19:06:32,313 - INFO -   Reselection: Every 1 fold(s)
2025-09-16 19:06:32,313 - INFO -   COVID Period: SKIPPED (Mar 2020 - May 2020 excluded from backtest PnL)
2025-09-16 19:06:32,314 - INFO - 
2025-09-16 19:06:41,415 - INFO - Dropped 75 rows due to NaN in target column @BO#C_target_return
2025-09-16 19:06:41,574 - INFO - Loaded: X=(2660, 1906), y=(2660,)
