2025-09-16 23:34:35,235 - INFO - ================================================================================
2025-09-16 23:34:35,235 - INFO - XGBoost Comparison Framework
2025-09-16 23:34:35,235 - INFO - ================================================================================
2025-09-16 23:34:35,235 - INFO - Configuration:
2025-09-16 23:34:35,235 - INFO -   Target Symbol: @EU#C
2025-09-16 23:34:35,235 - INFO -   Date Range: 2015-01-01 to 2025-08-01
2025-09-16 23:34:35,235 - INFO -   Models: 100, Type: standard
2025-09-16 23:34:35,235 - INFO -   Folds: 15
2025-09-16 23:34:35,235 - INFO -   Max Features: 100 (Limited)
2025-09-16 23:34:35,235 - INFO -   Feature Selection: Enabled
2025-09-16 23:34:35,235 - INFO -   Inner Val Fraction: 0.2
2025-09-16 23:34:35,235 - INFO -   EWMA Alpha: 0.1, Quality Halflife: 63 days
2025-09-16 23:34:35,235 - INFO -   Signal Type: Binary (+1/-1)
2025-09-16 23:34:35,235 - INFO -   Cross-validation: Expanding window
2025-09-16 23:34:35,235 - INFO -   Production: Cutoff=0.6, Top N=5, Q-Metric=sharpe
2025-09-16 23:34:35,236 - INFO -   Reselection: Every 1 fold(s)
2025-09-16 23:34:35,236 - INFO - 
2025-09-16 23:34:49,933 - INFO - Dropped 3 rows due to NaN in target column @EU#C_target_return
2025-09-16 23:34:50,166 - INFO - Loaded: X=(2732, 1906), y=(2732,)
2025-09-16 23:35:33,282 - INFO - Selected 100 features (threshold: 0.7)
2025-09-16 23:35:33,296 - INFO - Selected: 100 features
2025-09-16 23:35:33,348 - INFO - GPU detection: XGBoost not compiled with CUDA support - using CPU
2025-09-16 23:35:33,348 - INFO - Processing mode: CPU multiprocessing (GPU: False, Total models: 1500)
2025-09-16 23:35:33,356 - INFO - GPU detection: XGBoost not compiled with CUDA support - using CPU
2025-09-16 23:35:33,358 - INFO - Using expanding window
2025-09-16 23:35:33,358 - INFO - Starting analysis: 100 standard models x 13 folds
2025-09-16 23:35:33,358 - INFO - Processing Fold 1/13
2025-09-16 23:35:33,365 - INFO -   Using multiprocessing with 9 workers
2025-09-16 23:37:18,058 - INFO - Fold 1 Summary:
2025-09-16 23:37:18,061 - INFO -   Best OOS Sharpe: M32 (3.279, p=0.000)
2025-09-16 23:37:18,061 - INFO -   Best Q-Sharpe:  M32 (3.279, OOS_Sharpe=3.279, OOS_Hit=0.571)
2025-09-16 23:37:18,061 - INFO -   Mean OOS Sharpe: 0.850, Mean Hit: 0.507
2025-09-16 23:37:18,061 - INFO - 
2025-09-16 23:37:18,084 - INFO - Stored 0 trained models for production export
2025-09-16 23:37:18,085 - INFO - Processing Fold 2/13
2025-09-16 23:37:18,123 - INFO -   Using multiprocessing with 9 workers
2025-09-16 23:40:41,923 - INFO - Fold 2 Summary:
2025-09-16 23:40:41,929 - INFO -   Best OOS Sharpe: M33 (4.051, p=0.000)
2025-09-16 23:40:41,929 - INFO -   Best Q-Sharpe:  M32 (3.267, OOS_Sharpe=3.162, OOS_Hit=0.544)
2025-09-16 23:40:41,929 - INFO -   Mean OOS Sharpe: 2.059, Mean Hit: 0.525
2025-09-16 23:40:41,930 - INFO - 
2025-09-16 23:40:41,956 - INFO - Stored 0 trained models for production export
2025-09-16 23:40:41,956 - INFO - Processing Fold 3/13
2025-09-16 23:40:41,995 - INFO -   Using multiprocessing with 9 workers
2025-09-16 23:44:17,863 - INFO - Fold 3 Summary:
2025-09-16 23:44:17,868 - INFO -   Best OOS Sharpe: M57 (3.092, p=0.020)
2025-09-16 23:44:17,869 - INFO -   Best Q-Sharpe:  M32 (3.072, OOS_Sharpe=1.312, OOS_Hit=0.533)
2025-09-16 23:44:17,869 - INFO -   Mean OOS Sharpe: 0.309, Mean Hit: 0.511
2025-09-16 23:44:17,869 - INFO - 
2025-09-16 23:44:17,898 - INFO - Stored 0 trained models for production export
2025-09-16 23:44:17,899 - INFO - Processing Fold 4/13
2025-09-16 23:44:17,932 - INFO -   Using multiprocessing with 9 workers
2025-09-16 23:48:01,223 - INFO - Fold 4 Summary:
2025-09-16 23:48:01,231 - INFO -   Best OOS Sharpe: M64 (4.350, p=0.000)
2025-09-16 23:48:01,232 - INFO -   Best Q-Sharpe:  M32 (3.049, OOS_Sharpe=2.850, OOS_Hit=0.500)
2025-09-16 23:48:01,232 - INFO -   Mean OOS Sharpe: 1.825, Mean Hit: 0.500
2025-09-16 23:48:01,232 - INFO - 
2025-09-16 23:48:01,255 - INFO - Stored 0 trained models for production export
2025-09-16 23:48:01,255 - INFO - Processing Fold 5/13
2025-09-16 23:48:01,283 - INFO -   Using multiprocessing with 9 workers
2025-09-16 23:51:32,775 - INFO - Fold 5 Summary:
2025-09-16 23:51:32,784 - INFO -   Best OOS Sharpe: M04 (4.359, p=0.000)
2025-09-16 23:51:32,784 - INFO -   Best Q-Sharpe:  M32 (3.013, OOS_Sharpe=2.682, OOS_Hit=0.555)
2025-09-16 23:51:32,784 - INFO -   Mean OOS Sharpe: 2.358, Mean Hit: 0.542
2025-09-16 23:51:32,784 - INFO - 
2025-09-16 23:51:32,811 - INFO - Stored 0 trained models for production export
2025-09-16 23:51:32,812 - INFO - Processing Fold 6/13
2025-09-16 23:51:32,845 - INFO -   Using multiprocessing with 9 workers
2025-09-16 23:55:40,145 - INFO - Fold 6 Summary:
2025-09-16 23:55:40,165 - INFO -   Best OOS Sharpe: M23 (4.332, p=0.000)
2025-09-16 23:55:40,165 - INFO -   Best Q-Sharpe:  M32 (3.024, OOS_Sharpe=3.125, OOS_Hit=0.582)
2025-09-16 23:55:40,165 - INFO -   Mean OOS Sharpe: 1.846, Mean Hit: 0.562
2025-09-16 23:55:40,166 - INFO - 
2025-09-16 23:55:40,306 - INFO - Stored 0 trained models for production export
2025-09-16 23:55:40,310 - INFO - Processing Fold 7/13
2025-09-16 23:55:40,638 - INFO -   Using multiprocessing with 9 workers
2025-09-16 23:59:56,967 - INFO - Fold 7 Summary:
2025-09-16 23:59:56,976 - INFO -   Best OOS Sharpe: M40 (2.074, p=0.120)
2025-09-16 23:59:56,976 - INFO -   Best Q-Sharpe:  M32 (2.746, OOS_Sharpe=0.248, OOS_Hit=0.478)
2025-09-16 23:59:56,976 - INFO -   Mean OOS Sharpe: -0.074, Mean Hit: 0.477
2025-09-16 23:59:56,976 - INFO - 
2025-09-16 23:59:57,033 - INFO - Stored 0 trained models for production export
2025-09-16 23:59:57,035 - INFO - Processing Fold 8/13
2025-09-16 23:59:57,105 - INFO -   Using multiprocessing with 9 workers
2025-09-17 00:04:43,429 - INFO - Fold 8 Summary:
2025-09-17 00:04:43,436 - INFO -   Best OOS Sharpe: M66 (2.713, p=0.040)
2025-09-17 00:04:43,436 - INFO -   Best Q-Sharpe:  M32 (2.612, OOS_Sharpe=1.405, OOS_Hit=0.577)
2025-09-17 00:04:43,436 - INFO -   Mean OOS Sharpe: -0.576, Mean Hit: 0.511
2025-09-17 00:04:43,436 - INFO - 
2025-09-17 00:04:43,498 - INFO - Stored 0 trained models for production export
2025-09-17 00:04:43,499 - INFO - Processing Fold 9/13
2025-09-17 00:04:43,539 - INFO -   Using multiprocessing with 9 workers
2025-09-17 00:09:46,723 - INFO - Fold 9 Summary:
2025-09-17 00:09:46,731 - INFO -   Best OOS Sharpe: M78 (3.950, p=0.000)
2025-09-17 00:09:46,732 - INFO -   Best Q-Sharpe:  M32 (2.462, OOS_Sharpe=1.110, OOS_Hit=0.522)
2025-09-17 00:09:46,732 - INFO -   Mean OOS Sharpe: 1.470, Mean Hit: 0.549
2025-09-17 00:09:46,732 - INFO - 
2025-09-17 00:09:46,789 - INFO - Stored 0 trained models for production export
2025-09-17 00:09:46,789 - INFO - Processing Fold 10/13
2025-09-17 00:09:46,837 - INFO -   Using multiprocessing with 9 workers
