2025-09-13 16:15:03,100 - INFO - ================================================================================
2025-09-13 16:15:03,101 - INFO - XGBoost Comparison Framework
2025-09-13 16:15:03,101 - INFO - ================================================================================
2025-09-13 16:15:03,101 - INFO - Configuration:
2025-09-13 16:15:03,101 - INFO -   Target Symbol: @EU#C
2025-09-13 16:15:03,101 - INFO -   Date Range: 2015-01-01 to 2025-08-01
2025-09-13 16:15:03,101 - INFO -   Models: 150, Type: standard
2025-09-13 16:15:03,101 - INFO -   Folds: 15
2025-09-13 16:15:03,101 - INFO -   Max Features: 250 (Limited)
2025-09-13 16:15:03,101 - INFO -   Feature Selection: Enabled
2025-09-13 16:15:03,101 - INFO -   Inner Val Fraction: 0.2
2025-09-13 16:15:03,101 - INFO -   EWMA Alpha: 0.1, Quality Halflife: 63 days
2025-09-13 16:15:03,101 - INFO -   Signal Type: Tanh Normalized
2025-09-13 16:15:03,101 - INFO -   Cross-validation: Expanding window
2025-09-13 16:15:03,101 - INFO -   Production: Cutoff=0.6, Top N=8, Q-Metric=hit_rate
2025-09-13 16:15:03,101 - INFO -   Reselection: Every 1 fold(s)
2025-09-13 16:15:03,101 - INFO - 
2025-09-13 16:15:10,213 - INFO - Dropped 3 rows due to NaN in target column @EU#C_target_return
2025-09-13 16:15:10,456 - INFO - Loaded: X=(2732, 1906), y=(2732,)
2025-09-13 16:15:39,552 - INFO - Selected 250 features (threshold: 0.7)
2025-09-13 16:15:39,565 - INFO - Selected: 250 features
2025-09-13 16:15:39,950 - INFO - GPU detection: CUDA GPU available and working
2025-09-13 16:15:39,951 - INFO - Processing mode: GPU sequential (GPU: True, Total models: 2250)
2025-09-13 16:15:40,191 - INFO - GPU detection: CUDA GPU available and working
2025-09-13 16:15:40,194 - INFO - Using expanding window
2025-09-13 16:15:40,194 - INFO - Starting analysis: 150 standard models x 13 folds
2025-09-13 16:15:40,194 - INFO - Processing Fold 1/13
2025-09-13 16:15:40,202 - INFO -   Using GPU sequential processing
2025-09-13 16:20:32,428 - INFO - Fold 1 Summary:
2025-09-13 16:20:32,451 - INFO -   Best OOS Sharpe: M49 (2.438, p=0.050)
2025-09-13 16:20:32,451 - INFO -   Best Q-Hit_Rate:  M17 (0.593, OOS_Sharpe=0.764, OOS_Hit=0.593)
2025-09-13 16:20:32,451 - INFO -   Mean OOS Sharpe: -0.099, Mean Hit: 0.504
2025-09-13 16:20:32,451 - INFO - 
2025-09-13 16:20:32,455 - INFO - Processing Fold 2/13
2025-09-13 16:20:32,463 - INFO -   Using GPU sequential processing
2025-09-13 16:25:47,466 - INFO - Fold 2 Summary:
2025-09-13 16:25:47,466 - INFO -   Best OOS Sharpe: M12 (4.240, p=0.000)
2025-09-13 16:25:47,467 - INFO -   Best Q-Hit_Rate:  M17 (0.587, OOS_Sharpe=0.606, OOS_Hit=0.533)
2025-09-13 16:25:47,467 - INFO -   Mean OOS Sharpe: 1.673, Mean Hit: 0.527
2025-09-13 16:25:47,467 - INFO - 
2025-09-13 16:25:47,471 - INFO - Processing Fold 3/13
2025-09-13 16:25:47,486 - INFO -   Using GPU sequential processing
2025-09-13 16:31:12,532 - INFO - Fold 3 Summary:
2025-09-13 16:31:12,533 - INFO -   Best OOS Sharpe: M132 (1.511, p=0.120)
2025-09-13 16:31:12,533 - INFO -   Best Q-Hit_Rate:  M17 (0.579, OOS_Sharpe=0.343, OOS_Hit=0.500)
2025-09-13 16:31:12,533 - INFO -   Mean OOS Sharpe: -0.710, Mean Hit: 0.478
2025-09-13 16:31:12,533 - INFO - 
2025-09-13 16:31:12,537 - INFO - Processing Fold 4/13
2025-09-13 16:31:12,547 - INFO -   Using GPU sequential processing
2025-09-13 16:36:46,790 - INFO - Fold 4 Summary:
2025-09-13 16:36:46,790 - INFO -   Best OOS Sharpe: M02 (3.651, p=0.000)
2025-09-13 16:36:46,790 - INFO -   Best Q-Hit_Rate:  M17 (0.576, OOS_Sharpe=1.817, OOS_Hit=0.555)
2025-09-13 16:36:46,790 - INFO -   Mean OOS Sharpe: 1.504, Mean Hit: 0.497
2025-09-13 16:36:46,790 - INFO - 
2025-09-13 16:36:46,795 - INFO - Processing Fold 5/13
2025-09-13 16:36:46,806 - INFO -   Using GPU sequential processing
2025-09-13 16:42:39,145 - INFO - Fold 5 Summary:
2025-09-13 16:42:39,145 - INFO -   Best OOS Sharpe: M76 (3.074, p=0.000)
2025-09-13 16:42:39,145 - INFO -   Best Q-Hit_Rate:  M17 (0.565, OOS_Sharpe=0.445, OOS_Hit=0.462)
2025-09-13 16:42:39,145 - INFO -   Mean OOS Sharpe: 0.675, Mean Hit: 0.496
2025-09-13 16:42:39,145 - INFO - 
2025-09-13 16:42:39,150 - INFO - Processing Fold 6/13
2025-09-13 16:42:39,159 - INFO -   Using GPU sequential processing
2025-09-13 16:48:36,859 - INFO - Fold 6 Summary:
2025-09-13 16:48:36,859 - INFO -   Best OOS Sharpe: M140 (4.549, p=0.000)
2025-09-13 16:48:36,859 - INFO -   Best Q-Hit_Rate:  M17 (0.565, OOS_Sharpe=2.847, OOS_Hit=0.566)
2025-09-13 16:48:36,859 - INFO -   Mean OOS Sharpe: 2.145, Mean Hit: 0.550
2025-09-13 16:48:36,859 - INFO - 
2025-09-13 16:48:36,863 - INFO - Processing Fold 7/13
2025-09-13 16:48:36,872 - INFO -   Using GPU sequential processing
2025-09-13 16:53:57,145 - INFO - Fold 7 Summary:
2025-09-13 16:53:57,145 - INFO -   Best OOS Sharpe: M100 (2.327, p=0.040)
2025-09-13 16:53:57,145 - INFO -   Best Q-Hit_Rate:  M17 (0.562, OOS_Sharpe=2.024, OOS_Hit=0.533)
2025-09-13 16:53:57,145 - INFO -   Mean OOS Sharpe: 0.822, Mean Hit: 0.495
2025-09-13 16:53:57,145 - INFO - 
2025-09-13 16:53:57,151 - INFO - Processing Fold 8/13
2025-09-13 16:53:57,161 - INFO -   Using GPU sequential processing
2025-09-13 16:59:22,916 - INFO - Fold 8 Summary:
2025-09-13 16:59:22,916 - INFO -   Best OOS Sharpe: M57 (2.190, p=0.030)
2025-09-13 16:59:22,916 - INFO -   Best Q-Hit_Rate:  M17 (0.555, OOS_Sharpe=-0.794, OOS_Hit=0.495)
2025-09-13 16:59:22,916 - INFO -   Mean OOS Sharpe: -0.424, Mean Hit: 0.493
2025-09-13 16:59:22,916 - INFO - 
2025-09-13 16:59:22,922 - INFO - Processing Fold 9/13
2025-09-13 16:59:22,933 - INFO -   Using GPU sequential processing
2025-09-13 17:04:50,935 - INFO - Fold 9 Summary:
2025-09-13 17:04:50,935 - INFO -   Best OOS Sharpe: M147 (4.130, p=0.000)
2025-09-13 17:04:50,935 - INFO -   Best Q-Hit_Rate:  M17 (0.553, OOS_Sharpe=0.629, OOS_Hit=0.538)
2025-09-13 17:04:50,935 - INFO -   Mean OOS Sharpe: 1.853, Mean Hit: 0.558
2025-09-13 17:04:50,935 - INFO - 
2025-09-13 17:04:50,941 - INFO - Processing Fold 10/13
2025-09-13 17:04:50,966 - INFO -   Using GPU sequential processing
2025-09-13 17:10:24,608 - INFO - Fold 10 Summary:
2025-09-13 17:10:24,638 - INFO -   Best OOS Sharpe: M102 (3.038, p=0.010)
2025-09-13 17:10:24,638 - INFO -   Best Q-Hit_Rate:  M17 (0.547, OOS_Sharpe=0.502, OOS_Hit=0.489)
2025-09-13 17:10:24,638 - INFO -   Mean OOS Sharpe: 1.010, Mean Hit: 0.491
2025-09-13 17:10:24,639 - INFO - 
2025-09-13 17:10:24,645 - INFO - Processing Fold 11/13
2025-09-13 17:10:24,667 - INFO -   Using GPU sequential processing
2025-09-13 17:16:06,491 - INFO - Fold 11 Summary:
2025-09-13 17:16:06,491 - INFO -   Best OOS Sharpe: M14 (2.839, p=0.020)
2025-09-13 17:16:06,491 - INFO -   Best Q-Hit_Rate:  M14 (0.542, OOS_Sharpe=2.839, OOS_Hit=0.593)
2025-09-13 17:16:06,491 - INFO -   Mean OOS Sharpe: 0.588, Mean Hit: 0.512
2025-09-13 17:16:06,491 - INFO - 
2025-09-13 17:16:06,495 - INFO - Processing Fold 12/13
2025-09-13 17:16:06,505 - INFO -   Using GPU sequential processing
2025-09-13 17:21:54,150 - INFO - Fold 12 Summary:
2025-09-13 17:21:54,150 - INFO -   Best OOS Sharpe: M15 (2.207, p=0.090)
2025-09-13 17:21:54,150 - INFO -   Best Q-Hit_Rate:  M14 (0.541, OOS_Sharpe=0.413, OOS_Hit=0.533)
2025-09-13 17:21:54,150 - INFO -   Mean OOS Sharpe: -0.377, Mean Hit: 0.499
2025-09-13 17:21:54,150 - INFO - 
2025-09-13 17:21:54,156 - INFO - Processing Fold 13/13
2025-09-13 17:21:54,166 - INFO -   Using GPU sequential processing
2025-09-13 17:26:51,817 - INFO - Fold 13 Summary:
2025-09-13 17:26:51,817 - INFO -   Best OOS Sharpe: M75 (3.159, p=0.000)
2025-09-13 17:26:51,818 - INFO -   Best Q-Hit_Rate:  M14 (0.538, OOS_Sharpe=0.691, OOS_Hit=0.516)
2025-09-13 17:26:51,818 - INFO -   Mean OOS Sharpe: 1.212, Mean Hit: 0.539
2025-09-13 17:26:51,818 - INFO - 
2025-09-13 17:26:51,824 - INFO - Starting full timeline backtesting...
2025-09-13 17:26:51,824 - INFO - Running full timeline backtest with 13 folds (0-based indexing)
2025-09-13 17:26:51,824 - INFO - Fold 0 skipped (no prior Q-score history for meaningful selection)
2025-09-13 17:26:51,824 - INFO - Effective backtest period: Folds 1-12 (12 folds)
2025-09-13 17:26:51,824 - INFO - Training period: Folds 1-7
2025-09-13 17:26:51,824 - INFO - Production period: Folds 8-12
2025-09-13 17:26:51,824 - INFO - Using consistent OOS methodology for all folds
2025-09-13 17:26:51,824 - INFO - Fold 0: Skipped (no prior Q-score history for meaningful selection)
2025-09-13 17:26:51,825 - INFO - 
--- Processing fold 1/12 ---
2025-09-13 17:26:51,860 - INFO - Fold 1: Q-scores from fold 0: ['M00:0.555', 'M01:0.527', 'M02:0.516', 'M03:0.489', 'M04:0.522']...
2025-09-13 17:26:51,860 - INFO - Fold 1: Selected models [17, 24, 14, 40, 73, 125, 70, 0] based on fold 0 Q-scores, avg Q-score: 0.569
2025-09-13 17:26:51,861 - INFO - Fold 1 (Training): Sharpe=1.323, Hit=51.6%
2025-09-13 17:26:51,861 - INFO - 
--- Processing fold 2/12 ---
2025-09-13 17:26:51,886 - INFO - Fold 2: Q-scores from fold 1: ['M00:0.549', 'M01:0.531', 'M02:0.519', 'M03:0.487', 'M04:0.526']...
2025-09-13 17:26:51,886 - INFO - Fold 2: Selected models [17, 24, 73, 40, 125, 14, 83, 70] based on fold 1 Q-scores, avg Q-score: 0.564
2025-09-13 17:26:51,888 - INFO - Fold 2 (Training): Sharpe=-1.183, Hit=47.8%
2025-09-13 17:26:51,888 - INFO - 
--- Processing fold 3/12 ---
2025-09-13 17:26:51,920 - INFO - Fold 3: Q-scores from fold 2: ['M00:0.541', 'M01:0.521', 'M02:0.511', 'M03:0.491', 'M04:0.522']...
2025-09-13 17:26:51,921 - INFO - Fold 3: Selected models [17, 24, 73, 14, 40, 125, 83, 49] based on fold 2 Q-scores, avg Q-score: 0.557
2025-09-13 17:26:51,922 - INFO - Fold 3 (Training): Sharpe=2.201, Hit=50.5%
2025-09-13 17:26:51,922 - INFO - 
--- Processing fold 4/12 ---
2025-09-13 17:26:51,953 - INFO - Fold 4: Q-scores from fold 3: ['M00:0.533', 'M01:0.518', 'M02:0.513', 'M03:0.494', 'M04:0.520']...
2025-09-13 17:26:51,954 - INFO - Fold 4: Selected models [17, 24, 73, 40, 125, 14, 49, 83] based on fold 3 Q-scores, avg Q-score: 0.552
2025-09-13 17:26:51,955 - INFO - Fold 4 (Training): Sharpe=1.515, Hit=51.6%
2025-09-13 17:26:51,955 - INFO - 
--- Processing fold 5/12 ---
2025-09-13 17:26:51,987 - INFO - Fold 5: Q-scores from fold 4: ['M00:0.529', 'M01:0.513', 'M02:0.514', 'M03:0.489', 'M04:0.517']...
2025-09-13 17:26:51,987 - INFO - Fold 5: Selected models [17, 24, 73, 40, 14, 49, 83, 110] based on fold 4 Q-scores, avg Q-score: 0.546
2025-09-13 17:26:51,989 - INFO - Fold 5 (Training): Sharpe=3.406, Hit=55.5%
2025-09-13 17:26:51,989 - INFO - 
--- Processing fold 6/12 ---
2025-09-13 17:26:52,021 - INFO - Fold 6: Q-scores from fold 5: ['M00:0.527', 'M01:0.516', 'M02:0.512', 'M03:0.492', 'M04:0.518']...
2025-09-13 17:26:52,021 - INFO - Fold 6: Selected models [17, 24, 49, 73, 14, 140, 83, 51] based on fold 5 Q-scores, avg Q-score: 0.546
2025-09-13 17:26:52,023 - INFO - Fold 6 (Training): Sharpe=1.273, Hit=51.6%
2025-09-13 17:26:52,023 - INFO - 
--- Processing fold 7/12 ---
2025-09-13 17:26:52,058 - INFO - Fold 7: Q-scores from fold 6: ['M00:0.518', 'M01:0.511', 'M02:0.511', 'M03:0.495', 'M04:0.514']...
2025-09-13 17:26:52,059 - INFO - Fold 7: Selected models [17, 24, 49, 73, 14, 70, 51, 83] based on fold 6 Q-scores, avg Q-score: 0.541
2025-09-13 17:26:52,060 - INFO - Fold 7 (Training): Sharpe=-0.195, Hit=50.5%
2025-09-13 17:26:52,060 - INFO - 
--- Processing fold 8/12 ---
2025-09-13 17:26:52,098 - INFO - Fold 8: Q-scores from fold 7: ['M00:0.519', 'M01:0.510', 'M02:0.508', 'M03:0.495', 'M04:0.519']...
2025-09-13 17:26:52,098 - INFO - Fold 8: Selected models [17, 24, 49, 73, 14, 110, 70, 40] based on fold 7 Q-scores, avg Q-score: 0.539
2025-09-13 17:26:52,101 - INFO - Fold 8 (Production): Sharpe=2.282, Hit=56.6%
2025-09-13 17:26:52,101 - INFO - 
--- Processing fold 9/12 ---
2025-09-13 17:26:52,138 - INFO - Fold 9: Q-scores from fold 8: ['M00:0.517', 'M01:0.514', 'M02:0.505', 'M03:0.505', 'M04:0.519']...
2025-09-13 17:26:52,138 - INFO - Fold 9: Selected models [17, 73, 14, 110, 70, 24, 51, 40] based on fold 8 Q-scores, avg Q-score: 0.539
2025-09-13 17:26:52,139 - INFO - Fold 9 (Production): Sharpe=1.453, Hit=51.1%
2025-09-13 17:26:52,140 - INFO - 
--- Processing fold 10/12 ---
2025-09-13 17:26:52,178 - INFO - Fold 10: Q-scores from fold 9: ['M00:0.510', 'M01:0.509', 'M02:0.510', 'M03:0.503', 'M04:0.520']...
2025-09-13 17:26:52,178 - INFO - Fold 10: Selected models [17, 110, 70, 73, 14, 40, 49, 23] based on fold 9 Q-scores, avg Q-score: 0.536
2025-09-13 17:26:52,179 - INFO - Fold 10 (Production): Sharpe=1.940, Hit=54.4%
2025-09-13 17:26:52,179 - INFO - 
--- Processing fold 11/12 ---
2025-09-13 17:26:52,215 - INFO - Fold 11: Q-scores from fold 10: ['M00:0.506', 'M01:0.509', 'M02:0.511', 'M03:0.500', 'M04:0.524']...
2025-09-13 17:26:52,216 - INFO - Fold 11: Selected models [14, 17, 73, 49, 70, 110, 40, 51] based on fold 10 Q-scores, avg Q-score: 0.535
2025-09-13 17:26:52,217 - INFO - Fold 11 (Production): Sharpe=-0.664, Hit=52.7%
2025-09-13 17:26:52,217 - INFO - 
--- Processing fold 12/12 ---
2025-09-13 17:26:52,256 - INFO - Fold 12: Q-scores from fold 11: ['M00:0.508', 'M01:0.508', 'M02:0.508', 'M03:0.495', 'M04:0.518']...
2025-09-13 17:26:52,256 - INFO - Fold 12: Selected models [14, 73, 49, 70, 17, 110, 45, 44] based on fold 11 Q-scores, avg Q-score: 0.532
2025-09-13 17:26:52,257 - INFO - Fold 12 (Production): Sharpe=1.894, Hit=56.5%
2025-09-13 17:26:52,259 - INFO - Training Period Overall: Sharpe=1.272, Hit=51.3%
2025-09-13 17:26:52,260 - INFO - Production Period Overall: Sharpe=1.506, Hit=54.3%
2025-09-13 17:26:52,261 - INFO - Full Timeline Overall: Sharpe=1.367, Hit=52.6%
2025-09-13 17:26:52,261 - INFO - Training: Sharpe=1.272 | Hit=51.3% | Return=3.11%
2025-09-13 17:26:52,262 - INFO - Production: Sharpe=1.506 | Hit=54.3% | Return=5.39%
2025-09-13 17:26:52,262 - INFO - Full Timeline: Sharpe=1.367 | Hit=52.6% | Return=4.06%
2025-09-13 17:26:52,262 - INFO - Generating visualizations...
2025-09-13 17:26:52,262 - INFO - Creating clean visualizations for 150 models...
2025-09-13 17:26:55,594 - INFO - Clean fold-by-fold analysis saved to: 20250913_161503_fold_@EU#C_150models_15folds_v2_H5.5_EU_optimal_150M.png
2025-09-13 17:26:58,850 - INFO - Detailed production analysis saved to: 20250913_161503_backtest_@EU#C_150models_15folds_v2_H5.5_EU_optimal_150M.png
2025-09-13 17:26:58,850 - INFO - ================================================================================
2025-09-13 17:26:58,850 - INFO - BACKTEST SUMMARY
2025-09-13 17:26:58,850 - INFO - ================================================================================
2025-09-13 17:26:58,850 - INFO - Config: Cutoff=70%, Top N=5, Q-Metric=sharpe, Reselection=1 fold(s)
2025-09-13 17:26:58,850 - INFO - Model Selection History:
2025-09-13 17:26:58,851 - INFO -   Fold 1: M17, M24, M14, M40, M73, M125, M70, M00 (Avg Q-sharpe: 0.569)
2025-09-13 17:26:58,851 - INFO -   Fold 2: M17, M24, M73, M40, M125, M14, M83, M70 (Avg Q-sharpe: 0.564)
2025-09-13 17:26:58,851 - INFO -   Fold 3: M17, M24, M73, M14, M40, M125, M83, M49 (Avg Q-sharpe: 0.557)
2025-09-13 17:26:58,851 - INFO -   Fold 4: M17, M24, M73, M40, M125, M14, M49, M83 (Avg Q-sharpe: 0.552)
2025-09-13 17:26:58,851 - INFO -   Fold 5: M17, M24, M73, M40, M14, M49, M83, M110 (Avg Q-sharpe: 0.546)
2025-09-13 17:26:58,851 - INFO -   Fold 6: M17, M24, M49, M73, M14, M140, M83, M51 (Avg Q-sharpe: 0.546)
2025-09-13 17:26:58,851 - INFO -   Fold 7: M17, M24, M49, M73, M14, M70, M51, M83 (Avg Q-sharpe: 0.541)
2025-09-13 17:26:58,851 - INFO -   Fold 8: M17, M24, M49, M73, M14, M110, M70, M40 (Avg Q-sharpe: 0.539)
2025-09-13 17:26:58,851 - INFO -   Fold 9: M17, M73, M14, M110, M70, M24, M51, M40 (Avg Q-sharpe: 0.539)
2025-09-13 17:26:58,851 - INFO -   Fold 10: M17, M110, M70, M73, M14, M40, M49, M23 (Avg Q-sharpe: 0.536)
2025-09-13 17:26:58,851 - INFO -   Fold 11: M14, M17, M73, M49, M70, M110, M40, M51 (Avg Q-sharpe: 0.535)
2025-09-13 17:26:58,851 - INFO -   Fold 12: M14, M73, M49, M70, M17, M110, M45, M44 (Avg Q-sharpe: 0.532)
2025-09-13 17:26:58,851 - INFO - 
2025-09-13 17:26:58,851 - INFO - Fold-by-Fold Performance:
2025-09-13 17:26:58,851 - INFO -   Fold 1: M17, M24, M14, M40, M73, M125, M70, M00 | Sharpe=1.323 | Hit=51.6% | Samples=182
2025-09-13 17:26:58,851 - INFO -   Fold 2: M17, M24, M73, M40, M125, M14, M83, M70 | Sharpe=-1.183 | Hit=47.8% | Samples=182
2025-09-13 17:26:58,851 - INFO -   Fold 3: M17, M24, M73, M14, M40, M125, M83, M49 | Sharpe=2.201 | Hit=50.5% | Samples=182
2025-09-13 17:26:58,851 - INFO -   Fold 4: M17, M24, M73, M40, M125, M14, M49, M83 | Sharpe=1.515 | Hit=51.6% | Samples=182
2025-09-13 17:26:58,851 - INFO -   Fold 5: M17, M24, M73, M40, M14, M49, M83, M110 | Sharpe=3.406 | Hit=55.5% | Samples=182
2025-09-13 17:26:58,851 - INFO -   Fold 6: M17, M24, M49, M73, M14, M140, M83, M51 | Sharpe=1.273 | Hit=51.6% | Samples=182
2025-09-13 17:26:58,851 - INFO -   Fold 7: M17, M24, M49, M73, M14, M70, M51, M83 | Sharpe=-0.195 | Hit=50.5% | Samples=182
2025-09-13 17:26:58,851 - INFO -   Fold 8: M17, M24, M49, M73, M14, M110, M70, M40 | Sharpe=2.282 | Hit=56.6% | Samples=182
2025-09-13 17:26:58,851 - INFO -   Fold 9: M17, M73, M14, M110, M70, M24, M51, M40 | Sharpe=1.453 | Hit=51.1% | Samples=182
2025-09-13 17:26:58,851 - INFO -   Fold 10: M17, M110, M70, M73, M14, M40, M49, M23 | Sharpe=1.940 | Hit=54.4% | Samples=182
2025-09-13 17:26:58,851 - INFO -   Fold 11: M14, M17, M73, M49, M70, M110, M40, M51 | Sharpe=-0.664 | Hit=52.7% | Samples=182
2025-09-13 17:26:58,851 - INFO -   Fold 12: M14, M73, M49, M70, M17, M110, M45, M44 | Sharpe=1.894 | Hit=56.5% | Samples=184
2025-09-13 17:26:58,851 - INFO - ================================================================================
2025-09-13 17:26:58,851 - INFO - ================================================================================
2025-09-13 17:26:58,851 - INFO - ANALYSIS COMPLETED SUCCESSFULLY!
2025-09-13 17:26:58,852 - INFO - ================================================================================
2025-09-13 17:26:58,852 - INFO - Generated 2 visualization files
2025-09-13 17:26:58,852 - INFO -   - 20250913_161503_fold_@EU#C_150models_15folds_v2_H5.5_EU_optimal_150M.png
2025-09-13 17:26:58,852 - INFO -   - 20250913_161503_backtest_@EU#C_150models_15folds_v2_H5.5_EU_optimal_150M.png
2025-09-13 17:26:58,852 - INFO - Training Final: Sharpe=1.272 | Hit=51.3% | Return=3.11% | CB=0.836
2025-09-13 17:26:58,852 - INFO - Production Final: Sharpe=1.506 | Hit=54.3% | Return=5.39% | CB=1.367
2025-09-13 17:26:58,852 - INFO - Full Timeline Final: Sharpe=1.367 | Hit=52.6% | Return=4.06% | CB=1.030
