2025-09-17 15:53:02,179 - INFO - ================================================================================
2025-09-17 15:53:02,179 - INFO - XGBoost Comparison Framework
2025-09-17 15:53:02,179 - INFO - ================================================================================
2025-09-17 15:53:02,179 - INFO - Configuration:
2025-09-17 15:53:02,179 - INFO -   Target Symbol: @BP#C
2025-09-17 15:53:02,179 - INFO -   Date Range: 2015-01-01 to 2025-08-01
2025-09-17 15:53:02,179 - INFO -   Models: 100, Type: standard
2025-09-17 15:53:02,179 - INFO -   Folds: 15
2025-09-17 15:53:02,179 - INFO -   Max Features: 100 (Limited)
2025-09-17 15:53:02,179 - INFO -   Feature Selection: Enabled
2025-09-17 15:53:02,179 - INFO -   Inner Val Fraction: 0.2
2025-09-17 15:53:02,179 - INFO -   EWMA Alpha: 0.1, Quality Halflife: 63 days
2025-09-17 15:53:02,179 - INFO -   Signal Type: Binary (+1/-1)
2025-09-17 15:53:02,179 - INFO -   Cross-validation: Expanding window
2025-09-17 15:53:02,179 - INFO -   Production: Cutoff=0.6, Top N=5, Q-Metric=sharpe
2025-09-17 15:53:02,179 - INFO -   Reselection: Every 1 fold(s)
2025-09-17 15:53:02,179 - INFO - 
2025-09-17 15:53:07,546 - INFO - Dropped 3 rows due to NaN in target column @BP#C_target_return
2025-09-17 15:53:07,650 - INFO - Loaded: X=(2732, 1906), y=(2732,)
2025-09-17 15:54:52,470 - INFO - Selected 100 features (threshold: 0.7)
2025-09-17 15:54:52,668 - INFO - Selected: 100 features
2025-09-17 15:54:53,063 - INFO - GPU detection: XGBoost not compiled with CUDA support - using CPU
2025-09-17 15:54:53,065 - INFO - Processing mode: CPU multiprocessing (GPU: False, Total models: 1500)
2025-09-17 15:54:53,077 - INFO - GPU detection: XGBoost not compiled with CUDA support - using CPU
2025-09-17 15:54:53,100 - INFO - Using expanding window
2025-09-17 15:54:53,101 - INFO - Starting analysis: 100 standard models x 13 folds
2025-09-17 15:54:53,101 - INFO - Processing Fold 1/13
2025-09-17 15:54:53,108 - INFO -   Using multiprocessing with 9 workers
