2025-09-12 18:54:35,196 - INFO - ================================================================================
2025-09-12 18:54:35,196 - INFO - XGBoost Comparison Framework
2025-09-12 18:54:35,196 - INFO - ================================================================================
2025-09-12 18:54:35,197 - INFO - Configuration:
2025-09-12 18:54:35,197 - INFO -   Target Symbol: @EU#C
2025-09-12 18:54:35,197 - INFO -   Date Range: 2015-01-01 to 2025-08-01
2025-09-12 18:54:35,197 - INFO -   Models: 100, Type: standard
2025-09-12 18:54:35,197 - INFO -   Folds: 8
2025-09-12 18:54:35,197 - INFO -   Max Features: 100 (Limited)
2025-09-12 18:54:35,197 - INFO -   Feature Selection: Enabled
2025-09-12 18:54:35,197 - INFO -   Inner Val Fraction: 0.2
2025-09-12 18:54:35,197 - INFO -   EWMA Alpha: 0.1, Quality Halflife: 63 days
2025-09-12 18:54:35,197 - INFO -   Signal Type: Binary (+1/-1)
2025-09-12 18:54:35,197 - INFO -   Cross-validation: Expanding window
2025-09-12 18:54:35,197 - INFO -   Production: Cutoff=0.6, Top N=5, Q-Metric=hit_rate
2025-09-12 18:54:35,197 - INFO -   Reselection: Every 1 fold(s)
2025-09-12 18:54:35,197 - INFO - 
2025-09-12 18:54:47,477 - INFO - Loaded: X=(2735, 1906), y=(2735,)
2025-09-12 18:55:31,241 - INFO - Selected 100 features (threshold: 0.7)
2025-09-12 18:55:31,252 - INFO - Selected: 100 features
2025-09-12 18:55:31,673 - INFO - GPU detection: CUDA GPU available and working
2025-09-12 18:55:31,674 - INFO - Processing mode: GPU sequential (GPU: True, Total models: 800)
2025-09-12 18:55:31,754 - INFO - GPU detection: CUDA GPU available and working
2025-09-12 18:55:31,767 - INFO - Using expanding window
2025-09-12 18:55:31,768 - INFO - Starting analysis: 100 standard models x 7 folds
2025-09-12 18:55:31,768 - INFO - Processing Fold 1/7
2025-09-12 18:55:31,772 - INFO -   Using GPU sequential processing
