2025-09-17 16:48:49,367 - INFO - ================================================================================
2025-09-17 16:48:49,367 - INFO - XGBoost Comparison Framework
2025-09-17 16:48:49,367 - INFO - ================================================================================
2025-09-17 16:48:49,367 - INFO - Configuration:
2025-09-17 16:48:49,367 - INFO -   Target Symbol: @FV#C
2025-09-17 16:48:49,367 - INFO -   Date Range: 2015-01-01 to 2025-08-01
2025-09-17 16:48:49,367 - INFO -   Models: 100, Type: standard
2025-09-17 16:48:49,367 - INFO -   Folds: 15
2025-09-17 16:48:49,367 - INFO -   Max Features: 100 (Limited)
2025-09-17 16:48:49,367 - INFO -   Feature Selection: Enabled
2025-09-17 16:48:49,367 - INFO -   Inner Val Fraction: 0.2
2025-09-17 16:48:49,367 - INFO -   EWMA Alpha: 0.1, Quality Halflife: 63 days
2025-09-17 16:48:49,367 - INFO -   Signal Type: Binary (+1/-1)
2025-09-17 16:48:49,368 - INFO -   Cross-validation: Expanding window
2025-09-17 16:48:49,368 - INFO -   Production: Cutoff=0.6, Top N=5, Q-Metric=sharpe
2025-09-17 16:48:49,368 - INFO -   Reselection: Every 1 fold(s)
2025-09-17 16:48:49,368 - INFO - 
2025-09-17 16:48:54,248 - INFO - Dropped 4 rows due to NaN in target column @FV#C_target_return
2025-09-17 16:48:54,346 - INFO - Loaded: X=(2731, 1906), y=(2731,)
2025-09-17 16:49:29,010 - INFO - Selected 100 features (threshold: 0.7)
2025-09-17 16:49:29,021 - INFO - Selected: 100 features
2025-09-17 16:49:29,056 - INFO - GPU detection: XGBoost not compiled with CUDA support - using CPU
2025-09-17 16:49:29,056 - INFO - Processing mode: CPU multiprocessing (GPU: False, Total models: 1500)
2025-09-17 16:49:29,061 - INFO - GPU detection: XGBoost not compiled with CUDA support - using CPU
2025-09-17 16:49:29,062 - INFO - Using expanding window
2025-09-17 16:49:29,063 - INFO - Starting analysis: 100 standard models x 13 folds
2025-09-17 16:49:29,063 - INFO - Processing Fold 1/13
2025-09-17 16:49:29,067 - INFO -   Using multiprocessing with 9 workers
2025-09-17 16:49:45,680 - INFO - Fold 1 Summary:
2025-09-17 16:49:45,680 - INFO -   Best OOS Sharpe: M23 (3.420, p=0.000)
2025-09-17 16:49:45,680 - INFO -   Best Q-Sharpe:  M23 (3.420, OOS_Sharpe=3.420, OOS_Hit=0.560)
2025-09-17 16:49:45,680 - INFO -   Mean OOS Sharpe: 0.662, Mean Hit: 0.497
2025-09-17 16:49:45,680 - INFO - 
2025-09-17 16:49:45,685 - INFO - Stored 100 trained models for production export
2025-09-17 16:49:45,685 - INFO - Processing Fold 2/13
2025-09-17 16:49:45,690 - INFO -   Using multiprocessing with 9 workers
