2025-09-12 01:46:50,532 - INFO - ================================================================================
2025-09-12 01:46:50,532 - INFO - XGBoost Comparison Framework
2025-09-12 01:46:50,532 - INFO - ================================================================================
2025-09-12 01:46:50,532 - INFO - Configuration:
2025-09-12 01:46:50,532 - INFO -   Target Symbol: @ES#C
2025-09-12 01:46:50,532 - INFO -   Date Range: 2015-01-01 to 2025-08-01
2025-09-12 01:46:50,532 - INFO -   Models: 50, Type: standard
2025-09-12 01:46:50,532 - INFO -   Folds: 8
2025-09-12 01:46:50,533 - INFO -   Max Features: 250 (Limited)
2025-09-12 01:46:50,533 - INFO -   Feature Selection: Enabled
2025-09-12 01:46:50,533 - INFO -   Inner Val Fraction: 0.2
2025-09-12 01:46:50,533 - INFO -   EWMA Alpha: 0.1, Quality Halflife: 63 days
2025-09-12 01:46:50,533 - INFO -   Signal Type: Tanh Normalized
2025-09-12 01:46:50,533 - INFO -   Cross-validation: Expanding window
2025-09-12 01:46:50,533 - INFO -   Production: Cutoff=0.6, Top N=2, Q-Metric=hit_rate
2025-09-12 01:46:50,533 - INFO -   Reselection: Every 1 fold(s)
2025-09-12 01:46:50,533 - INFO - 
2025-09-12 01:47:12,881 - INFO - Loaded: X=(2735, 1906), y=(2735,)
2025-09-12 01:49:16,777 - INFO - Selected 250 features (threshold: 0.7)
2025-09-12 01:49:17,136 - INFO - Selected: 250 features
2025-09-12 01:49:17,568 - INFO - GPU detection: XGBoost not compiled with CUDA support - using CPU
2025-09-12 01:49:17,568 - INFO - Processing mode: CPU multiprocessing (GPU: False, Total models: 400)
2025-09-12 01:49:17,586 - INFO - GPU detection: XGBoost not compiled with CUDA support - using CPU
2025-09-12 01:49:17,589 - INFO - Using expanding window
2025-09-12 01:49:17,593 - INFO - Starting analysis: 50 standard models x 7 folds
2025-09-12 01:49:17,593 - INFO - Processing Fold 1/7
2025-09-12 01:49:17,611 - INFO -   Using multiprocessing with 9 workers
2025-09-12 01:52:48,760 - INFO - Fold 1 Summary:
2025-09-12 01:52:48,763 - INFO -   Best OOS Sharpe: M44 (1.573, p=0.120)
2025-09-12 01:52:48,764 - INFO -   Best Q-Hit_Rate:  M18 (0.544, OOS_Sharpe=0.028, OOS_Hit=0.544)
2025-09-12 01:52:48,764 - INFO -   Mean OOS Sharpe: -0.014, Mean Hit: 0.500
2025-09-12 01:52:48,764 - INFO - 
2025-09-12 01:52:48,815 - INFO - Processing Fold 2/7
2025-09-12 01:52:48,919 - INFO -   Using multiprocessing with 9 workers
