2025-09-13 08:17:09,225 - INFO - ================================================================================
2025-09-13 08:17:09,225 - INFO - XGBoost Comparison Framework
2025-09-13 08:17:09,225 - INFO - ================================================================================
2025-09-13 08:17:09,225 - INFO - Configuration:
2025-09-13 08:17:09,225 - INFO -   Target Symbol: @ES#C
2025-09-13 08:17:09,226 - INFO -   Date Range: 2015-01-01 to 2025-08-01
2025-09-13 08:17:09,226 - INFO -   Models: 100, Type: deep
2025-09-13 08:17:09,226 - INFO -   Folds: 15
2025-09-13 08:17:09,226 - INFO -   Max Features: -1 (Auto)
2025-09-13 08:17:09,226 - INFO -   Feature Selection: Enabled
2025-09-13 08:17:09,226 - INFO -   Inner Val Fraction: 0.2
2025-09-13 08:17:09,226 - INFO -   EWMA Alpha: 0.1, Quality Halflife: 63 days
2025-09-13 08:17:09,226 - INFO -   Signal Type: Tanh Normalized
2025-09-13 08:17:09,226 - INFO -   Cross-validation: Expanding window
2025-09-13 08:17:09,226 - INFO -   Production: Cutoff=0.6, Top N=5, Q-Metric=sharpe
2025-09-13 08:17:09,226 - INFO -   Reselection: Every 1 fold(s)
2025-09-13 08:17:09,226 - INFO - 
2025-09-13 08:17:15,691 - INFO - Dropped 8 rows due to NaN in target column @ES#C_target_return
2025-09-13 08:17:15,913 - INFO - Loaded: X=(2727, 1906), y=(2727,)
2025-09-13 08:17:43,164 - INFO - Selected 746 features (threshold: 0.7)
2025-09-13 08:17:43,186 - INFO - Selected: 746 features
2025-09-13 08:17:45,021 - INFO - GPU detection: CUDA GPU available and working
2025-09-13 08:17:45,021 - INFO - Processing mode: GPU sequential (GPU: True, Total models: 1500)
2025-09-13 08:17:46,041 - INFO - GPU detection: CUDA GPU available and working
2025-09-13 08:17:46,048 - INFO - Using expanding window
2025-09-13 08:17:46,048 - INFO - Starting analysis: 100 deep models x 13 folds
2025-09-13 08:17:46,049 - INFO - Processing Fold 1/13
2025-09-13 08:17:46,225 - INFO -   Using GPU sequential processing
2025-09-13 08:32:31,021 - INFO - Fold 1 Summary:
2025-09-13 08:32:31,021 - INFO -   Best OOS Sharpe: M27 (2.191, p=0.040)
2025-09-13 08:32:31,021 - INFO -   Best Q-Sharpe:  M27 (2.191, OOS_Sharpe=2.191, OOS_Hit=0.503)
2025-09-13 08:32:31,021 - INFO -   Mean OOS Sharpe: -0.140, Mean Hit: 0.514
2025-09-13 08:32:31,021 - INFO - 
2025-09-13 08:32:31,032 - INFO - Processing Fold 2/13
2025-09-13 08:32:31,162 - INFO -   Using GPU sequential processing
2025-09-13 08:52:50,007 - INFO - Fold 2 Summary:
2025-09-13 08:52:50,007 - INFO -   Best OOS Sharpe: M99 (2.724, p=0.010)
2025-09-13 08:52:50,007 - INFO -   Best Q-Sharpe:  M27 (1.980, OOS_Sharpe=0.078, OOS_Hit=0.552)
2025-09-13 08:52:50,007 - INFO -   Mean OOS Sharpe: -0.865, Mean Hit: 0.478
2025-09-13 08:52:50,007 - INFO - 
2025-09-13 08:52:50,011 - INFO - Processing Fold 3/13
2025-09-13 08:52:50,153 - INFO -   Using GPU sequential processing
2025-09-13 09:15:08,686 - INFO - Fold 3 Summary:
2025-09-13 09:15:08,686 - INFO -   Best OOS Sharpe: M31 (2.128, p=0.160)
2025-09-13 09:15:08,686 - INFO -   Best Q-Sharpe:  M27 (1.868, OOS_Sharpe=0.868, OOS_Hit=0.541)
2025-09-13 09:15:08,686 - INFO -   Mean OOS Sharpe: -0.550, Mean Hit: 0.498
2025-09-13 09:15:08,687 - INFO - 
2025-09-13 09:15:08,694 - INFO - Processing Fold 4/13
2025-09-13 09:15:08,805 - INFO -   Using GPU sequential processing
2025-09-13 09:39:02,252 - INFO - Fold 4 Summary:
2025-09-13 09:39:02,257 - INFO -   Best OOS Sharpe: M51 (2.154, p=0.040)
2025-09-13 09:39:02,257 - INFO -   Best Q-Sharpe:  M27 (1.732, OOS_Sharpe=0.501, OOS_Hit=0.514)
2025-09-13 09:39:02,257 - INFO -   Mean OOS Sharpe: 0.586, Mean Hit: 0.506
2025-09-13 09:39:02,257 - INFO - 
2025-09-13 09:39:02,265 - INFO - Processing Fold 5/13
2025-09-13 09:39:02,368 - INFO -   Using GPU sequential processing
2025-09-13 10:02:19,819 - INFO - Fold 5 Summary:
2025-09-13 10:02:19,819 - INFO -   Best OOS Sharpe: M74 (1.991, p=0.080)
2025-09-13 10:02:19,819 - INFO -   Best Q-Sharpe:  M27 (1.410, OOS_Sharpe=-1.484, OOS_Hit=0.525)
2025-09-13 10:02:19,819 - INFO -   Mean OOS Sharpe: -0.337, Mean Hit: 0.505
2025-09-13 10:02:19,819 - INFO - 
2025-09-13 10:02:19,826 - INFO - Processing Fold 6/13
2025-09-13 10:02:19,867 - INFO -   Using GPU sequential processing
2025-09-13 10:23:15,180 - INFO - Fold 6 Summary:
2025-09-13 10:23:15,180 - INFO -   Best OOS Sharpe: M27 (1.328, p=0.270)
2025-09-13 10:23:15,180 - INFO -   Best Q-Sharpe:  M27 (1.402, OOS_Sharpe=1.328, OOS_Hit=0.530)
2025-09-13 10:23:15,181 - INFO -   Mean OOS Sharpe: -0.383, Mean Hit: 0.472
2025-09-13 10:23:15,181 - INFO - 
2025-09-13 10:23:15,187 - INFO - Processing Fold 7/13
2025-09-13 10:23:15,221 - INFO -   Using GPU sequential processing
2025-09-13 10:42:09,867 - INFO - Fold 7 Summary:
2025-09-13 10:42:09,870 - INFO -   Best OOS Sharpe: M58 (2.576, p=0.030)
2025-09-13 10:42:09,870 - INFO -   Best Q-Sharpe:  M27 (1.216, OOS_Sharpe=-0.453, OOS_Hit=0.448)
2025-09-13 10:42:09,870 - INFO -   Mean OOS Sharpe: 0.485, Mean Hit: 0.488
2025-09-13 10:42:09,870 - INFO - 
2025-09-13 10:42:09,877 - INFO - Processing Fold 8/13
2025-09-13 10:42:09,961 - INFO -   Using GPU sequential processing
2025-09-13 10:54:58,722 - INFO - Fold 8 Summary:
2025-09-13 10:54:58,734 - INFO -   Best OOS Sharpe: M60 (2.000, p=0.080)
2025-09-13 10:54:58,734 - INFO -   Best Q-Sharpe:  M27 (1.242, OOS_Sharpe=1.474, OOS_Hit=0.525)
2025-09-13 10:54:58,735 - INFO -   Mean OOS Sharpe: -0.156, Mean Hit: 0.490
2025-09-13 10:54:58,735 - INFO - 
2025-09-13 10:54:58,750 - INFO - Processing Fold 9/13
2025-09-13 10:54:58,776 - INFO -   Using GPU sequential processing
2025-09-13 11:02:57,815 - INFO - Fold 9 Summary:
2025-09-13 11:02:57,816 - INFO -   Best OOS Sharpe: M75 (2.148, p=0.010)
2025-09-13 11:02:57,816 - INFO -   Best Q-Sharpe:  M27 (1.279, OOS_Sharpe=1.610, OOS_Hit=0.503)
2025-09-13 11:02:57,816 - INFO -   Mean OOS Sharpe: 0.094, Mean Hit: 0.512
2025-09-13 11:02:57,816 - INFO - 
2025-09-13 11:02:57,824 - INFO - Processing Fold 10/13
2025-09-13 11:02:57,853 - INFO -   Using GPU sequential processing
2025-09-13 11:10:10,947 - INFO - Fold 10 Summary:
2025-09-13 11:10:10,948 - INFO -   Best OOS Sharpe: M42 (2.826, p=0.030)
2025-09-13 11:10:10,948 - INFO -   Best Q-Sharpe:  M27 (1.271, OOS_Sharpe=1.203, OOS_Hit=0.497)
2025-09-13 11:10:10,948 - INFO -   Mean OOS Sharpe: 0.881, Mean Hit: 0.497
2025-09-13 11:10:10,948 - INFO - 
2025-09-13 11:10:10,959 - INFO - Processing Fold 11/13
2025-09-13 11:10:10,995 - INFO -   Using GPU sequential processing
2025-09-13 11:16:19,747 - INFO - Fold 11 Summary:
2025-09-13 11:16:19,750 - INFO -   Best OOS Sharpe: M07 (1.943, p=0.130)
2025-09-13 11:16:19,750 - INFO -   Best Q-Sharpe:  M27 (1.204, OOS_Sharpe=0.595, OOS_Hit=0.514)
2025-09-13 11:16:19,750 - INFO -   Mean OOS Sharpe: -0.036, Mean Hit: 0.509
2025-09-13 11:16:19,750 - INFO - 
2025-09-13 11:16:19,761 - INFO - Processing Fold 12/13
2025-09-13 11:16:19,895 - INFO -   Using GPU sequential processing
2025-09-13 11:21:49,145 - INFO - Fold 12 Summary:
2025-09-13 11:21:49,145 - INFO -   Best OOS Sharpe: M31 (2.858, p=0.020)
2025-09-13 11:21:49,145 - INFO -   Best Q-Sharpe:  M27 (1.222, OOS_Sharpe=1.382, OOS_Hit=0.547)
2025-09-13 11:21:49,145 - INFO -   Mean OOS Sharpe: 0.662, Mean Hit: 0.484
2025-09-13 11:21:49,145 - INFO - 
2025-09-13 11:21:49,155 - INFO - Processing Fold 13/13
2025-09-13 11:21:49,188 - INFO -   Using GPU sequential processing
2025-09-13 11:27:25,678 - INFO - Fold 13 Summary:
2025-09-13 11:27:25,678 - INFO -   Best OOS Sharpe: M13 (2.073, p=0.100)
2025-09-13 11:27:25,678 - INFO -   Best Q-Sharpe:  M27 (0.987, OOS_Sharpe=-1.124, OOS_Hit=0.523)
2025-09-13 11:27:25,678 - INFO -   Mean OOS Sharpe: 0.277, Mean Hit: 0.514
2025-09-13 11:27:25,678 - INFO - 
2025-09-13 11:27:25,684 - INFO - Starting full timeline backtesting...
2025-09-13 11:27:25,685 - INFO - Running full timeline backtest with 13 folds (0-based indexing)
2025-09-13 11:27:25,685 - INFO - Fold 0 skipped (no prior Q-score history for meaningful selection)
2025-09-13 11:27:25,685 - INFO - Effective backtest period: Folds 1-12 (12 folds)
2025-09-13 11:27:25,685 - INFO - Training period: Folds 1-7
2025-09-13 11:27:25,685 - INFO - Production period: Folds 8-12
2025-09-13 11:27:25,685 - INFO - Using consistent OOS methodology for all folds
2025-09-13 11:27:25,685 - INFO - Fold 0: Skipped (no prior Q-score history for meaningful selection)
2025-09-13 11:27:25,685 - INFO - 
--- Processing fold 1/12 ---
2025-09-13 11:27:25,708 - INFO - Fold 1: Q-scores from fold 0: ['M00:-0.697', 'M01:-0.184', 'M02:-0.997', 'M03:0.138', 'M04:0.072']...
2025-09-13 11:27:25,708 - INFO - Fold 1: Selected models [27, 85, 65, 33, 52] based on fold 0 Q-scores, avg Q-score: 1.619
2025-09-13 11:27:25,710 - INFO - Fold 1 (Training): Sharpe=-0.862, Hit=45.9%
2025-09-13 11:27:25,710 - INFO - 
--- Processing fold 2/12 ---
2025-09-13 11:27:25,730 - INFO - Fold 2: Q-scores from fold 1: ['M00:-0.731', 'M01:-0.301', 'M02:-1.087', 'M03:0.136', 'M04:-0.083']...
2025-09-13 11:27:25,730 - INFO - Fold 2: Selected models [27, 85, 65, 52, 76] based on fold 1 Q-scores, avg Q-score: 1.411
2025-09-13 11:27:25,731 - INFO - Fold 2 (Training): Sharpe=-0.223, Hit=51.9%
2025-09-13 11:27:25,731 - INFO - 
--- Processing fold 3/12 ---
2025-09-13 11:27:25,747 - INFO - Fold 3: Q-scores from fold 2: ['M00:-0.803', 'M01:-0.249', 'M02:-0.986', 'M03:-0.070', 'M04:-0.233']...
2025-09-13 11:27:25,747 - INFO - Fold 3: Selected models [27, 85, 65, 52, 76] based on fold 2 Q-scores, avg Q-score: 1.257
2025-09-13 11:27:25,748 - INFO - Fold 3 (Training): Sharpe=0.423, Hit=47.0%
2025-09-13 11:27:25,748 - INFO - 
--- Processing fold 4/12 ---
2025-09-13 11:27:25,768 - INFO - Fold 4: Q-scores from fold 3: ['M00:-0.655', 'M01:-0.186', 'M02:-0.874', 'M03:-0.131', 'M04:-0.118']...
2025-09-13 11:27:25,769 - INFO - Fold 4: Selected models [27, 85, 65, 33, 52] based on fold 3 Q-scores, avg Q-score: 1.187
2025-09-13 11:27:25,771 - INFO - Fold 4 (Training): Sharpe=-0.664, Hit=53.0%
2025-09-13 11:27:25,771 - INFO - 
--- Processing fold 5/12 ---
2025-09-13 11:27:25,787 - INFO - Fold 5: Q-scores from fold 4: ['M00:-0.693', 'M01:-0.056', 'M02:-0.932', 'M03:-0.159', 'M04:-0.089']...
2025-09-13 11:27:25,787 - INFO - Fold 5: Selected models [27, 85, 65, 74, 33] based on fold 4 Q-scores, avg Q-score: 1.026
2025-09-13 11:27:25,787 - INFO - Fold 5 (Training): Sharpe=-0.325, Hit=48.1%
2025-09-13 11:27:25,787 - INFO - 
--- Processing fold 6/12 ---
2025-09-13 11:27:25,803 - INFO - Fold 6: Q-scores from fold 5: ['M00:-0.703', 'M01:-0.150', 'M02:-0.903', 'M03:-0.311', 'M04:-0.025']...
2025-09-13 11:27:25,804 - INFO - Fold 6: Selected models [27, 85, 65, 33, 52] based on fold 5 Q-scores, avg Q-score: 0.903
2025-09-13 11:27:25,805 - INFO - Fold 6 (Training): Sharpe=0.879, Hit=45.3%
2025-09-13 11:27:25,805 - INFO - 
--- Processing fold 7/12 ---
2025-09-13 11:27:25,821 - INFO - Fold 7: Q-scores from fold 6: ['M00:-0.626', 'M01:-0.175', 'M02:-0.712', 'M03:-0.186', 'M04:-0.011']...
2025-09-13 11:27:25,821 - INFO - Fold 7: Selected models [27, 85, 65, 33, 52] based on fold 6 Q-scores, avg Q-score: 0.874
2025-09-13 11:27:25,822 - INFO - Fold 7 (Training): Sharpe=0.759, Hit=50.3%
2025-09-13 11:27:25,822 - INFO - 
--- Processing fold 8/12 ---
2025-09-13 11:27:25,840 - INFO - Fold 8: Q-scores from fold 7: ['M00:-0.505', 'M01:-0.036', 'M02:-0.549', 'M03:-0.223', 'M04:-0.040']...
2025-09-13 11:27:25,841 - INFO - Fold 8: Selected models [27, 65, 85, 33, 52] based on fold 7 Q-scores, avg Q-score: 0.836
2025-09-13 11:27:25,842 - INFO - Fold 8 (Production): Sharpe=0.063, Hit=47.5%
2025-09-13 11:27:25,842 - INFO - 
--- Processing fold 9/12 ---
2025-09-13 11:27:25,862 - INFO - Fold 9: Q-scores from fold 8: ['M00:-0.493', 'M01:0.033', 'M02:-0.522', 'M03:-0.171', 'M04:0.033']...
2025-09-13 11:27:25,862 - INFO - Fold 9: Selected models [27, 85, 65, 75, 33] based on fold 8 Q-scores, avg Q-score: 0.802
2025-09-13 11:27:25,864 - INFO - Fold 9 (Production): Sharpe=1.483, Hit=46.4%
2025-09-13 11:27:25,864 - INFO - 
--- Processing fold 10/12 ---
2025-09-13 11:27:25,887 - INFO - Fold 10: Q-scores from fold 9: ['M00:-0.286', 'M01:0.156', 'M02:-0.448', 'M03:-0.044', 'M04:0.254']...
2025-09-13 11:27:25,887 - INFO - Fold 10: Selected models [27, 85, 65, 33, 8] based on fold 9 Q-scores, avg Q-score: 0.863
2025-09-13 11:27:25,889 - INFO - Fold 10 (Production): Sharpe=0.687, Hit=53.0%
2025-09-13 11:27:25,889 - INFO - 
--- Processing fold 11/12 ---
2025-09-13 11:27:25,907 - INFO - Fold 11: Q-scores from fold 10: ['M00:-0.309', 'M01:0.143', 'M02:-0.285', 'M03:-0.026', 'M04:0.304']...
2025-09-13 11:27:25,907 - INFO - Fold 11: Selected models [27, 85, 8, 65, 33] based on fold 10 Q-scores, avg Q-score: 0.822
2025-09-13 11:27:25,908 - INFO - Fold 11 (Production): Sharpe=0.695, Hit=47.0%
2025-09-13 11:27:25,908 - INFO - 
--- Processing fold 12/12 ---
2025-09-13 11:27:25,930 - INFO - Fold 12: Q-scores from fold 11: ['M00:-0.286', 'M01:0.389', 'M02:-0.096', 'M03:-0.055', 'M04:0.324']...
2025-09-13 11:27:25,930 - INFO - Fold 12: Selected models [27, 85, 8, 65, 45] based on fold 11 Q-scores, avg Q-score: 0.794
2025-09-13 11:27:25,931 - INFO - Fold 12 (Production): Sharpe=-0.517, Hit=50.8%
2025-09-13 11:27:25,932 - INFO - Training Period Overall: Sharpe=0.010, Hit=48.8%
2025-09-13 11:27:25,933 - INFO - Production Period Overall: Sharpe=0.392, Hit=49.0%
2025-09-13 11:27:25,935 - INFO - Full Timeline Overall: Sharpe=0.164, Hit=48.9%
2025-09-13 11:27:25,935 - INFO - Training: Sharpe=0.010 | Hit=48.8% | Return=0.08%
2025-09-13 11:27:25,935 - INFO - Production: Sharpe=0.392 | Hit=49.0% | Return=2.85%
2025-09-13 11:27:25,935 - INFO - Full Timeline: Sharpe=0.164 | Hit=48.9% | Return=1.24%
2025-09-13 11:27:25,935 - INFO - Generating visualizations...
2025-09-13 11:27:25,935 - INFO - Creating clean visualizations for 100 models...
2025-09-13 11:27:28,864 - INFO - Clean fold-by-fold analysis saved to: 20250913_081709_fold_@ES#C_100models_15folds_v2_S4.2_ES_allfeat_deep_15F.png
2025-09-13 11:27:31,014 - INFO - Detailed production analysis saved to: 20250913_081709_backtest_@ES#C_100models_15folds_v2_S4.2_ES_allfeat_deep_15F.png
2025-09-13 11:27:31,014 - INFO - ================================================================================
2025-09-13 11:27:31,014 - INFO - BACKTEST SUMMARY
2025-09-13 11:27:31,014 - INFO - ================================================================================
2025-09-13 11:27:31,014 - INFO - Config: Cutoff=70%, Top N=5, Q-Metric=sharpe, Reselection=1 fold(s)
2025-09-13 11:27:31,015 - INFO - Model Selection History:
2025-09-13 11:27:31,015 - INFO -   Fold 1: M27, M85, M65, M33, M52 (Avg Q-sharpe: 1.619)
2025-09-13 11:27:31,015 - INFO -   Fold 2: M27, M85, M65, M52, M76 (Avg Q-sharpe: 1.411)
2025-09-13 11:27:31,015 - INFO -   Fold 3: M27, M85, M65, M52, M76 (Avg Q-sharpe: 1.257)
2025-09-13 11:27:31,015 - INFO -   Fold 4: M27, M85, M65, M33, M52 (Avg Q-sharpe: 1.187)
2025-09-13 11:27:31,015 - INFO -   Fold 5: M27, M85, M65, M74, M33 (Avg Q-sharpe: 1.026)
2025-09-13 11:27:31,015 - INFO -   Fold 6: M27, M85, M65, M33, M52 (Avg Q-sharpe: 0.903)
2025-09-13 11:27:31,015 - INFO -   Fold 7: M27, M85, M65, M33, M52 (Avg Q-sharpe: 0.874)
2025-09-13 11:27:31,015 - INFO -   Fold 8: M27, M65, M85, M33, M52 (Avg Q-sharpe: 0.836)
2025-09-13 11:27:31,015 - INFO -   Fold 9: M27, M85, M65, M75, M33 (Avg Q-sharpe: 0.802)
2025-09-13 11:27:31,015 - INFO -   Fold 10: M27, M85, M65, M33, M08 (Avg Q-sharpe: 0.863)
2025-09-13 11:27:31,015 - INFO -   Fold 11: M27, M85, M08, M65, M33 (Avg Q-sharpe: 0.822)
2025-09-13 11:27:31,015 - INFO -   Fold 12: M27, M85, M08, M65, M45 (Avg Q-sharpe: 0.794)
2025-09-13 11:27:31,015 - INFO - 
2025-09-13 11:27:31,015 - INFO - Fold-by-Fold Performance:
2025-09-13 11:27:31,015 - INFO -   Fold 1: M27, M85, M65, M33, M52 | Sharpe=-0.862 | Hit=45.9% | Samples=181
2025-09-13 11:27:31,015 - INFO -   Fold 2: M27, M85, M65, M52, M76 | Sharpe=-0.223 | Hit=51.9% | Samples=181
2025-09-13 11:27:31,015 - INFO -   Fold 3: M27, M85, M65, M52, M76 | Sharpe=0.423 | Hit=47.0% | Samples=181
2025-09-13 11:27:31,015 - INFO -   Fold 4: M27, M85, M65, M33, M52 | Sharpe=-0.664 | Hit=53.0% | Samples=181
2025-09-13 11:27:31,015 - INFO -   Fold 5: M27, M85, M65, M74, M33 | Sharpe=-0.325 | Hit=48.1% | Samples=181
2025-09-13 11:27:31,015 - INFO -   Fold 6: M27, M85, M65, M33, M52 | Sharpe=0.879 | Hit=45.3% | Samples=181
2025-09-13 11:27:31,015 - INFO -   Fold 7: M27, M85, M65, M33, M52 | Sharpe=0.759 | Hit=50.3% | Samples=181
2025-09-13 11:27:31,015 - INFO -   Fold 8: M27, M65, M85, M33, M52 | Sharpe=0.063 | Hit=47.5% | Samples=181
2025-09-13 11:27:31,015 - INFO -   Fold 9: M27, M85, M65, M75, M33 | Sharpe=1.483 | Hit=46.4% | Samples=181
2025-09-13 11:27:31,015 - INFO -   Fold 10: M27, M85, M65, M33, M08 | Sharpe=0.687 | Hit=53.0% | Samples=181
2025-09-13 11:27:31,015 - INFO -   Fold 11: M27, M85, M08, M65, M33 | Sharpe=0.695 | Hit=47.0% | Samples=181
2025-09-13 11:27:31,015 - INFO -   Fold 12: M27, M85, M08, M65, M45 | Sharpe=-0.517 | Hit=50.8% | Samples=193
2025-09-13 11:27:31,015 - INFO - ================================================================================
2025-09-13 11:27:31,015 - INFO - ================================================================================
2025-09-13 11:27:31,015 - INFO - ANALYSIS COMPLETED SUCCESSFULLY!
2025-09-13 11:27:31,016 - INFO - ================================================================================
2025-09-13 11:27:31,016 - INFO - Generated 2 visualization files
2025-09-13 11:27:31,016 - INFO -   - 20250913_081709_fold_@ES#C_100models_15folds_v2_S4.2_ES_allfeat_deep_15F.png
2025-09-13 11:27:31,016 - INFO -   - 20250913_081709_backtest_@ES#C_100models_15folds_v2_S4.2_ES_allfeat_deep_15F.png
2025-09-13 11:27:31,016 - INFO - Training Final: Sharpe=0.010 | Hit=48.8% | Return=0.08% | CB=0.004
2025-09-13 11:27:31,016 - INFO - Production Final: Sharpe=0.392 | Hit=49.0% | Return=2.85% | CB=0.213
2025-09-13 11:27:31,016 - INFO - Full Timeline Final: Sharpe=0.164 | Hit=48.9% | Return=1.24% | CB=0.058
