2025-09-17 16:49:06,912 - INFO - ================================================================================
2025-09-17 16:49:06,912 - INFO - XGBoost Comparison Framework
2025-09-17 16:49:06,912 - INFO - ================================================================================
2025-09-17 16:49:06,912 - INFO - Configuration:
2025-09-17 16:49:06,912 - INFO -   Target Symbol: @KW#C
2025-09-17 16:49:06,912 - INFO -   Date Range: 2015-01-01 to 2025-08-01
2025-09-17 16:49:06,912 - INFO -   Models: 100, Type: standard
2025-09-17 16:49:06,912 - INFO -   Folds: 15
2025-09-17 16:49:06,912 - INFO -   Max Features: 100 (Limited)
2025-09-17 16:49:06,912 - INFO -   Feature Selection: Enabled
2025-09-17 16:49:06,912 - INFO -   Inner Val Fraction: 0.2
2025-09-17 16:49:06,912 - INFO -   EWMA Alpha: 0.1, Quality Halflife: 63 days
2025-09-17 16:49:06,912 - INFO -   Signal Type: Binary (+1/-1)
2025-09-17 16:49:06,912 - INFO -   Cross-validation: Expanding window
2025-09-17 16:49:06,912 - INFO -   Production: Cutoff=0.6, Top N=5, Q-Metric=sharpe
2025-09-17 16:49:06,912 - INFO -   Reselection: Every 1 fold(s)
2025-09-17 16:49:06,912 - INFO - 
2025-09-17 16:49:11,389 - INFO - Dropped 74 rows due to NaN in target column @KW#C_target_return
2025-09-17 16:49:11,486 - INFO - Loaded: X=(2661, 1906), y=(2661,)
2025-09-17 16:49:48,124 - INFO - Selected 100 features (threshold: 0.7)
2025-09-17 16:49:48,137 - INFO - Selected: 100 features
2025-09-17 16:49:48,172 - INFO - GPU detection: XGBoost not compiled with CUDA support - using CPU
2025-09-17 16:49:48,172 - INFO - Processing mode: CPU multiprocessing (GPU: False, Total models: 1500)
2025-09-17 16:49:48,179 - INFO - GPU detection: XGBoost not compiled with CUDA support - using CPU
2025-09-17 16:49:48,182 - INFO - Using expanding window
2025-09-17 16:49:48,182 - INFO - Starting analysis: 100 standard models x 13 folds
2025-09-17 16:49:48,182 - INFO - Processing Fold 1/13
2025-09-17 16:49:48,189 - INFO -   Using multiprocessing with 9 workers
