2025-09-12 01:46:50,635 - INFO - ================================================================================
2025-09-12 01:46:50,635 - INFO - XGBoost Comparison Framework
2025-09-12 01:46:50,635 - INFO - ================================================================================
2025-09-12 01:46:50,635 - INFO - Configuration:
2025-09-12 01:46:50,635 - INFO -   Target Symbol: @ES#C
2025-09-12 01:46:50,635 - INFO -   Date Range: 2015-01-01 to 2025-08-01
2025-09-12 01:46:50,635 - INFO -   Models: 50, Type: deep
2025-09-12 01:46:50,635 - INFO -   Folds: 8
2025-09-12 01:46:50,635 - INFO -   Max Features: 100 (Limited)
2025-09-12 01:46:50,635 - INFO -   Feature Selection: Enabled
2025-09-12 01:46:50,635 - INFO -   Inner Val Fraction: 0.2
2025-09-12 01:46:50,635 - INFO -   EWMA Alpha: 0.1, Quality Halflife: 63 days
2025-09-12 01:46:50,635 - INFO -   Signal Type: Tanh Normalized
2025-09-12 01:46:50,635 - INFO -   Cross-validation: Expanding window
2025-09-12 01:46:50,636 - INFO -   Production: Cutoff=0.6, Top N=2, Q-Metric=hit_rate
2025-09-12 01:46:50,636 - INFO -   Reselection: Every 1 fold(s)
2025-09-12 01:46:50,636 - INFO - 
2025-09-12 01:46:57,380 - INFO - Loaded: X=(2735, 1906), y=(2735,)
2025-09-12 01:47:35,689 - INFO - Selected 100 features (threshold: 0.7)
2025-09-12 01:47:35,728 - INFO - Selected: 100 features
2025-09-12 01:47:35,824 - INFO - GPU detection: XGBoost not compiled with CUDA support - using CPU
2025-09-12 01:47:35,824 - INFO - Processing mode: CPU multiprocessing (GPU: False, Total models: 400)
2025-09-12 01:47:35,840 - INFO - GPU detection: XGBoost not compiled with CUDA support - using CPU
2025-09-12 01:47:35,843 - INFO - Using expanding window
2025-09-12 01:47:35,844 - INFO - Starting analysis: 50 deep models x 7 folds
2025-09-12 01:47:35,844 - INFO - Processing Fold 1/7
2025-09-12 01:47:35,850 - INFO -   Using multiprocessing with 9 workers
2025-09-12 01:49:45,908 - INFO - Fold 1 Summary:
2025-09-12 01:49:45,911 - INFO -   Best OOS Sharpe: M42 (1.658, p=0.060)
2025-09-12 01:49:45,911 - INFO -   Best Q-Hit_Rate:  M29 (0.535, OOS_Sharpe=0.148, OOS_Hit=0.535)
2025-09-12 01:49:45,911 - INFO -   Mean OOS Sharpe: -0.220, Mean Hit: 0.499
2025-09-12 01:49:45,911 - INFO - 
2025-09-12 01:49:45,940 - INFO - Processing Fold 2/7
2025-09-12 01:49:45,971 - INFO -   Using multiprocessing with 9 workers
