2025-09-17 16:48:58,699 - INFO - ================================================================================
2025-09-17 16:48:58,699 - INFO - XGBoost Comparison Framework
2025-09-17 16:48:58,699 - INFO - ================================================================================
2025-09-17 16:48:58,699 - INFO - Configuration:
2025-09-17 16:48:58,699 - INFO -   Target Symbol: @JY#C
2025-09-17 16:48:58,699 - INFO -   Date Range: 2015-01-01 to 2025-08-01
2025-09-17 16:48:58,699 - INFO -   Models: 100, Type: standard
2025-09-17 16:48:58,699 - INFO -   Folds: 15
2025-09-17 16:48:58,699 - INFO -   Max Features: 100 (Limited)
2025-09-17 16:48:58,699 - INFO -   Feature Selection: Enabled
2025-09-17 16:48:58,699 - INFO -   Inner Val Fraction: 0.2
2025-09-17 16:48:58,699 - INFO -   EWMA Alpha: 0.1, Quality Halflife: 63 days
2025-09-17 16:48:58,699 - INFO -   Signal Type: Binary (+1/-1)
2025-09-17 16:48:58,699 - INFO -   Cross-validation: Expanding window
2025-09-17 16:48:58,699 - INFO -   Production: Cutoff=0.6, Top N=5, Q-Metric=sharpe
2025-09-17 16:48:58,699 - INFO -   Reselection: Every 1 fold(s)
2025-09-17 16:48:58,699 - INFO - 
2025-09-17 16:49:03,539 - INFO - Dropped 3 rows due to NaN in target column @JY#C_target_return
2025-09-17 16:49:03,650 - INFO - Loaded: X=(2732, 1906), y=(2732,)
2025-09-17 16:49:50,219 - INFO - Selected 100 features (threshold: 0.7)
2025-09-17 16:49:50,288 - INFO - Selected: 100 features
2025-09-17 16:49:50,463 - INFO - GPU detection: XGBoost not compiled with CUDA support - using CPU
2025-09-17 16:49:50,464 - INFO - Processing mode: CPU multiprocessing (GPU: False, Total models: 1500)
2025-09-17 16:49:50,470 - INFO - GPU detection: XGBoost not compiled with CUDA support - using CPU
2025-09-17 16:49:50,472 - INFO - Using expanding window
2025-09-17 16:49:50,472 - INFO - Starting analysis: 100 standard models x 13 folds
2025-09-17 16:49:50,472 - INFO - Processing Fold 1/13
2025-09-17 16:49:50,479 - INFO -   Using multiprocessing with 9 workers
