2025-09-16 23:34:44,168 - INFO - ================================================================================
2025-09-16 23:34:44,169 - INFO - XGBoost Comparison Framework
2025-09-16 23:34:44,170 - INFO - ================================================================================
2025-09-16 23:34:44,170 - INFO - Configuration:
2025-09-16 23:34:44,170 - INFO -   Target Symbol: @RTY#C
2025-09-16 23:34:44,170 - INFO -   Date Range: 2015-01-01 to 2025-08-01
2025-09-16 23:34:44,170 - INFO -   Models: 100, Type: standard
2025-09-16 23:34:44,170 - INFO -   Folds: 15
2025-09-16 23:34:44,170 - INFO -   Max Features: 100 (Limited)
2025-09-16 23:34:44,170 - INFO -   Feature Selection: Enabled
2025-09-16 23:34:44,170 - INFO -   Inner Val Fraction: 0.2
2025-09-16 23:34:44,170 - INFO -   EWMA Alpha: 0.1, Quality Halflife: 63 days
2025-09-16 23:34:44,170 - INFO -   Signal Type: Binary (+1/-1)
2025-09-16 23:34:44,170 - INFO -   Cross-validation: Expanding window
2025-09-16 23:34:44,170 - INFO -   Production: Cutoff=0.6, Top N=5, Q-Metric=sharpe
2025-09-16 23:34:44,170 - INFO -   Reselection: Every 1 fold(s)
2025-09-16 23:34:44,170 - INFO - 
2025-09-16 23:34:56,262 - INFO - Dropped 9 rows due to NaN in target column @RTY#C_target_return
2025-09-16 23:34:56,453 - INFO - Loaded: X=(2726, 1906), y=(2726,)
2025-09-16 23:36:46,333 - INFO - Selected 100 features (threshold: 0.7)
2025-09-16 23:36:46,625 - INFO - Selected: 100 features
2025-09-16 23:36:47,043 - INFO - GPU detection: XGBoost not compiled with CUDA support - using CPU
2025-09-16 23:36:47,044 - INFO - Processing mode: CPU multiprocessing (GPU: False, Total models: 1500)
2025-09-16 23:36:47,055 - INFO - GPU detection: XGBoost not compiled with CUDA support - using CPU
2025-09-16 23:36:47,060 - INFO - Using expanding window
2025-09-16 23:36:47,062 - INFO - Starting analysis: 100 standard models x 13 folds
2025-09-16 23:36:47,062 - INFO - Processing Fold 1/13
2025-09-16 23:36:47,094 - INFO -   Using multiprocessing with 9 workers
2025-09-16 23:40:24,006 - INFO - Fold 1 Summary:
2025-09-16 23:40:24,078 - INFO -   Best OOS Sharpe: M16 (3.873, p=0.000)
2025-09-16 23:40:24,078 - INFO -   Best Q-Sharpe:  M16 (3.873, OOS_Sharpe=3.873, OOS_Hit=0.597)
2025-09-16 23:40:24,078 - INFO -   Mean OOS Sharpe: 1.660, Mean Hit: 0.553
2025-09-16 23:40:24,078 - INFO - 
2025-09-16 23:40:24,148 - INFO - Stored 0 trained models for production export
2025-09-16 23:40:24,149 - INFO - Processing Fold 2/13
2025-09-16 23:40:24,321 - INFO -   Using multiprocessing with 9 workers
2025-09-16 23:44:11,854 - INFO - Fold 2 Summary:
2025-09-16 23:44:11,962 - INFO -   Best OOS Sharpe: M24 (3.206, p=0.000)
2025-09-16 23:44:11,972 - INFO -   Best Q-Sharpe:  M16 (3.706, OOS_Sharpe=2.201, OOS_Hit=0.530)
2025-09-16 23:44:11,972 - INFO -   Mean OOS Sharpe: 1.300, Mean Hit: 0.522
2025-09-16 23:44:11,972 - INFO - 
2025-09-16 23:44:12,303 - INFO - Stored 0 trained models for production export
2025-09-16 23:44:12,304 - INFO - Processing Fold 3/13
2025-09-16 23:44:12,867 - INFO -   Using multiprocessing with 9 workers
2025-09-16 23:48:00,182 - INFO - Fold 3 Summary:
2025-09-16 23:48:00,187 - INFO -   Best OOS Sharpe: M14 (2.462, p=0.000)
2025-09-16 23:48:00,188 - INFO -   Best Q-Sharpe:  M16 (3.309, OOS_Sharpe=-0.261, OOS_Hit=0.486)
2025-09-16 23:48:00,188 - INFO -   Mean OOS Sharpe: -0.477, Mean Hit: 0.481
2025-09-16 23:48:00,188 - INFO - 
2025-09-16 23:48:00,220 - INFO - Stored 0 trained models for production export
2025-09-16 23:48:00,222 - INFO - Processing Fold 4/13
2025-09-16 23:48:00,261 - INFO -   Using multiprocessing with 9 workers
2025-09-16 23:51:37,050 - INFO - Fold 4 Summary:
2025-09-16 23:51:37,056 - INFO -   Best OOS Sharpe: M45 (2.772, p=0.060)
2025-09-16 23:51:37,057 - INFO -   Best Q-Sharpe:  M16 (2.896, OOS_Sharpe=-0.823, OOS_Hit=0.492)
2025-09-16 23:51:37,057 - INFO -   Mean OOS Sharpe: 0.229, Mean Hit: 0.517
2025-09-16 23:51:37,059 - INFO - 
2025-09-16 23:51:37,098 - INFO - Stored 0 trained models for production export
2025-09-16 23:51:37,099 - INFO - Processing Fold 5/13
2025-09-16 23:51:37,146 - INFO -   Using multiprocessing with 9 workers
2025-09-16 23:55:50,584 - INFO - Fold 5 Summary:
2025-09-16 23:55:50,597 - INFO -   Best OOS Sharpe: M58 (2.404, p=0.040)
2025-09-16 23:55:50,597 - INFO -   Best Q-Sharpe:  M16 (2.561, OOS_Sharpe=-0.458, OOS_Hit=0.503)
2025-09-16 23:55:50,598 - INFO -   Mean OOS Sharpe: 0.234, Mean Hit: 0.529
2025-09-16 23:55:50,598 - INFO - 
2025-09-16 23:55:50,675 - INFO - Stored 0 trained models for production export
2025-09-16 23:55:50,677 - INFO - Processing Fold 6/13
2025-09-16 23:55:50,749 - INFO -   Using multiprocessing with 9 workers
2025-09-17 00:00:24,974 - INFO - Fold 6 Summary:
2025-09-17 00:00:25,001 - INFO -   Best OOS Sharpe: M08 (3.297, p=0.000)
2025-09-17 00:00:25,001 - INFO -   Best Q-Sharpe:  M16 (2.396, OOS_Sharpe=0.913, OOS_Hit=0.580)
2025-09-17 00:00:25,002 - INFO -   Mean OOS Sharpe: 1.066, Mean Hit: 0.536
2025-09-17 00:00:25,002 - INFO - 
2025-09-17 00:00:25,207 - INFO - Stored 0 trained models for production export
2025-09-17 00:00:25,209 - INFO - Processing Fold 7/13
2025-09-17 00:00:25,438 - INFO -   Using multiprocessing with 9 workers
2025-09-17 00:06:03,173 - INFO - Fold 7 Summary:
2025-09-17 00:06:03,204 - INFO -   Best OOS Sharpe: M19 (4.214, p=0.000)
2025-09-17 00:06:03,204 - INFO -   Best Q-Sharpe:  M16 (2.487, OOS_Sharpe=3.307, OOS_Hit=0.575)
2025-09-17 00:06:03,205 - INFO -   Mean OOS Sharpe: 2.095, Mean Hit: 0.541
2025-09-17 00:06:03,205 - INFO - 
2025-09-17 00:06:03,376 - INFO - Stored 0 trained models for production export
2025-09-17 00:06:03,377 - INFO - Processing Fold 8/13
2025-09-17 00:06:03,565 - INFO -   Using multiprocessing with 9 workers
2025-09-17 00:10:59,078 - INFO - Fold 8 Summary:
2025-09-17 00:10:59,120 - INFO -   Best OOS Sharpe: M91 (3.866, p=0.020)
2025-09-17 00:10:59,121 - INFO -   Best Q-Sharpe:  M16 (2.425, OOS_Sharpe=1.865, OOS_Hit=0.530)
2025-09-17 00:10:59,121 - INFO -   Mean OOS Sharpe: 1.809, Mean Hit: 0.528
2025-09-17 00:10:59,121 - INFO - 
2025-09-17 00:10:59,481 - INFO - Stored 0 trained models for production export
2025-09-17 00:10:59,487 - INFO - Processing Fold 9/13
2025-09-17 00:10:59,633 - INFO -   Using multiprocessing with 9 workers
