2025-09-18 03:47:27,380 - INFO - ================================================================================
2025-09-18 03:47:27,380 - INFO - XGBoost Comparison Framework
2025-09-18 03:47:27,380 - INFO - ================================================================================
2025-09-18 03:47:27,380 - INFO - Configuration:
2025-09-18 03:47:27,380 - INFO -   Target Symbol: @RTY#C
2025-09-18 03:47:27,380 - INFO -   Date Range: 2015-01-01 to 2025-08-01
2025-09-18 03:47:27,380 - INFO -   Models: 150, Type: standard
2025-09-18 03:47:27,381 - INFO -   Folds: 15
2025-09-18 03:47:27,381 - INFO -   Max Features: 100 (Limited)
2025-09-18 03:47:27,381 - INFO -   Feature Selection: Enabled
2025-09-18 03:47:27,381 - INFO -   Inner Val Fraction: 0.2
2025-09-18 03:47:27,381 - INFO -   EWMA Alpha: 0.1, Quality Halflife: 63 days
2025-09-18 03:47:27,381 - INFO -   Signal Type: Binary (+1/-1)
2025-09-18 03:47:27,381 - INFO -   Cross-validation: Expanding window
2025-09-18 03:47:27,381 - INFO -   Production: Cutoff=0.6, Top N=8, Q-Metric=sharpe
2025-09-18 03:47:27,381 - INFO -   Reselection: Every 1 fold(s)
2025-09-18 03:47:27,381 - INFO - 
2025-09-18 03:47:58,412 - INFO - Dropped 9 rows due to NaN in target column @RTY#C_target_return
2025-09-18 03:47:59,028 - INFO - Loaded: X=(2726, 1906), y=(2726,)
2025-09-18 03:49:21,177 - INFO - Selected 100 features (threshold: 0.7)
2025-09-18 03:49:21,508 - INFO - Selected: 100 features
2025-09-18 03:49:22,183 - INFO - GPU detection: XGBoost not compiled with CUDA support - using CPU
2025-09-18 03:49:22,184 - INFO - Processing mode: CPU multiprocessing (GPU: False, Total models: 2250)
2025-09-18 03:49:22,339 - INFO - GPU detection: XGBoost not compiled with CUDA support - using CPU
2025-09-18 03:49:22,344 - INFO - Using expanding window
2025-09-18 03:49:22,346 - INFO - Starting analysis: 150 standard models x 13 folds
2025-09-18 03:49:22,346 - INFO - Processing Fold 1/13
2025-09-18 03:49:22,358 - INFO -   Using multiprocessing with 9 workers
2025-09-18 03:52:48,335 - INFO - Fold 1 Summary:
2025-09-18 03:52:48,342 - INFO -   Best OOS Sharpe: M118 (3.927, p=0.000)
2025-09-18 03:52:48,342 - INFO -   Best Q-Sharpe:  M118 (3.927, OOS_Sharpe=3.927, OOS_Hit=0.635)
2025-09-18 03:52:48,342 - INFO -   Mean OOS Sharpe: 1.676, Mean Hit: 0.551
2025-09-18 03:52:48,342 - INFO - 
2025-09-18 03:52:48,361 - INFO - Stored 150 trained models for production export
2025-09-18 03:52:48,361 - INFO - Processing Fold 2/13
2025-09-18 03:52:48,402 - INFO -   Using multiprocessing with 9 workers
2025-09-18 03:56:49,591 - INFO - Fold 2 Summary:
2025-09-18 03:56:49,597 - INFO -   Best OOS Sharpe: M24 (3.206, p=0.000)
2025-09-18 03:56:49,597 - INFO -   Best Q-Sharpe:  M16 (3.706, OOS_Sharpe=2.201, OOS_Hit=0.530)
2025-09-18 03:56:49,597 - INFO -   Mean OOS Sharpe: 1.258, Mean Hit: 0.522
2025-09-18 03:56:49,597 - INFO - 
2025-09-18 03:56:49,668 - INFO - Stored 150 trained models for production export
2025-09-18 03:56:49,668 - INFO - Processing Fold 3/13
2025-09-18 03:56:49,706 - INFO -   Using multiprocessing with 9 workers
2025-09-18 04:01:02,126 - INFO - Fold 3 Summary:
2025-09-18 04:01:02,154 - INFO -   Best OOS Sharpe: M14 (2.462, p=0.020)
2025-09-18 04:01:02,154 - INFO -   Best Q-Sharpe:  M16 (3.309, OOS_Sharpe=-0.261, OOS_Hit=0.486)
2025-09-18 04:01:02,154 - INFO -   Mean OOS Sharpe: -0.395, Mean Hit: 0.482
2025-09-18 04:01:02,154 - INFO - 
2025-09-18 04:01:02,262 - INFO - Stored 150 trained models for production export
2025-09-18 04:01:02,263 - INFO - Processing Fold 4/13
2025-09-18 04:01:02,408 - INFO -   Using multiprocessing with 9 workers
2025-09-18 04:05:48,184 - INFO - Fold 4 Summary:
2025-09-18 04:05:48,191 - INFO -   Best OOS Sharpe: M45 (2.772, p=0.020)
2025-09-18 04:05:48,192 - INFO -   Best Q-Sharpe:  M118 (2.961, OOS_Sharpe=0.437, OOS_Hit=0.514)
2025-09-18 04:05:48,192 - INFO -   Mean OOS Sharpe: 0.197, Mean Hit: 0.515
2025-09-18 04:05:48,192 - INFO - 
2025-09-18 04:05:48,246 - INFO - Stored 150 trained models for production export
2025-09-18 04:05:48,246 - INFO - Processing Fold 5/13
2025-09-18 04:05:48,305 - INFO -   Using multiprocessing with 9 workers
2025-09-18 04:10:12,995 - INFO - Fold 5 Summary:
2025-09-18 04:10:13,002 - INFO -   Best OOS Sharpe: M119 (2.884, p=0.000)
2025-09-18 04:10:13,002 - INFO -   Best Q-Sharpe:  M118 (2.602, OOS_Sharpe=-0.632, OOS_Hit=0.519)
2025-09-18 04:10:13,002 - INFO -   Mean OOS Sharpe: 0.194, Mean Hit: 0.528
2025-09-18 04:10:13,002 - INFO - 
2025-09-18 04:10:13,057 - INFO - Stored 150 trained models for production export
2025-09-18 04:10:13,057 - INFO - Processing Fold 6/13
2025-09-18 04:10:13,106 - INFO -   Using multiprocessing with 9 workers
2025-09-18 04:14:27,720 - INFO - Fold 6 Summary:
2025-09-18 04:14:27,728 - INFO -   Best OOS Sharpe: M08 (3.297, p=0.000)
2025-09-18 04:14:27,729 - INFO -   Best Q-Sharpe:  M118 (2.588, OOS_Sharpe=2.461, OOS_Hit=0.575)
2025-09-18 04:14:27,729 - INFO -   Mean OOS Sharpe: 1.060, Mean Hit: 0.537
2025-09-18 04:14:27,729 - INFO - 
2025-09-18 04:14:27,775 - INFO - Stored 150 trained models for production export
2025-09-18 04:14:27,776 - INFO - Processing Fold 7/13
2025-09-18 04:14:27,818 - INFO -   Using multiprocessing with 9 workers
2025-09-18 04:19:35,054 - INFO - Fold 7 Summary:
2025-09-18 04:19:35,063 - INFO -   Best OOS Sharpe: M19 (4.214, p=0.000)
2025-09-18 04:19:35,063 - INFO -   Best Q-Sharpe:  M118 (2.588, OOS_Sharpe=2.593, OOS_Hit=0.558)
2025-09-18 04:19:35,063 - INFO -   Mean OOS Sharpe: 2.086, Mean Hit: 0.540
2025-09-18 04:19:35,063 - INFO - 
2025-09-18 04:19:35,109 - INFO - Stored 150 trained models for production export
2025-09-18 04:19:35,110 - INFO - Processing Fold 8/13
2025-09-18 04:19:35,153 - INFO -   Using multiprocessing with 9 workers
2025-09-18 04:24:45,119 - INFO - Fold 8 Summary:
2025-09-18 04:24:45,130 - INFO -   Best OOS Sharpe: M145 (4.262, p=0.000)
2025-09-18 04:24:45,131 - INFO -   Best Q-Sharpe:  M118 (2.474, OOS_Sharpe=1.447, OOS_Hit=0.519)
2025-09-18 04:24:45,131 - INFO -   Mean OOS Sharpe: 1.715, Mean Hit: 0.524
2025-09-18 04:24:45,131 - INFO - 
2025-09-18 04:24:45,179 - INFO - Stored 150 trained models for production export
2025-09-18 04:24:45,180 - INFO - Processing Fold 9/13
2025-09-18 04:24:45,238 - INFO -   Using multiprocessing with 9 workers
2025-09-18 04:29:51,302 - INFO - Fold 9 Summary:
2025-09-18 04:29:51,311 - INFO -   Best OOS Sharpe: M84 (2.460, p=0.040)
2025-09-18 04:29:51,311 - INFO -   Best Q-Sharpe:  M118 (2.211, OOS_Sharpe=-0.153, OOS_Hit=0.497)
2025-09-18 04:29:51,311 - INFO -   Mean OOS Sharpe: 0.229, Mean Hit: 0.506
2025-09-18 04:29:51,311 - INFO - 
2025-09-18 04:29:51,372 - INFO - Stored 150 trained models for production export
2025-09-18 04:29:51,372 - INFO - Processing Fold 10/13
2025-09-18 04:29:51,413 - INFO -   Using multiprocessing with 9 workers
2025-09-18 04:35:23,473 - INFO - Fold 10 Summary:
2025-09-18 04:35:23,479 - INFO -   Best OOS Sharpe: M76 (4.235, p=0.000)
2025-09-18 04:35:23,479 - INFO -   Best Q-Sharpe:  M118 (2.123, OOS_Sharpe=1.326, OOS_Hit=0.525)
2025-09-18 04:35:23,479 - INFO -   Mean OOS Sharpe: 1.256, Mean Hit: 0.538
2025-09-18 04:35:23,479 - INFO - 
2025-09-18 04:35:23,547 - INFO - Stored 150 trained models for production export
2025-09-18 04:35:23,547 - INFO - Processing Fold 11/13
2025-09-18 04:35:23,584 - INFO -   Using multiprocessing with 9 workers
2025-09-18 04:40:57,111 - INFO - Fold 11 Summary:
2025-09-18 04:40:57,119 - INFO -   Best OOS Sharpe: M92 (3.629, p=0.000)
2025-09-18 04:40:57,119 - INFO -   Best Q-Sharpe:  M118 (2.056, OOS_Sharpe=1.451, OOS_Hit=0.575)
2025-09-18 04:40:57,119 - INFO -   Mean OOS Sharpe: 0.758, Mean Hit: 0.529
2025-09-18 04:40:57,119 - INFO - 
2025-09-18 04:40:57,205 - INFO - Stored 150 trained models for production export
2025-09-18 04:40:57,206 - INFO - Processing Fold 12/13
2025-09-18 04:40:57,253 - INFO -   Using multiprocessing with 9 workers
2025-09-18 04:46:58,366 - INFO - Fold 12 Summary:
2025-09-18 04:46:58,373 - INFO -   Best OOS Sharpe: M48 (2.994, p=0.040)
2025-09-18 04:46:58,373 - INFO -   Best Q-Sharpe:  M118 (1.920, OOS_Sharpe=0.698, OOS_Hit=0.536)
2025-09-18 04:46:58,373 - INFO -   Mean OOS Sharpe: 0.138, Mean Hit: 0.532
2025-09-18 04:46:58,373 - INFO - 
2025-09-18 04:46:58,429 - INFO - Stored 150 trained models for production export
2025-09-18 04:46:58,430 - INFO - Processing Fold 13/13
2025-09-18 04:46:58,478 - INFO -   Using multiprocessing with 9 workers
2025-09-18 04:53:34,414 - INFO - Fold 13 Summary:
2025-09-18 04:53:34,421 - INFO -   Best OOS Sharpe: M67 (3.662, p=0.000)
2025-09-18 04:53:34,421 - INFO -   Best Q-Sharpe:  M149 (1.878, OOS_Sharpe=3.173, OOS_Hit=0.599)
2025-09-18 04:53:34,421 - INFO -   Mean OOS Sharpe: 0.844, Mean Hit: 0.536
2025-09-18 04:53:34,421 - INFO - 
2025-09-18 04:53:34,460 - INFO - Stored 150 trained models for production export
2025-09-18 04:53:34,461 - INFO - Starting full timeline backtesting...
2025-09-18 04:53:34,463 - INFO - Running full timeline backtest with 13 folds (0-based indexing)
2025-09-18 04:53:34,463 - INFO - Fold 0 skipped (no prior Q-score history for meaningful selection)
2025-09-18 04:53:34,464 - INFO - Effective backtest period: Folds 1-12 (12 folds)
2025-09-18 04:53:34,464 - INFO - Training period: Folds 1-7
2025-09-18 04:53:34,464 - INFO - Production period: Folds 8-12
2025-09-18 04:53:34,464 - INFO - Using consistent OOS methodology for all folds
2025-09-18 04:53:34,466 - INFO - Fold 0: Skipped (no prior Q-score history for meaningful selection)
2025-09-18 04:53:34,466 - INFO - 
--- Processing fold 1/12 ---
2025-09-18 04:53:34,677 - INFO - Fold 1: Q-scores from fold 0: ['M00:1.372', 'M01:2.926', 'M02:2.692', 'M03:1.507', 'M04:2.100']...
2025-09-18 04:53:34,680 - INFO - Fold 1: Selected models [118, 16, 149, 109, 52, 36, 60, 77] based on fold 0 Q-scores, avg Q-score: 3.478
2025-09-18 04:53:34,733 - INFO - Fold 1 (Training): Sharpe=1.576, Hit=53.9%
2025-09-18 04:53:34,733 - INFO - 
--- Processing fold 2/12 ---
2025-09-18 04:53:35,036 - INFO - Fold 2: Q-scores from fold 1: ['M00:1.437', 'M01:2.687', 'M02:2.268', 'M03:1.291', 'M04:1.873']...
2025-09-18 04:53:35,036 - INFO - Fold 2: Selected models [16, 118, 149, 52, 109, 36, 96, 77] based on fold 1 Q-scores, avg Q-score: 3.273
2025-09-18 04:53:35,047 - INFO - Fold 2 (Training): Sharpe=-1.286, Hit=45.5%
2025-09-18 04:53:35,047 - INFO - 
--- Processing fold 3/12 ---
2025-09-18 04:53:35,225 - INFO - Fold 3: Q-scores from fold 2: ['M00:1.203', 'M01:2.396', 'M02:1.854', 'M03:0.942', 'M04:1.648']...
2025-09-18 04:53:35,225 - INFO - Fold 3: Selected models [16, 118, 149, 109, 52, 96, 145, 77] based on fold 2 Q-scores, avg Q-score: 2.889
2025-09-18 04:53:35,240 - INFO - Fold 3 (Training): Sharpe=-0.885, Hit=50.3%
2025-09-18 04:53:35,240 - INFO - 
--- Processing fold 4/12 ---
2025-09-18 04:53:35,501 - INFO - Fold 4: Q-scores from fold 3: ['M00:1.056', 'M01:2.086', 'M02:1.794', 'M03:0.675', 'M04:1.509']...
2025-09-18 04:53:35,502 - INFO - Fold 4: Selected models [118, 16, 149, 109, 52, 145, 96, 142] based on fold 3 Q-scores, avg Q-score: 2.576
2025-09-18 04:53:35,518 - INFO - Fold 4 (Training): Sharpe=0.161, Hit=53.0%
2025-09-18 04:53:35,518 - INFO - 
--- Processing fold 5/12 ---
2025-09-18 04:53:36,043 - INFO - Fold 5: Q-scores from fold 4: ['M00:1.086', 'M01:1.983', 'M02:1.630', 'M03:0.598', 'M04:1.289']...
2025-09-18 04:53:36,044 - INFO - Fold 5: Selected models [118, 16, 109, 149, 142, 52, 65, 60] based on fold 4 Q-scores, avg Q-score: 2.296
2025-09-18 04:53:36,056 - INFO - Fold 5 (Training): Sharpe=1.098, Hit=53.6%
2025-09-18 04:53:36,056 - INFO - 
--- Processing fold 6/12 ---
2025-09-18 04:53:36,139 - INFO - Fold 6: Q-scores from fold 5: ['M00:1.059', 'M01:1.946', 'M02:1.574', 'M03:0.655', 'M04:1.306']...
2025-09-18 04:53:36,140 - INFO - Fold 6: Selected models [118, 16, 109, 149, 75, 77, 115, 145] based on fold 5 Q-scores, avg Q-score: 2.180
2025-09-18 04:53:36,159 - INFO - Fold 6 (Training): Sharpe=2.994, Hit=57.2%
2025-09-18 04:53:36,159 - INFO - 
--- Processing fold 7/12 ---
2025-09-18 04:53:36,336 - INFO - Fold 7: Q-scores from fold 6: ['M00:0.964', 'M01:2.009', 'M02:1.651', 'M03:0.923', 'M04:1.266']...
2025-09-18 04:53:36,337 - INFO - Fold 7: Selected models [118, 16, 149, 109, 75, 52, 145, 1] based on fold 6 Q-scores, avg Q-score: 2.208
2025-09-18 04:53:36,354 - INFO - Fold 7 (Training): Sharpe=1.980, Hit=53.0%
2025-09-18 04:53:36,354 - INFO - 
--- Processing fold 8/12 ---
2025-09-18 04:53:36,593 - INFO - Fold 8: Q-scores from fold 7: ['M00:1.240', 'M01:1.966', 'M02:1.724', 'M03:1.057', 'M04:1.353']...
2025-09-18 04:53:36,594 - INFO - Fold 8: Selected models [118, 16, 145, 149, 75, 109, 148, 60] based on fold 7 Q-scores, avg Q-score: 2.200
2025-09-18 04:53:36,606 - INFO - Fold 8 (Production): Sharpe=-0.927, Hit=48.8%
2025-09-18 04:53:36,606 - INFO - 
--- Processing fold 9/12 ---
2025-09-18 04:53:36,807 - INFO - Fold 9: Q-scores from fold 8: ['M00:1.031', 'M01:1.596', 'M02:1.566', 'M03:0.930', 'M04:1.252']...
2025-09-18 04:53:36,807 - INFO - Fold 9: Selected models [118, 16, 145, 149, 109, 148, 97, 75] based on fold 8 Q-scores, avg Q-score: 1.993
2025-09-18 04:53:36,822 - INFO - Fold 9 (Production): Sharpe=1.950, Hit=54.4%
2025-09-18 04:53:36,822 - INFO - 
--- Processing fold 10/12 ---
2025-09-18 04:53:36,921 - INFO - Fold 10: Q-scores from fold 9: ['M00:1.025', 'M01:1.686', 'M02:1.736', 'M03:0.723', 'M04:1.239']...
2025-09-18 04:53:36,922 - INFO - Fold 10: Selected models [118, 16, 145, 149, 109, 60, 115, 52] based on fold 9 Q-scores, avg Q-score: 1.941
2025-09-18 04:53:36,938 - INFO - Fold 10 (Production): Sharpe=1.166, Hit=56.0%
2025-09-18 04:53:36,938 - INFO - 
--- Processing fold 11/12 ---
2025-09-18 04:53:37,068 - INFO - Fold 11: Q-scores from fold 10: ['M00:0.973', 'M01:1.621', 'M02:1.555', 'M03:0.726', 'M04:1.131']...
2025-09-18 04:53:37,068 - INFO - Fold 11: Selected models [118, 149, 109, 145, 16, 92, 52, 8] based on fold 10 Q-scores, avg Q-score: 1.875
2025-09-18 04:53:37,085 - INFO - Fold 11 (Production): Sharpe=0.695, Hit=57.3%
2025-09-18 04:53:37,085 - INFO - 
--- Processing fold 12/12 ---
2025-09-18 04:53:37,211 - INFO - Fold 12: Q-scores from fold 11: ['M00:0.770', 'M01:1.428', 'M02:1.543', 'M03:0.796', 'M04:1.055']...
2025-09-18 04:53:37,212 - INFO - Fold 12: Selected models [118, 145, 16, 92, 109, 149, 48, 63] based on fold 11 Q-scores, avg Q-score: 1.763
2025-09-18 04:53:37,218 - INFO - Fold 12 (Production): Sharpe=1.125, Hit=54.7%
2025-09-18 04:53:37,222 - INFO - Training Period Overall: Sharpe=0.921, Hit=52.4%
2025-09-18 04:53:37,223 - INFO - Production Period Overall: Sharpe=0.730, Hit=54.2%
2025-09-18 04:53:37,224 - INFO - Full Timeline Overall: Sharpe=0.837, Hit=53.1%
2025-09-18 04:53:37,225 - INFO - Training: Sharpe=0.921 | Hit=52.4% | Return=18.12%
2025-09-18 04:53:37,225 - INFO - Production: Sharpe=0.730 | Hit=54.2% | Return=15.62%
2025-09-18 04:53:37,225 - INFO - Full Timeline: Sharpe=0.837 | Hit=53.1% | Return=17.07%
2025-09-18 04:53:37,225 - INFO - Generating visualizations...
2025-09-18 04:53:37,230 - INFO - Creating clean visualizations for 150 models...
2025-09-18 04:53:44,400 - INFO - Clean fold-by-fold analysis saved to: 20250918_034727_fold_@RTY#C_150models_15folds_RTY8_150M_15F_std_binary.png
2025-09-18 04:53:49,735 - INFO - Detailed production analysis saved to: 20250918_034727_backtest_@RTY#C_150models_15folds_RTY8_150M_15F_std_binary.png
2025-09-18 04:53:49,736 - INFO - ================================================================================
2025-09-18 04:53:49,737 - INFO - BACKTEST SUMMARY
2025-09-18 04:53:49,737 - INFO - ================================================================================
2025-09-18 04:53:49,737 - INFO - Config: Cutoff=70%, Top N=5, Q-Metric=sharpe, Reselection=1 fold(s)
2025-09-18 04:53:49,737 - INFO - Model Selection History:
2025-09-18 04:53:49,737 - INFO -   Fold 1: M118, M16, M149, M109, M52, M36, M60, M77 (Avg Q-sharpe: 3.478)
2025-09-18 04:53:49,737 - INFO -   Fold 2: M16, M118, M149, M52, M109, M36, M96, M77 (Avg Q-sharpe: 3.273)
2025-09-18 04:53:49,737 - INFO -   Fold 3: M16, M118, M149, M109, M52, M96, M145, M77 (Avg Q-sharpe: 2.889)
2025-09-18 04:53:49,737 - INFO -   Fold 4: M118, M16, M149, M109, M52, M145, M96, M142 (Avg Q-sharpe: 2.576)
2025-09-18 04:53:49,737 - INFO -   Fold 5: M118, M16, M109, M149, M142, M52, M65, M60 (Avg Q-sharpe: 2.296)
2025-09-18 04:53:49,737 - INFO -   Fold 6: M118, M16, M109, M149, M75, M77, M115, M145 (Avg Q-sharpe: 2.180)
2025-09-18 04:53:49,737 - INFO -   Fold 7: M118, M16, M149, M109, M75, M52, M145, M01 (Avg Q-sharpe: 2.208)
2025-09-18 04:53:49,737 - INFO -   Fold 8: M118, M16, M145, M149, M75, M109, M148, M60 (Avg Q-sharpe: 2.200)
2025-09-18 04:53:49,737 - INFO -   Fold 9: M118, M16, M145, M149, M109, M148, M97, M75 (Avg Q-sharpe: 1.993)
2025-09-18 04:53:49,737 - INFO -   Fold 10: M118, M16, M145, M149, M109, M60, M115, M52 (Avg Q-sharpe: 1.941)
2025-09-18 04:53:49,737 - INFO -   Fold 11: M118, M149, M109, M145, M16, M92, M52, M08 (Avg Q-sharpe: 1.875)
2025-09-18 04:53:49,737 - INFO -   Fold 12: M118, M145, M16, M92, M109, M149, M48, M63 (Avg Q-sharpe: 1.763)
2025-09-18 04:53:49,737 - INFO - 
2025-09-18 04:53:49,737 - INFO - Fold-by-Fold Performance:
2025-09-18 04:53:49,737 - INFO -   Fold 1: M118, M16, M149, M109, M52, M36, M60, M77 | Sharpe=1.576 | Hit=53.9% | Samples=181
2025-09-18 04:53:49,737 - INFO -   Fold 2: M16, M118, M149, M52, M109, M36, M96, M77 | Sharpe=-1.286 | Hit=45.5% | Samples=181
2025-09-18 04:53:49,737 - INFO -   Fold 3: M16, M118, M149, M109, M52, M96, M145, M77 | Sharpe=-0.885 | Hit=50.3% | Samples=181
2025-09-18 04:53:49,737 - INFO -   Fold 4: M118, M16, M149, M109, M52, M145, M96, M142 | Sharpe=0.161 | Hit=53.0% | Samples=181
2025-09-18 04:53:49,737 - INFO -   Fold 5: M118, M16, M109, M149, M142, M52, M65, M60 | Sharpe=1.098 | Hit=53.6% | Samples=181
2025-09-18 04:53:49,737 - INFO -   Fold 6: M118, M16, M109, M149, M75, M77, M115, M145 | Sharpe=2.994 | Hit=57.2% | Samples=181
2025-09-18 04:53:49,737 - INFO -   Fold 7: M118, M16, M149, M109, M75, M52, M145, M01 | Sharpe=1.980 | Hit=53.0% | Samples=181
2025-09-18 04:53:49,737 - INFO -   Fold 8: M118, M16, M145, M149, M75, M109, M148, M60 | Sharpe=-0.927 | Hit=48.8% | Samples=181
2025-09-18 04:53:49,737 - INFO -   Fold 9: M118, M16, M145, M149, M109, M148, M97, M75 | Sharpe=1.950 | Hit=54.4% | Samples=181
2025-09-18 04:53:49,737 - INFO -   Fold 10: M118, M16, M145, M149, M109, M60, M115, M52 | Sharpe=1.166 | Hit=56.0% | Samples=181
2025-09-18 04:53:49,738 - INFO -   Fold 11: M118, M149, M109, M145, M16, M92, M52, M08 | Sharpe=0.695 | Hit=57.3% | Samples=181
2025-09-18 04:53:49,738 - INFO -   Fold 12: M118, M145, M16, M92, M109, M149, M48, M63 | Sharpe=1.125 | Hit=54.7% | Samples=192
2025-09-18 04:53:49,738 - INFO - ================================================================================
2025-09-18 04:53:49,738 - INFO - ================================================================================
2025-09-18 04:53:49,738 - INFO - ANALYSIS COMPLETED SUCCESSFULLY!
2025-09-18 04:53:49,738 - INFO - ================================================================================
2025-09-18 04:53:49,738 - INFO - Generated 2 visualization files
2025-09-18 04:53:49,738 - INFO -   - 20250918_034727_fold_@RTY#C_150models_15folds_RTY8_150M_15F_std_binary.png
2025-09-18 04:53:49,738 - INFO -   - 20250918_034727_backtest_@RTY#C_150models_15folds_RTY8_150M_15F_std_binary.png
2025-09-18 04:53:49,738 - INFO - Training Final: Sharpe=0.921 | Hit=52.4% | Return=18.12% | CB=0.349
2025-09-18 04:53:49,738 - INFO - Production Final: Sharpe=0.730 | Hit=54.2% | Return=15.62% | CB=0.703
2025-09-18 04:53:49,738 - INFO - Full Timeline Final: Sharpe=0.837 | Hit=53.1% | Return=17.07% | CB=0.329
2025-09-18 04:53:49,738 - INFO - ============================================================
2025-09-18 04:53:49,739 - INFO - EXPORTING PRODUCTION MODELS (Consolidated File)
2025-09-18 04:53:49,739 - INFO - ============================================================
2025-09-18 04:53:49,739 - INFO - Backtest results keys: ['full_timeline_metrics', 'training_metrics', 'production_metrics', 'model_selection_history', 'fold_results', 'full_timeline_returns', 'training_returns', 'production_returns', 'full_timeline_predictions', 'full_timeline_dates', 'cutoff_fold', 'training_folds', 'production_folds']
2025-09-18 04:53:49,739 - INFO - Model selection history length: 12
2025-09-18 04:53:49,739 - INFO - Final selection keys: ['fold', 'selection_based_on_fold', 'selected_models', 'avg_q_score', 'period_type']
2025-09-18 04:53:49,739 - INFO - Final fold selected models: [118, 145, 16, 92, 109, 149, 48, 63]
2025-09-18 04:53:49,739 - INFO - All fold results type: <class 'dict'>
2025-09-18 04:53:49,739 - INFO - All fold results keys/length: ['fold_1', 'fold_2', 'fold_3', 'fold_4', 'fold_5', 'fold_6', 'fold_7', 'fold_8', 'fold_9', 'fold_10', 'fold_11', 'fold_12', 'fold_13']
2025-09-18 04:53:49,739 - INFO - Available fold indices: [0, 1, 2, 3, 4, 5, 6, 7, 8, 9, 10, 11, 12]
2025-09-18 04:53:49,739 - INFO - Using fold index 11 (key: fold_12) as production fold
2025-09-18 04:53:49,739 - INFO - Final fold keys: ['results_df', 'model_metrics', 'oos_predictions', 'test_idx', 'trained_models', 'model_specs']
2025-09-18 04:53:49,739 - INFO - Trained models available: [0, 1, 2, 3, 4, 5, 6, 7, 8, 9, 10, 11, 12, 13, 14, 15, 16, 17, 18, 19, 20, 21, 22, 23, 24, 25, 26, 27, 28, 29, 30, 31, 32, 33, 34, 35, 36, 37, 38, 39, 40, 41, 42, 43, 44, 45, 46, 47, 48, 49, 50, 51, 52, 53, 54, 55, 56, 57, 58, 59, 60, 61, 62, 63, 64, 65, 66, 67, 68, 69, 70, 71, 72, 73, 74, 75, 76, 77, 78, 79, 80, 81, 82, 83, 84, 85, 86, 87, 88, 89, 90, 91, 92, 93, 94, 95, 96, 97, 98, 99, 100, 101, 102, 103, 104, 105, 106, 107, 108, 109, 110, 111, 112, 113, 114, 115, 116, 117, 118, 119, 120, 121, 122, 123, 124, 125, 126, 127, 128, 129, 130, 131, 132, 133, 134, 135, 136, 137, 138, 139, 140, 141, 142, 143, 144, 145, 146, 147, 148, 149]
2025-09-18 04:53:49,739 - INFO - Added model M118 -> model_01 with all 100 features (framework standard)
2025-09-18 04:53:49,739 - INFO - Added model M145 -> model_02 with all 100 features (framework standard)
2025-09-18 04:53:49,740 - INFO - Added model M16 -> model_03 with all 100 features (framework standard)
2025-09-18 04:53:49,740 - INFO - Added model M92 -> model_04 with all 100 features (framework standard)
2025-09-18 04:53:49,740 - INFO - Added model M109 -> model_05 with all 100 features (framework standard)
2025-09-18 04:53:49,740 - INFO - Added model M149 -> model_06 with all 100 features (framework standard)
2025-09-18 04:53:49,740 - INFO - Added model M48 -> model_07 with all 100 features (framework standard)
2025-09-18 04:53:49,740 - INFO - Added model M63 -> model_08 with all 100 features (framework standard)
2025-09-18 04:53:49,740 - INFO - Extracted 8 selected models
2025-09-18 04:53:49,787 - INFO - SUCCESS: Exported 8 selected models to /Users/steven/Projects/SQ/bond_ls_xgb_grope_full_v6/PROD/models/@RTY#C_20250918_034727.pkl
2025-09-18 04:53:49,788 - INFO - File size: 2,468,344 bytes
2025-09-18 04:53:49,788 - INFO - Selected features: 100 features
2025-09-18 04:53:49,788 - INFO - Selected models: [118, 145, 16, 92, 109, 149, 48, 63]
2025-09-18 04:53:49,788 - INFO - ============================================================
2025-09-18 04:53:49,788 - INFO - EXPORTING SIGNAL DISTRIBUTION
2025-09-18 04:53:49,788 - INFO - ============================================================
2025-09-18 04:53:49,788 - INFO - Timeline data: 2183 points
2025-09-18 04:53:49,871 - INFO - SUCCESS: Exported signal distribution to /Users/steven/Projects/SQ/bond_ls_xgb_grope_full_v6/xgb_compare/results/20250918_034727_signal_distribution_RTY8_150M_15F_std_binary.csv
2025-09-18 04:53:49,871 - INFO - Records: 2,183
2025-09-18 04:53:49,873 - INFO - Date range: 2017-02-09 12:00:00 to 2025-07-30 12:00:00
2025-09-18 04:53:49,876 - INFO - Signal directions: {1: 1107, -1: 890, 0: 186}
2025-09-18 04:53:49,876 - INFO - Signal range: -1.000000 to 1.000000
2025-09-18 04:53:49,876 - INFO - Hit rate: 0.476
2025-09-18 04:53:49,876 - INFO - Total PnL: 0.595265
