2025-09-17 00:53:36,261 - INFO - ================================================================================
2025-09-17 00:53:36,261 - INFO - XGBoost Comparison Framework
2025-09-17 00:53:36,261 - INFO - ================================================================================
2025-09-17 00:53:36,261 - INFO - Configuration:
2025-09-17 00:53:36,261 - INFO -   Target Symbol: @SM#C
2025-09-17 00:53:36,261 - INFO -   Date Range: 2015-01-01 to 2025-08-01
2025-09-17 00:53:36,261 - INFO -   Models: 100, Type: standard
2025-09-17 00:53:36,261 - INFO -   Folds: 15
2025-09-17 00:53:36,261 - INFO -   Max Features: 100 (Limited)
2025-09-17 00:53:36,261 - INFO -   Feature Selection: Enabled
2025-09-17 00:53:36,261 - INFO -   Inner Val Fraction: 0.2
2025-09-17 00:53:36,261 - INFO -   EWMA Alpha: 0.1, Quality Halflife: 63 days
2025-09-17 00:53:36,261 - INFO -   Signal Type: Binary (+1/-1)
2025-09-17 00:53:36,261 - INFO -   Cross-validation: Expanding window
2025-09-17 00:53:36,261 - INFO -   Production: Cutoff=0.6, Top N=5, Q-Metric=sharpe
2025-09-17 00:53:36,261 - INFO -   Reselection: Every 1 fold(s)
2025-09-17 00:53:36,261 - INFO - 
2025-09-17 00:53:48,543 - INFO - Dropped 74 rows due to NaN in target column @SM#C_target_return
2025-09-17 00:53:49,117 - INFO - Loaded: X=(2661, 1906), y=(2661,)
2025-09-17 00:54:51,589 - INFO - Selected 100 features (threshold: 0.7)
2025-09-17 00:54:51,614 - INFO - Selected: 100 features
2025-09-17 00:54:51,889 - INFO - GPU detection: XGBoost not compiled with CUDA support - using CPU
2025-09-17 00:54:51,889 - INFO - Processing mode: CPU multiprocessing (GPU: False, Total models: 1500)
2025-09-17 00:54:51,900 - INFO - GPU detection: XGBoost not compiled with CUDA support - using CPU
2025-09-17 00:54:51,904 - INFO - Using expanding window
2025-09-17 00:54:51,905 - INFO - Starting analysis: 100 standard models x 13 folds
2025-09-17 00:54:51,905 - INFO - Processing Fold 1/13
2025-09-17 00:54:51,913 - INFO -   Using multiprocessing with 9 workers
