2025-09-13 08:17:02,416 - INFO - ================================================================================
2025-09-13 08:17:02,417 - INFO - XGBoost Comparison Framework
2025-09-13 08:17:02,417 - INFO - ================================================================================
2025-09-13 08:17:02,417 - INFO - Configuration:
2025-09-13 08:17:02,417 - INFO -   Target Symbol: @ES#C
2025-09-13 08:17:02,417 - INFO -   Date Range: 2015-01-01 to 2025-08-01
2025-09-13 08:17:02,417 - INFO -   Models: 100, Type: deep
2025-09-13 08:17:02,417 - INFO -   Folds: 15
2025-09-13 08:17:02,417 - INFO -   Max Features: 250 (Limited)
2025-09-13 08:17:02,417 - INFO -   Feature Selection: Enabled
2025-09-13 08:17:02,417 - INFO -   Inner Val Fraction: 0.2
2025-09-13 08:17:02,417 - INFO -   EWMA Alpha: 0.1, Quality Halflife: 63 days
2025-09-13 08:17:02,417 - INFO -   Signal Type: Tanh Normalized
2025-09-13 08:17:02,417 - INFO -   Cross-validation: Expanding window
2025-09-13 08:17:02,417 - INFO -   Production: Cutoff=0.6, Top N=5, Q-Metric=sharpe
2025-09-13 08:17:02,417 - INFO -   Reselection: Every 1 fold(s)
2025-09-13 08:17:02,417 - INFO - 
2025-09-13 08:17:08,566 - INFO - Dropped 8 rows due to NaN in target column @ES#C_target_return
2025-09-13 08:17:08,778 - INFO - Loaded: X=(2727, 1906), y=(2727,)
2025-09-13 08:17:37,001 - INFO - Selected 250 features (threshold: 0.7)
2025-09-13 08:17:37,017 - INFO - Selected: 250 features
2025-09-13 08:17:37,464 - INFO - GPU detection: CUDA GPU available and working
2025-09-13 08:17:37,464 - INFO - Processing mode: GPU sequential (GPU: True, Total models: 1500)
2025-09-13 08:17:37,571 - INFO - GPU detection: CUDA GPU available and working
2025-09-13 08:17:37,574 - INFO - Using expanding window
2025-09-13 08:17:37,574 - INFO - Starting analysis: 100 deep models x 13 folds
2025-09-13 08:17:37,574 - INFO - Processing Fold 1/13
2025-09-13 08:17:37,582 - INFO -   Using GPU sequential processing
2025-09-13 08:27:37,720 - INFO - Fold 1 Summary:
2025-09-13 08:27:37,720 - INFO -   Best OOS Sharpe: M89 (1.439, p=0.200)
2025-09-13 08:27:37,720 - INFO -   Best Q-Sharpe:  M89 (1.439, OOS_Sharpe=1.439, OOS_Hit=0.575)
2025-09-13 08:27:37,720 - INFO -   Mean OOS Sharpe: -0.075, Mean Hit: 0.534
2025-09-13 08:27:37,720 - INFO - 
2025-09-13 08:27:37,723 - INFO - Processing Fold 2/13
2025-09-13 08:27:37,730 - INFO -   Using GPU sequential processing
2025-09-13 08:42:19,381 - INFO - Fold 2 Summary:
2025-09-13 08:42:19,381 - INFO -   Best OOS Sharpe: M46 (1.426, p=0.230)
2025-09-13 08:42:19,381 - INFO -   Best Q-Sharpe:  M89 (1.111, OOS_Sharpe=-1.837, OOS_Hit=0.436)
2025-09-13 08:42:19,381 - INFO -   Mean OOS Sharpe: -1.060, Mean Hit: 0.452
2025-09-13 08:42:19,381 - INFO - 
2025-09-13 08:42:19,384 - INFO - Processing Fold 3/13
2025-09-13 08:42:19,393 - INFO -   Using GPU sequential processing
2025-09-13 08:58:09,673 - INFO - Fold 3 Summary:
2025-09-13 08:58:09,673 - INFO -   Best OOS Sharpe: M79 (3.313, p=0.000)
2025-09-13 08:58:09,673 - INFO -   Best Q-Sharpe:  M35 (1.068, OOS_Sharpe=1.302, OOS_Hit=0.558)
2025-09-13 08:58:09,673 - INFO -   Mean OOS Sharpe: 0.781, Mean Hit: 0.518
2025-09-13 08:58:09,673 - INFO - 
2025-09-13 08:58:09,676 - INFO - Processing Fold 4/13
2025-09-13 08:58:09,684 - INFO -   Using GPU sequential processing
2025-09-13 09:14:55,934 - INFO - Fold 4 Summary:
2025-09-13 09:14:55,934 - INFO -   Best OOS Sharpe: M42 (3.065, p=0.010)
2025-09-13 09:14:55,934 - INFO -   Best Q-Sharpe:  M89 (1.112, OOS_Sharpe=2.124, OOS_Hit=0.536)
2025-09-13 09:14:55,934 - INFO -   Mean OOS Sharpe: 0.921, Mean Hit: 0.499
2025-09-13 09:14:55,934 - INFO - 
2025-09-13 09:14:55,938 - INFO - Processing Fold 5/13
2025-09-13 09:14:55,951 - INFO -   Using GPU sequential processing
2025-09-13 09:31:38,074 - INFO - Fold 5 Summary:
2025-09-13 09:31:38,074 - INFO -   Best OOS Sharpe: M76 (2.032, p=0.120)
2025-09-13 09:31:38,074 - INFO -   Best Q-Sharpe:  M38 (0.955, OOS_Sharpe=1.044, OOS_Hit=0.508)
2025-09-13 09:31:38,075 - INFO -   Mean OOS Sharpe: 0.138, Mean Hit: 0.516
2025-09-13 09:31:38,075 - INFO - 
2025-09-13 09:31:38,079 - INFO - Processing Fold 6/13
2025-09-13 09:31:38,090 - INFO -   Using GPU sequential processing
2025-09-13 09:49:20,119 - INFO - Fold 6 Summary:
2025-09-13 09:49:20,119 - INFO -   Best OOS Sharpe: M27 (2.535, p=0.020)
2025-09-13 09:49:20,119 - INFO -   Best Q-Sharpe:  M30 (0.882, OOS_Sharpe=1.454, OOS_Hit=0.508)
2025-09-13 09:49:20,119 - INFO -   Mean OOS Sharpe: 0.378, Mean Hit: 0.500
2025-09-13 09:49:20,119 - INFO - 
2025-09-13 09:49:20,122 - INFO - Processing Fold 7/13
2025-09-13 09:49:20,130 - INFO -   Using GPU sequential processing
2025-09-13 10:06:02,616 - INFO - Fold 7 Summary:
2025-09-13 10:06:02,616 - INFO -   Best OOS Sharpe: M05 (3.294, p=0.020)
2025-09-13 10:06:02,616 - INFO -   Best Q-Sharpe:  M30 (0.894, OOS_Sharpe=1.005, OOS_Hit=0.525)
2025-09-13 10:06:02,616 - INFO -   Mean OOS Sharpe: 1.182, Mean Hit: 0.503
2025-09-13 10:06:02,616 - INFO - 
2025-09-13 10:06:02,624 - INFO - Processing Fold 8/13
2025-09-13 10:06:02,634 - INFO -   Using GPU sequential processing
2025-09-13 10:22:12,727 - INFO - Fold 8 Summary:
2025-09-13 10:22:12,728 - INFO -   Best OOS Sharpe: M90 (2.490, p=0.060)
2025-09-13 10:22:12,728 - INFO -   Best Q-Sharpe:  M05 (0.961, OOS_Sharpe=1.698, OOS_Hit=0.547)
2025-09-13 10:22:12,728 - INFO -   Mean OOS Sharpe: 0.743, Mean Hit: 0.495
2025-09-13 10:22:12,728 - INFO - 
2025-09-13 10:22:12,731 - INFO - Processing Fold 9/13
2025-09-13 10:22:12,740 - INFO -   Using GPU sequential processing
2025-09-13 10:37:41,007 - INFO - Fold 9 Summary:
2025-09-13 10:37:41,007 - INFO -   Best OOS Sharpe: M80 (4.017, p=0.000)
2025-09-13 10:37:41,007 - INFO -   Best Q-Sharpe:  M24 (1.064, OOS_Sharpe=2.934, OOS_Hit=0.558)
2025-09-13 10:37:41,007 - INFO -   Mean OOS Sharpe: 1.809, Mean Hit: 0.520
2025-09-13 10:37:41,007 - INFO - 
2025-09-13 10:37:41,011 - INFO - Processing Fold 10/13
2025-09-13 10:37:41,021 - INFO -   Using GPU sequential processing
2025-09-13 10:51:00,399 - INFO - Fold 10 Summary:
2025-09-13 10:51:00,400 - INFO -   Best OOS Sharpe: M12 (3.343, p=0.000)
2025-09-13 10:51:00,400 - INFO -   Best Q-Sharpe:  M05 (1.124, OOS_Sharpe=1.721, OOS_Hit=0.547)
2025-09-13 10:51:00,400 - INFO -   Mean OOS Sharpe: 1.457, Mean Hit: 0.524
2025-09-13 10:51:00,400 - INFO - 
2025-09-13 10:51:00,403 - INFO - Processing Fold 11/13
2025-09-13 10:51:00,413 - INFO -   Using GPU sequential processing
2025-09-13 10:59:51,564 - INFO - Fold 11 Summary:
2025-09-13 10:59:51,564 - INFO -   Best OOS Sharpe: M40 (2.341, p=0.040)
2025-09-13 10:59:51,564 - INFO -   Best Q-Sharpe:  M05 (1.092, OOS_Sharpe=0.805, OOS_Hit=0.508)
2025-09-13 10:59:51,564 - INFO -   Mean OOS Sharpe: 0.617, Mean Hit: 0.529
2025-09-13 10:59:51,564 - INFO - 
2025-09-13 10:59:51,569 - INFO - Processing Fold 12/13
2025-09-13 10:59:51,580 - INFO -   Using GPU sequential processing
2025-09-13 11:07:12,727 - INFO - Fold 12 Summary:
2025-09-13 11:07:12,727 - INFO -   Best OOS Sharpe: M01 (3.034, p=0.020)
2025-09-13 11:07:12,727 - INFO -   Best Q-Sharpe:  M77 (1.142, OOS_Sharpe=1.724, OOS_Hit=0.547)
2025-09-13 11:07:12,728 - INFO -   Mean OOS Sharpe: 0.289, Mean Hit: 0.501
2025-09-13 11:07:12,728 - INFO - 
2025-09-13 11:07:12,731 - INFO - Processing Fold 13/13
2025-09-13 11:07:12,745 - INFO -   Using GPU sequential processing
2025-09-13 11:13:50,261 - INFO - Fold 13 Summary:
2025-09-13 11:13:50,261 - INFO -   Best OOS Sharpe: M61 (3.712, p=0.000)
2025-09-13 11:13:50,261 - INFO -   Best Q-Sharpe:  M77 (1.252, OOS_Sharpe=2.242, OOS_Hit=0.549)
2025-09-13 11:13:50,261 - INFO -   Mean OOS Sharpe: 2.278, Mean Hit: 0.555
2025-09-13 11:13:50,261 - INFO - 
2025-09-13 11:13:50,269 - INFO - Starting full timeline backtesting...
2025-09-13 11:13:50,269 - INFO - Running full timeline backtest with 13 folds (0-based indexing)
2025-09-13 11:13:50,269 - INFO - Fold 0 skipped (no prior Q-score history for meaningful selection)
2025-09-13 11:13:50,269 - INFO - Effective backtest period: Folds 1-12 (12 folds)
2025-09-13 11:13:50,269 - INFO - Training period: Folds 1-7
2025-09-13 11:13:50,269 - INFO - Production period: Folds 8-12
2025-09-13 11:13:50,269 - INFO - Using consistent OOS methodology for all folds
2025-09-13 11:13:50,269 - INFO - Fold 0: Skipped (no prior Q-score history for meaningful selection)
2025-09-13 11:13:50,269 - INFO - 
--- Processing fold 1/12 ---
2025-09-13 11:13:50,296 - INFO - Fold 1: Q-scores from fold 0: ['M00:-1.868', 'M01:-0.451', 'M02:-1.510', 'M03:0.580', 'M04:-0.139']...
2025-09-13 11:13:50,297 - INFO - Fold 1: Selected models [89, 35, 22, 63, 38] based on fold 0 Q-scores, avg Q-score: 1.227
2025-09-13 11:13:50,298 - INFO - Fold 1 (Training): Sharpe=-1.679, Hit=42.5%
2025-09-13 11:13:50,298 - INFO - 
--- Processing fold 2/12 ---
2025-09-13 11:13:50,315 - INFO - Fold 2: Q-scores from fold 1: ['M00:-1.738', 'M01:-0.691', 'M02:-1.459', 'M03:0.513', 'M04:-0.309']...
2025-09-13 11:13:50,316 - INFO - Fold 2: Selected models [89, 35, 38, 63, 22] based on fold 1 Q-scores, avg Q-score: 0.979
2025-09-13 11:13:50,316 - INFO - Fold 2 (Training): Sharpe=0.799, Hit=53.0%
2025-09-13 11:13:50,316 - INFO - 
--- Processing fold 3/12 ---
2025-09-13 11:13:50,332 - INFO - Fold 3: Q-scores from fold 2: ['M00:-1.557', 'M01:-0.664', 'M02:-1.351', 'M03:0.475', 'M04:-0.203']...
2025-09-13 11:13:50,333 - INFO - Fold 3: Selected models [35, 89, 38, 47, 22] based on fold 2 Q-scores, avg Q-score: 0.951
2025-09-13 11:13:50,333 - INFO - Fold 3 (Training): Sharpe=1.048, Hit=49.7%
2025-09-13 11:13:50,333 - INFO - 
--- Processing fold 4/12 ---
2025-09-13 11:13:50,349 - INFO - Fold 4: Q-scores from fold 3: ['M00:-1.381', 'M01:-0.430', 'M02:-1.298', 'M03:0.514', 'M04:-0.157']...
2025-09-13 11:13:50,349 - INFO - Fold 4: Selected models [89, 35, 30, 38, 77] based on fold 3 Q-scores, avg Q-score: 0.990
2025-09-13 11:13:50,351 - INFO - Fold 4 (Training): Sharpe=-0.449, Hit=51.4%
2025-09-13 11:13:50,351 - INFO - 
--- Processing fold 5/12 ---
2025-09-13 11:13:50,367 - INFO - Fold 5: Q-scores from fold 4: ['M00:-1.179', 'M01:-0.388', 'M02:-1.128', 'M03:0.430', 'M04:-0.001']...
2025-09-13 11:13:50,367 - INFO - Fold 5: Selected models [38, 89, 63, 35, 30] based on fold 4 Q-scores, avg Q-score: 0.882
2025-09-13 11:13:50,368 - INFO - Fold 5 (Training): Sharpe=-0.019, Hit=49.7%
2025-09-13 11:13:50,369 - INFO - 
--- Processing fold 6/12 ---
2025-09-13 11:13:50,389 - INFO - Fold 6: Q-scores from fold 5: ['M00:-1.047', 'M01:-0.200', 'M02:-0.941', 'M03:0.418', 'M04:-0.016']...
2025-09-13 11:13:50,389 - INFO - Fold 6: Selected models [30, 35, 89, 63, 47] based on fold 5 Q-scores, avg Q-score: 0.799
2025-09-13 11:13:50,390 - INFO - Fold 6 (Training): Sharpe=0.558, Hit=51.4%
2025-09-13 11:13:50,391 - INFO - 
--- Processing fold 7/12 ---
2025-09-13 11:13:50,408 - INFO - Fold 7: Q-scores from fold 6: ['M00:-0.991', 'M01:0.060', 'M02:-0.786', 'M03:0.564', 'M04:0.196']...
2025-09-13 11:13:50,409 - INFO - Fold 7: Selected models [30, 5, 71, 77, 35] based on fold 6 Q-scores, avg Q-score: 0.849
2025-09-13 11:13:50,410 - INFO - Fold 7 (Training): Sharpe=1.315, Hit=47.5%
2025-09-13 11:13:50,410 - INFO - 
--- Processing fold 8/12 ---
2025-09-13 11:13:50,433 - INFO - Fold 8: Q-scores from fold 7: ['M00:-0.782', 'M01:0.080', 'M02:-0.770', 'M03:0.683', 'M04:0.144']...
2025-09-13 11:13:50,433 - INFO - Fold 8: Selected models [5, 30, 24, 35, 77] based on fold 7 Q-scores, avg Q-score: 0.878
2025-09-13 11:13:50,434 - INFO - Fold 8 (Production): Sharpe=2.586, Hit=55.2%
2025-09-13 11:13:50,434 - INFO - 
--- Processing fold 9/12 ---
2025-09-13 11:13:50,451 - INFO - Fold 9: Q-scores from fold 8: ['M00:-0.405', 'M01:0.215', 'M02:-0.692', 'M03:0.812', 'M04:0.338']...
2025-09-13 11:13:50,451 - INFO - Fold 9: Selected models [24, 5, 35, 30, 71] based on fold 8 Q-scores, avg Q-score: 1.013
2025-09-13 11:13:50,452 - INFO - Fold 9 (Production): Sharpe=1.460, Hit=52.5%
2025-09-13 11:13:50,452 - INFO - 
--- Processing fold 10/12 ---
2025-09-13 11:13:50,469 - INFO - Fold 10: Q-scores from fold 9: ['M00:-0.227', 'M01:0.434', 'M02:-0.521', 'M03:1.045', 'M04:0.414']...
2025-09-13 11:13:50,469 - INFO - Fold 10: Selected models [5, 77, 63, 3, 71] based on fold 9 Q-scores, avg Q-score: 1.076
2025-09-13 11:13:50,471 - INFO - Fold 10 (Production): Sharpe=0.363, Hit=50.3%
2025-09-13 11:13:50,471 - INFO - 
--- Processing fold 11/12 ---
2025-09-13 11:13:50,495 - INFO - Fold 11: Q-scores from fold 10: ['M00:-0.119', 'M01:0.445', 'M02:-0.294', 'M03:0.929', 'M04:0.490']...
2025-09-13 11:13:50,495 - INFO - Fold 11: Selected models [5, 77, 81, 38, 63] based on fold 10 Q-scores, avg Q-score: 1.018
2025-09-13 11:13:50,496 - INFO - Fold 11 (Production): Sharpe=1.478, Hit=52.5%
2025-09-13 11:13:50,497 - INFO - 
--- Processing fold 12/12 ---
2025-09-13 11:13:50,515 - INFO - Fold 12: Q-scores from fold 11: ['M00:0.004', 'M01:0.704', 'M02:-0.031', 'M03:0.835', 'M04:0.375']...
2025-09-13 11:13:50,515 - INFO - Fold 12: Selected models [77, 38, 63, 81, 5] based on fold 11 Q-scores, avg Q-score: 1.030
2025-09-13 11:13:50,516 - INFO - Fold 12 (Production): Sharpe=3.405, Hit=60.1%
2025-09-13 11:13:50,517 - INFO - Training Period Overall: Sharpe=0.317, Hit=49.3%
2025-09-13 11:13:50,518 - INFO - Production Period Overall: Sharpe=2.012, Hit=54.2%
2025-09-13 11:13:50,519 - INFO - Full Timeline Overall: Sharpe=0.992, Hit=51.4%
2025-09-13 11:13:50,519 - INFO - Training: Sharpe=0.317 | Hit=49.3% | Return=2.83%
2025-09-13 11:13:50,519 - INFO - Production: Sharpe=2.012 | Hit=54.2% | Return=16.47%
2025-09-13 11:13:50,519 - INFO - Full Timeline: Sharpe=0.992 | Hit=51.4% | Return=8.56%
2025-09-13 11:13:50,519 - INFO - Generating visualizations...
2025-09-13 11:13:50,519 - INFO - Creating clean visualizations for 100 models...
2025-09-13 11:13:53,456 - INFO - Clean fold-by-fold analysis saved to: 20250913_081702_fold_@ES#C_100models_15folds_v2_S4.1_ES_250feat_deep_15F.png
2025-09-13 11:13:55,778 - INFO - Detailed production analysis saved to: 20250913_081702_backtest_@ES#C_100models_15folds_v2_S4.1_ES_250feat_deep_15F.png
2025-09-13 11:13:55,778 - INFO - ================================================================================
2025-09-13 11:13:55,778 - INFO - BACKTEST SUMMARY
2025-09-13 11:13:55,778 - INFO - ================================================================================
2025-09-13 11:13:55,778 - INFO - Config: Cutoff=70%, Top N=5, Q-Metric=sharpe, Reselection=1 fold(s)
2025-09-13 11:13:55,778 - INFO - Model Selection History:
2025-09-13 11:13:55,779 - INFO -   Fold 1: M89, M35, M22, M63, M38 (Avg Q-sharpe: 1.227)
2025-09-13 11:13:55,779 - INFO -   Fold 2: M89, M35, M38, M63, M22 (Avg Q-sharpe: 0.979)
2025-09-13 11:13:55,779 - INFO -   Fold 3: M35, M89, M38, M47, M22 (Avg Q-sharpe: 0.951)
2025-09-13 11:13:55,779 - INFO -   Fold 4: M89, M35, M30, M38, M77 (Avg Q-sharpe: 0.990)
2025-09-13 11:13:55,779 - INFO -   Fold 5: M38, M89, M63, M35, M30 (Avg Q-sharpe: 0.882)
2025-09-13 11:13:55,779 - INFO -   Fold 6: M30, M35, M89, M63, M47 (Avg Q-sharpe: 0.799)
2025-09-13 11:13:55,779 - INFO -   Fold 7: M30, M05, M71, M77, M35 (Avg Q-sharpe: 0.849)
2025-09-13 11:13:55,779 - INFO -   Fold 8: M05, M30, M24, M35, M77 (Avg Q-sharpe: 0.878)
2025-09-13 11:13:55,779 - INFO -   Fold 9: M24, M05, M35, M30, M71 (Avg Q-sharpe: 1.013)
2025-09-13 11:13:55,779 - INFO -   Fold 10: M05, M77, M63, M03, M71 (Avg Q-sharpe: 1.076)
2025-09-13 11:13:55,779 - INFO -   Fold 11: M05, M77, M81, M38, M63 (Avg Q-sharpe: 1.018)
2025-09-13 11:13:55,779 - INFO -   Fold 12: M77, M38, M63, M81, M05 (Avg Q-sharpe: 1.030)
2025-09-13 11:13:55,779 - INFO - 
2025-09-13 11:13:55,779 - INFO - Fold-by-Fold Performance:
2025-09-13 11:13:55,779 - INFO -   Fold 1: M89, M35, M22, M63, M38 | Sharpe=-1.679 | Hit=42.5% | Samples=181
2025-09-13 11:13:55,779 - INFO -   Fold 2: M89, M35, M38, M63, M22 | Sharpe=0.799 | Hit=53.0% | Samples=181
2025-09-13 11:13:55,779 - INFO -   Fold 3: M35, M89, M38, M47, M22 | Sharpe=1.048 | Hit=49.7% | Samples=181
2025-09-13 11:13:55,779 - INFO -   Fold 4: M89, M35, M30, M38, M77 | Sharpe=-0.449 | Hit=51.4% | Samples=181
2025-09-13 11:13:55,779 - INFO -   Fold 5: M38, M89, M63, M35, M30 | Sharpe=-0.019 | Hit=49.7% | Samples=181
2025-09-13 11:13:55,779 - INFO -   Fold 6: M30, M35, M89, M63, M47 | Sharpe=0.558 | Hit=51.4% | Samples=181
2025-09-13 11:13:55,779 - INFO -   Fold 7: M30, M05, M71, M77, M35 | Sharpe=1.315 | Hit=47.5% | Samples=181
2025-09-13 11:13:55,779 - INFO -   Fold 8: M05, M30, M24, M35, M77 | Sharpe=2.586 | Hit=55.2% | Samples=181
2025-09-13 11:13:55,779 - INFO -   Fold 9: M24, M05, M35, M30, M71 | Sharpe=1.460 | Hit=52.5% | Samples=181
2025-09-13 11:13:55,779 - INFO -   Fold 10: M05, M77, M63, M03, M71 | Sharpe=0.363 | Hit=50.3% | Samples=181
2025-09-13 11:13:55,779 - INFO -   Fold 11: M05, M77, M81, M38, M63 | Sharpe=1.478 | Hit=52.5% | Samples=181
2025-09-13 11:13:55,779 - INFO -   Fold 12: M77, M38, M63, M81, M05 | Sharpe=3.405 | Hit=60.1% | Samples=193
2025-09-13 11:13:55,779 - INFO - ================================================================================
2025-09-13 11:13:55,779 - INFO - ================================================================================
2025-09-13 11:13:55,779 - INFO - ANALYSIS COMPLETED SUCCESSFULLY!
2025-09-13 11:13:55,779 - INFO - ================================================================================
2025-09-13 11:13:55,779 - INFO - Generated 2 visualization files
2025-09-13 11:13:55,780 - INFO -   - 20250913_081702_fold_@ES#C_100models_15folds_v2_S4.1_ES_250feat_deep_15F.png
2025-09-13 11:13:55,780 - INFO -   - 20250913_081702_backtest_@ES#C_100models_15folds_v2_S4.1_ES_250feat_deep_15F.png
2025-09-13 11:13:55,780 - INFO - Training Final: Sharpe=0.317 | Hit=49.3% | Return=2.83% | CB=0.127
2025-09-13 11:13:55,780 - INFO - Production Final: Sharpe=2.012 | Hit=54.2% | Return=16.47% | CB=3.117
2025-09-13 11:13:55,780 - INFO - Full Timeline Final: Sharpe=0.992 | Hit=51.4% | Return=8.56% | CB=0.383
