2025-09-11 22:14:13,825 - INFO - ================================================================================
2025-09-11 22:14:13,825 - INFO - XGBoost Comparison Framework
2025-09-11 22:14:13,825 - INFO - ================================================================================
2025-09-11 22:14:13,825 - INFO - Configuration:
2025-09-11 22:14:13,825 - INFO -   Target Symbol: @TY#C
2025-09-11 22:14:13,825 - INFO -   Date Range: 2015-01-01 to 2025-08-01
2025-09-11 22:14:13,825 - INFO -   Models: 50, Type: standard
2025-09-11 22:14:13,825 - INFO -   Folds: 8
2025-09-11 22:14:13,825 - INFO -   Max Features: -1 (Auto)
2025-09-11 22:14:13,825 - INFO -   Feature Selection: Enabled
2025-09-11 22:14:13,825 - INFO -   Inner Val Fraction: 0.2
2025-09-11 22:14:13,825 - INFO -   EWMA Alpha: 0.1, Quality Halflife: 63 days
2025-09-11 22:14:13,825 - INFO -   Signal Type: Tanh Normalized
2025-09-11 22:14:13,825 - INFO -   Cross-validation: Expanding window
2025-09-11 22:14:13,825 - INFO -   Production: Cutoff=0.6, Top N=2, Q-Metric=sharpe
2025-09-11 22:14:13,825 - INFO -   Reselection: Every 1 fold(s)
2025-09-11 22:14:13,825 - INFO - 
2025-09-11 22:14:32,830 - INFO - Loaded: X=(2735, 1906), y=(2735,)
2025-09-11 22:15:09,695 - INFO - Selected 755 features (threshold: 0.7)
2025-09-11 22:15:09,719 - INFO - Selected: 755 features
2025-09-11 22:15:09,753 - INFO - GPU detection: XGBoost not compiled with CUDA support - using CPU
2025-09-11 22:15:09,753 - INFO - Processing mode: CPU multiprocessing (GPU: False, Total models: 400)
2025-09-11 22:15:09,757 - INFO - GPU detection: XGBoost not compiled with CUDA support - using CPU
2025-09-11 22:15:09,758 - INFO - Using expanding window
2025-09-11 22:15:09,758 - INFO - Starting analysis: 50 standard models x 7 folds
2025-09-11 22:15:09,758 - INFO - Processing Fold 1/7
2025-09-11 22:15:09,775 - INFO -   Using multiprocessing with 9 workers
2025-09-11 22:16:50,997 - INFO - Fold 1 Summary:
2025-09-11 22:16:50,999 - INFO -   Best OOS Sharpe: M00 (1.586, p=0.040)
2025-09-11 22:16:51,000 - INFO -   Best Q-Sharpe:  M00 (1.586, OOS_Sharpe=1.586, OOS_Hit=0.537)
2025-09-11 22:16:51,000 - INFO -   Mean OOS Sharpe: 0.053, Mean Hit: 0.495
2025-09-11 22:16:51,000 - INFO - 
2025-09-11 22:16:51,072 - INFO - Processing Fold 2/7
2025-09-11 22:16:51,180 - INFO -   Using multiprocessing with 9 workers
2025-09-11 22:19:39,448 - INFO - Fold 2 Summary:
2025-09-11 22:19:39,450 - INFO -   Best OOS Sharpe: M00 (0.327, p=0.660)
2025-09-11 22:19:39,451 - INFO -   Best Q-Sharpe:  M00 (1.460, OOS_Sharpe=0.327, OOS_Hit=0.463)
2025-09-11 22:19:39,451 - INFO -   Mean OOS Sharpe: -0.963, Mean Hit: 0.463
2025-09-11 22:19:39,451 - INFO - 
2025-09-11 22:19:39,557 - INFO - Processing Fold 3/7
2025-09-11 22:19:39,688 - INFO -   Using multiprocessing with 9 workers
2025-09-11 22:23:35,433 - INFO - Fold 3 Summary:
2025-09-11 22:23:35,438 - INFO -   Best OOS Sharpe: M12 (1.559, p=0.040)
2025-09-11 22:23:35,439 - INFO -   Best Q-Sharpe:  M00 (1.337, OOS_Sharpe=0.226, OOS_Hit=0.504)
2025-09-11 22:23:35,439 - INFO -   Mean OOS Sharpe: 0.165, Mean Hit: 0.487
2025-09-11 22:23:35,439 - INFO - 
2025-09-11 22:23:35,875 - INFO - Processing Fold 4/7
2025-09-11 22:23:37,211 - INFO -   Using multiprocessing with 9 workers
2025-09-11 22:28:19,596 - INFO - Fold 4 Summary:
2025-09-11 22:28:19,602 - INFO -   Best OOS Sharpe: M09 (1.286, p=0.140)
2025-09-11 22:28:19,602 - INFO -   Best Q-Sharpe:  M00 (1.063, OOS_Sharpe=-1.400, OOS_Hit=0.475)
2025-09-11 22:28:19,602 - INFO -   Mean OOS Sharpe: -0.610, Mean Hit: 0.474
2025-09-11 22:28:19,602 - INFO - 
2025-09-11 22:28:19,809 - INFO - Processing Fold 5/7
2025-09-11 22:28:20,154 - INFO -   Using multiprocessing with 9 workers
2025-09-11 22:32:57,773 - INFO - Fold 5 Summary:
2025-09-11 22:32:57,781 - INFO -   Best OOS Sharpe: M12 (0.996, p=0.260)
2025-09-11 22:32:57,781 - INFO -   Best Q-Sharpe:  M12 (0.966, OOS_Sharpe=0.996, OOS_Hit=0.525)
2025-09-11 22:32:57,781 - INFO -   Mean OOS Sharpe: -0.078, Mean Hit: 0.501
2025-09-11 22:32:57,781 - INFO - 
2025-09-11 22:32:57,965 - INFO - Processing Fold 6/7
2025-09-11 22:32:58,209 - INFO -   Using multiprocessing with 9 workers
2025-09-11 22:36:15,002 - INFO - Fold 6 Summary:
2025-09-11 22:36:15,014 - INFO -   Best OOS Sharpe: M00 (1.638, p=0.060)
2025-09-11 22:36:15,014 - INFO -   Best Q-Sharpe:  M00 (0.929, OOS_Sharpe=1.638, OOS_Hit=0.525)
2025-09-11 22:36:15,014 - INFO -   Mean OOS Sharpe: -0.602, Mean Hit: 0.486
2025-09-11 22:36:15,014 - INFO - 
2025-09-11 22:36:15,240 - INFO - Processing Fold 7/7
2025-09-11 22:36:15,612 - INFO -   Using multiprocessing with 9 workers
2025-09-11 22:38:38,622 - INFO - Fold 7 Summary:
2025-09-11 22:38:38,624 - INFO -   Best OOS Sharpe: M03 (1.878, p=0.040)
2025-09-11 22:38:38,624 - INFO -   Best Q-Sharpe:  M00 (0.920, OOS_Sharpe=0.846, OOS_Hit=0.557)
2025-09-11 22:38:38,624 - INFO -   Mean OOS Sharpe: 0.063, Mean Hit: 0.501
2025-09-11 22:38:38,624 - INFO - 
2025-09-11 22:38:38,836 - INFO - Starting full timeline backtesting...
2025-09-11 22:38:38,841 - INFO - Running full timeline backtest with 7 folds (0-based indexing)
2025-09-11 22:38:38,842 - INFO - Fold 0 skipped (no prior Q-score history for meaningful selection)
2025-09-11 22:38:38,842 - INFO - Effective backtest period: Folds 1-6 (6 folds)
2025-09-11 22:38:38,842 - INFO - Training period: Folds 1-4
2025-09-11 22:38:38,842 - INFO - Production period: Folds 5-6
2025-09-11 22:38:38,842 - INFO - Using consistent OOS methodology for all folds
2025-09-11 22:38:38,843 - INFO - Fold 0: Skipped (no prior Q-score history for meaningful selection)
2025-09-11 22:38:38,844 - INFO - 
--- Processing fold 1/6 ---
2025-09-11 22:38:38,853 - INFO - Fold 1: Q-scores from fold 0: ['M00:1.586', 'M01:1.246', 'M02:0.544', 'M03:0.468', 'M04:-0.861']...
2025-09-11 22:38:38,854 - INFO - Fold 1: Selected models [0, 12] based on fold 0 Q-scores, avg Q-score: 1.509
2025-09-11 22:38:38,904 - INFO - Fold 1 (Training): Sharpe=1.929, Hit=54.0%
2025-09-11 22:38:38,904 - INFO - 
--- Processing fold 2/6 ---
2025-09-11 22:38:38,916 - INFO - Fold 2: Q-scores from fold 1: ['M00:1.460', 'M01:1.033', 'M02:0.347', 'M03:0.336', 'M04:-0.935']...
2025-09-11 22:38:38,916 - INFO - Fold 2: Selected models [0, 12] based on fold 1 Q-scores, avg Q-score: 1.321
2025-09-11 22:38:38,920 - INFO - Fold 2 (Training): Sharpe=1.595, Hit=50.4%
2025-09-11 22:38:38,920 - INFO - 
--- Processing fold 3/6 ---
2025-09-11 22:38:38,932 - INFO - Fold 3: Q-scores from fold 2: ['M00:1.337', 'M01:0.989', 'M02:0.444', 'M03:0.282', 'M04:-0.971']...
2025-09-11 22:38:38,932 - INFO - Fold 3: Selected models [0, 12] based on fold 2 Q-scores, avg Q-score: 1.278
2025-09-11 22:38:38,934 - INFO - Fold 3 (Training): Sharpe=-0.814, Hit=48.7%
2025-09-11 22:38:38,934 - INFO - 
--- Processing fold 4/6 ---
2025-09-11 22:38:38,958 - INFO - Fold 4: Q-scores from fold 3: ['M00:1.063', 'M01:0.854', 'M02:0.406', 'M03:0.241', 'M04:-0.848']...
2025-09-11 22:38:38,958 - INFO - Fold 4: Selected models [0, 12] based on fold 3 Q-scores, avg Q-score: 1.013
2025-09-11 22:38:38,961 - INFO - Fold 4 (Training): Sharpe=1.410, Hit=50.4%
2025-09-11 22:38:38,961 - INFO - 
--- Processing fold 5/6 ---
2025-09-11 22:38:38,978 - INFO - Fold 5: Q-scores from fold 4: ['M00:0.850', 'M01:0.684', 'M02:0.263', 'M03:0.149', 'M04:-0.699']...
2025-09-11 22:38:38,978 - INFO - Fold 5: Selected models [12, 0] based on fold 4 Q-scores, avg Q-score: 0.908
2025-09-11 22:38:38,981 - INFO - Fold 5 (Production): Sharpe=0.612, Hit=53.4%
2025-09-11 22:38:38,981 - INFO - 
--- Processing fold 6/6 ---
2025-09-11 22:38:38,989 - INFO - Fold 6: Q-scores from fold 5: ['M00:0.929', 'M01:0.648', 'M02:0.292', 'M03:0.009', 'M04:-0.748']...
2025-09-11 22:38:38,990 - INFO - Fold 6: Selected models [0, 12] based on fold 5 Q-scores, avg Q-score: 0.881
2025-09-11 22:38:38,991 - INFO - Fold 6 (Production): Sharpe=-0.222, Hit=51.1%
2025-09-11 22:38:38,992 - INFO - Training Period Overall: Sharpe=1.067, Hit=50.9%
2025-09-11 22:38:38,993 - INFO - Production Period Overall: Sharpe=0.237, Hit=52.2%
2025-09-11 22:38:38,994 - INFO - Full Timeline Overall: Sharpe=0.725, Hit=51.3%
2025-09-11 22:38:38,994 - INFO - Training: Sharpe=1.067 | Hit=50.9% | Return=2.60%
2025-09-11 22:38:38,994 - INFO - Production: Sharpe=0.237 | Hit=52.2% | Return=0.77%
2025-09-11 22:38:38,994 - INFO - Full Timeline: Sharpe=0.725 | Hit=51.3% | Return=1.98%
2025-09-11 22:38:38,994 - INFO - Generating visualizations...
2025-09-11 22:38:38,996 - INFO - Creating clean visualizations for 50 models...
2025-09-11 22:38:44,206 - INFO - Clean fold-by-fold analysis saved to: 20250911_221413_fold_@TY#C_50models_8folds_corrected_TY_allfeat_tanh.png
2025-09-11 22:38:44,331 - INFO - Using categorical units to plot a list of strings that are all parsable as floats or dates. If these strings should be plotted as numbers, cast to the appropriate data type before plotting.
2025-09-11 22:38:44,331 - INFO - Using categorical units to plot a list of strings that are all parsable as floats or dates. If these strings should be plotted as numbers, cast to the appropriate data type before plotting.
2025-09-11 22:38:47,495 - INFO - Detailed production analysis saved to: 20250911_221413_backtest_@TY#C_50models_8folds_corrected_TY_allfeat_tanh.png
2025-09-11 22:38:47,497 - INFO - ================================================================================
2025-09-11 22:38:47,498 - INFO - BACKTEST SUMMARY
2025-09-11 22:38:47,498 - INFO - ================================================================================
2025-09-11 22:38:47,498 - INFO - Config: Cutoff=70%, Top N=5, Q-Metric=sharpe, Reselection=1 fold(s)
2025-09-11 22:38:47,498 - INFO - Model Selection History:
2025-09-11 22:38:47,498 - INFO -   Fold 1: M00, M12 (Avg Q-sharpe: 1.509)
2025-09-11 22:38:47,498 - INFO -   Fold 2: M00, M12 (Avg Q-sharpe: 1.321)
2025-09-11 22:38:47,498 - INFO -   Fold 3: M00, M12 (Avg Q-sharpe: 1.278)
2025-09-11 22:38:47,498 - INFO -   Fold 4: M00, M12 (Avg Q-sharpe: 1.013)
2025-09-11 22:38:47,498 - INFO -   Fold 5: M12, M00 (Avg Q-sharpe: 0.908)
2025-09-11 22:38:47,498 - INFO -   Fold 6: M00, M12 (Avg Q-sharpe: 0.881)
2025-09-11 22:38:47,498 - INFO - 
2025-09-11 22:38:47,498 - INFO - Fold-by-Fold Performance:
2025-09-11 22:38:47,498 - INFO -   Fold 1: M00, M12 | Sharpe=1.929 | Hit=54.0% | Samples=341
2025-09-11 22:38:47,498 - INFO -   Fold 2: M00, M12 | Sharpe=1.595 | Hit=50.4% | Samples=341
2025-09-11 22:38:47,498 - INFO -   Fold 3: M00, M12 | Sharpe=-0.814 | Hit=48.7% | Samples=341
2025-09-11 22:38:47,498 - INFO -   Fold 4: M00, M12 | Sharpe=1.410 | Hit=50.4% | Samples=341
2025-09-11 22:38:47,498 - INFO -   Fold 5: M12, M00 | Sharpe=0.612 | Hit=53.4% | Samples=341
2025-09-11 22:38:47,498 - INFO -   Fold 6: M00, M12 | Sharpe=-0.222 | Hit=51.1% | Samples=348
2025-09-11 22:38:47,498 - INFO - ================================================================================
2025-09-11 22:38:47,498 - INFO - ================================================================================
2025-09-11 22:38:47,498 - INFO - ANALYSIS COMPLETED SUCCESSFULLY!
2025-09-11 22:38:47,498 - INFO - ================================================================================
2025-09-11 22:38:47,498 - INFO - Generated 2 visualization files
2025-09-11 22:38:47,498 - INFO -   - 20250911_221413_fold_@TY#C_50models_8folds_corrected_TY_allfeat_tanh.png
2025-09-11 22:38:47,498 - INFO -   - 20250911_221413_backtest_@TY#C_50models_8folds_corrected_TY_allfeat_tanh.png
2025-09-11 22:38:47,499 - INFO - Training Final: Sharpe=1.067 | Hit=50.9% | Return=2.60% | CB=0.842
2025-09-11 22:38:47,499 - INFO - Production Final: Sharpe=0.237 | Hit=52.2% | Return=0.77% | CB=0.169
2025-09-11 22:38:47,499 - INFO - Full Timeline Final: Sharpe=0.725 | Hit=51.3% | Return=1.98% | CB=0.433
