2025-09-12 18:53:39,351 - INFO - ================================================================================
2025-09-12 18:53:39,351 - INFO - XGBoost Comparison Framework
2025-09-12 18:53:39,352 - INFO - ================================================================================
2025-09-12 18:53:39,352 - INFO - Configuration:
2025-09-12 18:53:39,352 - INFO -   Target Symbol: @TY#C
2025-09-12 18:53:39,352 - INFO -   Date Range: 2015-01-01 to 2025-08-01
2025-09-12 18:53:39,352 - INFO -   Models: 100, Type: standard
2025-09-12 18:53:39,353 - INFO -   Folds: 8
2025-09-12 18:53:39,353 - INFO -   Max Features: 100 (Limited)
2025-09-12 18:53:39,353 - INFO -   Feature Selection: Enabled
2025-09-12 18:53:39,353 - INFO -   Inner Val Fraction: 0.2
2025-09-12 18:53:39,353 - INFO -   EWMA Alpha: 0.1, Quality Halflife: 63 days
2025-09-12 18:53:39,353 - INFO -   Signal Type: Binary (+1/-1)
2025-09-12 18:53:39,353 - INFO -   Cross-validation: Expanding window
2025-09-12 18:53:39,353 - INFO -   Production: Cutoff=0.6, Top N=5, Q-Metric=sharpe
2025-09-12 18:53:39,353 - INFO -   Reselection: Every 1 fold(s)
2025-09-12 18:53:39,353 - INFO - 
2025-09-12 18:53:45,972 - INFO - Loaded: X=(2735, 1906), y=(2735,)
2025-09-12 18:54:13,939 - INFO - Selected 100 features (threshold: 0.7)
2025-09-12 18:54:13,949 - INFO - Selected: 100 features
2025-09-12 18:54:14,251 - INFO - GPU detection: CUDA GPU available and working
2025-09-12 18:54:14,256 - INFO - Processing mode: GPU sequential (GPU: True, Total models: 800)
2025-09-12 18:54:14,283 - INFO - GPU detection: CUDA GPU available and working
2025-09-12 18:54:14,286 - INFO - Using expanding window
2025-09-12 18:54:14,286 - INFO - Starting analysis: 100 standard models x 7 folds
2025-09-12 18:54:14,286 - INFO - Processing Fold 1/7
2025-09-12 18:54:14,292 - INFO -   Using GPU sequential processing
