2025-09-12 01:47:46,765 - INFO - ================================================================================
2025-09-12 01:47:46,765 - INFO - XGBoost Comparison Framework
2025-09-12 01:47:46,765 - INFO - ================================================================================
2025-09-12 01:47:46,765 - INFO - Configuration:
2025-09-12 01:47:46,765 - INFO -   Target Symbol: @TY#C
2025-09-12 01:47:46,765 - INFO -   Date Range: 2015-01-01 to 2025-08-01
2025-09-12 01:47:46,765 - INFO -   Models: 50, Type: deep
2025-09-12 01:47:46,765 - INFO -   Folds: 8
2025-09-12 01:47:46,765 - INFO -   Max Features: 100 (Limited)
2025-09-12 01:47:46,765 - INFO -   Feature Selection: Enabled
2025-09-12 01:47:46,765 - INFO -   Inner Val Fraction: 0.2
2025-09-12 01:47:46,765 - INFO -   EWMA Alpha: 0.1, Quality Halflife: 63 days
2025-09-12 01:47:46,765 - INFO -   Signal Type: Tanh Normalized
2025-09-12 01:47:46,765 - INFO -   Cross-validation: Expanding window
2025-09-12 01:47:46,765 - INFO -   Production: Cutoff=0.6, Top N=2, Q-Metric=hit_rate
2025-09-12 01:47:46,765 - INFO -   Reselection: Every 1 fold(s)
2025-09-12 01:47:46,766 - INFO - 
2025-09-12 01:48:12,306 - INFO - Loaded: X=(2735, 1906), y=(2735,)
2025-09-12 01:49:58,098 - INFO - Selected 100 features (threshold: 0.7)
2025-09-12 01:49:58,318 - INFO - Selected: 100 features
2025-09-12 01:49:58,739 - INFO - GPU detection: XGBoost not compiled with CUDA support - using CPU
2025-09-12 01:49:58,740 - INFO - Processing mode: CPU multiprocessing (GPU: False, Total models: 400)
2025-09-12 01:49:58,750 - INFO - GPU detection: XGBoost not compiled with CUDA support - using CPU
2025-09-12 01:49:58,752 - INFO - Using expanding window
2025-09-12 01:49:58,770 - INFO - Starting analysis: 50 deep models x 7 folds
2025-09-12 01:49:58,770 - INFO - Processing Fold 1/7
2025-09-12 01:49:58,786 - INFO -   Using multiprocessing with 9 workers
