2025-09-12 01:46:50,308 - INFO - ================================================================================
2025-09-12 01:46:50,308 - INFO - XGBoost Comparison Framework
2025-09-12 01:46:50,308 - INFO - ================================================================================
2025-09-12 01:46:50,308 - INFO - Configuration:
2025-09-12 01:46:50,308 - INFO -   Target Symbol: @TY#C
2025-09-12 01:46:50,308 - INFO -   Date Range: 2015-01-01 to 2025-08-01
2025-09-12 01:46:50,308 - INFO -   Models: 50, Type: tiered
2025-09-12 01:46:50,308 - INFO -   Folds: 8
2025-09-12 01:46:50,308 - INFO -   Max Features: 100 (Limited)
2025-09-12 01:46:50,308 - INFO -   Feature Selection: Enabled
2025-09-12 01:46:50,308 - INFO -   Inner Val Fraction: 0.2
2025-09-12 01:46:50,308 - INFO -   EWMA Alpha: 0.1, Quality Halflife: 63 days
2025-09-12 01:46:50,308 - INFO -   Signal Type: Tanh Normalized
2025-09-12 01:46:50,308 - INFO -   Cross-validation: Expanding window
2025-09-12 01:46:50,308 - INFO -   Production: Cutoff=0.6, Top N=2, Q-Metric=hit_rate
2025-09-12 01:46:50,309 - INFO -   Reselection: Every 1 fold(s)
2025-09-12 01:46:50,309 - INFO - 
2025-09-12 01:47:13,671 - INFO - Loaded: X=(2735, 1906), y=(2735,)
2025-09-12 01:49:01,216 - INFO - Selected 100 features (threshold: 0.7)
2025-09-12 01:49:01,440 - INFO - Selected: 100 features
2025-09-12 01:49:01,984 - INFO - GPU detection: XGBoost not compiled with CUDA support - using CPU
2025-09-12 01:49:01,985 - INFO - Processing mode: CPU multiprocessing (GPU: False, Total models: 400)
2025-09-12 01:49:02,021 - INFO - GPU detection: XGBoost not compiled with CUDA support - using CPU
2025-09-12 01:49:02,048 - INFO - Using expanding window
2025-09-12 01:49:02,048 - INFO - Starting analysis: 50 tiered models x 7 folds
2025-09-12 01:49:02,048 - INFO - Processing Fold 1/7
2025-09-12 01:49:02,084 - INFO -   Using multiprocessing with 9 workers
2025-09-12 01:53:27,596 - INFO - Fold 1 Summary:
2025-09-12 01:53:27,608 - INFO -   Best OOS Sharpe: M32 (1.067, p=0.220)
2025-09-12 01:53:27,608 - INFO -   Best Q-Hit_Rate:  M32 (0.529, OOS_Sharpe=1.067, OOS_Hit=0.529)
2025-09-12 01:53:27,608 - INFO -   Mean OOS Sharpe: -0.516, Mean Hit: 0.479
2025-09-12 01:53:27,608 - INFO - 
2025-09-12 01:53:27,645 - INFO - Processing Fold 2/7
2025-09-12 01:53:27,703 - INFO -   Using multiprocessing with 9 workers
