2025-09-12 18:53:36,601 - INFO - ================================================================================
2025-09-12 18:53:36,601 - INFO - XGBoost Comparison Framework
2025-09-12 18:53:36,602 - INFO - ================================================================================
2025-09-12 18:53:36,602 - INFO - Configuration:
2025-09-12 18:53:36,602 - INFO -   Target Symbol: @ES#C
2025-09-12 18:53:36,602 - INFO -   Date Range: 2015-01-01 to 2025-08-01
2025-09-12 18:53:36,602 - INFO -   Models: 100, Type: standard
2025-09-12 18:53:36,602 - INFO -   Folds: 8
2025-09-12 18:53:36,602 - INFO -   Max Features: 100 (Limited)
2025-09-12 18:53:36,602 - INFO -   Feature Selection: Enabled
2025-09-12 18:53:36,602 - INFO -   Inner Val Fraction: 0.2
2025-09-12 18:53:36,602 - INFO -   EWMA Alpha: 0.1, Quality Halflife: 63 days
2025-09-12 18:53:36,602 - INFO -   Signal Type: Binary (+1/-1)
2025-09-12 18:53:36,602 - INFO -   Cross-validation: Expanding window
2025-09-12 18:53:36,602 - INFO -   Production: Cutoff=0.6, Top N=5, Q-Metric=sharpe
2025-09-12 18:53:36,602 - INFO -   Reselection: Every 1 fold(s)
2025-09-12 18:53:36,602 - INFO - 
2025-09-12 18:53:43,324 - INFO - Loaded: X=(2735, 1906), y=(2735,)
2025-09-12 18:54:10,776 - INFO - Selected 100 features (threshold: 0.7)
2025-09-12 18:54:10,786 - INFO - Selected: 100 features
2025-09-12 18:54:11,004 - INFO - GPU detection: CUDA GPU available and working
2025-09-12 18:54:11,010 - INFO - Processing mode: GPU sequential (GPU: True, Total models: 800)
2025-09-12 18:54:11,051 - INFO - GPU detection: CUDA GPU available and working
2025-09-12 18:54:11,055 - INFO - Using expanding window
2025-09-12 18:54:11,055 - INFO - Starting analysis: 100 standard models x 7 folds
2025-09-12 18:54:11,055 - INFO - Processing Fold 1/7
2025-09-12 18:54:11,059 - INFO -   Using GPU sequential processing
