2025-09-13 08:17:15,189 - INFO - ================================================================================
2025-09-13 08:17:15,189 - INFO - XGBoost Comparison Framework
2025-09-13 08:17:15,190 - INFO - ================================================================================
2025-09-13 08:17:15,190 - INFO - Configuration:
2025-09-13 08:17:15,190 - INFO -   Target Symbol: @TY#C
2025-09-13 08:17:15,190 - INFO -   Date Range: 2015-01-01 to 2025-08-01
2025-09-13 08:17:15,190 - INFO -   Models: 100, Type: tiered
2025-09-13 08:17:15,191 - INFO -   Folds: 10
2025-09-13 08:17:15,191 - INFO -   Max Features: 250 (Limited)
2025-09-13 08:17:15,191 - INFO -   Feature Selection: Enabled
2025-09-13 08:17:15,191 - INFO -   Inner Val Fraction: 0.2
2025-09-13 08:17:15,191 - INFO -   EWMA Alpha: 0.1, Quality Halflife: 63 days
2025-09-13 08:17:15,191 - INFO -   Signal Type: Tanh Normalized
2025-09-13 08:17:15,191 - INFO -   Cross-validation: Expanding window
2025-09-13 08:17:15,191 - INFO -   Production: Cutoff=0.6, Top N=5, Q-Metric=sharpe
2025-09-13 08:17:15,191 - INFO -   Reselection: Every 1 fold(s)
2025-09-13 08:17:15,191 - INFO - 
2025-09-13 08:17:21,606 - INFO - Dropped 4 rows due to NaN in target column @TY#C_target_return
2025-09-13 08:17:21,827 - INFO - Loaded: X=(2731, 1906), y=(2731,)
2025-09-13 08:17:57,604 - INFO - Selected 250 features (threshold: 0.7)
2025-09-13 08:17:57,619 - INFO - Selected: 250 features
2025-09-13 08:17:59,506 - INFO - GPU detection: CUDA GPU available and working
2025-09-13 08:17:59,507 - INFO - Processing mode: GPU sequential (GPU: True, Total models: 1000)
2025-09-13 08:18:00,345 - INFO - GPU detection: CUDA GPU available and working
2025-09-13 08:18:00,371 - INFO - Using expanding window
2025-09-13 08:18:00,372 - INFO - Starting analysis: 100 tiered models x 9 folds
2025-09-13 08:18:00,372 - INFO - Processing Fold 1/9
2025-09-13 08:18:00,389 - INFO -   Using GPU sequential processing
2025-09-13 08:27:59,588 - INFO - Fold 1 Summary:
2025-09-13 08:27:59,588 - INFO -   Best OOS Sharpe: M71 (3.258, p=0.000)
2025-09-13 08:27:59,588 - INFO -   Best Q-Sharpe:  M71 (3.258, OOS_Sharpe=3.258, OOS_Hit=0.549)
2025-09-13 08:27:59,588 - INFO -   Mean OOS Sharpe: 0.932, Mean Hit: 0.513
2025-09-13 08:27:59,588 - INFO - 
2025-09-13 08:27:59,591 - INFO - Processing Fold 2/9
2025-09-13 08:27:59,658 - INFO -   Using GPU sequential processing
2025-09-13 08:41:21,051 - INFO - Fold 2 Summary:
2025-09-13 08:41:21,051 - INFO -   Best OOS Sharpe: M83 (2.247, p=0.010)
2025-09-13 08:41:21,051 - INFO -   Best Q-Sharpe:  M71 (3.117, OOS_Sharpe=1.843, OOS_Hit=0.560)
2025-09-13 08:41:21,051 - INFO -   Mean OOS Sharpe: 1.077, Mean Hit: 0.547
2025-09-13 08:41:21,172 - INFO - 
2025-09-13 08:41:21,179 - INFO - Processing Fold 3/9
2025-09-13 08:41:21,207 - INFO -   Using GPU sequential processing
2025-09-13 08:56:12,994 - INFO - Fold 3 Summary:
2025-09-13 08:56:12,994 - INFO -   Best OOS Sharpe: M03 (0.898, p=0.370)
2025-09-13 08:56:12,994 - INFO -   Best Q-Sharpe:  M71 (2.824, OOS_Sharpe=0.190, OOS_Hit=0.502)
2025-09-13 08:56:12,994 - INFO -   Mean OOS Sharpe: -0.183, Mean Hit: 0.501
2025-09-13 08:56:12,994 - INFO - 
2025-09-13 08:56:12,997 - INFO - Processing Fold 4/9
2025-09-13 08:56:13,005 - INFO -   Using GPU sequential processing
2025-09-13 09:12:36,227 - INFO - Fold 4 Summary:
2025-09-13 09:12:36,273 - INFO -   Best OOS Sharpe: M96 (3.646, p=0.000)
2025-09-13 09:12:36,273 - INFO -   Best Q-Sharpe:  M71 (2.652, OOS_Sharpe=1.106, OOS_Hit=0.535)
2025-09-13 09:12:36,273 - INFO -   Mean OOS Sharpe: 1.798, Mean Hit: 0.541
2025-09-13 09:12:36,273 - INFO - 
2025-09-13 09:12:36,281 - INFO - Processing Fold 5/9
2025-09-13 09:12:36,290 - INFO -   Using GPU sequential processing
2025-09-13 09:29:02,282 - INFO - Fold 5 Summary:
2025-09-13 09:29:02,282 - INFO -   Best OOS Sharpe: M22 (1.730, p=0.070)
2025-09-13 09:29:02,282 - INFO -   Best Q-Sharpe:  M71 (2.234, OOS_Sharpe=-1.535, OOS_Hit=0.429)
2025-09-13 09:29:02,282 - INFO -   Mean OOS Sharpe: -0.099, Mean Hit: 0.494
2025-09-13 09:29:02,282 - INFO - 
2025-09-13 09:29:02,288 - INFO - Processing Fold 6/9
2025-09-13 09:29:02,299 - INFO -   Using GPU sequential processing
2025-09-13 09:45:40,635 - INFO - Fold 6 Summary:
2025-09-13 09:45:40,636 - INFO -   Best OOS Sharpe: M78 (2.353, p=0.010)
2025-09-13 09:45:40,636 - INFO -   Best Q-Sharpe:  M71 (2.092, OOS_Sharpe=0.817, OOS_Hit=0.520)
2025-09-13 09:45:40,636 - INFO -   Mean OOS Sharpe: 1.103, Mean Hit: 0.521
2025-09-13 09:45:40,636 - INFO - 
2025-09-13 09:45:40,639 - INFO - Processing Fold 7/9
2025-09-13 09:45:40,648 - INFO -   Using GPU sequential processing
2025-09-13 10:02:40,686 - INFO - Fold 7 Summary:
2025-09-13 10:02:40,686 - INFO -   Best OOS Sharpe: M66 (2.048, p=0.060)
2025-09-13 10:02:40,686 - INFO -   Best Q-Sharpe:  M71 (1.987, OOS_Sharpe=1.048, OOS_Hit=0.509)
2025-09-13 10:02:40,686 - INFO -   Mean OOS Sharpe: 0.949, Mean Hit: 0.520
2025-09-13 10:02:40,686 - INFO - 
2025-09-13 10:02:40,691 - INFO - Processing Fold 8/9
2025-09-13 10:02:40,779 - INFO -   Using GPU sequential processing
2025-09-13 10:19:46,116 - INFO - Fold 8 Summary:
2025-09-13 10:19:46,116 - INFO -   Best OOS Sharpe: M02 (4.006, p=0.000)
2025-09-13 10:19:46,117 - INFO -   Best Q-Sharpe:  M71 (1.951, OOS_Sharpe=1.624, OOS_Hit=0.560)
2025-09-13 10:19:46,117 - INFO -   Mean OOS Sharpe: 2.380, Mean Hit: 0.548
2025-09-13 10:19:46,117 - INFO - 
2025-09-13 10:19:46,121 - INFO - Processing Fold 9/9
2025-09-13 10:19:46,131 - INFO -   Using GPU sequential processing
2025-09-13 10:36:16,811 - INFO - Fold 9 Summary:
2025-09-13 10:36:16,811 - INFO -   Best OOS Sharpe: M59 (3.541, p=0.000)
2025-09-13 10:36:16,811 - INFO -   Best Q-Sharpe:  M59 (2.011, OOS_Sharpe=3.541, OOS_Hit=0.595)
2025-09-13 10:36:16,811 - INFO -   Mean OOS Sharpe: 1.341, Mean Hit: 0.533
2025-09-13 10:36:16,811 - INFO - 
2025-09-13 10:36:16,815 - INFO - Starting full timeline backtesting...
2025-09-13 10:36:16,815 - INFO - Running full timeline backtest with 9 folds (0-based indexing)
2025-09-13 10:36:16,815 - INFO - Fold 0 skipped (no prior Q-score history for meaningful selection)
2025-09-13 10:36:16,815 - INFO - Effective backtest period: Folds 1-8 (8 folds)
2025-09-13 10:36:16,815 - INFO - Training period: Folds 1-5
2025-09-13 10:36:16,815 - INFO - Production period: Folds 6-8
2025-09-13 10:36:16,815 - INFO - Using consistent OOS methodology for all folds
2025-09-13 10:36:16,815 - INFO - Fold 0: Skipped (no prior Q-score history for meaningful selection)
2025-09-13 10:36:16,815 - INFO - 
--- Processing fold 1/8 ---
2025-09-13 10:36:16,899 - INFO - Fold 1: Q-scores from fold 0: ['M00:1.431', 'M01:1.172', 'M02:0.092', 'M03:0.108', 'M04:2.037']...
2025-09-13 10:36:16,900 - INFO - Fold 1: Selected models [71, 85, 22, 59, 16] based on fold 0 Q-scores, avg Q-score: 2.546
2025-09-13 10:36:16,901 - INFO - Fold 1 (Training): Sharpe=1.389, Hit=59.3%
2025-09-13 10:36:16,901 - INFO - 
--- Processing fold 2/8 ---
2025-09-13 10:36:17,002 - INFO - Fold 2: Q-scores from fold 1: ['M00:1.334', 'M01:1.149', 'M02:0.168', 'M03:0.117', 'M04:1.948']...
2025-09-13 10:36:17,002 - INFO - Fold 2: Selected models [71, 85, 22, 59, 16] based on fold 1 Q-scores, avg Q-score: 2.408
2025-09-13 10:36:17,004 - INFO - Fold 2 (Training): Sharpe=-0.340, Hit=49.5%
2025-09-13 10:36:17,004 - INFO - 
--- Processing fold 3/8 ---
2025-09-13 10:36:17,103 - INFO - Fold 3: Q-scores from fold 2: ['M00:1.232', 'M01:1.035', 'M02:0.170', 'M03:0.195', 'M04:1.833']...
2025-09-13 10:36:17,103 - INFO - Fold 3: Selected models [71, 85, 22, 59, 70] based on fold 2 Q-scores, avg Q-score: 2.140
2025-09-13 10:36:17,105 - INFO - Fold 3 (Training): Sharpe=2.323, Hit=54.9%
2025-09-13 10:36:17,105 - INFO - 
--- Processing fold 4/8 ---
2025-09-13 10:36:17,131 - INFO - Fold 4: Q-scores from fold 3: ['M00:1.177', 'M01:1.107', 'M02:0.315', 'M03:0.359', 'M04:1.744']...
2025-09-13 10:36:17,131 - INFO - Fold 4: Selected models [71, 85, 22, 59, 16] based on fold 3 Q-scores, avg Q-score: 2.136
2025-09-13 10:36:17,201 - INFO - Fold 4 (Training): Sharpe=0.055, Hit=50.5%
2025-09-13 10:36:17,201 - INFO - 
--- Processing fold 5/8 ---
2025-09-13 10:36:17,243 - INFO - Fold 5: Q-scores from fold 4: ['M00:1.017', 'M01:1.006', 'M02:0.320', 'M03:0.206', 'M04:1.542']...
2025-09-13 10:36:17,256 - INFO - Fold 5: Selected models [71, 22, 16, 85, 59] based on fold 4 Q-scores, avg Q-score: 1.927
2025-09-13 10:36:17,257 - INFO - Fold 5 (Training): Sharpe=1.521, Hit=52.0%
2025-09-13 10:36:17,257 - INFO - 
--- Processing fold 6/8 ---
2025-09-13 10:36:17,362 - INFO - Fold 6: Q-scores from fold 5: ['M00:0.917', 'M01:1.084', 'M02:0.248', 'M03:0.330', 'M04:1.440']...
2025-09-13 10:36:17,363 - INFO - Fold 6: Selected models [71, 22, 16, 59, 85] based on fold 5 Q-scores, avg Q-score: 1.865
2025-09-13 10:36:17,364 - INFO - Fold 6 (Production): Sharpe=1.073, Hit=51.3%
2025-09-13 10:36:17,364 - INFO - 
--- Processing fold 7/8 ---
2025-09-13 10:36:17,447 - INFO - Fold 7: Q-scores from fold 6: ['M00:0.957', 'M01:1.094', 'M02:0.368', 'M03:0.443', 'M04:1.396']...
2025-09-13 10:36:17,447 - INFO - Fold 7: Selected models [71, 59, 22, 16, 85] based on fold 6 Q-scores, avg Q-score: 1.771
2025-09-13 10:36:17,449 - INFO - Fold 7 (Production): Sharpe=3.033, Hit=57.1%
2025-09-13 10:36:17,449 - INFO - 
--- Processing fold 8/8 ---
2025-09-13 10:36:17,531 - INFO - Fold 8: Q-scores from fold 7: ['M00:1.156', 'M01:1.302', 'M02:0.732', 'M03:0.562', 'M04:1.462']...
2025-09-13 10:36:17,532 - INFO - Fold 8: Selected models [71, 59, 22, 85, 16] based on fold 7 Q-scores, avg Q-score: 1.847
2025-09-13 10:36:17,533 - INFO - Fold 8 (Production): Sharpe=2.552, Hit=53.3%
2025-09-13 10:36:17,535 - INFO - Training Period Overall: Sharpe=1.165, Hit=53.3%
2025-09-13 10:36:17,536 - INFO - Production Period Overall: Sharpe=2.046, Hit=53.9%
2025-09-13 10:36:17,538 - INFO - Full Timeline Overall: Sharpe=1.551, Hit=53.5%
2025-09-13 10:36:17,538 - INFO - Training: Sharpe=1.165 | Hit=53.3% | Return=2.68%
2025-09-13 10:36:17,538 - INFO - Production: Sharpe=2.046 | Hit=53.9% | Return=7.19%
2025-09-13 10:36:17,538 - INFO - Full Timeline: Sharpe=1.551 | Hit=53.5% | Return=4.37%
2025-09-13 10:36:17,538 - INFO - Generating visualizations...
2025-09-13 10:36:17,538 - INFO - Creating clean visualizations for 100 models...
2025-09-13 10:36:24,627 - INFO - Clean fold-by-fold analysis saved to: 20250913_081715_fold_@TY#C_100models_10folds_v2_S4.3_TY_250feat_tiered_10F.png
2025-09-13 10:36:29,662 - INFO - Detailed production analysis saved to: 20250913_081715_backtest_@TY#C_100models_10folds_v2_S4.3_TY_250feat_tiered_10F.png
2025-09-13 10:36:29,663 - INFO - ================================================================================
2025-09-13 10:36:29,663 - INFO - BACKTEST SUMMARY
2025-09-13 10:36:29,663 - INFO - ================================================================================
2025-09-13 10:36:29,663 - INFO - Config: Cutoff=70%, Top N=5, Q-Metric=sharpe, Reselection=1 fold(s)
2025-09-13 10:36:29,663 - INFO - Model Selection History:
2025-09-13 10:36:29,663 - INFO -   Fold 1: M71, M85, M22, M59, M16 (Avg Q-sharpe: 2.546)
2025-09-13 10:36:29,663 - INFO -   Fold 2: M71, M85, M22, M59, M16 (Avg Q-sharpe: 2.408)
2025-09-13 10:36:29,663 - INFO -   Fold 3: M71, M85, M22, M59, M70 (Avg Q-sharpe: 2.140)
2025-09-13 10:36:29,663 - INFO -   Fold 4: M71, M85, M22, M59, M16 (Avg Q-sharpe: 2.136)
2025-09-13 10:36:29,663 - INFO -   Fold 5: M71, M22, M16, M85, M59 (Avg Q-sharpe: 1.927)
2025-09-13 10:36:29,663 - INFO -   Fold 6: M71, M22, M16, M59, M85 (Avg Q-sharpe: 1.865)
2025-09-13 10:36:29,663 - INFO -   Fold 7: M71, M59, M22, M16, M85 (Avg Q-sharpe: 1.771)
2025-09-13 10:36:29,663 - INFO -   Fold 8: M71, M59, M22, M85, M16 (Avg Q-sharpe: 1.847)
2025-09-13 10:36:29,663 - INFO - 
2025-09-13 10:36:29,663 - INFO - Fold-by-Fold Performance:
2025-09-13 10:36:29,663 - INFO -   Fold 1: M71, M85, M22, M59, M16 | Sharpe=1.389 | Hit=59.3% | Samples=273
2025-09-13 10:36:29,663 - INFO -   Fold 2: M71, M85, M22, M59, M16 | Sharpe=-0.340 | Hit=49.5% | Samples=273
2025-09-13 10:36:29,663 - INFO -   Fold 3: M71, M85, M22, M59, M70 | Sharpe=2.323 | Hit=54.9% | Samples=273
2025-09-13 10:36:29,663 - INFO -   Fold 4: M71, M85, M22, M59, M16 | Sharpe=0.055 | Hit=50.5% | Samples=273
2025-09-13 10:36:29,663 - INFO -   Fold 5: M71, M22, M16, M85, M59 | Sharpe=1.521 | Hit=52.0% | Samples=273
2025-09-13 10:36:29,664 - INFO -   Fold 6: M71, M22, M16, M59, M85 | Sharpe=1.073 | Hit=51.3% | Samples=273
2025-09-13 10:36:29,664 - INFO -   Fold 7: M71, M59, M22, M16, M85 | Sharpe=3.033 | Hit=57.1% | Samples=273
2025-09-13 10:36:29,664 - INFO -   Fold 8: M71, M59, M22, M85, M16 | Sharpe=2.552 | Hit=53.3% | Samples=274
2025-09-13 10:36:29,664 - INFO - ================================================================================
2025-09-13 10:36:29,664 - INFO - ================================================================================
2025-09-13 10:36:29,664 - INFO - ANALYSIS COMPLETED SUCCESSFULLY!
2025-09-13 10:36:29,664 - INFO - ================================================================================
2025-09-13 10:36:29,664 - INFO - Generated 2 visualization files
2025-09-13 10:36:29,664 - INFO -   - 20250913_081715_fold_@TY#C_100models_10folds_v2_S4.3_TY_250feat_tiered_10F.png
2025-09-13 10:36:29,664 - INFO -   - 20250913_081715_backtest_@TY#C_100models_10folds_v2_S4.3_TY_250feat_tiered_10F.png
2025-09-13 10:36:29,664 - INFO - Training Final: Sharpe=1.165 | Hit=53.3% | Return=2.68% | CB=0.995
2025-09-13 10:36:29,664 - INFO - Production Final: Sharpe=2.046 | Hit=53.9% | Return=7.19% | CB=2.644
2025-09-13 10:36:29,664 - INFO - Full Timeline Final: Sharpe=1.551 | Hit=53.5% | Return=4.37% | CB=1.607
