2025-09-13 08:17:28,542 - INFO - ================================================================================
2025-09-13 08:17:28,543 - INFO - XGBoost Comparison Framework
2025-09-13 08:17:28,543 - INFO - ================================================================================
2025-09-13 08:17:28,543 - INFO - Configuration:
2025-09-13 08:17:28,543 - INFO -   Target Symbol: @EU#C
2025-09-13 08:17:28,543 - INFO -   Date Range: 2015-01-01 to 2025-08-01
2025-09-13 08:17:28,543 - INFO -   Models: 100, Type: tiered
2025-09-13 08:17:28,543 - INFO -   Folds: 20
2025-09-13 08:17:28,543 - INFO -   Max Features: 250 (Limited)
2025-09-13 08:17:28,543 - INFO -   Feature Selection: Enabled
2025-09-13 08:17:28,543 - INFO -   Inner Val Fraction: 0.2
2025-09-13 08:17:28,543 - INFO -   EWMA Alpha: 0.1, Quality Halflife: 63 days
2025-09-13 08:17:28,543 - INFO -   Signal Type: Tanh Normalized
2025-09-13 08:17:28,543 - INFO -   Cross-validation: Expanding window
2025-09-13 08:17:28,543 - INFO -   Production: Cutoff=0.6, Top N=5, Q-Metric=sharpe
2025-09-13 08:17:28,543 - INFO -   Reselection: Every 1 fold(s)
2025-09-13 08:17:28,543 - INFO - 
2025-09-13 08:17:36,265 - INFO - Dropped 3 rows due to NaN in target column @EU#C_target_return
2025-09-13 08:17:36,522 - INFO - Loaded: X=(2732, 1906), y=(2732,)
2025-09-13 08:18:17,166 - INFO - Selected 250 features (threshold: 0.7)
2025-09-13 08:18:17,200 - INFO - Selected: 250 features
2025-09-13 08:18:18,385 - INFO - GPU detection: CUDA GPU available and working
2025-09-13 08:18:18,385 - INFO - Processing mode: GPU sequential (GPU: True, Total models: 2000)
2025-09-13 08:18:19,096 - INFO - GPU detection: CUDA GPU available and working
2025-09-13 08:18:19,113 - INFO - Using expanding window
2025-09-13 08:18:19,113 - INFO - Starting analysis: 100 tiered models x 18 folds
2025-09-13 08:18:19,113 - INFO - Processing Fold 1/18
2025-09-13 08:18:19,163 - INFO -   Using GPU sequential processing
2025-09-13 08:29:31,392 - INFO - Fold 1 Summary:
2025-09-13 08:29:31,392 - INFO -   Best OOS Sharpe: M33 (2.401, p=0.070)
2025-09-13 08:29:31,392 - INFO -   Best Q-Sharpe:  M33 (2.401, OOS_Sharpe=2.401, OOS_Hit=0.544)
2025-09-13 08:29:31,392 - INFO -   Mean OOS Sharpe: -0.058, Mean Hit: 0.479
2025-09-13 08:29:31,392 - INFO - 
2025-09-13 08:29:31,395 - INFO - Processing Fold 2/18
2025-09-13 08:29:31,509 - INFO -   Using GPU sequential processing
2025-09-13 08:42:55,868 - INFO - Fold 2 Summary:
2025-09-13 08:42:55,869 - INFO -   Best OOS Sharpe: M72 (2.013, p=0.120)
2025-09-13 08:42:55,869 - INFO -   Best Q-Sharpe:  M33 (1.988, OOS_Sharpe=-1.731, OOS_Hit=0.537)
2025-09-13 08:42:55,869 - INFO -   Mean OOS Sharpe: -0.240, Mean Hit: 0.520
2025-09-13 08:42:55,869 - INFO - 
2025-09-13 08:42:55,873 - INFO - Processing Fold 3/18
2025-09-13 08:42:55,881 - INFO -   Using GPU sequential processing
2025-09-13 08:57:25,663 - INFO - Fold 3 Summary:
2025-09-13 08:57:25,663 - INFO -   Best OOS Sharpe: M96 (4.575, p=0.000)
2025-09-13 08:57:25,667 - INFO -   Best Q-Sharpe:  M33 (1.844, OOS_Sharpe=0.551, OOS_Hit=0.478)
2025-09-13 08:57:25,667 - INFO -   Mean OOS Sharpe: 1.930, Mean Hit: 0.548
2025-09-13 08:57:25,667 - INFO - 
2025-09-13 08:57:25,672 - INFO - Processing Fold 4/18
2025-09-13 08:57:25,687 - INFO -   Using GPU sequential processing
2025-09-13 09:12:46,288 - INFO - Fold 4 Summary:
2025-09-13 09:12:46,289 - INFO -   Best OOS Sharpe: M90 (2.581, p=0.080)
2025-09-13 09:12:46,289 - INFO -   Best Q-Sharpe:  M33 (1.635, OOS_Sharpe=-0.251, OOS_Hit=0.463)
2025-09-13 09:12:46,289 - INFO -   Mean OOS Sharpe: 1.075, Mean Hit: 0.507
2025-09-13 09:12:46,289 - INFO - 
2025-09-13 09:12:46,293 - INFO - Processing Fold 5/18
2025-09-13 09:12:46,316 - INFO -   Using GPU sequential processing
2025-09-13 09:28:24,585 - INFO - Fold 5 Summary:
2025-09-13 09:28:24,585 - INFO -   Best OOS Sharpe: M18 (2.377, p=0.110)
2025-09-13 09:28:24,585 - INFO -   Best Q-Sharpe:  M33 (1.542, OOS_Sharpe=0.708, OOS_Hit=0.537)
2025-09-13 09:28:24,585 - INFO -   Mean OOS Sharpe: 0.157, Mean Hit: 0.510
2025-09-13 09:28:24,585 - INFO - 
2025-09-13 09:28:24,591 - INFO - Processing Fold 6/18
2025-09-13 09:28:24,718 - INFO -   Using GPU sequential processing
2025-09-13 09:44:45,318 - INFO - Fold 6 Summary:
2025-09-13 09:44:45,318 - INFO -   Best OOS Sharpe: M42 (3.184, p=0.010)
2025-09-13 09:44:45,318 - INFO -   Best Q-Sharpe:  M38 (1.597, OOS_Sharpe=2.820, OOS_Hit=0.478)
2025-09-13 09:44:45,318 - INFO -   Mean OOS Sharpe: 1.317, Mean Hit: 0.486
2025-09-13 09:44:45,318 - INFO - 
2025-09-13 09:44:45,321 - INFO - Processing Fold 7/18
2025-09-13 09:44:45,329 - INFO -   Using GPU sequential processing
2025-09-13 10:01:38,483 - INFO - Fold 7 Summary:
2025-09-13 10:01:38,484 - INFO -   Best OOS Sharpe: M71 (3.014, p=0.010)
2025-09-13 10:01:38,484 - INFO -   Best Q-Sharpe:  M38 (1.600, OOS_Sharpe=1.626, OOS_Hit=0.456)
2025-09-13 10:01:38,484 - INFO -   Mean OOS Sharpe: 1.269, Mean Hit: 0.508
2025-09-13 10:01:38,484 - INFO - 
2025-09-13 10:01:38,488 - INFO - Processing Fold 8/18
2025-09-13 10:01:38,496 - INFO -   Using GPU sequential processing
2025-09-13 10:18:17,617 - INFO - Fold 8 Summary:
2025-09-13 10:18:17,617 - INFO -   Best OOS Sharpe: M19 (4.590, p=0.000)
2025-09-13 10:18:17,617 - INFO -   Best Q-Sharpe:  M38 (1.705, OOS_Sharpe=2.656, OOS_Hit=0.544)
2025-09-13 10:18:17,618 - INFO -   Mean OOS Sharpe: 2.040, Mean Hit: 0.527
2025-09-13 10:18:17,618 - INFO - 
2025-09-13 10:18:17,621 - INFO - Processing Fold 9/18
2025-09-13 10:18:17,630 - INFO -   Using GPU sequential processing
2025-09-13 10:34:03,321 - INFO - Fold 9 Summary:
2025-09-13 10:34:03,321 - INFO -   Best OOS Sharpe: M67 (3.522, p=0.010)
2025-09-13 10:34:03,348 - INFO -   Best Q-Sharpe:  M38 (1.844, OOS_Sharpe=3.091, OOS_Hit=0.537)
2025-09-13 10:34:03,348 - INFO -   Mean OOS Sharpe: 1.427, Mean Hit: 0.514
2025-09-13 10:34:03,348 - INFO - 
2025-09-13 10:34:03,351 - INFO - Processing Fold 10/18
2025-09-13 10:34:03,360 - INFO -   Using GPU sequential processing
2025-09-13 10:48:33,520 - INFO - Fold 10 Summary:
2025-09-13 10:48:33,520 - INFO -   Best OOS Sharpe: M39 (1.984, p=0.150)
2025-09-13 10:48:33,520 - INFO -   Best Q-Sharpe:  M38 (1.529, OOS_Sharpe=-1.301, OOS_Hit=0.426)
2025-09-13 10:48:33,520 - INFO -   Mean OOS Sharpe: -0.233, Mean Hit: 0.477
2025-09-13 10:48:33,520 - INFO - 
2025-09-13 10:48:33,524 - INFO - Processing Fold 11/18
2025-09-13 10:48:33,534 - INFO -   Using GPU sequential processing
2025-09-13 10:59:23,221 - INFO - Fold 11 Summary:
2025-09-13 10:59:23,222 - INFO -   Best OOS Sharpe: M28 (1.702, p=0.280)
2025-09-13 10:59:23,222 - INFO -   Best Q-Sharpe:  M38 (1.448, OOS_Sharpe=0.716, OOS_Hit=0.456)
2025-09-13 10:59:23,222 - INFO -   Mean OOS Sharpe: -0.372, Mean Hit: 0.488
2025-09-13 10:59:23,222 - INFO - 
2025-09-13 10:59:23,224 - INFO - Processing Fold 12/18
2025-09-13 10:59:23,232 - INFO -   Using GPU sequential processing
2025-09-13 11:07:53,319 - INFO - Fold 12 Summary:
2025-09-13 11:07:53,319 - INFO -   Best OOS Sharpe: M47 (3.782, p=0.010)
2025-09-13 11:07:53,319 - INFO -   Best Q-Sharpe:  M38 (1.499, OOS_Sharpe=1.955, OOS_Hit=0.522)
2025-09-13 11:07:53,320 - INFO -   Mean OOS Sharpe: 1.343, Mean Hit: 0.545
2025-09-13 11:07:53,320 - INFO - 
2025-09-13 11:07:53,324 - INFO - Processing Fold 13/18
2025-09-13 11:07:53,333 - INFO -   Using GPU sequential processing
2025-09-13 11:15:07,178 - INFO - Fold 13 Summary:
2025-09-13 11:15:07,178 - INFO -   Best OOS Sharpe: M43 (3.770, p=0.000)
2025-09-13 11:15:07,178 - INFO -   Best Q-Sharpe:  M38 (1.615, OOS_Sharpe=2.656, OOS_Hit=0.588)
2025-09-13 11:15:07,178 - INFO -   Mean OOS Sharpe: 1.587, Mean Hit: 0.536
2025-09-13 11:15:07,178 - INFO - 
2025-09-13 11:15:07,183 - INFO - Processing Fold 14/18
2025-09-13 11:15:07,195 - INFO -   Using GPU sequential processing
2025-09-13 11:21:03,289 - INFO - Fold 14 Summary:
2025-09-13 11:21:03,289 - INFO -   Best OOS Sharpe: M21 (3.700, p=0.000)
2025-09-13 11:21:03,289 - INFO -   Best Q-Sharpe:  M38 (1.692, OOS_Sharpe=2.387, OOS_Hit=0.551)
2025-09-13 11:21:03,289 - INFO -   Mean OOS Sharpe: 1.417, Mean Hit: 0.520
2025-09-13 11:21:03,289 - INFO - 
2025-09-13 11:21:03,294 - INFO - Processing Fold 15/18
2025-09-13 11:21:03,305 - INFO -   Using GPU sequential processing
2025-09-13 11:27:04,631 - INFO - Fold 15 Summary:
2025-09-13 11:27:04,631 - INFO -   Best OOS Sharpe: M33 (4.729, p=0.000)
2025-09-13 11:27:04,631 - INFO -   Best Q-Sharpe:  M33 (1.661, OOS_Sharpe=4.729, OOS_Hit=0.654)
2025-09-13 11:27:04,631 - INFO -   Mean OOS Sharpe: 1.063, Mean Hit: 0.536
2025-09-13 11:27:04,631 - INFO - 
2025-09-13 11:27:04,637 - INFO - Processing Fold 16/18
2025-09-13 11:27:04,648 - INFO -   Using GPU sequential processing
2025-09-13 11:29:46,542 - INFO - Fold 16 Summary:
2025-09-13 11:29:46,542 - INFO -   Best OOS Sharpe: M45 (1.411, p=0.330)
2025-09-13 11:29:46,542 - INFO -   Best Q-Sharpe:  M33 (1.454, OOS_Sharpe=-0.410, OOS_Hit=0.493)
2025-09-13 11:29:46,542 - INFO -   Mean OOS Sharpe: -0.282, Mean Hit: 0.469
2025-09-13 11:29:46,542 - INFO - 
2025-09-13 11:29:46,545 - INFO - Processing Fold 17/18
2025-09-13 11:29:46,555 - INFO -   Using GPU sequential processing
2025-09-13 11:31:53,879 - INFO - Fold 17 Summary:
2025-09-13 11:31:53,879 - INFO -   Best OOS Sharpe: M66 (2.604, p=0.020)
2025-09-13 11:31:53,879 - INFO -   Best Q-Sharpe:  M33 (1.300, OOS_Sharpe=-0.088, OOS_Hit=0.449)
2025-09-13 11:31:53,879 - INFO -   Mean OOS Sharpe: 0.126, Mean Hit: 0.514
2025-09-13 11:31:53,879 - INFO - 
2025-09-13 11:31:53,884 - INFO - Processing Fold 18/18
2025-09-13 11:31:53,966 - INFO -   Using GPU sequential processing
2025-09-13 11:34:02,380 - INFO - Fold 18 Summary:
2025-09-13 11:34:02,380 - INFO -   Best OOS Sharpe: M27 (4.045, p=0.000)
2025-09-13 11:34:02,380 - INFO -   Best Q-Sharpe:  M33 (1.534, OOS_Sharpe=3.647, OOS_Hit=0.628)
2025-09-13 11:34:02,380 - INFO -   Mean OOS Sharpe: 1.510, Mean Hit: 0.561
2025-09-13 11:34:02,380 - INFO - 
2025-09-13 11:34:02,386 - INFO - Starting full timeline backtesting...
2025-09-13 11:34:02,386 - INFO - Running full timeline backtest with 18 folds (0-based indexing)
2025-09-13 11:34:02,386 - INFO - Fold 0 skipped (no prior Q-score history for meaningful selection)
2025-09-13 11:34:02,386 - INFO - Effective backtest period: Folds 1-17 (17 folds)
2025-09-13 11:34:02,386 - INFO - Training period: Folds 1-10
2025-09-13 11:34:02,387 - INFO - Production period: Folds 11-17
2025-09-13 11:34:02,387 - INFO - Using consistent OOS methodology for all folds
2025-09-13 11:34:02,387 - INFO - Fold 0: Skipped (no prior Q-score history for meaningful selection)
2025-09-13 11:34:02,387 - INFO - 
--- Processing fold 1/17 ---
2025-09-13 11:34:02,411 - INFO - Fold 1: Q-scores from fold 0: ['M00:0.148', 'M01:-0.694', 'M02:0.619', 'M03:0.254', 'M04:0.242']...
2025-09-13 11:34:02,412 - INFO - Fold 1: Selected models [33, 38, 88, 99, 63] based on fold 0 Q-scores, avg Q-score: 1.704
2025-09-13 11:34:02,413 - INFO - Fold 1 (Training): Sharpe=-0.916, Hit=48.5%
2025-09-13 11:34:02,413 - INFO - 
--- Processing fold 2/17 ---
2025-09-13 11:34:02,438 - INFO - Fold 2: Q-scores from fold 1: ['M00:0.275', 'M01:-0.507', 'M02:0.744', 'M03:0.134', 'M04:0.151']...
2025-09-13 11:34:02,438 - INFO - Fold 2: Selected models [33, 38, 88, 53, 63] based on fold 1 Q-scores, avg Q-score: 1.490
2025-09-13 11:34:02,439 - INFO - Fold 2 (Training): Sharpe=2.611, Hit=55.9%
2025-09-13 11:34:02,439 - INFO - 
--- Processing fold 3/17 ---
2025-09-13 11:34:02,463 - INFO - Fold 3: Q-scores from fold 2: ['M00:0.311', 'M01:-0.277', 'M02:0.771', 'M03:0.306', 'M04:0.214']...
2025-09-13 11:34:02,463 - INFO - Fold 3: Selected models [33, 38, 88, 63, 53] based on fold 2 Q-scores, avg Q-score: 1.529
2025-09-13 11:34:02,465 - INFO - Fold 3 (Training): Sharpe=1.022, Hit=51.5%
2025-09-13 11:34:02,465 - INFO - 
--- Processing fold 4/17 ---
2025-09-13 11:34:02,488 - INFO - Fold 4: Q-scores from fold 3: ['M00:0.483', 'M01:-0.026', 'M02:0.638', 'M03:0.471', 'M04:0.447']...
2025-09-13 11:34:02,489 - INFO - Fold 4: Selected models [33, 38, 53, 63, 88] based on fold 3 Q-scores, avg Q-score: 1.453
2025-09-13 11:34:02,490 - INFO - Fold 4 (Training): Sharpe=-0.238, Hit=47.8%
2025-09-13 11:34:02,490 - INFO - 
--- Processing fold 5/17 ---
2025-09-13 11:34:02,514 - INFO - Fold 5: Q-scores from fold 4: ['M00:0.369', 'M01:-0.088', 'M02:0.525', 'M03:0.452', 'M04:0.449']...
2025-09-13 11:34:02,514 - INFO - Fold 5: Selected models [33, 38, 63, 88, 53] based on fold 4 Q-scores, avg Q-score: 1.289
2025-09-13 11:34:02,515 - INFO - Fold 5 (Training): Sharpe=2.687, Hit=50.7%
2025-09-13 11:34:02,515 - INFO - 
--- Processing fold 6/17 ---
2025-09-13 11:34:02,531 - INFO - Fold 6: Q-scores from fold 5: ['M00:0.576', 'M01:0.009', 'M02:0.668', 'M03:0.484', 'M04:0.483']...
2025-09-13 11:34:02,531 - INFO - Fold 6: Selected models [38, 33, 63, 53, 88] based on fold 5 Q-scores, avg Q-score: 1.371
2025-09-13 11:34:02,533 - INFO - Fold 6 (Training): Sharpe=1.844, Hit=50.0%
2025-09-13 11:34:02,533 - INFO - 
--- Processing fold 7/17 ---
2025-09-13 11:34:02,548 - INFO - Fold 7: Q-scores from fold 6: ['M00:0.625', 'M01:0.188', 'M02:0.757', 'M03:0.627', 'M04:0.496']...
2025-09-13 11:34:02,548 - INFO - Fold 7: Selected models [38, 33, 88, 53, 63] based on fold 6 Q-scores, avg Q-score: 1.378
2025-09-13 11:34:02,550 - INFO - Fold 7 (Training): Sharpe=2.004, Hit=49.3%
2025-09-13 11:34:02,550 - INFO - 
--- Processing fold 8/17 ---
2025-09-13 11:34:02,566 - INFO - Fold 8: Q-scores from fold 7: ['M00:0.738', 'M01:0.486', 'M02:0.872', 'M03:0.664', 'M04:0.597']...
2025-09-13 11:34:02,566 - INFO - Fold 8: Selected models [38, 33, 91, 88, 53] based on fold 7 Q-scores, avg Q-score: 1.470
2025-09-13 11:34:02,567 - INFO - Fold 8 (Training): Sharpe=1.829, Hit=55.1%
2025-09-13 11:34:02,567 - INFO - 
--- Processing fold 9/17 ---
2025-09-13 11:34:02,582 - INFO - Fold 9: Q-scores from fold 8: ['M00:0.825', 'M01:0.508', 'M02:1.012', 'M03:0.760', 'M04:0.613']...
2025-09-13 11:34:02,582 - INFO - Fold 9: Selected models [38, 33, 91, 67, 49] based on fold 8 Q-scores, avg Q-score: 1.522
2025-09-13 11:34:02,583 - INFO - Fold 9 (Training): Sharpe=-0.887, Hit=47.8%
2025-09-13 11:34:02,583 - INFO - 
--- Processing fold 10/17 ---
2025-09-13 11:34:02,599 - INFO - Fold 10: Q-scores from fold 9: ['M00:0.726', 'M01:0.384', 'M02:0.786', 'M03:0.617', 'M04:0.502']...
2025-09-13 11:34:02,599 - INFO - Fold 10: Selected models [38, 91, 33, 67, 49] based on fold 9 Q-scores, avg Q-score: 1.303
2025-09-13 11:34:02,600 - INFO - Fold 10 (Training): Sharpe=0.529, Hit=43.4%
2025-09-13 11:34:02,600 - INFO - 
--- Processing fold 11/17 ---
2025-09-13 11:34:02,617 - INFO - Fold 11: Q-scores from fold 10: ['M00:0.591', 'M01:0.267', 'M02:0.674', 'M03:0.445', 'M04:0.502']...
2025-09-13 11:34:02,617 - INFO - Fold 11: Selected models [38, 91, 28, 33, 49] based on fold 10 Q-scores, avg Q-score: 1.247
2025-09-13 11:34:02,618 - INFO - Fold 11 (Production): Sharpe=1.091, Hit=52.2%
2025-09-13 11:34:02,618 - INFO - 
--- Processing fold 12/17 ---
2025-09-13 11:34:02,636 - INFO - Fold 12: Q-scores from fold 11: ['M00:0.588', 'M01:0.589', 'M02:0.750', 'M03:0.551', 'M04:0.556']...
2025-09-13 11:34:02,636 - INFO - Fold 12: Selected models [38, 91, 88, 33, 67] based on fold 11 Q-scores, avg Q-score: 1.248
2025-09-13 11:34:02,637 - INFO - Fold 12 (Production): Sharpe=1.931, Hit=56.6%
2025-09-13 11:34:02,637 - INFO - 
--- Processing fold 13/17 ---
2025-09-13 11:34:02,653 - INFO - Fold 13: Q-scores from fold 12: ['M00:0.710', 'M01:0.587', 'M02:0.894', 'M03:0.655', 'M04:0.583']...
2025-09-13 11:34:02,653 - INFO - Fold 13: Selected models [38, 33, 67, 53, 91] based on fold 12 Q-scores, avg Q-score: 1.295
2025-09-13 11:34:02,654 - INFO - Fold 13 (Production): Sharpe=1.764, Hit=55.9%
2025-09-13 11:34:02,654 - INFO - 
--- Processing fold 14/17 ---
2025-09-13 11:34:02,670 - INFO - Fold 14: Q-scores from fold 13: ['M00:0.836', 'M01:0.773', 'M02:1.158', 'M03:0.616', 'M04:0.694']...
2025-09-13 11:34:02,670 - INFO - Fold 14: Selected models [38, 33, 28, 7, 91] based on fold 13 Q-scores, avg Q-score: 1.330
2025-09-13 11:34:02,670 - INFO - Fold 14 (Production): Sharpe=2.341, Hit=56.6%
2025-09-13 11:34:02,670 - INFO - 
--- Processing fold 15/17 ---
2025-09-13 11:34:02,687 - INFO - Fold 15: Q-scores from fold 14: ['M00:0.964', 'M01:0.910', 'M02:1.147', 'M03:0.673', 'M04:0.671']...
2025-09-13 11:34:02,687 - INFO - Fold 15: Selected models [33, 38, 67, 28, 49] based on fold 14 Q-scores, avg Q-score: 1.398
2025-09-13 11:34:02,687 - INFO - Fold 15 (Production): Sharpe=-1.066, Hit=47.8%
2025-09-13 11:34:02,687 - INFO - 
--- Processing fold 16/17 ---
2025-09-13 11:34:02,703 - INFO - Fold 16: Q-scores from fold 15: ['M00:0.812', 'M01:0.784', 'M02:1.118', 'M03:0.523', 'M04:0.545']...
2025-09-13 11:34:02,703 - INFO - Fold 16: Selected models [33, 38, 67, 19, 2] based on fold 15 Q-scores, avg Q-score: 1.222
2025-09-13 11:34:02,705 - INFO - Fold 16 (Production): Sharpe=-1.368, Hit=50.7%
2025-09-13 11:34:02,705 - INFO - 
--- Processing fold 17/17 ---
2025-09-13 11:34:02,721 - INFO - Fold 17: Q-scores from fold 16: ['M00:0.829', 'M01:0.735', 'M02:0.882', 'M03:0.553', 'M04:0.445']...
2025-09-13 11:34:02,721 - INFO - Fold 17: Selected models [33, 28, 67, 6, 91] based on fold 16 Q-scores, avg Q-score: 1.132
2025-09-13 11:34:02,721 - INFO - Fold 17 (Production): Sharpe=2.914, Hit=64.2%
2025-09-13 11:34:02,722 - INFO - Training Period Overall: Sharpe=1.050, Hit=50.0%
2025-09-13 11:34:02,723 - INFO - Production Period Overall: Sharpe=1.304, Hit=55.0%
2025-09-13 11:34:02,724 - INFO - Full Timeline Overall: Sharpe=1.161, Hit=52.1%
2025-09-13 11:34:02,724 - INFO - Training: Sharpe=1.050 | Hit=50.0% | Return=2.95%
2025-09-13 11:34:02,724 - INFO - Production: Sharpe=1.304 | Hit=55.0% | Return=4.98%
2025-09-13 11:34:02,724 - INFO - Full Timeline: Sharpe=1.161 | Hit=52.1% | Return=3.79%
2025-09-13 11:34:02,724 - INFO - Generating visualizations...
2025-09-13 11:34:02,724 - INFO - Creating clean visualizations for 100 models...
2025-09-13 11:34:06,683 - INFO - Clean fold-by-fold analysis saved to: 20250913_081728_fold_@EU#C_100models_20folds_v2_S4.5_EU_250feat_tiered_20F.png
2025-09-13 11:34:09,072 - INFO - Detailed production analysis saved to: 20250913_081728_backtest_@EU#C_100models_20folds_v2_S4.5_EU_250feat_tiered_20F.png
2025-09-13 11:34:09,073 - INFO - ================================================================================
2025-09-13 11:34:09,073 - INFO - BACKTEST SUMMARY
2025-09-13 11:34:09,073 - INFO - ================================================================================
2025-09-13 11:34:09,073 - INFO - Config: Cutoff=70%, Top N=5, Q-Metric=sharpe, Reselection=1 fold(s)
2025-09-13 11:34:09,073 - INFO - Model Selection History:
2025-09-13 11:34:09,073 - INFO -   Fold 1: M33, M38, M88, M99, M63 (Avg Q-sharpe: 1.704)
2025-09-13 11:34:09,073 - INFO -   Fold 2: M33, M38, M88, M53, M63 (Avg Q-sharpe: 1.490)
2025-09-13 11:34:09,073 - INFO -   Fold 3: M33, M38, M88, M63, M53 (Avg Q-sharpe: 1.529)
2025-09-13 11:34:09,073 - INFO -   Fold 4: M33, M38, M53, M63, M88 (Avg Q-sharpe: 1.453)
2025-09-13 11:34:09,073 - INFO -   Fold 5: M33, M38, M63, M88, M53 (Avg Q-sharpe: 1.289)
2025-09-13 11:34:09,073 - INFO -   Fold 6: M38, M33, M63, M53, M88 (Avg Q-sharpe: 1.371)
2025-09-13 11:34:09,073 - INFO -   Fold 7: M38, M33, M88, M53, M63 (Avg Q-sharpe: 1.378)
2025-09-13 11:34:09,073 - INFO -   Fold 8: M38, M33, M91, M88, M53 (Avg Q-sharpe: 1.470)
2025-09-13 11:34:09,073 - INFO -   Fold 9: M38, M33, M91, M67, M49 (Avg Q-sharpe: 1.522)
2025-09-13 11:34:09,073 - INFO -   Fold 10: M38, M91, M33, M67, M49 (Avg Q-sharpe: 1.303)
2025-09-13 11:34:09,073 - INFO -   Fold 11: M38, M91, M28, M33, M49 (Avg Q-sharpe: 1.247)
2025-09-13 11:34:09,073 - INFO -   Fold 12: M38, M91, M88, M33, M67 (Avg Q-sharpe: 1.248)
2025-09-13 11:34:09,073 - INFO -   Fold 13: M38, M33, M67, M53, M91 (Avg Q-sharpe: 1.295)
2025-09-13 11:34:09,073 - INFO -   Fold 14: M38, M33, M28, M07, M91 (Avg Q-sharpe: 1.330)
2025-09-13 11:34:09,073 - INFO -   Fold 15: M33, M38, M67, M28, M49 (Avg Q-sharpe: 1.398)
2025-09-13 11:34:09,073 - INFO -   Fold 16: M33, M38, M67, M19, M02 (Avg Q-sharpe: 1.222)
2025-09-13 11:34:09,073 - INFO -   Fold 17: M33, M28, M67, M06, M91 (Avg Q-sharpe: 1.132)
2025-09-13 11:34:09,073 - INFO - 
2025-09-13 11:34:09,073 - INFO - Fold-by-Fold Performance:
2025-09-13 11:34:09,073 - INFO -   Fold 1: M33, M38, M88, M99, M63 | Sharpe=-0.916 | Hit=48.5% | Samples=136
2025-09-13 11:34:09,073 - INFO -   Fold 2: M33, M38, M88, M53, M63 | Sharpe=2.611 | Hit=55.9% | Samples=136
2025-09-13 11:34:09,073 - INFO -   Fold 3: M33, M38, M88, M63, M53 | Sharpe=1.022 | Hit=51.5% | Samples=136
2025-09-13 11:34:09,073 - INFO -   Fold 4: M33, M38, M53, M63, M88 | Sharpe=-0.238 | Hit=47.8% | Samples=136
2025-09-13 11:34:09,073 - INFO -   Fold 5: M33, M38, M63, M88, M53 | Sharpe=2.687 | Hit=50.7% | Samples=136
2025-09-13 11:34:09,073 - INFO -   Fold 6: M38, M33, M63, M53, M88 | Sharpe=1.844 | Hit=50.0% | Samples=136
2025-09-13 11:34:09,073 - INFO -   Fold 7: M38, M33, M88, M53, M63 | Sharpe=2.004 | Hit=49.3% | Samples=136
2025-09-13 11:34:09,073 - INFO -   Fold 8: M38, M33, M91, M88, M53 | Sharpe=1.829 | Hit=55.1% | Samples=136
2025-09-13 11:34:09,073 - INFO -   Fold 9: M38, M33, M91, M67, M49 | Sharpe=-0.887 | Hit=47.8% | Samples=136
2025-09-13 11:34:09,073 - INFO -   Fold 10: M38, M91, M33, M67, M49 | Sharpe=0.529 | Hit=43.4% | Samples=136
2025-09-13 11:34:09,073 - INFO -   Fold 11: M38, M91, M28, M33, M49 | Sharpe=1.091 | Hit=52.2% | Samples=136
2025-09-13 11:34:09,073 - INFO -   Fold 12: M38, M91, M88, M33, M67 | Sharpe=1.931 | Hit=56.6% | Samples=136
2025-09-13 11:34:09,073 - INFO -   Fold 13: M38, M33, M67, M53, M91 | Sharpe=1.764 | Hit=55.9% | Samples=136
2025-09-13 11:34:09,073 - INFO -   Fold 14: M38, M33, M28, M07, M91 | Sharpe=2.341 | Hit=56.6% | Samples=136
2025-09-13 11:34:09,073 - INFO -   Fold 15: M33, M38, M67, M28, M49 | Sharpe=-1.066 | Hit=47.8% | Samples=136
2025-09-13 11:34:09,073 - INFO -   Fold 16: M33, M38, M67, M19, M02 | Sharpe=-1.368 | Hit=50.7% | Samples=136
2025-09-13 11:34:09,073 - INFO -   Fold 17: M33, M28, M67, M06, M91 | Sharpe=2.914 | Hit=64.2% | Samples=148
2025-09-13 11:34:09,073 - INFO - ================================================================================
2025-09-13 11:34:09,073 - INFO - ================================================================================
2025-09-13 11:34:09,073 - INFO - ANALYSIS COMPLETED SUCCESSFULLY!
2025-09-13 11:34:09,073 - INFO - ================================================================================
2025-09-13 11:34:09,073 - INFO - Generated 2 visualization files
2025-09-13 11:34:09,073 - INFO -   - 20250913_081728_fold_@EU#C_100models_20folds_v2_S4.5_EU_250feat_tiered_20F.png
2025-09-13 11:34:09,073 - INFO -   - 20250913_081728_backtest_@EU#C_100models_20folds_v2_S4.5_EU_250feat_tiered_20F.png
2025-09-13 11:34:09,073 - INFO - Training Final: Sharpe=1.050 | Hit=50.0% | Return=2.95% | CB=0.987
2025-09-13 11:34:09,073 - INFO - Production Final: Sharpe=1.304 | Hit=55.0% | Return=4.98% | CB=1.080
2025-09-13 11:34:09,074 - INFO - Full Timeline Final: Sharpe=1.161 | Hit=52.1% | Return=3.79% | CB=0.822
