2025-09-12 16:55:03,249 - INFO - ================================================================================
2025-09-12 16:55:03,249 - INFO - XGBoost Comparison Framework
2025-09-12 16:55:03,249 - INFO - ================================================================================
2025-09-12 16:55:03,249 - INFO - Configuration:
2025-09-12 16:55:03,249 - INFO -   Target Symbol: @EU#C
2025-09-12 16:55:03,249 - INFO -   Date Range: 2015-01-01 to 2025-08-01
2025-09-12 16:55:03,249 - INFO -   Models: 100, Type: tiered
2025-09-12 16:55:03,249 - INFO -   Folds: 10
2025-09-12 16:55:03,249 - INFO -   Max Features: 250 (Limited)
2025-09-12 16:55:03,249 - INFO -   Feature Selection: Enabled
2025-09-12 16:55:03,249 - INFO -   Inner Val Fraction: 0.2
2025-09-12 16:55:03,250 - INFO -   EWMA Alpha: 0.1, Quality Halflife: 63 days
2025-09-12 16:55:03,250 - INFO -   Signal Type: Tanh Normalized
2025-09-12 16:55:03,250 - INFO -   Cross-validation: Expanding window
2025-09-12 16:55:03,250 - INFO -   Production: Cutoff=0.6, Top N=5, Q-Metric=hit_rate
2025-09-12 16:55:03,250 - INFO -   Reselection: Every 1 fold(s)
2025-09-12 16:55:03,250 - INFO - 
2025-09-12 16:55:09,081 - INFO - Loaded: X=(2735, 1906), y=(2735,)
2025-09-12 16:55:36,203 - INFO - Selected 250 features (threshold: 0.7)
2025-09-12 16:55:36,214 - INFO - Selected: 250 features
2025-09-12 16:55:36,495 - INFO - GPU detection: CUDA GPU available and working
2025-09-12 16:55:36,495 - INFO - Processing mode: GPU sequential (GPU: True, Total models: 1000)
2025-09-12 16:55:36,518 - INFO - GPU detection: CUDA GPU available and working
2025-09-12 16:55:36,531 - INFO - Using expanding window
2025-09-12 16:55:36,531 - INFO - Starting analysis: 100 tiered models x 9 folds
2025-09-12 16:55:36,531 - INFO - Processing Fold 1/9
2025-09-12 16:55:36,539 - INFO -   Using GPU sequential processing
2025-09-12 16:58:33,455 - INFO - Fold 1 Summary:
2025-09-12 16:58:33,455 - INFO -   Best OOS Sharpe: M40 (1.879, p=0.060)
2025-09-12 16:58:33,455 - INFO -   Best Q-Hit_Rate:  M44 (0.560, OOS_Sharpe=1.188, OOS_Hit=0.560)
2025-09-12 16:58:33,455 - INFO -   Mean OOS Sharpe: 0.083, Mean Hit: 0.492
2025-09-12 16:58:33,455 - INFO - 
2025-09-12 16:58:33,461 - INFO - Processing Fold 2/9
2025-09-12 16:58:33,468 - INFO -   Using GPU sequential processing
2025-09-12 17:02:02,826 - INFO - Fold 2 Summary:
2025-09-12 17:02:02,826 - INFO -   Best OOS Sharpe: M24 (2.955, p=0.000)
2025-09-12 17:02:02,826 - INFO -   Best Q-Hit_Rate:  M44 (0.559, OOS_Sharpe=1.106, OOS_Hit=0.542)
2025-09-12 17:02:02,826 - INFO -   Mean OOS Sharpe: 1.542, Mean Hit: 0.525
2025-09-12 17:02:02,826 - INFO - 
2025-09-12 17:02:02,829 - INFO - Processing Fold 3/9
2025-09-12 17:02:02,836 - INFO -   Using GPU sequential processing
2025-09-12 17:05:51,823 - INFO - Fold 3 Summary:
2025-09-12 17:05:51,823 - INFO -   Best OOS Sharpe: M66 (2.057, p=0.030)
2025-09-12 17:05:51,823 - INFO -   Best Q-Hit_Rate:  M44 (0.556, OOS_Sharpe=1.946, OOS_Hit=0.535)
2025-09-12 17:05:51,823 - INFO -   Mean OOS Sharpe: 0.590, Mean Hit: 0.492
2025-09-12 17:05:51,823 - INFO - 
2025-09-12 17:05:51,827 - INFO - Processing Fold 4/9
2025-09-12 17:05:51,835 - INFO -   Using GPU sequential processing
2025-09-12 17:09:53,472 - INFO - Fold 4 Summary:
2025-09-12 17:09:53,472 - INFO -   Best OOS Sharpe: M18 (2.776, p=0.000)
2025-09-12 17:09:53,472 - INFO -   Best Q-Hit_Rate:  M44 (0.550, OOS_Sharpe=0.811, OOS_Hit=0.491)
2025-09-12 17:09:53,472 - INFO -   Mean OOS Sharpe: 1.267, Mean Hit: 0.510
2025-09-12 17:09:53,472 - INFO - 
2025-09-12 17:09:53,476 - INFO - Processing Fold 5/9
2025-09-12 17:09:53,484 - INFO -   Using GPU sequential processing
2025-09-12 17:14:05,972 - INFO - Fold 5 Summary:
2025-09-12 17:14:05,972 - INFO -   Best OOS Sharpe: M84 (2.601, p=0.010)
2025-09-12 17:14:05,972 - INFO -   Best Q-Hit_Rate:  M44 (0.543, OOS_Sharpe=1.337, OOS_Hit=0.484)
2025-09-12 17:14:05,972 - INFO -   Mean OOS Sharpe: 1.108, Mean Hit: 0.510
2025-09-12 17:14:05,973 - INFO - 
2025-09-12 17:14:05,975 - INFO - Processing Fold 6/9
2025-09-12 17:14:05,984 - INFO -   Using GPU sequential processing
2025-09-12 17:17:44,760 - INFO - Fold 6 Summary:
2025-09-12 17:17:44,760 - INFO -   Best OOS Sharpe: M40 (2.061, p=0.050)
2025-09-12 17:17:44,760 - INFO -   Best Q-Hit_Rate:  M44 (0.543, OOS_Sharpe=1.472, OOS_Hit=0.538)
2025-09-12 17:17:44,760 - INFO -   Mean OOS Sharpe: 0.605, Mean Hit: 0.511
2025-09-12 17:17:44,760 - INFO - 
2025-09-12 17:17:44,765 - INFO - Processing Fold 7/9
2025-09-12 17:17:44,779 - INFO -   Using GPU sequential processing
2025-09-12 17:19:56,905 - INFO - Fold 7 Summary:
2025-09-12 17:19:56,906 - INFO -   Best OOS Sharpe: M22 (2.533, p=0.010)
2025-09-12 17:19:56,906 - INFO -   Best Q-Hit_Rate:  M44 (0.537, OOS_Sharpe=0.299, OOS_Hit=0.484)
2025-09-12 17:19:56,906 - INFO -   Mean OOS Sharpe: 0.593, Mean Hit: 0.498
2025-09-12 17:19:56,906 - INFO - 
2025-09-12 17:19:56,910 - INFO - Processing Fold 8/9
2025-09-12 17:19:56,921 - INFO -   Using GPU sequential processing
2025-09-12 17:21:45,457 - INFO - Fold 8 Summary:
2025-09-12 17:21:45,457 - INFO -   Best OOS Sharpe: M34 (1.719, p=0.090)
2025-09-12 17:21:45,457 - INFO -   Best Q-Hit_Rate:  M44 (0.533, OOS_Sharpe=0.111, OOS_Hit=0.502)
2025-09-12 17:21:45,457 - INFO -   Mean OOS Sharpe: 0.401, Mean Hit: 0.512
2025-09-12 17:21:45,457 - INFO - 
2025-09-12 17:21:45,462 - INFO - Processing Fold 9/9
2025-09-12 17:21:45,471 - INFO -   Using GPU sequential processing
2025-09-12 17:22:44,888 - INFO - Fold 9 Summary:
2025-09-12 17:22:44,888 - INFO -   Best OOS Sharpe: M83 (2.515, p=0.010)
2025-09-12 17:22:44,888 - INFO -   Best Q-Hit_Rate:  M44 (0.535, OOS_Sharpe=0.815, OOS_Hit=0.547)
2025-09-12 17:22:44,888 - INFO -   Mean OOS Sharpe: 1.074, Mean Hit: 0.537
2025-09-12 17:22:44,888 - INFO - 
2025-09-12 17:22:44,894 - INFO - Starting full timeline backtesting...
2025-09-12 17:22:44,894 - INFO - Running full timeline backtest with 9 folds (0-based indexing)
2025-09-12 17:22:44,894 - INFO - Fold 0 skipped (no prior Q-score history for meaningful selection)
2025-09-12 17:22:44,894 - INFO - Effective backtest period: Folds 1-8 (8 folds)
2025-09-12 17:22:44,894 - INFO - Training period: Folds 1-5
2025-09-12 17:22:44,894 - INFO - Production period: Folds 6-8
2025-09-12 17:22:44,894 - INFO - Using consistent OOS methodology for all folds
2025-09-12 17:22:44,894 - INFO - Fold 0: Skipped (no prior Q-score history for meaningful selection)
2025-09-12 17:22:44,894 - INFO - 
--- Processing fold 1/8 ---
2025-09-12 17:22:44,917 - INFO - Fold 1: Q-scores from fold 0: ['M00:0.502', 'M01:0.498', 'M02:0.491', 'M03:0.491', 'M04:0.498']...
2025-09-12 17:22:44,917 - INFO - Fold 1: Selected models [44, 46, 67, 55, 9] based on fold 0 Q-scores, avg Q-score: 0.541
2025-09-12 17:22:44,919 - INFO - Fold 1 (Training): Sharpe=1.556, Hit=54.9%
2025-09-12 17:22:44,919 - INFO - 
--- Processing fold 2/8 ---
2025-09-12 17:22:44,941 - INFO - Fold 2: Q-scores from fold 1: ['M00:0.504', 'M01:0.499', 'M02:0.497', 'M03:0.495', 'M04:0.503']...
2025-09-12 17:22:44,941 - INFO - Fold 2: Selected models [44, 46, 67, 55, 75] based on fold 1 Q-scores, avg Q-score: 0.540
2025-09-12 17:22:44,943 - INFO - Fold 2 (Training): Sharpe=0.760, Hit=49.5%
2025-09-12 17:22:44,943 - INFO - 
--- Processing fold 3/8 ---
2025-09-12 17:22:44,960 - INFO - Fold 3: Q-scores from fold 2: ['M00:0.501', 'M01:0.499', 'M02:0.501', 'M03:0.495', 'M04:0.504']...
2025-09-12 17:22:44,961 - INFO - Fold 3: Selected models [44, 46, 67, 75, 55] based on fold 2 Q-scores, avg Q-score: 0.535
2025-09-12 17:22:44,962 - INFO - Fold 3 (Training): Sharpe=1.146, Hit=50.2%
2025-09-12 17:22:44,962 - INFO - 
--- Processing fold 4/8 ---
2025-09-12 17:22:44,979 - INFO - Fold 4: Q-scores from fold 3: ['M00:0.501', 'M01:0.497', 'M02:0.503', 'M03:0.499', 'M04:0.506']...
2025-09-12 17:22:44,979 - INFO - Fold 4: Selected models [44, 67, 46, 55, 75] based on fold 3 Q-scores, avg Q-score: 0.533
2025-09-12 17:22:44,980 - INFO - Fold 4 (Training): Sharpe=1.667, Hit=50.9%
2025-09-12 17:22:44,981 - INFO - 
--- Processing fold 5/8 ---
2025-09-12 17:22:44,998 - INFO - Fold 5: Q-scores from fold 4: ['M00:0.501', 'M01:0.501', 'M02:0.505', 'M03:0.504', 'M04:0.507']...
2025-09-12 17:22:44,998 - INFO - Fold 5: Selected models [44, 46, 67, 75, 55] based on fold 4 Q-scores, avg Q-score: 0.529
2025-09-12 17:22:44,999 - INFO - Fold 5 (Training): Sharpe=0.968, Hit=51.6%
2025-09-12 17:22:44,999 - INFO - 
--- Processing fold 6/8 ---
2025-09-12 17:22:45,016 - INFO - Fold 6: Q-scores from fold 5: ['M00:0.503', 'M01:0.504', 'M02:0.509', 'M03:0.507', 'M04:0.506']...
2025-09-12 17:22:45,016 - INFO - Fold 6: Selected models [44, 67, 46, 75, 11] based on fold 5 Q-scores, avg Q-score: 0.528
2025-09-12 17:22:45,018 - INFO - Fold 6 (Production): Sharpe=0.941, Hit=49.1%
2025-09-12 17:22:45,018 - INFO - 
--- Processing fold 7/8 ---
2025-09-12 17:22:45,036 - INFO - Fold 7: Q-scores from fold 6: ['M00:0.500', 'M01:0.500', 'M02:0.502', 'M03:0.508', 'M04:0.505']...
2025-09-12 17:22:45,036 - INFO - Fold 7: Selected models [44, 67, 46, 99, 75] based on fold 6 Q-scores, avg Q-score: 0.526
2025-09-12 17:22:45,037 - INFO - Fold 7 (Production): Sharpe=0.752, Hit=55.3%
2025-09-12 17:22:45,037 - INFO - 
--- Processing fold 8/8 ---
2025-09-12 17:22:45,054 - INFO - Fold 8: Q-scores from fold 7: ['M00:0.499', 'M01:0.503', 'M02:0.508', 'M03:0.512', 'M04:0.506']...
2025-09-12 17:22:45,055 - INFO - Fold 8: Selected models [44, 67, 99, 46, 75] based on fold 7 Q-scores, avg Q-score: 0.526
2025-09-12 17:22:45,056 - INFO - Fold 8 (Production): Sharpe=1.376, Hit=55.0%
2025-09-12 17:22:45,057 - INFO - Training Period Overall: Sharpe=1.180, Hit=51.4%
2025-09-12 17:22:45,058 - INFO - Production Period Overall: Sharpe=1.016, Hit=53.2%
2025-09-12 17:22:45,059 - INFO - Full Timeline Overall: Sharpe=1.105, Hit=52.1%
2025-09-12 17:22:45,059 - INFO - Training: Sharpe=1.180 | Hit=51.4% | Return=3.80%
2025-09-12 17:22:45,059 - INFO - Production: Sharpe=1.016 | Hit=53.2% | Return=3.99%
2025-09-12 17:22:45,059 - INFO - Full Timeline: Sharpe=1.105 | Hit=52.1% | Return=3.87%
2025-09-12 17:22:45,059 - INFO - Generating visualizations...
2025-09-12 17:22:45,059 - INFO - Creating clean visualizations for 100 models...
2025-09-12 17:22:46,837 - INFO - Clean fold-by-fold analysis saved to: 20250912_165503_fold_@EU#C_100models_10folds_runner_up_EU.png
2025-09-12 17:22:48,632 - INFO - Detailed production analysis saved to: 20250912_165503_backtest_@EU#C_100models_10folds_runner_up_EU.png
2025-09-12 17:22:48,632 - INFO - ================================================================================
2025-09-12 17:22:48,632 - INFO - BACKTEST SUMMARY
2025-09-12 17:22:48,632 - INFO - ================================================================================
2025-09-12 17:22:48,632 - INFO - Config: Cutoff=70%, Top N=5, Q-Metric=sharpe, Reselection=1 fold(s)
2025-09-12 17:22:48,632 - INFO - Model Selection History:
2025-09-12 17:22:48,632 - INFO -   Fold 1: M44, M46, M67, M55, M09 (Avg Q-sharpe: 0.541)
2025-09-12 17:22:48,632 - INFO -   Fold 2: M44, M46, M67, M55, M75 (Avg Q-sharpe: 0.540)
2025-09-12 17:22:48,632 - INFO -   Fold 3: M44, M46, M67, M75, M55 (Avg Q-sharpe: 0.535)
2025-09-12 17:22:48,632 - INFO -   Fold 4: M44, M67, M46, M55, M75 (Avg Q-sharpe: 0.533)
2025-09-12 17:22:48,632 - INFO -   Fold 5: M44, M46, M67, M75, M55 (Avg Q-sharpe: 0.529)
2025-09-12 17:22:48,632 - INFO -   Fold 6: M44, M67, M46, M75, M11 (Avg Q-sharpe: 0.528)
2025-09-12 17:22:48,632 - INFO -   Fold 7: M44, M67, M46, M99, M75 (Avg Q-sharpe: 0.526)
2025-09-12 17:22:48,632 - INFO -   Fold 8: M44, M67, M99, M46, M75 (Avg Q-sharpe: 0.526)
2025-09-12 17:22:48,632 - INFO - 
2025-09-12 17:22:48,632 - INFO - Fold-by-Fold Performance:
2025-09-12 17:22:48,632 - INFO -   Fold 1: M44, M46, M67, M55, M09 | Sharpe=1.556 | Hit=54.9% | Samples=273
2025-09-12 17:22:48,632 - INFO -   Fold 2: M44, M46, M67, M55, M75 | Sharpe=0.760 | Hit=49.5% | Samples=273
2025-09-12 17:22:48,632 - INFO -   Fold 3: M44, M46, M67, M75, M55 | Sharpe=1.146 | Hit=50.2% | Samples=273
2025-09-12 17:22:48,632 - INFO -   Fold 4: M44, M67, M46, M55, M75 | Sharpe=1.667 | Hit=50.9% | Samples=273
2025-09-12 17:22:48,632 - INFO -   Fold 5: M44, M46, M67, M75, M55 | Sharpe=0.968 | Hit=51.6% | Samples=273
2025-09-12 17:22:48,632 - INFO -   Fold 6: M44, M67, M46, M75, M11 | Sharpe=0.941 | Hit=49.1% | Samples=273
2025-09-12 17:22:48,632 - INFO -   Fold 7: M44, M67, M46, M99, M75 | Sharpe=0.752 | Hit=55.3% | Samples=273
2025-09-12 17:22:48,632 - INFO -   Fold 8: M44, M67, M99, M46, M75 | Sharpe=1.376 | Hit=55.0% | Samples=278
2025-09-12 17:22:48,632 - INFO - ================================================================================
2025-09-12 17:22:48,632 - INFO - ================================================================================
2025-09-12 17:22:48,632 - INFO - ANALYSIS COMPLETED SUCCESSFULLY!
2025-09-12 17:22:48,632 - INFO - ================================================================================
2025-09-12 17:22:48,632 - INFO - Generated 2 visualization files
2025-09-12 17:22:48,632 - INFO -   - 20250912_165503_fold_@EU#C_100models_10folds_runner_up_EU.png
2025-09-12 17:22:48,632 - INFO -   - 20250912_165503_backtest_@EU#C_100models_10folds_runner_up_EU.png
2025-09-12 17:22:48,632 - INFO - Training Final: Sharpe=1.180 | Hit=51.4% | Return=3.80% | CB=0.981
2025-09-12 17:22:48,632 - INFO - Production Final: Sharpe=1.016 | Hit=53.2% | Return=3.99% | CB=0.916
2025-09-12 17:22:48,632 - INFO - Full Timeline Final: Sharpe=1.105 | Hit=52.1% | Return=3.87% | CB=0.890
