[2025-09-23 13:18:01] Loaded .env from /home/ubuntu/XGB PROD
[2025-09-23 13:18:01] === XGBoost Production Daily Signal Generation ===
[2025-09-23 13:18:01] Working directory: /home/ubuntu/XGB PROD
[2025-09-23 13:18:01] Python command: python3
[2025-09-23 13:18:01] Log file: logs/20250923/xgb_prod_20250923_131801.log
[2025-09-23 13:18:01] ðŸ”§ Ensuring clean state for IQFeed/Xvfb
[2025-09-23 13:18:03] ðŸ–¥ï¸  Starting Xvfb on :1
[2025-09-23 13:18:08] ðŸªŸ Starting IQFeed (IQCharts.exe) via wine
[2025-09-23 13:18:08] IQFeed PID: 2344
[2025-09-23 13:18:08] â³ Waiting for IQFeed to initialize...
[2025-09-23 13:18:23] ðŸš€ Starting signal generation...
=== XGBoost Daily Signal Generation ===
Processing 24 tradeable symbols & 1 FX symbols
====Getting live prices====
====Getting live prices====
Data fetched for 24 symbols
@AD#C: Signal=-1, Avg Score=-1.07 bps, Price=0.6611
@BO#C: Signal=1, Avg Score=-0.05 bps, Price=49.8900
@BP#C: Signal=-1, Avg Score=-1.61 bps, Price=1.3524
@C#C: Signal=-1, Avg Score=-6.54 bps, Price=425.2500
@CT#C: Signal=1, Avg Score=8.90 bps, Price=66.6000
@ES#C: Signal=1, Avg Score=1.12 bps, Price=6729.5000
@EU#C: Signal=-1, Avg Score=-0.22 bps, Price=1.1863
@FV#C: Signal=-1, Avg Score=-0.92 bps, Price=109.3984
@JY#C: Signal=-1, Avg Score=-1.17 bps, Price=0.0068
@NQ#C: Signal=1, Avg Score=4.52 bps, Price=24905.0000
@RTY#C: Signal=1, Avg Score=1.44 bps, Price=2493.1000
@S#C: Signal=1, Avg Score=6.61 bps, Price=1011.7500
@SM#C: Signal=-1, Avg Score=-5.40 bps, Price=277.8000
@TY#C: Signal=-1, Avg Score=-0.67 bps, Price=112.7500
@US#C: Signal=1, Avg Score=0.49 bps, Price=116.3125
@W#C: Signal=1, Avg Score=3.09 bps, Price=520.2500
BD#C: EUR 128.15 -> USD 151.29
BD#C: Signal=1, Avg Score=0.39 bps, Price=151.2939
BL#C: EUR 117.68 -> USD 138.93
BL#C: Signal=-1, Avg Score=0.00 bps, Price=138.9330
QCL#C: Signal=-1, Avg Score=-1.67 bps, Price=63.4000
QGC#C: Signal=1, Avg Score=0.14 bps, Price=3814.3000
QHG#C: Signal=1, Avg Score=2.70 bps, Price=4.6460
QNG#C: Signal=1, Avg Score=6.32 bps, Price=2.8400
QPL#C: Signal=1, Avg Score=0.11 bps, Price=1502.1000
QSI#C: Signal=1, Avg Score=0.24 bps, Price=44.5700
Active P trades: 24
  P @AD#C: -18 @ 0.6611
  P @BO#C: +11 @ 49.8900
  P @BP#C: -14 @ 1.3524
  P @C#C: -16 @ 425.2500
  P @CT#C: +10 @ 66.6000
  P @ES#C: +9 @ 6729.5000
  P @EU#C: -8 @ 1.1863
  P @FV#C: -36 @ 109.3984
  P @JY#C: -14 @ 0.0068
  P @NQ#C: +6 @ 24905.0000
  P @RTY#C: +26 @ 2493.1000
  P @S#C: +7 @ 1011.7500
  P @SM#C: -12 @ 277.8000
  P @TY#C: -35 @ 112.7500
  P @US#C: +34 @ 116.3125
  P @W#C: +13 @ 520.2500
  P BD#C: +26 @ 151.2939
  P BL#C: -28 @ 138.9330
  P QCL#C: -18 @ 63.4000
  P QGC#C: +3 @ 3814.3000
  P QHG#C: +10 @ 4.6460
  P QNG#C: +10 @ 2.8400
  P QPL#C: +16 @ 1502.1000
  P QSI#C: +5 @ 44.5700
Active Q trades: 23
  Q @AD#C: -15 @ 0.6611
  Q @BO#C: +9 @ 49.8900
  Q @BP#C: -11 @ 1.3524
  Q @C#C: -13 @ 425.2500
  Q @CT#C: +8 @ 66.6000
  Q @ES#C: +3 @ 6729.5000
  Q @EU#C: -6 @ 1.1863
  Q @FV#C: -7 @ 109.3984
  Q @JY#C: -11 @ 0.0068
  Q @NQ#C: +2 @ 24905.0000
  Q @RTY#C: +10 @ 2493.1000
  Q @S#C: +5 @ 1011.7500
  Q @SM#C: -10 @ 277.8000
  Q @TY#C: -7 @ 112.7500
  Q @US#C: +6 @ 116.3125
  Q @W#C: +10 @ 520.2500
  Q BD#C: +5 @ 151.2939
  Q BL#C: -5 @ 138.9330
  Q QCL#C: -3 @ 63.4000
  Q QHG#C: +2 @ 4.6460
  Q QNG#C: +8 @ 2.8400
  Q QPL#C: +3 @ 1502.1000
  Q QSI#C: +1 @ 44.5700
Saved 24 trades to /home/ubuntu/XGB PROD/logs/20250923/20250923_GMS_Trade_File_xgb_prod_12hr.xlsx
Saved 23 Q trades to /home/ubuntu/XGB PROD/logs/20250923/lpxd_external_advisors_CB_20250923-1719.csv
Found credentials from IAM Role: ec2-s3-access-role
Saved P trades to /home/ubuntu/XGB PROD/logs/20250923/20250923_GMS_Trade_File_xgb_prod_12hr.xlsx
Saved Q trades to /home/ubuntu/XGB PROD/logs/20250923/lpxd_external_advisors_CB_20250923-1719.csv
Email sent to ['christian.beulen@sydneyquantitative.com', 'realstevendong@gmail.com']
Email sent with both trade files
Completed: 24 signals, 24 P trades, 23 Q trades
[2025-09-23 13:19:35] âœ… Signal generation completed successfully
[2025-09-23 13:19:35] ðŸ§¹ Cleaning up IQFeed/Xvfb
