2025-09-17 01:27:48,033 - INFO - ================================================================================
2025-09-17 01:27:48,033 - INFO - XGBoost Comparison Framework
2025-09-17 01:27:48,033 - INFO - ================================================================================
2025-09-17 01:27:48,033 - INFO - Configuration:
2025-09-17 01:27:48,033 - INFO -   Target Symbol: @TY#C
2025-09-17 01:27:48,033 - INFO -   Date Range: 2015-01-01 to 2025-08-01
2025-09-17 01:27:48,033 - INFO -   Models: 100, Type: standard
2025-09-17 01:27:48,033 - INFO -   Folds: 15
2025-09-17 01:27:48,033 - INFO -   Max Features: 100 (Limited)
2025-09-17 01:27:48,034 - INFO -   Feature Selection: Enabled
2025-09-17 01:27:48,034 - INFO -   Inner Val Fraction: 0.2
2025-09-17 01:27:48,034 - INFO -   EWMA Alpha: 0.1, Quality Halflife: 63 days
2025-09-17 01:27:48,034 - INFO -   Signal Type: Binary (+1/-1)
2025-09-17 01:27:48,034 - INFO -   Cross-validation: Expanding window
2025-09-17 01:27:48,034 - INFO -   Production: Cutoff=0.6, Top N=5, Q-Metric=sharpe
2025-09-17 01:27:48,034 - INFO -   Reselection: Every 1 fold(s)
2025-09-17 01:27:48,034 - INFO - 
2025-09-17 01:28:00,171 - INFO - Dropped 4 rows due to NaN in target column @TY#C_target_return
2025-09-17 01:28:00,377 - INFO - Loaded: X=(2731, 1906), y=(2731,)
2025-09-17 01:29:20,730 - INFO - Selected 100 features (threshold: 0.7)
2025-09-17 01:29:20,795 - INFO - Selected: 100 features
2025-09-17 01:29:20,935 - INFO - GPU detection: XGBoost not compiled with CUDA support - using CPU
2025-09-17 01:29:20,935 - INFO - Processing mode: CPU multiprocessing (GPU: False, Total models: 1500)
2025-09-17 01:29:21,080 - INFO - GPU detection: XGBoost not compiled with CUDA support - using CPU
2025-09-17 01:29:21,150 - INFO - Using expanding window
2025-09-17 01:29:21,151 - INFO - Starting analysis: 100 standard models x 13 folds
2025-09-17 01:29:21,151 - INFO - Processing Fold 1/13
2025-09-17 01:29:21,197 - INFO -   Using multiprocessing with 9 workers
2025-09-17 01:32:23,849 - INFO - Fold 1 Summary:
2025-09-17 01:32:23,855 - INFO -   Best OOS Sharpe: M22 (3.517, p=0.000)
2025-09-17 01:32:23,856 - INFO -   Best Q-Sharpe:  M22 (3.517, OOS_Sharpe=3.517, OOS_Hit=0.571)
2025-09-17 01:32:23,856 - INFO -   Mean OOS Sharpe: 0.449, Mean Hit: 0.490
2025-09-17 01:32:23,856 - INFO - 
2025-09-17 01:32:23,879 - INFO - Stored 0 trained models for production export
2025-09-17 01:32:23,880 - INFO - Processing Fold 2/13
2025-09-17 01:32:23,912 - INFO -   Using multiprocessing with 9 workers
2025-09-17 01:35:33,878 - INFO - Fold 2 Summary:
2025-09-17 01:35:33,886 - INFO -   Best OOS Sharpe: M08 (2.597, p=0.020)
2025-09-17 01:35:33,886 - INFO -   Best Q-Sharpe:  M22 (3.097, OOS_Sharpe=-0.685, OOS_Hit=0.511)
2025-09-17 01:35:33,886 - INFO -   Mean OOS Sharpe: 0.856, Mean Hit: 0.548
2025-09-17 01:35:33,886 - INFO - 
2025-09-17 01:35:33,918 - INFO - Stored 0 trained models for production export
2025-09-17 01:35:33,919 - INFO - Processing Fold 3/13
2025-09-17 01:35:33,954 - INFO -   Using multiprocessing with 9 workers
2025-09-17 01:39:31,272 - INFO - Fold 3 Summary:
2025-09-17 01:39:31,281 - INFO -   Best OOS Sharpe: M45 (3.934, p=0.000)
2025-09-17 01:39:31,281 - INFO -   Best Q-Sharpe:  M22 (3.002, OOS_Sharpe=2.147, OOS_Hit=0.544)
2025-09-17 01:39:31,281 - INFO -   Mean OOS Sharpe: 1.802, Mean Hit: 0.546
2025-09-17 01:39:31,281 - INFO - 
2025-09-17 01:39:31,309 - INFO - Stored 0 trained models for production export
2025-09-17 01:39:31,309 - INFO - Processing Fold 4/13
2025-09-17 01:39:31,345 - INFO -   Using multiprocessing with 9 workers
2025-09-17 01:43:25,485 - INFO - Fold 4 Summary:
2025-09-17 01:43:25,493 - INFO -   Best OOS Sharpe: M47 (2.030, p=0.100)
2025-09-17 01:43:25,494 - INFO -   Best Q-Sharpe:  M22 (2.627, OOS_Sharpe=-0.742, OOS_Hit=0.462)
2025-09-17 01:43:25,494 - INFO -   Mean OOS Sharpe: 0.275, Mean Hit: 0.490
2025-09-17 01:43:25,494 - INFO - 
2025-09-17 01:43:25,536 - INFO - Stored 0 trained models for production export
2025-09-17 01:43:25,536 - INFO - Processing Fold 5/13
2025-09-17 01:43:25,577 - INFO -   Using multiprocessing with 9 workers
2025-09-17 01:47:39,086 - INFO - Fold 5 Summary:
2025-09-17 01:47:39,095 - INFO -   Best OOS Sharpe: M78 (4.516, p=0.000)
2025-09-17 01:47:39,095 - INFO -   Best Q-Sharpe:  M22 (2.552, OOS_Sharpe=1.870, OOS_Hit=0.533)
2025-09-17 01:47:39,095 - INFO -   Mean OOS Sharpe: 1.962, Mean Hit: 0.550
2025-09-17 01:47:39,095 - INFO - 
2025-09-17 01:47:39,135 - INFO - Stored 0 trained models for production export
2025-09-17 01:47:39,135 - INFO - Processing Fold 6/13
2025-09-17 01:47:39,241 - INFO -   Using multiprocessing with 9 workers
2025-09-17 01:52:31,732 - INFO - Fold 6 Summary:
2025-09-17 01:52:31,744 - INFO -   Best OOS Sharpe: M76 (4.421, p=0.000)
2025-09-17 01:52:31,745 - INFO -   Best Q-Sharpe:  M22 (2.318, OOS_Sharpe=0.214, OOS_Hit=0.566)
2025-09-17 01:52:31,745 - INFO -   Mean OOS Sharpe: 1.052, Mean Hit: 0.525
2025-09-17 01:52:31,745 - INFO - 
2025-09-17 01:52:31,814 - INFO - Stored 0 trained models for production export
2025-09-17 01:52:31,816 - INFO - Processing Fold 7/13
2025-09-17 01:52:31,869 - INFO -   Using multiprocessing with 9 workers
2025-09-17 01:57:05,180 - INFO - Fold 7 Summary:
2025-09-17 01:57:05,191 - INFO -   Best OOS Sharpe: M10 (2.566, p=0.020)
2025-09-17 01:57:05,193 - INFO -   Best Q-Sharpe:  M22 (2.014, OOS_Sharpe=-0.724, OOS_Hit=0.423)
2025-09-17 01:57:05,193 - INFO -   Mean OOS Sharpe: -0.403, Mean Hit: 0.470
2025-09-17 01:57:05,193 - INFO - 
2025-09-17 01:57:05,289 - INFO - Stored 0 trained models for production export
2025-09-17 01:57:05,291 - INFO - Processing Fold 8/13
2025-09-17 01:57:05,372 - INFO -   Using multiprocessing with 9 workers
2025-09-17 02:01:52,720 - INFO - Fold 8 Summary:
2025-09-17 02:01:52,729 - INFO -   Best OOS Sharpe: M48 (4.124, p=0.000)
2025-09-17 02:01:52,729 - INFO -   Best Q-Sharpe:  M75 (1.886, OOS_Sharpe=1.510, OOS_Hit=0.538)
2025-09-17 02:01:52,729 - INFO -   Mean OOS Sharpe: 1.635, Mean Hit: 0.539
2025-09-17 02:01:52,729 - INFO - 
2025-09-17 02:01:52,778 - INFO - Stored 0 trained models for production export
2025-09-17 02:01:52,779 - INFO - Processing Fold 9/13
2025-09-17 02:01:52,821 - INFO -   Using multiprocessing with 9 workers
2025-09-17 02:06:52,786 - INFO - Fold 9 Summary:
2025-09-17 02:06:52,792 - INFO -   Best OOS Sharpe: M06 (4.141, p=0.000)
2025-09-17 02:06:52,793 - INFO -   Best Q-Sharpe:  M06 (1.971, OOS_Sharpe=4.141, OOS_Hit=0.610)
2025-09-17 02:06:52,793 - INFO -   Mean OOS Sharpe: 1.785, Mean Hit: 0.536
2025-09-17 02:06:52,793 - INFO - 
2025-09-17 02:06:52,836 - INFO - Stored 0 trained models for production export
2025-09-17 02:06:52,837 - INFO - Processing Fold 10/13
2025-09-17 02:06:52,867 - INFO -   Using multiprocessing with 9 workers
2025-09-17 02:12:42,167 - INFO - Fold 10 Summary:
2025-09-17 02:12:42,211 - INFO -   Best OOS Sharpe: M67 (2.010, p=0.000)
2025-09-17 02:12:42,212 - INFO -   Best Q-Sharpe:  M06 (1.820, OOS_Sharpe=0.459, OOS_Hit=0.511)
2025-09-17 02:12:42,212 - INFO -   Mean OOS Sharpe: 0.201, Mean Hit: 0.518
2025-09-17 02:12:42,212 - INFO - 
2025-09-17 02:12:42,339 - INFO - Stored 0 trained models for production export
2025-09-17 02:12:42,341 - INFO - Processing Fold 11/13
2025-09-17 02:12:42,399 - INFO -   Using multiprocessing with 9 workers
2025-09-17 02:18:58,957 - INFO - Fold 11 Summary:
2025-09-17 02:18:58,969 - INFO -   Best OOS Sharpe: M20 (4.809, p=0.000)
2025-09-17 02:18:58,969 - INFO -   Best Q-Sharpe:  M75 (1.771, OOS_Sharpe=2.117, OOS_Hit=0.538)
2025-09-17 02:18:58,969 - INFO -   Mean OOS Sharpe: 1.862, Mean Hit: 0.541
2025-09-17 02:18:58,969 - INFO - 
2025-09-17 02:18:59,028 - INFO - Stored 0 trained models for production export
2025-09-17 02:18:59,029 - INFO - Processing Fold 12/13
2025-09-17 02:18:59,079 - INFO -   Using multiprocessing with 9 workers
2025-09-17 02:25:14,362 - INFO - Fold 12 Summary:
2025-09-17 02:25:14,372 - INFO -   Best OOS Sharpe: M08 (3.799, p=0.000)
2025-09-17 02:25:14,372 - INFO -   Best Q-Sharpe:  M75 (1.805, OOS_Sharpe=2.111, OOS_Hit=0.533)
2025-09-17 02:25:14,372 - INFO -   Mean OOS Sharpe: 1.325, Mean Hit: 0.507
2025-09-17 02:25:14,372 - INFO - 
2025-09-17 02:25:14,454 - INFO - Stored 0 trained models for production export
2025-09-17 02:25:14,456 - INFO - Processing Fold 13/13
2025-09-17 02:25:14,517 - INFO -   Using multiprocessing with 9 workers
2025-09-17 02:30:13,942 - INFO - Fold 13 Summary:
2025-09-17 02:30:13,949 - INFO -   Best OOS Sharpe: M47 (3.815, p=0.000)
2025-09-17 02:30:13,949 - INFO -   Best Q-Sharpe:  M06 (1.756, OOS_Sharpe=2.222, OOS_Hit=0.557)
2025-09-17 02:30:13,949 - INFO -   Mean OOS Sharpe: 1.559, Mean Hit: 0.549
2025-09-17 02:30:13,949 - INFO - 
2025-09-17 02:30:14,024 - INFO - Stored 0 trained models for production export
2025-09-17 02:30:14,025 - INFO - Starting full timeline backtesting...
2025-09-17 02:30:14,030 - INFO - Running full timeline backtest with 13 folds (0-based indexing)
2025-09-17 02:30:14,031 - INFO - Fold 0 skipped (no prior Q-score history for meaningful selection)
2025-09-17 02:30:14,032 - INFO - Effective backtest period: Folds 1-12 (12 folds)
2025-09-17 02:30:14,032 - INFO - Training period: Folds 1-7
2025-09-17 02:30:14,032 - INFO - Production period: Folds 8-12
2025-09-17 02:30:14,032 - INFO - Using consistent OOS methodology for all folds
2025-09-17 02:30:14,035 - INFO - Fold 0: Skipped (no prior Q-score history for meaningful selection)
2025-09-17 02:30:14,035 - INFO - 
--- Processing fold 1/12 ---
2025-09-17 02:30:14,121 - INFO - Fold 1: Q-scores from fold 0: ['M00:-1.431', 'M01:-0.441', 'M02:0.635', 'M03:-0.886', 'M04:0.763']...
2025-09-17 02:30:14,122 - INFO - Fold 1: Selected models [22, 75, 6, 65, 21] based on fold 0 Q-scores, avg Q-score: 2.554
2025-09-17 02:30:14,182 - INFO - Fold 1 (Training): Sharpe=0.717, Hit=54.4%
2025-09-17 02:30:14,182 - INFO - 
--- Processing fold 2/12 ---
2025-09-17 02:30:14,597 - INFO - Fold 2: Q-scores from fold 1: ['M00:-1.158', 'M01:-0.333', 'M02:0.407', 'M03:-0.642', 'M04:0.791']...
2025-09-17 02:30:14,598 - INFO - Fold 2: Selected models [22, 75, 6, 65, 21] based on fold 1 Q-scores, avg Q-score: 2.415
2025-09-17 02:30:14,603 - INFO - Fold 2 (Training): Sharpe=2.913, Hit=57.1%
2025-09-17 02:30:14,603 - INFO - 
--- Processing fold 3/12 ---
2025-09-17 02:30:14,855 - INFO - Fold 3: Q-scores from fold 2: ['M00:-0.989', 'M01:-0.224', 'M02:0.570', 'M03:-0.313', 'M04:0.886']...
2025-09-17 02:30:14,858 - INFO - Fold 3: Selected models [22, 75, 6, 65, 66] based on fold 2 Q-scores, avg Q-score: 2.377
2025-09-17 02:30:14,876 - INFO - Fold 3 (Training): Sharpe=0.037, Hit=46.7%
2025-09-17 02:30:14,876 - INFO - 
--- Processing fold 4/12 ---
2025-09-17 02:30:15,344 - INFO - Fold 4: Q-scores from fold 3: ['M00:-0.907', 'M01:-0.128', 'M02:0.521', 'M03:-0.404', 'M04:0.893']...
2025-09-17 02:30:15,345 - INFO - Fold 4: Selected models [22, 75, 6, 65, 21] based on fold 3 Q-scores, avg Q-score: 2.153
2025-09-17 02:30:15,354 - INFO - Fold 4 (Training): Sharpe=1.406, Hit=52.7%
2025-09-17 02:30:15,354 - INFO - 
--- Processing fold 5/12 ---
2025-09-17 02:30:15,726 - INFO - Fold 5: Q-scores from fold 4: ['M00:-0.728', 'M01:0.127', 'M02:0.670', 'M03:-0.119', 'M04:0.936']...
2025-09-17 02:30:15,726 - INFO - Fold 5: Selected models [22, 75, 65, 6, 21] based on fold 4 Q-scores, avg Q-score: 2.123
2025-09-17 02:30:15,731 - INFO - Fold 5 (Training): Sharpe=1.222, Hit=54.9%
2025-09-17 02:30:15,731 - INFO - 
--- Processing fold 6/12 ---
2025-09-17 02:30:15,905 - INFO - Fold 6: Q-scores from fold 5: ['M00:-0.680', 'M01:0.300', 'M02:0.659', 'M03:-0.092', 'M04:0.901']...
2025-09-17 02:30:15,906 - INFO - Fold 6: Selected models [22, 75, 78, 21, 6] based on fold 5 Q-scores, avg Q-score: 2.031
2025-09-17 02:30:15,911 - INFO - Fold 6 (Training): Sharpe=-1.247, Hit=44.5%
2025-09-17 02:30:15,912 - INFO - 
--- Processing fold 7/12 ---
2025-09-17 02:30:16,154 - INFO - Fold 7: Q-scores from fold 6: ['M00:-0.660', 'M01:0.163', 'M02:0.698', 'M03:-0.072', 'M04:0.806']...
2025-09-17 02:30:16,155 - INFO - Fold 7: Selected models [22, 75, 65, 6, 78] based on fold 6 Q-scores, avg Q-score: 1.765
2025-09-17 02:30:16,159 - INFO - Fold 7 (Training): Sharpe=1.212, Hit=52.2%
2025-09-17 02:30:16,160 - INFO - 
--- Processing fold 8/12 ---
2025-09-17 02:30:16,577 - INFO - Fold 8: Q-scores from fold 7: ['M00:-0.543', 'M01:0.198', 'M02:0.790', 'M03:0.059', 'M04:0.893']...
2025-09-17 02:30:16,583 - INFO - Fold 8: Selected models [75, 22, 6, 21, 78] based on fold 7 Q-scores, avg Q-score: 1.739
2025-09-17 02:30:16,589 - INFO - Fold 8 (Production): Sharpe=2.236, Hit=55.5%
2025-09-17 02:30:16,589 - INFO - 
--- Processing fold 9/12 ---
2025-09-17 02:30:17,056 - INFO - Fold 9: Q-scores from fold 8: ['M00:-0.383', 'M01:0.238', 'M02:0.869', 'M03:0.087', 'M04:0.925']...
2025-09-17 02:30:17,056 - INFO - Fold 9: Selected models [6, 75, 78, 21, 22] based on fold 8 Q-scores, avg Q-score: 1.804
2025-09-17 02:30:17,062 - INFO - Fold 9 (Production): Sharpe=-0.501, Hit=48.4%
2025-09-17 02:30:17,064 - INFO - 
--- Processing fold 10/12 ---
2025-09-17 02:30:17,320 - INFO - Fold 10: Q-scores from fold 9: ['M00:-0.314', 'M01:0.231', 'M02:0.868', 'M03:0.015', 'M04:0.879']...
2025-09-17 02:30:17,320 - INFO - Fold 10: Selected models [6, 75, 78, 21, 44] based on fold 9 Q-scores, avg Q-score: 1.609
2025-09-17 02:30:17,325 - INFO - Fold 10 (Production): Sharpe=3.298, Hit=59.3%
2025-09-17 02:30:17,325 - INFO - 
--- Processing fold 11/12 ---
2025-09-17 02:30:17,592 - INFO - Fold 11: Q-scores from fold 10: ['M00:-0.273', 'M01:0.462', 'M02:1.169', 'M03:0.123', 'M04:0.946']...
2025-09-17 02:30:17,592 - INFO - Fold 11: Selected models [75, 6, 21, 78, 42] based on fold 10 Q-scores, avg Q-score: 1.661
2025-09-17 02:30:17,596 - INFO - Fold 11 (Production): Sharpe=2.704, Hit=52.2%
2025-09-17 02:30:17,597 - INFO - 
--- Processing fold 12/12 ---
2025-09-17 02:30:18,054 - INFO - Fold 12: Q-scores from fold 11: ['M00:-0.274', 'M01:0.408', 'M02:1.093', 'M03:0.158', 'M04:0.997']...
2025-09-17 02:30:18,054 - INFO - Fold 12: Selected models [75, 6, 42, 78, 21] based on fold 11 Q-scores, avg Q-score: 1.671
2025-09-17 02:30:18,067 - INFO - Fold 12 (Production): Sharpe=1.374, Hit=54.6%
2025-09-17 02:30:18,077 - INFO - Training Period Overall: Sharpe=0.914, Hit=51.8%
2025-09-17 02:30:18,082 - INFO - Production Period Overall: Sharpe=1.690, Hit=54.0%
2025-09-17 02:30:18,098 - INFO - Full Timeline Overall: Sharpe=1.293, Hit=52.7%
2025-09-17 02:30:18,099 - INFO - Training: Sharpe=0.914 | Hit=51.8% | Return=3.68%
2025-09-17 02:30:18,099 - INFO - Production: Sharpe=1.690 | Hit=54.0% | Return=11.49%
2025-09-17 02:30:18,099 - INFO - Full Timeline: Sharpe=1.293 | Hit=52.7% | Return=6.93%
2025-09-17 02:30:18,100 - INFO - Generating visualizations...
2025-09-17 02:30:18,103 - INFO - Creating clean visualizations for 100 models...
2025-09-17 02:30:25,134 - INFO - Clean fold-by-fold analysis saved to: 20250917_012748_fold_@TY#C_100models_15folds_batch3_TY.png
2025-09-17 02:30:29,750 - INFO - Detailed production analysis saved to: 20250917_012748_backtest_@TY#C_100models_15folds_batch3_TY.png
2025-09-17 02:30:29,760 - INFO - ================================================================================
2025-09-17 02:30:29,761 - INFO - BACKTEST SUMMARY
2025-09-17 02:30:29,761 - INFO - ================================================================================
2025-09-17 02:30:29,761 - INFO - Config: Cutoff=70%, Top N=5, Q-Metric=sharpe, Reselection=1 fold(s)
2025-09-17 02:30:29,761 - INFO - Model Selection History:
2025-09-17 02:30:29,762 - INFO -   Fold 1: M22, M75, M06, M65, M21 (Avg Q-sharpe: 2.554)
2025-09-17 02:30:29,762 - INFO -   Fold 2: M22, M75, M06, M65, M21 (Avg Q-sharpe: 2.415)
2025-09-17 02:30:29,762 - INFO -   Fold 3: M22, M75, M06, M65, M66 (Avg Q-sharpe: 2.377)
2025-09-17 02:30:29,762 - INFO -   Fold 4: M22, M75, M06, M65, M21 (Avg Q-sharpe: 2.153)
2025-09-17 02:30:29,763 - INFO -   Fold 5: M22, M75, M65, M06, M21 (Avg Q-sharpe: 2.123)
2025-09-17 02:30:29,763 - INFO -   Fold 6: M22, M75, M78, M21, M06 (Avg Q-sharpe: 2.031)
2025-09-17 02:30:29,763 - INFO -   Fold 7: M22, M75, M65, M06, M78 (Avg Q-sharpe: 1.765)
2025-09-17 02:30:29,763 - INFO -   Fold 8: M75, M22, M06, M21, M78 (Avg Q-sharpe: 1.739)
2025-09-17 02:30:29,763 - INFO -   Fold 9: M06, M75, M78, M21, M22 (Avg Q-sharpe: 1.804)
2025-09-17 02:30:29,763 - INFO -   Fold 10: M06, M75, M78, M21, M44 (Avg Q-sharpe: 1.609)
2025-09-17 02:30:29,763 - INFO -   Fold 11: M75, M06, M21, M78, M42 (Avg Q-sharpe: 1.661)
2025-09-17 02:30:29,763 - INFO -   Fold 12: M75, M06, M42, M78, M21 (Avg Q-sharpe: 1.671)
2025-09-17 02:30:29,763 - INFO - 
2025-09-17 02:30:29,763 - INFO - Fold-by-Fold Performance:
2025-09-17 02:30:29,763 - INFO -   Fold 1: M22, M75, M06, M65, M21 | Sharpe=0.717 | Hit=54.4% | Samples=182
2025-09-17 02:30:29,763 - INFO -   Fold 2: M22, M75, M06, M65, M21 | Sharpe=2.913 | Hit=57.1% | Samples=182
2025-09-17 02:30:29,763 - INFO -   Fold 3: M22, M75, M06, M65, M66 | Sharpe=0.037 | Hit=46.7% | Samples=182
2025-09-17 02:30:29,763 - INFO -   Fold 4: M22, M75, M06, M65, M21 | Sharpe=1.406 | Hit=52.7% | Samples=182
2025-09-17 02:30:29,763 - INFO -   Fold 5: M22, M75, M65, M06, M21 | Sharpe=1.222 | Hit=54.9% | Samples=182
2025-09-17 02:30:29,764 - INFO -   Fold 6: M22, M75, M78, M21, M06 | Sharpe=-1.247 | Hit=44.5% | Samples=182
2025-09-17 02:30:29,764 - INFO -   Fold 7: M22, M75, M65, M06, M78 | Sharpe=1.212 | Hit=52.2% | Samples=182
2025-09-17 02:30:29,764 - INFO -   Fold 8: M75, M22, M06, M21, M78 | Sharpe=2.236 | Hit=55.5% | Samples=182
2025-09-17 02:30:29,764 - INFO -   Fold 9: M06, M75, M78, M21, M22 | Sharpe=-0.501 | Hit=48.4% | Samples=182
2025-09-17 02:30:29,764 - INFO -   Fold 10: M06, M75, M78, M21, M44 | Sharpe=3.298 | Hit=59.3% | Samples=182
2025-09-17 02:30:29,764 - INFO -   Fold 11: M75, M06, M21, M78, M42 | Sharpe=2.704 | Hit=52.2% | Samples=182
2025-09-17 02:30:29,764 - INFO -   Fold 12: M75, M06, M42, M78, M21 | Sharpe=1.374 | Hit=54.6% | Samples=183
2025-09-17 02:30:29,764 - INFO - ================================================================================
2025-09-17 02:30:29,764 - INFO - ================================================================================
2025-09-17 02:30:29,764 - INFO - ANALYSIS COMPLETED SUCCESSFULLY!
2025-09-17 02:30:29,764 - INFO - ================================================================================
2025-09-17 02:30:29,764 - INFO - Generated 2 visualization files
2025-09-17 02:30:29,764 - INFO -   - 20250917_012748_fold_@TY#C_100models_15folds_batch3_TY.png
2025-09-17 02:30:29,764 - INFO -   - 20250917_012748_backtest_@TY#C_100models_15folds_batch3_TY.png
2025-09-17 02:30:29,764 - INFO - Training Final: Sharpe=0.914 | Hit=51.8% | Return=3.68% | CB=0.658
2025-09-17 02:30:29,764 - INFO - Production Final: Sharpe=1.690 | Hit=54.0% | Return=11.49% | CB=1.187
2025-09-17 02:30:29,764 - INFO - Full Timeline Final: Sharpe=1.293 | Hit=52.7% | Return=6.93% | CB=0.716
2025-09-17 02:30:29,766 - INFO - ============================================================
2025-09-17 02:30:29,766 - INFO - EXPORTING PRODUCTION MODELS (Consolidated File)
2025-09-17 02:30:29,766 - INFO - ============================================================
2025-09-17 02:30:29,766 - INFO - Backtest results keys: ['full_timeline_metrics', 'training_metrics', 'production_metrics', 'model_selection_history', 'fold_results', 'full_timeline_returns', 'training_returns', 'production_returns', 'full_timeline_predictions', 'full_timeline_dates', 'cutoff_fold', 'training_folds', 'production_folds']
2025-09-17 02:30:29,766 - INFO - Model selection history length: 12
2025-09-17 02:30:29,766 - INFO - Final selection keys: ['fold', 'selection_based_on_fold', 'selected_models', 'avg_q_score', 'period_type']
2025-09-17 02:30:29,766 - INFO - Final fold selected models: [75, 6, 42, 78, 21]
2025-09-17 02:30:29,766 - INFO - All fold results type: <class 'dict'>
2025-09-17 02:30:29,766 - INFO - All fold results keys/length: ['fold_1', 'fold_2', 'fold_3', 'fold_4', 'fold_5', 'fold_6', 'fold_7', 'fold_8', 'fold_9', 'fold_10', 'fold_11', 'fold_12', 'fold_13']
2025-09-17 02:30:29,766 - INFO - Available fold indices: [0, 1, 2, 3, 4, 5, 6, 7, 8, 9, 10, 11, 12]
2025-09-17 02:30:29,767 - INFO - Using fold index 11 (key: fold_12) as production fold
2025-09-17 02:30:29,767 - INFO - Final fold keys: ['results_df', 'model_metrics', 'oos_predictions', 'test_idx', 'trained_models', 'model_specs']
2025-09-17 02:30:29,767 - INFO - Trained models available: []
2025-09-17 02:30:29,767 - ERROR - No trained models found in final fold
2025-09-17 02:30:29,767 - INFO - ============================================================
2025-09-17 02:30:29,767 - INFO - EXPORTING SIGNAL DISTRIBUTION
2025-09-17 02:30:29,767 - INFO - ============================================================
2025-09-17 02:30:29,767 - INFO - Timeline data: 2185 points
2025-09-17 02:30:29,892 - INFO - SUCCESS: Exported signal distribution to /Users/steven/Projects/SQ/bond_ls_xgb_grope_full_v6/xgb_compare/results/20250917_012748_signal_distribution_batch3_TY.csv
2025-09-17 02:30:29,892 - INFO - Records: 2,185
2025-09-17 02:30:29,895 - INFO - Date range: 2017-02-13 12:00:00 to 2025-07-30 12:00:00
2025-09-17 02:30:29,902 - INFO - Signal directions: {-1: 1298, 1: 887}
2025-09-17 02:30:29,902 - INFO - Signal range: -1.000000 to 1.000000
2025-09-17 02:30:29,902 - INFO - Hit rate: 0.491
2025-09-17 02:30:29,902 - INFO - Total PnL: -0.151470
