2025-09-17 02:37:53,915 - INFO - ================================================================================
2025-09-17 02:37:53,916 - INFO - XGBoost Comparison Framework
2025-09-17 02:37:53,916 - INFO - ================================================================================
2025-09-17 02:37:53,916 - INFO - Configuration:
2025-09-17 02:37:53,916 - INFO -   Target Symbol: QGC#C
2025-09-17 02:37:53,916 - INFO -   Date Range: 2015-01-01 to 2025-08-01
2025-09-17 02:37:53,916 - INFO -   Models: 100, Type: standard
2025-09-17 02:37:53,916 - INFO -   Folds: 15
2025-09-17 02:37:53,916 - INFO -   Max Features: 100 (Limited)
2025-09-17 02:37:53,916 - INFO -   Feature Selection: Enabled
2025-09-17 02:37:53,916 - INFO -   Inner Val Fraction: 0.2
2025-09-17 02:37:53,916 - INFO -   EWMA Alpha: 0.1, Quality Halflife: 63 days
2025-09-17 02:37:53,916 - INFO -   Signal Type: Binary (+1/-1)
2025-09-17 02:37:53,916 - INFO -   Cross-validation: Expanding window
2025-09-17 02:37:53,916 - INFO -   Production: Cutoff=0.6, Top N=5, Q-Metric=sharpe
2025-09-17 02:37:53,916 - INFO -   Reselection: Every 1 fold(s)
2025-09-17 02:37:53,916 - INFO - 
2025-09-17 02:38:04,471 - INFO - Dropped 6 rows due to NaN in target column QGC#C_target_return
2025-09-17 02:38:04,672 - INFO - Loaded: X=(2729, 1906), y=(2729,)
2025-09-17 02:38:46,343 - INFO - Selected 100 features (threshold: 0.7)
2025-09-17 02:38:46,361 - INFO - Selected: 100 features
2025-09-17 02:38:46,469 - INFO - GPU detection: XGBoost not compiled with CUDA support - using CPU
2025-09-17 02:38:46,469 - INFO - Processing mode: CPU multiprocessing (GPU: False, Total models: 1500)
2025-09-17 02:38:46,479 - INFO - GPU detection: XGBoost not compiled with CUDA support - using CPU
2025-09-17 02:38:46,483 - INFO - Using expanding window
2025-09-17 02:38:46,487 - INFO - Starting analysis: 100 standard models x 13 folds
2025-09-17 02:38:46,487 - INFO - Processing Fold 1/13
2025-09-17 02:38:46,492 - INFO -   Using multiprocessing with 9 workers
2025-09-17 02:39:26,933 - INFO - Fold 1 Summary:
2025-09-17 02:39:26,934 - INFO -   Best OOS Sharpe: M16 (2.818, p=0.000)
2025-09-17 02:39:26,934 - INFO -   Best Q-Sharpe:  M16 (2.818, OOS_Sharpe=2.818, OOS_Hit=0.564)
2025-09-17 02:39:26,934 - INFO -   Mean OOS Sharpe: 0.243, Mean Hit: 0.502
2025-09-17 02:39:26,934 - INFO - 
2025-09-17 02:39:26,940 - INFO - Stored 0 trained models for production export
2025-09-17 02:39:26,940 - INFO - Processing Fold 2/13
2025-09-17 02:39:26,945 - INFO -   Using multiprocessing with 9 workers
2025-09-17 02:42:29,124 - INFO - Fold 2 Summary:
2025-09-17 02:42:29,127 - INFO -   Best OOS Sharpe: M13 (3.579, p=0.020)
2025-09-17 02:42:29,127 - INFO -   Best Q-Sharpe:  M16 (2.658, OOS_Sharpe=1.219, OOS_Hit=0.547)
2025-09-17 02:42:29,127 - INFO -   Mean OOS Sharpe: 0.795, Mean Hit: 0.526
2025-09-17 02:42:29,127 - INFO - 
2025-09-17 02:42:29,148 - INFO - Stored 0 trained models for production export
2025-09-17 02:42:29,148 - INFO - Processing Fold 3/13
2025-09-17 02:42:29,165 - INFO -   Using multiprocessing with 9 workers
2025-09-17 02:46:11,940 - INFO - Fold 3 Summary:
2025-09-17 02:46:11,944 - INFO -   Best OOS Sharpe: M38 (2.067, p=0.100)
2025-09-17 02:46:11,944 - INFO -   Best Q-Sharpe:  M16 (2.598, OOS_Sharpe=2.057, OOS_Hit=0.530)
2025-09-17 02:46:11,944 - INFO -   Mean OOS Sharpe: 0.314, Mean Hit: 0.494
2025-09-17 02:46:11,944 - INFO - 
2025-09-17 02:46:11,992 - INFO - Stored 0 trained models for production export
2025-09-17 02:46:11,993 - INFO - Processing Fold 4/13
2025-09-17 02:46:12,035 - INFO -   Using multiprocessing with 9 workers
2025-09-17 02:49:50,519 - INFO - Fold 4 Summary:
2025-09-17 02:49:50,522 - INFO -   Best OOS Sharpe: M76 (1.960, p=0.040)
2025-09-17 02:49:50,523 - INFO -   Best Q-Sharpe:  M16 (2.431, OOS_Sharpe=0.928, OOS_Hit=0.486)
2025-09-17 02:49:50,523 - INFO -   Mean OOS Sharpe: 0.097, Mean Hit: 0.500
2025-09-17 02:49:50,523 - INFO - 
2025-09-17 02:49:50,549 - INFO - Stored 0 trained models for production export
2025-09-17 02:49:50,550 - INFO - Processing Fold 5/13
2025-09-17 02:49:50,577 - INFO -   Using multiprocessing with 9 workers
2025-09-17 02:53:52,834 - INFO - Fold 5 Summary:
2025-09-17 02:53:52,838 - INFO -   Best OOS Sharpe: M82 (2.646, p=0.000)
2025-09-17 02:53:52,838 - INFO -   Best Q-Sharpe:  M16 (2.187, OOS_Sharpe=-0.005, OOS_Hit=0.503)
2025-09-17 02:53:52,838 - INFO -   Mean OOS Sharpe: 0.022, Mean Hit: 0.503
2025-09-17 02:53:52,838 - INFO - 
2025-09-17 02:53:52,870 - INFO - Stored 0 trained models for production export
2025-09-17 02:53:52,870 - INFO - Processing Fold 6/13
2025-09-17 02:53:52,893 - INFO -   Using multiprocessing with 9 workers
2025-09-17 02:58:16,988 - INFO - Fold 6 Summary:
2025-09-17 02:58:16,991 - INFO -   Best OOS Sharpe: M91 (2.438, p=0.020)
2025-09-17 02:58:16,991 - INFO -   Best Q-Sharpe:  M16 (2.000, OOS_Sharpe=0.316, OOS_Hit=0.536)
2025-09-17 02:58:16,991 - INFO -   Mean OOS Sharpe: 0.251, Mean Hit: 0.541
2025-09-17 02:58:16,991 - INFO - 
2025-09-17 02:58:17,030 - INFO - Stored 0 trained models for production export
2025-09-17 02:58:17,030 - INFO - Processing Fold 7/13
2025-09-17 02:58:17,075 - INFO -   Using multiprocessing with 9 workers
2025-09-17 03:03:52,685 - INFO - Fold 7 Summary:
2025-09-17 03:03:52,704 - INFO -   Best OOS Sharpe: M82 (3.011, p=0.020)
2025-09-17 03:03:52,705 - INFO -   Best Q-Sharpe:  M16 (1.836, OOS_Sharpe=0.355, OOS_Hit=0.492)
2025-09-17 03:03:52,705 - INFO -   Mean OOS Sharpe: 1.013, Mean Hit: 0.518
2025-09-17 03:03:52,705 - INFO - 
2025-09-17 03:03:52,894 - INFO - Stored 0 trained models for production export
2025-09-17 03:03:52,897 - INFO - Processing Fold 8/13
2025-09-17 03:03:53,034 - INFO -   Using multiprocessing with 9 workers
2025-09-17 03:10:56,348 - INFO - Fold 8 Summary:
2025-09-17 03:10:56,359 - INFO -   Best OOS Sharpe: M70 (2.446, p=0.080)
2025-09-17 03:10:56,396 - INFO -   Best Q-Sharpe:  M16 (1.784, OOS_Sharpe=1.317, OOS_Hit=0.525)
2025-09-17 03:10:56,396 - INFO -   Mean OOS Sharpe: 0.362, Mean Hit: 0.507
2025-09-17 03:10:56,396 - INFO - 
2025-09-17 03:10:56,441 - INFO - Stored 0 trained models for production export
2025-09-17 03:10:56,441 - INFO - Processing Fold 9/13
2025-09-17 03:10:56,481 - INFO -   Using multiprocessing with 9 workers
2025-09-17 03:18:59,295 - INFO - Fold 9 Summary:
2025-09-17 03:18:59,303 - INFO -   Best OOS Sharpe: M85 (4.854, p=0.000)
2025-09-17 03:18:59,304 - INFO -   Best Q-Sharpe:  M16 (1.942, OOS_Sharpe=3.368, OOS_Hit=0.591)
2025-09-17 03:18:59,304 - INFO -   Mean OOS Sharpe: 1.848, Mean Hit: 0.544
2025-09-17 03:18:59,304 - INFO - 
2025-09-17 03:18:59,382 - INFO - Stored 0 trained models for production export
2025-09-17 03:18:59,382 - INFO - Processing Fold 10/13
2025-09-17 03:18:59,431 - INFO -   Using multiprocessing with 9 workers
2025-09-17 03:27:21,365 - INFO - Fold 10 Summary:
2025-09-17 03:27:21,396 - INFO -   Best OOS Sharpe: M37 (4.668, p=0.000)
2025-09-17 03:27:21,402 - INFO -   Best Q-Sharpe:  M16 (1.934, OOS_Sharpe=1.860, OOS_Hit=0.547)
2025-09-17 03:27:21,403 - INFO -   Mean OOS Sharpe: 2.213, Mean Hit: 0.553
2025-09-17 03:27:21,403 - INFO - 
2025-09-17 03:27:21,496 - INFO - Stored 0 trained models for production export
2025-09-17 03:27:21,497 - INFO - Processing Fold 11/13
2025-09-17 03:27:21,547 - INFO -   Using multiprocessing with 9 workers
2025-09-17 03:35:23,454 - INFO - Fold 11 Summary:
2025-09-17 03:35:23,466 - INFO -   Best OOS Sharpe: M02 (1.532, p=0.220)
2025-09-17 03:35:23,466 - INFO -   Best Q-Sharpe:  M16 (1.818, OOS_Sharpe=0.777, OOS_Hit=0.486)
2025-09-17 03:35:23,467 - INFO -   Mean OOS Sharpe: -0.484, Mean Hit: 0.466
2025-09-17 03:35:23,467 - INFO - 
2025-09-17 03:35:23,559 - INFO - Stored 0 trained models for production export
2025-09-17 03:35:23,561 - INFO - Processing Fold 12/13
2025-09-17 03:35:23,626 - INFO -   Using multiprocessing with 9 workers
2025-09-17 03:43:24,773 - INFO - Fold 12 Summary:
2025-09-17 03:43:24,788 - INFO -   Best OOS Sharpe: M47 (3.959, p=0.000)
2025-09-17 03:43:24,788 - INFO -   Best Q-Sharpe:  M16 (1.825, OOS_Sharpe=1.884, OOS_Hit=0.575)
2025-09-17 03:43:24,788 - INFO -   Mean OOS Sharpe: 1.761, Mean Hit: 0.549
2025-09-17 03:43:24,788 - INFO - 
2025-09-17 03:43:24,883 - INFO - Stored 0 trained models for production export
2025-09-17 03:43:24,885 - INFO - Processing Fold 13/13
2025-09-17 03:43:24,948 - INFO -   Using multiprocessing with 9 workers
2025-09-17 03:50:11,111 - INFO - Fold 13 Summary:
2025-09-17 03:50:11,116 - INFO -   Best OOS Sharpe: M01 (4.506, p=0.000)
2025-09-17 03:50:11,116 - INFO -   Best Q-Sharpe:  M16 (2.065, OOS_Sharpe=4.226, OOS_Hit=0.631)
2025-09-17 03:50:11,116 - INFO -   Mean OOS Sharpe: 2.781, Mean Hit: 0.581
2025-09-17 03:50:11,116 - INFO - 
2025-09-17 03:50:11,187 - INFO - Stored 0 trained models for production export
2025-09-17 03:50:11,196 - INFO - Starting full timeline backtesting...
2025-09-17 03:50:11,210 - INFO - Running full timeline backtest with 13 folds (0-based indexing)
2025-09-17 03:50:11,211 - INFO - Fold 0 skipped (no prior Q-score history for meaningful selection)
2025-09-17 03:50:11,212 - INFO - Effective backtest period: Folds 1-12 (12 folds)
2025-09-17 03:50:11,214 - INFO - Training period: Folds 1-7
2025-09-17 03:50:11,214 - INFO - Production period: Folds 8-12
2025-09-17 03:50:11,215 - INFO - Using consistent OOS methodology for all folds
2025-09-17 03:50:11,216 - INFO - Fold 0: Skipped (no prior Q-score history for meaningful selection)
2025-09-17 03:50:11,216 - INFO - 
--- Processing fold 1/12 ---
2025-09-17 03:50:11,317 - INFO - Fold 1: Q-scores from fold 0: ['M00:0.545', 'M01:-0.732', 'M02:0.192', 'M03:-1.148', 'M04:0.879']...
2025-09-17 03:50:11,320 - INFO - Fold 1: Selected models [16, 84, 38, 34, 64] based on fold 0 Q-scores, avg Q-score: 1.987
2025-09-17 03:50:11,399 - INFO - Fold 1 (Training): Sharpe=0.552, Hit=51.9%
2025-09-17 03:50:11,401 - INFO - 
--- Processing fold 2/12 ---
2025-09-17 03:50:11,523 - INFO - Fold 2: Q-scores from fold 1: ['M00:0.291', 'M01:-0.532', 'M02:0.071', 'M03:-0.970', 'M04:0.791']...
2025-09-17 03:50:11,523 - INFO - Fold 2: Selected models [16, 13, 84, 80, 34] based on fold 1 Q-scores, avg Q-score: 1.873
2025-09-17 03:50:11,529 - INFO - Fold 2 (Training): Sharpe=1.243, Hit=51.9%
2025-09-17 03:50:11,529 - INFO - 
--- Processing fold 3/12 ---
2025-09-17 03:50:11,719 - INFO - Fold 3: Q-scores from fold 2: ['M00:0.215', 'M01:-0.466', 'M02:0.177', 'M03:-0.734', 'M04:0.827']...
2025-09-17 03:50:11,719 - INFO - Fold 3: Selected models [16, 84, 13, 38, 34] based on fold 2 Q-scores, avg Q-score: 1.791
2025-09-17 03:50:11,727 - INFO - Fold 3 (Training): Sharpe=-0.534, Hit=46.4%
2025-09-17 03:50:11,728 - INFO - 
--- Processing fold 4/12 ---
2025-09-17 03:50:11,881 - INFO - Fold 4: Q-scores from fold 3: ['M00:0.217', 'M01:-0.454', 'M02:0.098', 'M03:-0.735', 'M04:0.871']...
2025-09-17 03:50:11,881 - INFO - Fold 4: Selected models [16, 13, 34, 38, 84] based on fold 3 Q-scores, avg Q-score: 1.642
2025-09-17 03:50:11,887 - INFO - Fold 4 (Training): Sharpe=-0.479, Hit=47.5%
2025-09-17 03:50:11,887 - INFO - 
--- Processing fold 5/12 ---
2025-09-17 03:50:12,026 - INFO - Fold 5: Q-scores from fold 4: ['M00:0.223', 'M01:-0.263', 'M02:0.021', 'M03:-0.729', 'M04:0.873']...
2025-09-17 03:50:12,027 - INFO - Fold 5: Selected models [16, 84, 45, 80, 38] based on fold 4 Q-scores, avg Q-score: 1.500
2025-09-17 03:50:12,032 - INFO - Fold 5 (Training): Sharpe=0.965, Hit=55.2%
2025-09-17 03:50:12,032 - INFO - 
--- Processing fold 6/12 ---
2025-09-17 03:50:12,072 - INFO - Fold 6: Q-scores from fold 5: ['M00:0.230', 'M01:-0.204', 'M02:0.213', 'M03:-0.573', 'M04:0.866']...
2025-09-17 03:50:12,072 - INFO - Fold 6: Selected models [16, 84, 45, 80, 38] based on fold 5 Q-scores, avg Q-score: 1.423
2025-09-17 03:50:12,079 - INFO - Fold 6 (Training): Sharpe=0.436, Hit=49.2%
2025-09-17 03:50:12,079 - INFO - 
--- Processing fold 7/12 ---
2025-09-17 03:50:12,279 - INFO - Fold 7: Q-scores from fold 6: ['M00:0.194', 'M01:-0.048', 'M02:0.404', 'M03:-0.496', 'M04:0.805']...
2025-09-17 03:50:12,280 - INFO - Fold 7: Selected models [16, 45, 84, 38, 80] based on fold 6 Q-scores, avg Q-score: 1.359
2025-09-17 03:50:12,287 - INFO - Fold 7 (Training): Sharpe=0.391, Hit=50.3%
2025-09-17 03:50:12,288 - INFO - 
--- Processing fold 8/12 ---
2025-09-17 03:50:12,326 - INFO - Fold 8: Q-scores from fold 7: ['M00:-0.005', 'M01:-0.226', 'M02:0.449', 'M03:-0.510', 'M04:0.646']...
2025-09-17 03:50:12,326 - INFO - Fold 8: Selected models [16, 84, 80, 38, 45] based on fold 7 Q-scores, avg Q-score: 1.262
2025-09-17 03:50:12,330 - INFO - Fold 8 (Production): Sharpe=3.593, Hit=59.1%
2025-09-17 03:50:12,330 - INFO - 
--- Processing fold 9/12 ---
2025-09-17 03:50:12,486 - INFO - Fold 9: Q-scores from fold 8: ['M00:0.088', 'M01:0.015', 'M02:0.512', 'M03:-0.341', 'M04:0.900']...
2025-09-17 03:50:12,486 - INFO - Fold 9: Selected models [16, 84, 64, 45, 63] based on fold 8 Q-scores, avg Q-score: 1.391
2025-09-17 03:50:12,493 - INFO - Fold 9 (Production): Sharpe=2.477, Hit=56.9%
2025-09-17 03:50:12,493 - INFO - 
--- Processing fold 10/12 ---
2025-09-17 03:50:12,661 - INFO - Fold 10: Q-scores from fold 9: ['M00:0.246', 'M01:0.308', 'M02:0.542', 'M03:-0.145', 'M04:0.908']...
2025-09-17 03:50:12,661 - INFO - Fold 10: Selected models [16, 13, 63, 84, 64] based on fold 9 Q-scores, avg Q-score: 1.524
2025-09-17 03:50:12,664 - INFO - Fold 10 (Production): Sharpe=-0.326, Hit=45.3%
2025-09-17 03:50:12,664 - INFO - 
--- Processing fold 11/12 ---
2025-09-17 03:50:12,751 - INFO - Fold 11: Q-scores from fold 10: ['M00:0.311', 'M01:0.236', 'M02:0.641', 'M03:-0.133', 'M04:0.620']...
2025-09-17 03:50:12,751 - INFO - Fold 11: Selected models [16, 13, 63, 45, 84] based on fold 10 Q-scores, avg Q-score: 1.379
2025-09-17 03:50:12,754 - INFO - Fold 11 (Production): Sharpe=2.458, Hit=56.9%
2025-09-17 03:50:12,754 - INFO - 
--- Processing fold 12/12 ---
2025-09-17 03:50:12,893 - INFO - Fold 12: Q-scores from fold 11: ['M00:0.268', 'M01:0.349', 'M02:0.799', 'M03:-0.058', 'M04:0.725']...
2025-09-17 03:50:12,894 - INFO - Fold 12: Selected models [16, 63, 45, 84, 91] based on fold 11 Q-scores, avg Q-score: 1.426
2025-09-17 03:50:12,897 - INFO - Fold 12 (Production): Sharpe=3.451, Hit=61.0%
2025-09-17 03:50:12,900 - INFO - Training Period Overall: Sharpe=0.413, Hit=50.4%
2025-09-17 03:50:12,901 - INFO - Production Period Overall: Sharpe=2.483, Hit=55.9%
2025-09-17 03:50:12,904 - INFO - Full Timeline Overall: Sharpe=1.397, Hit=52.7%
2025-09-17 03:50:12,904 - INFO - Training: Sharpe=0.413 | Hit=50.4% | Return=4.53%
2025-09-17 03:50:12,904 - INFO - Production: Sharpe=2.483 | Hit=55.9% | Return=35.03%
2025-09-17 03:50:12,904 - INFO - Full Timeline: Sharpe=1.397 | Hit=52.7% | Return=17.35%
2025-09-17 03:50:12,904 - INFO - Generating visualizations...
2025-09-17 03:50:12,905 - INFO - Creating clean visualizations for 100 models...
2025-09-17 03:50:19,726 - INFO - Clean fold-by-fold analysis saved to: 20250917_023753_fold_QGC#C_100models_15folds_batch4_QGC.png
2025-09-17 03:50:25,059 - INFO - Detailed production analysis saved to: 20250917_023753_backtest_QGC#C_100models_15folds_batch4_QGC.png
2025-09-17 03:50:25,064 - INFO - ================================================================================
2025-09-17 03:50:25,064 - INFO - BACKTEST SUMMARY
2025-09-17 03:50:25,064 - INFO - ================================================================================
2025-09-17 03:50:25,065 - INFO - Config: Cutoff=70%, Top N=5, Q-Metric=sharpe, Reselection=1 fold(s)
2025-09-17 03:50:25,065 - INFO - Model Selection History:
2025-09-17 03:50:25,065 - INFO -   Fold 1: M16, M84, M38, M34, M64 (Avg Q-sharpe: 1.987)
2025-09-17 03:50:25,065 - INFO -   Fold 2: M16, M13, M84, M80, M34 (Avg Q-sharpe: 1.873)
2025-09-17 03:50:25,065 - INFO -   Fold 3: M16, M84, M13, M38, M34 (Avg Q-sharpe: 1.791)
2025-09-17 03:50:25,065 - INFO -   Fold 4: M16, M13, M34, M38, M84 (Avg Q-sharpe: 1.642)
2025-09-17 03:50:25,065 - INFO -   Fold 5: M16, M84, M45, M80, M38 (Avg Q-sharpe: 1.500)
2025-09-17 03:50:25,066 - INFO -   Fold 6: M16, M84, M45, M80, M38 (Avg Q-sharpe: 1.423)
2025-09-17 03:50:25,066 - INFO -   Fold 7: M16, M45, M84, M38, M80 (Avg Q-sharpe: 1.359)
2025-09-17 03:50:25,066 - INFO -   Fold 8: M16, M84, M80, M38, M45 (Avg Q-sharpe: 1.262)
2025-09-17 03:50:25,066 - INFO -   Fold 9: M16, M84, M64, M45, M63 (Avg Q-sharpe: 1.391)
2025-09-17 03:50:25,066 - INFO -   Fold 10: M16, M13, M63, M84, M64 (Avg Q-sharpe: 1.524)
2025-09-17 03:50:25,066 - INFO -   Fold 11: M16, M13, M63, M45, M84 (Avg Q-sharpe: 1.379)
2025-09-17 03:50:25,067 - INFO -   Fold 12: M16, M63, M45, M84, M91 (Avg Q-sharpe: 1.426)
2025-09-17 03:50:25,067 - INFO - 
2025-09-17 03:50:25,067 - INFO - Fold-by-Fold Performance:
2025-09-17 03:50:25,067 - INFO -   Fold 1: M16, M84, M38, M34, M64 | Sharpe=0.552 | Hit=51.9% | Samples=181
2025-09-17 03:50:25,067 - INFO -   Fold 2: M16, M13, M84, M80, M34 | Sharpe=1.243 | Hit=51.9% | Samples=181
2025-09-17 03:50:25,067 - INFO -   Fold 3: M16, M84, M13, M38, M34 | Sharpe=-0.534 | Hit=46.4% | Samples=181
2025-09-17 03:50:25,067 - INFO -   Fold 4: M16, M13, M34, M38, M84 | Sharpe=-0.479 | Hit=47.5% | Samples=181
2025-09-17 03:50:25,067 - INFO -   Fold 5: M16, M84, M45, M80, M38 | Sharpe=0.965 | Hit=55.2% | Samples=181
2025-09-17 03:50:25,067 - INFO -   Fold 6: M16, M84, M45, M80, M38 | Sharpe=0.436 | Hit=49.2% | Samples=181
2025-09-17 03:50:25,068 - INFO -   Fold 7: M16, M45, M84, M38, M80 | Sharpe=0.391 | Hit=50.3% | Samples=181
2025-09-17 03:50:25,068 - INFO -   Fold 8: M16, M84, M80, M38, M45 | Sharpe=3.593 | Hit=59.1% | Samples=181
2025-09-17 03:50:25,068 - INFO -   Fold 9: M16, M84, M64, M45, M63 | Sharpe=2.477 | Hit=56.9% | Samples=181
2025-09-17 03:50:25,068 - INFO -   Fold 10: M16, M13, M63, M84, M64 | Sharpe=-0.326 | Hit=45.3% | Samples=181
2025-09-17 03:50:25,068 - INFO -   Fold 11: M16, M13, M63, M45, M84 | Sharpe=2.458 | Hit=56.9% | Samples=181
2025-09-17 03:50:25,068 - INFO -   Fold 12: M16, M63, M45, M84, M91 | Sharpe=3.451 | Hit=61.0% | Samples=195
2025-09-17 03:50:25,068 - INFO - ================================================================================
2025-09-17 03:50:25,068 - INFO - ================================================================================
2025-09-17 03:50:25,068 - INFO - ANALYSIS COMPLETED SUCCESSFULLY!
2025-09-17 03:50:25,068 - INFO - ================================================================================
2025-09-17 03:50:25,068 - INFO - Generated 2 visualization files
2025-09-17 03:50:25,068 - INFO -   - 20250917_023753_fold_QGC#C_100models_15folds_batch4_QGC.png
2025-09-17 03:50:25,068 - INFO -   - 20250917_023753_backtest_QGC#C_100models_15folds_batch4_QGC.png
2025-09-17 03:50:25,068 - INFO - Training Final: Sharpe=0.413 | Hit=50.4% | Return=4.53% | CB=0.267
2025-09-17 03:50:25,068 - INFO - Production Final: Sharpe=2.483 | Hit=55.9% | Return=35.03% | CB=3.698
2025-09-17 03:50:25,068 - INFO - Full Timeline Final: Sharpe=1.397 | Hit=52.7% | Return=17.35% | CB=1.024
2025-09-17 03:50:25,075 - INFO - ============================================================
2025-09-17 03:50:25,075 - INFO - EXPORTING PRODUCTION MODELS (Consolidated File)
2025-09-17 03:50:25,075 - INFO - ============================================================
2025-09-17 03:50:25,075 - INFO - Backtest results keys: ['full_timeline_metrics', 'training_metrics', 'production_metrics', 'model_selection_history', 'fold_results', 'full_timeline_returns', 'training_returns', 'production_returns', 'full_timeline_predictions', 'full_timeline_dates', 'cutoff_fold', 'training_folds', 'production_folds']
2025-09-17 03:50:25,075 - INFO - Model selection history length: 12
2025-09-17 03:50:25,075 - INFO - Final selection keys: ['fold', 'selection_based_on_fold', 'selected_models', 'avg_q_score', 'period_type']
2025-09-17 03:50:25,075 - INFO - Final fold selected models: [16, 63, 45, 84, 91]
2025-09-17 03:50:25,075 - INFO - All fold results type: <class 'dict'>
2025-09-17 03:50:25,075 - INFO - All fold results keys/length: ['fold_1', 'fold_2', 'fold_3', 'fold_4', 'fold_5', 'fold_6', 'fold_7', 'fold_8', 'fold_9', 'fold_10', 'fold_11', 'fold_12', 'fold_13']
2025-09-17 03:50:25,075 - INFO - Available fold indices: [0, 1, 2, 3, 4, 5, 6, 7, 8, 9, 10, 11, 12]
2025-09-17 03:50:25,075 - INFO - Using fold index 11 (key: fold_12) as production fold
2025-09-17 03:50:25,075 - INFO - Final fold keys: ['results_df', 'model_metrics', 'oos_predictions', 'test_idx', 'trained_models', 'model_specs']
2025-09-17 03:50:25,076 - INFO - Trained models available: []
2025-09-17 03:50:25,076 - ERROR - No trained models found in final fold
2025-09-17 03:50:25,076 - INFO - ============================================================
2025-09-17 03:50:25,076 - INFO - EXPORTING SIGNAL DISTRIBUTION
2025-09-17 03:50:25,076 - INFO - ============================================================
2025-09-17 03:50:25,076 - INFO - Timeline data: 2186 points
2025-09-17 03:50:25,300 - INFO - SUCCESS: Exported signal distribution to /Users/steven/Projects/SQ/bond_ls_xgb_grope_full_v6/xgb_compare/results/20250917_023753_signal_distribution_batch4_QGC.csv
2025-09-17 03:50:25,300 - INFO - Records: 2,186
2025-09-17 03:50:25,303 - INFO - Date range: 2017-02-09 12:00:00 to 2025-07-30 12:00:00
2025-09-17 03:50:25,304 - INFO - Signal directions: {1: 1293, -1: 893}
2025-09-17 03:50:25,306 - INFO - Signal range: -1.000000 to 1.000000
2025-09-17 03:50:25,306 - INFO - Hit rate: 0.536
2025-09-17 03:50:25,306 - INFO - Total PnL: 0.668256
