2025-09-16 23:34:39,333 - INFO - ================================================================================
2025-09-16 23:34:39,333 - INFO - XGBoost Comparison Framework
2025-09-16 23:34:39,334 - INFO - ================================================================================
2025-09-16 23:34:39,334 - INFO - Configuration:
2025-09-16 23:34:39,334 - INFO -   Target Symbol: @JY#C
2025-09-16 23:34:39,334 - INFO -   Date Range: 2015-01-01 to 2025-08-01
2025-09-16 23:34:39,334 - INFO -   Models: 100, Type: standard
2025-09-16 23:34:39,334 - INFO -   Folds: 15
2025-09-16 23:34:39,334 - INFO -   Max Features: 100 (Limited)
2025-09-16 23:34:39,334 - INFO -   Feature Selection: Enabled
2025-09-16 23:34:39,334 - INFO -   Inner Val Fraction: 0.2
2025-09-16 23:34:39,334 - INFO -   EWMA Alpha: 0.1, Quality Halflife: 63 days
2025-09-16 23:34:39,334 - INFO -   Signal Type: Binary (+1/-1)
2025-09-16 23:34:39,334 - INFO -   Cross-validation: Expanding window
2025-09-16 23:34:39,334 - INFO -   Production: Cutoff=0.6, Top N=5, Q-Metric=sharpe
2025-09-16 23:34:39,335 - INFO -   Reselection: Every 1 fold(s)
2025-09-16 23:34:39,335 - INFO - 
2025-09-16 23:34:52,780 - INFO - Dropped 3 rows due to NaN in target column @JY#C_target_return
2025-09-16 23:34:52,957 - INFO - Loaded: X=(2732, 1906), y=(2732,)
2025-09-16 23:36:40,799 - INFO - Selected 100 features (threshold: 0.7)
2025-09-16 23:36:41,100 - INFO - Selected: 100 features
2025-09-16 23:36:41,893 - INFO - GPU detection: XGBoost not compiled with CUDA support - using CPU
2025-09-16 23:36:41,900 - INFO - Processing mode: CPU multiprocessing (GPU: False, Total models: 1500)
2025-09-16 23:36:41,925 - INFO - GPU detection: XGBoost not compiled with CUDA support - using CPU
2025-09-16 23:36:41,931 - INFO - Using expanding window
2025-09-16 23:36:41,935 - INFO - Starting analysis: 100 standard models x 13 folds
2025-09-16 23:36:41,935 - INFO - Processing Fold 1/13
2025-09-16 23:36:41,952 - INFO -   Using multiprocessing with 9 workers
2025-09-16 23:39:49,964 - INFO - Fold 1 Summary:
2025-09-16 23:39:49,967 - INFO -   Best OOS Sharpe: M95 (3.643, p=0.020)
2025-09-16 23:39:49,967 - INFO -   Best Q-Sharpe:  M95 (3.643, OOS_Sharpe=3.643, OOS_Hit=0.571)
2025-09-16 23:39:49,967 - INFO -   Mean OOS Sharpe: 0.439, Mean Hit: 0.506
2025-09-16 23:39:49,967 - INFO - 
2025-09-16 23:39:49,985 - INFO - Stored 0 trained models for production export
2025-09-16 23:39:49,985 - INFO - Processing Fold 2/13
2025-09-16 23:39:50,015 - INFO -   Using multiprocessing with 9 workers
2025-09-16 23:43:43,928 - INFO - Fold 2 Summary:
2025-09-16 23:43:43,936 - INFO -   Best OOS Sharpe: M06 (3.089, p=0.000)
2025-09-16 23:43:43,937 - INFO -   Best Q-Sharpe:  M95 (3.316, OOS_Sharpe=0.372, OOS_Hit=0.478)
2025-09-16 23:43:43,937 - INFO -   Mean OOS Sharpe: 1.177, Mean Hit: 0.539
2025-09-16 23:43:43,937 - INFO - 
2025-09-16 23:43:43,978 - INFO - Stored 0 trained models for production export
2025-09-16 23:43:43,980 - INFO - Processing Fold 3/13
2025-09-16 23:43:44,022 - INFO -   Using multiprocessing with 9 workers
2025-09-16 23:47:20,632 - INFO - Fold 3 Summary:
2025-09-16 23:47:20,639 - INFO -   Best OOS Sharpe: M42 (0.681, p=0.540)
2025-09-16 23:47:20,639 - INFO -   Best Q-Sharpe:  M95 (2.817, OOS_Sharpe=-1.669, OOS_Hit=0.462)
2025-09-16 23:47:20,639 - INFO -   Mean OOS Sharpe: -1.580, Mean Hit: 0.465
2025-09-16 23:47:20,639 - INFO - 
2025-09-16 23:47:20,667 - INFO - Stored 0 trained models for production export
2025-09-16 23:47:20,667 - INFO - Processing Fold 4/13
2025-09-16 23:47:20,706 - INFO -   Using multiprocessing with 9 workers
2025-09-16 23:50:50,012 - INFO - Fold 4 Summary:
2025-09-16 23:50:50,018 - INFO -   Best OOS Sharpe: M36 (2.347, p=0.000)
2025-09-16 23:50:50,018 - INFO -   Best Q-Sharpe:  M95 (2.569, OOS_Sharpe=0.341, OOS_Hit=0.511)
2025-09-16 23:50:50,018 - INFO -   Mean OOS Sharpe: 0.667, Mean Hit: 0.506
2025-09-16 23:50:50,018 - INFO - 
2025-09-16 23:50:50,058 - INFO - Stored 0 trained models for production export
2025-09-16 23:50:50,059 - INFO - Processing Fold 5/13
2025-09-16 23:50:50,149 - INFO -   Using multiprocessing with 9 workers
2025-09-16 23:54:36,523 - INFO - Fold 5 Summary:
2025-09-16 23:54:36,535 - INFO -   Best OOS Sharpe: M61 (1.708, p=0.100)
2025-09-16 23:54:36,535 - INFO -   Best Q-Sharpe:  M95 (2.410, OOS_Sharpe=0.970, OOS_Hit=0.489)
2025-09-16 23:54:36,535 - INFO -   Mean OOS Sharpe: -0.345, Mean Hit: 0.474
2025-09-16 23:54:36,535 - INFO - 
2025-09-16 23:54:36,596 - INFO - Stored 0 trained models for production export
2025-09-16 23:54:36,598 - INFO - Processing Fold 6/13
2025-09-16 23:54:36,638 - INFO -   Using multiprocessing with 9 workers
2025-09-16 23:58:20,637 - INFO - Fold 6 Summary:
2025-09-16 23:58:20,646 - INFO -   Best OOS Sharpe: M19 (3.600, p=0.000)
2025-09-16 23:58:20,647 - INFO -   Best Q-Sharpe:  M95 (2.122, OOS_Sharpe=-0.464, OOS_Hit=0.473)
2025-09-16 23:58:20,647 - INFO -   Mean OOS Sharpe: 0.641, Mean Hit: 0.505
2025-09-16 23:58:20,647 - INFO - 
2025-09-16 23:58:20,693 - INFO - Stored 0 trained models for production export
2025-09-16 23:58:20,694 - INFO - Processing Fold 7/13
2025-09-16 23:58:20,737 - INFO -   Using multiprocessing with 9 workers
2025-09-17 00:02:29,091 - INFO - Fold 7 Summary:
2025-09-17 00:02:29,097 - INFO -   Best OOS Sharpe: M13 (2.628, p=0.000)
2025-09-17 00:02:29,097 - INFO -   Best Q-Sharpe:  M13 (2.025, OOS_Sharpe=2.628, OOS_Hit=0.549)
2025-09-17 00:02:29,097 - INFO -   Mean OOS Sharpe: 0.664, Mean Hit: 0.512
2025-09-17 00:02:29,097 - INFO - 
2025-09-17 00:02:29,140 - INFO - Stored 0 trained models for production export
2025-09-17 00:02:29,141 - INFO - Processing Fold 8/13
2025-09-17 00:02:29,195 - INFO -   Using multiprocessing with 9 workers
2025-09-17 00:06:47,845 - INFO - Fold 8 Summary:
2025-09-17 00:06:47,852 - INFO -   Best OOS Sharpe: M45 (3.471, p=0.000)
2025-09-17 00:06:47,852 - INFO -   Best Q-Sharpe:  M13 (1.989, OOS_Sharpe=1.665, OOS_Hit=0.549)
2025-09-17 00:06:47,852 - INFO -   Mean OOS Sharpe: 1.097, Mean Hit: 0.526
2025-09-17 00:06:47,852 - INFO - 
2025-09-17 00:06:47,916 - INFO - Stored 0 trained models for production export
2025-09-17 00:06:47,916 - INFO - Processing Fold 9/13
2025-09-17 00:06:47,959 - INFO -   Using multiprocessing with 9 workers
2025-09-17 00:11:06,290 - INFO - Fold 9 Summary:
2025-09-17 00:11:06,299 - INFO -   Best OOS Sharpe: M55 (4.830, p=0.000)
2025-09-17 00:11:06,299 - INFO -   Best Q-Sharpe:  M13 (1.943, OOS_Sharpe=1.530, OOS_Hit=0.544)
2025-09-17 00:11:06,299 - INFO -   Mean OOS Sharpe: 2.675, Mean Hit: 0.574
2025-09-17 00:11:06,299 - INFO - 
2025-09-17 00:11:06,392 - INFO - Stored 0 trained models for production export
2025-09-17 00:11:06,394 - INFO - Processing Fold 10/13
2025-09-17 00:11:06,485 - INFO -   Using multiprocessing with 9 workers
2025-09-17 00:17:17,921 - INFO - Fold 10 Summary:
2025-09-17 00:17:17,984 - INFO -   Best OOS Sharpe: M47 (5.318, p=0.000)
2025-09-17 00:17:17,984 - INFO -   Best Q-Sharpe:  M66 (1.860, OOS_Sharpe=2.317, OOS_Hit=0.560)
2025-09-17 00:17:17,984 - INFO -   Mean OOS Sharpe: 2.239, Mean Hit: 0.560
2025-09-17 00:17:17,984 - INFO - 
2025-09-17 00:17:18,118 - INFO - Stored 0 trained models for production export
2025-09-17 00:17:18,123 - INFO - Processing Fold 11/13
2025-09-17 00:17:18,503 - INFO -   Using multiprocessing with 9 workers
2025-09-17 00:24:41,013 - INFO - Fold 11 Summary:
2025-09-17 00:24:41,027 - INFO -   Best OOS Sharpe: M43 (4.172, p=0.000)
2025-09-17 00:24:41,027 - INFO -   Best Q-Sharpe:  M56 (1.938, OOS_Sharpe=3.286, OOS_Hit=0.593)
2025-09-17 00:24:41,028 - INFO -   Mean OOS Sharpe: 2.156, Mean Hit: 0.553
2025-09-17 00:24:41,028 - INFO - 
2025-09-17 00:24:41,136 - INFO - Stored 0 trained models for production export
2025-09-17 00:24:41,139 - INFO - Processing Fold 12/13
2025-09-17 00:24:41,195 - INFO -   Using multiprocessing with 9 workers
2025-09-17 00:31:10,763 - INFO - Fold 12 Summary:
2025-09-17 00:31:10,769 - INFO -   Best OOS Sharpe: M79 (3.137, p=0.000)
2025-09-17 00:31:10,769 - INFO -   Best Q-Sharpe:  M66 (1.910, OOS_Sharpe=2.250, OOS_Hit=0.555)
2025-09-17 00:31:10,769 - INFO -   Mean OOS Sharpe: 0.557, Mean Hit: 0.535
2025-09-17 00:31:10,769 - INFO - 
2025-09-17 00:31:10,856 - INFO - Stored 0 trained models for production export
2025-09-17 00:31:10,859 - INFO - Processing Fold 13/13
2025-09-17 00:31:10,942 - INFO -   Using multiprocessing with 9 workers
2025-09-17 00:36:16,238 - INFO - Fold 13 Summary:
2025-09-17 00:36:16,249 - INFO -   Best OOS Sharpe: M08 (3.763, p=0.000)
2025-09-17 00:36:16,249 - INFO -   Best Q-Sharpe:  M66 (1.853, OOS_Sharpe=1.343, OOS_Hit=0.516)
2025-09-17 00:36:16,249 - INFO -   Mean OOS Sharpe: 1.431, Mean Hit: 0.531
2025-09-17 00:36:16,249 - INFO - 
2025-09-17 00:36:16,340 - INFO - Stored 0 trained models for production export
2025-09-17 00:36:16,342 - INFO - Starting full timeline backtesting...
2025-09-17 00:36:16,349 - INFO - Running full timeline backtest with 13 folds (0-based indexing)
2025-09-17 00:36:16,351 - INFO - Fold 0 skipped (no prior Q-score history for meaningful selection)
2025-09-17 00:36:16,352 - INFO - Effective backtest period: Folds 1-12 (12 folds)
2025-09-17 00:36:16,352 - INFO - Training period: Folds 1-7
2025-09-17 00:36:16,352 - INFO - Production period: Folds 8-12
2025-09-17 00:36:16,352 - INFO - Using consistent OOS methodology for all folds
2025-09-17 00:36:16,354 - INFO - Fold 0: Skipped (no prior Q-score history for meaningful selection)
2025-09-17 00:36:16,354 - INFO - 
--- Processing fold 1/12 ---
2025-09-17 00:36:16,378 - INFO - Fold 1: Q-scores from fold 0: ['M00:0.730', 'M01:0.157', 'M02:1.981', 'M03:0.431', 'M04:0.867']...
2025-09-17 00:36:16,382 - INFO - Fold 1: Selected models [95, 58, 13, 66, 56] based on fold 0 Q-scores, avg Q-score: 3.092
2025-09-17 00:36:16,447 - INFO - Fold 1 (Training): Sharpe=1.183, Hit=52.2%
2025-09-17 00:36:16,447 - INFO - 
--- Processing fold 2/12 ---
2025-09-17 00:36:16,474 - INFO - Fold 2: Q-scores from fold 1: ['M00:0.657', 'M01:0.250', 'M02:1.868', 'M03:0.634', 'M04:0.755']...
2025-09-17 00:36:16,474 - INFO - Fold 2: Selected models [95, 58, 66, 13, 56] based on fold 1 Q-scores, avg Q-score: 2.904
2025-09-17 00:36:16,480 - INFO - Fold 2 (Training): Sharpe=-1.976, Hit=47.3%
2025-09-17 00:36:16,480 - INFO - 
--- Processing fold 3/12 ---
2025-09-17 00:36:16,500 - INFO - Fold 3: Q-scores from fold 2: ['M00:0.526', 'M01:0.039', 'M02:1.524', 'M03:0.367', 'M04:0.499']...
2025-09-17 00:36:16,500 - INFO - Fold 3: Selected models [95, 58, 66, 13, 56] based on fold 2 Q-scores, avg Q-score: 2.500
2025-09-17 00:36:16,508 - INFO - Fold 3 (Training): Sharpe=1.514, Hit=52.7%
2025-09-17 00:36:16,508 - INFO - 
--- Processing fold 4/12 ---
2025-09-17 00:36:16,531 - INFO - Fold 4: Q-scores from fold 3: ['M00:0.502', 'M01:0.009', 'M02:1.162', 'M03:0.449', 'M04:0.408']...
2025-09-17 00:36:16,531 - INFO - Fold 4: Selected models [95, 58, 66, 13, 56] based on fold 3 Q-scores, avg Q-score: 2.378
2025-09-17 00:36:16,535 - INFO - Fold 4 (Training): Sharpe=0.223, Hit=45.1%
2025-09-17 00:36:16,535 - INFO - 
--- Processing fold 5/12 ---
2025-09-17 00:36:16,558 - INFO - Fold 5: Q-scores from fold 4: ['M00:0.340', 'M01:-0.191', 'M02:1.022', 'M03:0.245', 'M04:0.243']...
2025-09-17 00:36:16,558 - INFO - Fold 5: Selected models [95, 66, 58, 13, 56] based on fold 4 Q-scores, avg Q-score: 2.175
2025-09-17 00:36:16,563 - INFO - Fold 5 (Training): Sharpe=0.526, Hit=46.7%
2025-09-17 00:36:16,563 - INFO - 
--- Processing fold 6/12 ---
2025-09-17 00:36:16,583 - INFO - Fold 6: Q-scores from fold 5: ['M00:0.341', 'M01:-0.210', 'M02:0.954', 'M03:0.381', 'M04:0.149']...
2025-09-17 00:36:16,583 - INFO - Fold 6: Selected models [95, 66, 58, 13, 56] based on fold 5 Q-scores, avg Q-score: 2.013
2025-09-17 00:36:16,591 - INFO - Fold 6 (Training): Sharpe=0.634, Hit=51.1%
2025-09-17 00:36:16,591 - INFO - 
--- Processing fold 7/12 ---
2025-09-17 00:36:16,614 - INFO - Fold 7: Q-scores from fold 6: ['M00:0.165', 'M01:-0.139', 'M02:0.860', 'M03:0.315', 'M04:0.232']...
2025-09-17 00:36:16,614 - INFO - Fold 7: Selected models [13, 95, 66, 58, 56] based on fold 6 Q-scores, avg Q-score: 1.848
2025-09-17 00:36:16,619 - INFO - Fold 7 (Training): Sharpe=0.728, Hit=51.6%
2025-09-17 00:36:16,619 - INFO - 
--- Processing fold 8/12 ---
2025-09-17 00:36:16,639 - INFO - Fold 8: Q-scores from fold 7: ['M00:0.250', 'M01:-0.037', 'M02:0.807', 'M03:0.424', 'M04:0.175']...
2025-09-17 00:36:16,639 - INFO - Fold 8: Selected models [13, 66, 56, 58, 95] based on fold 7 Q-scores, avg Q-score: 1.740
2025-09-17 00:36:16,642 - INFO - Fold 8 (Production): Sharpe=2.269, Hit=57.1%
2025-09-17 00:36:16,643 - INFO - 
--- Processing fold 9/12 ---
2025-09-17 00:36:16,661 - INFO - Fold 9: Q-scores from fold 8: ['M00:0.382', 'M01:0.218', 'M02:1.029', 'M03:0.486', 'M04:0.390']...
2025-09-17 00:36:16,661 - INFO - Fold 9: Selected models [13, 66, 56, 58, 95] based on fold 8 Q-scores, avg Q-score: 1.770
2025-09-17 00:36:16,665 - INFO - Fold 9 (Production): Sharpe=2.744, Hit=57.1%
2025-09-17 00:36:16,665 - INFO - 
--- Processing fold 10/12 ---
2025-09-17 00:36:16,684 - INFO - Fold 10: Q-scores from fold 9: ['M00:0.465', 'M01:0.168', 'M02:1.140', 'M03:0.677', 'M04:0.612']...
2025-09-17 00:36:16,684 - INFO - Fold 10: Selected models [66, 95, 13, 56, 91] based on fold 9 Q-scores, avg Q-score: 1.802
2025-09-17 00:36:16,693 - INFO - Fold 10 (Production): Sharpe=2.182, Hit=56.6%
2025-09-17 00:36:16,693 - INFO - 
--- Processing fold 11/12 ---
2025-09-17 00:36:16,714 - INFO - Fold 11: Q-scores from fold 10: ['M00:0.585', 'M01:0.253', 'M02:1.219', 'M03:0.986', 'M04:0.723']...
2025-09-17 00:36:16,714 - INFO - Fold 11: Selected models [56, 66, 95, 58, 91] based on fold 10 Q-scores, avg Q-score: 1.849
2025-09-17 00:36:16,716 - INFO - Fold 11 (Production): Sharpe=0.177, Hit=53.8%
2025-09-17 00:36:16,716 - INFO - 
--- Processing fold 12/12 ---
2025-09-17 00:36:16,735 - INFO - Fold 12: Q-scores from fold 11: ['M00:0.735', 'M01:0.203', 'M02:1.182', 'M03:0.971', 'M04:0.545']...
2025-09-17 00:36:16,736 - INFO - Fold 12: Selected models [66, 56, 91, 95, 58] based on fold 11 Q-scores, avg Q-score: 1.750
2025-09-17 00:36:16,737 - INFO - Fold 12 (Production): Sharpe=2.261, Hit=53.8%
2025-09-17 00:36:16,738 - INFO - Training Period Overall: Sharpe=0.395, Hit=49.5%
2025-09-17 00:36:16,738 - INFO - Production Period Overall: Sharpe=1.935, Hit=55.7%
2025-09-17 00:36:16,740 - INFO - Full Timeline Overall: Sharpe=1.205, Hit=52.1%
2025-09-17 00:36:16,741 - INFO - Training: Sharpe=0.395 | Hit=49.5% | Return=2.35%
2025-09-17 00:36:16,741 - INFO - Production: Sharpe=1.935 | Hit=55.7% | Return=20.41%
2025-09-17 00:36:16,741 - INFO - Full Timeline: Sharpe=1.205 | Hit=52.1% | Return=9.88%
2025-09-17 00:36:16,741 - INFO - Generating visualizations...
2025-09-17 00:36:16,742 - INFO - Creating clean visualizations for 100 models...
2025-09-17 00:36:22,943 - INFO - Clean fold-by-fold analysis saved to: 20250916_233439_fold_@JY#C_100models_15folds_batch2_JY.png
2025-09-17 00:36:27,870 - INFO - Detailed production analysis saved to: 20250916_233439_backtest_@JY#C_100models_15folds_batch2_JY.png
2025-09-17 00:36:27,877 - INFO - ================================================================================
2025-09-17 00:36:27,877 - INFO - BACKTEST SUMMARY
2025-09-17 00:36:27,877 - INFO - ================================================================================
2025-09-17 00:36:27,877 - INFO - Config: Cutoff=70%, Top N=5, Q-Metric=sharpe, Reselection=1 fold(s)
2025-09-17 00:36:27,877 - INFO - Model Selection History:
2025-09-17 00:36:27,877 - INFO -   Fold 1: M95, M58, M13, M66, M56 (Avg Q-sharpe: 3.092)
2025-09-17 00:36:27,877 - INFO -   Fold 2: M95, M58, M66, M13, M56 (Avg Q-sharpe: 2.904)
2025-09-17 00:36:27,877 - INFO -   Fold 3: M95, M58, M66, M13, M56 (Avg Q-sharpe: 2.500)
2025-09-17 00:36:27,877 - INFO -   Fold 4: M95, M58, M66, M13, M56 (Avg Q-sharpe: 2.378)
2025-09-17 00:36:27,878 - INFO -   Fold 5: M95, M66, M58, M13, M56 (Avg Q-sharpe: 2.175)
2025-09-17 00:36:27,878 - INFO -   Fold 6: M95, M66, M58, M13, M56 (Avg Q-sharpe: 2.013)
2025-09-17 00:36:27,878 - INFO -   Fold 7: M13, M95, M66, M58, M56 (Avg Q-sharpe: 1.848)
2025-09-17 00:36:27,878 - INFO -   Fold 8: M13, M66, M56, M58, M95 (Avg Q-sharpe: 1.740)
2025-09-17 00:36:27,878 - INFO -   Fold 9: M13, M66, M56, M58, M95 (Avg Q-sharpe: 1.770)
2025-09-17 00:36:27,878 - INFO -   Fold 10: M66, M95, M13, M56, M91 (Avg Q-sharpe: 1.802)
2025-09-17 00:36:27,878 - INFO -   Fold 11: M56, M66, M95, M58, M91 (Avg Q-sharpe: 1.849)
2025-09-17 00:36:27,878 - INFO -   Fold 12: M66, M56, M91, M95, M58 (Avg Q-sharpe: 1.750)
2025-09-17 00:36:27,878 - INFO - 
2025-09-17 00:36:27,878 - INFO - Fold-by-Fold Performance:
2025-09-17 00:36:27,878 - INFO -   Fold 1: M95, M58, M13, M66, M56 | Sharpe=1.183 | Hit=52.2% | Samples=182
2025-09-17 00:36:27,878 - INFO -   Fold 2: M95, M58, M66, M13, M56 | Sharpe=-1.976 | Hit=47.3% | Samples=182
2025-09-17 00:36:27,878 - INFO -   Fold 3: M95, M58, M66, M13, M56 | Sharpe=1.514 | Hit=52.7% | Samples=182
2025-09-17 00:36:27,878 - INFO -   Fold 4: M95, M58, M66, M13, M56 | Sharpe=0.223 | Hit=45.1% | Samples=182
2025-09-17 00:36:27,878 - INFO -   Fold 5: M95, M66, M58, M13, M56 | Sharpe=0.526 | Hit=46.7% | Samples=182
2025-09-17 00:36:27,878 - INFO -   Fold 6: M95, M66, M58, M13, M56 | Sharpe=0.634 | Hit=51.1% | Samples=182
2025-09-17 00:36:27,878 - INFO -   Fold 7: M13, M95, M66, M58, M56 | Sharpe=0.728 | Hit=51.6% | Samples=182
2025-09-17 00:36:27,878 - INFO -   Fold 8: M13, M66, M56, M58, M95 | Sharpe=2.269 | Hit=57.1% | Samples=182
2025-09-17 00:36:27,878 - INFO -   Fold 9: M13, M66, M56, M58, M95 | Sharpe=2.744 | Hit=57.1% | Samples=182
2025-09-17 00:36:27,879 - INFO -   Fold 10: M66, M95, M13, M56, M91 | Sharpe=2.182 | Hit=56.6% | Samples=182
2025-09-17 00:36:27,879 - INFO -   Fold 11: M56, M66, M95, M58, M91 | Sharpe=0.177 | Hit=53.8% | Samples=182
2025-09-17 00:36:27,879 - INFO -   Fold 12: M66, M56, M91, M95, M58 | Sharpe=2.261 | Hit=53.8% | Samples=184
2025-09-17 00:36:27,879 - INFO - ================================================================================
2025-09-17 00:36:27,879 - INFO - ================================================================================
2025-09-17 00:36:27,879 - INFO - ANALYSIS COMPLETED SUCCESSFULLY!
2025-09-17 00:36:27,879 - INFO - ================================================================================
2025-09-17 00:36:27,879 - INFO - Generated 2 visualization files
2025-09-17 00:36:27,879 - INFO -   - 20250916_233439_fold_@JY#C_100models_15folds_batch2_JY.png
2025-09-17 00:36:27,879 - INFO -   - 20250916_233439_backtest_@JY#C_100models_15folds_batch2_JY.png
2025-09-17 00:36:27,879 - INFO - Training Final: Sharpe=0.395 | Hit=49.5% | Return=2.35% | CB=0.206
2025-09-17 00:36:27,879 - INFO - Production Final: Sharpe=1.935 | Hit=55.7% | Return=20.41% | CB=1.572
2025-09-17 00:36:27,879 - INFO - Full Timeline Final: Sharpe=1.205 | Hit=52.1% | Return=9.88% | CB=0.761
2025-09-17 00:36:27,882 - INFO - ============================================================
2025-09-17 00:36:27,882 - INFO - EXPORTING PRODUCTION MODELS (Consolidated File)
2025-09-17 00:36:27,882 - INFO - ============================================================
2025-09-17 00:36:27,883 - INFO - Backtest results keys: ['full_timeline_metrics', 'training_metrics', 'production_metrics', 'model_selection_history', 'fold_results', 'full_timeline_returns', 'training_returns', 'production_returns', 'full_timeline_predictions', 'full_timeline_dates', 'cutoff_fold', 'training_folds', 'production_folds']
2025-09-17 00:36:27,883 - INFO - Model selection history length: 12
2025-09-17 00:36:27,883 - INFO - Final selection keys: ['fold', 'selection_based_on_fold', 'selected_models', 'avg_q_score', 'period_type']
2025-09-17 00:36:27,883 - INFO - Final fold selected models: [66, 56, 91, 95, 58]
2025-09-17 00:36:27,883 - INFO - All fold results type: <class 'dict'>
2025-09-17 00:36:27,883 - INFO - All fold results keys/length: ['fold_1', 'fold_2', 'fold_3', 'fold_4', 'fold_5', 'fold_6', 'fold_7', 'fold_8', 'fold_9', 'fold_10', 'fold_11', 'fold_12', 'fold_13']
2025-09-17 00:36:27,883 - INFO - Available fold indices: [0, 1, 2, 3, 4, 5, 6, 7, 8, 9, 10, 11, 12]
2025-09-17 00:36:27,883 - INFO - Using fold index 11 (key: fold_12) as production fold
2025-09-17 00:36:27,883 - INFO - Final fold keys: ['results_df', 'model_metrics', 'oos_predictions', 'test_idx', 'trained_models', 'model_specs']
2025-09-17 00:36:27,883 - INFO - Trained models available: []
2025-09-17 00:36:27,883 - ERROR - No trained models found in final fold
2025-09-17 00:36:27,884 - INFO - ============================================================
2025-09-17 00:36:27,884 - INFO - EXPORTING SIGNAL DISTRIBUTION
2025-09-17 00:36:27,884 - INFO - ============================================================
2025-09-17 00:36:27,884 - INFO - Timeline data: 2186 points
2025-09-17 00:36:28,000 - INFO - SUCCESS: Exported signal distribution to /Users/steven/Projects/SQ/bond_ls_xgb_grope_full_v6/xgb_compare/results/20250916_233439_signal_distribution_batch2_JY.csv
2025-09-17 00:36:28,000 - INFO - Records: 2,186
2025-09-17 00:36:28,001 - INFO - Date range: 2017-02-13 12:00:00 to 2025-07-30 12:00:00
2025-09-17 00:36:28,003 - INFO - Signal directions: {-1: 1353, 1: 833}
2025-09-17 00:36:28,004 - INFO - Signal range: -1.000000 to 1.000000
2025-09-17 00:36:28,004 - INFO - Hit rate: 0.462
2025-09-17 00:36:28,004 - INFO - Total PnL: -0.521476
