2025-09-17 02:37:53,676 - INFO - ================================================================================
2025-09-17 02:37:53,677 - INFO - XGBoost Comparison Framework
2025-09-17 02:37:53,677 - INFO - ================================================================================
2025-09-17 02:37:53,677 - INFO - Configuration:
2025-09-17 02:37:53,677 - INFO -   Target Symbol: QCL#C
2025-09-17 02:37:53,677 - INFO -   Date Range: 2015-01-01 to 2025-08-01
2025-09-17 02:37:53,677 - INFO -   Models: 100, Type: standard
2025-09-17 02:37:53,677 - INFO -   Folds: 15
2025-09-17 02:37:53,677 - INFO -   Max Features: 100 (Limited)
2025-09-17 02:37:53,677 - INFO -   Feature Selection: Enabled
2025-09-17 02:37:53,677 - INFO -   Inner Val Fraction: 0.2
2025-09-17 02:37:53,677 - INFO -   EWMA Alpha: 0.1, Quality Halflife: 63 days
2025-09-17 02:37:53,677 - INFO -   Signal Type: Binary (+1/-1)
2025-09-17 02:37:53,677 - INFO -   Cross-validation: Expanding window
2025-09-17 02:37:53,677 - INFO -   Production: Cutoff=0.6, Top N=5, Q-Metric=sharpe
2025-09-17 02:37:53,677 - INFO -   Reselection: Every 1 fold(s)
2025-09-17 02:37:53,677 - INFO -   COVID Period: SKIPPED (Mar 2020 - May 2020 excluded from backtest PnL)
2025-09-17 02:37:53,677 - INFO - 
2025-09-17 02:38:04,422 - INFO - Dropped 6 rows due to NaN in target column QCL#C_target_return
2025-09-17 02:38:04,649 - INFO - Loaded: X=(2729, 1906), y=(2729,)
2025-09-17 02:39:15,300 - INFO - Selected 100 features (threshold: 0.7)
2025-09-17 02:39:15,359 - INFO - Selected: 100 features
2025-09-17 02:39:15,425 - INFO - GPU detection: XGBoost not compiled with CUDA support - using CPU
2025-09-17 02:39:15,425 - INFO - Processing mode: CPU multiprocessing (GPU: False, Total models: 1500)
2025-09-17 02:39:15,430 - INFO - GPU detection: XGBoost not compiled with CUDA support - using CPU
2025-09-17 02:39:15,433 - INFO - Using expanding window
2025-09-17 02:39:15,434 - INFO - Starting analysis: 100 standard models x 13 folds
2025-09-17 02:39:15,434 - INFO - Processing Fold 1/13
2025-09-17 02:39:15,438 - INFO -   Using multiprocessing with 9 workers
2025-09-17 02:42:23,660 - INFO - Fold 1 Summary:
2025-09-17 02:42:23,662 - INFO -   Best OOS Sharpe: M19 (2.471, p=0.000)
2025-09-17 02:42:23,662 - INFO -   Best Q-Sharpe:  M19 (2.471, OOS_Sharpe=2.471, OOS_Hit=0.552)
2025-09-17 02:42:23,663 - INFO -   Mean OOS Sharpe: 0.163, Mean Hit: 0.510
2025-09-17 02:42:23,663 - INFO - 
2025-09-17 02:42:23,689 - INFO - Stored 0 trained models for production export
2025-09-17 02:42:23,692 - INFO - Processing Fold 2/13
2025-09-17 02:42:23,732 - INFO -   Using multiprocessing with 9 workers
2025-09-17 02:46:15,530 - INFO - Fold 2 Summary:
2025-09-17 02:46:15,534 - INFO -   Best OOS Sharpe: M76 (3.658, p=0.000)
2025-09-17 02:46:15,534 - INFO -   Best Q-Sharpe:  M88 (2.295, OOS_Sharpe=1.949, OOS_Hit=0.558)
2025-09-17 02:46:15,534 - INFO -   Mean OOS Sharpe: 0.731, Mean Hit: 0.530
2025-09-17 02:46:15,534 - INFO - 
2025-09-17 02:46:15,547 - INFO - Stored 0 trained models for production export
2025-09-17 02:46:15,547 - INFO - Processing Fold 3/13
2025-09-17 02:46:15,580 - INFO -   Using multiprocessing with 9 workers
2025-09-17 02:50:23,870 - INFO - Fold 3 Summary:
2025-09-17 02:50:23,885 - INFO -   Best OOS Sharpe: M65 (1.890, p=0.120)
2025-09-17 02:50:23,887 - INFO -   Best Q-Sharpe:  M88 (1.953, OOS_Sharpe=-1.122, OOS_Hit=0.481)
2025-09-17 02:50:23,889 - INFO -   Mean OOS Sharpe: -0.845, Mean Hit: 0.475
2025-09-17 02:50:23,890 - INFO - 
2025-09-17 02:50:23,994 - INFO - Stored 0 trained models for production export
2025-09-17 02:50:23,995 - INFO - Processing Fold 4/13
2025-09-17 02:50:24,127 - INFO -   Using multiprocessing with 9 workers
2025-09-17 02:54:35,921 - INFO - Fold 4 Summary:
2025-09-17 02:54:35,935 - INFO -   Best OOS Sharpe: M66 (2.588, p=0.020)
2025-09-17 02:54:35,935 - INFO -   Best Q-Sharpe:  M88 (1.896, OOS_Sharpe=1.378, OOS_Hit=0.508)
2025-09-17 02:54:35,935 - INFO -   Mean OOS Sharpe: 0.294, Mean Hit: 0.485
2025-09-17 02:54:35,935 - INFO - 
2025-09-17 02:54:36,032 - INFO - Stored 0 trained models for production export
2025-09-17 02:54:36,037 - INFO - Processing Fold 5/13
2025-09-17 02:54:36,167 - INFO -   Using multiprocessing with 9 workers
2025-09-17 02:59:04,222 - INFO - Fold 5 Summary:
2025-09-17 02:59:04,231 - INFO -   Best OOS Sharpe: M76 (3.050, p=0.000)
2025-09-17 02:59:04,231 - INFO -   Best Q-Sharpe:  M88 (1.951, OOS_Sharpe=2.448, OOS_Hit=0.569)
2025-09-17 02:59:04,231 - INFO -   Mean OOS Sharpe: 0.880, Mean Hit: 0.543
2025-09-17 02:59:04,231 - INFO - 
2025-09-17 02:59:04,286 - INFO - Stored 0 trained models for production export
2025-09-17 02:59:04,286 - INFO - Processing Fold 6/13
2025-09-17 02:59:04,332 - INFO -   Using multiprocessing with 9 workers
2025-09-17 03:03:53,366 - INFO - Fold 6 Summary:
2025-09-17 03:03:53,373 - INFO -   Best OOS Sharpe: M09 (2.317, p=0.020)
2025-09-17 03:03:53,373 - INFO -   Best Q-Sharpe:  M88 (1.667, OOS_Sharpe=-0.883, OOS_Hit=0.464)
2025-09-17 03:03:53,373 - INFO -   Mean OOS Sharpe: -0.456, Mean Hit: 0.497
2025-09-17 03:03:53,373 - INFO - 
2025-09-17 03:03:53,412 - INFO - Stored 0 trained models for production export
2025-09-17 03:03:53,413 - INFO - Processing Fold 7/13
2025-09-17 03:03:53,459 - INFO -   Using multiprocessing with 9 workers
2025-09-17 03:10:56,367 - INFO - Fold 7 Summary:
2025-09-17 03:10:56,373 - INFO -   Best OOS Sharpe: M38 (2.197, p=0.100)
2025-09-17 03:10:56,373 - INFO -   Best Q-Sharpe:  M88 (1.620, OOS_Sharpe=1.194, OOS_Hit=0.519)
2025-09-17 03:10:56,373 - INFO -   Mean OOS Sharpe: -0.054, Mean Hit: 0.487
2025-09-17 03:10:56,373 - INFO - 
2025-09-17 03:10:56,419 - INFO - Stored 0 trained models for production export
2025-09-17 03:10:56,419 - INFO - Processing Fold 8/13
2025-09-17 03:10:56,476 - INFO -   Using multiprocessing with 9 workers
2025-09-17 03:18:59,114 - INFO - Fold 8 Summary:
2025-09-17 03:18:59,135 - INFO -   Best OOS Sharpe: M84 (3.830, p=0.000)
2025-09-17 03:18:59,135 - INFO -   Best Q-Sharpe:  M88 (1.538, OOS_Sharpe=0.799, OOS_Hit=0.470)
2025-09-17 03:18:59,135 - INFO -   Mean OOS Sharpe: 1.235, Mean Hit: 0.521
2025-09-17 03:18:59,135 - INFO - 
2025-09-17 03:18:59,217 - INFO - Stored 0 trained models for production export
2025-09-17 03:18:59,219 - INFO - Processing Fold 9/13
2025-09-17 03:18:59,299 - INFO -   Using multiprocessing with 9 workers
2025-09-17 03:27:21,295 - INFO - Fold 9 Summary:
2025-09-17 03:27:21,301 - INFO -   Best OOS Sharpe: M63 (2.532, p=0.000)
2025-09-17 03:27:21,301 - INFO -   Best Q-Sharpe:  M88 (1.631, OOS_Sharpe=2.468, OOS_Hit=0.547)
2025-09-17 03:27:21,301 - INFO -   Mean OOS Sharpe: -0.011, Mean Hit: 0.500
2025-09-17 03:27:21,301 - INFO - 
2025-09-17 03:27:21,410 - INFO - Stored 0 trained models for production export
2025-09-17 03:27:21,410 - INFO - Processing Fold 10/13
2025-09-17 03:27:21,461 - INFO -   Using multiprocessing with 9 workers
2025-09-17 03:35:23,348 - INFO - Fold 10 Summary:
2025-09-17 03:35:23,361 - INFO -   Best OOS Sharpe: M10 (3.220, p=0.000)
2025-09-17 03:35:23,361 - INFO -   Best Q-Sharpe:  M88 (1.600, OOS_Sharpe=1.318, OOS_Hit=0.519)
2025-09-17 03:35:23,361 - INFO -   Mean OOS Sharpe: 0.429, Mean Hit: 0.515
2025-09-17 03:35:23,362 - INFO - 
2025-09-17 03:35:23,423 - INFO - Stored 0 trained models for production export
2025-09-17 03:35:23,425 - INFO - Processing Fold 11/13
2025-09-17 03:35:23,499 - INFO -   Using multiprocessing with 9 workers
2025-09-17 03:43:24,737 - INFO - Fold 11 Summary:
2025-09-17 03:43:24,749 - INFO -   Best OOS Sharpe: M36 (2.107, p=0.040)
2025-09-17 03:43:24,749 - INFO -   Best Q-Sharpe:  M88 (1.238, OOS_Sharpe=-2.021, OOS_Hit=0.436)
2025-09-17 03:43:24,749 - INFO -   Mean OOS Sharpe: 0.080, Mean Hit: 0.515
2025-09-17 03:43:24,749 - INFO - 
2025-09-17 03:43:24,851 - INFO - Stored 0 trained models for production export
2025-09-17 03:43:24,852 - INFO - Processing Fold 12/13
2025-09-17 03:43:24,925 - INFO -   Using multiprocessing with 9 workers
2025-09-17 03:49:08,870 - INFO - Fold 12 Summary:
2025-09-17 03:49:08,915 - INFO -   Best OOS Sharpe: M74 (2.746, p=0.000)
2025-09-17 03:49:08,915 - INFO -   Best Q-Sharpe:  M88 (1.060, OOS_Sharpe=-0.540, OOS_Hit=0.514)
2025-09-17 03:49:08,915 - INFO -   Mean OOS Sharpe: 0.159, Mean Hit: 0.506
2025-09-17 03:49:08,916 - INFO - 
2025-09-17 03:49:09,358 - INFO - Stored 0 trained models for production export
2025-09-17 03:49:09,360 - INFO - Processing Fold 13/13
2025-09-17 03:49:09,719 - INFO -   Using multiprocessing with 9 workers
2025-09-17 03:53:36,755 - INFO - Fold 13 Summary:
2025-09-17 03:53:36,779 - INFO -   Best OOS Sharpe: M74 (1.710, p=0.160)
2025-09-17 03:53:36,779 - INFO -   Best Q-Sharpe:  M88 (0.877, OOS_Sharpe=-0.764, OOS_Hit=0.477)
2025-09-17 03:53:36,779 - INFO -   Mean OOS Sharpe: -0.540, Mean Hit: 0.483
2025-09-17 03:53:36,780 - INFO - 
2025-09-17 03:53:36,910 - INFO - Stored 0 trained models for production export
2025-09-17 03:53:36,915 - INFO - Starting full timeline backtesting...
2025-09-17 03:53:36,922 - INFO - Running full timeline backtest with 13 folds (0-based indexing)
2025-09-17 03:53:36,924 - INFO - Fold 0 skipped (no prior Q-score history for meaningful selection)
2025-09-17 03:53:36,925 - INFO - Effective backtest period: Folds 1-12 (12 folds)
2025-09-17 03:53:36,925 - INFO - Training period: Folds 1-7
2025-09-17 03:53:36,925 - INFO - Production period: Folds 8-12
2025-09-17 03:53:36,926 - INFO - Using consistent OOS methodology for all folds
2025-09-17 03:53:36,929 - INFO - Fold 0: Skipped (no prior Q-score history for meaningful selection)
2025-09-17 03:53:36,929 - INFO - 
--- Processing fold 1/12 ---
2025-09-17 03:53:37,053 - INFO - Fold 1: Q-scores from fold 0: ['M00:-2.056', 'M01:-0.073', 'M02:-0.609', 'M03:0.180', 'M04:0.161']...
2025-09-17 03:53:37,055 - INFO - Fold 1: Selected models [19, 88, 15, 86, 34] based on fold 0 Q-scores, avg Q-score: 1.952
2025-09-17 03:53:37,254 - INFO - Fold 1 (Training): Sharpe=0.198, Hit=50.3%
2025-09-17 03:53:37,254 - INFO - 
--- Processing fold 2/12 ---
2025-09-17 03:53:37,329 - INFO - Fold 2: Q-scores from fold 1: ['M00:-1.753', 'M01:-0.022', 'M02:-0.470', 'M03:0.174', 'M04:0.193']...
2025-09-17 03:53:37,338 - INFO - Fold 2: Selected models [88, 19, 86, 95, 15] based on fold 1 Q-scores, avg Q-score: 1.822
2025-09-17 03:53:37,364 - INFO - Fold 2 (Training): Sharpe=-0.810, Hit=45.3%
2025-09-17 03:53:37,364 - INFO - 
--- Processing fold 3/12 ---
2025-09-17 03:53:37,676 - INFO - Fold 3: Q-scores from fold 2: ['M00:-1.714', 'M01:-0.195', 'M02:-0.395', 'M03:0.190', 'M04:0.209']...
2025-09-17 03:53:37,692 - INFO - Fold 3: Selected models [88, 19, 86, 95, 18] based on fold 2 Q-scores, avg Q-score: 1.562
2025-09-17 03:53:37,732 - INFO - Fold 3 (Training): Sharpe=0.772, Hit=47.0%
2025-09-17 03:53:37,732 - INFO - 
--- Processing fold 4/12 ---
2025-09-17 03:53:38,014 - INFO - Fold 4: Q-scores from fold 3: ['M00:-1.555', 'M01:-0.127', 'M02:-0.305', 'M03:0.214', 'M04:0.163']...
2025-09-17 03:53:38,015 - INFO - Fold 4: Selected models [88, 19, 86, 32, 95] based on fold 3 Q-scores, avg Q-score: 1.501
2025-09-17 03:53:38,060 - INFO - Fold 4 (Training): Sharpe=1.487, Hit=53.6%
2025-09-17 03:53:38,060 - INFO - 
--- Processing fold 5/12 ---
2025-09-17 03:53:38,270 - INFO - Fold 5: Q-scores from fold 4: ['M00:-1.391', 'M01:-0.177', 'M02:-0.156', 'M03:0.268', 'M04:0.347']...
2025-09-17 03:53:38,274 - INFO - Fold 5: Selected models [88, 19, 86, 95, 32] based on fold 4 Q-scores, avg Q-score: 1.508
2025-09-17 03:53:38,336 - INFO - Fold 5 (Training): Sharpe=2.579, Hit=54.7%
2025-09-17 03:53:38,341 - INFO - 
--- Processing fold 6/12 ---
2025-09-17 03:53:38,774 - INFO - Fold 6: Q-scores from fold 5: ['M00:-1.471', 'M01:-0.308', 'M02:-0.225', 'M03:0.105', 'M04:0.160']...
2025-09-17 03:53:38,794 - INFO - Fold 6: Selected models [88, 19, 95, 86, 32] based on fold 5 Q-scores, avg Q-score: 1.298
2025-09-17 03:53:38,832 - INFO - Fold 6 (Training): Sharpe=0.439, Hit=49.7%
2025-09-17 03:53:38,832 - INFO - 
--- Processing fold 7/12 ---
2025-09-17 03:53:38,933 - INFO - Fold 7: Q-scores from fold 6: ['M00:-1.298', 'M01:-0.368', 'M02:-0.180', 'M03:0.119', 'M04:0.153']...
2025-09-17 03:53:38,934 - INFO - Fold 7: Selected models [88, 19, 95, 86, 90] based on fold 6 Q-scores, avg Q-score: 1.183
2025-09-17 03:53:38,957 - INFO - Fold 7 (Training): Sharpe=1.224, Hit=50.3%
2025-09-17 03:53:38,957 - INFO - 
--- Processing fold 8/12 ---
2025-09-17 03:53:39,009 - INFO - Fold 8: Q-scores from fold 7: ['M00:-0.964', 'M01:-0.432', 'M02:-0.055', 'M03:0.171', 'M04:0.219']...
2025-09-17 03:53:39,009 - INFO - Fold 8: Selected models [88, 95, 19, 15, 90] based on fold 7 Q-scores, avg Q-score: 1.182
2025-09-17 03:53:39,070 - INFO - Fold 8 (Production): Sharpe=1.151, Hit=50.3%
2025-09-17 03:53:39,071 - INFO - 
--- Processing fold 9/12 ---
2025-09-17 03:53:39,206 - INFO - Fold 9: Q-scores from fold 8: ['M00:-0.862', 'M01:-0.197', 'M02:-0.197', 'M03:0.370', 'M04:0.094']...
2025-09-17 03:53:39,210 - INFO - Fold 9: Selected models [88, 19, 95, 18, 58] based on fold 8 Q-scores, avg Q-score: 1.193
2025-09-17 03:53:39,235 - INFO - Fold 9 (Production): Sharpe=0.703, Hit=52.5%
2025-09-17 03:53:39,235 - INFO - 
--- Processing fold 10/12 ---
2025-09-17 03:53:39,275 - INFO - Fold 10: Q-scores from fold 9: ['M00:-0.731', 'M01:-0.166', 'M02:-0.340', 'M03:0.285', 'M04:0.150']...
2025-09-17 03:53:39,286 - INFO - Fold 10: Selected models [88, 95, 18, 19, 15] based on fold 9 Q-scores, avg Q-score: 1.109
2025-09-17 03:53:39,331 - INFO - Fold 10 (Production): Sharpe=-0.701, Hit=49.2%
2025-09-17 03:53:39,331 - INFO - 
--- Processing fold 11/12 ---
2025-09-17 03:53:39,506 - INFO - Fold 11: Q-scores from fold 10: ['M00:-0.946', 'M01:-0.173', 'M02:-0.218', 'M03:0.132', 'M04:0.185']...
2025-09-17 03:53:39,508 - INFO - Fold 11: Selected models [88, 18, 95, 38, 90] based on fold 10 Q-scores, avg Q-score: 0.961
2025-09-17 03:53:39,520 - INFO - Fold 11 (Production): Sharpe=-0.522, Hit=48.6%
2025-09-17 03:53:39,520 - INFO - 
--- Processing fold 12/12 ---
2025-09-17 03:53:39,579 - INFO - Fold 12: Q-scores from fold 11: ['M00:-0.944', 'M01:-0.134', 'M02:-0.120', 'M03:0.022', 'M04:0.391']...
2025-09-17 03:53:39,580 - INFO - Fold 12: Selected models [88, 95, 18, 10, 12] based on fold 11 Q-scores, avg Q-score: 0.888
2025-09-17 03:53:39,591 - INFO - Fold 12 (Production): Sharpe=-1.361, Hit=48.7%
2025-09-17 03:53:39,795 - INFO - Training Period Overall: Sharpe=-0.175, Hit=49.5%
2025-09-17 03:53:39,801 - INFO - Production Period Overall: Sharpe=0.067, Hit=49.8%
2025-09-17 03:53:39,888 - INFO - Full Timeline Overall: Sharpe=-0.132, Hit=49.6%
2025-09-17 03:53:39,897 - INFO - Training: Sharpe=-0.175 | Hit=49.5% | Return=-219.37%
2025-09-17 03:53:39,900 - INFO - Production: Sharpe=0.067 | Hit=49.8% | Return=2.97%
2025-09-17 03:53:39,900 - INFO - Full Timeline: Sharpe=-0.132 | Hit=49.6% | Return=-125.90%
2025-09-17 03:53:39,901 - INFO - Generating visualizations...
2025-09-17 03:53:39,902 - INFO - Creating clean visualizations for 100 models...
2025-09-17 03:53:48,100 - INFO - Clean fold-by-fold analysis saved to: 20250917_023753_fold_QCL#C_100models_15folds_batch4_QCL.png
2025-09-17 03:53:53,065 - INFO - Detailed production analysis saved to: 20250917_023753_backtest_QCL#C_100models_15folds_batch4_QCL.png
2025-09-17 03:53:53,068 - INFO - ================================================================================
2025-09-17 03:53:53,068 - INFO - BACKTEST SUMMARY
2025-09-17 03:53:53,068 - INFO - ================================================================================
2025-09-17 03:53:53,068 - INFO - Config: Cutoff=70%, Top N=5, Q-Metric=sharpe, Reselection=1 fold(s)
2025-09-17 03:53:53,068 - INFO - Model Selection History:
2025-09-17 03:53:53,068 - INFO -   Fold 1: M19, M88, M15, M86, M34 (Avg Q-sharpe: 1.952)
2025-09-17 03:53:53,068 - INFO -   Fold 2: M88, M19, M86, M95, M15 (Avg Q-sharpe: 1.822)
2025-09-17 03:53:53,068 - INFO -   Fold 3: M88, M19, M86, M95, M18 (Avg Q-sharpe: 1.562)
2025-09-17 03:53:53,068 - INFO -   Fold 4: M88, M19, M86, M32, M95 (Avg Q-sharpe: 1.501)
2025-09-17 03:53:53,068 - INFO -   Fold 5: M88, M19, M86, M95, M32 (Avg Q-sharpe: 1.508)
2025-09-17 03:53:53,069 - INFO -   Fold 6: M88, M19, M95, M86, M32 (Avg Q-sharpe: 1.298)
2025-09-17 03:53:53,069 - INFO -   Fold 7: M88, M19, M95, M86, M90 (Avg Q-sharpe: 1.183)
2025-09-17 03:53:53,069 - INFO -   Fold 8: M88, M95, M19, M15, M90 (Avg Q-sharpe: 1.182)
2025-09-17 03:53:53,069 - INFO -   Fold 9: M88, M19, M95, M18, M58 (Avg Q-sharpe: 1.193)
2025-09-17 03:53:53,069 - INFO -   Fold 10: M88, M95, M18, M19, M15 (Avg Q-sharpe: 1.109)
2025-09-17 03:53:53,069 - INFO -   Fold 11: M88, M18, M95, M38, M90 (Avg Q-sharpe: 0.961)
2025-09-17 03:53:53,069 - INFO -   Fold 12: M88, M95, M18, M10, M12 (Avg Q-sharpe: 0.888)
2025-09-17 03:53:53,069 - INFO - 
2025-09-17 03:53:53,069 - INFO - Fold-by-Fold Performance:
2025-09-17 03:53:53,069 - INFO -   Fold 1: M19, M88, M15, M86, M34 | Sharpe=0.198 | Hit=50.3% | Samples=181
2025-09-17 03:53:53,069 - INFO -   Fold 2: M88, M19, M86, M95, M15 | Sharpe=-0.810 | Hit=45.3% | Samples=181
2025-09-17 03:53:53,069 - INFO -   Fold 3: M88, M19, M86, M95, M18 | Sharpe=0.772 | Hit=47.0% | Samples=181
2025-09-17 03:53:53,070 - INFO -   Fold 4: M88, M19, M86, M32, M95 | Sharpe=1.487 | Hit=53.6% | Samples=181
2025-09-17 03:53:53,070 - INFO -   Fold 5: M88, M19, M86, M95, M32 | Sharpe=2.579 | Hit=54.7% | Samples=181
2025-09-17 03:53:53,070 - INFO -   Fold 6: M88, M19, M95, M86, M32 | Sharpe=0.439 | Hit=49.7% | Samples=181
2025-09-17 03:53:53,070 - INFO -   Fold 7: M88, M19, M95, M86, M90 | Sharpe=1.224 | Hit=50.3% | Samples=181
2025-09-17 03:53:53,070 - INFO -   Fold 8: M88, M95, M19, M15, M90 | Sharpe=1.151 | Hit=50.3% | Samples=181
2025-09-17 03:53:53,070 - INFO -   Fold 9: M88, M19, M95, M18, M58 | Sharpe=0.703 | Hit=52.5% | Samples=181
2025-09-17 03:53:53,070 - INFO -   Fold 10: M88, M95, M18, M19, M15 | Sharpe=-0.701 | Hit=49.2% | Samples=181
2025-09-17 03:53:53,070 - INFO -   Fold 11: M88, M18, M95, M38, M90 | Sharpe=-0.522 | Hit=48.6% | Samples=181
2025-09-17 03:53:53,070 - INFO -   Fold 12: M88, M95, M18, M10, M12 | Sharpe=-1.361 | Hit=48.7% | Samples=195
2025-09-17 03:53:53,070 - INFO - ================================================================================
2025-09-17 03:53:53,070 - INFO - ================================================================================
2025-09-17 03:53:53,070 - INFO - ANALYSIS COMPLETED SUCCESSFULLY!
2025-09-17 03:53:53,070 - INFO - ================================================================================
2025-09-17 03:53:53,070 - INFO - Generated 2 visualization files
2025-09-17 03:53:53,070 - INFO -   - 20250917_023753_fold_QCL#C_100models_15folds_batch4_QCL.png
2025-09-17 03:53:53,071 - INFO -   - 20250917_023753_backtest_QCL#C_100models_15folds_batch4_QCL.png
2025-09-17 03:53:53,071 - INFO - Training Final: Sharpe=-0.175 | Hit=49.5% | Return=-219.37% | CB=-0.063
2025-09-17 03:53:53,071 - INFO - Production Final: Sharpe=0.067 | Hit=49.8% | Return=2.97% | CB=0.030
2025-09-17 03:53:53,071 - INFO - Full Timeline Final: Sharpe=-0.132 | Hit=49.6% | Return=-125.90% | CB=-0.036
2025-09-17 03:53:53,072 - INFO - ============================================================
2025-09-17 03:53:53,072 - INFO - EXPORTING PRODUCTION MODELS (Consolidated File)
2025-09-17 03:53:53,072 - INFO - ============================================================
2025-09-17 03:53:53,072 - INFO - Backtest results keys: ['full_timeline_metrics', 'training_metrics', 'production_metrics', 'model_selection_history', 'fold_results', 'full_timeline_returns', 'training_returns', 'production_returns', 'full_timeline_predictions', 'full_timeline_dates', 'cutoff_fold', 'training_folds', 'production_folds']
2025-09-17 03:53:53,072 - INFO - Model selection history length: 12
2025-09-17 03:53:53,073 - INFO - Final selection keys: ['fold', 'selection_based_on_fold', 'selected_models', 'avg_q_score', 'period_type']
2025-09-17 03:53:53,073 - INFO - Final fold selected models: [88, 95, 18, 10, 12]
2025-09-17 03:53:53,073 - INFO - All fold results type: <class 'dict'>
2025-09-17 03:53:53,073 - INFO - All fold results keys/length: ['fold_1', 'fold_2', 'fold_3', 'fold_4', 'fold_5', 'fold_6', 'fold_7', 'fold_8', 'fold_9', 'fold_10', 'fold_11', 'fold_12', 'fold_13']
2025-09-17 03:53:53,073 - INFO - Available fold indices: [0, 1, 2, 3, 4, 5, 6, 7, 8, 9, 10, 11, 12]
2025-09-17 03:53:53,073 - INFO - Using fold index 11 (key: fold_12) as production fold
2025-09-17 03:53:53,073 - INFO - Final fold keys: ['results_df', 'model_metrics', 'oos_predictions', 'test_idx', 'trained_models', 'model_specs']
2025-09-17 03:53:53,073 - INFO - Trained models available: []
2025-09-17 03:53:53,073 - ERROR - No trained models found in final fold
2025-09-17 03:53:53,073 - INFO - ============================================================
2025-09-17 03:53:53,073 - INFO - EXPORTING SIGNAL DISTRIBUTION
2025-09-17 03:53:53,073 - INFO - ============================================================
2025-09-17 03:53:53,073 - INFO - Timeline data: 2186 points
2025-09-17 03:53:53,184 - INFO - SUCCESS: Exported signal distribution to /Users/steven/Projects/SQ/bond_ls_xgb_grope_full_v6/xgb_compare/results/20250917_023753_signal_distribution_batch4_QCL.csv
2025-09-17 03:53:53,184 - INFO - Records: 2,186
2025-09-17 03:53:53,185 - INFO - Date range: 2017-02-09 12:00:00 to 2025-07-30 12:00:00
2025-09-17 03:53:53,188 - INFO - Signal directions: {1: 1159, -1: 1027}
2025-09-17 03:53:53,188 - INFO - Signal range: -1.000000 to 1.000000
2025-09-17 03:53:53,188 - INFO - Hit rate: 0.530
2025-09-17 03:53:53,188 - INFO - Total PnL: 17.314328
