2025-09-13 20:40:03,798 - INFO - ================================================================================
2025-09-13 20:40:03,798 - INFO - XGBoost Comparison Framework
2025-09-13 20:40:03,798 - INFO - ================================================================================
2025-09-13 20:40:03,798 - INFO - Configuration:
2025-09-13 20:40:03,798 - INFO -   Target Symbol: QGC#C
2025-09-13 20:40:03,798 - INFO -   Date Range: 2015-01-01 to 2025-08-01
2025-09-13 20:40:03,798 - INFO -   Models: 100, Type: standard
2025-09-13 20:40:03,798 - INFO -   Folds: 15
2025-09-13 20:40:03,798 - INFO -   Max Features: 100 (Limited)
2025-09-13 20:40:03,798 - INFO -   Feature Selection: Enabled
2025-09-13 20:40:03,798 - INFO -   Inner Val Fraction: 0.2
2025-09-13 20:40:03,798 - INFO -   EWMA Alpha: 0.1, Quality Halflife: 63 days
2025-09-13 20:40:03,798 - INFO -   Signal Type: Tanh Normalized
2025-09-13 20:40:03,798 - INFO -   Cross-validation: Expanding window
2025-09-13 20:40:03,799 - INFO -   Production: Cutoff=0.6, Top N=5, Q-Metric=sharpe
2025-09-13 20:40:03,799 - INFO -   Reselection: Every 1 fold(s)
2025-09-13 20:40:03,799 - INFO - 
2025-09-13 20:40:11,561 - INFO - Dropped 6 rows due to NaN in target column QGC#C_target_return
2025-09-13 20:40:11,806 - INFO - Loaded: X=(2729, 1906), y=(2729,)
2025-09-13 20:40:43,640 - INFO - Selected 100 features (threshold: 0.7)
2025-09-13 20:40:43,653 - INFO - Selected: 100 features
2025-09-13 20:40:44,113 - INFO - GPU detection: CUDA GPU available and working
2025-09-13 20:40:44,113 - INFO - Processing mode: GPU sequential (GPU: True, Total models: 1500)
2025-09-13 20:40:44,251 - INFO - GPU detection: CUDA GPU available and working
2025-09-13 20:40:44,253 - INFO - Using expanding window
2025-09-13 20:40:44,254 - INFO - Starting analysis: 100 standard models x 13 folds
2025-09-13 20:40:44,254 - INFO - Processing Fold 1/13
2025-09-13 20:40:44,257 - INFO -   Using GPU sequential processing
2025-09-13 20:45:36,162 - INFO - Fold 1 Summary:
2025-09-13 20:45:36,162 - INFO -   Best OOS Sharpe: M91 (1.837, p=0.100)
2025-09-13 20:45:36,162 - INFO -   Best Q-Sharpe:  M91 (1.837, OOS_Sharpe=1.837, OOS_Hit=0.564)
2025-09-13 20:45:36,162 - INFO -   Mean OOS Sharpe: 0.370, Mean Hit: 0.505
2025-09-13 20:45:36,162 - INFO - 
2025-09-13 20:45:36,165 - INFO - Processing Fold 2/13
2025-09-13 20:45:36,213 - INFO -   Using GPU sequential processing
2025-09-13 20:53:08,527 - INFO - Fold 2 Summary:
2025-09-13 20:53:08,538 - INFO -   Best OOS Sharpe: M39 (3.559, p=0.000)
2025-09-13 20:53:08,539 - INFO -   Best Q-Sharpe:  M12 (1.771, OOS_Sharpe=2.905, OOS_Hit=0.530)
2025-09-13 20:53:08,539 - INFO -   Mean OOS Sharpe: 1.133, Mean Hit: 0.513
2025-09-13 20:53:08,539 - INFO - 
2025-09-13 20:53:08,545 - INFO - Processing Fold 3/13
2025-09-13 20:53:08,687 - INFO -   Using GPU sequential processing
2025-09-13 21:01:05,375 - INFO - Fold 3 Summary:
2025-09-13 21:01:05,375 - INFO -   Best OOS Sharpe: M50 (2.856, p=0.020)
2025-09-13 21:01:05,376 - INFO -   Best Q-Sharpe:  M91 (1.763, OOS_Sharpe=2.329, OOS_Hit=0.541)
2025-09-13 21:01:05,376 - INFO -   Mean OOS Sharpe: 1.061, Mean Hit: 0.514
2025-09-13 21:01:05,376 - INFO - 
2025-09-13 21:01:05,483 - INFO - Processing Fold 4/13
2025-09-13 21:01:05,488 - INFO -   Using GPU sequential processing
2025-09-13 21:09:27,039 - INFO - Fold 4 Summary:
2025-09-13 21:09:27,039 - INFO -   Best OOS Sharpe: M15 (1.929, p=0.060)
2025-09-13 21:09:27,039 - INFO -   Best Q-Sharpe:  M12 (1.548, OOS_Sharpe=-0.336, OOS_Hit=0.525)
2025-09-13 21:09:27,039 - INFO -   Mean OOS Sharpe: -0.068, Mean Hit: 0.513
2025-09-13 21:09:27,039 - INFO - 
2025-09-13 21:09:27,044 - INFO - Processing Fold 5/13
2025-09-13 21:09:27,057 - INFO -   Using GPU sequential processing
2025-09-13 21:18:04,419 - INFO - Fold 5 Summary:
2025-09-13 21:18:04,420 - INFO -   Best OOS Sharpe: M83 (2.633, p=0.030)
2025-09-13 21:18:04,420 - INFO -   Best Q-Sharpe:  M05 (1.433, OOS_Sharpe=0.885, OOS_Hit=0.514)
2025-09-13 21:18:04,420 - INFO -   Mean OOS Sharpe: -0.121, Mean Hit: 0.495
2025-09-13 21:18:04,420 - INFO - 
2025-09-13 21:18:04,461 - INFO - Processing Fold 6/13
2025-09-13 21:18:04,467 - INFO -   Using GPU sequential processing
2025-09-13 21:26:56,660 - INFO - Fold 6 Summary:
2025-09-13 21:26:56,665 - INFO -   Best OOS Sharpe: M13 (2.249, p=0.100)
2025-09-13 21:26:56,665 - INFO -   Best Q-Sharpe:  M65 (1.288, OOS_Sharpe=0.630, OOS_Hit=0.541)
2025-09-13 21:26:56,665 - INFO -   Mean OOS Sharpe: -0.185, Mean Hit: 0.503
2025-09-13 21:26:56,665 - INFO - 
2025-09-13 21:26:56,669 - INFO - Processing Fold 7/13
2025-09-13 21:26:56,679 - INFO -   Using GPU sequential processing
2025-09-13 21:34:52,573 - INFO - Fold 7 Summary:
2025-09-13 21:34:52,588 - INFO -   Best OOS Sharpe: M27 (4.075, p=0.000)
2025-09-13 21:34:52,588 - INFO -   Best Q-Sharpe:  M91 (1.382, OOS_Sharpe=2.376, OOS_Hit=0.558)
2025-09-13 21:34:52,588 - INFO -   Mean OOS Sharpe: 1.786, Mean Hit: 0.519
2025-09-13 21:34:52,588 - INFO - 
2025-09-13 21:34:52,591 - INFO - Processing Fold 8/13
2025-09-13 21:34:52,597 - INFO -   Using GPU sequential processing
2025-09-13 21:41:44,655 - INFO - Fold 8 Summary:
2025-09-13 21:41:44,656 - INFO -   Best OOS Sharpe: M92 (3.168, p=0.010)
2025-09-13 21:41:44,656 - INFO -   Best Q-Sharpe:  M65 (1.429, OOS_Sharpe=2.081, OOS_Hit=0.564)
2025-09-13 21:41:44,656 - INFO -   Mean OOS Sharpe: 1.216, Mean Hit: 0.518
2025-09-13 21:41:44,656 - INFO - 
2025-09-13 21:41:44,661 - INFO - Processing Fold 9/13
2025-09-13 21:41:44,667 - INFO -   Using GPU sequential processing
2025-09-13 21:48:13,932 - INFO - Fold 9 Summary:
2025-09-13 21:48:13,932 - INFO -   Best OOS Sharpe: M26 (4.397, p=0.000)
2025-09-13 21:48:13,932 - INFO -   Best Q-Sharpe:  M65 (1.557, OOS_Sharpe=2.710, OOS_Hit=0.552)
2025-09-13 21:48:13,932 - INFO -   Mean OOS Sharpe: 2.366, Mean Hit: 0.554
2025-09-13 21:48:13,933 - INFO - 
2025-09-13 21:48:13,935 - INFO - Processing Fold 10/13
2025-09-13 21:48:13,944 - INFO -   Using GPU sequential processing
2025-09-13 21:54:23,121 - INFO - Fold 10 Summary:
2025-09-13 21:54:23,121 - INFO -   Best OOS Sharpe: M51 (4.481, p=0.000)
2025-09-13 21:54:23,121 - INFO -   Best Q-Sharpe:  M12 (1.639, OOS_Sharpe=3.278, OOS_Hit=0.586)
2025-09-13 21:54:23,121 - INFO -   Mean OOS Sharpe: 2.300, Mean Hit: 0.549
2025-09-13 21:54:23,121 - INFO - 
2025-09-13 21:54:23,133 - INFO - Processing Fold 11/13
2025-09-13 21:54:23,138 - INFO -   Using GPU sequential processing
2025-09-13 22:00:11,094 - INFO - Fold 11 Summary:
2025-09-13 22:00:11,094 - INFO -   Best OOS Sharpe: M51 (1.472, p=0.190)
2025-09-13 22:00:11,094 - INFO -   Best Q-Sharpe:  M12 (1.460, OOS_Sharpe=-0.147, OOS_Hit=0.503)
2025-09-13 22:00:11,094 - INFO -   Mean OOS Sharpe: -0.308, Mean Hit: 0.473
2025-09-13 22:00:11,094 - INFO - 
2025-09-13 22:00:11,104 - INFO - Processing Fold 12/13
2025-09-13 22:00:11,109 - INFO -   Using GPU sequential processing
2025-09-13 22:05:43,186 - INFO - Fold 12 Summary:
2025-09-13 22:05:43,186 - INFO -   Best OOS Sharpe: M80 (4.286, p=0.000)
2025-09-13 22:05:43,186 - INFO -   Best Q-Sharpe:  M12 (1.540, OOS_Sharpe=2.261, OOS_Hit=0.541)
2025-09-13 22:05:43,186 - INFO -   Mean OOS Sharpe: 1.823, Mean Hit: 0.539
2025-09-13 22:05:43,186 - INFO - 
2025-09-13 22:05:43,200 - INFO - Processing Fold 13/13
2025-09-13 22:05:43,207 - INFO -   Using GPU sequential processing
2025-09-13 22:10:55,429 - INFO - Fold 13 Summary:
2025-09-13 22:10:55,429 - INFO -   Best OOS Sharpe: M18 (4.669, p=0.000)
2025-09-13 22:10:55,429 - INFO -   Best Q-Sharpe:  M12 (1.811, OOS_Sharpe=4.245, OOS_Hit=0.615)
2025-09-13 22:10:55,429 - INFO -   Mean OOS Sharpe: 3.140, Mean Hit: 0.577
2025-09-13 22:10:55,429 - INFO - 
2025-09-13 22:10:55,432 - INFO - Starting full timeline backtesting...
2025-09-13 22:10:55,432 - INFO - Running full timeline backtest with 13 folds (0-based indexing)
2025-09-13 22:10:55,432 - INFO - Fold 0 skipped (no prior Q-score history for meaningful selection)
2025-09-13 22:10:55,432 - INFO - Effective backtest period: Folds 1-12 (12 folds)
2025-09-13 22:10:55,432 - INFO - Training period: Folds 1-7
2025-09-13 22:10:55,432 - INFO - Production period: Folds 8-12
2025-09-13 22:10:55,432 - INFO - Using consistent OOS methodology for all folds
2025-09-13 22:10:55,433 - INFO - Fold 0: Skipped (no prior Q-score history for meaningful selection)
2025-09-13 22:10:55,433 - INFO - 
--- Processing fold 1/12 ---
2025-09-13 22:10:55,457 - INFO - Fold 1: Q-scores from fold 0: ['M00:0.803', 'M01:0.354', 'M02:1.046', 'M03:-0.131', 'M04:-0.017']...
2025-09-13 22:10:55,457 - INFO - Fold 1: Selected models [91, 13, 5, 64, 89] based on fold 0 Q-scores, avg Q-score: 1.762
2025-09-13 22:10:55,458 - INFO - Fold 1 (Training): Sharpe=1.103, Hit=49.2%
2025-09-13 22:10:55,458 - INFO - 
--- Processing fold 2/12 ---
2025-09-13 22:10:55,483 - INFO - Fold 2: Q-scores from fold 1: ['M00:0.725', 'M01:0.400', 'M02:0.975', 'M03:0.019', 'M04:0.013']...
2025-09-13 22:10:55,483 - INFO - Fold 2: Selected models [12, 5, 91, 64, 89] based on fold 1 Q-scores, avg Q-score: 1.712
2025-09-13 22:10:55,484 - INFO - Fold 2 (Training): Sharpe=1.188, Hit=51.9%
2025-09-13 22:10:55,484 - INFO - 
--- Processing fold 3/12 ---
2025-09-13 22:10:55,504 - INFO - Fold 3: Q-scores from fold 2: ['M00:0.794', 'M01:0.422', 'M02:0.880', 'M03:-0.080', 'M04:0.274']...
2025-09-13 22:10:55,504 - INFO - Fold 3: Selected models [91, 12, 5, 77, 64] based on fold 2 Q-scores, avg Q-score: 1.651
2025-09-13 22:10:55,505 - INFO - Fold 3 (Training): Sharpe=-0.565, Hit=48.6%
2025-09-13 22:10:55,505 - INFO - 
--- Processing fold 4/12 ---
2025-09-13 22:10:55,526 - INFO - Fold 4: Q-scores from fold 3: ['M00:0.683', 'M01:0.357', 'M02:0.653', 'M03:-0.164', 'M04:0.203']...
2025-09-13 22:10:55,526 - INFO - Fold 4: Selected models [12, 91, 5, 65, 64] based on fold 3 Q-scores, avg Q-score: 1.458
2025-09-13 22:10:55,528 - INFO - Fold 4 (Training): Sharpe=0.064, Hit=50.3%
2025-09-13 22:10:55,528 - INFO - 
--- Processing fold 5/12 ---
2025-09-13 22:10:55,547 - INFO - Fold 5: Q-scores from fold 4: ['M00:0.541', 'M01:0.230', 'M02:0.630', 'M03:-0.098', 'M04:0.347']...
2025-09-13 22:10:55,548 - INFO - Fold 5: Selected models [5, 65, 91, 12, 17] based on fold 4 Q-scores, avg Q-score: 1.319
2025-09-13 22:10:55,549 - INFO - Fold 5 (Training): Sharpe=0.112, Hit=49.2%
2025-09-13 22:10:55,549 - INFO - 
--- Processing fold 6/12 ---
2025-09-13 22:10:55,569 - INFO - Fold 6: Q-scores from fold 5: ['M00:0.429', 'M01:0.107', 'M02:0.482', 'M03:-0.078', 'M04:0.191']...
2025-09-13 22:10:55,569 - INFO - Fold 6: Selected models [65, 91, 5, 13, 12] based on fold 5 Q-scores, avg Q-score: 1.228
2025-09-13 22:10:55,570 - INFO - Fold 6 (Training): Sharpe=1.945, Hit=49.2%
2025-09-13 22:10:55,570 - INFO - 
--- Processing fold 7/12 ---
2025-09-13 22:10:55,591 - INFO - Fold 7: Q-scores from fold 6: ['M00:0.449', 'M01:0.245', 'M02:0.600', 'M03:-0.026', 'M04:0.367']...
2025-09-13 22:10:55,591 - INFO - Fold 7: Selected models [91, 65, 5, 63, 64] based on fold 6 Q-scores, avg Q-score: 1.269
2025-09-13 22:10:55,593 - INFO - Fold 7 (Training): Sharpe=1.421, Hit=54.7%
2025-09-13 22:10:55,593 - INFO - 
--- Processing fold 8/12 ---
2025-09-13 22:10:55,616 - INFO - Fold 8: Q-scores from fold 7: ['M00:0.579', 'M01:0.123', 'M02:0.527', 'M03:0.172', 'M04:0.465']...
2025-09-13 22:10:55,616 - INFO - Fold 8: Selected models [65, 91, 12, 5, 77] based on fold 7 Q-scores, avg Q-score: 1.313
2025-09-13 22:10:55,617 - INFO - Fold 8 (Production): Sharpe=3.468, Hit=55.2%
2025-09-13 22:10:55,617 - INFO - 
--- Processing fold 9/12 ---
2025-09-13 22:10:55,638 - INFO - Fold 9: Q-scores from fold 8: ['M00:0.812', 'M01:0.320', 'M02:0.609', 'M03:0.313', 'M04:0.600']...
2025-09-13 22:10:55,638 - INFO - Fold 9: Selected models [65, 12, 5, 91, 77] based on fold 8 Q-scores, avg Q-score: 1.443
2025-09-13 22:10:55,639 - INFO - Fold 9 (Production): Sharpe=3.290, Hit=58.6%
2025-09-13 22:10:55,639 - INFO - 
--- Processing fold 10/12 ---
2025-09-13 22:10:55,661 - INFO - Fold 10: Q-scores from fold 9: ['M00:0.920', 'M01:0.541', 'M02:0.490', 'M03:0.440', 'M04:0.737']...
2025-09-13 22:10:55,662 - INFO - Fold 10: Selected models [12, 91, 65, 63, 5] based on fold 9 Q-scores, avg Q-score: 1.582
2025-09-13 22:10:55,663 - INFO - Fold 10 (Production): Sharpe=-0.339, Hit=48.1%
2025-09-13 22:10:55,663 - INFO - 
--- Processing fold 11/12 ---
2025-09-13 22:10:55,686 - INFO - Fold 11: Q-scores from fold 10: ['M00:0.705', 'M01:0.618', 'M02:0.399', 'M03:0.314', 'M04:0.646']...
2025-09-13 22:10:55,686 - INFO - Fold 11: Selected models [12, 91, 5, 63, 89] based on fold 10 Q-scores, avg Q-score: 1.416
2025-09-13 22:10:55,687 - INFO - Fold 11 (Production): Sharpe=2.412, Hit=55.2%
2025-09-13 22:10:55,687 - INFO - 
--- Processing fold 12/12 ---
2025-09-13 22:10:55,709 - INFO - Fold 12: Q-scores from fold 11: ['M00:0.750', 'M01:0.850', 'M02:0.495', 'M03:0.352', 'M04:0.732']...
2025-09-13 22:10:55,710 - INFO - Fold 12: Selected models [12, 63, 5, 91, 77] based on fold 11 Q-scores, avg Q-score: 1.487
2025-09-13 22:10:55,711 - INFO - Fold 12 (Production): Sharpe=4.382, Hit=61.0%
2025-09-13 22:10:55,712 - INFO - Training Period Overall: Sharpe=0.798, Hit=50.4%
2025-09-13 22:10:55,714 - INFO - Production Period Overall: Sharpe=2.837, Hit=55.7%
2025-09-13 22:10:55,715 - INFO - Full Timeline Overall: Sharpe=1.819, Hit=52.7%
2025-09-13 22:10:55,715 - INFO - Training: Sharpe=0.798 | Hit=50.4% | Return=3.82%
2025-09-13 22:10:55,715 - INFO - Production: Sharpe=2.837 | Hit=55.7% | Return=20.58%
2025-09-13 22:10:55,715 - INFO - Full Timeline: Sharpe=1.819 | Hit=52.7% | Return=10.87%
2025-09-13 22:10:55,715 - INFO - Generating visualizations...
2025-09-13 22:10:55,715 - INFO - Creating clean visualizations for 100 models...
2025-09-13 22:11:00,409 - INFO - Clean fold-by-fold analysis saved to: 20250913_204003_fold_QGC#C_100models_15folds_QGC1.1_gold_baseline.png
2025-09-13 22:11:04,546 - INFO - Detailed production analysis saved to: 20250913_204003_backtest_QGC#C_100models_15folds_QGC1.1_gold_baseline.png
2025-09-13 22:11:04,547 - INFO - ================================================================================
2025-09-13 22:11:04,547 - INFO - BACKTEST SUMMARY
2025-09-13 22:11:04,547 - INFO - ================================================================================
2025-09-13 22:11:04,547 - INFO - Config: Cutoff=70%, Top N=5, Q-Metric=sharpe, Reselection=1 fold(s)
2025-09-13 22:11:04,547 - INFO - Model Selection History:
2025-09-13 22:11:04,547 - INFO -   Fold 1: M91, M13, M05, M64, M89 (Avg Q-sharpe: 1.762)
2025-09-13 22:11:04,547 - INFO -   Fold 2: M12, M05, M91, M64, M89 (Avg Q-sharpe: 1.712)
2025-09-13 22:11:04,547 - INFO -   Fold 3: M91, M12, M05, M77, M64 (Avg Q-sharpe: 1.651)
2025-09-13 22:11:04,547 - INFO -   Fold 4: M12, M91, M05, M65, M64 (Avg Q-sharpe: 1.458)
2025-09-13 22:11:04,547 - INFO -   Fold 5: M05, M65, M91, M12, M17 (Avg Q-sharpe: 1.319)
2025-09-13 22:11:04,547 - INFO -   Fold 6: M65, M91, M05, M13, M12 (Avg Q-sharpe: 1.228)
2025-09-13 22:11:04,547 - INFO -   Fold 7: M91, M65, M05, M63, M64 (Avg Q-sharpe: 1.269)
2025-09-13 22:11:04,547 - INFO -   Fold 8: M65, M91, M12, M05, M77 (Avg Q-sharpe: 1.313)
2025-09-13 22:11:04,547 - INFO -   Fold 9: M65, M12, M05, M91, M77 (Avg Q-sharpe: 1.443)
2025-09-13 22:11:04,547 - INFO -   Fold 10: M12, M91, M65, M63, M05 (Avg Q-sharpe: 1.582)
2025-09-13 22:11:04,547 - INFO -   Fold 11: M12, M91, M05, M63, M89 (Avg Q-sharpe: 1.416)
2025-09-13 22:11:04,547 - INFO -   Fold 12: M12, M63, M05, M91, M77 (Avg Q-sharpe: 1.487)
2025-09-13 22:11:04,547 - INFO - 
2025-09-13 22:11:04,547 - INFO - Fold-by-Fold Performance:
2025-09-13 22:11:04,547 - INFO -   Fold 1: M91, M13, M05, M64, M89 | Sharpe=1.103 | Hit=49.2% | Samples=181
2025-09-13 22:11:04,548 - INFO -   Fold 2: M12, M05, M91, M64, M89 | Sharpe=1.188 | Hit=51.9% | Samples=181
2025-09-13 22:11:04,548 - INFO -   Fold 3: M91, M12, M05, M77, M64 | Sharpe=-0.565 | Hit=48.6% | Samples=181
2025-09-13 22:11:04,548 - INFO -   Fold 4: M12, M91, M05, M65, M64 | Sharpe=0.064 | Hit=50.3% | Samples=181
2025-09-13 22:11:04,548 - INFO -   Fold 5: M05, M65, M91, M12, M17 | Sharpe=0.112 | Hit=49.2% | Samples=181
2025-09-13 22:11:04,548 - INFO -   Fold 6: M65, M91, M05, M13, M12 | Sharpe=1.945 | Hit=49.2% | Samples=181
2025-09-13 22:11:04,548 - INFO -   Fold 7: M91, M65, M05, M63, M64 | Sharpe=1.421 | Hit=54.7% | Samples=181
2025-09-13 22:11:04,548 - INFO -   Fold 8: M65, M91, M12, M05, M77 | Sharpe=3.468 | Hit=55.2% | Samples=181
2025-09-13 22:11:04,548 - INFO -   Fold 9: M65, M12, M05, M91, M77 | Sharpe=3.290 | Hit=58.6% | Samples=181
2025-09-13 22:11:04,548 - INFO -   Fold 10: M12, M91, M65, M63, M05 | Sharpe=-0.339 | Hit=48.1% | Samples=181
2025-09-13 22:11:04,548 - INFO -   Fold 11: M12, M91, M05, M63, M89 | Sharpe=2.412 | Hit=55.2% | Samples=181
2025-09-13 22:11:04,548 - INFO -   Fold 12: M12, M63, M05, M91, M77 | Sharpe=4.382 | Hit=61.0% | Samples=195
2025-09-13 22:11:04,548 - INFO - ================================================================================
2025-09-13 22:11:04,548 - INFO - ================================================================================
2025-09-13 22:11:04,548 - INFO - ANALYSIS COMPLETED SUCCESSFULLY!
2025-09-13 22:11:04,548 - INFO - ================================================================================
2025-09-13 22:11:04,548 - INFO - Generated 2 visualization files
2025-09-13 22:11:04,548 - INFO -   - 20250913_204003_fold_QGC#C_100models_15folds_QGC1.1_gold_baseline.png
2025-09-13 22:11:04,548 - INFO -   - 20250913_204003_backtest_QGC#C_100models_15folds_QGC1.1_gold_baseline.png
2025-09-13 22:11:04,548 - INFO - Training Final: Sharpe=0.798 | Hit=50.4% | Return=3.82% | CB=0.543
2025-09-13 22:11:04,548 - INFO - Production Final: Sharpe=2.837 | Hit=55.7% | Return=20.58% | CB=3.216
2025-09-13 22:11:04,548 - INFO - Full Timeline Final: Sharpe=1.819 | Hit=52.7% | Return=10.87% | CB=1.543
