2025-09-13 20:00:24,799 - INFO - ================================================================================
2025-09-13 20:00:24,799 - INFO - XGBoost Comparison Framework
2025-09-13 20:00:24,799 - INFO - ================================================================================
2025-09-13 20:00:24,799 - INFO - Configuration:
2025-09-13 20:00:24,799 - INFO -   Target Symbol: @NQ#C
2025-09-13 20:00:24,799 - INFO -   Date Range: 2015-01-01 to 2025-08-01
2025-09-13 20:00:24,799 - INFO -   Models: 100, Type: deep
2025-09-13 20:00:24,799 - INFO -   Folds: 15
2025-09-13 20:00:24,799 - INFO -   Max Features: 100 (Limited)
2025-09-13 20:00:24,799 - INFO -   Feature Selection: Enabled
2025-09-13 20:00:24,799 - INFO -   Inner Val Fraction: 0.2
2025-09-13 20:00:24,799 - INFO -   EWMA Alpha: 0.1, Quality Halflife: 63 days
2025-09-13 20:00:24,799 - INFO -   Signal Type: Tanh Normalized
2025-09-13 20:00:24,799 - INFO -   Cross-validation: Expanding window
2025-09-13 20:00:24,800 - INFO -   Production: Cutoff=0.6, Top N=5, Q-Metric=sharpe
2025-09-13 20:00:24,800 - INFO -   Reselection: Every 1 fold(s)
2025-09-13 20:00:24,800 - INFO - 
2025-09-13 20:00:29,928 - INFO - Dropped 8 rows due to NaN in target column @NQ#C_target_return
2025-09-13 20:00:30,198 - INFO - Loaded: X=(2727, 1906), y=(2727,)
2025-09-13 20:00:58,409 - INFO - Selected 100 features (threshold: 0.7)
2025-09-13 20:00:58,421 - INFO - Selected: 100 features
2025-09-13 20:00:58,748 - INFO - GPU detection: CUDA GPU available and working
2025-09-13 20:00:58,759 - INFO - Processing mode: GPU sequential (GPU: True, Total models: 1500)
2025-09-13 20:00:58,855 - INFO - GPU detection: CUDA GPU available and working
2025-09-13 20:00:58,857 - INFO - Using expanding window
2025-09-13 20:00:58,857 - INFO - Starting analysis: 100 deep models x 13 folds
2025-09-13 20:00:58,857 - INFO - Processing Fold 1/13
2025-09-13 20:00:58,863 - INFO -   Using GPU sequential processing
2025-09-13 20:05:20,202 - INFO - Fold 1 Summary:
2025-09-13 20:05:20,202 - INFO -   Best OOS Sharpe: M34 (2.774, p=0.010)
2025-09-13 20:05:20,202 - INFO -   Best Q-Sharpe:  M34 (2.774, OOS_Sharpe=2.774, OOS_Hit=0.569)
2025-09-13 20:05:20,202 - INFO -   Mean OOS Sharpe: 1.130, Mean Hit: 0.516
2025-09-13 20:05:20,202 - INFO - 
2025-09-13 20:05:20,205 - INFO - Processing Fold 2/13
2025-09-13 20:05:20,208 - INFO -   Using GPU sequential processing
2025-09-13 20:10:11,615 - INFO - Fold 2 Summary:
2025-09-13 20:10:11,615 - INFO -   Best OOS Sharpe: M28 (2.307, p=0.030)
2025-09-13 20:10:11,615 - INFO -   Best Q-Sharpe:  M34 (2.548, OOS_Sharpe=0.511, OOS_Hit=0.508)
2025-09-13 20:10:11,615 - INFO -   Mean OOS Sharpe: 0.440, Mean Hit: 0.512
2025-09-13 20:10:11,615 - INFO - 
2025-09-13 20:10:11,619 - INFO - Processing Fold 3/13
2025-09-13 20:10:11,622 - INFO -   Using GPU sequential processing
2025-09-13 20:15:16,501 - INFO - Fold 3 Summary:
2025-09-13 20:15:16,501 - INFO -   Best OOS Sharpe: M16 (3.790, p=0.000)
2025-09-13 20:15:16,501 - INFO -   Best Q-Sharpe:  M34 (2.369, OOS_Sharpe=0.757, OOS_Hit=0.514)
2025-09-13 20:15:16,501 - INFO -   Mean OOS Sharpe: 1.005, Mean Hit: 0.523
2025-09-13 20:15:16,501 - INFO - 
2025-09-13 20:15:16,503 - INFO - Processing Fold 4/13
2025-09-13 20:15:16,506 - INFO -   Using GPU sequential processing
2025-09-13 20:20:34,394 - INFO - Fold 4 Summary:
2025-09-13 20:20:34,394 - INFO -   Best OOS Sharpe: M38 (1.445, p=0.170)
2025-09-13 20:20:34,394 - INFO -   Best Q-Sharpe:  M34 (2.088, OOS_Sharpe=-0.440, OOS_Hit=0.481)
2025-09-13 20:20:34,394 - INFO -   Mean OOS Sharpe: 0.078, Mean Hit: 0.486
2025-09-13 20:20:34,394 - INFO - 
2025-09-13 20:20:34,396 - INFO - Processing Fold 5/13
2025-09-13 20:20:34,400 - INFO -   Using GPU sequential processing
2025-09-13 20:26:09,649 - INFO - Fold 5 Summary:
2025-09-13 20:26:09,649 - INFO -   Best OOS Sharpe: M88 (3.983, p=0.000)
2025-09-13 20:26:09,649 - INFO -   Best Q-Sharpe:  M34 (2.042, OOS_Sharpe=1.631, OOS_Hit=0.541)
2025-09-13 20:26:09,649 - INFO -   Mean OOS Sharpe: 1.428, Mean Hit: 0.508
2025-09-13 20:26:09,649 - INFO - 
2025-09-13 20:26:09,653 - INFO - Processing Fold 6/13
2025-09-13 20:26:09,657 - INFO -   Using GPU sequential processing
2025-09-13 20:31:57,052 - INFO - Fold 6 Summary:
2025-09-13 20:31:57,052 - INFO -   Best OOS Sharpe: M19 (2.641, p=0.000)
2025-09-13 20:31:57,053 - INFO -   Best Q-Sharpe:  M34 (2.008, OOS_Sharpe=1.701, OOS_Hit=0.508)
2025-09-13 20:31:57,053 - INFO -   Mean OOS Sharpe: 0.712, Mean Hit: 0.481
2025-09-13 20:31:57,053 - INFO - 
2025-09-13 20:31:57,055 - INFO - Processing Fold 7/13
2025-09-13 20:31:57,070 - INFO -   Using GPU sequential processing
2025-09-13 20:37:18,669 - INFO - Fold 7 Summary:
2025-09-13 20:37:18,669 - INFO -   Best OOS Sharpe: M30 (2.942, p=0.020)
2025-09-13 20:37:18,670 - INFO -   Best Q-Sharpe:  M34 (1.934, OOS_Sharpe=1.266, OOS_Hit=0.558)
2025-09-13 20:37:18,670 - INFO -   Mean OOS Sharpe: 0.856, Mean Hit: 0.520
2025-09-13 20:37:18,670 - INFO - 
2025-09-13 20:37:18,672 - INFO - Processing Fold 8/13
2025-09-13 20:37:18,676 - INFO -   Using GPU sequential processing
2025-09-13 20:43:37,813 - INFO - Fold 8 Summary:
2025-09-13 20:43:37,813 - INFO -   Best OOS Sharpe: M28 (2.522, p=0.060)
2025-09-13 20:43:37,813 - INFO -   Best Q-Sharpe:  M29 (1.742, OOS_Sharpe=1.062, OOS_Hit=0.530)
2025-09-13 20:43:37,813 - INFO -   Mean OOS Sharpe: 0.555, Mean Hit: 0.497
2025-09-13 20:43:37,813 - INFO - 
2025-09-13 20:43:37,819 - INFO - Processing Fold 9/13
2025-09-13 20:43:37,824 - INFO -   Using GPU sequential processing
2025-09-13 20:56:39,831 - INFO - Fold 9 Summary:
2025-09-13 20:56:39,833 - INFO -   Best OOS Sharpe: M34 (3.080, p=0.000)
2025-09-13 20:56:39,833 - INFO -   Best Q-Sharpe:  M34 (1.869, OOS_Sharpe=3.080, OOS_Hit=0.486)
2025-09-13 20:56:39,833 - INFO -   Mean OOS Sharpe: 1.173, Mean Hit: 0.510
2025-09-13 20:56:39,833 - INFO - 
2025-09-13 20:56:39,836 - INFO - Processing Fold 10/13
2025-09-13 20:56:39,842 - INFO -   Using GPU sequential processing
2025-09-13 21:11:16,523 - INFO - Fold 10 Summary:
2025-09-13 21:11:16,608 - INFO -   Best OOS Sharpe: M44 (4.150, p=0.010)
2025-09-13 21:11:16,608 - INFO -   Best Q-Sharpe:  M34 (1.908, OOS_Sharpe=2.257, OOS_Hit=0.552)
2025-09-13 21:11:16,608 - INFO -   Mean OOS Sharpe: 1.906, Mean Hit: 0.545
2025-09-13 21:11:16,608 - INFO - 
2025-09-13 21:11:16,612 - INFO - Processing Fold 11/13
2025-09-13 21:11:16,626 - INFO -   Using GPU sequential processing
2025-09-13 21:26:41,069 - INFO - Fold 11 Summary:
2025-09-13 21:26:41,069 - INFO -   Best OOS Sharpe: M37 (1.449, p=0.230)
2025-09-13 21:26:41,069 - INFO -   Best Q-Sharpe:  M34 (1.683, OOS_Sharpe=-0.341, OOS_Hit=0.508)
2025-09-13 21:26:41,069 - INFO -   Mean OOS Sharpe: -0.459, Mean Hit: 0.493
2025-09-13 21:26:41,069 - INFO - 
2025-09-13 21:26:41,072 - INFO - Processing Fold 12/13
2025-09-13 21:26:41,077 - INFO -   Using GPU sequential processing
2025-09-13 21:39:24,792 - INFO - Fold 12 Summary:
2025-09-13 21:39:24,792 - INFO -   Best OOS Sharpe: M25 (3.424, p=0.010)
2025-09-13 21:39:24,792 - INFO -   Best Q-Sharpe:  M34 (1.512, OOS_Sharpe=-0.027, OOS_Hit=0.530)
2025-09-13 21:39:24,792 - INFO -   Mean OOS Sharpe: 1.328, Mean Hit: 0.537
2025-09-13 21:39:24,792 - INFO - 
2025-09-13 21:39:24,795 - INFO - Processing Fold 13/13
2025-09-13 21:39:24,800 - INFO -   Using GPU sequential processing
2025-09-13 21:50:10,154 - INFO - Fold 13 Summary:
2025-09-13 21:50:10,154 - INFO -   Best OOS Sharpe: M14 (5.017, p=0.000)
2025-09-13 21:50:10,154 - INFO -   Best Q-Sharpe:  M34 (1.757, OOS_Sharpe=3.964, OOS_Hit=0.622)
2025-09-13 21:50:10,154 - INFO -   Mean OOS Sharpe: 2.808, Mean Hit: 0.572
2025-09-13 21:50:10,154 - INFO - 
2025-09-13 21:50:10,158 - INFO - Starting full timeline backtesting...
2025-09-13 21:50:10,158 - INFO - Running full timeline backtest with 13 folds (0-based indexing)
2025-09-13 21:50:10,158 - INFO - Fold 0 skipped (no prior Q-score history for meaningful selection)
2025-09-13 21:50:10,158 - INFO - Effective backtest period: Folds 1-12 (12 folds)
2025-09-13 21:50:10,158 - INFO - Training period: Folds 1-7
2025-09-13 21:50:10,158 - INFO - Production period: Folds 8-12
2025-09-13 21:50:10,158 - INFO - Using consistent OOS methodology for all folds
2025-09-13 21:50:10,159 - INFO - Fold 0: Skipped (no prior Q-score history for meaningful selection)
2025-09-13 21:50:10,159 - INFO - 
--- Processing fold 1/12 ---
2025-09-13 21:50:10,189 - INFO - Fold 1: Q-scores from fold 0: ['M00:1.509', 'M01:0.747', 'M02:1.895', 'M03:1.464', 'M04:1.924']...
2025-09-13 21:50:10,190 - INFO - Fold 1: Selected models [34, 41, 83, 61, 62] based on fold 0 Q-scores, avg Q-score: 2.508
2025-09-13 21:50:10,191 - INFO - Fold 1 (Training): Sharpe=0.586, Hit=52.5%
2025-09-13 21:50:10,191 - INFO - 
--- Processing fold 2/12 ---
2025-09-13 21:50:10,221 - INFO - Fold 2: Q-scores from fold 1: ['M00:1.407', 'M01:0.704', 'M02:1.750', 'M03:1.340', 'M04:1.714']...
2025-09-13 21:50:10,221 - INFO - Fold 2: Selected models [34, 41, 61, 62, 77] based on fold 1 Q-scores, avg Q-score: 2.318
2025-09-13 21:50:10,222 - INFO - Fold 2 (Training): Sharpe=0.109, Hit=49.2%
2025-09-13 21:50:10,223 - INFO - 
--- Processing fold 3/12 ---
2025-09-13 21:50:10,250 - INFO - Fold 3: Q-scores from fold 2: ['M00:1.341', 'M01:0.696', 'M02:1.594', 'M03:1.246', 'M04:1.545']...
2025-09-13 21:50:10,250 - INFO - Fold 3: Selected models [34, 90, 87, 62, 41] based on fold 2 Q-scores, avg Q-score: 2.173
2025-09-13 21:50:10,252 - INFO - Fold 3 (Training): Sharpe=-0.042, Hit=46.4%
2025-09-13 21:50:10,252 - INFO - 
--- Processing fold 4/12 ---
2025-09-13 21:50:10,287 - INFO - Fold 4: Q-scores from fold 3: ['M00:1.154', 'M01:0.598', 'M02:1.249', 'M03:1.265', 'M04:1.493']...
2025-09-13 21:50:10,288 - INFO - Fold 4: Selected models [34, 90, 41, 77, 87] based on fold 3 Q-scores, avg Q-score: 1.976
2025-09-13 21:50:10,289 - INFO - Fold 4 (Training): Sharpe=1.045, Hit=46.4%
2025-09-13 21:50:10,289 - INFO - 
--- Processing fold 5/12 ---
2025-09-13 21:50:10,315 - INFO - Fold 5: Q-scores from fold 4: ['M00:1.206', 'M01:0.630', 'M02:1.332', 'M03:1.285', 'M04:1.575']...
2025-09-13 21:50:10,315 - INFO - Fold 5: Selected models [34, 90, 29, 41, 87] based on fold 4 Q-scores, avg Q-score: 1.871
2025-09-13 21:50:10,317 - INFO - Fold 5 (Training): Sharpe=1.049, Hit=48.6%
2025-09-13 21:50:10,317 - INFO - 
--- Processing fold 6/12 ---
2025-09-13 21:50:10,365 - INFO - Fold 6: Q-scores from fold 5: ['M00:1.043', 'M01:0.675', 'M02:1.324', 'M03:1.142', 'M04:1.368']...
2025-09-13 21:50:10,365 - INFO - Fold 6: Selected models [34, 90, 29, 41, 61] based on fold 5 Q-scores, avg Q-score: 1.793
2025-09-13 21:50:10,366 - INFO - Fold 6 (Training): Sharpe=1.532, Hit=53.6%
2025-09-13 21:50:10,366 - INFO - 
--- Processing fold 7/12 ---
2025-09-13 21:50:10,396 - INFO - Fold 7: Q-scores from fold 6: ['M00:1.074', 'M01:0.705', 'M02:1.313', 'M03:1.133', 'M04:1.354']...
2025-09-13 21:50:10,397 - INFO - Fold 7: Selected models [34, 29, 41, 90, 94] based on fold 6 Q-scores, avg Q-score: 1.744
2025-09-13 21:50:10,398 - INFO - Fold 7 (Training): Sharpe=0.472, Hit=47.0%
2025-09-13 21:50:10,398 - INFO - 
--- Processing fold 8/12 ---
2025-09-13 21:50:10,436 - INFO - Fold 8: Q-scores from fold 7: ['M00:1.109', 'M01:0.796', 'M02:1.367', 'M03:1.000', 'M04:1.113']...
2025-09-13 21:50:10,436 - INFO - Fold 8: Selected models [29, 34, 41, 6, 94] based on fold 7 Q-scores, avg Q-score: 1.620
2025-09-13 21:50:10,438 - INFO - Fold 8 (Production): Sharpe=1.876, Hit=50.8%
2025-09-13 21:50:10,438 - INFO - 
--- Processing fold 9/12 ---
2025-09-13 21:50:10,466 - INFO - Fold 9: Q-scores from fold 8: ['M00:1.188', 'M01:0.905', 'M02:1.381', 'M03:0.871', 'M04:1.254']...
2025-09-13 21:50:10,466 - INFO - Fold 9: Selected models [34, 41, 29, 16, 77] based on fold 8 Q-scores, avg Q-score: 1.688
2025-09-13 21:50:10,468 - INFO - Fold 9 (Production): Sharpe=2.766, Hit=59.1%
2025-09-13 21:50:10,468 - INFO - 
--- Processing fold 10/12 ---
2025-09-13 21:50:10,506 - INFO - Fold 10: Q-scores from fold 9: ['M00:1.273', 'M01:0.849', 'M02:1.357', 'M03:0.841', 'M04:1.360']...
2025-09-13 21:50:10,507 - INFO - Fold 10: Selected models [34, 29, 41, 62, 16] based on fold 9 Q-scores, avg Q-score: 1.753
2025-09-13 21:50:10,509 - INFO - Fold 10 (Production): Sharpe=-1.177, Hit=48.6%
2025-09-13 21:50:10,509 - INFO - 
--- Processing fold 11/12 ---
2025-09-13 21:50:10,553 - INFO - Fold 11: Q-scores from fold 10: ['M00:1.139', 'M01:0.639', 'M02:1.120', 'M03:0.801', 'M04:1.299']...
2025-09-13 21:50:10,553 - INFO - Fold 11: Selected models [34, 29, 62, 94, 41] based on fold 10 Q-scores, avg Q-score: 1.494
2025-09-13 21:50:10,554 - INFO - Fold 11 (Production): Sharpe=0.915, Hit=51.9%
2025-09-13 21:50:10,555 - INFO - 
--- Processing fold 12/12 ---
2025-09-13 21:50:10,600 - INFO - Fold 12: Q-scores from fold 11: ['M00:1.193', 'M01:0.795', 'M02:1.096', 'M03:0.700', 'M04:1.462']...
2025-09-13 21:50:10,601 - INFO - Fold 12: Selected models [34, 62, 16, 4, 40] based on fold 11 Q-scores, avg Q-score: 1.480
2025-09-13 21:50:10,616 - INFO - Fold 12 (Production): Sharpe=4.364, Hit=61.1%
2025-09-13 21:50:10,618 - INFO - Training Period Overall: Sharpe=0.685, Hit=49.1%
2025-09-13 21:50:10,619 - INFO - Production Period Overall: Sharpe=2.037, Hit=54.4%
2025-09-13 21:50:10,621 - INFO - Full Timeline Overall: Sharpe=1.284, Hit=51.3%
2025-09-13 21:50:10,621 - INFO - Training: Sharpe=0.685 | Hit=49.1% | Return=6.33%
2025-09-13 21:50:10,621 - INFO - Production: Sharpe=2.037 | Hit=54.4% | Return=20.82%
2025-09-13 21:50:10,621 - INFO - Full Timeline: Sharpe=1.284 | Hit=51.3% | Return=12.41%
2025-09-13 21:50:10,621 - INFO - Generating visualizations...
2025-09-13 21:50:10,621 - INFO - Creating clean visualizations for 100 models...
2025-09-13 21:50:15,323 - INFO - Clean fold-by-fold analysis saved to: 20250913_200024_fold_@NQ#C_100models_15folds_NQ2.2_deep_arch.png
2025-09-13 21:50:21,760 - INFO - Detailed production analysis saved to: 20250913_200024_backtest_@NQ#C_100models_15folds_NQ2.2_deep_arch.png
2025-09-13 21:50:21,760 - INFO - ================================================================================
2025-09-13 21:50:21,760 - INFO - BACKTEST SUMMARY
2025-09-13 21:50:21,760 - INFO - ================================================================================
2025-09-13 21:50:21,760 - INFO - Config: Cutoff=70%, Top N=5, Q-Metric=sharpe, Reselection=1 fold(s)
2025-09-13 21:50:21,760 - INFO - Model Selection History:
2025-09-13 21:50:21,760 - INFO -   Fold 1: M34, M41, M83, M61, M62 (Avg Q-sharpe: 2.508)
2025-09-13 21:50:21,760 - INFO -   Fold 2: M34, M41, M61, M62, M77 (Avg Q-sharpe: 2.318)
2025-09-13 21:50:21,760 - INFO -   Fold 3: M34, M90, M87, M62, M41 (Avg Q-sharpe: 2.173)
2025-09-13 21:50:21,761 - INFO -   Fold 4: M34, M90, M41, M77, M87 (Avg Q-sharpe: 1.976)
2025-09-13 21:50:21,761 - INFO -   Fold 5: M34, M90, M29, M41, M87 (Avg Q-sharpe: 1.871)
2025-09-13 21:50:21,761 - INFO -   Fold 6: M34, M90, M29, M41, M61 (Avg Q-sharpe: 1.793)
2025-09-13 21:50:21,761 - INFO -   Fold 7: M34, M29, M41, M90, M94 (Avg Q-sharpe: 1.744)
2025-09-13 21:50:21,761 - INFO -   Fold 8: M29, M34, M41, M06, M94 (Avg Q-sharpe: 1.620)
2025-09-13 21:50:21,761 - INFO -   Fold 9: M34, M41, M29, M16, M77 (Avg Q-sharpe: 1.688)
2025-09-13 21:50:21,761 - INFO -   Fold 10: M34, M29, M41, M62, M16 (Avg Q-sharpe: 1.753)
2025-09-13 21:50:21,761 - INFO -   Fold 11: M34, M29, M62, M94, M41 (Avg Q-sharpe: 1.494)
2025-09-13 21:50:21,761 - INFO -   Fold 12: M34, M62, M16, M04, M40 (Avg Q-sharpe: 1.480)
2025-09-13 21:50:21,761 - INFO - 
2025-09-13 21:50:21,761 - INFO - Fold-by-Fold Performance:
2025-09-13 21:50:21,761 - INFO -   Fold 1: M34, M41, M83, M61, M62 | Sharpe=0.586 | Hit=52.5% | Samples=181
2025-09-13 21:50:21,761 - INFO -   Fold 2: M34, M41, M61, M62, M77 | Sharpe=0.109 | Hit=49.2% | Samples=181
2025-09-13 21:50:21,761 - INFO -   Fold 3: M34, M90, M87, M62, M41 | Sharpe=-0.042 | Hit=46.4% | Samples=181
2025-09-13 21:50:21,761 - INFO -   Fold 4: M34, M90, M41, M77, M87 | Sharpe=1.045 | Hit=46.4% | Samples=181
2025-09-13 21:50:21,761 - INFO -   Fold 5: M34, M90, M29, M41, M87 | Sharpe=1.049 | Hit=48.6% | Samples=181
2025-09-13 21:50:21,761 - INFO -   Fold 6: M34, M90, M29, M41, M61 | Sharpe=1.532 | Hit=53.6% | Samples=181
2025-09-13 21:50:21,761 - INFO -   Fold 7: M34, M29, M41, M90, M94 | Sharpe=0.472 | Hit=47.0% | Samples=181
2025-09-13 21:50:21,761 - INFO -   Fold 8: M29, M34, M41, M06, M94 | Sharpe=1.876 | Hit=50.8% | Samples=181
2025-09-13 21:50:21,761 - INFO -   Fold 9: M34, M41, M29, M16, M77 | Sharpe=2.766 | Hit=59.1% | Samples=181
2025-09-13 21:50:21,761 - INFO -   Fold 10: M34, M29, M41, M62, M16 | Sharpe=-1.177 | Hit=48.6% | Samples=181
2025-09-13 21:50:21,761 - INFO -   Fold 11: M34, M29, M62, M94, M41 | Sharpe=0.915 | Hit=51.9% | Samples=181
2025-09-13 21:50:21,761 - INFO -   Fold 12: M34, M62, M16, M04, M40 | Sharpe=4.364 | Hit=61.1% | Samples=193
2025-09-13 21:50:21,761 - INFO - ================================================================================
2025-09-13 21:50:21,761 - INFO - ================================================================================
2025-09-13 21:50:21,761 - INFO - ANALYSIS COMPLETED SUCCESSFULLY!
2025-09-13 21:50:21,761 - INFO - ================================================================================
2025-09-13 21:50:21,761 - INFO - Generated 2 visualization files
2025-09-13 21:50:21,761 - INFO -   - 20250913_200024_fold_@NQ#C_100models_15folds_NQ2.2_deep_arch.png
2025-09-13 21:50:21,761 - INFO -   - 20250913_200024_backtest_@NQ#C_100models_15folds_NQ2.2_deep_arch.png
2025-09-13 21:50:21,761 - INFO - Training Final: Sharpe=0.685 | Hit=49.1% | Return=6.33% | CB=0.527
2025-09-13 21:50:21,762 - INFO - Production Final: Sharpe=2.037 | Hit=54.4% | Return=20.82% | CB=2.848
2025-09-13 21:50:21,762 - INFO - Full Timeline Final: Sharpe=1.284 | Hit=51.3% | Return=12.41% | CB=1.033
