2025-09-11 15:47:48,713 - INFO - ================================================================================
2025-09-11 15:47:48,713 - INFO - XGBoost Comparison Framework
2025-09-11 15:47:48,713 - INFO - ================================================================================
2025-09-11 15:47:48,713 - INFO - Configuration:
2025-09-11 15:47:48,713 - INFO -   Target Symbol: @ES#C
2025-09-11 15:47:48,713 - INFO -   Date Range: 2015-01-01 to 2025-08-01
2025-09-11 15:47:48,713 - INFO -   Models: 100, Type: standard
2025-09-11 15:47:48,713 - INFO -   Folds: 10
2025-09-11 15:47:48,713 - INFO -   Max Features: 100 (Limited)
2025-09-11 15:47:48,713 - INFO -   Feature Selection: Enabled
2025-09-11 15:47:48,713 - INFO -   Inner Val Fraction: 0.2
2025-09-11 15:47:48,713 - INFO -   EWMA Alpha: 0.1, Quality Halflife: 63 days
2025-09-11 15:47:48,713 - INFO -   Signal Type: Tanh Normalized
2025-09-11 15:47:48,713 - INFO -   Cross-validation: Expanding window
2025-09-11 15:47:48,713 - INFO -   Production: Cutoff=0.6, Top N=5, Q-Metric=sharpe
2025-09-11 15:47:48,713 - INFO -   Reselection: Every 1 fold(s)
2025-09-11 15:47:48,713 - INFO - 
2025-09-11 15:47:59,835 - INFO - Loaded: X=(2733, 1054), y=(2733,)
2025-09-11 15:48:31,621 - INFO - Selected 100 features (threshold: 0.7)
2025-09-11 15:48:31,653 - INFO - Selected: 100 features
2025-09-11 15:48:31,746 - INFO - GPU detection: XGBoost not compiled with CUDA support - using CPU
2025-09-11 15:48:31,746 - INFO - Processing mode: CPU multiprocessing (GPU: False, Total models: 1000)
2025-09-11 15:48:31,796 - INFO - GPU detection: XGBoost not compiled with CUDA support - using CPU
2025-09-11 15:48:31,797 - INFO - Using expanding window
2025-09-11 15:48:31,797 - INFO - Starting analysis: 100 standard models x 9 folds
2025-09-11 15:48:31,798 - INFO - Processing Fold 1/9
2025-09-11 15:48:31,803 - INFO -   Using multiprocessing with 9 workers
2025-09-11 15:51:15,983 - INFO - Fold 1 Summary:
2025-09-11 15:51:15,988 - INFO -   Best OOS Sharpe: M55 (2.507, p=0.000)
2025-09-11 15:51:15,988 - INFO -   Best Q-Sharpe:  M55 (2.507, OOS_Sharpe=2.507, OOS_Hit=0.546)
2025-09-11 15:51:15,988 - INFO -   Mean OOS Sharpe: 0.477, Mean Hit: 0.523
2025-09-11 15:51:15,988 - INFO - 
2025-09-11 15:51:16,007 - INFO - Processing Fold 2/9
2025-09-11 15:51:16,042 - INFO -   Using multiprocessing with 9 workers
2025-09-11 15:53:44,604 - INFO - Fold 2 Summary:
2025-09-11 15:53:44,609 - INFO -   Best OOS Sharpe: M55 (2.586, p=0.000)
2025-09-11 15:53:44,609 - INFO -   Best Q-Sharpe:  M55 (2.515, OOS_Sharpe=2.586, OOS_Hit=0.527)
2025-09-11 15:53:44,609 - INFO -   Mean OOS Sharpe: 0.879, Mean Hit: 0.507
2025-09-11 15:53:44,609 - INFO - 
2025-09-11 15:53:44,634 - INFO - Processing Fold 3/9
2025-09-11 15:53:44,666 - INFO -   Using multiprocessing with 9 workers
2025-09-11 15:56:39,889 - INFO - Fold 3 Summary:
2025-09-11 15:56:39,892 - INFO -   Best OOS Sharpe: M11 (2.527, p=0.000)
2025-09-11 15:56:39,892 - INFO -   Best Q-Sharpe:  M55 (2.181, OOS_Sharpe=-0.823, OOS_Hit=0.491)
2025-09-11 15:56:39,893 - INFO -   Mean OOS Sharpe: -0.056, Mean Hit: 0.496
2025-09-11 15:56:39,893 - INFO - 
2025-09-11 15:56:39,916 - INFO - Processing Fold 4/9
2025-09-11 15:56:39,945 - INFO -   Using multiprocessing with 9 workers
2025-09-11 15:59:46,214 - INFO - Fold 4 Summary:
2025-09-11 15:59:46,217 - INFO -   Best OOS Sharpe: M69 (1.225, p=0.300)
2025-09-11 15:59:46,217 - INFO -   Best Q-Sharpe:  M14 (1.937, OOS_Sharpe=0.676, OOS_Hit=0.465)
2025-09-11 15:59:46,217 - INFO -   Mean OOS Sharpe: -0.587, Mean Hit: 0.465
2025-09-11 15:59:46,217 - INFO - 
2025-09-11 15:59:46,240 - INFO - Processing Fold 5/9
2025-09-11 15:59:46,269 - INFO -   Using multiprocessing with 9 workers
2025-09-11 16:04:03,797 - INFO - Fold 5 Summary:
2025-09-11 16:04:03,836 - INFO -   Best OOS Sharpe: M18 (2.151, p=0.000)
2025-09-11 16:04:03,837 - INFO -   Best Q-Sharpe:  M14 (1.800, OOS_Sharpe=0.569, OOS_Hit=0.513)
2025-09-11 16:04:03,837 - INFO -   Mean OOS Sharpe: 0.610, Mean Hit: 0.529
2025-09-11 16:04:03,837 - INFO - 
2025-09-11 16:04:04,217 - INFO - Processing Fold 6/9
2025-09-11 16:04:04,421 - INFO -   Using multiprocessing with 9 workers
2025-09-11 16:14:33,573 - INFO - Fold 6 Summary:
2025-09-11 16:14:33,586 - INFO -   Best OOS Sharpe: M14 (2.247, p=0.080)
2025-09-11 16:14:33,587 - INFO -   Best Q-Sharpe:  M14 (1.844, OOS_Sharpe=2.247, OOS_Hit=0.549)
2025-09-11 16:14:33,587 - INFO -   Mean OOS Sharpe: 0.386, Mean Hit: 0.484
2025-09-11 16:14:33,587 - INFO - 
2025-09-11 16:14:33,756 - INFO - Processing Fold 7/9
2025-09-11 16:14:33,930 - INFO -   Using multiprocessing with 9 workers
2025-09-11 16:23:07,696 - INFO - Fold 7 Summary:
2025-09-11 16:23:07,708 - INFO -   Best OOS Sharpe: M82 (1.411, p=0.100)
2025-09-11 16:23:07,708 - INFO -   Best Q-Sharpe:  M14 (1.659, OOS_Sharpe=-0.005, OOS_Hit=0.451)
2025-09-11 16:23:07,708 - INFO -   Mean OOS Sharpe: -0.076, Mean Hit: 0.479
2025-09-11 16:23:07,708 - INFO - 
2025-09-11 16:23:07,761 - INFO - Processing Fold 8/9
2025-09-11 16:23:07,808 - INFO -   Using multiprocessing with 9 workers
2025-09-11 16:30:30,571 - INFO - Fold 8 Summary:
2025-09-11 16:30:30,583 - INFO -   Best OOS Sharpe: M49 (0.785, p=0.480)
2025-09-11 16:30:30,583 - INFO -   Best Q-Sharpe:  M14 (1.460, OOS_Sharpe=-0.336, OOS_Hit=0.443)
2025-09-11 16:30:30,583 - INFO -   Mean OOS Sharpe: -0.527, Mean Hit: 0.467
2025-09-11 16:30:30,584 - INFO - 
2025-09-11 16:30:30,737 - INFO - Processing Fold 9/9
2025-09-11 16:30:30,896 - INFO -   Using multiprocessing with 9 workers
2025-09-11 16:35:27,325 - INFO - Fold 9 Summary:
2025-09-11 16:35:27,335 - INFO -   Best OOS Sharpe: M20 (1.135, p=0.320)
2025-09-11 16:35:27,335 - INFO -   Best Q-Sharpe:  M14 (1.295, OOS_Sharpe=-0.186, OOS_Hit=0.493)
2025-09-11 16:35:27,336 - INFO -   Mean OOS Sharpe: -0.530, Mean Hit: 0.481
2025-09-11 16:35:27,336 - INFO - 
2025-09-11 16:35:27,398 - INFO - Starting full timeline backtesting...
2025-09-11 16:35:27,404 - INFO - Running full timeline backtest with 9 folds (0-based indexing)
2025-09-11 16:35:27,406 - INFO - Fold 0 skipped (no prior Q-score history for meaningful selection)
2025-09-11 16:35:27,408 - INFO - Effective backtest period: Folds 1-8 (8 folds)
2025-09-11 16:35:27,408 - INFO - Training period: Folds 1-5
2025-09-11 16:35:27,408 - INFO - Production period: Folds 6-8
2025-09-11 16:35:27,409 - INFO - Using consistent OOS methodology for all folds
2025-09-11 16:35:27,412 - INFO - Fold 0: Skipped (no prior Q-score history for meaningful selection)
2025-09-11 16:35:27,412 - INFO - 
--- Processing fold 1/8 ---
2025-09-11 16:35:27,843 - INFO - Fold 1: Q-scores from fold 0: ['M00:0.406', 'M01:0.158', 'M02:-0.295', 'M03:-0.438', 'M04:0.893']...
2025-09-11 16:35:27,845 - INFO - Fold 1: Selected models [55, 14, 64, 24, 26] based on fold 0 Q-scores, avg Q-score: 2.078
2025-09-11 16:35:27,892 - INFO - Fold 1 (Training): Sharpe=1.633, Hit=56.8%
2025-09-11 16:35:27,893 - INFO - 
--- Processing fold 2/8 ---
2025-09-11 16:35:28,067 - INFO - Fold 2: Q-scores from fold 1: ['M00:0.406', 'M01:0.184', 'M02:-0.254', 'M03:-0.356', 'M04:0.888']...
2025-09-11 16:35:28,072 - INFO - Fold 2: Selected models [55, 14, 64, 24, 26] based on fold 1 Q-scores, avg Q-score: 2.000
2025-09-11 16:35:28,076 - INFO - Fold 2 (Training): Sharpe=-0.416, Hit=49.8%
2025-09-11 16:35:28,076 - INFO - 
--- Processing fold 3/8 ---
2025-09-11 16:35:28,242 - INFO - Fold 3: Q-scores from fold 2: ['M00:0.468', 'M01:0.087', 'M02:-0.128', 'M03:-0.220', 'M04:0.915']...
2025-09-11 16:35:28,243 - INFO - Fold 3: Selected models [55, 14, 27, 64, 26] based on fold 2 Q-scores, avg Q-score: 1.796
2025-09-11 16:35:28,246 - INFO - Fold 3 (Training): Sharpe=-0.184, Hit=46.2%
2025-09-11 16:35:28,246 - INFO - 
--- Processing fold 4/8 ---
2025-09-11 16:35:28,278 - INFO - Fold 4: Q-scores from fold 3: ['M00:0.405', 'M01:0.120', 'M02:-0.241', 'M03:-0.375', 'M04:0.815']...
2025-09-11 16:35:28,280 - INFO - Fold 4: Selected models [14, 55, 26, 27, 24] based on fold 3 Q-scores, avg Q-score: 1.610
2025-09-11 16:35:28,327 - INFO - Fold 4 (Training): Sharpe=0.727, Hit=57.1%
2025-09-11 16:35:28,327 - INFO - 
--- Processing fold 5/8 ---
2025-09-11 16:35:28,650 - INFO - Fold 5: Q-scores from fold 4: ['M00:0.557', 'M01:0.088', 'M02:-0.154', 'M03:-0.136', 'M04:0.743']...
2025-09-11 16:35:28,650 - INFO - Fold 5: Selected models [14, 55, 27, 26, 64] based on fold 4 Q-scores, avg Q-score: 1.531
2025-09-11 16:35:28,734 - INFO - Fold 5 (Training): Sharpe=0.850, Hit=46.5%
2025-09-11 16:35:28,734 - INFO - 
--- Processing fold 6/8 ---
2025-09-11 16:35:28,884 - INFO - Fold 6: Q-scores from fold 5: ['M00:0.652', 'M01:0.217', 'M02:-0.144', 'M03:-0.089', 'M04:0.623']...
2025-09-11 16:35:28,884 - INFO - Fold 6: Selected models [14, 55, 26, 27, 64] based on fold 5 Q-scores, avg Q-score: 1.448
2025-09-11 16:35:28,894 - INFO - Fold 6 (Production): Sharpe=0.272, Hit=50.2%
2025-09-11 16:35:28,894 - INFO - 
--- Processing fold 7/8 ---
2025-09-11 16:35:29,469 - INFO - Fold 7: Q-scores from fold 6: ['M00:0.592', 'M01:0.126', 'M02:-0.098', 'M03:-0.196', 'M04:0.582']...
2025-09-11 16:35:29,469 - INFO - Fold 7: Selected models [14, 55, 26, 64, 18] based on fold 6 Q-scores, avg Q-score: 1.331
2025-09-11 16:35:29,473 - INFO - Fold 7 (Production): Sharpe=-0.651, Hit=46.5%
2025-09-11 16:35:29,473 - INFO - 
--- Processing fold 8/8 ---
2025-09-11 16:35:29,890 - INFO - Fold 8: Q-scores from fold 7: ['M00:0.518', 'M01:0.030', 'M02:-0.071', 'M03:-0.230', 'M04:0.407']...
2025-09-11 16:35:29,890 - INFO - Fold 8: Selected models [14, 55, 26, 18, 27] based on fold 7 Q-scores, avg Q-score: 1.170
2025-09-11 16:35:29,893 - INFO - Fold 8 (Production): Sharpe=-0.892, Hit=48.6%
2025-09-11 16:35:29,895 - INFO - Training Period Overall: Sharpe=0.395, Hit=56.5%
2025-09-11 16:35:29,896 - INFO - Production Period Overall: Sharpe=-0.338, Hit=53.8%
2025-09-11 16:35:29,900 - INFO - Full Timeline Overall: Sharpe=0.136, Hit=55.5%
2025-09-11 16:35:29,901 - INFO - Training: Sharpe=0.395 | Hit=56.5% | Return=3.13%
2025-09-11 16:35:29,901 - INFO - Production: Sharpe=-0.338 | Hit=53.8% | Return=-2.43%
2025-09-11 16:35:29,901 - INFO - Full Timeline: Sharpe=0.136 | Hit=55.5% | Return=1.04%
2025-09-11 16:35:29,901 - INFO - Generating visualizations...
2025-09-11 16:35:29,902 - INFO - Creating clean visualizations for 100 models...
2025-09-11 16:35:36,356 - INFO - Clean fold-by-fold analysis saved to: 20250911_154748_fold_@ES#C_100models_10folds_100M_10F_expand_standard_100feat.png
2025-09-11 16:35:42,205 - INFO - Detailed production analysis saved to: 20250911_154748_backtest_@ES#C_100models_10folds_100M_10F_expand_standard_100feat.png
2025-09-11 16:35:42,207 - INFO - ================================================================================
2025-09-11 16:35:42,207 - INFO - BACKTEST SUMMARY
2025-09-11 16:35:42,207 - INFO - ================================================================================
2025-09-11 16:35:42,207 - INFO - Config: Cutoff=70%, Top N=5, Q-Metric=sharpe, Reselection=1 fold(s)
2025-09-11 16:35:42,207 - INFO - Model Selection History:
2025-09-11 16:35:42,208 - INFO -   Fold 1: M55, M14, M64, M24, M26 (Avg Q-sharpe: 2.078)
2025-09-11 16:35:42,208 - INFO -   Fold 2: M55, M14, M64, M24, M26 (Avg Q-sharpe: 2.000)
2025-09-11 16:35:42,208 - INFO -   Fold 3: M55, M14, M27, M64, M26 (Avg Q-sharpe: 1.796)
2025-09-11 16:35:42,208 - INFO -   Fold 4: M14, M55, M26, M27, M24 (Avg Q-sharpe: 1.610)
2025-09-11 16:35:42,208 - INFO -   Fold 5: M14, M55, M27, M26, M64 (Avg Q-sharpe: 1.531)
2025-09-11 16:35:42,208 - INFO -   Fold 6: M14, M55, M26, M27, M64 (Avg Q-sharpe: 1.448)
2025-09-11 16:35:42,208 - INFO -   Fold 7: M14, M55, M26, M64, M18 (Avg Q-sharpe: 1.331)
2025-09-11 16:35:42,208 - INFO -   Fold 8: M14, M55, M26, M18, M27 (Avg Q-sharpe: 1.170)
2025-09-11 16:35:42,208 - INFO - 
2025-09-11 16:35:42,208 - INFO - Fold-by-Fold Performance:
2025-09-11 16:35:42,208 - INFO -   Fold 1: M55, M14, M64, M24, M26 | Sharpe=1.633 | Hit=56.8% | Samples=273
2025-09-11 16:35:42,208 - INFO -   Fold 2: M55, M14, M64, M24, M26 | Sharpe=-0.416 | Hit=49.8% | Samples=273
2025-09-11 16:35:42,208 - INFO -   Fold 3: M55, M14, M27, M64, M26 | Sharpe=-0.184 | Hit=46.2% | Samples=273
2025-09-11 16:35:42,208 - INFO -   Fold 4: M14, M55, M26, M27, M24 | Sharpe=0.727 | Hit=57.1% | Samples=273
2025-09-11 16:35:42,208 - INFO -   Fold 5: M14, M55, M27, M26, M64 | Sharpe=0.850 | Hit=46.5% | Samples=273
2025-09-11 16:35:42,208 - INFO -   Fold 6: M14, M55, M26, M27, M64 | Sharpe=0.272 | Hit=50.2% | Samples=273
2025-09-11 16:35:42,209 - INFO -   Fold 7: M14, M55, M26, M64, M18 | Sharpe=-0.651 | Hit=46.5% | Samples=273
2025-09-11 16:35:42,209 - INFO -   Fold 8: M14, M55, M26, M18, M27 | Sharpe=-0.892 | Hit=48.6% | Samples=276
2025-09-11 16:35:42,209 - INFO - ================================================================================
2025-09-11 16:35:42,209 - INFO - ================================================================================
2025-09-11 16:35:42,209 - INFO - ANALYSIS COMPLETED SUCCESSFULLY!
2025-09-11 16:35:42,209 - INFO - ================================================================================
2025-09-11 16:35:42,209 - INFO - Generated 2 visualization files
2025-09-11 16:35:42,209 - INFO -   - 20250911_154748_fold_@ES#C_100models_10folds_100M_10F_expand_standard_100feat.png
2025-09-11 16:35:42,209 - INFO -   - 20250911_154748_backtest_@ES#C_100models_10folds_100M_10F_expand_standard_100feat.png
2025-09-11 16:35:42,209 - INFO - Training Final: Sharpe=0.395 | Hit=56.5% | Return=3.13% | CB=0.209
2025-09-11 16:35:42,209 - INFO - Production Final: Sharpe=-0.338 | Hit=53.8% | Return=-2.43% | CB=-0.125
2025-09-11 16:35:42,209 - INFO - Full Timeline Final: Sharpe=0.136 | Hit=55.5% | Return=1.04% | CB=0.054
