2025-09-11 15:42:51,070 - INFO - ================================================================================
2025-09-11 15:42:51,070 - INFO - XGBoost Comparison Framework
2025-09-11 15:42:51,070 - INFO - ================================================================================
2025-09-11 15:42:51,070 - INFO - Configuration:
2025-09-11 15:42:51,070 - INFO -   Target Symbol: @ES#C
2025-09-11 15:42:51,070 - INFO -   Date Range: 2015-01-01 to 2025-08-01
2025-09-11 15:42:51,070 - INFO -   Models: 5, Type: standard
2025-09-11 15:42:51,071 - INFO -   Folds: 4
2025-09-11 15:42:51,071 - INFO -   Max Features: 50 (Limited)
2025-09-11 15:42:51,071 - INFO -   Feature Selection: Enabled
2025-09-11 15:42:51,071 - INFO -   Inner Val Fraction: 0.2
2025-09-11 15:42:51,071 - INFO -   EWMA Alpha: 0.1, Quality Halflife: 63 days
2025-09-11 15:42:51,071 - INFO -   Signal Type: Tanh Normalized
2025-09-11 15:42:51,071 - INFO -   Cross-validation: Expanding window
2025-09-11 15:42:51,071 - INFO -   Production: Cutoff=0.6, Top N=2, Q-Metric=sharpe
2025-09-11 15:42:51,071 - INFO -   Reselection: Every 1 fold(s)
2025-09-11 15:42:51,071 - INFO - 
2025-09-11 15:42:54,517 - INFO - Loaded: X=(2733, 1054), y=(2733,)
2025-09-11 15:43:03,308 - INFO - Selected 50 features (threshold: 0.7)
2025-09-11 15:43:03,313 - INFO - Selected: 50 features
2025-09-11 15:43:03,417 - INFO - GPU detection: XGBoost not compiled with CUDA support - using CPU
2025-09-11 15:43:03,418 - INFO - Processing mode: CPU sequential (GPU: False, Total models: 20)
2025-09-11 15:43:03,420 - INFO - GPU detection: XGBoost not compiled with CUDA support - using CPU
2025-09-11 15:43:03,422 - INFO - Using expanding window
2025-09-11 15:43:03,422 - INFO - Starting analysis: 5 standard models x 3 folds
2025-09-11 15:43:03,422 - INFO - Processing Fold 1/3
2025-09-11 15:43:03,424 - INFO -   Using CPU sequential processing
2025-09-11 15:43:04,629 - INFO - Fold 1 Summary:
2025-09-11 15:43:04,629 - INFO -   Best OOS Sharpe: M03 (-0.112, p=0.830)
2025-09-11 15:43:04,629 - INFO -   Best Q-Sharpe:  M03 (-0.112, OOS_Sharpe=-0.112, OOS_Hit=0.458)
2025-09-11 15:43:04,629 - INFO -   Mean OOS Sharpe: -0.653, Mean Hit: 0.460
2025-09-11 15:43:04,629 - INFO - 
2025-09-11 15:43:04,630 - INFO - Processing Fold 2/3
2025-09-11 15:43:04,631 - INFO -   Using CPU sequential processing
2025-09-11 15:43:06,116 - INFO - Fold 2 Summary:
2025-09-11 15:43:06,116 - INFO -   Best OOS Sharpe: M01 (0.785, p=0.170)
2025-09-11 15:43:06,117 - INFO -   Best Q-Sharpe:  M03 (-0.075, OOS_Sharpe=0.260, OOS_Hit=0.473)
2025-09-11 15:43:06,117 - INFO -   Mean OOS Sharpe: 0.230, Mean Hit: 0.503
2025-09-11 15:43:06,117 - INFO - 
2025-09-11 15:43:06,117 - INFO - Processing Fold 3/3
2025-09-11 15:43:06,119 - INFO -   Using CPU sequential processing
2025-09-11 15:43:07,935 - INFO - Fold 3 Summary:
2025-09-11 15:43:07,935 - INFO -   Best OOS Sharpe: M02 (0.758, p=0.250)
2025-09-11 15:43:07,935 - INFO -   Best Q-Sharpe:  M03 (-0.148, OOS_Sharpe=-0.804, OOS_Hit=0.459)
2025-09-11 15:43:07,935 - INFO -   Mean OOS Sharpe: -0.077, Mean Hit: 0.496
2025-09-11 15:43:07,935 - INFO - 
2025-09-11 15:43:07,936 - INFO - Starting full timeline backtesting...
2025-09-11 15:43:07,936 - INFO - Running full timeline backtest with 3 folds (0-based indexing)
2025-09-11 15:43:07,936 - INFO - Fold 0 skipped (no prior Q-score history for meaningful selection)
2025-09-11 15:43:07,936 - INFO - Effective backtest period: Folds 1-2 (2 folds)
2025-09-11 15:43:07,936 - INFO - Training period: Folds 1-1
2025-09-11 15:43:07,936 - INFO - Production period: Folds 2-2
2025-09-11 15:43:07,936 - INFO - Using consistent OOS methodology for all folds
2025-09-11 15:43:07,936 - INFO - Fold 0: Skipped (no prior Q-score history for meaningful selection)
2025-09-11 15:43:07,936 - INFO - 
--- Processing fold 1/2 ---
2025-09-11 15:43:07,937 - INFO - Fold 1: Q-scores from fold 0: ['M00:-0.864', 'M01:-0.569', 'M02:-1.211', 'M03:-0.112', 'M04:-0.509']...
2025-09-11 15:43:07,937 - INFO - Fold 1: Selected models [3, 4] based on fold 0 Q-scores, avg Q-score: -0.311
2025-09-11 15:43:07,939 - INFO - Fold 1 (Training): Sharpe=0.323, Hit=47.3%
2025-09-11 15:43:07,939 - INFO - 
--- Processing fold 2/2 ---
2025-09-11 15:43:07,941 - INFO - Fold 2: Q-scores from fold 1: ['M00:-0.839', 'M01:-0.434', 'M02:-1.046', 'M03:-0.075', 'M04:-0.430']...
2025-09-11 15:43:07,941 - INFO - Fold 2: Selected models [3, 4] based on fold 1 Q-scores, avg Q-score: -0.252
2025-09-11 15:43:07,942 - INFO - Fold 2 (Production): Sharpe=-0.608, Hit=49.9%
