2025-09-11 15:48:00,731 - INFO - ================================================================================
2025-09-11 15:48:00,731 - INFO - XGBoost Comparison Framework
2025-09-11 15:48:00,731 - INFO - ================================================================================
2025-09-11 15:48:00,731 - INFO - Configuration:
2025-09-11 15:48:00,731 - INFO -   Target Symbol: @ES#C
2025-09-11 15:48:00,731 - INFO -   Date Range: 2015-01-01 to 2025-08-01
2025-09-11 15:48:00,731 - INFO -   Models: 100, Type: standard
2025-09-11 15:48:00,731 - INFO -   Folds: 15
2025-09-11 15:48:00,731 - INFO -   Max Features: 100 (Limited)
2025-09-11 15:48:00,731 - INFO -   Feature Selection: Enabled
2025-09-11 15:48:00,731 - INFO -   Inner Val Fraction: 0.2
2025-09-11 15:48:00,731 - INFO -   EWMA Alpha: 0.1, Quality Halflife: 63 days
2025-09-11 15:48:00,731 - INFO -   Signal Type: Tanh Normalized
2025-09-11 15:48:00,731 - INFO -   Cross-validation: Expanding window
2025-09-11 15:48:00,731 - INFO -   Production: Cutoff=0.6, Top N=5, Q-Metric=sharpe
2025-09-11 15:48:00,731 - INFO -   Reselection: Every 1 fold(s)
2025-09-11 15:48:00,731 - INFO - 
2025-09-11 15:48:16,399 - INFO - Loaded: X=(2733, 1054), y=(2733,)
2025-09-11 15:48:58,635 - INFO - Selected 100 features (threshold: 0.7)
2025-09-11 15:48:58,692 - INFO - Selected: 100 features
2025-09-11 15:48:58,896 - INFO - GPU detection: XGBoost not compiled with CUDA support - using CPU
2025-09-11 15:48:58,897 - INFO - Processing mode: CPU multiprocessing (GPU: False, Total models: 1500)
2025-09-11 15:48:59,015 - INFO - GPU detection: XGBoost not compiled with CUDA support - using CPU
2025-09-11 15:48:59,024 - INFO - Using expanding window
2025-09-11 15:48:59,025 - INFO - Starting analysis: 100 standard models x 13 folds
2025-09-11 15:48:59,025 - INFO - Processing Fold 1/13
2025-09-11 15:48:59,035 - INFO -   Using multiprocessing with 9 workers
2025-09-11 15:51:53,197 - INFO - Fold 1 Summary:
2025-09-11 15:51:53,202 - INFO -   Best OOS Sharpe: M28 (1.402, p=0.220)
2025-09-11 15:51:53,202 - INFO -   Best Q-Sharpe:  M28 (1.402, OOS_Sharpe=1.402, OOS_Hit=0.560)
2025-09-11 15:51:53,202 - INFO -   Mean OOS Sharpe: -0.814, Mean Hit: 0.496
2025-09-11 15:51:53,202 - INFO - 
2025-09-11 15:51:53,230 - INFO - Processing Fold 2/13
2025-09-11 15:51:53,260 - INFO -   Using multiprocessing with 9 workers
2025-09-11 15:54:26,511 - INFO - Fold 2 Summary:
2025-09-11 15:54:26,526 - INFO -   Best OOS Sharpe: M55 (2.614, p=0.020)
2025-09-11 15:54:26,526 - INFO -   Best Q-Sharpe:  M28 (1.342, OOS_Sharpe=0.803, OOS_Hit=0.495)
2025-09-11 15:54:26,526 - INFO -   Mean OOS Sharpe: 0.287, Mean Hit: 0.492
2025-09-11 15:54:26,526 - INFO - 
2025-09-11 15:54:26,559 - INFO - Processing Fold 3/13
2025-09-11 15:54:26,589 - INFO -   Using multiprocessing with 9 workers
2025-09-11 15:57:12,553 - INFO - Fold 3 Summary:
2025-09-11 15:57:12,565 - INFO -   Best OOS Sharpe: M99 (2.082, p=0.060)
2025-09-11 15:57:12,565 - INFO -   Best Q-Sharpe:  M28 (1.229, OOS_Sharpe=0.214, OOS_Hit=0.467)
2025-09-11 15:57:12,565 - INFO -   Mean OOS Sharpe: -0.447, Mean Hit: 0.497
2025-09-11 15:57:12,565 - INFO - 
2025-09-11 15:57:12,618 - INFO - Processing Fold 4/13
2025-09-11 15:57:12,717 - INFO -   Using multiprocessing with 9 workers
2025-09-11 16:00:11,870 - INFO - Fold 4 Summary:
2025-09-11 16:00:11,880 - INFO -   Best OOS Sharpe: M50 (2.513, p=0.000)
2025-09-11 16:00:11,880 - INFO -   Best Q-Sharpe:  M28 (0.987, OOS_Sharpe=-1.198, OOS_Hit=0.456)
2025-09-11 16:00:11,880 - INFO -   Mean OOS Sharpe: 0.415, Mean Hit: 0.469
2025-09-11 16:00:11,880 - INFO - 
2025-09-11 16:00:11,935 - INFO - Processing Fold 5/13
2025-09-11 16:00:11,971 - INFO -   Using multiprocessing with 9 workers
2025-09-11 16:04:19,585 - INFO - Fold 5 Summary:
2025-09-11 16:04:19,621 - INFO -   Best OOS Sharpe: M50 (1.748, p=0.120)
2025-09-11 16:04:19,621 - INFO -   Best Q-Sharpe:  M28 (0.898, OOS_Sharpe=0.097, OOS_Hit=0.500)
2025-09-11 16:04:19,621 - INFO -   Mean OOS Sharpe: -0.629, Mean Hit: 0.460
2025-09-11 16:04:19,621 - INFO - 
2025-09-11 16:04:19,727 - INFO - Processing Fold 6/13
2025-09-11 16:04:19,880 - INFO -   Using multiprocessing with 9 workers
2025-09-11 16:13:43,398 - INFO - Fold 6 Summary:
2025-09-11 16:13:43,408 - INFO -   Best OOS Sharpe: M50 (1.795, p=0.080)
2025-09-11 16:13:43,408 - INFO -   Best Q-Sharpe:  M28 (0.737, OOS_Sharpe=-0.709, OOS_Hit=0.478)
2025-09-11 16:13:43,417 - INFO -   Mean OOS Sharpe: -0.032, Mean Hit: 0.473
2025-09-11 16:13:43,417 - INFO - 
2025-09-11 16:13:43,465 - INFO - Processing Fold 7/13
2025-09-11 16:13:43,632 - INFO -   Using multiprocessing with 9 workers
2025-09-11 16:22:15,662 - INFO - Fold 7 Summary:
2025-09-11 16:22:15,683 - INFO -   Best OOS Sharpe: M72 (1.983, p=0.080)
2025-09-11 16:22:15,683 - INFO -   Best Q-Sharpe:  M28 (0.782, OOS_Sharpe=1.185, OOS_Hit=0.566)
2025-09-11 16:22:15,683 - INFO -   Mean OOS Sharpe: 0.065, Mean Hit: 0.520
2025-09-11 16:22:15,683 - INFO - 
2025-09-11 16:22:15,771 - INFO - Processing Fold 8/13
2025-09-11 16:22:15,827 - INFO -   Using multiprocessing with 9 workers
2025-09-11 16:29:40,677 - INFO - Fold 8 Summary:
2025-09-11 16:29:40,687 - INFO -   Best OOS Sharpe: M38 (1.327, p=0.200)
2025-09-11 16:29:40,688 - INFO -   Best Q-Sharpe:  M28 (0.748, OOS_Sharpe=0.441, OOS_Hit=0.505)
2025-09-11 16:29:40,688 - INFO -   Mean OOS Sharpe: -0.537, Mean Hit: 0.478
2025-09-11 16:29:40,688 - INFO - 
2025-09-11 16:29:40,757 - INFO - Processing Fold 9/13
2025-09-11 16:29:40,837 - INFO -   Using multiprocessing with 9 workers
2025-09-11 16:34:52,220 - INFO - Fold 9 Summary:
2025-09-11 16:34:52,227 - INFO -   Best OOS Sharpe: M23 (2.803, p=0.020)
2025-09-11 16:34:52,227 - INFO -   Best Q-Sharpe:  M28 (0.900, OOS_Sharpe=2.269, OOS_Hit=0.522)
2025-09-11 16:34:52,227 - INFO -   Mean OOS Sharpe: 1.296, Mean Hit: 0.512
2025-09-11 16:34:52,227 - INFO - 
2025-09-11 16:34:52,268 - INFO - Processing Fold 10/13
2025-09-11 16:34:52,316 - INFO -   Using multiprocessing with 9 workers
2025-09-11 16:38:21,499 - INFO - Fold 10 Summary:
2025-09-11 16:38:21,503 - INFO -   Best OOS Sharpe: M06 (2.136, p=0.060)
2025-09-11 16:38:21,503 - INFO -   Best Q-Sharpe:  M28 (0.656, OOS_Sharpe=-1.541, OOS_Hit=0.429)
2025-09-11 16:38:21,503 - INFO -   Mean OOS Sharpe: 0.141, Mean Hit: 0.490
2025-09-11 16:38:21,503 - INFO - 
2025-09-11 16:38:21,539 - INFO - Processing Fold 11/13
2025-09-11 16:38:21,575 - INFO -   Using multiprocessing with 9 workers
2025-09-11 16:41:29,212 - INFO - Fold 11 Summary:
2025-09-11 16:41:29,217 - INFO -   Best OOS Sharpe: M97 (1.400, p=0.340)
2025-09-11 16:41:29,217 - INFO -   Best Q-Sharpe:  M28 (0.693, OOS_Sharpe=1.024, OOS_Hit=0.500)
2025-09-11 16:41:29,217 - INFO -   Mean OOS Sharpe: -0.184, Mean Hit: 0.469
2025-09-11 16:41:29,217 - INFO - 
2025-09-11 16:41:29,263 - INFO - Processing Fold 12/13
2025-09-11 16:41:29,303 - INFO -   Using multiprocessing with 9 workers
2025-09-11 16:43:51,441 - INFO - Fold 12 Summary:
2025-09-11 16:43:51,443 - INFO -   Best OOS Sharpe: M22 (1.959, p=0.060)
2025-09-11 16:43:51,443 - INFO -   Best Q-Sharpe:  M02 (0.555, OOS_Sharpe=1.190, OOS_Hit=0.462)
2025-09-11 16:43:51,443 - INFO -   Mean OOS Sharpe: -0.126, Mean Hit: 0.487
2025-09-11 16:43:51,443 - INFO - 
2025-09-11 16:43:51,483 - INFO - Processing Fold 13/13
2025-09-11 16:43:51,511 - INFO -   Using multiprocessing with 9 workers
2025-09-11 16:45:42,418 - INFO - Fold 13 Summary:
2025-09-11 16:45:42,422 - INFO -   Best OOS Sharpe: M22 (1.482, p=0.200)
2025-09-11 16:45:42,422 - INFO -   Best Q-Sharpe:  M28 (0.597, OOS_Sharpe=0.978, OOS_Hit=0.519)
2025-09-11 16:45:42,422 - INFO -   Mean OOS Sharpe: -0.839, Mean Hit: 0.475
2025-09-11 16:45:42,426 - INFO - 
2025-09-11 16:45:42,472 - INFO - Starting full timeline backtesting...
2025-09-11 16:45:42,472 - INFO - Running full timeline backtest with 13 folds (0-based indexing)
2025-09-11 16:45:42,473 - INFO - Fold 0 skipped (no prior Q-score history for meaningful selection)
2025-09-11 16:45:42,473 - INFO - Effective backtest period: Folds 1-12 (12 folds)
2025-09-11 16:45:42,474 - INFO - Training period: Folds 1-7
2025-09-11 16:45:42,474 - INFO - Production period: Folds 8-12
2025-09-11 16:45:42,474 - INFO - Using consistent OOS methodology for all folds
2025-09-11 16:45:42,476 - INFO - Fold 0: Skipped (no prior Q-score history for meaningful selection)
2025-09-11 16:45:42,476 - INFO - 
--- Processing fold 1/12 ---
2025-09-11 16:45:42,528 - INFO - Fold 1: Q-scores from fold 0: ['M00:-0.074', 'M01:-1.558', 'M02:0.529', 'M03:-1.574', 'M04:-0.686']...
2025-09-11 16:45:42,529 - INFO - Fold 1: Selected models [28, 80, 49, 38, 15] based on fold 0 Q-scores, avg Q-score: 1.037
2025-09-11 16:45:42,556 - INFO - Fold 1 (Training): Sharpe=-0.089, Hit=50.0%
2025-09-11 16:45:42,556 - INFO - 
--- Processing fold 2/12 ---
2025-09-11 16:45:42,597 - INFO - Fold 2: Q-scores from fold 1: ['M00:-0.138', 'M01:-1.432', 'M02:0.514', 'M03:-1.282', 'M04:-0.541']...
2025-09-11 16:45:42,598 - INFO - Fold 2: Selected models [28, 80, 49, 38, 88] based on fold 1 Q-scores, avg Q-score: 0.960
2025-09-11 16:45:42,601 - INFO - Fold 2 (Training): Sharpe=-0.962, Hit=44.5%
2025-09-11 16:45:42,601 - INFO - 
--- Processing fold 3/12 ---
2025-09-11 16:45:42,626 - INFO - Fold 3: Q-scores from fold 2: ['M00:-0.167', 'M01:-1.268', 'M02:0.463', 'M03:-1.320', 'M04:-0.383']...
2025-09-11 16:45:42,627 - INFO - Fold 3: Selected models [28, 80, 38, 49, 57] based on fold 2 Q-scores, avg Q-score: 0.795
2025-09-11 16:45:42,630 - INFO - Fold 3 (Training): Sharpe=0.210, Hit=44.0%
2025-09-11 16:45:42,630 - INFO - 
--- Processing fold 4/12 ---
2025-09-11 16:45:42,659 - INFO - Fold 4: Q-scores from fold 3: ['M00:-0.082', 'M01:-1.240', 'M02:0.548', 'M03:-1.035', 'M04:-0.215']...
2025-09-11 16:45:42,659 - INFO - Fold 4: Selected models [28, 38, 80, 57, 2] based on fold 3 Q-scores, avg Q-score: 0.741
2025-09-11 16:45:42,664 - INFO - Fold 4 (Training): Sharpe=-0.340, Hit=48.4%
2025-09-11 16:45:42,665 - INFO - 
--- Processing fold 5/12 ---
2025-09-11 16:45:42,686 - INFO - Fold 5: Q-scores from fold 4: ['M00:-0.078', 'M01:-1.168', 'M02:0.490', 'M03:-0.944', 'M04:-0.127']...
2025-09-11 16:45:42,687 - INFO - Fold 5: Selected models [28, 38, 57, 80, 49] based on fold 4 Q-scores, avg Q-score: 0.655
2025-09-11 16:45:42,689 - INFO - Fold 5 (Training): Sharpe=-0.545, Hit=49.5%
2025-09-11 16:45:42,689 - INFO - 
--- Processing fold 6/12 ---
2025-09-11 16:45:42,709 - INFO - Fold 6: Q-scores from fold 5: ['M00:0.019', 'M01:-0.997', 'M02:0.509', 'M03:-0.915', 'M04:-0.114']...
2025-09-11 16:45:42,710 - INFO - Fold 6: Selected models [28, 38, 80, 2, 57] based on fold 5 Q-scores, avg Q-score: 0.574
2025-09-11 16:45:42,712 - INFO - Fold 6 (Training): Sharpe=0.005, Hit=52.2%
2025-09-11 16:45:42,712 - INFO - 
--- Processing fold 7/12 ---
2025-09-11 16:45:42,731 - INFO - Fold 7: Q-scores from fold 6: ['M00:-0.044', 'M01:-0.832', 'M02:0.485', 'M03:-0.726', 'M04:-0.177']...
2025-09-11 16:45:42,731 - INFO - Fold 7: Selected models [28, 38, 2, 80, 57] based on fold 6 Q-scores, avg Q-score: 0.516
2025-09-11 16:45:42,733 - INFO - Fold 7 (Training): Sharpe=-0.711, Hit=45.6%
2025-09-11 16:45:42,733 - INFO - 
--- Processing fold 8/12 ---
2025-09-11 16:45:42,757 - INFO - Fold 8: Q-scores from fold 7: ['M00:0.082', 'M01:-0.823', 'M02:0.325', 'M03:-0.696', 'M04:-0.347']...
2025-09-11 16:45:42,758 - INFO - Fold 8: Selected models [28, 38, 2, 80, 60] based on fold 7 Q-scores, avg Q-score: 0.432
2025-09-11 16:45:42,761 - INFO - Fold 8 (Production): Sharpe=0.956, Hit=52.2%
2025-09-11 16:45:42,761 - INFO - 
--- Processing fold 9/12 ---
2025-09-11 16:45:42,783 - INFO - Fold 9: Q-scores from fold 8: ['M00:0.030', 'M01:-0.657', 'M02:0.511', 'M03:-0.538', 'M04:-0.165']...
2025-09-11 16:45:42,783 - INFO - Fold 9: Selected models [28, 2, 38, 43, 17] based on fold 8 Q-scores, avg Q-score: 0.507
2025-09-11 16:45:42,786 - INFO - Fold 9 (Production): Sharpe=-0.148, Hit=48.9%
2025-09-11 16:45:42,786 - INFO - 
--- Processing fold 10/12 ---
2025-09-11 16:45:42,819 - INFO - Fold 10: Q-scores from fold 9: ['M00:-0.059', 'M01:-0.586', 'M02:0.447', 'M03:-0.432', 'M04:-0.113']...
2025-09-11 16:45:42,820 - INFO - Fold 10: Selected models [28, 2, 17, 38, 88] based on fold 9 Q-scores, avg Q-score: 0.446
2025-09-11 16:45:42,822 - INFO - Fold 10 (Production): Sharpe=0.737, Hit=46.7%
2025-09-11 16:45:42,822 - INFO - 
--- Processing fold 11/12 ---
2025-09-11 16:45:42,853 - INFO - Fold 11: Q-scores from fold 10: ['M00:-0.078', 'M01:-0.579', 'M02:0.484', 'M03:-0.440', 'M04:-0.120']...
2025-09-11 16:45:42,853 - INFO - Fold 11: Selected models [28, 2, 38, 17, 88] based on fold 10 Q-scores, avg Q-score: 0.455
2025-09-11 16:45:42,855 - INFO - Fold 11 (Production): Sharpe=-0.644, Hit=48.9%
2025-09-11 16:45:42,855 - INFO - 
--- Processing fold 12/12 ---
2025-09-11 16:45:42,882 - INFO - Fold 12: Q-scores from fold 11: ['M00:-0.134', 'M01:-0.522', 'M02:0.555', 'M03:-0.390', 'M04:-0.259']...
2025-09-11 16:45:42,882 - INFO - Fold 12: Selected models [2, 28, 88, 80, 15] based on fold 11 Q-scores, avg Q-score: 0.393
2025-09-11 16:45:42,883 - INFO - Fold 12 (Production): Sharpe=-0.180, Hit=48.1%
2025-09-11 16:45:42,884 - INFO - Training Period Overall: Sharpe=-0.353, Hit=57.2%
2025-09-11 16:45:42,885 - INFO - Production Period Overall: Sharpe=0.209, Hit=53.1%
2025-09-11 16:45:42,888 - INFO - Full Timeline Overall: Sharpe=-0.116, Hit=55.5%
2025-09-11 16:45:42,888 - INFO - Training: Sharpe=-0.353 | Hit=57.2% | Return=-2.42%
2025-09-11 16:45:42,888 - INFO - Production: Sharpe=0.209 | Hit=53.1% | Return=1.46%
2025-09-11 16:45:42,888 - INFO - Full Timeline: Sharpe=-0.116 | Hit=55.5% | Return=-0.80%
2025-09-11 16:45:42,888 - INFO - Generating visualizations...
2025-09-11 16:45:42,888 - INFO - Creating clean visualizations for 100 models...
2025-09-11 16:45:47,792 - INFO - Clean fold-by-fold analysis saved to: 20250911_154800_fold_@ES#C_100models_15folds_100M_15F_expand_standard_100feat.png
2025-09-11 16:45:52,114 - INFO - Detailed production analysis saved to: 20250911_154800_backtest_@ES#C_100models_15folds_100M_15F_expand_standard_100feat.png
2025-09-11 16:45:52,117 - INFO - ================================================================================
2025-09-11 16:45:52,117 - INFO - BACKTEST SUMMARY
2025-09-11 16:45:52,117 - INFO - ================================================================================
2025-09-11 16:45:52,117 - INFO - Config: Cutoff=70%, Top N=5, Q-Metric=sharpe, Reselection=1 fold(s)
2025-09-11 16:45:52,117 - INFO - Model Selection History:
2025-09-11 16:45:52,117 - INFO -   Fold 1: M28, M80, M49, M38, M15 (Avg Q-sharpe: 1.037)
2025-09-11 16:45:52,117 - INFO -   Fold 2: M28, M80, M49, M38, M88 (Avg Q-sharpe: 0.960)
2025-09-11 16:45:52,117 - INFO -   Fold 3: M28, M80, M38, M49, M57 (Avg Q-sharpe: 0.795)
2025-09-11 16:45:52,117 - INFO -   Fold 4: M28, M38, M80, M57, M02 (Avg Q-sharpe: 0.741)
2025-09-11 16:45:52,117 - INFO -   Fold 5: M28, M38, M57, M80, M49 (Avg Q-sharpe: 0.655)
2025-09-11 16:45:52,117 - INFO -   Fold 6: M28, M38, M80, M02, M57 (Avg Q-sharpe: 0.574)
2025-09-11 16:45:52,117 - INFO -   Fold 7: M28, M38, M02, M80, M57 (Avg Q-sharpe: 0.516)
2025-09-11 16:45:52,117 - INFO -   Fold 8: M28, M38, M02, M80, M60 (Avg Q-sharpe: 0.432)
2025-09-11 16:45:52,117 - INFO -   Fold 9: M28, M02, M38, M43, M17 (Avg Q-sharpe: 0.507)
2025-09-11 16:45:52,117 - INFO -   Fold 10: M28, M02, M17, M38, M88 (Avg Q-sharpe: 0.446)
2025-09-11 16:45:52,117 - INFO -   Fold 11: M28, M02, M38, M17, M88 (Avg Q-sharpe: 0.455)
2025-09-11 16:45:52,117 - INFO -   Fold 12: M02, M28, M88, M80, M15 (Avg Q-sharpe: 0.393)
2025-09-11 16:45:52,117 - INFO - 
2025-09-11 16:45:52,117 - INFO - Fold-by-Fold Performance:
2025-09-11 16:45:52,117 - INFO -   Fold 1: M28, M80, M49, M38, M15 | Sharpe=-0.089 | Hit=50.0% | Samples=182
2025-09-11 16:45:52,117 - INFO -   Fold 2: M28, M80, M49, M38, M88 | Sharpe=-0.962 | Hit=44.5% | Samples=182
2025-09-11 16:45:52,117 - INFO -   Fold 3: M28, M80, M38, M49, M57 | Sharpe=0.210 | Hit=44.0% | Samples=182
2025-09-11 16:45:52,117 - INFO -   Fold 4: M28, M38, M80, M57, M02 | Sharpe=-0.340 | Hit=48.4% | Samples=182
2025-09-11 16:45:52,118 - INFO -   Fold 5: M28, M38, M57, M80, M49 | Sharpe=-0.545 | Hit=49.5% | Samples=182
2025-09-11 16:45:52,118 - INFO -   Fold 6: M28, M38, M80, M02, M57 | Sharpe=0.005 | Hit=52.2% | Samples=182
2025-09-11 16:45:52,118 - INFO -   Fold 7: M28, M38, M02, M80, M57 | Sharpe=-0.711 | Hit=45.6% | Samples=182
2025-09-11 16:45:52,118 - INFO -   Fold 8: M28, M38, M02, M80, M60 | Sharpe=0.956 | Hit=52.2% | Samples=182
2025-09-11 16:45:52,118 - INFO -   Fold 9: M28, M02, M38, M43, M17 | Sharpe=-0.148 | Hit=48.9% | Samples=182
2025-09-11 16:45:52,118 - INFO -   Fold 10: M28, M02, M17, M38, M88 | Sharpe=0.737 | Hit=46.7% | Samples=182
2025-09-11 16:45:52,118 - INFO -   Fold 11: M28, M02, M38, M17, M88 | Sharpe=-0.644 | Hit=48.9% | Samples=182
2025-09-11 16:45:52,118 - INFO -   Fold 12: M02, M28, M88, M80, M15 | Sharpe=-0.180 | Hit=48.1% | Samples=185
2025-09-11 16:45:52,118 - INFO - ================================================================================
2025-09-11 16:45:52,118 - INFO - ================================================================================
2025-09-11 16:45:52,118 - INFO - ANALYSIS COMPLETED SUCCESSFULLY!
2025-09-11 16:45:52,118 - INFO - ================================================================================
2025-09-11 16:45:52,118 - INFO - Generated 2 visualization files
2025-09-11 16:45:52,118 - INFO -   - 20250911_154800_fold_@ES#C_100models_15folds_100M_15F_expand_standard_100feat.png
2025-09-11 16:45:52,118 - INFO -   - 20250911_154800_backtest_@ES#C_100models_15folds_100M_15F_expand_standard_100feat.png
2025-09-11 16:45:52,118 - INFO - Training Final: Sharpe=-0.353 | Hit=57.2% | Return=-2.42% | CB=-0.135
2025-09-11 16:45:52,118 - INFO - Production Final: Sharpe=0.209 | Hit=53.1% | Return=1.46% | CB=0.122
2025-09-11 16:45:52,118 - INFO - Full Timeline Final: Sharpe=-0.116 | Hit=55.5% | Return=-0.80% | CB=-0.045
