2025-09-11 01:30:21,803 - INFO - ================================================================================
2025-09-11 01:30:21,804 - INFO - XGBoost Comparison Framework
2025-09-11 01:30:21,804 - INFO - ================================================================================
2025-09-11 01:30:21,804 - INFO - Configuration:
2025-09-11 01:30:21,804 - INFO -   Target Symbol: @ES#C
2025-09-11 01:30:21,804 - INFO -   Date Range: 2015-01-01 to 2025-08-01
2025-09-11 01:30:21,804 - INFO -   Models: 75, Type: standard
2025-09-11 01:30:21,804 - INFO -   Folds: 8
2025-09-11 01:30:21,804 - INFO -   Max Features: 100 (Limited)
2025-09-11 01:30:21,804 - INFO -   Feature Selection: Enabled
2025-09-11 01:30:21,804 - INFO -   Inner Val Fraction: 0.2
2025-09-11 01:30:21,804 - INFO -   EWMA Alpha: 0.1, Quality Halflife: 63 days
2025-09-11 01:30:21,804 - INFO -   Signal Type: Tanh Normalized
2025-09-11 01:30:21,804 - INFO -   Cross-validation: Rolling 504 days
2025-09-11 01:30:21,804 - INFO -   Production: Cutoff=0.6, Top N=7, Q-Metric=hit_rate
2025-09-11 01:30:21,804 - INFO -   Reselection: Every 1 fold(s)
2025-09-11 01:30:21,804 - INFO - 
2025-09-11 01:30:24,941 - INFO - Loaded: X=(2733, 1054), y=(2733,)
2025-09-11 01:30:32,262 - INFO - Selected 100 features (threshold: 0.7)
2025-09-11 01:30:32,267 - INFO - Selected: 100 features
2025-09-11 01:30:32,529 - INFO - GPU detection: CUDA GPU available
2025-09-11 01:30:32,529 - INFO - Processing mode: GPU sequential (optimal for large model counts)
2025-09-11 01:30:32,529 - INFO -   Total models to train: 600
2025-09-11 01:30:32,529 - INFO -   GPU available: True
2025-09-11 01:30:32,548 - INFO - GPU detection: CUDA GPU available
2025-09-11 01:30:32,549 - INFO - Using rolling window: 504 days
2025-09-11 01:30:32,549 - INFO - Starting analysis: 75 standard models x 6 folds
2025-09-11 01:30:32,549 - INFO - Processing Fold 1/6
2025-09-11 01:30:32,553 - INFO -   Using GPU sequential processing
2025-09-11 01:31:54,696 - INFO - Fold 1 Summary:
2025-09-11 01:31:54,696 - INFO -   Best OOS Sharpe: M67 (1.828, p=0.030)
2025-09-11 01:31:54,696 - INFO -   Best Q-Hit_Rate:  M01 (0.537, OOS_Sharpe=0.732, OOS_Hit=0.537)
2025-09-11 01:31:54,696 - INFO -   Mean OOS Sharpe: -0.133, Mean Hit: 0.486
2025-09-11 01:31:54,696 - INFO - 
2025-09-11 01:31:54,698 - INFO - Processing Fold 2/6
2025-09-11 01:31:54,701 - INFO -   Using GPU sequential processing
2025-09-11 01:32:41,724 - INFO - Fold 2 Summary:
2025-09-11 01:32:41,724 - INFO -   Best OOS Sharpe: M15 (1.714, p=0.050)
2025-09-11 01:32:41,724 - INFO -   Best Q-Hit_Rate:  M01 (0.535, OOS_Sharpe=0.050, OOS_Hit=0.522)
2025-09-11 01:32:41,724 - INFO -   Mean OOS Sharpe: 0.305, Mean Hit: 0.488
2025-09-11 01:32:41,725 - INFO - 
2025-09-11 01:32:41,726 - INFO - Processing Fold 3/6
2025-09-11 01:32:41,729 - INFO -   Using GPU sequential processing
2025-09-11 01:33:16,248 - INFO - Fold 3 Summary:
2025-09-11 01:33:16,248 - INFO -   Best OOS Sharpe: M14 (2.577, p=0.010)
2025-09-11 01:33:16,248 - INFO -   Best Q-Hit_Rate:  M01 (0.533, OOS_Sharpe=0.615, OOS_Hit=0.516)
2025-09-11 01:33:16,248 - INFO -   Mean OOS Sharpe: 1.427, Mean Hit: 0.536
2025-09-11 01:33:16,248 - INFO - 
2025-09-11 01:33:16,250 - INFO - Processing Fold 4/6
2025-09-11 01:33:16,253 - INFO -   Using GPU sequential processing
2025-09-11 01:33:50,892 - INFO - Fold 4 Summary:
2025-09-11 01:33:50,892 - INFO -   Best OOS Sharpe: M25 (0.617, p=0.510)
2025-09-11 01:33:50,892 - INFO -   Best Q-Hit_Rate:  M01 (0.528, OOS_Sharpe=-0.638, OOS_Hit=0.478)
2025-09-11 01:33:50,892 - INFO -   Mean OOS Sharpe: -0.649, Mean Hit: 0.486
2025-09-11 01:33:50,892 - INFO - 
2025-09-11 01:33:50,894 - INFO - Processing Fold 5/6
2025-09-11 01:33:50,897 - INFO -   Using GPU sequential processing
2025-09-11 01:34:25,304 - INFO - Fold 5 Summary:
2025-09-11 01:34:25,304 - INFO -   Best OOS Sharpe: M45 (2.266, p=0.030)
2025-09-11 01:34:25,304 - INFO -   Best Q-Hit_Rate:  M01 (0.527, OOS_Sharpe=0.568, OOS_Hit=0.525)
2025-09-11 01:34:25,305 - INFO -   Mean OOS Sharpe: 0.965, Mean Hit: 0.530
2025-09-11 01:34:25,305 - INFO - 
2025-09-11 01:34:25,307 - INFO - Processing Fold 6/6
2025-09-11 01:34:25,311 - INFO -   Using GPU sequential processing
2025-09-11 01:34:59,958 - INFO - Fold 6 Summary:
2025-09-11 01:34:59,958 - INFO -   Best OOS Sharpe: M39 (0.470, p=0.560)
2025-09-11 01:34:59,958 - INFO -   Best Q-Hit_Rate:  M01 (0.525, OOS_Sharpe=-0.188, OOS_Hit=0.500)
2025-09-11 01:34:59,958 - INFO -   Mean OOS Sharpe: -0.691, Mean Hit: 0.488
2025-09-11 01:34:59,958 - INFO - 
2025-09-11 01:34:59,960 - INFO - Starting full timeline backtesting...
2025-09-11 01:34:59,960 - INFO - Running full timeline backtest with 6 folds (starting from fold 2)
2025-09-11 01:34:59,960 - INFO - Fold 1 skipped (no Q-score history for meaningful selection)
2025-09-11 01:34:59,960 - INFO - Effective backtest period: Folds 2-6 (5 folds)
2025-09-11 01:34:59,960 - INFO - Training period: Folds 2-4
2025-09-11 01:34:59,960 - INFO - Production period: Folds 5-6
2025-09-11 01:34:59,960 - INFO - Using same OOS methodology for both periods
2025-09-11 01:34:59,960 - INFO - Fold 1: Skipped (no prior Q-score history for meaningful selection)
2025-09-11 01:34:59,960 - INFO - Processing fold 2/6
2025-09-11 01:34:59,978 - INFO - Fold 2: Q-scores from fold 0: ['M00:0.478', 'M01:0.537', 'M02:0.481', 'M03:0.487', 'M04:0.499']...
2025-09-11 01:34:59,978 - INFO - Fold 2: First meaningful selection based on fold 1 Q-scores, models [1, 29, 66, 46, 44, 12, 67], avg Q-score: 0.527
2025-09-11 01:34:59,981 - INFO - Fold 2 (Training): Sharpe=-0.120, Hit=49.9%
2025-09-11 01:34:59,981 - INFO - Processing fold 3/6
2025-09-11 01:34:59,998 - INFO - Fold 3: Q-scores from fold 1: ['M00:0.475', 'M01:0.535', 'M02:0.482', 'M03:0.483', 'M04:0.496']...
2025-09-11 01:34:59,999 - INFO - Fold 3: Selected based on fold 2 Q-scores, models [1, 29, 66, 46, 12, 44, 67], avg Q-score: 0.523
2025-09-11 01:35:00,001 - INFO - Fold 3 (Training): Sharpe=1.804, Hit=56.0%
2025-09-11 01:35:00,001 - INFO - Processing fold 4/6
2025-09-11 01:35:00,018 - INFO - Fold 4: Q-scores from fold 2: ['M00:0.477', 'M01:0.533', 'M02:0.489', 'M03:0.491', 'M04:0.500']...
2025-09-11 01:35:00,019 - INFO - Fold 4: Selected based on fold 3 Q-scores, models [1, 29, 66, 46, 67, 44, 12], avg Q-score: 0.523
2025-09-11 01:35:00,021 - INFO - Fold 4 (Training): Sharpe=-0.750, Hit=47.2%
2025-09-11 01:35:00,021 - INFO - Processing fold 5/6
2025-09-11 01:35:00,034 - INFO - Fold 5: Q-scores from fold 3: ['M00:0.478', 'M01:0.528', 'M02:0.491', 'M03:0.494', 'M04:0.499']...
2025-09-11 01:35:00,034 - INFO - Fold 5: Selected based on fold 4 Q-scores, models [1, 66, 29, 46, 67, 12, 44], avg Q-score: 0.519
2025-09-11 01:35:00,036 - INFO - Fold 5 (Production): Sharpe=1.055, Hit=53.4%
2025-09-11 01:35:00,036 - INFO - Processing fold 6/6
2025-09-11 01:35:00,050 - INFO - Fold 6: Q-scores from fold 4: ['M00:0.484', 'M01:0.527', 'M02:0.495', 'M03:0.498', 'M04:0.503']...
2025-09-11 01:35:00,050 - INFO - Fold 6: Selected based on fold 5 Q-scores, models [1, 66, 29, 46, 71, 54, 67], avg Q-score: 0.519
2025-09-11 01:35:00,052 - INFO - Fold 6 (Production): Sharpe=-0.704, Hit=47.7%
2025-09-11 01:35:00,054 - INFO - Training Period Overall: Sharpe=0.339, Hit=55.0%
2025-09-11 01:35:00,055 - INFO - Production Period Overall: Sharpe=0.640, Hit=54.9%
2025-09-11 01:35:00,056 - INFO - Full Timeline Overall: Sharpe=0.442, Hit=55.0%
2025-09-11 01:35:00,056 - INFO - Training: Sharpe=0.339 | Hit=55.0% | Return=2.05%
2025-09-11 01:35:00,056 - INFO - Production: Sharpe=0.640 | Hit=54.9% | Return=3.10%
2025-09-11 01:35:00,056 - INFO - Full Timeline: Sharpe=0.442 | Hit=55.0% | Return=2.47%
2025-09-11 01:35:00,056 - INFO - Generating visualizations...
2025-09-11 01:35:00,057 - INFO - Creating clean visualizations for 75 models...
2025-09-11 01:35:01,549 - INFO - Saved with DPI=200, estimated height=6900px, showing 15/75 models
2025-09-11 01:35:01,549 - INFO - Clean fold-by-fold analysis saved to: 20250911_013500_fold_@ES#C_75models_8folds_ES_504d_75models_optimization.png
2025-09-11 01:35:01,549 - INFO - Image optimized for 75 models x 6 folds: DPI=200, Height=34.5in
2025-09-11 01:35:02,066 - INFO - Using actual training period PnL (1023 days)
2025-09-11 01:35:03,560 - INFO - Detailed production analysis saved to: 20250911_013500_backtest_@ES#C_75models_8folds_ES_504d_75models_optimization.png
2025-09-11 01:35:03,560 - INFO - ================================================================================
2025-09-11 01:35:03,560 - INFO - BACKTEST SUMMARY
2025-09-11 01:35:03,560 - INFO - ================================================================================
2025-09-11 01:35:03,560 - INFO - Config: Cutoff=70%, Top N=5, Q-Metric=sharpe, Reselection=1 fold(s)
2025-09-11 01:35:03,560 - INFO - Model Selection History:
2025-09-11 01:35:03,560 - INFO -   Fold 2: M01, M29, M66, M46, M44, M12, M67 (Avg Q-sharpe: 0.527)
2025-09-11 01:35:03,560 - INFO -   Fold 3: M01, M29, M66, M46, M12, M44, M67 (Avg Q-sharpe: 0.523)
2025-09-11 01:35:03,560 - INFO -   Fold 4: M01, M29, M66, M46, M67, M44, M12 (Avg Q-sharpe: 0.523)
2025-09-11 01:35:03,560 - INFO -   Fold 5: M01, M66, M29, M46, M67, M12, M44 (Avg Q-sharpe: 0.519)
2025-09-11 01:35:03,561 - INFO -   Fold 6: M01, M66, M29, M46, M71, M54, M67 (Avg Q-sharpe: 0.519)
2025-09-11 01:35:03,561 - INFO - 
2025-09-11 01:35:03,561 - INFO - Fold-by-Fold Performance:
2025-09-11 01:35:03,561 - INFO -   Fold 2: M01, M29, M66, M46, M44, M12, M67 | Sharpe=-0.120 | Hit=49.9% | Samples=341
2025-09-11 01:35:03,561 - INFO -   Fold 3: M01, M29, M66, M46, M12, M44, M67 | Sharpe=1.804 | Hit=56.0% | Samples=341
2025-09-11 01:35:03,561 - INFO -   Fold 4: M01, M29, M66, M46, M67, M44, M12 | Sharpe=-0.750 | Hit=47.2% | Samples=341
2025-09-11 01:35:03,561 - INFO -   Fold 5: M01, M66, M29, M46, M67, M12, M44 | Sharpe=1.055 | Hit=53.4% | Samples=341
2025-09-11 01:35:03,561 - INFO -   Fold 6: M01, M66, M29, M46, M71, M54, M67 | Sharpe=-0.704 | Hit=47.7% | Samples=346
2025-09-11 01:35:03,561 - INFO - ================================================================================
2025-09-11 01:35:03,561 - INFO - ================================================================================
2025-09-11 01:35:03,561 - INFO - ANALYSIS COMPLETED SUCCESSFULLY!
2025-09-11 01:35:03,561 - INFO - ================================================================================
2025-09-11 01:35:03,561 - INFO - Generated 2 visualization files
2025-09-11 01:35:03,561 - INFO -   - 20250911_013500_fold_@ES#C_75models_8folds_ES_504d_75models_optimization.png
2025-09-11 01:35:03,561 - INFO -   - 20250911_013500_backtest_@ES#C_75models_8folds_ES_504d_75models_optimization.png
2025-09-11 01:35:03,561 - INFO - 
Final Results: Sharpe=0.442 | Hit=55.0% | Return=2.47%
