2025-09-09 11:37:16,109 - INFO - ================================================================================
2025-09-09 11:37:16,110 - INFO - XGBoost Comparison Framework
2025-09-09 11:37:16,110 - INFO - ================================================================================
2025-09-09 11:37:16,110 - INFO - Configuration:
2025-09-09 11:37:16,110 - INFO -   Target Symbol: @ES#C
2025-09-09 11:37:16,110 - INFO -   Date Range: 2015-01-01 to 2025-08-01
2025-09-09 11:37:16,110 - INFO -   Models: 100, Type: standard
2025-09-09 11:37:16,110 - INFO -   Folds: 15
2025-09-09 11:37:16,111 - INFO -   Max Features: -1 (All after cluster reduction)
2025-09-09 11:37:16,111 - INFO -   Feature Selection: Enabled
2025-09-09 11:37:16,111 - INFO -   Inner Val Fraction: 0.2
2025-09-09 11:37:16,111 - INFO -   EWMA Alpha: 0.1, Quality Halflife: 63 days
2025-09-09 11:37:16,111 - INFO -   Signal Type: Tanh Normalized
2025-09-09 11:37:16,111 - INFO -   Production: Cutoff=0.6, Top N=5, Q-Metric=sharpe
2025-09-09 11:37:16,111 - INFO -   Reselection: Every 1 fold(s)
2025-09-09 11:37:16,111 - INFO - 
2025-09-09 11:37:19,071 - INFO - Loaded: X=(2733, 1054), y=(2733,)
2025-09-09 11:37:25,630 - INFO - Selected 400 features (threshold: 0.7)
2025-09-09 11:37:25,636 - INFO - Selected: 400 features
2025-09-09 11:37:26,070 - INFO - GPU detection: CUDA GPU available
2025-09-09 11:37:26,073 - INFO - Starting analysis: 100 standard models x 13 folds
2025-09-09 11:37:26,073 - INFO - Processing Fold 1/15
2025-09-09 11:37:58,290 - INFO - Fold 1 Summary:
2025-09-09 11:37:58,290 - INFO -   Best OOS Sharpe: M12 (1.274, p=0.380)
2025-09-09 11:37:58,290 - INFO -   Best Q-Sharpe:   M00 (0.000, OOS=0.144)
2025-09-09 11:37:58,290 - INFO -   Mean OOS Sharpe: -0.973
2025-09-09 11:37:58,290 - INFO - 
2025-09-09 11:37:58,291 - INFO - Processing Fold 2/15
