2025-09-09 10:00:07,628 - INFO - ================================================================================
2025-09-09 10:00:07,628 - INFO - XGBoost Comparison Framework
2025-09-09 10:00:07,629 - INFO - ================================================================================
2025-09-09 10:00:07,629 - INFO - Configuration:
2025-09-09 10:00:07,629 - INFO -   Target Symbol: @ES#C
2025-09-09 10:00:07,629 - INFO -   Date Range: 2015-01-01 to 2025-08-01
2025-09-09 10:00:07,629 - INFO -   Models: 100, Type: standard
2025-09-09 10:00:07,629 - INFO -   Folds: 15
2025-09-09 10:00:07,629 - INFO -   Max Features: -1 (All after cluster reduction)
2025-09-09 10:00:07,629 - INFO -   Feature Selection: Enabled
2025-09-09 10:00:07,629 - INFO -   Inner Val Fraction: 0.2
2025-09-09 10:00:07,629 - INFO -   EWMA Alpha: 0.1, Quality Halflife: 63 days
2025-09-09 10:00:07,629 - INFO -   Signal Type: Tanh Normalized
2025-09-09 10:00:07,629 - INFO -   Production: Cutoff=0.6, Top N=10, Q-Metric=sharpe
2025-09-09 10:00:07,630 - INFO -   Reselection: Every 1 fold(s)
2025-09-09 10:00:07,630 - INFO - 
2025-09-09 10:00:10,496 - INFO - Loaded: (2733, 1054)
2025-09-09 10:00:10,511 - INFO - Features: 1054
2025-09-09 10:00:10,938 - INFO - GPU detection: CUDA GPU available
2025-09-09 10:00:10,941 - INFO - ============================================================
2025-09-09 10:00:10,942 - INFO - Starting Cross-Validation: 100 standard models x 13 folds
2025-09-09 10:00:10,942 - INFO - Multiprocessing: Enabled
2025-09-09 10:00:10,942 - INFO - ============================================================
2025-09-09 10:00:10,942 - INFO - 
Processing Fold 1/15
2025-09-09 10:00:11,050 - INFO -   Train: 364, Val: 73, Test: 182 samples
2025-09-09 10:00:11,051 - INFO -   CPU mode - Parallel processing (8 workers)
