2025-09-09 09:49:06,802 - INFO - ================================================================================
2025-09-09 09:49:06,802 - INFO - XGBoost Comparison Framework
2025-09-09 09:49:06,802 - INFO - ================================================================================
2025-09-09 09:49:06,802 - INFO - Configuration:
2025-09-09 09:49:06,802 - INFO -   Target Symbol: @ES#C
2025-09-09 09:49:06,802 - INFO -   Date Range: 2015-01-01 to 2025-08-01
2025-09-09 09:49:06,802 - INFO -   Models: 100, Type: standard
2025-09-09 09:49:06,802 - INFO -   Folds: 15
2025-09-09 09:49:06,803 - INFO -   Max Features: -1 (All after cluster reduction)
2025-09-09 09:49:06,803 - INFO -   Feature Selection: Enabled
2025-09-09 09:49:06,803 - INFO -   Inner Val Fraction: 0.2
2025-09-09 09:49:06,803 - INFO -   EWMA Alpha: 0.1, Quality Halflife: 63 days
2025-09-09 09:49:06,803 - INFO -   Signal Type: Tanh Normalized
2025-09-09 09:49:06,803 - INFO -   Production: Cutoff=0.6, Top N=5, Q-Metric=sharpe
2025-09-09 09:49:06,803 - INFO -   Reselection: Every 1 fold(s)
2025-09-09 09:49:06,803 - INFO - 
2025-09-09 09:49:09,579 - INFO - Loaded: (2733, 1054)
2025-09-09 09:49:16,348 - INFO - Selected 50 features (threshold: 0.7)
2025-09-09 09:49:16,353 - INFO - Features: 50
2025-09-09 09:49:16,641 - INFO - GPU detection: CUDA GPU available
2025-09-09 09:49:16,643 - INFO - ============================================================
2025-09-09 09:49:16,644 - INFO - Starting Cross-Validation: 100 standard models x 13 folds
2025-09-09 09:49:16,644 - INFO - Multiprocessing: Enabled
2025-09-09 09:49:16,644 - INFO - ============================================================
2025-09-09 09:49:16,644 - INFO - 
Processing Fold 1/15
2025-09-09 09:49:16,655 - INFO -   CPU mode - Training 100 models
2025-09-09 09:49:16,655 - INFO -   Train: 364, Val: 73, Test: 182 samples
2025-09-09 09:49:16,655 - INFO -   Using 8 parallel workers
2025-09-09 09:49:29,987 - INFO -   Best OOS: M43 (Sharpe=1.466, p=0.280)
2025-09-09 09:49:29,987 - INFO -   Best Q:   M00 (Q=0.000)
2025-09-09 09:49:29,987 - INFO -   Mean OOS Sharpe: -0.880

2025-09-09 09:49:29,987 - INFO - 
Processing Fold 2/15
2025-09-09 09:49:29,994 - INFO -   CPU mode - Training 100 models
2025-09-09 09:49:29,994 - INFO -   Train: 546, Val: 110, Test: 182 samples
2025-09-09 09:49:29,995 - INFO -   Using 8 parallel workers
2025-09-09 09:49:44,109 - INFO -   Best OOS: M09 (Sharpe=0.793, p=0.520)
2025-09-09 09:49:44,109 - INFO -   Best Q:   M43 (Q=1.466)
2025-09-09 09:49:44,109 - INFO -   Mean OOS Sharpe: -0.928

2025-09-09 09:49:44,109 - INFO - 
Processing Fold 3/15
2025-09-09 09:49:44,122 - INFO -   CPU mode - Training 100 models
2025-09-09 09:49:44,122 - INFO -   Train: 728, Val: 146, Test: 182 samples
2025-09-09 09:49:44,122 - INFO -   Using 8 parallel workers
2025-09-09 09:49:58,471 - INFO -   Best OOS: M14 (Sharpe=1.887, p=0.090)
2025-09-09 09:49:58,471 - INFO -   Best Q:   M43 (Q=1.266)
2025-09-09 09:49:58,472 - INFO -   Mean OOS Sharpe: -0.101

2025-09-09 09:49:58,472 - INFO - 
Processing Fold 4/15
2025-09-09 09:49:58,482 - INFO -   CPU mode - Training 100 models
2025-09-09 09:49:58,482 - INFO -   Train: 910, Val: 182, Test: 182 samples
2025-09-09 09:49:58,482 - INFO -   Using 8 parallel workers
