2025-09-09 10:25:30,728 - INFO - ================================================================================
2025-09-09 10:25:30,728 - INFO - XGBoost Comparison Framework
2025-09-09 10:25:30,729 - INFO - ================================================================================
2025-09-09 10:25:30,729 - INFO - Configuration:
2025-09-09 10:25:30,729 - INFO -   Target Symbol: @ES#C
2025-09-09 10:25:30,729 - INFO -   Date Range: 2015-01-01 to 2025-08-01
2025-09-09 10:25:30,729 - INFO -   Models: 100, Type: standard
2025-09-09 10:25:30,729 - INFO -   Folds: 15
2025-09-09 10:25:30,730 - INFO -   Max Features: -1 (All after cluster reduction)
2025-09-09 10:25:30,730 - INFO -   Feature Selection: Enabled
2025-09-09 10:25:30,730 - INFO -   Inner Val Fraction: 0.2
2025-09-09 10:25:30,730 - INFO -   EWMA Alpha: 0.1, Quality Halflife: 63 days
2025-09-09 10:25:30,730 - INFO -   Signal Type: Tanh Normalized
2025-09-09 10:25:30,730 - INFO -   Production: Cutoff=0.6, Top N=10, Q-Metric=sharpe
2025-09-09 10:25:30,730 - INFO -   Reselection: Every 1 fold(s)
2025-09-09 10:25:30,730 - INFO - 
2025-09-09 10:25:34,351 - INFO - Loaded: (2733, 1054)
2025-09-09 10:25:45,807 - INFO - Selected 401 features (threshold: 0.7)
2025-09-09 10:25:45,818 - INFO - Features: 401
2025-09-09 10:25:46,509 - INFO - GPU detection: CUDA GPU available
2025-09-09 10:25:46,650 - INFO - ============================================================
2025-09-09 10:25:46,650 - INFO - Cross-Validation: 100 standard models x 13 folds
2025-09-09 10:25:46,650 - INFO - Processing: GPU Sequential
2025-09-09 10:25:46,650 - INFO - ============================================================
2025-09-09 10:25:46,650 - INFO - 
Fold 1/13
