2025-09-09 12:34:07,542 - INFO - ================================================================================
2025-09-09 12:34:07,543 - INFO - XGBoost Comparison Framework
2025-09-09 12:34:07,543 - INFO - ================================================================================
2025-09-09 12:34:07,543 - INFO - Configuration:
2025-09-09 12:34:07,543 - INFO -   Target Symbol: @ES#C
2025-09-09 12:34:07,543 - INFO -   Date Range: 2015-01-01 to 2025-08-01
2025-09-09 12:34:07,543 - INFO -   Models: 100, Type: deep
2025-09-09 12:34:07,543 - INFO -   Folds: 15
2025-09-09 12:34:07,543 - INFO -   Max Features: -1 (All after cluster reduction)
2025-09-09 12:34:07,543 - INFO -   Feature Selection: Enabled
2025-09-09 12:34:07,543 - INFO -   Inner Val Fraction: 0.2
2025-09-09 12:34:07,543 - INFO -   EWMA Alpha: 0.1, Quality Halflife: 63 days
2025-09-09 12:34:07,543 - INFO -   Signal Type: Binary (+1/-1)
2025-09-09 12:34:07,543 - INFO -   Production: Cutoff=0.6, Top N=10, Q-Metric=sharpe
2025-09-09 12:34:07,543 - INFO -   Reselection: Every 1 fold(s)
2025-09-09 12:34:07,543 - INFO - 
2025-09-09 12:34:11,159 - INFO - Loaded: X=(2733, 1054), y=(2733,)
2025-09-09 12:34:21,452 - INFO - Selected 400 features (threshold: 0.7)
2025-09-09 12:34:21,473 - INFO - Selected: 400 features
2025-09-09 12:34:21,675 - INFO - GPU detection: CUDA GPU available
2025-09-09 12:34:21,675 - INFO - Processing mode: GPU sequential (optimal for large model counts)
2025-09-09 12:34:21,675 - INFO -   Total models to train: 1500
2025-09-09 12:34:21,675 - INFO -   GPU available: True
2025-09-09 12:34:21,684 - INFO - GPU detection: CUDA GPU available
2025-09-09 12:34:21,688 - INFO - Starting analysis: 100 deep models x 13 folds
2025-09-09 12:34:21,688 - INFO - Processing Fold 1/15
2025-09-09 12:34:21,701 - INFO -   Using GPU sequential processing
2025-09-09 12:38:18,182 - INFO - Fold 1 Summary:
2025-09-09 12:38:18,183 - INFO -   Best OOS Sharpe: M88 (2.546, p=0.030)
2025-09-09 12:38:18,183 - INFO -   Best Q-Sharpe:   M00 (0.000, OOS=-1.622)
2025-09-09 12:38:18,183 - INFO -   Mean OOS Sharpe: -0.671
2025-09-09 12:38:18,183 - INFO - 
2025-09-09 12:38:18,185 - INFO - Processing Fold 2/15
2025-09-09 12:38:18,197 - INFO -   Using GPU sequential processing
2025-09-09 12:43:00,466 - INFO - Fold 2 Summary:
2025-09-09 12:43:00,467 - INFO -   Best OOS Sharpe: M28 (2.508, p=0.030)
2025-09-09 12:43:00,467 - INFO -   Best Q-Sharpe:   M88 (2.546, OOS=1.310)
2025-09-09 12:43:00,467 - INFO -   Mean OOS Sharpe: 0.255
2025-09-09 12:43:00,467 - INFO - 
2025-09-09 12:43:00,469 - INFO - Processing Fold 3/15
2025-09-09 12:43:00,481 - INFO -   Using GPU sequential processing
2025-09-09 12:48:13,316 - INFO - Fold 3 Summary:
2025-09-09 12:48:13,318 - INFO -   Best OOS Sharpe: M86 (1.591, p=0.160)
2025-09-09 12:48:13,318 - INFO -   Best Q-Sharpe:   M88 (2.422, OOS=-0.556)
2025-09-09 12:48:13,318 - INFO -   Mean OOS Sharpe: -0.390
2025-09-09 12:48:13,318 - INFO - 
2025-09-09 12:48:13,324 - INFO - Processing Fold 4/15
2025-09-09 12:48:13,342 - INFO -   Using GPU sequential processing
2025-09-09 12:53:11,232 - INFO - Fold 4 Summary:
2025-09-09 12:53:11,233 - INFO -   Best OOS Sharpe: M31 (2.297, p=0.090)
2025-09-09 12:53:11,233 - INFO -   Best Q-Sharpe:   M88 (2.125, OOS=0.369)
2025-09-09 12:53:11,233 - INFO -   Mean OOS Sharpe: 0.446
2025-09-09 12:53:11,233 - INFO - 
2025-09-09 12:53:11,237 - INFO - Processing Fold 5/15
2025-09-09 12:53:11,250 - INFO -   Using GPU sequential processing
2025-09-09 12:58:11,811 - INFO - Fold 5 Summary:
2025-09-09 12:58:11,813 - INFO -   Best OOS Sharpe: M34 (1.925, p=0.090)
2025-09-09 12:58:11,813 - INFO -   Best Q-Sharpe:   M88 (1.949, OOS=-0.336)
2025-09-09 12:58:11,813 - INFO -   Mean OOS Sharpe: -0.130
2025-09-09 12:58:11,813 - INFO - 
2025-09-09 12:58:11,816 - INFO - Processing Fold 6/15
2025-09-09 12:58:11,830 - INFO -   Using GPU sequential processing
2025-09-09 13:03:09,604 - INFO - Fold 6 Summary:
2025-09-09 13:03:09,606 - INFO -   Best OOS Sharpe: M31 (1.888, p=0.090)
2025-09-09 13:03:09,606 - INFO -   Best Q-Sharpe:   M88 (1.721, OOS=-1.144)
2025-09-09 13:03:09,606 - INFO -   Mean OOS Sharpe: -0.672
2025-09-09 13:03:09,606 - INFO - 
2025-09-09 13:03:09,611 - INFO - Processing Fold 7/15
2025-09-09 13:03:09,625 - INFO -   Using GPU sequential processing
2025-09-09 13:08:29,914 - INFO - Fold 7 Summary:
2025-09-09 13:08:29,916 - INFO -   Best OOS Sharpe: M69 (2.295, p=0.080)
2025-09-09 13:08:29,917 - INFO -   Best Q-Sharpe:   M88 (1.434, OOS=-1.327)
2025-09-09 13:08:29,917 - INFO -   Mean OOS Sharpe: 0.154
2025-09-09 13:08:29,917 - INFO - 
2025-09-09 13:08:29,922 - INFO - Processing Fold 8/15
2025-09-09 13:08:29,936 - INFO -   Using GPU sequential processing
