2025-09-09 16:38:38,902 - INFO - ================================================================================
2025-09-09 16:38:38,902 - INFO - XGBoost Comparison Framework
2025-09-09 16:38:38,902 - INFO - ================================================================================
2025-09-09 16:38:38,902 - INFO - Configuration:
2025-09-09 16:38:38,902 - INFO -   Target Symbol: @ES#C
2025-09-09 16:38:38,902 - INFO -   Date Range: 2015-01-01 to 2025-08-01
2025-09-09 16:38:38,902 - INFO -   Models: 100, Type: standard
2025-09-09 16:38:38,902 - INFO -   Folds: 15
2025-09-09 16:38:38,903 - INFO -   Max Features: -1 (All after cluster reduction)
2025-09-09 16:38:38,903 - INFO -   Feature Selection: Enabled
2025-09-09 16:38:38,903 - INFO -   Inner Val Fraction: 0.2
2025-09-09 16:38:38,903 - INFO -   EWMA Alpha: 0.1, Quality Halflife: 63 days
2025-09-09 16:38:38,903 - INFO -   Signal Type: Tanh Normalized
2025-09-09 16:38:38,903 - INFO -   Production: Cutoff=0.6, Top N=10, Q-Metric=sharpe
2025-09-09 16:38:38,903 - INFO -   Reselection: Every 1 fold(s)
2025-09-09 16:38:38,903 - INFO - 
2025-09-09 16:38:41,378 - INFO - Loaded: X=(2733, 1054), y=(2733,)
2025-09-09 16:38:46,458 - INFO - Selected 400 features (threshold: 0.7)
2025-09-09 16:38:46,467 - INFO - Selected: 400 features
2025-09-09 16:38:46,714 - INFO - GPU detection: CUDA GPU available
2025-09-09 16:38:46,714 - INFO - Processing mode: GPU sequential (optimal for large model counts)
2025-09-09 16:38:46,714 - INFO -   Total models to train: 1500
2025-09-09 16:38:46,714 - INFO -   GPU available: True
2025-09-09 16:38:46,721 - INFO - GPU detection: CUDA GPU available
2025-09-09 16:38:46,723 - INFO - Starting analysis: 100 standard models x 13 folds
2025-09-09 16:38:46,724 - INFO - Processing Fold 1/13
2025-09-09 16:38:46,733 - INFO -   Using GPU sequential processing
2025-09-09 16:39:25,588 - INFO - Fold 1 Summary:
2025-09-09 16:39:25,588 - INFO -   Best OOS Sharpe: M08 (1.301, p=0.280)
2025-09-09 16:39:25,589 - INFO -   Best Q-Sharpe:   M08 (1.301, OOS=1.301)
2025-09-09 16:39:25,589 - INFO -   Mean OOS Sharpe: -0.991
2025-09-09 16:39:25,589 - INFO - 
2025-09-09 16:39:25,592 - INFO - Processing Fold 2/13
2025-09-09 16:39:25,601 - INFO -   Using GPU sequential processing
2025-09-09 16:40:14,279 - INFO - Fold 2 Summary:
2025-09-09 16:40:14,280 - INFO -   Best OOS Sharpe: M24 (2.315, p=0.120)
2025-09-09 16:40:14,280 - INFO -   Best Q-Sharpe:   M08 (1.243, OOS=0.722)
2025-09-09 16:40:14,280 - INFO -   Mean OOS Sharpe: 0.544
2025-09-09 16:40:14,280 - INFO - 
2025-09-09 16:40:14,283 - INFO - Processing Fold 3/13
2025-09-09 16:40:14,294 - INFO -   Using GPU sequential processing
2025-09-09 16:41:05,345 - INFO - Fold 3 Summary:
2025-09-09 16:41:05,345 - INFO -   Best OOS Sharpe: M15 (2.310, p=0.020)
2025-09-09 16:41:05,346 - INFO -   Best Q-Sharpe:   M15 (1.278, OOS=2.310)
2025-09-09 16:41:05,346 - INFO -   Mean OOS Sharpe: -0.234
2025-09-09 16:41:05,346 - INFO - 
2025-09-09 16:41:05,350 - INFO - Processing Fold 4/13
2025-09-09 16:41:05,362 - INFO -   Using GPU sequential processing
2025-09-09 16:41:59,531 - INFO - Fold 4 Summary:
2025-09-09 16:41:59,531 - INFO -   Best OOS Sharpe: M17 (3.494, p=0.000)
2025-09-09 16:41:59,531 - INFO -   Best Q-Sharpe:   M15 (1.303, OOS=1.524)
2025-09-09 16:41:59,531 - INFO -   Mean OOS Sharpe: 0.584
2025-09-09 16:41:59,531 - INFO - 
2025-09-09 16:41:59,538 - INFO - Processing Fold 5/13
2025-09-09 16:41:59,549 - INFO -   Using GPU sequential processing
2025-09-09 16:42:56,473 - INFO - Fold 5 Summary:
2025-09-09 16:42:56,473 - INFO -   Best OOS Sharpe: M24 (2.282, p=0.070)
2025-09-09 16:42:56,473 - INFO -   Best Q-Sharpe:   M15 (1.359, OOS=1.861)
2025-09-09 16:42:56,474 - INFO -   Mean OOS Sharpe: 0.286
2025-09-09 16:42:56,474 - INFO - 
2025-09-09 16:42:56,477 - INFO - Processing Fold 6/13
2025-09-09 16:42:56,488 - INFO -   Using GPU sequential processing
2025-09-09 16:43:55,547 - INFO - Fold 6 Summary:
2025-09-09 16:43:55,547 - INFO -   Best OOS Sharpe: M59 (1.700, p=0.170)
2025-09-09 16:43:55,547 - INFO -   Best Q-Sharpe:   M15 (1.357, OOS=1.343)
2025-09-09 16:43:55,547 - INFO -   Mean OOS Sharpe: -0.370
2025-09-09 16:43:55,547 - INFO - 
2025-09-09 16:43:55,552 - INFO - Processing Fold 7/13
2025-09-09 16:43:55,568 - INFO -   Using GPU sequential processing
2025-09-09 16:44:56,524 - INFO - Fold 7 Summary:
2025-09-09 16:44:56,524 - INFO -   Best OOS Sharpe: M39 (1.816, p=0.080)
2025-09-09 16:44:56,524 - INFO -   Best Q-Sharpe:   M15 (1.119, OOS=-1.023)
2025-09-09 16:44:56,524 - INFO -   Mean OOS Sharpe: 0.049
2025-09-09 16:44:56,524 - INFO - 
2025-09-09 16:44:56,533 - INFO - Processing Fold 8/13
2025-09-09 16:44:56,547 - INFO -   Using GPU sequential processing
2025-09-09 16:45:58,983 - INFO - Fold 8 Summary:
2025-09-09 16:45:58,983 - INFO -   Best OOS Sharpe: M83 (3.562, p=0.000)
2025-09-09 16:45:58,984 - INFO -   Best Q-Sharpe:   M15 (1.077, OOS=0.698)
2025-09-09 16:45:58,984 - INFO -   Mean OOS Sharpe: 1.017
2025-09-09 16:45:58,984 - INFO - 
2025-09-09 16:45:58,988 - INFO - Processing Fold 9/13
2025-09-09 16:45:59,001 - INFO -   Using GPU sequential processing
2025-09-09 16:47:03,250 - INFO - Fold 9 Summary:
2025-09-09 16:47:03,250 - INFO -   Best OOS Sharpe: M33 (2.392, p=0.030)
2025-09-09 16:47:03,250 - INFO -   Best Q-Sharpe:   M83 (0.992, OOS=1.430)
2025-09-09 16:47:03,250 - INFO -   Mean OOS Sharpe: 0.691
2025-09-09 16:47:03,250 - INFO - 
2025-09-09 16:47:03,256 - INFO - Processing Fold 10/13
2025-09-09 16:47:03,271 - INFO -   Using GPU sequential processing
2025-09-09 16:48:36,254 - INFO - Fold 10 Summary:
2025-09-09 16:48:36,254 - INFO -   Best OOS Sharpe: M39 (2.368, p=0.040)
2025-09-09 16:48:36,254 - INFO -   Best Q-Sharpe:   M15 (1.055, OOS=1.719)
2025-09-09 16:48:36,254 - INFO -   Mean OOS Sharpe: 0.455
2025-09-09 16:48:36,254 - INFO - 
2025-09-09 16:48:36,262 - INFO - Processing Fold 11/13
2025-09-09 16:48:36,280 - INFO -   Using GPU sequential processing
2025-09-09 16:50:28,882 - INFO - Fold 11 Summary:
2025-09-09 16:50:28,882 - INFO -   Best OOS Sharpe: M33 (2.549, p=0.020)
2025-09-09 16:50:28,883 - INFO -   Best Q-Sharpe:   M15 (0.856, OOS=-0.932)
2025-09-09 16:50:28,883 - INFO -   Mean OOS Sharpe: 0.058
2025-09-09 16:50:28,883 - INFO - 
2025-09-09 16:50:28,889 - INFO - Processing Fold 12/13
2025-09-09 16:50:28,903 - INFO -   Using GPU sequential processing
2025-09-09 16:52:23,404 - INFO - Fold 12 Summary:
2025-09-09 16:52:23,404 - INFO -   Best OOS Sharpe: M38 (2.560, p=0.030)
2025-09-09 16:52:23,404 - INFO -   Best Q-Sharpe:   M22 (0.751, OOS=1.301)
2025-09-09 16:52:23,404 - INFO -   Mean OOS Sharpe: 0.421
2025-09-09 16:52:23,404 - INFO - 
2025-09-09 16:52:23,411 - INFO - Processing Fold 13/13
2025-09-09 16:52:23,426 - INFO -   Using GPU sequential processing
2025-09-09 16:54:19,237 - INFO - Fold 13 Summary:
2025-09-09 16:54:19,237 - INFO -   Best OOS Sharpe: M80 (2.608, p=0.010)
2025-09-09 16:54:19,237 - INFO -   Best Q-Sharpe:   M15 (0.762, OOS=1.204)
2025-09-09 16:54:19,237 - INFO -   Mean OOS Sharpe: 0.055
2025-09-09 16:54:19,238 - INFO - 
2025-09-09 16:54:19,245 - INFO - Starting full timeline backtesting...
2025-09-09 16:54:19,245 - INFO - Running full timeline backtest with 13 folds (starting from fold 2)
2025-09-09 16:54:19,245 - INFO - Fold 1 skipped (no Q-score history for meaningful selection)
2025-09-09 16:54:19,245 - INFO - Effective backtest period: Folds 2-13 (12 folds)
2025-09-09 16:54:19,245 - INFO - Training period: Folds 2-8
2025-09-09 16:54:19,245 - INFO - Production period: Folds 9-13
2025-09-09 16:54:19,245 - INFO - Using same OOS methodology for both periods
2025-09-09 16:54:19,245 - INFO - Fold 1: Skipped (no prior Q-score history for meaningful selection)
2025-09-09 16:54:19,245 - INFO - Processing fold 2/13
2025-09-09 16:54:19,272 - INFO - Fold 2: Q-scores from fold 0: ['M00:-1.669', 'M01:-0.278', 'M02:-0.152', 'M03:0.214', 'M04:-0.780']...
2025-09-09 16:54:19,272 - INFO - Fold 2: First meaningful selection based on fold 1 Q-scores, models [8, 15, 27, 24, 83, 22, 55, 49, 86, 6], avg Q-score: 0.777
2025-09-09 16:54:19,274 - INFO - Fold 2 (Training): Sharpe=0.611, Hit=52.2%
2025-09-09 16:54:19,274 - INFO - Processing fold 3/13
2025-09-09 16:54:19,295 - INFO - Fold 3: Q-scores from fold 1: ['M00:-1.467', 'M01:-0.163', 'M02:-0.296', 'M03:0.212', 'M04:-0.590']...
2025-09-09 16:54:19,295 - INFO - Fold 3: Selected based on fold 2 Q-scores, models [8, 15, 24, 27, 83, 22, 82, 6, 49, 86], avg Q-score: 0.743
2025-09-09 16:54:19,297 - INFO - Fold 3 (Training): Sharpe=0.030, Hit=56.6%
2025-09-09 16:54:19,297 - INFO - Processing fold 4/13
2025-09-09 16:54:19,313 - INFO - Fold 4: Q-scores from fold 2: ['M00:-1.400', 'M01:-0.106', 'M02:-0.208', 'M03:0.383', 'M04:-0.641']...
2025-09-09 16:54:19,313 - INFO - Fold 4: Selected based on fold 3 Q-scores, models [15, 8, 24, 83, 27, 22, 3, 6, 49, 86], avg Q-score: 0.700
2025-09-09 16:54:19,315 - INFO - Fold 4 (Training): Sharpe=0.695, Hit=51.6%
2025-09-09 16:54:19,315 - INFO - Processing fold 5/13
2025-09-09 16:54:19,335 - INFO - Fold 5: Q-scores from fold 3: ['M00:-1.194', 'M01:-0.022', 'M02:0.015', 'M03:0.376', 'M04:-0.526']...
2025-09-09 16:54:19,335 - INFO - Fold 5: Selected based on fold 4 Q-scores, models [15, 8, 83, 24, 27, 22, 86, 49, 3, 68], avg Q-score: 0.671
2025-09-09 16:54:19,337 - INFO - Fold 5 (Training): Sharpe=1.592, Hit=54.4%
2025-09-09 16:54:19,337 - INFO - Processing fold 6/13
2025-09-09 16:54:19,355 - INFO - Fold 6: Q-scores from fold 4: ['M00:-1.157', 'M01:0.056', 'M02:0.131', 'M03:0.509', 'M04:-0.501']...
2025-09-09 16:54:19,355 - INFO - Fold 6: Selected based on fold 5 Q-scores, models [15, 8, 24, 83, 22, 27, 3, 86, 49, 55], avg Q-score: 0.700
2025-09-09 16:54:19,356 - INFO - Fold 6 (Training): Sharpe=-0.513, Hit=46.7%
2025-09-09 16:54:19,357 - INFO - Processing fold 7/13
2025-09-09 16:54:19,384 - INFO - Fold 7: Q-scores from fold 5: ['M00:-0.986', 'M01:0.113', 'M02:0.091', 'M03:0.386', 'M04:-0.473']...
2025-09-09 16:54:19,385 - INFO - Fold 7: Selected based on fold 6 Q-scores, models [15, 8, 24, 22, 83, 27, 3, 49, 86, 25], avg Q-score: 0.602
2025-09-09 16:54:19,387 - INFO - Fold 7 (Training): Sharpe=0.713, Hit=51.1%
2025-09-09 16:54:19,387 - INFO - Processing fold 8/13
2025-09-09 16:54:19,404 - INFO - Fold 8: Q-scores from fold 6: ['M00:-0.968', 'M01:0.115', 'M02:0.228', 'M03:0.492', 'M04:-0.462']...
2025-09-09 16:54:19,405 - INFO - Fold 8: Selected based on fold 7 Q-scores, models [15, 8, 83, 24, 27, 22, 3, 86, 49, 2], avg Q-score: 0.587
2025-09-09 16:54:19,407 - INFO - Fold 8 (Training): Sharpe=1.750, Hit=53.3%
2025-09-09 16:54:19,407 - INFO - Processing fold 9/13
2025-09-09 16:54:19,432 - INFO - Fold 9: Q-scores from fold 7: ['M00:-0.766', 'M01:0.244', 'M02:0.249', 'M03:0.645', 'M04:-0.331']...
2025-09-09 16:54:19,433 - INFO - Fold 9: Selected based on fold 8 Q-scores, models [15, 83, 22, 24, 27, 8, 3, 86, 55, 25], avg Q-score: 0.655
2025-09-09 16:54:19,435 - INFO - Fold 9 (Production): Sharpe=0.796, Hit=50.5%
2025-09-09 16:54:19,435 - INFO - Processing fold 10/13
2025-09-09 16:54:19,462 - INFO - Fold 10: Q-scores from fold 8: ['M00:-0.748', 'M01:0.143', 'M02:0.240', 'M03:0.573', 'M04:-0.206']...
2025-09-09 16:54:19,462 - INFO - Fold 10: Selected based on fold 9 Q-scores, models [83, 15, 22, 24, 27, 3, 8, 86, 82, 55], avg Q-score: 0.655
2025-09-09 16:54:19,464 - INFO - Fold 10 (Production): Sharpe=0.159, Hit=54.9%
2025-09-09 16:54:19,464 - INFO - Processing fold 11/13
2025-09-09 16:54:19,496 - INFO - Fold 11: Q-scores from fold 9: ['M00:-0.558', 'M01:0.303', 'M02:0.313', 'M03:0.499', 'M04:-0.073']...
2025-09-09 16:54:19,497 - INFO - Fold 11: Selected based on fold 10 Q-scores, models [15, 83, 22, 24, 27, 86, 3, 8, 82, 39], avg Q-score: 0.615
2025-09-09 16:54:19,499 - INFO - Fold 11 (Production): Sharpe=-0.039, Hit=47.3%
2025-09-09 16:54:19,499 - INFO - Processing fold 12/13
2025-09-09 16:54:19,521 - INFO - Fold 12: Q-scores from fold 10: ['M00:-0.649', 'M01:0.249', 'M02:0.311', 'M03:0.467', 'M04:-0.196']...
2025-09-09 16:54:19,521 - INFO - Fold 12: Selected based on fold 11 Q-scores, models [15, 83, 22, 24, 27, 39, 3, 8, 86, 2], avg Q-score: 0.554
2025-09-09 16:54:19,523 - INFO - Fold 12 (Production): Sharpe=0.868, Hit=48.9%
2025-09-09 16:54:19,523 - INFO - Processing fold 13/13
2025-09-09 16:54:19,545 - INFO - Fold 13: Q-scores from fold 11: ['M00:-0.619', 'M01:0.160', 'M02:0.492', 'M03:0.420', 'M04:-0.128']...
2025-09-09 16:54:19,546 - INFO - Fold 13: Selected based on fold 12 Q-scores, models [22, 15, 83, 24, 27, 8, 2, 86, 38, 3], avg Q-score: 0.552
2025-09-09 16:54:19,547 - INFO - Fold 13 (Production): Sharpe=-0.556, Hit=50.3%
2025-09-09 16:54:19,548 - INFO - Training Period Overall: Sharpe=0.942, Hit=57.2%
2025-09-09 16:54:19,549 - INFO - Production Period Overall: Sharpe=0.557, Hit=53.1%
2025-09-09 16:54:19,550 - INFO - Full Timeline Overall: Sharpe=0.788, Hit=55.5%
2025-09-09 16:54:19,550 - INFO - Training: Sharpe=0.942 | Hit=57.2% | Return=3.84%
2025-09-09 16:54:19,550 - INFO - Production: Sharpe=0.557 | Hit=53.1% | Return=2.09%
2025-09-09 16:54:19,550 - INFO - Full Timeline: Sharpe=0.788 | Hit=55.5% | Return=3.11%
2025-09-09 16:54:19,550 - INFO - Generating visualizations...
2025-09-09 16:54:19,550 - INFO - Creating clean visualizations for 100 models...
2025-09-09 16:54:21,425 - INFO - Saved with DPI=150, estimated height=7800px, showing 10/100 models
2025-09-09 16:54:21,425 - INFO - Clean fold-by-fold analysis saved to: fold_@ES#C_100models_15folds_standard_tanh_20250909_165419.png
2025-09-09 16:54:21,425 - INFO - Image optimized for 100 models x 13 folds: DPI=150, Height=52.0in
2025-09-09 16:54:22,544 - INFO - Using actual training period PnL (1274 days)
2025-09-09 16:54:24,294 - INFO - Detailed production analysis saved to: backtest_@ES#C_100models_15folds_standard_tanh_20250909_165419.png
2025-09-09 16:54:24,294 - INFO - ================================================================================
2025-09-09 16:54:24,294 - INFO - BACKTEST SUMMARY
2025-09-09 16:54:24,294 - INFO - ================================================================================
2025-09-09 16:54:24,294 - INFO - Config: Cutoff=70%, Top N=5, Q-Metric=sharpe, Reselection=1 fold(s)
2025-09-09 16:54:24,294 - INFO - Model Selection History:
2025-09-09 16:54:24,295 - INFO -   Fold 2: M08, M15, M27, M24, M83, M22, M55, M49, M86, M06 (Avg Q-sharpe: 0.777)
2025-09-09 16:54:24,295 - INFO -   Fold 3: M08, M15, M24, M27, M83, M22, M82, M06, M49, M86 (Avg Q-sharpe: 0.743)
2025-09-09 16:54:24,295 - INFO -   Fold 4: M15, M08, M24, M83, M27, M22, M03, M06, M49, M86 (Avg Q-sharpe: 0.700)
2025-09-09 16:54:24,295 - INFO -   Fold 5: M15, M08, M83, M24, M27, M22, M86, M49, M03, M68 (Avg Q-sharpe: 0.671)
2025-09-09 16:54:24,295 - INFO -   Fold 6: M15, M08, M24, M83, M22, M27, M03, M86, M49, M55 (Avg Q-sharpe: 0.700)
2025-09-09 16:54:24,295 - INFO -   Fold 7: M15, M08, M24, M22, M83, M27, M03, M49, M86, M25 (Avg Q-sharpe: 0.602)
2025-09-09 16:54:24,295 - INFO -   Fold 8: M15, M08, M83, M24, M27, M22, M03, M86, M49, M02 (Avg Q-sharpe: 0.587)
2025-09-09 16:54:24,295 - INFO -   Fold 9: M15, M83, M22, M24, M27, M08, M03, M86, M55, M25 (Avg Q-sharpe: 0.655)
2025-09-09 16:54:24,295 - INFO -   Fold 10: M83, M15, M22, M24, M27, M03, M08, M86, M82, M55 (Avg Q-sharpe: 0.655)
2025-09-09 16:54:24,295 - INFO -   Fold 11: M15, M83, M22, M24, M27, M86, M03, M08, M82, M39 (Avg Q-sharpe: 0.615)
2025-09-09 16:54:24,295 - INFO -   Fold 12: M15, M83, M22, M24, M27, M39, M03, M08, M86, M02 (Avg Q-sharpe: 0.554)
2025-09-09 16:54:24,295 - INFO -   Fold 13: M22, M15, M83, M24, M27, M08, M02, M86, M38, M03 (Avg Q-sharpe: 0.552)
2025-09-09 16:54:24,295 - INFO - 
2025-09-09 16:54:24,295 - INFO - Fold-by-Fold Performance:
2025-09-09 16:54:24,295 - INFO -   Fold 2: M08, M15, M27, M24, M83, M22, M55, M49, M86, M06 | Sharpe=0.611 | Hit=52.2% | Samples=182
2025-09-09 16:54:24,295 - INFO -   Fold 3: M08, M15, M24, M27, M83, M22, M82, M06, M49, M86 | Sharpe=0.030 | Hit=56.6% | Samples=182
2025-09-09 16:54:24,295 - INFO -   Fold 4: M15, M08, M24, M83, M27, M22, M03, M06, M49, M86 | Sharpe=0.695 | Hit=51.6% | Samples=182
2025-09-09 16:54:24,295 - INFO -   Fold 5: M15, M08, M83, M24, M27, M22, M86, M49, M03, M68 | Sharpe=1.592 | Hit=54.4% | Samples=182
2025-09-09 16:54:24,295 - INFO -   Fold 6: M15, M08, M24, M83, M22, M27, M03, M86, M49, M55 | Sharpe=-0.513 | Hit=46.7% | Samples=182
2025-09-09 16:54:24,295 - INFO -   Fold 7: M15, M08, M24, M22, M83, M27, M03, M49, M86, M25 | Sharpe=0.713 | Hit=51.1% | Samples=182
2025-09-09 16:54:24,295 - INFO -   Fold 8: M15, M08, M83, M24, M27, M22, M03, M86, M49, M02 | Sharpe=1.750 | Hit=53.3% | Samples=182
2025-09-09 16:54:24,295 - INFO -   Fold 9: M15, M83, M22, M24, M27, M08, M03, M86, M55, M25 | Sharpe=0.796 | Hit=50.5% | Samples=182
2025-09-09 16:54:24,296 - INFO -   Fold 10: M83, M15, M22, M24, M27, M03, M08, M86, M82, M55 | Sharpe=0.159 | Hit=54.9% | Samples=182
2025-09-09 16:54:24,296 - INFO -   Fold 11: M15, M83, M22, M24, M27, M86, M03, M08, M82, M39 | Sharpe=-0.039 | Hit=47.3% | Samples=182
2025-09-09 16:54:24,296 - INFO -   Fold 12: M15, M83, M22, M24, M27, M39, M03, M08, M86, M02 | Sharpe=0.868 | Hit=48.9% | Samples=182
2025-09-09 16:54:24,296 - INFO -   Fold 13: M22, M15, M83, M24, M27, M08, M02, M86, M38, M03 | Sharpe=-0.556 | Hit=50.3% | Samples=185
2025-09-09 16:54:24,296 - INFO - ================================================================================
2025-09-09 16:54:24,296 - INFO - ================================================================================
2025-09-09 16:54:24,296 - INFO - ANALYSIS COMPLETED SUCCESSFULLY!
2025-09-09 16:54:24,296 - INFO - ================================================================================
2025-09-09 16:54:24,296 - INFO - Generated 2 visualization files
2025-09-09 16:54:24,296 - INFO -   - fold_@ES#C_100models_15folds_standard_tanh_20250909_165419.png
2025-09-09 16:54:24,296 - INFO -   - backtest_@ES#C_100models_15folds_standard_tanh_20250909_165419.png
2025-09-09 16:54:24,296 - INFO - 
Final Results: Sharpe=0.788 | Hit=55.5% | Return=3.11%
