2025-09-09 16:57:54,941 - INFO - ================================================================================
2025-09-09 16:57:54,941 - INFO - XGBoost Comparison Framework
2025-09-09 16:57:54,941 - INFO - ================================================================================
2025-09-09 16:57:54,941 - INFO - Configuration:
2025-09-09 16:57:54,941 - INFO -   Target Symbol: @ES#C
2025-09-09 16:57:54,941 - INFO -   Date Range: 2015-01-01 to 2025-08-01
2025-09-09 16:57:54,941 - INFO -   Models: 100, Type: deep
2025-09-09 16:57:54,941 - INFO -   Folds: 15
2025-09-09 16:57:54,942 - INFO -   Max Features: -1 (All after cluster reduction)
2025-09-09 16:57:54,942 - INFO -   Feature Selection: Enabled
2025-09-09 16:57:54,942 - INFO -   Inner Val Fraction: 0.2
2025-09-09 16:57:54,942 - INFO -   EWMA Alpha: 0.1, Quality Halflife: 63 days
2025-09-09 16:57:54,942 - INFO -   Signal Type: Binary (+1/-1)
2025-09-09 16:57:54,942 - INFO -   Production: Cutoff=0.6, Top N=10, Q-Metric=sharpe
2025-09-09 16:57:54,942 - INFO -   Reselection: Every 1 fold(s)
2025-09-09 16:57:54,942 - INFO - 
2025-09-09 16:57:57,488 - INFO - Loaded: X=(2733, 1054), y=(2733,)
2025-09-09 16:58:04,132 - INFO - Selected 400 features (threshold: 0.7)
2025-09-09 16:58:04,140 - INFO - Selected: 400 features
2025-09-09 16:58:04,379 - INFO - GPU detection: CUDA GPU available
2025-09-09 16:58:04,379 - INFO - Processing mode: GPU sequential (optimal for large model counts)
2025-09-09 16:58:04,379 - INFO -   Total models to train: 1500
2025-09-09 16:58:04,379 - INFO -   GPU available: True
2025-09-09 16:58:04,414 - INFO - GPU detection: CUDA GPU available
2025-09-09 16:58:04,424 - INFO - Starting analysis: 100 deep models x 13 folds
2025-09-09 16:58:04,424 - INFO - Processing Fold 1/13
2025-09-09 16:58:04,436 - INFO -   Using GPU sequential processing
2025-09-09 17:01:42,749 - INFO - Fold 1 Summary:
2025-09-09 17:01:42,749 - INFO -   Best OOS Sharpe: M75 (1.928, p=0.090)
2025-09-09 17:01:42,749 - INFO -   Best Q-Sharpe:   M75 (1.928, OOS=1.928)
2025-09-09 17:01:42,749 - INFO -   Mean OOS Sharpe: -0.746
2025-09-09 17:01:42,749 - INFO - 
2025-09-09 17:01:42,752 - INFO - Processing Fold 2/13
2025-09-09 17:01:42,762 - INFO -   Using GPU sequential processing
2025-09-09 17:05:10,936 - INFO - Fold 2 Summary:
2025-09-09 17:05:10,936 - INFO -   Best OOS Sharpe: M57 (2.587, p=0.020)
2025-09-09 17:05:10,936 - INFO -   Best Q-Sharpe:   M75 (1.696, OOS=-0.394)
2025-09-09 17:05:10,936 - INFO -   Mean OOS Sharpe: 0.304
2025-09-09 17:05:10,936 - INFO - 
2025-09-09 17:05:10,939 - INFO - Processing Fold 3/13
2025-09-09 17:05:10,948 - INFO -   Using GPU sequential processing
2025-09-09 17:08:44,040 - INFO - Fold 3 Summary:
2025-09-09 17:08:44,040 - INFO -   Best OOS Sharpe: M49 (3.142, p=0.010)
2025-09-09 17:08:44,040 - INFO -   Best Q-Sharpe:   M75 (1.412, OOS=-1.146)
2025-09-09 17:08:44,040 - INFO -   Mean OOS Sharpe: -0.491
2025-09-09 17:08:44,040 - INFO - 
2025-09-09 17:08:44,044 - INFO - Processing Fold 4/13
2025-09-09 17:08:44,054 - INFO -   Using GPU sequential processing
2025-09-09 17:12:33,449 - INFO - Fold 4 Summary:
2025-09-09 17:12:33,449 - INFO -   Best OOS Sharpe: M09 (2.494, p=0.030)
2025-09-09 17:12:33,449 - INFO -   Best Q-Sharpe:   M75 (1.336, OOS=0.657)
2025-09-09 17:12:33,449 - INFO -   Mean OOS Sharpe: 0.538
2025-09-09 17:12:33,449 - INFO - 
2025-09-09 17:12:33,454 - INFO - Processing Fold 5/13
2025-09-09 17:12:33,464 - INFO -   Using GPU sequential processing
2025-09-09 17:16:37,399 - INFO - Fold 5 Summary:
2025-09-09 17:16:37,399 - INFO -   Best OOS Sharpe: M26 (2.326, p=0.050)
2025-09-09 17:16:37,399 - INFO -   Best Q-Sharpe:   M75 (1.161, OOS=-0.415)
2025-09-09 17:16:37,399 - INFO -   Mean OOS Sharpe: 0.146
2025-09-09 17:16:37,399 - INFO - 
2025-09-09 17:16:37,403 - INFO - Processing Fold 6/13
2025-09-09 17:16:37,415 - INFO -   Using GPU sequential processing
2025-09-09 17:20:54,364 - INFO - Fold 6 Summary:
2025-09-09 17:20:54,364 - INFO -   Best OOS Sharpe: M29 (1.798, p=0.110)
2025-09-09 17:20:54,364 - INFO -   Best Q-Sharpe:   M75 (1.053, OOS=0.077)
2025-09-09 17:20:54,365 - INFO -   Mean OOS Sharpe: -0.502
2025-09-09 17:20:54,365 - INFO - 
2025-09-09 17:20:54,369 - INFO - Processing Fold 7/13
2025-09-09 17:20:54,381 - INFO -   Using GPU sequential processing
2025-09-09 17:25:14,024 - INFO - Fold 7 Summary:
2025-09-09 17:25:14,024 - INFO -   Best OOS Sharpe: M39 (3.023, p=0.010)
2025-09-09 17:25:14,024 - INFO -   Best Q-Sharpe:   M75 (0.993, OOS=0.457)
2025-09-09 17:25:14,024 - INFO -   Mean OOS Sharpe: 0.244
2025-09-09 17:25:14,024 - INFO - 
2025-09-09 17:25:14,029 - INFO - Processing Fold 8/13
2025-09-09 17:25:14,042 - INFO -   Using GPU sequential processing
2025-09-09 17:29:46,788 - INFO - Fold 8 Summary:
2025-09-09 17:29:46,788 - INFO -   Best OOS Sharpe: M05 (3.024, p=0.010)
2025-09-09 17:29:46,788 - INFO -   Best Q-Sharpe:   M75 (0.956, OOS=0.621)
2025-09-09 17:29:46,788 - INFO -   Mean OOS Sharpe: 0.503
2025-09-09 17:29:46,788 - INFO - 
2025-09-09 17:29:46,802 - INFO - Processing Fold 9/13
2025-09-09 17:29:46,815 - INFO -   Using GPU sequential processing
2025-09-09 17:33:30,598 - INFO - Fold 9 Summary:
2025-09-09 17:33:30,599 - INFO -   Best OOS Sharpe: M03 (2.627, p=0.020)
2025-09-09 17:33:30,599 - INFO -   Best Q-Sharpe:   M75 (0.882, OOS=0.219)
2025-09-09 17:33:30,599 - INFO -   Mean OOS Sharpe: 0.497
2025-09-09 17:33:30,599 - INFO - 
2025-09-09 17:33:30,604 - INFO - Processing Fold 10/13
2025-09-09 17:33:30,618 - INFO -   Using GPU sequential processing
2025-09-09 17:36:29,249 - INFO - Fold 10 Summary:
2025-09-09 17:36:29,249 - INFO -   Best OOS Sharpe: M84 (3.155, p=0.010)
2025-09-09 17:36:29,249 - INFO -   Best Q-Sharpe:   M75 (0.925, OOS=1.311)
2025-09-09 17:36:29,249 - INFO -   Mean OOS Sharpe: 0.931
2025-09-09 17:36:29,249 - INFO - 
2025-09-09 17:36:29,256 - INFO - Processing Fold 11/13
2025-09-09 17:36:29,271 - INFO -   Using GPU sequential processing
2025-09-09 17:39:37,766 - INFO - Fold 11 Summary:
2025-09-09 17:39:37,766 - INFO -   Best OOS Sharpe: M90 (2.538, p=0.070)
2025-09-09 17:39:37,766 - INFO -   Best Q-Sharpe:   M75 (0.917, OOS=0.842)
2025-09-09 17:39:37,766 - INFO -   Mean OOS Sharpe: 0.238
2025-09-09 17:39:37,766 - INFO - 
2025-09-09 17:39:37,772 - INFO - Processing Fold 12/13
2025-09-09 17:39:37,788 - INFO -   Using GPU sequential processing
2025-09-09 17:42:52,307 - INFO - Fold 12 Summary:
2025-09-09 17:42:52,307 - INFO -   Best OOS Sharpe: M26 (2.677, p=0.010)
2025-09-09 17:42:52,307 - INFO -   Best Q-Sharpe:   M75 (1.025, OOS=1.997)
2025-09-09 17:42:52,307 - INFO -   Mean OOS Sharpe: 0.112
2025-09-09 17:42:52,307 - INFO - 
2025-09-09 17:42:52,314 - INFO - Processing Fold 13/13
2025-09-09 17:42:52,329 - INFO -   Using GPU sequential processing
2025-09-09 17:45:45,275 - INFO - Fold 13 Summary:
2025-09-09 17:45:45,275 - INFO -   Best OOS Sharpe: M09 (2.584, p=0.030)
2025-09-09 17:45:45,275 - INFO -   Best Q-Sharpe:   M75 (0.902, OOS=-0.205)
2025-09-09 17:45:45,275 - INFO -   Mean OOS Sharpe: 0.058
2025-09-09 17:45:45,275 - INFO - 
2025-09-09 17:45:45,282 - INFO - Starting full timeline backtesting...
2025-09-09 17:45:45,282 - INFO - Running full timeline backtest with 13 folds (starting from fold 2)
2025-09-09 17:45:45,282 - INFO - Fold 1 skipped (no Q-score history for meaningful selection)
2025-09-09 17:45:45,282 - INFO - Effective backtest period: Folds 2-13 (12 folds)
2025-09-09 17:45:45,282 - INFO - Training period: Folds 2-8
2025-09-09 17:45:45,282 - INFO - Production period: Folds 9-13
2025-09-09 17:45:45,282 - INFO - Using same OOS methodology for both periods
2025-09-09 17:45:45,282 - INFO - Fold 1: Skipped (no prior Q-score history for meaningful selection)
2025-09-09 17:45:45,282 - INFO - Processing fold 2/13
2025-09-09 17:45:45,305 - INFO - Fold 2: Q-scores from fold 0: ['M00:-0.687', 'M01:-0.878', 'M02:-0.629', 'M03:-1.712', 'M04:-0.597']...
2025-09-09 17:45:45,305 - INFO - Fold 2: First meaningful selection based on fold 1 Q-scores, models [75, 86, 21, 16, 42, 96, 43, 74, 31, 95], avg Q-score: 1.061
2025-09-09 17:45:45,307 - INFO - Fold 2 (Training): Sharpe=0.422, Hit=46.2%
2025-09-09 17:45:45,307 - INFO - Processing fold 3/13
2025-09-09 17:45:45,330 - INFO - Fold 3: Q-scores from fold 1: ['M00:-0.622', 'M01:-0.686', 'M02:-0.489', 'M03:-1.434', 'M04:-0.518']...
2025-09-09 17:45:45,330 - INFO - Fold 3: Selected based on fold 2 Q-scores, models [75, 16, 21, 42, 86, 96, 74, 31, 43, 14], avg Q-score: 0.995
2025-09-09 17:45:45,332 - INFO - Fold 3 (Training): Sharpe=-1.274, Hit=45.6%
2025-09-09 17:45:45,332 - INFO - Processing fold 4/13
2025-09-09 17:45:45,354 - INFO - Fold 4: Q-scores from fold 2: ['M00:-0.643', 'M01:-0.752', 'M02:-0.584', 'M03:-1.356', 'M04:-0.376']...
2025-09-09 17:45:45,354 - INFO - Fold 4: Selected based on fold 3 Q-scores, models [75, 21, 16, 86, 42, 96, 43, 74, 31, 12], avg Q-score: 0.828
2025-09-09 17:45:45,355 - INFO - Fold 4 (Training): Sharpe=0.809, Hit=42.9%
2025-09-09 17:45:45,355 - INFO - Processing fold 5/13
2025-09-09 17:45:45,372 - INFO - Fold 5: Q-scores from fold 3: ['M00:-0.487', 'M01:-0.562', 'M02:-0.517', 'M03:-1.109', 'M04:-0.266']...
2025-09-09 17:45:45,372 - INFO - Fold 5: Selected based on fold 4 Q-scores, models [75, 16, 21, 42, 86, 96, 43, 31, 74, 60], avg Q-score: 0.802
2025-09-09 17:45:45,373 - INFO - Fold 5 (Training): Sharpe=0.941, Hit=45.1%
2025-09-09 17:45:45,373 - INFO - Processing fold 6/13
2025-09-09 17:45:45,391 - INFO - Fold 6: Q-scores from fold 4: ['M00:-0.462', 'M01:-0.620', 'M02:-0.595', 'M03:-0.929', 'M04:-0.325']...
2025-09-09 17:45:45,391 - INFO - Fold 6: Selected based on fold 5 Q-scores, models [75, 21, 16, 42, 96, 86, 43, 31, 74, 27], avg Q-score: 0.778
2025-09-09 17:45:45,393 - INFO - Fold 6 (Training): Sharpe=-0.782, Hit=40.1%
2025-09-09 17:45:45,393 - INFO - Processing fold 7/13
2025-09-09 17:45:45,414 - INFO - Fold 7: Q-scores from fold 5: ['M00:-0.384', 'M01:-0.537', 'M02:-0.648', 'M03:-1.005', 'M04:-0.410']...
2025-09-09 17:45:45,414 - INFO - Fold 7: Selected based on fold 6 Q-scores, models [75, 21, 42, 16, 96, 86, 43, 60, 36, 74], avg Q-score: 0.653
2025-09-09 17:45:45,416 - INFO - Fold 7 (Training): Sharpe=0.858, Hit=49.5%
2025-09-09 17:45:45,416 - INFO - Processing fold 8/13
2025-09-09 17:45:45,437 - INFO - Fold 8: Q-scores from fold 6: ['M00:-0.492', 'M01:-0.493', 'M02:-0.703', 'M03:-0.899', 'M04:-0.436']...
2025-09-09 17:45:45,438 - INFO - Fold 8: Selected based on fold 7 Q-scores, models [75, 21, 16, 42, 96, 86, 60, 43, 36, 74], avg Q-score: 0.645
2025-09-09 17:45:45,440 - INFO - Fold 8 (Training): Sharpe=0.629, Hit=44.5%
2025-09-09 17:45:45,440 - INFO - Processing fold 9/13
2025-09-09 17:45:45,460 - INFO - Fold 9: Q-scores from fold 7: ['M00:-0.461', 'M01:-0.341', 'M02:-0.509', 'M03:-0.748', 'M04:-0.214']...
2025-09-09 17:45:45,460 - INFO - Fold 9: Selected based on fold 8 Q-scores, models [75, 16, 21, 96, 42, 43, 86, 60, 74, 36], avg Q-score: 0.618
2025-09-09 17:45:45,462 - INFO - Fold 9 (Production): Sharpe=0.190, Hit=42.3%
2025-09-09 17:45:45,462 - INFO - Processing fold 10/13
2025-09-09 17:45:45,483 - INFO - Fold 10: Q-scores from fold 8: ['M00:-0.316', 'M01:-0.376', 'M02:-0.258', 'M03:-0.411', 'M04:0.040']...
2025-09-09 17:45:45,483 - INFO - Fold 10: Selected based on fold 9 Q-scores, models [75, 21, 16, 96, 42, 43, 60, 14, 74, 31], avg Q-score: 0.578
2025-09-09 17:45:45,485 - INFO - Fold 10 (Production): Sharpe=1.398, Hit=49.5%
2025-09-09 17:45:45,485 - INFO - Processing fold 11/13
2025-09-09 17:45:45,507 - INFO - Fold 11: Q-scores from fold 9: ['M00:-0.197', 'M01:-0.452', 'M02:-0.000', 'M03:-0.237', 'M04:0.122']...
2025-09-09 17:45:45,508 - INFO - Fold 11: Selected based on fold 10 Q-scores, models [75, 16, 42, 21, 96, 14, 60, 84, 43, 74], avg Q-score: 0.630
2025-09-09 17:45:45,509 - INFO - Fold 11 (Production): Sharpe=0.114, Hit=38.5%
2025-09-09 17:45:45,510 - INFO - Processing fold 12/13
2025-09-09 17:45:45,532 - INFO - Fold 12: Q-scores from fold 10: ['M00:-0.089', 'M01:-0.485', 'M02:0.064', 'M03:-0.195', 'M04:-0.045']...
2025-09-09 17:45:45,532 - INFO - Fold 12: Selected based on fold 11 Q-scores, models [75, 42, 21, 16, 96, 27, 14, 84, 36, 60], avg Q-score: 0.622
2025-09-09 17:45:45,534 - INFO - Fold 12 (Production): Sharpe=1.007, Hit=45.1%
2025-09-09 17:45:45,534 - INFO - Processing fold 13/13
2025-09-09 17:45:45,557 - INFO - Fold 13: Q-scores from fold 11: ['M00:-0.194', 'M01:-0.414', 'M02:0.222', 'M03:-0.283', 'M04:-0.235']...
2025-09-09 17:45:45,557 - INFO - Fold 13: Selected based on fold 12 Q-scores, models [75, 42, 16, 27, 21, 96, 14, 84, 43, 86], avg Q-score: 0.662
2025-09-09 17:45:45,559 - INFO - Fold 13 (Production): Sharpe=-0.249, Hit=46.5%
2025-09-09 17:45:45,560 - INFO - Training Period Overall: Sharpe=0.711, Hit=61.3%
2025-09-09 17:45:45,562 - INFO - Production Period Overall: Sharpe=0.314, Hit=58.9%
2025-09-09 17:45:45,563 - INFO - Full Timeline Overall: Sharpe=0.556, Hit=60.3%
2025-09-09 17:45:45,564 - INFO - Training: Sharpe=0.711 | Hit=61.3% | Return=6.59%
2025-09-09 17:45:45,564 - INFO - Production: Sharpe=0.314 | Hit=58.9% | Return=2.58%
2025-09-09 17:45:45,564 - INFO - Full Timeline: Sharpe=0.556 | Hit=60.3% | Return=4.92%
2025-09-09 17:45:45,564 - INFO - Generating visualizations...
2025-09-09 17:45:45,564 - INFO - Creating clean visualizations for 100 models...
2025-09-09 17:45:46,965 - INFO - Saved with DPI=150, estimated height=7800px, showing 10/100 models
2025-09-09 17:45:46,965 - INFO - Clean fold-by-fold analysis saved to: fold_@ES#C_100models_15folds_deep_binary_20250909_174545.png
2025-09-09 17:45:46,965 - INFO - Image optimized for 100 models x 13 folds: DPI=150, Height=52.0in
2025-09-09 17:45:47,750 - INFO - Using actual training period PnL (1274 days)
2025-09-09 17:45:49,173 - INFO - Detailed production analysis saved to: backtest_@ES#C_100models_15folds_deep_binary_20250909_174545.png
2025-09-09 17:45:49,173 - INFO - ================================================================================
2025-09-09 17:45:49,173 - INFO - BACKTEST SUMMARY
2025-09-09 17:45:49,173 - INFO - ================================================================================
2025-09-09 17:45:49,173 - INFO - Config: Cutoff=70%, Top N=5, Q-Metric=sharpe, Reselection=1 fold(s)
2025-09-09 17:45:49,173 - INFO - Model Selection History:
2025-09-09 17:45:49,173 - INFO -   Fold 2: M75, M86, M21, M16, M42, M96, M43, M74, M31, M95 (Avg Q-sharpe: 1.061)
2025-09-09 17:45:49,173 - INFO -   Fold 3: M75, M16, M21, M42, M86, M96, M74, M31, M43, M14 (Avg Q-sharpe: 0.995)
2025-09-09 17:45:49,173 - INFO -   Fold 4: M75, M21, M16, M86, M42, M96, M43, M74, M31, M12 (Avg Q-sharpe: 0.828)
2025-09-09 17:45:49,173 - INFO -   Fold 5: M75, M16, M21, M42, M86, M96, M43, M31, M74, M60 (Avg Q-sharpe: 0.802)
2025-09-09 17:45:49,174 - INFO -   Fold 6: M75, M21, M16, M42, M96, M86, M43, M31, M74, M27 (Avg Q-sharpe: 0.778)
2025-09-09 17:45:49,174 - INFO -   Fold 7: M75, M21, M42, M16, M96, M86, M43, M60, M36, M74 (Avg Q-sharpe: 0.653)
2025-09-09 17:45:49,174 - INFO -   Fold 8: M75, M21, M16, M42, M96, M86, M60, M43, M36, M74 (Avg Q-sharpe: 0.645)
2025-09-09 17:45:49,174 - INFO -   Fold 9: M75, M16, M21, M96, M42, M43, M86, M60, M74, M36 (Avg Q-sharpe: 0.618)
2025-09-09 17:45:49,174 - INFO -   Fold 10: M75, M21, M16, M96, M42, M43, M60, M14, M74, M31 (Avg Q-sharpe: 0.578)
2025-09-09 17:45:49,174 - INFO -   Fold 11: M75, M16, M42, M21, M96, M14, M60, M84, M43, M74 (Avg Q-sharpe: 0.630)
2025-09-09 17:45:49,174 - INFO -   Fold 12: M75, M42, M21, M16, M96, M27, M14, M84, M36, M60 (Avg Q-sharpe: 0.622)
2025-09-09 17:45:49,174 - INFO -   Fold 13: M75, M42, M16, M27, M21, M96, M14, M84, M43, M86 (Avg Q-sharpe: 0.662)
2025-09-09 17:45:49,174 - INFO - 
2025-09-09 17:45:49,174 - INFO - Fold-by-Fold Performance:
2025-09-09 17:45:49,174 - INFO -   Fold 2: M75, M86, M21, M16, M42, M96, M43, M74, M31, M95 | Sharpe=0.422 | Hit=46.2% | Samples=182
2025-09-09 17:45:49,174 - INFO -   Fold 3: M75, M16, M21, M42, M86, M96, M74, M31, M43, M14 | Sharpe=-1.274 | Hit=45.6% | Samples=182
2025-09-09 17:45:49,174 - INFO -   Fold 4: M75, M21, M16, M86, M42, M96, M43, M74, M31, M12 | Sharpe=0.809 | Hit=42.9% | Samples=182
2025-09-09 17:45:49,174 - INFO -   Fold 5: M75, M16, M21, M42, M86, M96, M43, M31, M74, M60 | Sharpe=0.941 | Hit=45.1% | Samples=182
2025-09-09 17:45:49,174 - INFO -   Fold 6: M75, M21, M16, M42, M96, M86, M43, M31, M74, M27 | Sharpe=-0.782 | Hit=40.1% | Samples=182
2025-09-09 17:45:49,174 - INFO -   Fold 7: M75, M21, M42, M16, M96, M86, M43, M60, M36, M74 | Sharpe=0.858 | Hit=49.5% | Samples=182
2025-09-09 17:45:49,174 - INFO -   Fold 8: M75, M21, M16, M42, M96, M86, M60, M43, M36, M74 | Sharpe=0.629 | Hit=44.5% | Samples=182
2025-09-09 17:45:49,174 - INFO -   Fold 9: M75, M16, M21, M96, M42, M43, M86, M60, M74, M36 | Sharpe=0.190 | Hit=42.3% | Samples=182
2025-09-09 17:45:49,174 - INFO -   Fold 10: M75, M21, M16, M96, M42, M43, M60, M14, M74, M31 | Sharpe=1.398 | Hit=49.5% | Samples=182
2025-09-09 17:45:49,174 - INFO -   Fold 11: M75, M16, M42, M21, M96, M14, M60, M84, M43, M74 | Sharpe=0.114 | Hit=38.5% | Samples=182
2025-09-09 17:45:49,174 - INFO -   Fold 12: M75, M42, M21, M16, M96, M27, M14, M84, M36, M60 | Sharpe=1.007 | Hit=45.1% | Samples=182
2025-09-09 17:45:49,174 - INFO -   Fold 13: M75, M42, M16, M27, M21, M96, M14, M84, M43, M86 | Sharpe=-0.249 | Hit=46.5% | Samples=185
2025-09-09 17:45:49,174 - INFO - ================================================================================
2025-09-09 17:45:49,174 - INFO - ================================================================================
2025-09-09 17:45:49,174 - INFO - ANALYSIS COMPLETED SUCCESSFULLY!
2025-09-09 17:45:49,174 - INFO - ================================================================================
2025-09-09 17:45:49,174 - INFO - Generated 2 visualization files
2025-09-09 17:45:49,174 - INFO -   - fold_@ES#C_100models_15folds_deep_binary_20250909_174545.png
2025-09-09 17:45:49,175 - INFO -   - backtest_@ES#C_100models_15folds_deep_binary_20250909_174545.png
2025-09-09 17:45:49,175 - INFO - 
Final Results: Sharpe=0.556 | Hit=60.3% | Return=4.92%
