2025-09-09 10:22:21,436 - INFO - ================================================================================
2025-09-09 10:22:21,436 - INFO - XGBoost Comparison Framework
2025-09-09 10:22:21,436 - INFO - ================================================================================
2025-09-09 10:22:21,436 - INFO - Configuration:
2025-09-09 10:22:21,436 - INFO -   Target Symbol: @ES#C
2025-09-09 10:22:21,436 - INFO -   Date Range: 2015-01-01 to 2025-08-01
2025-09-09 10:22:21,436 - INFO -   Models: 100, Type: standard
2025-09-09 10:22:21,436 - INFO -   Folds: 15
2025-09-09 10:22:21,438 - INFO -   Max Features: -1 (All after cluster reduction)
2025-09-09 10:22:21,438 - INFO -   Feature Selection: Enabled
2025-09-09 10:22:21,438 - INFO -   Inner Val Fraction: 0.2
2025-09-09 10:22:21,438 - INFO -   EWMA Alpha: 0.1, Quality Halflife: 63 days
2025-09-09 10:22:21,438 - INFO -   Signal Type: Tanh Normalized
2025-09-09 10:22:21,438 - INFO -   Production: Cutoff=0.6, Top N=10, Q-Metric=sharpe
2025-09-09 10:22:21,438 - INFO -   Reselection: Every 1 fold(s)
2025-09-09 10:22:21,438 - INFO - 
2025-09-09 10:22:24,980 - INFO - Loaded: (2733, 1054)
2025-09-09 10:22:37,111 - INFO - Selected 401 features (threshold: 0.7)
2025-09-09 10:22:37,119 - INFO - Features: 401
2025-09-09 10:22:37,553 - INFO - GPU detection: CUDA GPU available
2025-09-09 10:22:37,697 - INFO - ============================================================
2025-09-09 10:22:37,697 - INFO - Cross-Validation: 100 standard models x 13 folds
2025-09-09 10:22:37,698 - INFO - Processing: GPU Sequential
2025-09-09 10:22:37,698 - INFO - ============================================================
2025-09-09 10:22:37,699 - INFO - 
Fold 1/13
