2025-09-12 02:31:33,948 - INFO - ================================================================================
2025-09-12 02:31:33,948 - INFO - XGBoost Comparison Framework
2025-09-12 02:31:33,948 - INFO - ================================================================================
2025-09-12 02:31:33,948 - INFO - Configuration:
2025-09-12 02:31:33,948 - INFO -   Target Symbol: @ES#C
2025-09-12 02:31:33,948 - INFO -   Date Range: 2015-01-01 to 2025-08-01
2025-09-12 02:31:33,948 - INFO -   Models: 50, Type: standard
2025-09-12 02:31:33,948 - INFO -   Folds: 8
2025-09-12 02:31:33,948 - INFO -   Max Features: 100 (Limited)
2025-09-12 02:31:33,948 - INFO -   Feature Selection: Enabled
2025-09-12 02:31:33,948 - INFO -   Inner Val Fraction: 0.2
2025-09-12 02:31:33,949 - INFO -   EWMA Alpha: 0.1, Quality Halflife: 63 days
2025-09-12 02:31:33,949 - INFO -   Signal Type: Tanh Normalized
2025-09-12 02:31:33,949 - INFO -   Cross-validation: Expanding window
2025-09-12 02:31:33,949 - INFO -   Production: Cutoff=0.6, Top N=2, Q-Metric=hit_rate
2025-09-12 02:31:33,949 - INFO -   Reselection: Every 1 fold(s)
2025-09-12 02:31:33,949 - INFO - 
2025-09-12 02:31:48,786 - INFO - Loaded: X=(2735, 1906), y=(2735,)
2025-09-12 02:32:54,230 - INFO - Selected 100 features (threshold: 0.7)
2025-09-12 02:32:54,732 - INFO - Selected: 100 features
2025-09-12 02:32:55,467 - INFO - GPU detection: XGBoost not compiled with CUDA support - using CPU
2025-09-12 02:32:55,475 - INFO - Processing mode: CPU multiprocessing (GPU: False, Total models: 400)
2025-09-12 02:32:55,713 - INFO - GPU detection: XGBoost not compiled with CUDA support - using CPU
2025-09-12 02:32:55,725 - INFO - Using expanding window
2025-09-12 02:32:55,735 - INFO - Starting analysis: 50 standard models x 7 folds
2025-09-12 02:32:55,736 - INFO - Processing Fold 1/7
2025-09-12 02:32:55,777 - INFO -   Using multiprocessing with 9 workers
2025-09-12 02:36:36,216 - INFO - Fold 1 Summary:
2025-09-12 02:36:36,229 - INFO -   Best OOS Sharpe: M13 (0.919, p=0.300)
2025-09-12 02:36:36,229 - INFO -   Best Q-Hit_Rate:  M39 (0.565, OOS_Sharpe=0.598, OOS_Hit=0.565)
2025-09-12 02:36:36,229 - INFO -   Mean OOS Sharpe: -0.247, Mean Hit: 0.498
2025-09-12 02:36:36,229 - INFO - 
2025-09-12 02:36:36,304 - INFO - Processing Fold 2/7
2025-09-12 02:36:36,507 - INFO -   Using multiprocessing with 9 workers
2025-09-12 02:41:16,377 - INFO - Fold 2 Summary:
2025-09-12 02:41:16,386 - INFO -   Best OOS Sharpe: M01 (0.826, p=0.340)
2025-09-12 02:41:16,386 - INFO -   Best Q-Hit_Rate:  M39 (0.556, OOS_Sharpe=-0.593, OOS_Hit=0.476)
2025-09-12 02:41:16,386 - INFO -   Mean OOS Sharpe: -0.291, Mean Hit: 0.486
2025-09-12 02:41:16,386 - INFO - 
2025-09-12 02:41:16,416 - INFO - Processing Fold 3/7
2025-09-12 02:41:16,474 - INFO -   Using multiprocessing with 9 workers
2025-09-12 02:44:53,911 - INFO - Fold 3 Summary:
2025-09-12 02:44:53,921 - INFO -   Best OOS Sharpe: M06 (1.534, p=0.080)
2025-09-12 02:44:53,922 - INFO -   Best Q-Hit_Rate:  M39 (0.549, OOS_Sharpe=0.214, OOS_Hit=0.491)
2025-09-12 02:44:53,922 - INFO -   Mean OOS Sharpe: 0.210, Mean Hit: 0.468
2025-09-12 02:44:53,922 - INFO - 
2025-09-12 02:44:54,018 - INFO - Processing Fold 4/7
2025-09-12 02:44:54,286 - INFO -   Using multiprocessing with 9 workers
2025-09-12 02:50:06,237 - INFO - Fold 4 Summary:
2025-09-12 02:50:06,242 - INFO -   Best OOS Sharpe: M38 (1.518, p=0.120)
2025-09-12 02:50:06,242 - INFO -   Best Q-Hit_Rate:  M39 (0.544, OOS_Sharpe=-0.636, OOS_Hit=0.497)
2025-09-12 02:50:06,242 - INFO -   Mean OOS Sharpe: 0.310, Mean Hit: 0.508
2025-09-12 02:50:06,242 - INFO - 
2025-09-12 02:50:06,277 - INFO - Processing Fold 5/7
2025-09-12 02:50:06,353 - INFO -   Using multiprocessing with 9 workers
2025-09-12 02:54:53,769 - INFO - Fold 5 Summary:
2025-09-12 02:54:53,782 - INFO -   Best OOS Sharpe: M37 (3.177, p=0.000)
2025-09-12 02:54:53,783 - INFO -   Best Q-Hit_Rate:  M39 (0.542, OOS_Sharpe=1.883, OOS_Hit=0.521)
2025-09-12 02:54:53,783 - INFO -   Mean OOS Sharpe: 1.955, Mean Hit: 0.545
2025-09-12 02:54:53,783 - INFO - 
2025-09-12 02:54:53,876 - INFO - Processing Fold 6/7
2025-09-12 02:54:53,962 - INFO -   Using multiprocessing with 9 workers
2025-09-12 03:01:20,887 - INFO - Fold 6 Summary:
2025-09-12 03:01:20,896 - INFO -   Best OOS Sharpe: M20 (0.704, p=0.280)
2025-09-12 03:01:20,896 - INFO -   Best Q-Hit_Rate:  M05 (0.534, OOS_Sharpe=-0.768, OOS_Hit=0.488)
2025-09-12 03:01:20,896 - INFO -   Mean OOS Sharpe: -0.789, Mean Hit: 0.476
2025-09-12 03:01:20,896 - INFO - 
2025-09-12 03:01:20,955 - INFO - Processing Fold 7/7
2025-09-12 03:01:21,010 - INFO -   Using multiprocessing with 9 workers
2025-09-12 03:04:25,759 - INFO - Fold 7 Summary:
2025-09-12 03:04:25,765 - INFO -   Best OOS Sharpe: M45 (1.432, p=0.080)
2025-09-12 03:04:25,765 - INFO -   Best Q-Hit_Rate:  M05 (0.532, OOS_Sharpe=0.212, OOS_Hit=0.516)
2025-09-12 03:04:25,765 - INFO -   Mean OOS Sharpe: 0.152, Mean Hit: 0.513
2025-09-12 03:04:25,765 - INFO - 
2025-09-12 03:04:25,816 - INFO - Starting full timeline backtesting...
2025-09-12 03:04:25,823 - INFO - Running full timeline backtest with 7 folds (0-based indexing)
2025-09-12 03:04:25,823 - INFO - Fold 0 skipped (no prior Q-score history for meaningful selection)
2025-09-12 03:04:25,824 - INFO - Effective backtest period: Folds 1-6 (6 folds)
2025-09-12 03:04:25,824 - INFO - Training period: Folds 1-4
2025-09-12 03:04:25,824 - INFO - Production period: Folds 5-6
2025-09-12 03:04:25,824 - INFO - Using consistent OOS methodology for all folds
2025-09-12 03:04:25,827 - INFO - Fold 0: Skipped (no prior Q-score history for meaningful selection)
2025-09-12 03:04:25,827 - INFO - 
--- Processing fold 1/6 ---
2025-09-12 03:04:25,848 - INFO - Fold 1: Q-scores from fold 0: ['M00:0.497', 'M01:0.515', 'M02:0.521', 'M03:0.497', 'M04:0.488']...
2025-09-12 03:04:25,849 - INFO - Fold 1: Selected models [39, 5] based on fold 0 Q-scores, avg Q-score: 0.559
2025-09-12 03:04:25,920 - INFO - Fold 1 (Training): Sharpe=0.062, Hit=46.6%
2025-09-12 03:04:25,921 - INFO - 
--- Processing fold 2/6 ---
2025-09-12 03:04:25,933 - INFO - Fold 2: Q-scores from fold 1: ['M00:0.497', 'M01:0.514', 'M02:0.518', 'M03:0.495', 'M04:0.486']...
2025-09-12 03:04:25,933 - INFO - Fold 2: Selected models [39, 5] based on fold 1 Q-scores, avg Q-score: 0.550
2025-09-12 03:04:25,939 - INFO - Fold 2 (Training): Sharpe=-0.289, Hit=49.9%
2025-09-12 03:04:25,939 - INFO - 
--- Processing fold 3/6 ---
2025-09-12 03:04:25,948 - INFO - Fold 3: Q-scores from fold 2: ['M00:0.497', 'M01:0.505', 'M02:0.515', 'M03:0.492', 'M04:0.485']...
2025-09-12 03:04:25,948 - INFO - Fold 3: Selected models [39, 5] based on fold 2 Q-scores, avg Q-score: 0.543
2025-09-12 03:04:25,951 - INFO - Fold 3 (Training): Sharpe=1.985, Hit=56.0%
2025-09-12 03:04:25,951 - INFO - 
--- Processing fold 4/6 ---
2025-09-12 03:04:25,958 - INFO - Fold 4: Q-scores from fold 3: ['M00:0.498', 'M01:0.503', 'M02:0.512', 'M03:0.491', 'M04:0.487']...
2025-09-12 03:04:25,959 - INFO - Fold 4: Selected models [39, 5] based on fold 3 Q-scores, avg Q-score: 0.540
2025-09-12 03:04:25,961 - INFO - Fold 4 (Training): Sharpe=1.185, Hit=54.0%
2025-09-12 03:04:25,961 - INFO - 
--- Processing fold 5/6 ---
2025-09-12 03:04:25,970 - INFO - Fold 5: Q-scores from fold 4: ['M00:0.496', 'M01:0.506', 'M02:0.516', 'M03:0.495', 'M04:0.489']...
2025-09-12 03:04:25,970 - INFO - Fold 5: Selected models [39, 5] based on fold 4 Q-scores, avg Q-score: 0.541
2025-09-12 03:04:25,971 - INFO - Fold 5 (Production): Sharpe=0.881, Hit=54.5%
2025-09-12 03:04:25,971 - INFO - 
--- Processing fold 6/6 ---
2025-09-12 03:04:25,979 - INFO - Fold 6: Q-scores from fold 5: ['M00:0.493', 'M01:0.504', 'M02:0.514', 'M03:0.493', 'M04:0.487']...
2025-09-12 03:04:25,979 - INFO - Fold 6: Selected models [5, 39] based on fold 5 Q-scores, avg Q-score: 0.532
2025-09-12 03:04:25,981 - INFO - Fold 6 (Production): Sharpe=2.382, Hit=51.7%
2025-09-12 03:04:25,982 - INFO - Training Period Overall: Sharpe=0.653, Hit=51.6%
2025-09-12 03:04:25,984 - INFO - Production Period Overall: Sharpe=1.737, Hit=53.1%
2025-09-12 03:04:25,985 - INFO - Full Timeline Overall: Sharpe=0.935, Hit=52.1%
2025-09-12 03:04:25,986 - INFO - Training: Sharpe=0.653 | Hit=51.6% | Return=6.45%
2025-09-12 03:04:25,986 - INFO - Production: Sharpe=1.737 | Hit=53.1% | Return=12.46%
2025-09-12 03:04:25,986 - INFO - Full Timeline: Sharpe=0.935 | Hit=52.1% | Return=8.47%
2025-09-12 03:04:25,986 - INFO - Generating visualizations...
2025-09-12 03:04:25,989 - INFO - Creating clean visualizations for 50 models...
2025-09-12 03:04:31,817 - INFO - Clean fold-by-fold analysis saved to: 20250912_023133_fold_@ES#C_50models_8folds_hitQ_ES_100feat.png
2025-09-12 03:04:31,960 - INFO - Using categorical units to plot a list of strings that are all parsable as floats or dates. If these strings should be plotted as numbers, cast to the appropriate data type before plotting.
2025-09-12 03:04:31,961 - INFO - Using categorical units to plot a list of strings that are all parsable as floats or dates. If these strings should be plotted as numbers, cast to the appropriate data type before plotting.
2025-09-12 03:04:36,549 - INFO - Detailed production analysis saved to: 20250912_023133_backtest_@ES#C_50models_8folds_hitQ_ES_100feat.png
2025-09-12 03:04:36,552 - INFO - ================================================================================
2025-09-12 03:04:36,552 - INFO - BACKTEST SUMMARY
2025-09-12 03:04:36,552 - INFO - ================================================================================
2025-09-12 03:04:36,553 - INFO - Config: Cutoff=70%, Top N=5, Q-Metric=sharpe, Reselection=1 fold(s)
2025-09-12 03:04:36,553 - INFO - Model Selection History:
2025-09-12 03:04:36,553 - INFO -   Fold 1: M39, M05 (Avg Q-sharpe: 0.559)
2025-09-12 03:04:36,553 - INFO -   Fold 2: M39, M05 (Avg Q-sharpe: 0.550)
2025-09-12 03:04:36,553 - INFO -   Fold 3: M39, M05 (Avg Q-sharpe: 0.543)
2025-09-12 03:04:36,553 - INFO -   Fold 4: M39, M05 (Avg Q-sharpe: 0.540)
2025-09-12 03:04:36,553 - INFO -   Fold 5: M39, M05 (Avg Q-sharpe: 0.541)
2025-09-12 03:04:36,553 - INFO -   Fold 6: M05, M39 (Avg Q-sharpe: 0.532)
2025-09-12 03:04:36,553 - INFO - 
2025-09-12 03:04:36,553 - INFO - Fold-by-Fold Performance:
2025-09-12 03:04:36,553 - INFO -   Fold 1: M39, M05 | Sharpe=0.062 | Hit=46.6% | Samples=341
2025-09-12 03:04:36,553 - INFO -   Fold 2: M39, M05 | Sharpe=-0.289 | Hit=49.9% | Samples=341
2025-09-12 03:04:36,553 - INFO -   Fold 3: M39, M05 | Sharpe=1.985 | Hit=56.0% | Samples=341
2025-09-12 03:04:36,553 - INFO -   Fold 4: M39, M05 | Sharpe=1.185 | Hit=54.0% | Samples=341
2025-09-12 03:04:36,553 - INFO -   Fold 5: M39, M05 | Sharpe=0.881 | Hit=54.5% | Samples=341
2025-09-12 03:04:36,553 - INFO -   Fold 6: M05, M39 | Sharpe=2.382 | Hit=51.7% | Samples=348
2025-09-12 03:04:36,553 - INFO - ================================================================================
2025-09-12 03:04:36,553 - INFO - ================================================================================
2025-09-12 03:04:36,553 - INFO - ANALYSIS COMPLETED SUCCESSFULLY!
2025-09-12 03:04:36,553 - INFO - ================================================================================
2025-09-12 03:04:36,553 - INFO - Generated 2 visualization files
2025-09-12 03:04:36,553 - INFO -   - 20250912_023133_fold_@ES#C_50models_8folds_hitQ_ES_100feat.png
2025-09-12 03:04:36,553 - INFO -   - 20250912_023133_backtest_@ES#C_50models_8folds_hitQ_ES_100feat.png
2025-09-12 03:04:36,553 - INFO - Training Final: Sharpe=0.653 | Hit=51.6% | Return=6.45% | CB=0.377
2025-09-12 03:04:36,554 - INFO - Production Final: Sharpe=1.737 | Hit=53.1% | Return=12.46% | CB=2.019
2025-09-12 03:04:36,554 - INFO - Full Timeline Final: Sharpe=0.935 | Hit=52.1% | Return=8.47% | CB=0.495
