2025-09-12 02:31:33,954 - INFO - ================================================================================
2025-09-12 02:31:33,954 - INFO - XGBoost Comparison Framework
2025-09-12 02:31:33,954 - INFO - ================================================================================
2025-09-12 02:31:33,954 - INFO - Configuration:
2025-09-12 02:31:33,954 - INFO -   Target Symbol: @EU#C
2025-09-12 02:31:33,954 - INFO -   Date Range: 2015-01-01 to 2025-08-01
2025-09-12 02:31:33,954 - INFO -   Models: 50, Type: tiered
2025-09-12 02:31:33,954 - INFO -   Folds: 8
2025-09-12 02:31:33,954 - INFO -   Max Features: 100 (Limited)
2025-09-12 02:31:33,954 - INFO -   Feature Selection: Enabled
2025-09-12 02:31:33,954 - INFO -   Inner Val Fraction: 0.2
2025-09-12 02:31:33,954 - INFO -   EWMA Alpha: 0.1, Quality Halflife: 63 days
2025-09-12 02:31:33,954 - INFO -   Signal Type: Tanh Normalized
2025-09-12 02:31:33,954 - INFO -   Cross-validation: Expanding window
2025-09-12 02:31:33,954 - INFO -   Production: Cutoff=0.6, Top N=2, Q-Metric=hit_rate
2025-09-12 02:31:33,954 - INFO -   Reselection: Every 1 fold(s)
2025-09-12 02:31:33,954 - INFO - 
2025-09-12 02:31:48,739 - INFO - Loaded: X=(2735, 1906), y=(2735,)
2025-09-12 02:33:53,677 - INFO - Selected 100 features (threshold: 0.7)
2025-09-12 02:33:54,003 - INFO - Selected: 100 features
2025-09-12 02:33:54,628 - INFO - GPU detection: XGBoost not compiled with CUDA support - using CPU
2025-09-12 02:33:54,629 - INFO - Processing mode: CPU multiprocessing (GPU: False, Total models: 400)
2025-09-12 02:33:54,642 - INFO - GPU detection: XGBoost not compiled with CUDA support - using CPU
2025-09-12 02:33:54,664 - INFO - Using expanding window
2025-09-12 02:33:54,666 - INFO - Starting analysis: 50 tiered models x 7 folds
2025-09-12 02:33:54,666 - INFO - Processing Fold 1/7
2025-09-12 02:33:54,692 - INFO -   Using multiprocessing with 9 workers
2025-09-12 02:39:26,353 - INFO - Fold 1 Summary:
2025-09-12 02:39:26,361 - INFO -   Best OOS Sharpe: M29 (2.396, p=0.000)
2025-09-12 02:39:26,361 - INFO -   Best Q-Hit_Rate:  M44 (0.550, OOS_Sharpe=1.100, OOS_Hit=0.550)
2025-09-12 02:39:26,361 - INFO -   Mean OOS Sharpe: 0.777, Mean Hit: 0.520
2025-09-12 02:39:26,361 - INFO - 
2025-09-12 02:39:26,396 - INFO - Processing Fold 2/7
2025-09-12 02:39:26,436 - INFO -   Using multiprocessing with 9 workers
2025-09-12 02:45:37,180 - INFO - Fold 2 Summary:
2025-09-12 02:45:37,199 - INFO -   Best OOS Sharpe: M20 (0.668, p=0.420)
2025-09-12 02:45:37,199 - INFO -   Best Q-Hit_Rate:  M44 (0.544, OOS_Sharpe=0.562, OOS_Hit=0.491)
2025-09-12 02:45:37,199 - INFO -   Mean OOS Sharpe: -0.357, Mean Hit: 0.481
2025-09-12 02:45:37,199 - INFO - 
2025-09-12 02:45:37,350 - INFO - Processing Fold 3/7
2025-09-12 02:45:37,654 - INFO -   Using multiprocessing with 9 workers
2025-09-12 02:52:30,770 - INFO - Fold 3 Summary:
2025-09-12 02:52:30,785 - INFO -   Best OOS Sharpe: M37 (1.868, p=0.020)
2025-09-12 02:52:30,785 - INFO -   Best Q-Hit_Rate:  M30 (0.542, OOS_Sharpe=0.152, OOS_Hit=0.521)
2025-09-12 02:52:30,785 - INFO -   Mean OOS Sharpe: 0.194, Mean Hit: 0.522
2025-09-12 02:52:30,785 - INFO - 
2025-09-12 02:52:30,822 - INFO - Processing Fold 4/7
2025-09-12 02:52:30,878 - INFO -   Using multiprocessing with 9 workers
2025-09-12 02:59:54,391 - INFO - Fold 4 Summary:
2025-09-12 02:59:54,482 - INFO -   Best OOS Sharpe: M47 (2.064, p=0.020)
2025-09-12 02:59:54,497 - INFO -   Best Q-Hit_Rate:  M43 (0.542, OOS_Sharpe=1.650, OOS_Hit=0.547)
2025-09-12 02:59:54,500 - INFO -   Mean OOS Sharpe: 0.974, Mean Hit: 0.512
2025-09-12 02:59:54,503 - INFO - 
2025-09-12 02:59:54,901 - INFO - Processing Fold 5/7
2025-09-12 02:59:55,279 - INFO -   Using multiprocessing with 9 workers
2025-09-12 03:05:27,792 - INFO - Fold 5 Summary:
2025-09-12 03:05:27,803 - INFO -   Best OOS Sharpe: M26 (1.938, p=0.020)
2025-09-12 03:05:27,803 - INFO -   Best Q-Hit_Rate:  M30 (0.535, OOS_Sharpe=0.568, OOS_Hit=0.485)
2025-09-12 03:05:27,803 - INFO -   Mean OOS Sharpe: 0.468, Mean Hit: 0.481
2025-09-12 03:05:27,803 - INFO - 
2025-09-12 03:05:27,843 - INFO - Processing Fold 6/7
2025-09-12 03:05:27,887 - INFO -   Using multiprocessing with 9 workers
2025-09-12 03:07:49,029 - INFO - Fold 6 Summary:
2025-09-12 03:07:49,035 - INFO -   Best OOS Sharpe: M43 (0.685, p=0.480)
2025-09-12 03:07:49,035 - INFO -   Best Q-Hit_Rate:  M44 (0.531, OOS_Sharpe=0.259, OOS_Hit=0.509)
2025-09-12 03:07:49,035 - INFO -   Mean OOS Sharpe: -0.486, Mean Hit: 0.482
2025-09-12 03:07:49,035 - INFO - 
2025-09-12 03:07:49,077 - INFO - Processing Fold 7/7
2025-09-12 03:07:49,109 - INFO -   Using multiprocessing with 9 workers
2025-09-12 03:09:50,361 - INFO - Fold 7 Summary:
2025-09-12 03:09:50,366 - INFO -   Best OOS Sharpe: M12 (1.558, p=0.040)
2025-09-12 03:09:50,367 - INFO -   Best Q-Hit_Rate:  M43 (0.524, OOS_Sharpe=0.210, OOS_Hit=0.496)
2025-09-12 03:09:50,367 - INFO -   Mean OOS Sharpe: 0.318, Mean Hit: 0.468
2025-09-12 03:09:50,367 - INFO - 
2025-09-12 03:09:50,410 - INFO - Starting full timeline backtesting...
2025-09-12 03:09:50,416 - INFO - Running full timeline backtest with 7 folds (0-based indexing)
2025-09-12 03:09:50,416 - INFO - Fold 0 skipped (no prior Q-score history for meaningful selection)
2025-09-12 03:09:50,417 - INFO - Effective backtest period: Folds 1-6 (6 folds)
2025-09-12 03:09:50,417 - INFO - Training period: Folds 1-4
2025-09-12 03:09:50,417 - INFO - Production period: Folds 5-6
2025-09-12 03:09:50,417 - INFO - Using consistent OOS methodology for all folds
2025-09-12 03:09:50,419 - INFO - Fold 0: Skipped (no prior Q-score history for meaningful selection)
2025-09-12 03:09:50,419 - INFO - 
--- Processing fold 1/6 ---
2025-09-12 03:09:50,428 - INFO - Fold 1: Q-scores from fold 0: ['M00:0.524', 'M01:0.518', 'M02:0.521', 'M03:0.512', 'M04:0.506']...
2025-09-12 03:09:50,429 - INFO - Fold 1: Selected models [44, 15] based on fold 0 Q-scores, avg Q-score: 0.549
2025-09-12 03:09:50,488 - INFO - Fold 1 (Training): Sharpe=1.731, Hit=52.2%
2025-09-12 03:09:50,488 - INFO - 
--- Processing fold 2/6 ---
2025-09-12 03:09:50,496 - INFO - Fold 2: Q-scores from fold 1: ['M00:0.518', 'M01:0.515', 'M02:0.516', 'M03:0.508', 'M04:0.503']...
2025-09-12 03:09:50,496 - INFO - Fold 2: Selected models [44, 30] based on fold 1 Q-scores, avg Q-score: 0.544
2025-09-12 03:09:50,500 - INFO - Fold 2 (Training): Sharpe=2.021, Hit=52.2%
2025-09-12 03:09:50,500 - INFO - 
--- Processing fold 3/6 ---
2025-09-12 03:09:50,514 - INFO - Fold 3: Q-scores from fold 2: ['M00:0.519', 'M01:0.518', 'M02:0.510', 'M03:0.511', 'M04:0.504']...
2025-09-12 03:09:50,514 - INFO - Fold 3: Selected models [30, 44] based on fold 2 Q-scores, avg Q-score: 0.541
2025-09-12 03:09:50,519 - INFO - Fold 3 (Training): Sharpe=0.546, Hit=52.8%
2025-09-12 03:09:50,519 - INFO - 
--- Processing fold 4/6 ---
2025-09-12 03:09:50,528 - INFO - Fold 4: Q-scores from fold 3: ['M00:0.517', 'M01:0.513', 'M02:0.510', 'M03:0.506', 'M04:0.501']...
2025-09-12 03:09:50,528 - INFO - Fold 4: Selected models [43, 30] based on fold 3 Q-scores, avg Q-score: 0.541
2025-09-12 03:09:50,530 - INFO - Fold 4 (Training): Sharpe=1.030, Hit=53.4%
2025-09-12 03:09:50,530 - INFO - 
--- Processing fold 5/6 ---
2025-09-12 03:09:50,540 - INFO - Fold 5: Q-scores from fold 4: ['M00:0.513', 'M01:0.507', 'M02:0.509', 'M03:0.508', 'M04:0.501']...
2025-09-12 03:09:50,540 - INFO - Fold 5: Selected models [30, 44] based on fold 4 Q-scores, avg Q-score: 0.534
2025-09-12 03:09:50,542 - INFO - Fold 5 (Production): Sharpe=0.751, Hit=50.1%
2025-09-12 03:09:50,542 - INFO - 
--- Processing fold 6/6 ---
2025-09-12 03:09:50,550 - INFO - Fold 6: Q-scores from fold 5: ['M00:0.510', 'M01:0.505', 'M02:0.509', 'M03:0.505', 'M04:0.499']...
2025-09-12 03:09:50,550 - INFO - Fold 6: Selected models [44, 30] based on fold 5 Q-scores, avg Q-score: 0.530
2025-09-12 03:09:50,551 - INFO - Fold 6 (Production): Sharpe=1.404, Hit=54.3%
2025-09-12 03:09:50,552 - INFO - Training Period Overall: Sharpe=1.296, Hit=52.6%
2025-09-12 03:09:50,554 - INFO - Production Period Overall: Sharpe=1.075, Hit=52.2%
2025-09-12 03:09:50,557 - INFO - Full Timeline Overall: Sharpe=1.219, Hit=52.5%
2025-09-12 03:09:50,557 - INFO - Training: Sharpe=1.296 | Hit=52.6% | Return=5.04%
2025-09-12 03:09:50,557 - INFO - Production: Sharpe=1.075 | Hit=52.2% | Return=4.40%
2025-09-12 03:09:50,557 - INFO - Full Timeline: Sharpe=1.219 | Hit=52.5% | Return=4.83%
2025-09-12 03:09:50,557 - INFO - Generating visualizations...
2025-09-12 03:09:50,559 - INFO - Creating clean visualizations for 50 models...
2025-09-12 03:09:56,291 - INFO - Clean fold-by-fold analysis saved to: 20250912_023133_fold_@EU#C_50models_8folds_hitQ_EU_tiered.png
2025-09-12 03:09:56,452 - INFO - Using categorical units to plot a list of strings that are all parsable as floats or dates. If these strings should be plotted as numbers, cast to the appropriate data type before plotting.
2025-09-12 03:09:56,452 - INFO - Using categorical units to plot a list of strings that are all parsable as floats or dates. If these strings should be plotted as numbers, cast to the appropriate data type before plotting.
2025-09-12 03:10:00,201 - INFO - Detailed production analysis saved to: 20250912_023133_backtest_@EU#C_50models_8folds_hitQ_EU_tiered.png
2025-09-12 03:10:00,202 - INFO - ================================================================================
2025-09-12 03:10:00,202 - INFO - BACKTEST SUMMARY
2025-09-12 03:10:00,202 - INFO - ================================================================================
2025-09-12 03:10:00,202 - INFO - Config: Cutoff=70%, Top N=5, Q-Metric=sharpe, Reselection=1 fold(s)
2025-09-12 03:10:00,202 - INFO - Model Selection History:
2025-09-12 03:10:00,203 - INFO -   Fold 1: M44, M15 (Avg Q-sharpe: 0.549)
2025-09-12 03:10:00,203 - INFO -   Fold 2: M44, M30 (Avg Q-sharpe: 0.544)
2025-09-12 03:10:00,203 - INFO -   Fold 3: M30, M44 (Avg Q-sharpe: 0.541)
2025-09-12 03:10:00,203 - INFO -   Fold 4: M43, M30 (Avg Q-sharpe: 0.541)
2025-09-12 03:10:00,203 - INFO -   Fold 5: M30, M44 (Avg Q-sharpe: 0.534)
2025-09-12 03:10:00,203 - INFO -   Fold 6: M44, M30 (Avg Q-sharpe: 0.530)
2025-09-12 03:10:00,203 - INFO - 
2025-09-12 03:10:00,203 - INFO - Fold-by-Fold Performance:
2025-09-12 03:10:00,203 - INFO -   Fold 1: M44, M15 | Sharpe=1.731 | Hit=52.2% | Samples=341
2025-09-12 03:10:00,203 - INFO -   Fold 2: M44, M30 | Sharpe=2.021 | Hit=52.2% | Samples=341
2025-09-12 03:10:00,203 - INFO -   Fold 3: M30, M44 | Sharpe=0.546 | Hit=52.8% | Samples=341
2025-09-12 03:10:00,203 - INFO -   Fold 4: M43, M30 | Sharpe=1.030 | Hit=53.4% | Samples=341
2025-09-12 03:10:00,203 - INFO -   Fold 5: M30, M44 | Sharpe=0.751 | Hit=50.1% | Samples=341
2025-09-12 03:10:00,203 - INFO -   Fold 6: M44, M30 | Sharpe=1.404 | Hit=54.3% | Samples=348
2025-09-12 03:10:00,203 - INFO - ================================================================================
2025-09-12 03:10:00,203 - INFO - ================================================================================
2025-09-12 03:10:00,203 - INFO - ANALYSIS COMPLETED SUCCESSFULLY!
2025-09-12 03:10:00,203 - INFO - ================================================================================
2025-09-12 03:10:00,203 - INFO - Generated 2 visualization files
2025-09-12 03:10:00,203 - INFO -   - 20250912_023133_fold_@EU#C_50models_8folds_hitQ_EU_tiered.png
2025-09-12 03:10:00,203 - INFO -   - 20250912_023133_backtest_@EU#C_50models_8folds_hitQ_EU_tiered.png
2025-09-12 03:10:00,203 - INFO - Training Final: Sharpe=1.296 | Hit=52.6% | Return=5.04% | CB=0.885
2025-09-12 03:10:00,203 - INFO - Production Final: Sharpe=1.075 | Hit=52.2% | Return=4.40% | CB=1.297
2025-09-12 03:10:00,203 - INFO - Full Timeline Final: Sharpe=1.219 | Hit=52.5% | Return=4.83% | CB=0.847
