2025-09-13 16:15:10,078 - INFO - ================================================================================
2025-09-13 16:15:10,078 - INFO - XGBoost Comparison Framework
2025-09-13 16:15:10,078 - INFO - ================================================================================
2025-09-13 16:15:10,078 - INFO - Configuration:
2025-09-13 16:15:10,078 - INFO -   Target Symbol: @EU#C
2025-09-13 16:15:10,079 - INFO -   Date Range: 2015-01-01 to 2025-08-01
2025-09-13 16:15:10,079 - INFO -   Models: 200, Type: standard
2025-09-13 16:15:10,079 - INFO -   Folds: 15
2025-09-13 16:15:10,079 - INFO -   Max Features: 250 (Limited)
2025-09-13 16:15:10,079 - INFO -   Feature Selection: Enabled
2025-09-13 16:15:10,079 - INFO -   Inner Val Fraction: 0.2
2025-09-13 16:15:10,080 - INFO -   EWMA Alpha: 0.1, Quality Halflife: 63 days
2025-09-13 16:15:10,080 - INFO -   Signal Type: Tanh Normalized
2025-09-13 16:15:10,080 - INFO -   Cross-validation: Expanding window
2025-09-13 16:15:10,080 - INFO -   Production: Cutoff=0.6, Top N=10, Q-Metric=hit_rate
2025-09-13 16:15:10,080 - INFO -   Reselection: Every 1 fold(s)
2025-09-13 16:15:10,080 - INFO - 
2025-09-13 16:15:16,957 - INFO - Dropped 3 rows due to NaN in target column @EU#C_target_return
2025-09-13 16:15:17,172 - INFO - Loaded: X=(2732, 1906), y=(2732,)
2025-09-13 16:15:47,453 - INFO - Selected 250 features (threshold: 0.7)
2025-09-13 16:15:47,466 - INFO - Selected: 250 features
2025-09-13 16:15:47,815 - INFO - GPU detection: CUDA GPU available and working
2025-09-13 16:15:47,815 - INFO - Processing mode: GPU sequential (GPU: True, Total models: 3000)
2025-09-13 16:15:47,930 - INFO - GPU detection: CUDA GPU available and working
2025-09-13 16:15:47,933 - INFO - Using expanding window
2025-09-13 16:15:47,933 - INFO - Starting analysis: 200 standard models x 13 folds
2025-09-13 16:15:47,934 - INFO - Processing Fold 1/13
2025-09-13 16:15:47,947 - INFO -   Using GPU sequential processing
2025-09-13 16:22:33,503 - INFO - Fold 1 Summary:
2025-09-13 16:22:33,503 - INFO -   Best OOS Sharpe: M49 (2.438, p=0.060)
2025-09-13 16:22:33,503 - INFO -   Best Q-Hit_Rate:  M17 (0.593, OOS_Sharpe=0.764, OOS_Hit=0.593)
2025-09-13 16:22:33,503 - INFO -   Mean OOS Sharpe: -0.145, Mean Hit: 0.503
2025-09-13 16:22:33,503 - INFO - 
2025-09-13 16:22:33,508 - INFO - Processing Fold 2/13
2025-09-13 16:22:33,519 - INFO -   Using GPU sequential processing
2025-09-13 16:29:46,913 - INFO - Fold 2 Summary:
2025-09-13 16:29:46,913 - INFO -   Best OOS Sharpe: M12 (4.240, p=0.000)
2025-09-13 16:29:46,913 - INFO -   Best Q-Hit_Rate:  M17 (0.587, OOS_Sharpe=0.606, OOS_Hit=0.533)
2025-09-13 16:29:46,913 - INFO -   Mean OOS Sharpe: 1.635, Mean Hit: 0.527
2025-09-13 16:29:46,913 - INFO - 
2025-09-13 16:29:46,918 - INFO - Processing Fold 3/13
2025-09-13 16:29:46,926 - INFO -   Using GPU sequential processing
2025-09-13 16:37:21,840 - INFO - Fold 3 Summary:
2025-09-13 16:37:21,840 - INFO -   Best OOS Sharpe: M132 (1.511, p=0.200)
2025-09-13 16:37:21,840 - INFO -   Best Q-Hit_Rate:  M17 (0.579, OOS_Sharpe=0.343, OOS_Hit=0.500)
2025-09-13 16:37:21,840 - INFO -   Mean OOS Sharpe: -0.703, Mean Hit: 0.477
2025-09-13 16:37:21,840 - INFO - 
2025-09-13 16:37:21,843 - INFO - Processing Fold 4/13
2025-09-13 16:37:21,848 - INFO -   Using GPU sequential processing
2025-09-13 16:45:07,935 - INFO - Fold 4 Summary:
2025-09-13 16:45:07,935 - INFO -   Best OOS Sharpe: M02 (3.651, p=0.000)
2025-09-13 16:45:07,935 - INFO -   Best Q-Hit_Rate:  M17 (0.576, OOS_Sharpe=1.817, OOS_Hit=0.555)
2025-09-13 16:45:07,935 - INFO -   Mean OOS Sharpe: 1.494, Mean Hit: 0.495
2025-09-13 16:45:07,935 - INFO - 
2025-09-13 16:45:07,941 - INFO - Processing Fold 5/13
2025-09-13 16:45:07,950 - INFO -   Using GPU sequential processing
2025-09-13 16:52:38,058 - INFO - Fold 5 Summary:
2025-09-13 16:52:38,058 - INFO -   Best OOS Sharpe: M169 (3.093, p=0.020)
2025-09-13 16:52:38,058 - INFO -   Best Q-Hit_Rate:  M17 (0.565, OOS_Sharpe=0.445, OOS_Hit=0.462)
2025-09-13 16:52:38,058 - INFO -   Mean OOS Sharpe: 0.699, Mean Hit: 0.496
2025-09-13 16:52:38,058 - INFO - 
2025-09-13 16:52:38,072 - INFO - Processing Fold 6/13
2025-09-13 16:52:38,088 - INFO -   Using GPU sequential processing
2025-09-13 16:59:52,818 - INFO - Fold 6 Summary:
2025-09-13 16:59:52,818 - INFO -   Best OOS Sharpe: M140 (4.549, p=0.000)
2025-09-13 16:59:52,818 - INFO -   Best Q-Hit_Rate:  M17 (0.565, OOS_Sharpe=2.847, OOS_Hit=0.566)
2025-09-13 16:59:52,818 - INFO -   Mean OOS Sharpe: 2.091, Mean Hit: 0.548
2025-09-13 16:59:52,818 - INFO - 
2025-09-13 16:59:52,823 - INFO - Processing Fold 7/13
2025-09-13 16:59:52,831 - INFO -   Using GPU sequential processing
2025-09-13 17:07:17,330 - INFO - Fold 7 Summary:
2025-09-13 17:07:17,330 - INFO -   Best OOS Sharpe: M100 (2.327, p=0.050)
2025-09-13 17:07:17,330 - INFO -   Best Q-Hit_Rate:  M17 (0.562, OOS_Sharpe=2.024, OOS_Hit=0.533)
2025-09-13 17:07:17,330 - INFO -   Mean OOS Sharpe: 0.799, Mean Hit: 0.495
2025-09-13 17:07:17,330 - INFO - 
2025-09-13 17:07:17,335 - INFO - Processing Fold 8/13
2025-09-13 17:07:17,344 - INFO -   Using GPU sequential processing
2025-09-13 17:14:53,622 - INFO - Fold 8 Summary:
2025-09-13 17:14:53,622 - INFO -   Best OOS Sharpe: M57 (2.190, p=0.070)
2025-09-13 17:14:53,622 - INFO -   Best Q-Hit_Rate:  M17 (0.555, OOS_Sharpe=-0.794, OOS_Hit=0.495)
2025-09-13 17:14:53,622 - INFO -   Mean OOS Sharpe: -0.482, Mean Hit: 0.491
2025-09-13 17:14:53,622 - INFO - 
2025-09-13 17:14:53,627 - INFO - Processing Fold 9/13
2025-09-13 17:14:53,642 - INFO -   Using GPU sequential processing
2025-09-13 17:22:36,545 - INFO - Fold 9 Summary:
2025-09-13 17:22:36,545 - INFO -   Best OOS Sharpe: M147 (4.130, p=0.000)
2025-09-13 17:22:36,546 - INFO -   Best Q-Hit_Rate:  M17 (0.553, OOS_Sharpe=0.629, OOS_Hit=0.538)
2025-09-13 17:22:36,546 - INFO -   Mean OOS Sharpe: 1.849, Mean Hit: 0.558
2025-09-13 17:22:36,546 - INFO - 
2025-09-13 17:22:36,552 - INFO - Processing Fold 10/13
2025-09-13 17:22:36,581 - INFO -   Using GPU sequential processing
2025-09-13 17:28:21,579 - INFO - Fold 10 Summary:
2025-09-13 17:28:21,580 - INFO -   Best OOS Sharpe: M153 (3.203, p=0.000)
2025-09-13 17:28:21,580 - INFO -   Best Q-Hit_Rate:  M17 (0.547, OOS_Sharpe=0.502, OOS_Hit=0.489)
2025-09-13 17:28:21,580 - INFO -   Mean OOS Sharpe: 1.070, Mean Hit: 0.494
2025-09-13 17:28:21,580 - INFO - 
2025-09-13 17:28:21,586 - INFO - Processing Fold 11/13
2025-09-13 17:28:21,599 - INFO -   Using GPU sequential processing
2025-09-13 17:32:46,429 - INFO - Fold 11 Summary:
2025-09-13 17:32:46,429 - INFO -   Best OOS Sharpe: M14 (2.839, p=0.000)
2025-09-13 17:32:46,429 - INFO -   Best Q-Hit_Rate:  M14 (0.542, OOS_Sharpe=2.839, OOS_Hit=0.593)
2025-09-13 17:32:46,429 - INFO -   Mean OOS Sharpe: 0.601, Mean Hit: 0.511
2025-09-13 17:32:46,429 - INFO - 
2025-09-13 17:32:46,436 - INFO - Processing Fold 12/13
2025-09-13 17:32:46,443 - INFO -   Using GPU sequential processing
2025-09-13 17:37:15,981 - INFO - Fold 12 Summary:
2025-09-13 17:37:15,981 - INFO -   Best OOS Sharpe: M15 (2.207, p=0.060)
2025-09-13 17:37:15,981 - INFO -   Best Q-Hit_Rate:  M14 (0.541, OOS_Sharpe=0.413, OOS_Hit=0.533)
2025-09-13 17:37:15,981 - INFO -   Mean OOS Sharpe: -0.441, Mean Hit: 0.498
2025-09-13 17:37:15,981 - INFO - 
2025-09-13 17:37:15,986 - INFO - Processing Fold 13/13
2025-09-13 17:37:15,996 - INFO -   Using GPU sequential processing
2025-09-13 17:40:50,096 - INFO - Fold 13 Summary:
2025-09-13 17:40:50,096 - INFO -   Best OOS Sharpe: M163 (3.873, p=0.000)
2025-09-13 17:40:50,096 - INFO -   Best Q-Hit_Rate:  M14 (0.538, OOS_Sharpe=0.691, OOS_Hit=0.516)
2025-09-13 17:40:50,096 - INFO -   Mean OOS Sharpe: 1.212, Mean Hit: 0.539
2025-09-13 17:40:50,096 - INFO - 
2025-09-13 17:40:50,103 - INFO - Starting full timeline backtesting...
2025-09-13 17:40:50,103 - INFO - Running full timeline backtest with 13 folds (0-based indexing)
2025-09-13 17:40:50,103 - INFO - Fold 0 skipped (no prior Q-score history for meaningful selection)
2025-09-13 17:40:50,103 - INFO - Effective backtest period: Folds 1-12 (12 folds)
2025-09-13 17:40:50,103 - INFO - Training period: Folds 1-7
2025-09-13 17:40:50,103 - INFO - Production period: Folds 8-12
2025-09-13 17:40:50,103 - INFO - Using consistent OOS methodology for all folds
2025-09-13 17:40:50,103 - INFO - Fold 0: Skipped (no prior Q-score history for meaningful selection)
2025-09-13 17:40:50,104 - INFO - 
--- Processing fold 1/12 ---
2025-09-13 17:40:50,149 - INFO - Fold 1: Q-scores from fold 0: ['M00:0.555', 'M01:0.527', 'M02:0.516', 'M03:0.489', 'M04:0.522']...
2025-09-13 17:40:50,149 - INFO - Fold 1: Selected models [17, 24, 14, 40, 73, 125, 192, 70, 0, 38] based on fold 0 Q-scores, avg Q-score: 0.567
2025-09-13 17:40:50,150 - INFO - Fold 1 (Training): Sharpe=1.392, Hit=50.0%
2025-09-13 17:40:50,150 - INFO - 
--- Processing fold 2/12 ---
2025-09-13 17:40:50,185 - INFO - Fold 2: Q-scores from fold 1: ['M00:0.549', 'M01:0.531', 'M02:0.519', 'M03:0.487', 'M04:0.526']...
2025-09-13 17:40:50,185 - INFO - Fold 2: Selected models [17, 24, 73, 40, 125, 14, 192, 83, 70, 38] based on fold 1 Q-scores, avg Q-score: 0.563
2025-09-13 17:40:50,187 - INFO - Fold 2 (Training): Sharpe=-1.344, Hit=46.7%
2025-09-13 17:40:50,187 - INFO - 
--- Processing fold 3/12 ---
2025-09-13 17:40:50,226 - INFO - Fold 3: Q-scores from fold 2: ['M00:0.541', 'M01:0.521', 'M02:0.511', 'M03:0.491', 'M04:0.522']...
2025-09-13 17:40:50,226 - INFO - Fold 3: Selected models [17, 24, 73, 14, 40, 125, 83, 49, 192, 70] based on fold 2 Q-scores, avg Q-score: 0.555
2025-09-13 17:40:50,227 - INFO - Fold 3 (Training): Sharpe=2.164, Hit=50.0%
2025-09-13 17:40:50,227 - INFO - 
--- Processing fold 4/12 ---
2025-09-13 17:40:50,276 - INFO - Fold 4: Q-scores from fold 3: ['M00:0.533', 'M01:0.518', 'M02:0.513', 'M03:0.494', 'M04:0.520']...
2025-09-13 17:40:50,276 - INFO - Fold 4: Selected models [17, 24, 73, 40, 125, 14, 49, 83, 140, 70] based on fold 3 Q-scores, avg Q-score: 0.550
2025-09-13 17:40:50,282 - INFO - Fold 4 (Training): Sharpe=1.480, Hit=50.0%
2025-09-13 17:40:50,282 - INFO - 
--- Processing fold 5/12 ---
2025-09-13 17:40:50,335 - INFO - Fold 5: Q-scores from fold 4: ['M00:0.529', 'M01:0.513', 'M02:0.514', 'M03:0.489', 'M04:0.517']...
2025-09-13 17:40:50,336 - INFO - Fold 5: Selected models [17, 24, 73, 40, 14, 49, 83, 110, 125, 140] based on fold 4 Q-scores, avg Q-score: 0.544
2025-09-13 17:40:50,337 - INFO - Fold 5 (Training): Sharpe=3.544, Hit=58.2%
2025-09-13 17:40:50,337 - INFO - 
--- Processing fold 6/12 ---
2025-09-13 17:40:50,387 - INFO - Fold 6: Q-scores from fold 5: ['M00:0.527', 'M01:0.516', 'M02:0.512', 'M03:0.492', 'M04:0.518']...
2025-09-13 17:40:50,387 - INFO - Fold 6: Selected models [17, 24, 49, 73, 14, 140, 83, 51, 125, 70] based on fold 5 Q-scores, avg Q-score: 0.545
2025-09-13 17:40:50,388 - INFO - Fold 6 (Training): Sharpe=1.160, Hit=51.1%
2025-09-13 17:40:50,389 - INFO - 
--- Processing fold 7/12 ---
2025-09-13 17:40:50,432 - INFO - Fold 7: Q-scores from fold 6: ['M00:0.518', 'M01:0.511', 'M02:0.511', 'M03:0.495', 'M04:0.514']...
2025-09-13 17:40:50,432 - INFO - Fold 7: Selected models [17, 24, 49, 73, 14, 70, 51, 83, 110, 140] based on fold 6 Q-scores, avg Q-score: 0.540
2025-09-13 17:40:50,433 - INFO - Fold 7 (Training): Sharpe=-0.174, Hit=48.4%
2025-09-13 17:40:50,433 - INFO - 
--- Processing fold 8/12 ---
2025-09-13 17:40:50,468 - INFO - Fold 8: Q-scores from fold 7: ['M00:0.519', 'M01:0.510', 'M02:0.508', 'M03:0.495', 'M04:0.519']...
2025-09-13 17:40:50,468 - INFO - Fold 8: Selected models [17, 24, 49, 73, 14, 110, 70, 40, 83, 38] based on fold 7 Q-scores, avg Q-score: 0.537
2025-09-13 17:40:50,470 - INFO - Fold 8 (Production): Sharpe=2.527, Hit=58.8%
2025-09-13 17:40:50,470 - INFO - 
--- Processing fold 9/12 ---
2025-09-13 17:40:50,514 - INFO - Fold 9: Q-scores from fold 8: ['M00:0.517', 'M01:0.514', 'M02:0.505', 'M03:0.505', 'M04:0.519']...
2025-09-13 17:40:50,514 - INFO - Fold 9: Selected models [17, 73, 14, 110, 70, 24, 51, 40, 49, 38] based on fold 8 Q-scores, avg Q-score: 0.538
2025-09-13 17:40:50,515 - INFO - Fold 9 (Production): Sharpe=1.524, Hit=51.6%
2025-09-13 17:40:50,516 - INFO - 
--- Processing fold 10/12 ---
2025-09-13 17:40:50,553 - INFO - Fold 10: Q-scores from fold 9: ['M00:0.510', 'M01:0.509', 'M02:0.510', 'M03:0.503', 'M04:0.520']...
2025-09-13 17:40:50,553 - INFO - Fold 10: Selected models [17, 110, 70, 73, 14, 40, 49, 23, 51, 192] based on fold 9 Q-scores, avg Q-score: 0.535
2025-09-13 17:40:50,554 - INFO - Fold 10 (Production): Sharpe=1.789, Hit=53.8%
2025-09-13 17:40:50,555 - INFO - 
--- Processing fold 11/12 ---
2025-09-13 17:40:50,594 - INFO - Fold 11: Q-scores from fold 10: ['M00:0.506', 'M01:0.509', 'M02:0.511', 'M03:0.500', 'M04:0.524']...
2025-09-13 17:40:50,594 - INFO - Fold 11: Selected models [14, 17, 73, 49, 70, 110, 40, 51, 45, 23] based on fold 10 Q-scores, avg Q-score: 0.534
2025-09-13 17:40:50,595 - INFO - Fold 11 (Production): Sharpe=-0.593, Hit=52.2%
2025-09-13 17:40:50,595 - INFO - 
--- Processing fold 12/12 ---
2025-09-13 17:40:50,638 - INFO - Fold 12: Q-scores from fold 11: ['M00:0.508', 'M01:0.508', 'M02:0.508', 'M03:0.495', 'M04:0.518']...
2025-09-13 17:40:50,639 - INFO - Fold 12: Selected models [14, 73, 49, 70, 17, 110, 192, 45, 44, 132] based on fold 11 Q-scores, avg Q-score: 0.531
2025-09-13 17:40:50,640 - INFO - Fold 12 (Production): Sharpe=1.920, Hit=57.1%
2025-09-13 17:40:50,641 - INFO - Training Period Overall: Sharpe=1.272, Hit=50.6%
2025-09-13 17:40:50,642 - INFO - Production Period Overall: Sharpe=1.574, Hit=54.7%
2025-09-13 17:40:50,644 - INFO - Full Timeline Overall: Sharpe=1.403, Hit=52.3%
2025-09-13 17:40:50,644 - INFO - Training: Sharpe=1.272 | Hit=50.6% | Return=3.09%
2025-09-13 17:40:50,644 - INFO - Production: Sharpe=1.574 | Hit=54.7% | Return=5.35%
2025-09-13 17:40:50,644 - INFO - Full Timeline: Sharpe=1.403 | Hit=52.3% | Return=4.03%
2025-09-13 17:40:50,644 - INFO - Generating visualizations...
2025-09-13 17:40:50,644 - INFO - Creating clean visualizations for 200 models...
2025-09-13 17:40:53,841 - INFO - Clean fold-by-fold analysis saved to: 20250913_161510_fold_@EU#C_200models_15folds_v2_H5.6_EU_optimal_200M.png
2025-09-13 17:40:57,928 - INFO - Detailed production analysis saved to: 20250913_161510_backtest_@EU#C_200models_15folds_v2_H5.6_EU_optimal_200M.png
2025-09-13 17:40:57,929 - INFO - ================================================================================
2025-09-13 17:40:57,929 - INFO - BACKTEST SUMMARY
2025-09-13 17:40:57,929 - INFO - ================================================================================
2025-09-13 17:40:57,929 - INFO - Config: Cutoff=70%, Top N=5, Q-Metric=sharpe, Reselection=1 fold(s)
2025-09-13 17:40:57,929 - INFO - Model Selection History:
2025-09-13 17:40:57,929 - INFO -   Fold 1: M17, M24, M14, M40, M73, M125, M192, M70, M00, M38 (Avg Q-sharpe: 0.567)
2025-09-13 17:40:57,929 - INFO -   Fold 2: M17, M24, M73, M40, M125, M14, M192, M83, M70, M38 (Avg Q-sharpe: 0.563)
2025-09-13 17:40:57,929 - INFO -   Fold 3: M17, M24, M73, M14, M40, M125, M83, M49, M192, M70 (Avg Q-sharpe: 0.555)
2025-09-13 17:40:57,929 - INFO -   Fold 4: M17, M24, M73, M40, M125, M14, M49, M83, M140, M70 (Avg Q-sharpe: 0.550)
2025-09-13 17:40:57,929 - INFO -   Fold 5: M17, M24, M73, M40, M14, M49, M83, M110, M125, M140 (Avg Q-sharpe: 0.544)
2025-09-13 17:40:57,929 - INFO -   Fold 6: M17, M24, M49, M73, M14, M140, M83, M51, M125, M70 (Avg Q-sharpe: 0.545)
2025-09-13 17:40:57,929 - INFO -   Fold 7: M17, M24, M49, M73, M14, M70, M51, M83, M110, M140 (Avg Q-sharpe: 0.540)
2025-09-13 17:40:57,929 - INFO -   Fold 8: M17, M24, M49, M73, M14, M110, M70, M40, M83, M38 (Avg Q-sharpe: 0.537)
2025-09-13 17:40:57,929 - INFO -   Fold 9: M17, M73, M14, M110, M70, M24, M51, M40, M49, M38 (Avg Q-sharpe: 0.538)
2025-09-13 17:40:57,929 - INFO -   Fold 10: M17, M110, M70, M73, M14, M40, M49, M23, M51, M192 (Avg Q-sharpe: 0.535)
2025-09-13 17:40:57,929 - INFO -   Fold 11: M14, M17, M73, M49, M70, M110, M40, M51, M45, M23 (Avg Q-sharpe: 0.534)
2025-09-13 17:40:57,929 - INFO -   Fold 12: M14, M73, M49, M70, M17, M110, M192, M45, M44, M132 (Avg Q-sharpe: 0.531)
2025-09-13 17:40:57,929 - INFO - 
2025-09-13 17:40:57,930 - INFO - Fold-by-Fold Performance:
2025-09-13 17:40:57,930 - INFO -   Fold 1: M17, M24, M14, M40, M73, M125, M192, M70, M00, M38 | Sharpe=1.392 | Hit=50.0% | Samples=182
2025-09-13 17:40:57,930 - INFO -   Fold 2: M17, M24, M73, M40, M125, M14, M192, M83, M70, M38 | Sharpe=-1.344 | Hit=46.7% | Samples=182
2025-09-13 17:40:57,930 - INFO -   Fold 3: M17, M24, M73, M14, M40, M125, M83, M49, M192, M70 | Sharpe=2.164 | Hit=50.0% | Samples=182
2025-09-13 17:40:57,930 - INFO -   Fold 4: M17, M24, M73, M40, M125, M14, M49, M83, M140, M70 | Sharpe=1.480 | Hit=50.0% | Samples=182
2025-09-13 17:40:57,930 - INFO -   Fold 5: M17, M24, M73, M40, M14, M49, M83, M110, M125, M140 | Sharpe=3.544 | Hit=58.2% | Samples=182
2025-09-13 17:40:57,930 - INFO -   Fold 6: M17, M24, M49, M73, M14, M140, M83, M51, M125, M70 | Sharpe=1.160 | Hit=51.1% | Samples=182
2025-09-13 17:40:57,930 - INFO -   Fold 7: M17, M24, M49, M73, M14, M70, M51, M83, M110, M140 | Sharpe=-0.174 | Hit=48.4% | Samples=182
2025-09-13 17:40:57,930 - INFO -   Fold 8: M17, M24, M49, M73, M14, M110, M70, M40, M83, M38 | Sharpe=2.527 | Hit=58.8% | Samples=182
2025-09-13 17:40:57,930 - INFO -   Fold 9: M17, M73, M14, M110, M70, M24, M51, M40, M49, M38 | Sharpe=1.524 | Hit=51.6% | Samples=182
2025-09-13 17:40:57,930 - INFO -   Fold 10: M17, M110, M70, M73, M14, M40, M49, M23, M51, M192 | Sharpe=1.789 | Hit=53.8% | Samples=182
2025-09-13 17:40:57,930 - INFO -   Fold 11: M14, M17, M73, M49, M70, M110, M40, M51, M45, M23 | Sharpe=-0.593 | Hit=52.2% | Samples=182
2025-09-13 17:40:57,930 - INFO -   Fold 12: M14, M73, M49, M70, M17, M110, M192, M45, M44, M132 | Sharpe=1.920 | Hit=57.1% | Samples=184
2025-09-13 17:40:57,930 - INFO - ================================================================================
2025-09-13 17:40:57,930 - INFO - ================================================================================
2025-09-13 17:40:57,930 - INFO - ANALYSIS COMPLETED SUCCESSFULLY!
2025-09-13 17:40:57,930 - INFO - ================================================================================
2025-09-13 17:40:57,930 - INFO - Generated 2 visualization files
2025-09-13 17:40:57,930 - INFO -   - 20250913_161510_fold_@EU#C_200models_15folds_v2_H5.6_EU_optimal_200M.png
2025-09-13 17:40:57,930 - INFO -   - 20250913_161510_backtest_@EU#C_200models_15folds_v2_H5.6_EU_optimal_200M.png
2025-09-13 17:40:57,930 - INFO - Training Final: Sharpe=1.272 | Hit=50.6% | Return=3.09% | CB=0.853
2025-09-13 17:40:57,930 - INFO - Production Final: Sharpe=1.574 | Hit=54.7% | Return=5.35% | CB=1.622
2025-09-13 17:40:57,930 - INFO - Full Timeline Final: Sharpe=1.403 | Hit=52.3% | Return=4.03% | CB=1.112
