2025-09-12 18:54:32,079 - INFO - ================================================================================
2025-09-12 18:54:32,079 - INFO - XGBoost Comparison Framework
2025-09-12 18:54:32,079 - INFO - ================================================================================
2025-09-12 18:54:32,079 - INFO - Configuration:
2025-09-12 18:54:32,079 - INFO -   Target Symbol: @ES#C
2025-09-12 18:54:32,079 - INFO -   Date Range: 2015-01-01 to 2025-08-01
2025-09-12 18:54:32,079 - INFO -   Models: 100, Type: standard
2025-09-12 18:54:32,079 - INFO -   Folds: 8
2025-09-12 18:54:32,079 - INFO -   Max Features: 100 (Limited)
2025-09-12 18:54:32,079 - INFO -   Feature Selection: Enabled
2025-09-12 18:54:32,080 - INFO -   Inner Val Fraction: 0.2
2025-09-12 18:54:32,080 - INFO -   EWMA Alpha: 0.1, Quality Halflife: 63 days
2025-09-12 18:54:32,080 - INFO -   Signal Type: Binary (+1/-1)
2025-09-12 18:54:32,080 - INFO -   Cross-validation: Expanding window
2025-09-12 18:54:32,080 - INFO -   Production: Cutoff=0.6, Top N=5, Q-Metric=hit_rate
2025-09-12 18:54:32,080 - INFO -   Reselection: Every 1 fold(s)
2025-09-12 18:54:32,080 - INFO - 
2025-09-12 18:54:41,240 - INFO - Loaded: X=(2735, 1906), y=(2735,)
2025-09-12 18:55:23,565 - INFO - Selected 100 features (threshold: 0.7)
2025-09-12 18:55:23,577 - INFO - Selected: 100 features
2025-09-12 18:55:24,540 - INFO - GPU detection: CUDA GPU available and working
2025-09-12 18:55:24,541 - INFO - Processing mode: GPU sequential (GPU: True, Total models: 800)
2025-09-12 18:55:24,892 - INFO - GPU detection: CUDA GPU available and working
2025-09-12 18:55:24,894 - INFO - Using expanding window
2025-09-12 18:55:24,895 - INFO - Starting analysis: 100 standard models x 7 folds
2025-09-12 18:55:24,895 - INFO - Processing Fold 1/7
2025-09-12 18:55:24,898 - INFO -   Using GPU sequential processing
2025-09-12 19:00:12,898 - INFO - Fold 1 Summary:
2025-09-12 19:00:12,898 - INFO -   Best OOS Sharpe: M20 (1.652, p=0.120)
2025-09-12 19:00:12,898 - INFO -   Best Q-Hit_Rate:  M20 (0.548, OOS_Sharpe=1.652, OOS_Hit=0.548)
2025-09-12 19:00:12,898 - INFO -   Mean OOS Sharpe: -0.135, Mean Hit: 0.489
2025-09-12 19:00:12,898 - INFO - 
2025-09-12 19:00:12,942 - INFO - Processing Fold 2/7
2025-09-12 19:00:12,946 - INFO -   Using GPU sequential processing
2025-09-12 19:05:33,319 - INFO - Fold 2 Summary:
2025-09-12 19:05:33,320 - INFO -   Best OOS Sharpe: M56 (1.866, p=0.020)
2025-09-12 19:05:33,337 - INFO -   Best Q-Hit_Rate:  M20 (0.544, OOS_Sharpe=-0.210, OOS_Hit=0.501)
2025-09-12 19:05:33,337 - INFO -   Mean OOS Sharpe: 0.179, Mean Hit: 0.495
2025-09-12 19:05:33,337 - INFO - 
2025-09-12 19:05:33,340 - INFO - Processing Fold 3/7
2025-09-12 19:05:33,343 - INFO -   Using GPU sequential processing
2025-09-12 19:11:15,662 - INFO - Fold 3 Summary:
2025-09-12 19:11:15,665 - INFO -   Best OOS Sharpe: M88 (2.031, p=0.020)
2025-09-12 19:11:15,665 - INFO -   Best Q-Hit_Rate:  M20 (0.542, OOS_Sharpe=0.842, OOS_Hit=0.531)
2025-09-12 19:11:15,665 - INFO -   Mean OOS Sharpe: 0.476, Mean Hit: 0.513
2025-09-12 19:11:15,665 - INFO - 
2025-09-12 19:11:15,668 - INFO - Processing Fold 4/7
2025-09-12 19:11:15,695 - INFO -   Using GPU sequential processing
2025-09-12 19:17:09,755 - INFO - Fold 4 Summary:
2025-09-12 19:17:09,755 - INFO -   Best OOS Sharpe: M94 (3.114, p=0.000)
2025-09-12 19:17:09,755 - INFO -   Best Q-Hit_Rate:  M20 (0.536, OOS_Sharpe=0.525, OOS_Hit=0.475)
2025-09-12 19:17:09,755 - INFO -   Mean OOS Sharpe: 1.506, Mean Hit: 0.523
2025-09-12 19:17:09,755 - INFO - 
2025-09-12 19:17:09,763 - INFO - Processing Fold 5/7
2025-09-12 19:17:09,767 - INFO -   Using GPU sequential processing
2025-09-12 19:22:59,685 - INFO - Fold 5 Summary:
2025-09-12 19:22:59,685 - INFO -   Best OOS Sharpe: M02 (2.446, p=0.000)
2025-09-12 19:22:59,685 - INFO -   Best Q-Hit_Rate:  M03 (0.537, OOS_Sharpe=2.272, OOS_Hit=0.560)
2025-09-12 19:22:59,685 - INFO -   Mean OOS Sharpe: 1.246, Mean Hit: 0.519
2025-09-12 19:22:59,685 - INFO - 
2025-09-12 19:22:59,688 - INFO - Processing Fold 6/7
2025-09-12 19:22:59,693 - INFO -   Using GPU sequential processing
2025-09-12 19:28:50,024 - INFO - Fold 6 Summary:
2025-09-12 19:28:50,024 - INFO -   Best OOS Sharpe: M38 (2.781, p=0.000)
2025-09-12 19:28:50,024 - INFO -   Best Q-Hit_Rate:  M03 (0.539, OOS_Sharpe=1.779, OOS_Hit=0.560)
2025-09-12 19:28:50,024 - INFO -   Mean OOS Sharpe: 0.759, Mean Hit: 0.517
2025-09-12 19:28:50,024 - INFO - 
2025-09-12 19:28:50,028 - INFO - Processing Fold 7/7
2025-09-12 19:28:50,033 - INFO -   Using GPU sequential processing
2025-09-12 19:32:36,741 - INFO - Fold 7 Summary:
2025-09-12 19:32:36,741 - INFO -   Best OOS Sharpe: M01 (2.900, p=0.000)
2025-09-12 19:32:36,741 - INFO -   Best Q-Hit_Rate:  M03 (0.537, OOS_Sharpe=0.764, OOS_Hit=0.517)
2025-09-12 19:32:36,741 - INFO -   Mean OOS Sharpe: 1.226, Mean Hit: 0.521
2025-09-12 19:32:36,741 - INFO - 
2025-09-12 19:32:36,744 - INFO - Starting full timeline backtesting...
2025-09-12 19:32:36,744 - INFO - Running full timeline backtest with 7 folds (0-based indexing)
2025-09-12 19:32:36,744 - INFO - Fold 0 skipped (no prior Q-score history for meaningful selection)
2025-09-12 19:32:36,744 - INFO - Effective backtest period: Folds 1-6 (6 folds)
2025-09-12 19:32:36,744 - INFO - Training period: Folds 1-4
2025-09-12 19:32:36,745 - INFO - Production period: Folds 5-6
2025-09-12 19:32:36,745 - INFO - Using consistent OOS methodology for all folds
2025-09-12 19:32:36,745 - INFO - Fold 0: Skipped (no prior Q-score history for meaningful selection)
2025-09-12 19:32:36,745 - INFO - 
--- Processing fold 1/6 ---
2025-09-12 19:32:36,779 - INFO - Fold 1: Q-scores from fold 0: ['M00:0.510', 'M01:0.475', 'M02:0.499', 'M03:0.540', 'M04:0.478']...
2025-09-12 19:32:36,780 - INFO - Fold 1: Selected models [20, 3, 79, 99, 73] based on fold 0 Q-scores, avg Q-score: 0.538
2025-09-12 19:32:36,783 - INFO - Fold 1 (Training): Sharpe=-0.428, Hit=48.4%
2025-09-12 19:32:36,783 - INFO - 
--- Processing fold 2/6 ---
2025-09-12 19:32:36,812 - INFO - Fold 2: Q-scores from fold 1: ['M00:0.509', 'M01:0.477', 'M02:0.500', 'M03:0.535', 'M04:0.479']...
2025-09-12 19:32:36,812 - INFO - Fold 2: Selected models [20, 3, 99, 79, 98] based on fold 1 Q-scores, avg Q-score: 0.533
2025-09-12 19:32:36,814 - INFO - Fold 2 (Training): Sharpe=1.013, Hit=52.5%
2025-09-12 19:32:36,814 - INFO - 
--- Processing fold 3/6 ---
2025-09-12 19:32:36,843 - INFO - Fold 3: Q-scores from fold 2: ['M00:0.505', 'M01:0.476', 'M02:0.504', 'M03:0.534', 'M04:0.485']...
2025-09-12 19:32:36,843 - INFO - Fold 3: Selected models [20, 3, 99, 79, 98] based on fold 2 Q-scores, avg Q-score: 0.533
2025-09-12 19:32:36,845 - INFO - Fold 3 (Training): Sharpe=2.184, Hit=51.9%
2025-09-12 19:32:36,845 - INFO - 
--- Processing fold 4/6 ---
2025-09-12 19:32:36,871 - INFO - Fold 4: Q-scores from fold 3: ['M00:0.507', 'M01:0.484', 'M02:0.505', 'M03:0.535', 'M04:0.489']...
2025-09-12 19:32:36,872 - INFO - Fold 4: Selected models [20, 3, 99, 79, 98] based on fold 3 Q-scores, avg Q-score: 0.531
2025-09-12 19:32:36,873 - INFO - Fold 4 (Training): Sharpe=2.180, Hit=54.3%
2025-09-12 19:32:36,873 - INFO - 
--- Processing fold 5/6 ---
2025-09-12 19:32:36,899 - INFO - Fold 5: Q-scores from fold 4: ['M00:0.509', 'M01:0.487', 'M02:0.509', 'M03:0.537', 'M04:0.488']...
2025-09-12 19:32:36,899 - INFO - Fold 5: Selected models [3, 20, 99, 79, 98] based on fold 4 Q-scores, avg Q-score: 0.531
2025-09-12 19:32:36,901 - INFO - Fold 5 (Production): Sharpe=0.629, Hit=54.0%
2025-09-12 19:32:36,901 - INFO - 
--- Processing fold 6/6 ---
2025-09-12 19:32:36,925 - INFO - Fold 6: Q-scores from fold 5: ['M00:0.512', 'M01:0.491', 'M02:0.509', 'M03:0.539', 'M04:0.490']...
2025-09-12 19:32:36,926 - INFO - Fold 6: Selected models [3, 99, 20, 98, 79] based on fold 5 Q-scores, avg Q-score: 0.530
2025-09-12 19:32:36,927 - INFO - Fold 6 (Production): Sharpe=2.032, Hit=53.7%
2025-09-12 19:32:36,928 - INFO - Training Period Overall: Sharpe=1.331, Hit=51.8%
2025-09-12 19:32:36,929 - INFO - Production Period Overall: Sharpe=1.411, Hit=53.8%
2025-09-12 19:32:36,931 - INFO - Full Timeline Overall: Sharpe=1.353, Hit=52.5%
2025-09-12 19:32:36,931 - INFO - Training: Sharpe=1.331 | Hit=51.8% | Return=22.23%
2025-09-12 19:32:36,931 - INFO - Production: Sharpe=1.411 | Hit=53.8% | Return=20.51%
2025-09-12 19:32:36,931 - INFO - Full Timeline: Sharpe=1.353 | Hit=52.5% | Return=21.65%
2025-09-12 19:32:36,931 - INFO - Generating visualizations...
2025-09-12 19:32:36,931 - INFO - Creating clean visualizations for 100 models...
2025-09-12 19:32:38,905 - INFO - Clean fold-by-fold analysis saved to: 20250912_185432_fold_@ES#C_100models_8folds_v2_H1.2_ES_binary.png
2025-09-12 19:32:40,790 - INFO - Detailed production analysis saved to: 20250912_185432_backtest_@ES#C_100models_8folds_v2_H1.2_ES_binary.png
2025-09-12 19:32:40,790 - INFO - ================================================================================
2025-09-12 19:32:40,790 - INFO - BACKTEST SUMMARY
2025-09-12 19:32:40,790 - INFO - ================================================================================
2025-09-12 19:32:40,790 - INFO - Config: Cutoff=70%, Top N=5, Q-Metric=sharpe, Reselection=1 fold(s)
2025-09-12 19:32:40,790 - INFO - Model Selection History:
2025-09-12 19:32:40,790 - INFO -   Fold 1: M20, M03, M79, M99, M73 (Avg Q-sharpe: 0.538)
2025-09-12 19:32:40,790 - INFO -   Fold 2: M20, M03, M99, M79, M98 (Avg Q-sharpe: 0.533)
2025-09-12 19:32:40,790 - INFO -   Fold 3: M20, M03, M99, M79, M98 (Avg Q-sharpe: 0.533)
2025-09-12 19:32:40,790 - INFO -   Fold 4: M20, M03, M99, M79, M98 (Avg Q-sharpe: 0.531)
2025-09-12 19:32:40,790 - INFO -   Fold 5: M03, M20, M99, M79, M98 (Avg Q-sharpe: 0.531)
2025-09-12 19:32:40,790 - INFO -   Fold 6: M03, M99, M20, M98, M79 (Avg Q-sharpe: 0.530)
2025-09-12 19:32:40,790 - INFO - 
2025-09-12 19:32:40,790 - INFO - Fold-by-Fold Performance:
2025-09-12 19:32:40,790 - INFO -   Fold 1: M20, M03, M79, M99, M73 | Sharpe=-0.428 | Hit=48.4% | Samples=341
2025-09-12 19:32:40,790 - INFO -   Fold 2: M20, M03, M99, M79, M98 | Sharpe=1.013 | Hit=52.5% | Samples=341
2025-09-12 19:32:40,790 - INFO -   Fold 3: M20, M03, M99, M79, M98 | Sharpe=2.184 | Hit=51.9% | Samples=341
2025-09-12 19:32:40,790 - INFO -   Fold 4: M20, M03, M99, M79, M98 | Sharpe=2.180 | Hit=54.3% | Samples=341
2025-09-12 19:32:40,791 - INFO -   Fold 5: M03, M20, M99, M79, M98 | Sharpe=0.629 | Hit=54.0% | Samples=341
2025-09-12 19:32:40,791 - INFO -   Fold 6: M03, M99, M20, M98, M79 | Sharpe=2.032 | Hit=53.7% | Samples=348
2025-09-12 19:32:40,791 - INFO - ================================================================================
2025-09-12 19:32:40,791 - INFO - ================================================================================
2025-09-12 19:32:40,791 - INFO - ANALYSIS COMPLETED SUCCESSFULLY!
2025-09-12 19:32:40,791 - INFO - ================================================================================
2025-09-12 19:32:40,791 - INFO - Generated 2 visualization files
2025-09-12 19:32:40,791 - INFO -   - 20250912_185432_fold_@ES#C_100models_8folds_v2_H1.2_ES_binary.png
2025-09-12 19:32:40,791 - INFO -   - 20250912_185432_backtest_@ES#C_100models_8folds_v2_H1.2_ES_binary.png
2025-09-12 19:32:40,791 - INFO - Training Final: Sharpe=1.331 | Hit=51.8% | Return=22.23% | CB=1.092
2025-09-12 19:32:40,791 - INFO - Production Final: Sharpe=1.411 | Hit=53.8% | Return=20.51% | CB=1.975
2025-09-12 19:32:40,791 - INFO - Full Timeline Final: Sharpe=1.353 | Hit=52.5% | Return=21.65% | CB=1.063
