2025-09-13 08:21:48,134 - INFO - ================================================================================
2025-09-13 08:21:48,134 - INFO - XGBoost Comparison Framework
2025-09-13 08:21:48,134 - INFO - ================================================================================
2025-09-13 08:21:48,134 - INFO - Configuration:
2025-09-13 08:21:48,134 - INFO -   Target Symbol: @EU#C
2025-09-13 08:21:48,134 - INFO -   Date Range: 2015-01-01 to 2025-08-01
2025-09-13 08:21:48,134 - INFO -   Models: 100, Type: standard
2025-09-13 08:21:48,140 - INFO -   Folds: 15
2025-09-13 08:21:48,140 - INFO -   Max Features: 250 (Limited)
2025-09-13 08:21:48,140 - INFO -   Feature Selection: Enabled
2025-09-13 08:21:48,140 - INFO -   Inner Val Fraction: 0.2
2025-09-13 08:21:48,140 - INFO -   EWMA Alpha: 0.1, Quality Halflife: 63 days
2025-09-13 08:21:48,141 - INFO -   Signal Type: Tanh Normalized
2025-09-13 08:21:48,141 - INFO -   Cross-validation: Expanding window
2025-09-13 08:21:48,141 - INFO -   Production: Cutoff=0.6, Top N=5, Q-Metric=hit_rate
2025-09-13 08:21:48,141 - INFO -   Reselection: Every 1 fold(s)
2025-09-13 08:21:48,141 - INFO - 
2025-09-13 08:22:01,776 - INFO - Dropped 3 rows due to NaN in target column @EU#C_target_return
2025-09-13 08:22:02,121 - INFO - Loaded: X=(2732, 1906), y=(2732,)
2025-09-13 08:23:08,889 - INFO - Selected 250 features (threshold: 0.7)
2025-09-13 08:23:08,923 - INFO - Selected: 250 features
2025-09-13 08:23:12,169 - INFO - GPU detection: CUDA GPU available and working
2025-09-13 08:23:12,170 - INFO - Processing mode: GPU sequential (GPU: True, Total models: 1500)
2025-09-13 08:23:13,493 - INFO - GPU detection: CUDA GPU available and working
2025-09-13 08:23:13,495 - INFO - Using expanding window
2025-09-13 08:23:13,495 - INFO - Starting analysis: 100 standard models x 13 folds
2025-09-13 08:23:13,495 - INFO - Processing Fold 1/13
2025-09-13 08:23:13,503 - INFO -   Using GPU sequential processing
2025-09-13 08:33:19,488 - INFO - Fold 1 Summary:
2025-09-13 08:33:19,488 - INFO -   Best OOS Sharpe: M49 (2.438, p=0.060)
2025-09-13 08:33:19,488 - INFO -   Best Q-Hit_Rate:  M17 (0.593, OOS_Sharpe=0.764, OOS_Hit=0.593)
2025-09-13 08:33:19,488 - INFO -   Mean OOS Sharpe: -0.135, Mean Hit: 0.506
2025-09-13 08:33:19,488 - INFO - 
2025-09-13 08:33:19,491 - INFO - Processing Fold 2/13
2025-09-13 08:33:19,499 - INFO -   Using GPU sequential processing
2025-09-13 08:44:16,665 - INFO - Fold 2 Summary:
2025-09-13 08:44:16,665 - INFO -   Best OOS Sharpe: M12 (4.240, p=0.000)
2025-09-13 08:44:16,665 - INFO -   Best Q-Hit_Rate:  M17 (0.587, OOS_Sharpe=0.606, OOS_Hit=0.533)
2025-09-13 08:44:16,665 - INFO -   Mean OOS Sharpe: 1.740, Mean Hit: 0.528
2025-09-13 08:44:16,665 - INFO - 
2025-09-13 08:44:16,670 - INFO - Processing Fold 3/13
2025-09-13 08:44:16,678 - INFO -   Using GPU sequential processing
2025-09-13 08:55:30,004 - INFO - Fold 3 Summary:
2025-09-13 08:55:30,004 - INFO -   Best OOS Sharpe: M77 (1.279, p=0.240)
2025-09-13 08:55:30,004 - INFO -   Best Q-Hit_Rate:  M17 (0.579, OOS_Sharpe=0.343, OOS_Hit=0.500)
2025-09-13 08:55:30,004 - INFO -   Mean OOS Sharpe: -0.702, Mean Hit: 0.479
2025-09-13 08:55:30,004 - INFO - 
2025-09-13 08:55:30,007 - INFO - Processing Fold 4/13
2025-09-13 08:55:30,138 - INFO -   Using GPU sequential processing
2025-09-13 09:06:56,565 - INFO - Fold 4 Summary:
2025-09-13 09:06:56,565 - INFO -   Best OOS Sharpe: M02 (3.651, p=0.000)
2025-09-13 09:06:56,565 - INFO -   Best Q-Hit_Rate:  M17 (0.576, OOS_Sharpe=1.817, OOS_Hit=0.555)
2025-09-13 09:06:56,566 - INFO -   Mean OOS Sharpe: 1.567, Mean Hit: 0.497
2025-09-13 09:06:56,566 - INFO - 
2025-09-13 09:06:56,569 - INFO - Processing Fold 5/13
2025-09-13 09:06:56,577 - INFO -   Using GPU sequential processing
2025-09-13 09:19:18,920 - INFO - Fold 5 Summary:
2025-09-13 09:19:18,929 - INFO -   Best OOS Sharpe: M76 (3.074, p=0.010)
2025-09-13 09:19:18,931 - INFO -   Best Q-Hit_Rate:  M17 (0.565, OOS_Sharpe=0.445, OOS_Hit=0.462)
2025-09-13 09:19:18,932 - INFO -   Mean OOS Sharpe: 0.710, Mean Hit: 0.496
2025-09-13 09:19:18,932 - INFO - 
2025-09-13 09:19:18,942 - INFO - Processing Fold 6/13
2025-09-13 09:19:18,960 - INFO -   Using GPU sequential processing
2025-09-13 09:31:45,745 - INFO - Fold 6 Summary:
2025-09-13 09:31:45,745 - INFO -   Best OOS Sharpe: M54 (4.101, p=0.000)
2025-09-13 09:31:45,746 - INFO -   Best Q-Hit_Rate:  M17 (0.565, OOS_Sharpe=2.847, OOS_Hit=0.566)
2025-09-13 09:31:45,746 - INFO -   Mean OOS Sharpe: 2.208, Mean Hit: 0.548
2025-09-13 09:31:45,746 - INFO - 
2025-09-13 09:31:45,749 - INFO - Processing Fold 7/13
2025-09-13 09:31:45,758 - INFO -   Using GPU sequential processing
2025-09-13 09:44:14,190 - INFO - Fold 7 Summary:
2025-09-13 09:44:14,190 - INFO -   Best OOS Sharpe: M91 (2.242, p=0.040)
2025-09-13 09:44:14,190 - INFO -   Best Q-Hit_Rate:  M17 (0.562, OOS_Sharpe=2.024, OOS_Hit=0.533)
2025-09-13 09:44:14,190 - INFO -   Mean OOS Sharpe: 0.845, Mean Hit: 0.495
2025-09-13 09:44:14,190 - INFO - 
2025-09-13 09:44:14,193 - INFO - Processing Fold 8/13
2025-09-13 09:44:14,203 - INFO -   Using GPU sequential processing
2025-09-13 09:56:23,700 - INFO - Fold 8 Summary:
2025-09-13 09:56:23,700 - INFO -   Best OOS Sharpe: M57 (2.190, p=0.080)
2025-09-13 09:56:23,700 - INFO -   Best Q-Hit_Rate:  M17 (0.555, OOS_Sharpe=-0.794, OOS_Hit=0.495)
2025-09-13 09:56:23,700 - INFO -   Mean OOS Sharpe: -0.310, Mean Hit: 0.496
2025-09-13 09:56:23,701 - INFO - 
2025-09-13 09:56:23,704 - INFO - Processing Fold 9/13
2025-09-13 09:56:23,724 - INFO -   Using GPU sequential processing
2025-09-13 10:07:58,475 - INFO - Fold 9 Summary:
2025-09-13 10:07:58,477 - INFO -   Best OOS Sharpe: M42 (4.063, p=0.010)
2025-09-13 10:07:58,477 - INFO -   Best Q-Hit_Rate:  M17 (0.553, OOS_Sharpe=0.629, OOS_Hit=0.538)
2025-09-13 10:07:58,477 - INFO -   Mean OOS Sharpe: 1.874, Mean Hit: 0.560
2025-09-13 10:07:58,477 - INFO - 
2025-09-13 10:07:58,480 - INFO - Processing Fold 10/13
2025-09-13 10:07:58,489 - INFO -   Using GPU sequential processing
2025-09-13 10:19:17,799 - INFO - Fold 10 Summary:
2025-09-13 10:19:17,799 - INFO -   Best OOS Sharpe: M29 (2.791, p=0.000)
2025-09-13 10:19:17,799 - INFO -   Best Q-Hit_Rate:  M17 (0.547, OOS_Sharpe=0.502, OOS_Hit=0.489)
2025-09-13 10:19:17,799 - INFO -   Mean OOS Sharpe: 1.086, Mean Hit: 0.493
2025-09-13 10:19:17,799 - INFO - 
2025-09-13 10:19:17,802 - INFO - Processing Fold 11/13
2025-09-13 10:19:17,812 - INFO -   Using GPU sequential processing
2025-09-13 10:29:47,645 - INFO - Fold 11 Summary:
2025-09-13 10:29:47,645 - INFO -   Best OOS Sharpe: M14 (2.839, p=0.020)
2025-09-13 10:29:47,645 - INFO -   Best Q-Hit_Rate:  M14 (0.542, OOS_Sharpe=2.839, OOS_Hit=0.593)
2025-09-13 10:29:47,645 - INFO -   Mean OOS Sharpe: 0.626, Mean Hit: 0.512
2025-09-13 10:29:47,645 - INFO - 
2025-09-13 10:29:47,649 - INFO - Processing Fold 12/13
2025-09-13 10:29:47,680 - INFO -   Using GPU sequential processing
2025-09-13 10:40:15,563 - INFO - Fold 12 Summary:
2025-09-13 10:40:15,563 - INFO -   Best OOS Sharpe: M15 (2.207, p=0.040)
2025-09-13 10:40:15,563 - INFO -   Best Q-Hit_Rate:  M14 (0.541, OOS_Sharpe=0.413, OOS_Hit=0.533)
2025-09-13 10:40:15,563 - INFO -   Mean OOS Sharpe: -0.334, Mean Hit: 0.500
2025-09-13 10:40:15,563 - INFO - 
2025-09-13 10:40:15,566 - INFO - Processing Fold 13/13
2025-09-13 10:40:15,576 - INFO -   Using GPU sequential processing
2025-09-13 10:49:20,075 - INFO - Fold 13 Summary:
2025-09-13 10:49:20,075 - INFO -   Best OOS Sharpe: M75 (3.159, p=0.010)
2025-09-13 10:49:20,075 - INFO -   Best Q-Hit_Rate:  M14 (0.538, OOS_Sharpe=0.691, OOS_Hit=0.516)
2025-09-13 10:49:20,075 - INFO -   Mean OOS Sharpe: 1.268, Mean Hit: 0.540
2025-09-13 10:49:20,075 - INFO - 
2025-09-13 10:49:20,084 - INFO - Starting full timeline backtesting...
2025-09-13 10:49:20,084 - INFO - Running full timeline backtest with 13 folds (0-based indexing)
2025-09-13 10:49:20,084 - INFO - Fold 0 skipped (no prior Q-score history for meaningful selection)
2025-09-13 10:49:20,084 - INFO - Effective backtest period: Folds 1-12 (12 folds)
2025-09-13 10:49:20,084 - INFO - Training period: Folds 1-7
2025-09-13 10:49:20,084 - INFO - Production period: Folds 8-12
2025-09-13 10:49:20,084 - INFO - Using consistent OOS methodology for all folds
2025-09-13 10:49:20,084 - INFO - Fold 0: Skipped (no prior Q-score history for meaningful selection)
2025-09-13 10:49:20,084 - INFO - 
--- Processing fold 1/12 ---
2025-09-13 10:49:20,119 - INFO - Fold 1: Q-scores from fold 0: ['M00:0.555', 'M01:0.527', 'M02:0.516', 'M03:0.489', 'M04:0.522']...
2025-09-13 10:49:20,120 - INFO - Fold 1: Selected models [17, 24, 14, 40, 73] based on fold 0 Q-scores, avg Q-score: 0.574
2025-09-13 10:49:20,121 - INFO - Fold 1 (Training): Sharpe=1.170, Hit=50.0%
2025-09-13 10:49:20,121 - INFO - 
--- Processing fold 2/12 ---
2025-09-13 10:49:20,140 - INFO - Fold 2: Q-scores from fold 1: ['M00:0.549', 'M01:0.531', 'M02:0.519', 'M03:0.487', 'M04:0.526']...
2025-09-13 10:49:20,141 - INFO - Fold 2: Selected models [17, 24, 73, 40, 14] based on fold 1 Q-scores, avg Q-score: 0.569
2025-09-13 10:49:20,142 - INFO - Fold 2 (Training): Sharpe=-0.989, Hit=48.4%
2025-09-13 10:49:20,142 - INFO - 
--- Processing fold 3/12 ---
2025-09-13 10:49:20,166 - INFO - Fold 3: Q-scores from fold 2: ['M00:0.541', 'M01:0.521', 'M02:0.511', 'M03:0.491', 'M04:0.522']...
2025-09-13 10:49:20,166 - INFO - Fold 3: Selected models [17, 24, 73, 14, 40] based on fold 2 Q-scores, avg Q-score: 0.561
2025-09-13 10:49:20,167 - INFO - Fold 3 (Training): Sharpe=2.425, Hit=52.2%
2025-09-13 10:49:20,167 - INFO - 
--- Processing fold 4/12 ---
2025-09-13 10:49:20,190 - INFO - Fold 4: Q-scores from fold 3: ['M00:0.533', 'M01:0.518', 'M02:0.513', 'M03:0.494', 'M04:0.520']...
2025-09-13 10:49:20,190 - INFO - Fold 4: Selected models [17, 24, 73, 40, 14] based on fold 3 Q-scores, avg Q-score: 0.557
2025-09-13 10:49:20,191 - INFO - Fold 4 (Training): Sharpe=1.200, Hit=47.3%
2025-09-13 10:49:20,191 - INFO - 
--- Processing fold 5/12 ---
2025-09-13 10:49:20,214 - INFO - Fold 5: Q-scores from fold 4: ['M00:0.529', 'M01:0.513', 'M02:0.514', 'M03:0.489', 'M04:0.517']...
2025-09-13 10:49:20,214 - INFO - Fold 5: Selected models [17, 24, 73, 40, 14] based on fold 4 Q-scores, avg Q-score: 0.549
2025-09-13 10:49:20,215 - INFO - Fold 5 (Training): Sharpe=3.244, Hit=56.6%
2025-09-13 10:49:20,215 - INFO - 
--- Processing fold 6/12 ---
2025-09-13 10:49:20,237 - INFO - Fold 6: Q-scores from fold 5: ['M00:0.527', 'M01:0.516', 'M02:0.512', 'M03:0.492', 'M04:0.518']...
2025-09-13 10:49:20,237 - INFO - Fold 6: Selected models [17, 24, 49, 73, 14] based on fold 5 Q-scores, avg Q-score: 0.551
2025-09-13 10:49:20,238 - INFO - Fold 6 (Training): Sharpe=1.173, Hit=51.6%
2025-09-13 10:49:20,238 - INFO - 
--- Processing fold 7/12 ---
2025-09-13 10:49:20,261 - INFO - Fold 7: Q-scores from fold 6: ['M00:0.518', 'M01:0.511', 'M02:0.511', 'M03:0.495', 'M04:0.514']...
2025-09-13 10:49:20,261 - INFO - Fold 7: Selected models [17, 24, 49, 73, 14] based on fold 6 Q-scores, avg Q-score: 0.545
2025-09-13 10:49:20,262 - INFO - Fold 7 (Training): Sharpe=0.083, Hit=47.8%
2025-09-13 10:49:20,262 - INFO - 
--- Processing fold 8/12 ---
2025-09-13 10:49:20,282 - INFO - Fold 8: Q-scores from fold 7: ['M00:0.519', 'M01:0.510', 'M02:0.508', 'M03:0.495', 'M04:0.519']...
2025-09-13 10:49:20,282 - INFO - Fold 8: Selected models [17, 24, 49, 73, 14] based on fold 7 Q-scores, avg Q-score: 0.542
2025-09-13 10:49:20,284 - INFO - Fold 8 (Production): Sharpe=1.972, Hit=54.9%
2025-09-13 10:49:20,284 - INFO - 
--- Processing fold 9/12 ---
2025-09-13 10:49:20,308 - INFO - Fold 9: Q-scores from fold 8: ['M00:0.517', 'M01:0.514', 'M02:0.505', 'M03:0.505', 'M04:0.519']...
2025-09-13 10:49:20,309 - INFO - Fold 9: Selected models [17, 73, 14, 70, 24] based on fold 8 Q-scores, avg Q-score: 0.541
2025-09-13 10:49:20,309 - INFO - Fold 9 (Production): Sharpe=1.096, Hit=51.1%
2025-09-13 10:49:20,309 - INFO - 
--- Processing fold 10/12 ---
2025-09-13 10:49:20,331 - INFO - Fold 10: Q-scores from fold 9: ['M00:0.510', 'M01:0.509', 'M02:0.510', 'M03:0.503', 'M04:0.520']...
2025-09-13 10:49:20,332 - INFO - Fold 10: Selected models [17, 70, 73, 14, 40] based on fold 9 Q-scores, avg Q-score: 0.538
2025-09-13 10:49:20,333 - INFO - Fold 10 (Production): Sharpe=1.599, Hit=53.8%
2025-09-13 10:49:20,333 - INFO - 
--- Processing fold 11/12 ---
2025-09-13 10:49:20,362 - INFO - Fold 11: Q-scores from fold 10: ['M00:0.506', 'M01:0.509', 'M02:0.511', 'M03:0.500', 'M04:0.524']...
2025-09-13 10:49:20,362 - INFO - Fold 11: Selected models [14, 17, 73, 49, 70] based on fold 10 Q-scores, avg Q-score: 0.537
2025-09-13 10:49:20,364 - INFO - Fold 11 (Production): Sharpe=-0.233, Hit=50.0%
2025-09-13 10:49:20,364 - INFO - 
--- Processing fold 12/12 ---
2025-09-13 10:49:20,404 - INFO - Fold 12: Q-scores from fold 11: ['M00:0.508', 'M01:0.508', 'M02:0.508', 'M03:0.495', 'M04:0.518']...
2025-09-13 10:49:20,404 - INFO - Fold 12: Selected models [14, 73, 49, 70, 17] based on fold 11 Q-scores, avg Q-score: 0.535
2025-09-13 10:49:20,405 - INFO - Fold 12 (Production): Sharpe=1.726, Hit=55.4%
2025-09-13 10:49:20,407 - INFO - Training Period Overall: Sharpe=1.317, Hit=50.5%
2025-09-13 10:49:20,408 - INFO - Production Period Overall: Sharpe=1.304, Hit=53.1%
2025-09-13 10:49:20,409 - INFO - Full Timeline Overall: Sharpe=1.292, Hit=51.6%
2025-09-13 10:49:20,409 - INFO - Training: Sharpe=1.317 | Hit=50.5% | Return=3.44%
2025-09-13 10:49:20,409 - INFO - Production: Sharpe=1.304 | Hit=53.1% | Return=4.76%
2025-09-13 10:49:20,409 - INFO - Full Timeline: Sharpe=1.292 | Hit=51.6% | Return=3.99%
2025-09-13 10:49:20,409 - INFO - Generating visualizations...
2025-09-13 10:49:20,409 - INFO - Creating clean visualizations for 100 models...
2025-09-13 10:49:24,389 - INFO - Clean fold-by-fold analysis saved to: 20250913_082148_fold_@EU#C_100models_15folds_v2_H4.5_EU_250feat_15F.png
2025-09-13 10:49:27,690 - INFO - Detailed production analysis saved to: 20250913_082148_backtest_@EU#C_100models_15folds_v2_H4.5_EU_250feat_15F.png
2025-09-13 10:49:27,691 - INFO - ================================================================================
2025-09-13 10:49:27,691 - INFO - BACKTEST SUMMARY
2025-09-13 10:49:27,691 - INFO - ================================================================================
2025-09-13 10:49:27,691 - INFO - Config: Cutoff=70%, Top N=5, Q-Metric=sharpe, Reselection=1 fold(s)
2025-09-13 10:49:27,691 - INFO - Model Selection History:
2025-09-13 10:49:27,691 - INFO -   Fold 1: M17, M24, M14, M40, M73 (Avg Q-sharpe: 0.574)
2025-09-13 10:49:27,691 - INFO -   Fold 2: M17, M24, M73, M40, M14 (Avg Q-sharpe: 0.569)
2025-09-13 10:49:27,691 - INFO -   Fold 3: M17, M24, M73, M14, M40 (Avg Q-sharpe: 0.561)
2025-09-13 10:49:27,691 - INFO -   Fold 4: M17, M24, M73, M40, M14 (Avg Q-sharpe: 0.557)
2025-09-13 10:49:27,691 - INFO -   Fold 5: M17, M24, M73, M40, M14 (Avg Q-sharpe: 0.549)
2025-09-13 10:49:27,691 - INFO -   Fold 6: M17, M24, M49, M73, M14 (Avg Q-sharpe: 0.551)
2025-09-13 10:49:27,691 - INFO -   Fold 7: M17, M24, M49, M73, M14 (Avg Q-sharpe: 0.545)
2025-09-13 10:49:27,691 - INFO -   Fold 8: M17, M24, M49, M73, M14 (Avg Q-sharpe: 0.542)
2025-09-13 10:49:27,691 - INFO -   Fold 9: M17, M73, M14, M70, M24 (Avg Q-sharpe: 0.541)
2025-09-13 10:49:27,691 - INFO -   Fold 10: M17, M70, M73, M14, M40 (Avg Q-sharpe: 0.538)
2025-09-13 10:49:27,691 - INFO -   Fold 11: M14, M17, M73, M49, M70 (Avg Q-sharpe: 0.537)
2025-09-13 10:49:27,691 - INFO -   Fold 12: M14, M73, M49, M70, M17 (Avg Q-sharpe: 0.535)
2025-09-13 10:49:27,691 - INFO - 
2025-09-13 10:49:27,691 - INFO - Fold-by-Fold Performance:
2025-09-13 10:49:27,691 - INFO -   Fold 1: M17, M24, M14, M40, M73 | Sharpe=1.170 | Hit=50.0% | Samples=182
2025-09-13 10:49:27,691 - INFO -   Fold 2: M17, M24, M73, M40, M14 | Sharpe=-0.989 | Hit=48.4% | Samples=182
2025-09-13 10:49:27,691 - INFO -   Fold 3: M17, M24, M73, M14, M40 | Sharpe=2.425 | Hit=52.2% | Samples=182
2025-09-13 10:49:27,691 - INFO -   Fold 4: M17, M24, M73, M40, M14 | Sharpe=1.200 | Hit=47.3% | Samples=182
2025-09-13 10:49:27,691 - INFO -   Fold 5: M17, M24, M73, M40, M14 | Sharpe=3.244 | Hit=56.6% | Samples=182
2025-09-13 10:49:27,692 - INFO -   Fold 6: M17, M24, M49, M73, M14 | Sharpe=1.173 | Hit=51.6% | Samples=182
2025-09-13 10:49:27,692 - INFO -   Fold 7: M17, M24, M49, M73, M14 | Sharpe=0.083 | Hit=47.8% | Samples=182
2025-09-13 10:49:27,692 - INFO -   Fold 8: M17, M24, M49, M73, M14 | Sharpe=1.972 | Hit=54.9% | Samples=182
2025-09-13 10:49:27,692 - INFO -   Fold 9: M17, M73, M14, M70, M24 | Sharpe=1.096 | Hit=51.1% | Samples=182
2025-09-13 10:49:27,692 - INFO -   Fold 10: M17, M70, M73, M14, M40 | Sharpe=1.599 | Hit=53.8% | Samples=182
2025-09-13 10:49:27,692 - INFO -   Fold 11: M14, M17, M73, M49, M70 | Sharpe=-0.233 | Hit=50.0% | Samples=182
2025-09-13 10:49:27,692 - INFO -   Fold 12: M14, M73, M49, M70, M17 | Sharpe=1.726 | Hit=55.4% | Samples=184
2025-09-13 10:49:27,692 - INFO - ================================================================================
2025-09-13 10:49:27,692 - INFO - ================================================================================
2025-09-13 10:49:27,692 - INFO - ANALYSIS COMPLETED SUCCESSFULLY!
2025-09-13 10:49:27,692 - INFO - ================================================================================
2025-09-13 10:49:27,692 - INFO - Generated 2 visualization files
2025-09-13 10:49:27,692 - INFO -   - 20250913_082148_fold_@EU#C_100models_15folds_v2_H4.5_EU_250feat_15F.png
2025-09-13 10:49:27,692 - INFO -   - 20250913_082148_backtest_@EU#C_100models_15folds_v2_H4.5_EU_250feat_15F.png
2025-09-13 10:49:27,692 - INFO - Training Final: Sharpe=1.317 | Hit=50.5% | Return=3.44% | CB=0.943
2025-09-13 10:49:27,692 - INFO - Production Final: Sharpe=1.304 | Hit=53.1% | Return=4.76% | CB=1.179
2025-09-13 10:49:27,692 - INFO - Full Timeline Final: Sharpe=1.292 | Hit=51.6% | Return=3.99% | CB=0.988
