2025-09-15 20:49:20,699 - INFO - ================================================================================
2025-09-15 20:49:20,700 - INFO - XGBoost Comparison Framework
2025-09-15 20:49:20,700 - INFO - ================================================================================
2025-09-15 20:49:20,700 - INFO - Configuration:
2025-09-15 20:49:20,700 - INFO -   Target Symbol: @CT#C
2025-09-15 20:49:20,700 - INFO -   Date Range: 2015-01-01 to 2025-08-01
2025-09-15 20:49:20,700 - INFO -   Models: 150, Type: tiered
2025-09-15 20:49:20,700 - INFO -   Folds: 20
2025-09-15 20:49:20,701 - INFO -   Max Features: 250 (Limited)
2025-09-15 20:49:20,701 - INFO -   Feature Selection: Enabled
2025-09-15 20:49:20,701 - INFO -   Inner Val Fraction: 0.2
2025-09-15 20:49:20,701 - INFO -   EWMA Alpha: 0.1, Quality Halflife: 63 days
2025-09-15 20:49:20,701 - INFO -   Signal Type: Tanh Normalized
2025-09-15 20:49:20,701 - INFO -   Cross-validation: Expanding window
2025-09-15 20:49:20,701 - INFO -   Production: Cutoff=0.6, Top N=8, Q-Metric=hit_rate
2025-09-15 20:49:20,701 - INFO -   Reselection: Every 1 fold(s)
2025-09-15 20:49:20,701 - INFO - 
2025-09-15 20:49:26,893 - INFO - Dropped 74 rows due to NaN in target column @CT#C_target_return
2025-09-15 20:49:27,091 - INFO - Loaded: X=(2661, 1906), y=(2661,)
2025-09-15 20:49:58,049 - INFO - Selected 250 features (threshold: 0.7)
2025-09-15 20:49:58,063 - INFO - Selected: 250 features
2025-09-15 20:49:58,901 - INFO - GPU detection: CUDA GPU available and working
2025-09-15 20:49:58,901 - INFO - Processing mode: GPU sequential (GPU: True, Total models: 3000)
2025-09-15 20:49:59,070 - INFO - GPU detection: CUDA GPU available and working
2025-09-15 20:49:59,086 - INFO - Using expanding window
2025-09-15 20:49:59,087 - INFO - Starting analysis: 150 tiered models x 18 folds
2025-09-15 20:49:59,087 - INFO - Processing Fold 1/18
2025-09-15 20:49:59,099 - INFO -   Using GPU sequential processing
2025-09-15 21:02:04,335 - INFO - Fold 1 Summary:
2025-09-15 21:02:04,336 - INFO -   Best OOS Sharpe: M20 (2.268, p=0.070)
2025-09-15 21:02:04,336 - INFO -   Best Q-Hit_Rate:  M20 (0.617, OOS_Sharpe=2.268, OOS_Hit=0.617)
2025-09-15 21:02:04,336 - INFO -   Mean OOS Sharpe: -0.150, Mean Hit: 0.506
2025-09-15 21:02:04,336 - INFO - 
2025-09-15 21:02:04,356 - INFO - Processing Fold 2/18
2025-09-15 21:02:04,364 - INFO -   Using GPU sequential processing
2025-09-15 21:18:04,400 - INFO - Fold 2 Summary:
2025-09-15 21:18:04,405 - INFO -   Best OOS Sharpe: M45 (2.504, p=0.100)
2025-09-15 21:18:04,405 - INFO -   Best Q-Hit_Rate:  M20 (0.605, OOS_Sharpe=1.347, OOS_Hit=0.496)
2025-09-15 21:18:04,405 - INFO -   Mean OOS Sharpe: -0.068, Mean Hit: 0.495
2025-09-15 21:18:04,405 - INFO - 
2025-09-15 21:18:04,415 - INFO - Processing Fold 3/18
2025-09-15 21:18:04,470 - INFO -   Using GPU sequential processing
2025-09-15 21:34:41,152 - INFO - Fold 3 Summary:
2025-09-15 21:34:41,152 - INFO -   Best OOS Sharpe: M20 (4.150, p=0.000)
2025-09-15 21:34:41,152 - INFO -   Best Q-Hit_Rate:  M20 (0.598, OOS_Sharpe=4.150, OOS_Hit=0.541)
2025-09-15 21:34:41,152 - INFO -   Mean OOS Sharpe: 1.648, Mean Hit: 0.532
2025-09-15 21:34:41,152 - INFO - 
2025-09-15 21:34:41,156 - INFO - Processing Fold 4/18
2025-09-15 21:34:41,173 - INFO -   Using GPU sequential processing
2025-09-15 21:51:39,388 - INFO - Fold 4 Summary:
2025-09-15 21:51:39,388 - INFO -   Best OOS Sharpe: M145 (3.886, p=0.000)
2025-09-15 21:51:39,388 - INFO -   Best Q-Hit_Rate:  M20 (0.589, OOS_Sharpe=1.111, OOS_Hit=0.504)
2025-09-15 21:51:39,388 - INFO -   Mean OOS Sharpe: 1.156, Mean Hit: 0.536
2025-09-15 21:51:39,388 - INFO - 
2025-09-15 21:51:39,392 - INFO - Processing Fold 5/18
2025-09-15 21:51:39,400 - INFO -   Using GPU sequential processing
2025-09-15 22:09:18,671 - INFO - Fold 5 Summary:
2025-09-15 22:09:18,671 - INFO -   Best OOS Sharpe: M56 (4.914, p=0.000)
2025-09-15 22:09:18,671 - INFO -   Best Q-Hit_Rate:  M20 (0.583, OOS_Sharpe=2.249, OOS_Hit=0.526)
2025-09-15 22:09:18,671 - INFO -   Mean OOS Sharpe: 1.801, Mean Hit: 0.532
2025-09-15 22:09:18,671 - INFO - 
2025-09-15 22:09:18,676 - INFO - Processing Fold 6/18
2025-09-15 22:09:18,758 - INFO -   Using GPU sequential processing
2025-09-15 22:25:01,194 - INFO - Fold 6 Summary:
2025-09-15 22:25:01,194 - INFO -   Best OOS Sharpe: M50 (0.825, p=0.540)
2025-09-15 22:25:01,194 - INFO -   Best Q-Hit_Rate:  M20 (0.573, OOS_Sharpe=-1.527, OOS_Hit=0.489)
2025-09-15 22:25:01,194 - INFO -   Mean OOS Sharpe: -1.833, Mean Hit: 0.464
2025-09-15 22:25:01,194 - INFO - 
2025-09-15 22:25:01,197 - INFO - Processing Fold 7/18
2025-09-15 22:25:01,205 - INFO -   Using GPU sequential processing
2025-09-15 22:39:08,592 - INFO - Fold 7 Summary:
2025-09-15 22:39:08,593 - INFO -   Best OOS Sharpe: M64 (3.997, p=0.000)
2025-09-15 22:39:08,593 - INFO -   Best Q-Hit_Rate:  M20 (0.571, OOS_Sharpe=0.414, OOS_Hit=0.556)
2025-09-15 22:39:08,593 - INFO -   Mean OOS Sharpe: 1.057, Mean Hit: 0.556
2025-09-15 22:39:08,593 - INFO - 
2025-09-15 22:39:08,597 - INFO - Processing Fold 8/18
2025-09-15 22:39:08,606 - INFO -   Using GPU sequential processing
2025-09-15 22:52:48,593 - INFO - Fold 8 Summary:
2025-09-15 22:52:48,593 - INFO -   Best OOS Sharpe: M34 (3.426, p=0.020)
2025-09-15 22:52:48,593 - INFO -   Best Q-Hit_Rate:  M20 (0.562, OOS_Sharpe=0.870, OOS_Hit=0.474)
2025-09-15 22:52:48,593 - INFO -   Mean OOS Sharpe: 0.627, Mean Hit: 0.514
2025-09-15 22:52:48,593 - INFO - 
2025-09-15 22:52:48,628 - INFO - Processing Fold 9/18
2025-09-15 22:52:48,637 - INFO -   Using GPU sequential processing
2025-09-15 23:03:57,773 - INFO - Fold 9 Summary:
2025-09-15 23:03:57,774 - INFO -   Best OOS Sharpe: M113 (3.658, p=0.000)
2025-09-15 23:03:57,774 - INFO -   Best Q-Hit_Rate:  M20 (0.558, OOS_Sharpe=0.026, OOS_Hit=0.526)
2025-09-15 23:03:57,774 - INFO -   Mean OOS Sharpe: 1.777, Mean Hit: 0.549
2025-09-15 23:03:57,774 - INFO - 
2025-09-15 23:03:57,777 - INFO - Processing Fold 10/18
2025-09-15 23:03:57,789 - INFO -   Using GPU sequential processing
2025-09-15 23:12:26,198 - INFO - Fold 10 Summary:
2025-09-15 23:12:26,198 - INFO -   Best OOS Sharpe: M114 (3.923, p=0.000)
2025-09-15 23:12:26,199 - INFO -   Best Q-Hit_Rate:  M20 (0.557, OOS_Sharpe=1.714, OOS_Hit=0.549)
2025-09-15 23:12:26,199 - INFO -   Mean OOS Sharpe: 1.679, Mean Hit: 0.553
2025-09-15 23:12:26,199 - INFO - 
2025-09-15 23:12:26,203 - INFO - Processing Fold 11/18
2025-09-15 23:12:26,215 - INFO -   Using GPU sequential processing
2025-09-15 23:29:30,794 - INFO - Fold 11 Summary:
2025-09-15 23:29:30,795 - INFO -   Best OOS Sharpe: M83 (2.771, p=0.030)
2025-09-15 23:29:30,795 - INFO -   Best Q-Hit_Rate:  M20 (0.551, OOS_Sharpe=0.789, OOS_Hit=0.496)
2025-09-15 23:29:30,795 - INFO -   Mean OOS Sharpe: 0.080, Mean Hit: 0.483
2025-09-15 23:29:30,795 - INFO - 
2025-09-15 23:29:30,800 - INFO - Processing Fold 12/18
2025-09-15 23:29:30,834 - INFO -   Using GPU sequential processing
2025-09-15 23:47:53,307 - INFO - Fold 12 Summary:
2025-09-15 23:47:53,307 - INFO -   Best OOS Sharpe: M15 (2.345, p=0.090)
2025-09-15 23:47:53,308 - INFO -   Best Q-Hit_Rate:  M20 (0.549, OOS_Sharpe=0.961, OOS_Hit=0.526)
2025-09-15 23:47:53,308 - INFO -   Mean OOS Sharpe: 0.171, Mean Hit: 0.484
2025-09-15 23:47:53,308 - INFO - 
2025-09-15 23:47:53,313 - INFO - Processing Fold 13/18
2025-09-15 23:47:53,322 - INFO -   Using GPU sequential processing
2025-09-16 00:08:34,567 - INFO - Fold 13 Summary:
2025-09-16 00:08:34,567 - INFO -   Best OOS Sharpe: M50 (3.685, p=0.030)
2025-09-16 00:08:34,567 - INFO -   Best Q-Hit_Rate:  M20 (0.549, OOS_Sharpe=3.031, OOS_Hit=0.549)
2025-09-16 00:08:34,567 - INFO -   Mean OOS Sharpe: 1.143, Mean Hit: 0.484
2025-09-16 00:08:34,567 - INFO - 
2025-09-16 00:08:34,572 - INFO - Processing Fold 14/18
2025-09-16 00:08:34,626 - INFO -   Using GPU sequential processing
2025-09-16 00:28:55,953 - INFO - Fold 14 Summary:
2025-09-16 00:28:55,953 - INFO -   Best OOS Sharpe: M105 (0.935, p=0.530)
2025-09-16 00:28:56,006 - INFO -   Best Q-Hit_Rate:  M20 (0.543, OOS_Sharpe=-0.849, OOS_Hit=0.489)
2025-09-16 00:28:56,006 - INFO -   Mean OOS Sharpe: -1.206, Mean Hit: 0.466
2025-09-16 00:28:56,006 - INFO - 
2025-09-16 00:28:56,021 - INFO - Processing Fold 15/18
2025-09-16 00:28:56,037 - INFO -   Using GPU sequential processing
2025-09-16 00:49:09,746 - INFO - Fold 15 Summary:
2025-09-16 00:49:09,746 - INFO -   Best OOS Sharpe: M60 (1.692, p=0.220)
2025-09-16 00:49:09,746 - INFO -   Best Q-Hit_Rate:  M20 (0.540, OOS_Sharpe=-0.586, OOS_Hit=0.519)
2025-09-16 00:49:09,746 - INFO -   Mean OOS Sharpe: -0.426, Mean Hit: 0.510
2025-09-16 00:49:09,746 - INFO - 
2025-09-16 00:49:09,750 - INFO - Processing Fold 16/18
2025-09-16 00:49:09,759 - INFO -   Using GPU sequential processing
2025-09-16 01:06:45,134 - INFO - Fold 16 Summary:
2025-09-16 01:06:45,134 - INFO -   Best OOS Sharpe: M143 (4.472, p=0.000)
2025-09-16 01:06:45,134 - INFO -   Best Q-Hit_Rate:  M20 (0.535, OOS_Sharpe=1.943, OOS_Hit=0.489)
2025-09-16 01:06:45,134 - INFO -   Mean OOS Sharpe: 2.003, Mean Hit: 0.526
2025-09-16 01:06:45,134 - INFO - 
2025-09-16 01:06:45,141 - INFO - Processing Fold 17/18
2025-09-16 01:06:45,154 - INFO -   Using GPU sequential processing
2025-09-16 01:24:17,463 - INFO - Fold 17 Summary:
2025-09-16 01:24:17,467 - INFO -   Best OOS Sharpe: M105 (2.675, p=0.100)
2025-09-16 01:24:17,467 - INFO -   Best Q-Hit_Rate:  M107 (0.531, OOS_Sharpe=2.517, OOS_Hit=0.579)
2025-09-16 01:24:17,467 - INFO -   Mean OOS Sharpe: 0.223, Mean Hit: 0.513
2025-09-16 01:24:17,467 - INFO - 
2025-09-16 01:24:17,476 - INFO - Processing Fold 18/18
2025-09-16 01:24:17,489 - INFO -   Using GPU sequential processing
2025-09-16 01:38:18,760 - INFO - Fold 18 Summary:
2025-09-16 01:38:18,760 - INFO -   Best OOS Sharpe: M53 (5.864, p=0.000)
2025-09-16 01:38:18,760 - INFO -   Best Q-Hit_Rate:  M20 (0.539, OOS_Sharpe=3.635, OOS_Hit=0.619)
2025-09-16 01:38:18,761 - INFO -   Mean OOS Sharpe: 2.825, Mean Hit: 0.569
2025-09-16 01:38:18,761 - INFO - 
2025-09-16 01:38:18,767 - INFO - Starting full timeline backtesting...
2025-09-16 01:38:18,767 - INFO - Running full timeline backtest with 18 folds (0-based indexing)
2025-09-16 01:38:18,767 - INFO - Fold 0 skipped (no prior Q-score history for meaningful selection)
2025-09-16 01:38:18,767 - INFO - Effective backtest period: Folds 1-17 (17 folds)
2025-09-16 01:38:18,767 - INFO - Training period: Folds 1-10
2025-09-16 01:38:18,767 - INFO - Production period: Folds 11-17
2025-09-16 01:38:18,767 - INFO - Using consistent OOS methodology for all folds
2025-09-16 01:38:18,767 - INFO - Fold 0: Skipped (no prior Q-score history for meaningful selection)
2025-09-16 01:38:18,767 - INFO - 
--- Processing fold 1/17 ---
2025-09-16 01:38:18,799 - INFO - Fold 1: Q-scores from fold 0: ['M00:0.481', 'M01:0.534', 'M02:0.481', 'M03:0.474', 'M04:0.466']...
2025-09-16 01:38:18,799 - INFO - Fold 1: Selected models [20, 53, 107, 116, 36, 64, 48, 132] based on fold 0 Q-scores, avg Q-score: 0.578
2025-09-16 01:38:18,801 - INFO - Fold 1 (Training): Sharpe=0.495, Hit=49.6%
2025-09-16 01:38:18,801 - INFO - 
--- Processing fold 2/17 ---
2025-09-16 01:38:18,830 - INFO - Fold 2: Q-scores from fold 1: ['M00:0.480', 'M01:0.529', 'M02:0.484', 'M03:0.478', 'M04:0.475']...
2025-09-16 01:38:18,831 - INFO - Fold 2: Selected models [20, 116, 53, 107, 36, 64, 48, 43] based on fold 1 Q-scores, avg Q-score: 0.571
2025-09-16 01:38:18,832 - INFO - Fold 2 (Training): Sharpe=2.553, Hit=49.6%
2025-09-16 01:38:18,832 - INFO - 
--- Processing fold 3/17 ---
2025-09-16 01:38:18,857 - INFO - Fold 3: Q-scores from fold 2: ['M00:0.486', 'M01:0.525', 'M02:0.487', 'M03:0.480', 'M04:0.485']...
2025-09-16 01:38:18,857 - INFO - Fold 3: Selected models [20, 116, 107, 53, 36, 64, 48, 43] based on fold 2 Q-scores, avg Q-score: 0.568
2025-09-16 01:38:18,858 - INFO - Fold 3 (Training): Sharpe=1.879, Hit=54.9%
2025-09-16 01:38:18,858 - INFO - 
--- Processing fold 4/17 ---
2025-09-16 01:38:18,887 - INFO - Fold 4: Q-scores from fold 3: ['M00:0.491', 'M01:0.525', 'M02:0.490', 'M03:0.485', 'M04:0.487']...
2025-09-16 01:38:18,887 - INFO - Fold 4: Selected models [20, 107, 36, 53, 116, 64, 48, 43] based on fold 3 Q-scores, avg Q-score: 0.565
2025-09-16 01:38:18,888 - INFO - Fold 4 (Training): Sharpe=1.971, Hit=55.6%
2025-09-16 01:38:18,888 - INFO - 
--- Processing fold 5/17 ---
2025-09-16 01:38:18,920 - INFO - Fold 5: Q-scores from fold 4: ['M00:0.496', 'M01:0.530', 'M02:0.494', 'M03:0.490', 'M04:0.491']...
2025-09-16 01:38:18,921 - INFO - Fold 5: Selected models [20, 36, 53, 107, 116, 64, 48, 75] based on fold 4 Q-scores, avg Q-score: 0.562
2025-09-16 01:38:18,922 - INFO - Fold 5 (Training): Sharpe=-2.303, Hit=45.1%
2025-09-16 01:38:18,922 - INFO - 
--- Processing fold 6/17 ---
2025-09-16 01:38:18,960 - INFO - Fold 6: Q-scores from fold 5: ['M00:0.487', 'M01:0.521', 'M02:0.491', 'M03:0.484', 'M04:0.486']...
2025-09-16 01:38:18,961 - INFO - Fold 6: Selected models [20, 107, 53, 36, 116, 64, 48, 113] based on fold 5 Q-scores, avg Q-score: 0.553
2025-09-16 01:38:18,962 - INFO - Fold 6 (Training): Sharpe=1.791, Hit=61.7%
2025-09-16 01:38:18,962 - INFO - 
--- Processing fold 7/17 ---
2025-09-16 01:38:19,000 - INFO - Fold 7: Q-scores from fold 6: ['M00:0.493', 'M01:0.528', 'M02:0.496', 'M03:0.488', 'M04:0.496']...
2025-09-16 01:38:19,000 - INFO - Fold 7: Selected models [20, 107, 53, 64, 36, 116, 113, 75] based on fold 6 Q-scores, avg Q-score: 0.555
2025-09-16 01:38:19,002 - INFO - Fold 7 (Training): Sharpe=1.057, Hit=49.6%
2025-09-16 01:38:19,002 - INFO - 
--- Processing fold 8/17 ---
2025-09-16 01:38:19,039 - INFO - Fold 8: Q-scores from fold 7: ['M00:0.498', 'M01:0.526', 'M02:0.494', 'M03:0.488', 'M04:0.494']...
2025-09-16 01:38:19,039 - INFO - Fold 8: Selected models [20, 107, 53, 36, 113, 64, 75, 116] based on fold 7 Q-scores, avg Q-score: 0.550
2025-09-16 01:38:19,041 - INFO - Fold 8 (Training): Sharpe=2.439, Hit=59.4%
2025-09-16 01:38:19,041 - INFO - 
--- Processing fold 9/17 ---
2025-09-16 01:38:19,077 - INFO - Fold 9: Q-scores from fold 8: ['M00:0.503', 'M01:0.529', 'M02:0.496', 'M03:0.498', 'M04:0.496']...
2025-09-16 01:38:19,078 - INFO - Fold 9: Selected models [20, 107, 53, 36, 113, 75, 64, 72] based on fold 8 Q-scores, avg Q-score: 0.552
2025-09-16 01:38:19,079 - INFO - Fold 9 (Training): Sharpe=1.842, Hit=53.4%
2025-09-16 01:38:19,079 - INFO - 
--- Processing fold 10/17 ---
2025-09-16 01:38:19,117 - INFO - Fold 10: Q-scores from fold 9: ['M00:0.510', 'M01:0.536', 'M02:0.503', 'M03:0.500', 'M04:0.498']...
2025-09-16 01:38:19,117 - INFO - Fold 10: Selected models [20, 107, 113, 75, 53, 116, 36, 30] based on fold 9 Q-scores, avg Q-score: 0.552
2025-09-16 01:38:19,119 - INFO - Fold 10 (Training): Sharpe=0.136, Hit=48.9%
2025-09-16 01:38:19,119 - INFO - 
--- Processing fold 11/17 ---
2025-09-16 01:38:19,165 - INFO - Fold 11: Q-scores from fold 10: ['M00:0.511', 'M01:0.528', 'M02:0.500', 'M03:0.508', 'M04:0.497']...
2025-09-16 01:38:19,166 - INFO - Fold 11: Selected models [20, 53, 107, 36, 116, 64, 30, 113] based on fold 10 Q-scores, avg Q-score: 0.545
2025-09-16 01:38:19,167 - INFO - Fold 11 (Production): Sharpe=0.299, Hit=48.9%
2025-09-16 01:38:19,167 - INFO - 
--- Processing fold 12/17 ---
2025-09-16 01:38:19,203 - INFO - Fold 12: Q-scores from fold 11: ['M00:0.506', 'M01:0.529', 'M02:0.492', 'M03:0.512', 'M04:0.496']...
2025-09-16 01:38:19,203 - INFO - Fold 12: Selected models [20, 107, 53, 116, 72, 113, 36, 64] based on fold 11 Q-scores, avg Q-score: 0.539
2025-09-16 01:38:19,205 - INFO - Fold 12 (Production): Sharpe=1.810, Hit=44.4%
2025-09-16 01:38:19,205 - INFO - 
--- Processing fold 13/17 ---
2025-09-16 01:38:19,240 - INFO - Fold 13: Q-scores from fold 12: ['M00:0.504', 'M01:0.527', 'M02:0.497', 'M03:0.506', 'M04:0.490']...
2025-09-16 01:38:19,241 - INFO - Fold 13: Selected models [20, 116, 6, 83, 72, 53, 113, 107] based on fold 12 Q-scores, avg Q-score: 0.536
2025-09-16 01:38:19,242 - INFO - Fold 13 (Production): Sharpe=-0.821, Hit=48.1%
2025-09-16 01:38:19,242 - INFO - 
--- Processing fold 14/17 ---
2025-09-16 01:38:19,276 - INFO - Fold 14: Q-scores from fold 13: ['M00:0.493', 'M01:0.520', 'M02:0.491', 'M03:0.497', 'M04:0.488']...
2025-09-16 01:38:19,277 - INFO - Fold 14: Selected models [20, 116, 113, 107, 6, 53, 131, 64] based on fold 13 Q-scores, avg Q-score: 0.531
2025-09-16 01:38:19,278 - INFO - Fold 14 (Production): Sharpe=-1.174, Hit=48.9%
2025-09-16 01:38:19,278 - INFO - 
--- Processing fold 15/17 ---
2025-09-16 01:38:19,316 - INFO - Fold 15: Q-scores from fold 14: ['M00:0.499', 'M01:0.518', 'M02:0.490', 'M03:0.500', 'M04:0.494']...
2025-09-16 01:38:19,316 - INFO - Fold 15: Selected models [20, 116, 83, 135, 6, 30, 113, 107] based on fold 14 Q-scores, avg Q-score: 0.529
2025-09-16 01:38:19,318 - INFO - Fold 15 (Production): Sharpe=2.440, Hit=48.9%
2025-09-16 01:38:19,318 - INFO - 
--- Processing fold 16/17 ---
2025-09-16 01:38:19,346 - INFO - Fold 16: Q-scores from fold 15: ['M00:0.494', 'M01:0.520', 'M02:0.493', 'M03:0.500', 'M04:0.497']...
2025-09-16 01:38:19,347 - INFO - Fold 16: Selected models [20, 135, 116, 72, 36, 6, 83, 64] based on fold 15 Q-scores, avg Q-score: 0.529
2025-09-16 01:38:19,348 - INFO - Fold 16 (Production): Sharpe=0.142, Hit=52.6%
2025-09-16 01:38:19,348 - INFO - 
--- Processing fold 17/17 ---
2025-09-16 01:38:19,373 - INFO - Fold 17: Q-scores from fold 16: ['M00:0.499', 'M01:0.521', 'M02:0.495', 'M03:0.504', 'M04:0.500']...
2025-09-16 01:38:19,373 - INFO - Fold 17: Selected models [107, 20, 64, 85, 72, 116, 45, 105] based on fold 16 Q-scores, avg Q-score: 0.528
2025-09-16 01:38:19,374 - INFO - Fold 17 (Production): Sharpe=3.089, Hit=58.2%
2025-09-16 01:38:19,376 - INFO - Training Period Overall: Sharpe=1.202, Hit=52.8%
2025-09-16 01:38:19,376 - INFO - Production Period Overall: Sharpe=0.847, Hit=50.0%
2025-09-16 01:38:19,378 - INFO - Full Timeline Overall: Sharpe=1.063, Hit=51.6%
2025-09-16 01:38:19,378 - INFO - Training: Sharpe=1.202 | Hit=52.8% | Return=21.24%
2025-09-16 01:38:19,378 - INFO - Production: Sharpe=0.847 | Hit=50.0% | Return=13.63%
2025-09-16 01:38:19,378 - INFO - Full Timeline: Sharpe=1.063 | Hit=51.6% | Return=18.10%
2025-09-16 01:38:19,378 - INFO - Generating visualizations...
2025-09-16 01:38:19,378 - INFO - Creating clean visualizations for 150 models...
2025-09-16 01:38:23,547 - INFO - Clean fold-by-fold analysis saved to: 20250915_204920_fold_@CT#C_150models_20folds_OPTIMAL_CT_production.png
2025-09-16 01:38:27,862 - INFO - Detailed production analysis saved to: 20250915_204920_backtest_@CT#C_150models_20folds_OPTIMAL_CT_production.png
2025-09-16 01:38:27,863 - INFO - ================================================================================
2025-09-16 01:38:27,863 - INFO - BACKTEST SUMMARY
2025-09-16 01:38:27,863 - INFO - ================================================================================
2025-09-16 01:38:27,863 - INFO - Config: Cutoff=70%, Top N=5, Q-Metric=sharpe, Reselection=1 fold(s)
2025-09-16 01:38:27,863 - INFO - Model Selection History:
2025-09-16 01:38:27,863 - INFO -   Fold 1: M20, M53, M107, M116, M36, M64, M48, M132 (Avg Q-sharpe: 0.578)
2025-09-16 01:38:27,863 - INFO -   Fold 2: M20, M116, M53, M107, M36, M64, M48, M43 (Avg Q-sharpe: 0.571)
2025-09-16 01:38:27,863 - INFO -   Fold 3: M20, M116, M107, M53, M36, M64, M48, M43 (Avg Q-sharpe: 0.568)
2025-09-16 01:38:27,863 - INFO -   Fold 4: M20, M107, M36, M53, M116, M64, M48, M43 (Avg Q-sharpe: 0.565)
2025-09-16 01:38:27,863 - INFO -   Fold 5: M20, M36, M53, M107, M116, M64, M48, M75 (Avg Q-sharpe: 0.562)
2025-09-16 01:38:27,863 - INFO -   Fold 6: M20, M107, M53, M36, M116, M64, M48, M113 (Avg Q-sharpe: 0.553)
2025-09-16 01:38:27,863 - INFO -   Fold 7: M20, M107, M53, M64, M36, M116, M113, M75 (Avg Q-sharpe: 0.555)
2025-09-16 01:38:27,863 - INFO -   Fold 8: M20, M107, M53, M36, M113, M64, M75, M116 (Avg Q-sharpe: 0.550)
2025-09-16 01:38:27,864 - INFO -   Fold 9: M20, M107, M53, M36, M113, M75, M64, M72 (Avg Q-sharpe: 0.552)
2025-09-16 01:38:27,864 - INFO -   Fold 10: M20, M107, M113, M75, M53, M116, M36, M30 (Avg Q-sharpe: 0.552)
2025-09-16 01:38:27,864 - INFO -   Fold 11: M20, M53, M107, M36, M116, M64, M30, M113 (Avg Q-sharpe: 0.545)
2025-09-16 01:38:27,864 - INFO -   Fold 12: M20, M107, M53, M116, M72, M113, M36, M64 (Avg Q-sharpe: 0.539)
2025-09-16 01:38:27,864 - INFO -   Fold 13: M20, M116, M06, M83, M72, M53, M113, M107 (Avg Q-sharpe: 0.536)
2025-09-16 01:38:27,864 - INFO -   Fold 14: M20, M116, M113, M107, M06, M53, M131, M64 (Avg Q-sharpe: 0.531)
2025-09-16 01:38:27,864 - INFO -   Fold 15: M20, M116, M83, M135, M06, M30, M113, M107 (Avg Q-sharpe: 0.529)
2025-09-16 01:38:27,864 - INFO -   Fold 16: M20, M135, M116, M72, M36, M06, M83, M64 (Avg Q-sharpe: 0.529)
2025-09-16 01:38:27,864 - INFO -   Fold 17: M107, M20, M64, M85, M72, M116, M45, M105 (Avg Q-sharpe: 0.528)
2025-09-16 01:38:27,864 - INFO - 
2025-09-16 01:38:27,866 - INFO - Fold-by-Fold Performance:
2025-09-16 01:38:27,866 - INFO -   Fold 1: M20, M53, M107, M116, M36, M64, M48, M132 | Sharpe=0.495 | Hit=49.6% | Samples=133
2025-09-16 01:38:27,866 - INFO -   Fold 2: M20, M116, M53, M107, M36, M64, M48, M43 | Sharpe=2.553 | Hit=49.6% | Samples=133
2025-09-16 01:38:27,867 - INFO -   Fold 3: M20, M116, M107, M53, M36, M64, M48, M43 | Sharpe=1.879 | Hit=54.9% | Samples=133
2025-09-16 01:38:27,867 - INFO -   Fold 4: M20, M107, M36, M53, M116, M64, M48, M43 | Sharpe=1.971 | Hit=55.6% | Samples=133
2025-09-16 01:38:27,867 - INFO -   Fold 5: M20, M36, M53, M107, M116, M64, M48, M75 | Sharpe=-2.303 | Hit=45.1% | Samples=133
2025-09-16 01:38:27,867 - INFO -   Fold 6: M20, M107, M53, M36, M116, M64, M48, M113 | Sharpe=1.791 | Hit=61.7% | Samples=133
2025-09-16 01:38:27,867 - INFO -   Fold 7: M20, M107, M53, M64, M36, M116, M113, M75 | Sharpe=1.057 | Hit=49.6% | Samples=133
2025-09-16 01:38:27,867 - INFO -   Fold 8: M20, M107, M53, M36, M113, M64, M75, M116 | Sharpe=2.439 | Hit=59.4% | Samples=133
2025-09-16 01:38:27,867 - INFO -   Fold 9: M20, M107, M53, M36, M113, M75, M64, M72 | Sharpe=1.842 | Hit=53.4% | Samples=133
2025-09-16 01:38:27,867 - INFO -   Fold 10: M20, M107, M113, M75, M53, M116, M36, M30 | Sharpe=0.136 | Hit=48.9% | Samples=133
2025-09-16 01:38:27,867 - INFO -   Fold 11: M20, M53, M107, M36, M116, M64, M30, M113 | Sharpe=0.299 | Hit=48.9% | Samples=133
2025-09-16 01:38:27,867 - INFO -   Fold 12: M20, M107, M53, M116, M72, M113, M36, M64 | Sharpe=1.810 | Hit=44.4% | Samples=133
2025-09-16 01:38:27,867 - INFO -   Fold 13: M20, M116, M06, M83, M72, M53, M113, M107 | Sharpe=-0.821 | Hit=48.1% | Samples=133
2025-09-16 01:38:27,867 - INFO -   Fold 14: M20, M116, M113, M107, M06, M53, M131, M64 | Sharpe=-1.174 | Hit=48.9% | Samples=133
2025-09-16 01:38:27,867 - INFO -   Fold 15: M20, M116, M83, M135, M06, M30, M113, M107 | Sharpe=2.440 | Hit=48.9% | Samples=133
2025-09-16 01:38:27,867 - INFO -   Fold 16: M20, M135, M116, M72, M36, M06, M83, M64 | Sharpe=0.142 | Hit=52.6% | Samples=133
2025-09-16 01:38:27,867 - INFO -   Fold 17: M107, M20, M64, M85, M72, M116, M45, M105 | Sharpe=3.089 | Hit=58.2% | Samples=134
2025-09-16 01:38:27,867 - INFO - ================================================================================
2025-09-16 01:38:27,867 - INFO - ================================================================================
2025-09-16 01:38:27,867 - INFO - ANALYSIS COMPLETED SUCCESSFULLY!
2025-09-16 01:38:27,867 - INFO - ================================================================================
2025-09-16 01:38:27,867 - INFO - Generated 2 visualization files
2025-09-16 01:38:27,867 - INFO -   - 20250915_204920_fold_@CT#C_150models_20folds_OPTIMAL_CT_production.png
2025-09-16 01:38:27,867 - INFO -   - 20250915_204920_backtest_@CT#C_150models_20folds_OPTIMAL_CT_production.png
2025-09-16 01:38:27,867 - INFO - Training Final: Sharpe=1.202 | Hit=52.8% | Return=21.24% | CB=0.842
2025-09-16 01:38:27,867 - INFO - Production Final: Sharpe=0.847 | Hit=50.0% | Return=13.63% | CB=0.577
2025-09-16 01:38:27,867 - INFO - Full Timeline Final: Sharpe=1.063 | Hit=51.6% | Return=18.10% | CB=0.718
