2025-09-15 21:22:46,912 - INFO - ================================================================================
2025-09-15 21:22:46,913 - INFO - XGBoost Comparison Framework
2025-09-15 21:22:46,913 - INFO - ================================================================================
2025-09-15 21:22:46,913 - INFO - Configuration:
2025-09-15 21:22:46,913 - INFO -   Target Symbol: QPL#C
2025-09-15 21:22:46,913 - INFO -   Date Range: 2015-01-01 to 2025-08-01
2025-09-15 21:22:46,913 - INFO -   Models: 150, Type: standard
2025-09-15 21:22:46,913 - INFO -   Folds: 15
2025-09-15 21:22:46,913 - INFO -   Max Features: 100 (Limited)
2025-09-15 21:22:46,913 - INFO -   Feature Selection: Enabled
2025-09-15 21:22:46,913 - INFO -   Inner Val Fraction: 0.2
2025-09-15 21:22:46,913 - INFO -   EWMA Alpha: 0.1, Quality Halflife: 63 days
2025-09-15 21:22:46,913 - INFO -   Signal Type: Tanh Normalized
2025-09-15 21:22:46,913 - INFO -   Cross-validation: Expanding window
2025-09-15 21:22:46,913 - INFO -   Production: Cutoff=0.6, Top N=8, Q-Metric=sharpe
2025-09-15 21:22:46,913 - INFO -   Reselection: Every 1 fold(s)
2025-09-15 21:22:46,914 - INFO - 
2025-09-15 21:23:10,639 - INFO - Dropped 6 rows due to NaN in target column QPL#C_target_return
2025-09-15 21:23:11,420 - INFO - Loaded: X=(2729, 1906), y=(2729,)
2025-09-15 21:25:13,343 - INFO - Selected 100 features (threshold: 0.7)
2025-09-15 21:25:13,497 - INFO - Selected: 100 features
2025-09-15 21:25:14,058 - INFO - GPU detection: XGBoost not compiled with CUDA support - using CPU
2025-09-15 21:25:14,059 - INFO - Processing mode: CPU multiprocessing (GPU: False, Total models: 2250)
2025-09-15 21:25:14,074 - INFO - GPU detection: XGBoost not compiled with CUDA support - using CPU
2025-09-15 21:25:14,080 - INFO - Using expanding window
2025-09-15 21:25:14,085 - INFO - Starting analysis: 150 standard models x 13 folds
2025-09-15 21:25:14,085 - INFO - Processing Fold 1/13
2025-09-15 21:25:14,098 - INFO -   Using multiprocessing with 9 workers
2025-09-15 21:27:51,069 - INFO - Fold 1 Summary:
2025-09-15 21:27:51,093 - INFO -   Best OOS Sharpe: M131 (2.291, p=0.100)
2025-09-15 21:27:51,094 - INFO -   Best Q-Sharpe:  M131 (2.291, OOS_Sharpe=2.291, OOS_Hit=0.569)
2025-09-15 21:27:51,094 - INFO -   Mean OOS Sharpe: -0.078, Mean Hit: 0.492
2025-09-15 21:27:51,094 - INFO - 
2025-09-15 21:27:51,185 - INFO - Processing Fold 2/13
2025-09-15 21:27:51,278 - INFO -   Using multiprocessing with 9 workers
2025-09-15 21:30:54,403 - INFO - Fold 2 Summary:
2025-09-15 21:30:54,410 - INFO -   Best OOS Sharpe: M142 (2.707, p=0.000)
2025-09-15 21:30:54,410 - INFO -   Best Q-Sharpe:  M131 (2.139, OOS_Sharpe=0.770, OOS_Hit=0.481)
2025-09-15 21:30:54,410 - INFO -   Mean OOS Sharpe: 0.661, Mean Hit: 0.508
2025-09-15 21:30:54,410 - INFO - 
2025-09-15 21:30:54,444 - INFO - Processing Fold 3/13
2025-09-15 21:30:54,476 - INFO -   Using multiprocessing with 9 workers
2025-09-15 21:33:49,313 - INFO - Fold 3 Summary:
2025-09-15 21:33:49,316 - INFO -   Best OOS Sharpe: M88 (2.703, p=0.000)
2025-09-15 21:33:49,316 - INFO -   Best Q-Sharpe:  M131 (1.837, OOS_Sharpe=-0.879, OOS_Hit=0.508)
2025-09-15 21:33:49,317 - INFO -   Mean OOS Sharpe: -0.033, Mean Hit: 0.523
2025-09-15 21:33:49,317 - INFO - 
2025-09-15 21:33:49,358 - INFO - Processing Fold 4/13
2025-09-15 21:33:49,384 - INFO -   Using multiprocessing with 9 workers
2025-09-15 21:36:37,966 - INFO - Fold 4 Summary:
2025-09-15 21:36:37,972 - INFO -   Best OOS Sharpe: M127 (3.652, p=0.000)
2025-09-15 21:36:37,972 - INFO -   Best Q-Sharpe:  M131 (1.870, OOS_Sharpe=2.163, OOS_Hit=0.536)
2025-09-15 21:36:37,972 - INFO -   Mean OOS Sharpe: 1.783, Mean Hit: 0.523
2025-09-15 21:36:37,972 - INFO - 
2025-09-15 21:36:37,999 - INFO - Processing Fold 5/13
2025-09-15 21:36:38,028 - INFO -   Using multiprocessing with 9 workers
2025-09-15 21:40:39,297 - INFO - Fold 5 Summary:
2025-09-15 21:40:39,314 - INFO -   Best OOS Sharpe: M14 (2.962, p=0.020)
2025-09-15 21:40:39,321 - INFO -   Best Q-Sharpe:  M131 (1.549, OOS_Sharpe=-1.334, OOS_Hit=0.442)
2025-09-15 21:40:39,328 - INFO -   Mean OOS Sharpe: 0.631, Mean Hit: 0.492
2025-09-15 21:40:39,328 - INFO - 
2025-09-15 21:40:39,502 - INFO - Processing Fold 6/13
2025-09-15 21:40:39,668 - INFO -   Using multiprocessing with 9 workers
2025-09-15 21:45:06,065 - INFO - Fold 6 Summary:
2025-09-15 21:45:06,073 - INFO -   Best OOS Sharpe: M11 (4.757, p=0.000)
2025-09-15 21:45:06,074 - INFO -   Best Q-Sharpe:  M148 (1.617, OOS_Sharpe=3.585, OOS_Hit=0.597)
2025-09-15 21:45:06,074 - INFO -   Mean OOS Sharpe: 2.289, Mean Hit: 0.560
2025-09-15 21:45:06,074 - INFO - 
2025-09-15 21:45:06,125 - INFO - Processing Fold 7/13
2025-09-15 21:45:06,170 - INFO -   Using multiprocessing with 9 workers
2025-09-15 21:49:23,559 - INFO - Fold 7 Summary:
2025-09-15 21:49:23,564 - INFO -   Best OOS Sharpe: M30 (4.881, p=0.000)
2025-09-15 21:49:23,564 - INFO -   Best Q-Sharpe:  M148 (1.638, OOS_Sharpe=1.824, OOS_Hit=0.514)
2025-09-15 21:49:23,564 - INFO -   Mean OOS Sharpe: 1.908, Mean Hit: 0.519
2025-09-15 21:49:23,564 - INFO - 
2025-09-15 21:49:23,606 - INFO - Processing Fold 8/13
2025-09-15 21:49:23,637 - INFO -   Using multiprocessing with 9 workers
2025-09-15 21:53:03,298 - INFO - Fold 8 Summary:
2025-09-15 21:53:03,301 - INFO -   Best OOS Sharpe: M84 (2.301, p=0.040)
2025-09-15 21:53:03,301 - INFO -   Best Q-Sharpe:  M148 (1.577, OOS_Sharpe=1.036, OOS_Hit=0.597)
2025-09-15 21:53:03,301 - INFO -   Mean OOS Sharpe: 0.496, Mean Hit: 0.511
2025-09-15 21:53:03,301 - INFO - 
2025-09-15 21:53:03,339 - INFO - Processing Fold 9/13
2025-09-15 21:53:03,377 - INFO -   Using multiprocessing with 9 workers
2025-09-15 21:56:28,935 - INFO - Fold 9 Summary:
2025-09-15 21:56:28,937 - INFO -   Best OOS Sharpe: M26 (2.778, p=0.040)
2025-09-15 21:56:28,937 - INFO -   Best Q-Sharpe:  M148 (1.483, OOS_Sharpe=0.638, OOS_Hit=0.514)
2025-09-15 21:56:28,938 - INFO -   Mean OOS Sharpe: 0.730, Mean Hit: 0.526
2025-09-15 21:56:28,938 - INFO - 
2025-09-15 21:56:28,980 - INFO - Processing Fold 10/13
2025-09-15 21:56:29,005 - INFO -   Using multiprocessing with 9 workers
2025-09-15 21:59:22,113 - INFO - Fold 10 Summary:
2025-09-15 21:59:22,114 - INFO -   Best OOS Sharpe: M119 (4.638, p=0.000)
2025-09-15 21:59:22,114 - INFO -   Best Q-Sharpe:  M29 (1.602, OOS_Sharpe=4.478, OOS_Hit=0.641)
2025-09-15 21:59:22,114 - INFO -   Mean OOS Sharpe: 2.302, Mean Hit: 0.561
2025-09-15 21:59:22,114 - INFO - 
2025-09-15 21:59:22,133 - INFO - Processing Fold 11/13
2025-09-15 21:59:22,143 - INFO -   Using multiprocessing with 9 workers
2025-09-15 22:02:03,598 - INFO - Fold 11 Summary:
2025-09-15 22:02:03,599 - INFO -   Best OOS Sharpe: M28 (2.397, p=0.000)
2025-09-15 22:02:03,609 - INFO -   Best Q-Sharpe:  M29 (1.458, OOS_Sharpe=0.157, OOS_Hit=0.475)
2025-09-15 22:02:03,609 - INFO -   Mean OOS Sharpe: 0.464, Mean Hit: 0.505
2025-09-15 22:02:03,609 - INFO - 
2025-09-15 22:02:03,624 - INFO - Processing Fold 12/13
2025-09-15 22:02:03,649 - INFO -   Using multiprocessing with 9 workers
2025-09-15 22:04:16,241 - INFO - Fold 12 Summary:
2025-09-15 22:04:16,243 - INFO -   Best OOS Sharpe: M105 (2.969, p=0.040)
2025-09-15 22:04:16,243 - INFO -   Best Q-Sharpe:  M109 (1.361, OOS_Sharpe=1.917, OOS_Hit=0.514)
2025-09-15 22:04:16,243 - INFO -   Mean OOS Sharpe: 0.846, Mean Hit: 0.504
2025-09-15 22:04:16,243 - INFO - 
2025-09-15 22:04:16,271 - INFO - Processing Fold 13/13
2025-09-15 22:04:16,290 - INFO -   Using multiprocessing with 9 workers
2025-09-15 22:05:46,647 - INFO - Fold 13 Summary:
2025-09-15 22:05:46,647 - INFO -   Best OOS Sharpe: M50 (4.670, p=0.000)
2025-09-15 22:05:46,647 - INFO -   Best Q-Sharpe:  M85 (1.587, OOS_Sharpe=3.714, OOS_Hit=0.579)
2025-09-15 22:05:46,648 - INFO -   Mean OOS Sharpe: 2.971, Mean Hit: 0.558
2025-09-15 22:05:46,648 - INFO - 
2025-09-15 22:05:46,654 - INFO - Starting full timeline backtesting...
2025-09-15 22:05:46,654 - INFO - Running full timeline backtest with 13 folds (0-based indexing)
2025-09-15 22:05:46,654 - INFO - Fold 0 skipped (no prior Q-score history for meaningful selection)
2025-09-15 22:05:46,654 - INFO - Effective backtest period: Folds 1-12 (12 folds)
2025-09-15 22:05:46,654 - INFO - Training period: Folds 1-7
2025-09-15 22:05:46,654 - INFO - Production period: Folds 8-12
2025-09-15 22:05:46,654 - INFO - Using consistent OOS methodology for all folds
2025-09-15 22:05:46,655 - INFO - Fold 0: Skipped (no prior Q-score history for meaningful selection)
2025-09-15 22:05:46,655 - INFO - 
--- Processing fold 1/12 ---
2025-09-15 22:05:46,683 - INFO - Fold 1: Q-scores from fold 0: ['M00:0.582', 'M01:-0.135', 'M02:0.367', 'M03:0.499', 'M04:0.205']...
2025-09-15 22:05:46,683 - INFO - Fold 1: Selected models [131, 148, 132, 29, 25, 24, 133, 123] based on fold 0 Q-scores, avg Q-score: 1.342
2025-09-15 22:05:46,693 - INFO - Fold 1 (Training): Sharpe=0.470, Hit=49.2%
2025-09-15 22:05:46,693 - INFO - 
--- Processing fold 2/12 ---
2025-09-15 22:05:46,718 - INFO - Fold 2: Q-scores from fold 1: ['M00:0.653', 'M01:-0.035', 'M02:0.413', 'M03:0.602', 'M04:0.234']...
2025-09-15 22:05:46,718 - INFO - Fold 2: Selected models [131, 148, 25, 132, 29, 123, 133, 109] based on fold 1 Q-scores, avg Q-score: 1.247
2025-09-15 22:05:46,722 - INFO - Fold 2 (Training): Sharpe=-0.157, Hit=57.5%
2025-09-15 22:05:46,722 - INFO - 
--- Processing fold 3/12 ---
2025-09-15 22:05:46,759 - INFO - Fold 3: Q-scores from fold 2: ['M00:0.629', 'M01:-0.072', 'M02:0.423', 'M03:0.343', 'M04:0.230']...
2025-09-15 22:05:46,759 - INFO - Fold 3: Selected models [131, 148, 132, 109, 29, 25, 133, 123] based on fold 2 Q-scores, avg Q-score: 1.115
2025-09-15 22:05:46,763 - INFO - Fold 3 (Training): Sharpe=2.746, Hit=57.5%
2025-09-15 22:05:46,763 - INFO - 
--- Processing fold 4/12 ---
2025-09-15 22:05:46,803 - INFO - Fold 4: Q-scores from fold 3: ['M00:0.693', 'M01:0.002', 'M02:0.565', 'M03:0.503', 'M04:0.376']...
2025-09-15 22:05:46,803 - INFO - Fold 4: Selected models [131, 148, 109, 29, 25, 133, 123, 24] based on fold 3 Q-scores, avg Q-score: 1.214
2025-09-15 22:05:46,805 - INFO - Fold 4 (Training): Sharpe=0.527, Hit=51.4%
2025-09-15 22:05:46,806 - INFO - 
--- Processing fold 5/12 ---
2025-09-15 22:05:46,846 - INFO - Fold 5: Q-scores from fold 4: ['M00:0.865', 'M01:-0.124', 'M02:0.529', 'M03:0.451', 'M04:0.462']...
2025-09-15 22:05:46,847 - INFO - Fold 5: Selected models [131, 148, 109, 25, 29, 37, 123, 133] based on fold 4 Q-scores, avg Q-score: 1.140
2025-09-15 22:05:46,850 - INFO - Fold 5 (Training): Sharpe=3.032, Hit=56.9%
2025-09-15 22:05:46,850 - INFO - 
--- Processing fold 6/12 ---
2025-09-15 22:05:46,901 - INFO - Fold 6: Q-scores from fold 5: ['M00:0.993', 'M01:0.115', 'M02:0.732', 'M03:0.692', 'M04:0.733']...
2025-09-15 22:05:46,901 - INFO - Fold 6: Selected models [148, 131, 109, 25, 123, 44, 29, 133] based on fold 5 Q-scores, avg Q-score: 1.271
2025-09-15 22:05:46,904 - INFO - Fold 6 (Training): Sharpe=2.469, Hit=50.3%
2025-09-15 22:05:46,904 - INFO - 
--- Processing fold 7/12 ---
2025-09-15 22:05:46,939 - INFO - Fold 7: Q-scores from fold 6: ['M00:1.003', 'M01:0.213', 'M02:0.832', 'M03:0.828', 'M04:0.798']...
2025-09-15 22:05:46,939 - INFO - Fold 7: Selected models [148, 131, 109, 27, 29, 25, 111, 123] based on fold 6 Q-scores, avg Q-score: 1.374
2025-09-15 22:05:46,942 - INFO - Fold 7 (Training): Sharpe=0.585, Hit=53.0%
2025-09-15 22:05:46,942 - INFO - 
--- Processing fold 8/12 ---
2025-09-15 22:05:46,988 - INFO - Fold 8: Q-scores from fold 7: ['M00:0.804', 'M01:0.321', 'M02:0.832', 'M03:0.859', 'M04:0.720']...
2025-09-15 22:05:46,989 - INFO - Fold 8: Selected models [148, 131, 109, 29, 27, 111, 25, 44] based on fold 7 Q-scores, avg Q-score: 1.301
2025-09-15 22:05:46,994 - INFO - Fold 8 (Production): Sharpe=1.210, Hit=54.7%
2025-09-15 22:05:46,994 - INFO - 
--- Processing fold 9/12 ---
2025-09-15 22:05:47,045 - INFO - Fold 9: Q-scores from fold 8: ['M00:0.714', 'M01:0.446', 'M02:0.660', 'M03:0.894', 'M04:0.729']...
2025-09-15 22:05:47,046 - INFO - Fold 9: Selected models [148, 27, 111, 29, 109, 131, 25, 133] based on fold 8 Q-scores, avg Q-score: 1.282
2025-09-15 22:05:47,049 - INFO - Fold 9 (Production): Sharpe=2.849, Hit=56.9%
2025-09-15 22:05:47,049 - INFO - 
--- Processing fold 10/12 ---
2025-09-15 22:05:47,077 - INFO - Fold 10: Q-scores from fold 9: ['M00:0.900', 'M01:0.596', 'M02:0.749', 'M03:0.959', 'M04:0.871']...
2025-09-15 22:05:47,078 - INFO - Fold 10: Selected models [29, 111, 27, 109, 148, 104, 133, 85] based on fold 9 Q-scores, avg Q-score: 1.394
2025-09-15 22:05:47,081 - INFO - Fold 10 (Production): Sharpe=0.595, Hit=51.4%
2025-09-15 22:05:47,081 - INFO - 
--- Processing fold 11/12 ---
2025-09-15 22:05:47,118 - INFO - Fold 11: Q-scores from fold 10: ['M00:0.962', 'M01:0.714', 'M02:0.767', 'M03:0.785', 'M04:0.806']...
2025-09-15 22:05:47,118 - INFO - Fold 11: Selected models [29, 111, 148, 27, 109, 145, 85, 25] based on fold 10 Q-scores, avg Q-score: 1.326
2025-09-15 22:05:47,119 - INFO - Fold 11 (Production): Sharpe=0.830, Hit=48.1%
2025-09-15 22:05:47,119 - INFO - 
--- Processing fold 12/12 ---
2025-09-15 22:05:47,170 - INFO - Fold 12: Q-scores from fold 11: ['M00:0.891', 'M01:0.761', 'M02:0.656', 'M03:0.818', 'M04:0.814']...
2025-09-15 22:05:47,170 - INFO - Fold 12: Selected models [109, 85, 111, 29, 104, 105, 27, 78] based on fold 11 Q-scores, avg Q-score: 1.291
2025-09-15 22:05:47,171 - INFO - Fold 12 (Production): Sharpe=3.796, Hit=56.9%
2025-09-15 22:05:47,172 - INFO - Training Period Overall: Sharpe=1.561, Hit=53.7%
2025-09-15 22:05:47,174 - INFO - Production Period Overall: Sharpe=1.986, Hit=53.6%
2025-09-15 22:05:47,176 - INFO - Full Timeline Overall: Sharpe=1.747, Hit=53.7%
2025-09-15 22:05:47,177 - INFO - Training: Sharpe=1.561 | Hit=53.7% | Return=19.24%
2025-09-15 22:05:47,177 - INFO - Production: Sharpe=1.986 | Hit=53.6% | Return=26.75%
2025-09-15 22:05:47,177 - INFO - Full Timeline: Sharpe=1.747 | Hit=53.7% | Return=22.40%
2025-09-15 22:05:47,177 - INFO - Generating visualizations...
2025-09-15 22:05:47,177 - INFO - Creating clean visualizations for 150 models...
2025-09-15 22:05:51,264 - INFO - Clean fold-by-fold analysis saved to: 20250915_212246_fold_QPL#C_150models_15folds_QPL_optimal_production.png
2025-09-15 22:05:55,712 - INFO - Detailed production analysis saved to: 20250915_212246_backtest_QPL#C_150models_15folds_QPL_optimal_production.png
2025-09-15 22:05:55,712 - INFO - ================================================================================
2025-09-15 22:05:55,712 - INFO - BACKTEST SUMMARY
2025-09-15 22:05:55,712 - INFO - ================================================================================
2025-09-15 22:05:55,712 - INFO - Config: Cutoff=70%, Top N=5, Q-Metric=sharpe, Reselection=1 fold(s)
2025-09-15 22:05:55,712 - INFO - Model Selection History:
2025-09-15 22:05:55,713 - INFO -   Fold 1: M131, M148, M132, M29, M25, M24, M133, M123 (Avg Q-sharpe: 1.342)
2025-09-15 22:05:55,713 - INFO -   Fold 2: M131, M148, M25, M132, M29, M123, M133, M109 (Avg Q-sharpe: 1.247)
2025-09-15 22:05:55,713 - INFO -   Fold 3: M131, M148, M132, M109, M29, M25, M133, M123 (Avg Q-sharpe: 1.115)
2025-09-15 22:05:55,713 - INFO -   Fold 4: M131, M148, M109, M29, M25, M133, M123, M24 (Avg Q-sharpe: 1.214)
2025-09-15 22:05:55,713 - INFO -   Fold 5: M131, M148, M109, M25, M29, M37, M123, M133 (Avg Q-sharpe: 1.140)
2025-09-15 22:05:55,713 - INFO -   Fold 6: M148, M131, M109, M25, M123, M44, M29, M133 (Avg Q-sharpe: 1.271)
2025-09-15 22:05:55,713 - INFO -   Fold 7: M148, M131, M109, M27, M29, M25, M111, M123 (Avg Q-sharpe: 1.374)
2025-09-15 22:05:55,713 - INFO -   Fold 8: M148, M131, M109, M29, M27, M111, M25, M44 (Avg Q-sharpe: 1.301)
2025-09-15 22:05:55,713 - INFO -   Fold 9: M148, M27, M111, M29, M109, M131, M25, M133 (Avg Q-sharpe: 1.282)
2025-09-15 22:05:55,713 - INFO -   Fold 10: M29, M111, M27, M109, M148, M104, M133, M85 (Avg Q-sharpe: 1.394)
2025-09-15 22:05:55,713 - INFO -   Fold 11: M29, M111, M148, M27, M109, M145, M85, M25 (Avg Q-sharpe: 1.326)
2025-09-15 22:05:55,713 - INFO -   Fold 12: M109, M85, M111, M29, M104, M105, M27, M78 (Avg Q-sharpe: 1.291)
2025-09-15 22:05:55,713 - INFO - 
2025-09-15 22:05:55,713 - INFO - Fold-by-Fold Performance:
2025-09-15 22:05:55,713 - INFO -   Fold 1: M131, M148, M132, M29, M25, M24, M133, M123 | Sharpe=0.470 | Hit=49.2% | Samples=181
2025-09-15 22:05:55,713 - INFO -   Fold 2: M131, M148, M25, M132, M29, M123, M133, M109 | Sharpe=-0.157 | Hit=57.5% | Samples=181
2025-09-15 22:05:55,713 - INFO -   Fold 3: M131, M148, M132, M109, M29, M25, M133, M123 | Sharpe=2.746 | Hit=57.5% | Samples=181
2025-09-15 22:05:55,713 - INFO -   Fold 4: M131, M148, M109, M29, M25, M133, M123, M24 | Sharpe=0.527 | Hit=51.4% | Samples=181
2025-09-15 22:05:55,713 - INFO -   Fold 5: M131, M148, M109, M25, M29, M37, M123, M133 | Sharpe=3.032 | Hit=56.9% | Samples=181
2025-09-15 22:05:55,713 - INFO -   Fold 6: M148, M131, M109, M25, M123, M44, M29, M133 | Sharpe=2.469 | Hit=50.3% | Samples=181
2025-09-15 22:05:55,713 - INFO -   Fold 7: M148, M131, M109, M27, M29, M25, M111, M123 | Sharpe=0.585 | Hit=53.0% | Samples=181
2025-09-15 22:05:55,713 - INFO -   Fold 8: M148, M131, M109, M29, M27, M111, M25, M44 | Sharpe=1.210 | Hit=54.7% | Samples=181
2025-09-15 22:05:55,713 - INFO -   Fold 9: M148, M27, M111, M29, M109, M131, M25, M133 | Sharpe=2.849 | Hit=56.9% | Samples=181
2025-09-15 22:05:55,713 - INFO -   Fold 10: M29, M111, M27, M109, M148, M104, M133, M85 | Sharpe=0.595 | Hit=51.4% | Samples=181
2025-09-15 22:05:55,713 - INFO -   Fold 11: M29, M111, M148, M27, M109, M145, M85, M25 | Sharpe=0.830 | Hit=48.1% | Samples=181
2025-09-15 22:05:55,713 - INFO -   Fold 12: M109, M85, M111, M29, M104, M105, M27, M78 | Sharpe=3.796 | Hit=56.9% | Samples=195
2025-09-15 22:05:55,713 - INFO - ================================================================================
2025-09-15 22:05:55,713 - INFO - ================================================================================
2025-09-15 22:05:55,713 - INFO - ANALYSIS COMPLETED SUCCESSFULLY!
2025-09-15 22:05:55,713 - INFO - ================================================================================
2025-09-15 22:05:55,713 - INFO - Generated 2 visualization files
2025-09-15 22:05:55,713 - INFO -   - 20250915_212246_fold_QPL#C_150models_15folds_QPL_optimal_production.png
2025-09-15 22:05:55,713 - INFO -   - 20250915_212246_backtest_QPL#C_150models_15folds_QPL_optimal_production.png
2025-09-15 22:05:55,713 - INFO - Training Final: Sharpe=1.561 | Hit=53.7% | Return=19.24% | CB=1.846
2025-09-15 22:05:55,713 - INFO - Production Final: Sharpe=1.986 | Hit=53.6% | Return=26.75% | CB=2.273
2025-09-15 22:05:55,713 - INFO - Full Timeline Final: Sharpe=1.747 | Hit=53.7% | Return=22.40% | CB=1.903
