2025-09-15 23:38:42,382 - INFO - ================================================================================
2025-09-15 23:38:42,382 - INFO - XGBoost Comparison Framework
2025-09-15 23:38:42,382 - INFO - ================================================================================
2025-09-15 23:38:42,382 - INFO - Configuration:
2025-09-15 23:38:42,382 - INFO -   Target Symbol: QCL#C
2025-09-15 23:38:42,382 - INFO -   Date Range: 2015-01-01 to 2025-08-01
2025-09-15 23:38:42,383 - INFO -   Models: 100, Type: standard
2025-09-15 23:38:42,384 - INFO -   Folds: 15
2025-09-15 23:38:42,384 - INFO -   Max Features: 100 (Limited)
2025-09-15 23:38:42,384 - INFO -   Feature Selection: Enabled
2025-09-15 23:38:42,384 - INFO -   Inner Val Fraction: 0.2
2025-09-15 23:38:42,384 - INFO -   EWMA Alpha: 0.1, Quality Halflife: 63 days
2025-09-15 23:38:42,384 - INFO -   Signal Type: Tanh Normalized
2025-09-15 23:38:42,384 - INFO -   Cross-validation: Expanding window
2025-09-15 23:38:42,384 - INFO -   Production: Cutoff=0.6, Top N=5, Q-Metric=sharpe
2025-09-15 23:38:42,384 - INFO -   Reselection: Every 1 fold(s)
2025-09-15 23:38:42,384 - INFO -   COVID Period: SKIPPED (Mar 2020 - May 2020 excluded from backtest PnL)
2025-09-15 23:38:42,384 - INFO - 
2025-09-15 23:38:51,930 - INFO - Dropped 6 rows due to NaN in target column QCL#C_target_return
2025-09-15 23:38:52,494 - INFO - Loaded: X=(2729, 1906), y=(2729,)
2025-09-15 23:39:44,122 - INFO - Selected 100 features (threshold: 0.7)
2025-09-15 23:39:44,136 - INFO - Selected: 100 features
2025-09-15 23:39:45,118 - INFO - GPU detection: CUDA GPU available and working
2025-09-15 23:39:45,118 - INFO - Processing mode: GPU sequential (GPU: True, Total models: 1500)
2025-09-15 23:39:45,731 - INFO - GPU detection: CUDA GPU available and working
2025-09-15 23:39:45,733 - INFO - Using expanding window
2025-09-15 23:39:45,733 - INFO - Starting analysis: 100 standard models x 13 folds
2025-09-15 23:39:45,733 - INFO - Processing Fold 1/13
2025-09-15 23:39:45,737 - INFO -   Using GPU sequential processing
2025-09-15 23:44:11,166 - INFO - Fold 1 Summary:
2025-09-15 23:44:11,166 - INFO -   Best OOS Sharpe: M20 (2.120, p=0.040)
2025-09-15 23:44:11,166 - INFO -   Best Q-Sharpe:  M20 (2.120, OOS_Sharpe=2.120, OOS_Hit=0.530)
2025-09-15 23:44:11,166 - INFO -   Mean OOS Sharpe: 0.136, Mean Hit: 0.501
2025-09-15 23:44:11,167 - INFO - 
2025-09-15 23:44:11,169 - INFO - Processing Fold 2/13
2025-09-15 23:44:11,172 - INFO -   Using GPU sequential processing
2025-09-15 23:49:10,702 - INFO - Fold 2 Summary:
2025-09-15 23:49:10,702 - INFO -   Best OOS Sharpe: M04 (3.149, p=0.010)
2025-09-15 23:49:10,702 - INFO -   Best Q-Sharpe:  M20 (1.874, OOS_Sharpe=-0.341, OOS_Hit=0.541)
2025-09-15 23:49:10,702 - INFO -   Mean OOS Sharpe: 0.670, Mean Hit: 0.533
2025-09-15 23:49:10,702 - INFO - 
2025-09-15 23:49:10,704 - INFO - Processing Fold 3/13
2025-09-15 23:49:10,708 - INFO -   Using GPU sequential processing
2025-09-15 23:54:21,030 - INFO - Fold 3 Summary:
2025-09-15 23:54:21,030 - INFO -   Best OOS Sharpe: M24 (1.735, p=0.100)
2025-09-15 23:54:21,030 - INFO -   Best Q-Sharpe:  M72 (1.713, OOS_Sharpe=0.299, OOS_Hit=0.492)
2025-09-15 23:54:21,030 - INFO -   Mean OOS Sharpe: -0.341, Mean Hit: 0.488
2025-09-15 23:54:21,030 - INFO - 
2025-09-15 23:54:21,033 - INFO - Processing Fold 4/13
2025-09-15 23:54:21,036 - INFO -   Using GPU sequential processing
2025-09-15 23:59:17,317 - INFO - Fold 4 Summary:
2025-09-15 23:59:17,317 - INFO -   Best OOS Sharpe: M16 (2.752, p=0.020)
2025-09-15 23:59:17,317 - INFO -   Best Q-Sharpe:  M72 (1.673, OOS_Sharpe=1.315, OOS_Hit=0.514)
2025-09-15 23:59:17,317 - INFO -   Mean OOS Sharpe: 0.437, Mean Hit: 0.484
2025-09-15 23:59:17,317 - INFO - 
2025-09-15 23:59:17,320 - INFO - Processing Fold 5/13
2025-09-15 23:59:17,324 - INFO -   Using GPU sequential processing
2025-09-16 00:04:43,336 - INFO - Fold 5 Summary:
2025-09-16 00:04:43,336 - INFO -   Best OOS Sharpe: M69 (3.164, p=0.000)
2025-09-16 00:04:43,336 - INFO -   Best Q-Sharpe:  M72 (1.708, OOS_Sharpe=2.015, OOS_Hit=0.541)
2025-09-16 00:04:43,336 - INFO -   Mean OOS Sharpe: 0.804, Mean Hit: 0.540
2025-09-16 00:04:43,337 - INFO - 
2025-09-16 00:04:43,339 - INFO - Processing Fold 6/13
2025-09-16 00:04:43,343 - INFO -   Using GPU sequential processing
2025-09-16 00:09:54,655 - INFO - Fold 6 Summary:
2025-09-16 00:09:54,655 - INFO -   Best OOS Sharpe: M97 (2.424, p=0.010)
2025-09-16 00:09:54,655 - INFO -   Best Q-Sharpe:  M72 (1.517, OOS_Sharpe=-0.200, OOS_Hit=0.492)
2025-09-16 00:09:54,655 - INFO -   Mean OOS Sharpe: -0.485, Mean Hit: 0.490
2025-09-16 00:09:54,655 - INFO - 
2025-09-16 00:09:54,658 - INFO - Processing Fold 7/13
2025-09-16 00:09:54,662 - INFO -   Using GPU sequential processing
2025-09-16 00:15:09,039 - INFO - Fold 7 Summary:
2025-09-16 00:15:09,039 - INFO -   Best OOS Sharpe: M90 (2.160, p=0.080)
2025-09-16 00:15:09,039 - INFO -   Best Q-Sharpe:  M72 (1.453, OOS_Sharpe=0.875, OOS_Hit=0.459)
2025-09-16 00:15:09,039 - INFO -   Mean OOS Sharpe: -0.262, Mean Hit: 0.475
2025-09-16 00:15:09,039 - INFO - 
2025-09-16 00:15:09,041 - INFO - Processing Fold 8/13
2025-09-16 00:15:09,045 - INFO -   Using GPU sequential processing
2025-09-16 00:20:42,699 - INFO - Fold 8 Summary:
2025-09-16 00:20:42,699 - INFO -   Best OOS Sharpe: M90 (3.638, p=0.000)
2025-09-16 00:20:42,699 - INFO -   Best Q-Sharpe:  M72 (1.428, OOS_Sharpe=1.202, OOS_Hit=0.569)
2025-09-16 00:20:42,699 - INFO -   Mean OOS Sharpe: 1.480, Mean Hit: 0.531
2025-09-16 00:20:42,699 - INFO - 
2025-09-16 00:20:42,701 - INFO - Processing Fold 9/13
2025-09-16 00:20:42,705 - INFO -   Using GPU sequential processing
2025-09-16 00:26:30,168 - INFO - Fold 9 Summary:
2025-09-16 00:26:30,168 - INFO -   Best OOS Sharpe: M28 (2.175, p=0.040)
2025-09-16 00:26:30,168 - INFO -   Best Q-Sharpe:  M72 (1.323, OOS_Sharpe=0.377, OOS_Hit=0.530)
2025-09-16 00:26:30,169 - INFO -   Mean OOS Sharpe: -0.403, Mean Hit: 0.494
2025-09-16 00:26:30,169 - INFO - 
2025-09-16 00:26:30,171 - INFO - Processing Fold 10/13
2025-09-16 00:26:30,176 - INFO -   Using GPU sequential processing
2025-09-16 00:32:15,151 - INFO - Fold 10 Summary:
2025-09-16 00:32:15,151 - INFO -   Best OOS Sharpe: M26 (2.744, p=0.040)
2025-09-16 00:32:15,151 - INFO -   Best Q-Sharpe:  M72 (1.283, OOS_Sharpe=0.924, OOS_Hit=0.519)
2025-09-16 00:32:15,151 - INFO -   Mean OOS Sharpe: 0.847, Mean Hit: 0.516
2025-09-16 00:32:15,151 - INFO - 
2025-09-16 00:32:15,155 - INFO - Processing Fold 11/13
2025-09-16 00:32:15,160 - INFO -   Using GPU sequential processing
2025-09-16 00:37:45,940 - INFO - Fold 11 Summary:
2025-09-16 00:37:45,940 - INFO -   Best OOS Sharpe: M04 (2.912, p=0.000)
2025-09-16 00:37:45,940 - INFO -   Best Q-Sharpe:  M72 (0.990, OOS_Sharpe=-1.642, OOS_Hit=0.453)
2025-09-16 00:37:45,940 - INFO -   Mean OOS Sharpe: -0.091, Mean Hit: 0.515
2025-09-16 00:37:45,940 - INFO - 
2025-09-16 00:37:45,943 - INFO - Processing Fold 12/13
2025-09-16 00:37:45,948 - INFO -   Using GPU sequential processing
2025-09-16 00:43:37,142 - INFO - Fold 12 Summary:
2025-09-16 00:43:37,142 - INFO -   Best OOS Sharpe: M61 (2.930, p=0.020)
2025-09-16 00:43:37,142 - INFO -   Best Q-Sharpe:  M10 (0.962, OOS_Sharpe=2.221, OOS_Hit=0.558)
2025-09-16 00:43:37,142 - INFO -   Mean OOS Sharpe: 0.302, Mean Hit: 0.501
2025-09-16 00:43:37,142 - INFO - 
2025-09-16 00:43:37,144 - INFO - Processing Fold 13/13
2025-09-16 00:43:37,149 - INFO -   Using GPU sequential processing
2025-09-16 00:49:08,053 - INFO - Fold 13 Summary:
2025-09-16 00:49:08,054 - INFO -   Best OOS Sharpe: M02 (2.173, p=0.030)
2025-09-16 00:49:08,054 - INFO -   Best Q-Sharpe:  M10 (0.789, OOS_Sharpe=-0.770, OOS_Hit=0.513)
2025-09-16 00:49:08,054 - INFO -   Mean OOS Sharpe: -0.139, Mean Hit: 0.480
2025-09-16 00:49:08,054 - INFO - 
2025-09-16 00:49:08,056 - INFO - Starting full timeline backtesting...
2025-09-16 00:49:08,056 - INFO - Running full timeline backtest with 13 folds (0-based indexing)
2025-09-16 00:49:08,056 - INFO - Fold 0 skipped (no prior Q-score history for meaningful selection)
2025-09-16 00:49:08,056 - INFO - Effective backtest period: Folds 1-12 (12 folds)
2025-09-16 00:49:08,056 - INFO - Training period: Folds 1-7
2025-09-16 00:49:08,057 - INFO - Production period: Folds 8-12
2025-09-16 00:49:08,057 - INFO - Using consistent OOS methodology for all folds
2025-09-16 00:49:08,057 - INFO - Fold 0: Skipped (no prior Q-score history for meaningful selection)
2025-09-16 00:49:08,057 - INFO - 
--- Processing fold 1/12 ---
2025-09-16 00:49:08,083 - INFO - Fold 1: Q-scores from fold 0: ['M00:-1.141', 'M01:0.988', 'M02:-0.455', 'M03:1.095', 'M04:-0.940']...
2025-09-16 00:49:08,084 - INFO - Fold 1: Selected models [20, 34, 72, 55, 10] based on fold 0 Q-scores, avg Q-score: 1.901
2025-09-16 00:49:08,085 - INFO - Fold 1 (Training): Sharpe=-0.306, Hit=54.7%
2025-09-16 00:49:08,085 - INFO - 
--- Processing fold 2/12 ---
2025-09-16 00:49:08,113 - INFO - Fold 2: Q-scores from fold 1: ['M00:-1.080', 'M01:1.005', 'M02:-0.311', 'M03:1.034', 'M04:-0.531']...
2025-09-16 00:49:08,113 - INFO - Fold 2: Selected models [20, 72, 34, 55, 78] based on fold 1 Q-scores, avg Q-score: 1.710
2025-09-16 00:49:08,115 - INFO - Fold 2 (Training): Sharpe=-0.401, Hit=53.0%
2025-09-16 00:49:08,115 - INFO - 
--- Processing fold 3/12 ---
2025-09-16 00:49:08,144 - INFO - Fold 3: Q-scores from fold 2: ['M00:-1.211', 'M01:0.857', 'M02:-0.409', 'M03:0.821', 'M04:-0.590']...
2025-09-16 00:49:08,144 - INFO - Fold 3: Selected models [72, 20, 34, 55, 43] based on fold 2 Q-scores, avg Q-score: 1.544
2025-09-16 00:49:08,146 - INFO - Fold 3 (Training): Sharpe=-0.055, Hit=45.9%
2025-09-16 00:49:08,146 - INFO - 
--- Processing fold 4/12 ---
2025-09-16 00:49:08,173 - INFO - Fold 4: Q-scores from fold 3: ['M00:-0.950', 'M01:0.886', 'M02:-0.428', 'M03:0.598', 'M04:-0.434']...
2025-09-16 00:49:08,174 - INFO - Fold 4: Selected models [72, 20, 34, 10, 55] based on fold 3 Q-scores, avg Q-score: 1.423
2025-09-16 00:49:08,175 - INFO - Fold 4 (Training): Sharpe=1.707, Hit=55.2%
2025-09-16 00:49:08,175 - INFO - 
--- Processing fold 5/12 ---
2025-09-16 00:49:08,202 - INFO - Fold 5: Q-scores from fold 4: ['M00:-0.751', 'M01:0.829', 'M02:-0.366', 'M03:0.578', 'M04:-0.303']...
2025-09-16 00:49:08,203 - INFO - Fold 5: Selected models [72, 34, 20, 10, 43] based on fold 4 Q-scores, avg Q-score: 1.426
2025-09-16 00:49:08,204 - INFO - Fold 5 (Training): Sharpe=1.769, Hit=53.8%
2025-09-16 00:49:08,204 - INFO - 
--- Processing fold 6/12 ---
2025-09-16 00:49:08,230 - INFO - Fold 6: Q-scores from fold 5: ['M00:-0.820', 'M01:0.633', 'M02:-0.386', 'M03:0.346', 'M04:-0.230']...
2025-09-16 00:49:08,230 - INFO - Fold 6: Selected models [72, 20, 34, 55, 10] based on fold 5 Q-scores, avg Q-score: 1.274
2025-09-16 00:49:08,232 - INFO - Fold 6 (Training): Sharpe=-0.865, Hit=40.9%
2025-09-16 00:49:08,232 - INFO - 
--- Processing fold 7/12 ---
2025-09-16 00:49:08,257 - INFO - Fold 7: Q-scores from fold 6: ['M00:-0.755', 'M01:0.592', 'M02:-0.325', 'M03:0.478', 'M04:-0.438']...
2025-09-16 00:49:08,258 - INFO - Fold 7: Selected models [72, 20, 10, 34, 55] based on fold 6 Q-scores, avg Q-score: 1.104
2025-09-16 00:49:08,259 - INFO - Fold 7 (Training): Sharpe=1.592, Hit=54.1%
2025-09-16 00:49:08,259 - INFO - 
--- Processing fold 8/12 ---
2025-09-16 00:49:08,284 - INFO - Fold 8: Q-scores from fold 7: ['M00:-0.447', 'M01:0.631', 'M02:-0.162', 'M03:0.752', 'M04:-0.315']...
2025-09-16 00:49:08,285 - INFO - Fold 8: Selected models [72, 10, 34, 20, 55] based on fold 7 Q-scores, avg Q-score: 1.113
2025-09-16 00:49:08,286 - INFO - Fold 8 (Production): Sharpe=0.408, Hit=50.3%
2025-09-16 00:49:08,286 - INFO - 
--- Processing fold 9/12 ---
2025-09-16 00:49:08,312 - INFO - Fold 9: Q-scores from fold 8: ['M00:-0.428', 'M01:0.531', 'M02:-0.166', 'M03:0.516', 'M04:-0.484']...
2025-09-16 00:49:08,312 - INFO - Fold 9: Selected models [72, 10, 34, 20, 45] based on fold 8 Q-scores, avg Q-score: 1.053
2025-09-16 00:49:08,314 - INFO - Fold 9 (Production): Sharpe=0.981, Hit=54.1%
2025-09-16 00:49:08,314 - INFO - 
--- Processing fold 10/12 ---
2025-09-16 00:49:08,340 - INFO - Fold 10: Q-scores from fold 9: ['M00:-0.118', 'M01:0.661', 'M02:-0.127', 'M03:0.726', 'M04:-0.346']...
2025-09-16 00:49:08,340 - INFO - Fold 10: Selected models [72, 10, 34, 45, 26] based on fold 9 Q-scores, avg Q-score: 1.013
2025-09-16 00:49:08,342 - INFO - Fold 10 (Production): Sharpe=-0.444, Hit=50.8%
2025-09-16 00:49:08,342 - INFO - 
--- Processing fold 11/12 ---
2025-09-16 00:49:08,370 - INFO - Fold 11: Q-scores from fold 10: ['M00:-0.048', 'M01:0.537', 'M02:0.059', 'M03:0.662', 'M04:-0.020']...
2025-09-16 00:49:08,370 - INFO - Fold 11: Selected models [72, 34, 10, 26, 52] based on fold 10 Q-scores, avg Q-score: 0.862
2025-09-16 00:49:08,371 - INFO - Fold 11 (Production): Sharpe=1.866, Hit=49.7%
2025-09-16 00:49:08,371 - INFO - 
--- Processing fold 12/12 ---
2025-09-16 00:49:08,398 - INFO - Fold 12: Q-scores from fold 11: ['M00:0.111', 'M01:0.394', 'M02:0.065', 'M03:0.747', 'M04:-0.049']...
2025-09-16 00:49:08,398 - INFO - Fold 12: Selected models [10, 26, 34, 52, 72] based on fold 11 Q-scores, avg Q-score: 0.837
2025-09-16 00:49:08,400 - INFO - Fold 12 (Production): Sharpe=-1.154, Hit=44.1%
2025-09-16 00:49:08,401 - INFO - Training Period Overall: Sharpe=-0.278, Hit=50.4%
2025-09-16 00:49:08,402 - INFO - Production Period Overall: Sharpe=0.319, Hit=49.7%
2025-09-16 00:49:08,404 - INFO - Full Timeline Overall: Sharpe=-0.208, Hit=50.1%
2025-09-16 00:49:08,404 - INFO - Training: Sharpe=-0.278 | Hit=50.4% | Return=-141.84%
2025-09-16 00:49:08,404 - INFO - Production: Sharpe=0.319 | Hit=49.7% | Return=3.09%
2025-09-16 00:49:08,404 - INFO - Full Timeline: Sharpe=-0.208 | Hit=50.1% | Return=-80.91%
2025-09-16 00:49:08,404 - INFO - Generating visualizations...
2025-09-16 00:49:08,404 - INFO - Creating clean visualizations for 100 models...
2025-09-16 00:49:11,979 - INFO - Clean fold-by-fold analysis saved to: 20250915_233842_fold_QCL#C_100models_15folds_QCL_skip_covid_rescue.png
2025-09-16 00:49:14,571 - INFO - Detailed production analysis saved to: 20250915_233842_backtest_QCL#C_100models_15folds_QCL_skip_covid_rescue.png
2025-09-16 00:49:14,571 - INFO - ================================================================================
2025-09-16 00:49:14,571 - INFO - BACKTEST SUMMARY
2025-09-16 00:49:14,571 - INFO - ================================================================================
2025-09-16 00:49:14,571 - INFO - Config: Cutoff=70%, Top N=5, Q-Metric=sharpe, Reselection=1 fold(s)
2025-09-16 00:49:14,571 - INFO - Model Selection History:
2025-09-16 00:49:14,571 - INFO -   Fold 1: M20, M34, M72, M55, M10 (Avg Q-sharpe: 1.901)
2025-09-16 00:49:14,571 - INFO -   Fold 2: M20, M72, M34, M55, M78 (Avg Q-sharpe: 1.710)
2025-09-16 00:49:14,571 - INFO -   Fold 3: M72, M20, M34, M55, M43 (Avg Q-sharpe: 1.544)
2025-09-16 00:49:14,571 - INFO -   Fold 4: M72, M20, M34, M10, M55 (Avg Q-sharpe: 1.423)
2025-09-16 00:49:14,571 - INFO -   Fold 5: M72, M34, M20, M10, M43 (Avg Q-sharpe: 1.426)
2025-09-16 00:49:14,572 - INFO -   Fold 6: M72, M20, M34, M55, M10 (Avg Q-sharpe: 1.274)
2025-09-16 00:49:14,572 - INFO -   Fold 7: M72, M20, M10, M34, M55 (Avg Q-sharpe: 1.104)
2025-09-16 00:49:14,572 - INFO -   Fold 8: M72, M10, M34, M20, M55 (Avg Q-sharpe: 1.113)
2025-09-16 00:49:14,572 - INFO -   Fold 9: M72, M10, M34, M20, M45 (Avg Q-sharpe: 1.053)
2025-09-16 00:49:14,572 - INFO -   Fold 10: M72, M10, M34, M45, M26 (Avg Q-sharpe: 1.013)
2025-09-16 00:49:14,572 - INFO -   Fold 11: M72, M34, M10, M26, M52 (Avg Q-sharpe: 0.862)
2025-09-16 00:49:14,572 - INFO -   Fold 12: M10, M26, M34, M52, M72 (Avg Q-sharpe: 0.837)
2025-09-16 00:49:14,572 - INFO - 
2025-09-16 00:49:14,572 - INFO - Fold-by-Fold Performance:
2025-09-16 00:49:14,572 - INFO -   Fold 1: M20, M34, M72, M55, M10 | Sharpe=-0.306 | Hit=54.7% | Samples=181
2025-09-16 00:49:14,572 - INFO -   Fold 2: M20, M72, M34, M55, M78 | Sharpe=-0.401 | Hit=53.0% | Samples=181
2025-09-16 00:49:14,572 - INFO -   Fold 3: M72, M20, M34, M55, M43 | Sharpe=-0.055 | Hit=45.9% | Samples=181
2025-09-16 00:49:14,572 - INFO -   Fold 4: M72, M20, M34, M10, M55 | Sharpe=1.707 | Hit=55.2% | Samples=181
2025-09-16 00:49:14,572 - INFO -   Fold 5: M72, M34, M20, M10, M43 | Sharpe=1.769 | Hit=53.8% | Samples=181
2025-09-16 00:49:14,572 - INFO -   Fold 6: M72, M20, M34, M55, M10 | Sharpe=-0.865 | Hit=40.9% | Samples=181
2025-09-16 00:49:14,572 - INFO -   Fold 7: M72, M20, M10, M34, M55 | Sharpe=1.592 | Hit=54.1% | Samples=181
2025-09-16 00:49:14,572 - INFO -   Fold 8: M72, M10, M34, M20, M55 | Sharpe=0.408 | Hit=50.3% | Samples=181
2025-09-16 00:49:14,572 - INFO -   Fold 9: M72, M10, M34, M20, M45 | Sharpe=0.981 | Hit=54.1% | Samples=181
2025-09-16 00:49:14,572 - INFO -   Fold 10: M72, M10, M34, M45, M26 | Sharpe=-0.444 | Hit=50.8% | Samples=181
2025-09-16 00:49:14,572 - INFO -   Fold 11: M72, M34, M10, M26, M52 | Sharpe=1.866 | Hit=49.7% | Samples=181
2025-09-16 00:49:14,572 - INFO -   Fold 12: M10, M26, M34, M52, M72 | Sharpe=-1.154 | Hit=44.1% | Samples=195
2025-09-16 00:49:14,572 - INFO - ================================================================================
2025-09-16 00:49:14,572 - INFO - ================================================================================
2025-09-16 00:49:14,572 - INFO - ANALYSIS COMPLETED SUCCESSFULLY!
2025-09-16 00:49:14,572 - INFO - ================================================================================
2025-09-16 00:49:14,572 - INFO - Generated 2 visualization files
2025-09-16 00:49:14,572 - INFO -   - 20250915_233842_fold_QCL#C_100models_15folds_QCL_skip_covid_rescue.png
2025-09-16 00:49:14,572 - INFO -   - 20250915_233842_backtest_QCL#C_100models_15folds_QCL_skip_covid_rescue.png
2025-09-16 00:49:14,572 - INFO - Training Final: Sharpe=-0.278 | Hit=50.4% | Return=-141.84% | CB=-0.094
2025-09-16 00:49:14,573 - INFO - Production Final: Sharpe=0.319 | Hit=49.7% | Return=3.09% | CB=0.286
2025-09-16 00:49:14,573 - INFO - Full Timeline Final: Sharpe=-0.208 | Hit=50.1% | Return=-80.91% | CB=-0.053
