2025-09-15 21:21:12,004 - INFO - ================================================================================
2025-09-15 21:21:12,004 - INFO - XGBoost Comparison Framework
2025-09-15 21:21:12,004 - INFO - ================================================================================
2025-09-15 21:21:12,004 - INFO - Configuration:
2025-09-15 21:21:12,004 - INFO -   Target Symbol: QSI#C
2025-09-15 21:21:12,004 - INFO -   Date Range: 2015-01-01 to 2025-08-01
2025-09-15 21:21:12,004 - INFO -   Models: 150, Type: standard
2025-09-15 21:21:12,005 - INFO -   Folds: 15
2025-09-15 21:21:12,005 - INFO -   Max Features: 100 (Limited)
2025-09-15 21:21:12,005 - INFO -   Feature Selection: Enabled
2025-09-15 21:21:12,005 - INFO -   Inner Val Fraction: 0.2
2025-09-15 21:21:12,005 - INFO -   EWMA Alpha: 0.1, Quality Halflife: 63 days
2025-09-15 21:21:12,005 - INFO -   Signal Type: Tanh Normalized
2025-09-15 21:21:12,005 - INFO -   Cross-validation: Expanding window
2025-09-15 21:21:12,005 - INFO -   Production: Cutoff=0.6, Top N=8, Q-Metric=sharpe
2025-09-15 21:21:12,005 - INFO -   Reselection: Every 1 fold(s)
2025-09-15 21:21:12,005 - INFO - 
2025-09-15 21:21:26,332 - INFO - Dropped 6 rows due to NaN in target column QSI#C_target_return
2025-09-15 21:21:26,693 - INFO - Loaded: X=(2729, 1906), y=(2729,)
2025-09-15 21:22:59,608 - INFO - Selected 100 features (threshold: 0.7)
2025-09-15 21:22:59,643 - INFO - Selected: 100 features
2025-09-15 21:22:59,697 - INFO - GPU detection: XGBoost not compiled with CUDA support - using CPU
2025-09-15 21:22:59,697 - INFO - Processing mode: CPU multiprocessing (GPU: False, Total models: 2250)
2025-09-15 21:22:59,701 - INFO - GPU detection: XGBoost not compiled with CUDA support - using CPU
2025-09-15 21:22:59,703 - INFO - Using expanding window
2025-09-15 21:22:59,703 - INFO - Starting analysis: 150 standard models x 13 folds
2025-09-15 21:22:59,703 - INFO - Processing Fold 1/13
2025-09-15 21:22:59,706 - INFO -   Using multiprocessing with 9 workers
2025-09-15 21:24:35,558 - INFO - Fold 1 Summary:
2025-09-15 21:24:35,563 - INFO -   Best OOS Sharpe: M18 (2.138, p=0.080)
2025-09-15 21:24:35,563 - INFO -   Best Q-Sharpe:  M18 (2.138, OOS_Sharpe=2.138, OOS_Hit=0.481)
2025-09-15 21:24:35,563 - INFO -   Mean OOS Sharpe: 0.426, Mean Hit: 0.483
2025-09-15 21:24:35,563 - INFO - 
2025-09-15 21:24:35,577 - INFO - Processing Fold 2/13
2025-09-15 21:24:35,595 - INFO -   Using multiprocessing with 9 workers
2025-09-15 21:27:24,946 - INFO - Fold 2 Summary:
2025-09-15 21:27:24,953 - INFO -   Best OOS Sharpe: M80 (3.274, p=0.000)
2025-09-15 21:27:24,954 - INFO -   Best Q-Sharpe:  M18 (2.043, OOS_Sharpe=1.188, OOS_Hit=0.558)
2025-09-15 21:27:24,954 - INFO -   Mean OOS Sharpe: 1.016, Mean Hit: 0.525
2025-09-15 21:27:24,954 - INFO - 
2025-09-15 21:27:24,991 - INFO - Processing Fold 3/13
2025-09-15 21:27:25,019 - INFO -   Using multiprocessing with 9 workers
2025-09-15 21:30:30,218 - INFO - Fold 3 Summary:
2025-09-15 21:30:30,223 - INFO -   Best OOS Sharpe: M76 (2.317, p=0.100)
2025-09-15 21:30:30,223 - INFO -   Best Q-Sharpe:  M18 (1.903, OOS_Sharpe=0.638, OOS_Hit=0.514)
2025-09-15 21:30:30,223 - INFO -   Mean OOS Sharpe: 0.138, Mean Hit: 0.501
2025-09-15 21:30:30,223 - INFO - 
2025-09-15 21:30:30,260 - INFO - Processing Fold 4/13
2025-09-15 21:30:30,287 - INFO -   Using multiprocessing with 9 workers
2025-09-15 21:33:26,195 - INFO - Fold 4 Summary:
2025-09-15 21:33:26,200 - INFO -   Best OOS Sharpe: M146 (2.544, p=0.080)
2025-09-15 21:33:26,200 - INFO -   Best Q-Sharpe:  M18 (1.729, OOS_Sharpe=0.163, OOS_Hit=0.530)
2025-09-15 21:33:26,200 - INFO -   Mean OOS Sharpe: 0.250, Mean Hit: 0.537
2025-09-15 21:33:26,200 - INFO - 
2025-09-15 21:33:26,236 - INFO - Processing Fold 5/13
2025-09-15 21:33:26,261 - INFO -   Using multiprocessing with 9 workers
2025-09-15 21:36:33,760 - INFO - Fold 5 Summary:
2025-09-15 21:36:33,765 - INFO -   Best OOS Sharpe: M49 (3.227, p=0.020)
2025-09-15 21:36:33,765 - INFO -   Best Q-Sharpe:  M18 (1.555, OOS_Sharpe=-0.012, OOS_Hit=0.503)
2025-09-15 21:36:33,765 - INFO -   Mean OOS Sharpe: 0.433, Mean Hit: 0.513
2025-09-15 21:36:33,766 - INFO - 
2025-09-15 21:36:33,803 - INFO - Processing Fold 6/13
2025-09-15 21:36:33,837 - INFO -   Using multiprocessing with 9 workers
2025-09-15 21:40:43,685 - INFO - Fold 6 Summary:
2025-09-15 21:40:43,689 - INFO -   Best OOS Sharpe: M99 (3.797, p=0.000)
2025-09-15 21:40:43,689 - INFO -   Best Q-Sharpe:  M83 (1.687, OOS_Sharpe=3.084, OOS_Hit=0.536)
2025-09-15 21:40:43,689 - INFO -   Mean OOS Sharpe: 1.979, Mean Hit: 0.525
2025-09-15 21:40:43,689 - INFO - 
2025-09-15 21:40:43,724 - INFO - Processing Fold 7/13
2025-09-15 21:40:43,765 - INFO -   Using multiprocessing with 9 workers
2025-09-15 21:45:19,680 - INFO - Fold 7 Summary:
2025-09-15 21:45:19,690 - INFO -   Best OOS Sharpe: M27 (4.539, p=0.000)
2025-09-15 21:45:19,690 - INFO -   Best Q-Sharpe:  M18 (1.746, OOS_Sharpe=3.227, OOS_Hit=0.575)
2025-09-15 21:45:19,690 - INFO -   Mean OOS Sharpe: 2.219, Mean Hit: 0.553
2025-09-15 21:45:19,691 - INFO - 
2025-09-15 21:45:19,727 - INFO - Processing Fold 8/13
2025-09-15 21:45:19,765 - INFO -   Using multiprocessing with 9 workers
2025-09-15 21:49:14,748 - INFO - Fold 8 Summary:
2025-09-15 21:49:14,754 - INFO -   Best OOS Sharpe: M112 (2.664, p=0.080)
2025-09-15 21:49:14,754 - INFO -   Best Q-Sharpe:  M18 (1.513, OOS_Sharpe=-0.581, OOS_Hit=0.519)
2025-09-15 21:49:14,754 - INFO -   Mean OOS Sharpe: -0.886, Mean Hit: 0.488
2025-09-15 21:49:14,754 - INFO - 
2025-09-15 21:49:14,797 - INFO - Processing Fold 9/13
2025-09-15 21:49:14,822 - INFO -   Using multiprocessing with 9 workers
2025-09-15 21:52:55,564 - INFO - Fold 9 Summary:
2025-09-15 21:52:55,570 - INFO -   Best OOS Sharpe: M149 (4.120, p=0.000)
2025-09-15 21:52:55,570 - INFO -   Best Q-Sharpe:  M149 (1.604, OOS_Sharpe=4.120, OOS_Hit=0.619)
2025-09-15 21:52:55,570 - INFO -   Mean OOS Sharpe: 1.392, Mean Hit: 0.562
2025-09-15 21:52:55,570 - INFO - 
2025-09-15 21:52:55,669 - INFO - Processing Fold 10/13
2025-09-15 21:52:55,744 - INFO -   Using multiprocessing with 9 workers
2025-09-15 21:56:25,222 - INFO - Fold 10 Summary:
2025-09-15 21:56:25,239 - INFO -   Best OOS Sharpe: M66 (5.316, p=0.000)
2025-09-15 21:56:25,239 - INFO -   Best Q-Sharpe:  M149 (1.614, OOS_Sharpe=1.706, OOS_Hit=0.503)
2025-09-15 21:56:25,239 - INFO -   Mean OOS Sharpe: 3.157, Mean Hit: 0.560
2025-09-15 21:56:25,239 - INFO - 
2025-09-15 21:56:25,283 - INFO - Processing Fold 11/13
2025-09-15 21:56:25,321 - INFO -   Using multiprocessing with 9 workers
2025-09-15 21:59:21,049 - INFO - Fold 11 Summary:
2025-09-15 21:59:21,050 - INFO -   Best OOS Sharpe: M76 (2.961, p=0.000)
2025-09-15 21:59:21,050 - INFO -   Best Q-Sharpe:  M130 (1.510, OOS_Sharpe=0.844, OOS_Hit=0.508)
2025-09-15 21:59:21,050 - INFO -   Mean OOS Sharpe: 0.180, Mean Hit: 0.501
2025-09-15 21:59:21,050 - INFO - 
2025-09-15 21:59:21,061 - INFO - Processing Fold 12/13
2025-09-15 21:59:21,070 - INFO -   Using multiprocessing with 9 workers
2025-09-15 22:02:01,413 - INFO - Fold 12 Summary:
2025-09-15 22:02:01,416 - INFO -   Best OOS Sharpe: M137 (3.895, p=0.000)
2025-09-15 22:02:01,416 - INFO -   Best Q-Sharpe:  M45 (1.520, OOS_Sharpe=1.651, OOS_Hit=0.525)
2025-09-15 22:02:01,416 - INFO -   Mean OOS Sharpe: 1.300, Mean Hit: 0.516
2025-09-15 22:02:01,416 - INFO - 
2025-09-15 22:02:01,437 - INFO - Processing Fold 13/13
2025-09-15 22:02:01,463 - INFO -   Using multiprocessing with 9 workers
2025-09-15 22:04:15,942 - INFO - Fold 13 Summary:
2025-09-15 22:04:15,945 - INFO -   Best OOS Sharpe: M40 (3.212, p=0.000)
2025-09-15 22:04:15,945 - INFO -   Best Q-Sharpe:  M45 (1.539, OOS_Sharpe=1.708, OOS_Hit=0.523)
2025-09-15 22:04:15,945 - INFO -   Mean OOS Sharpe: 1.013, Mean Hit: 0.513
2025-09-15 22:04:15,945 - INFO - 
2025-09-15 22:04:16,022 - INFO - Starting full timeline backtesting...
2025-09-15 22:04:16,029 - INFO - Running full timeline backtest with 13 folds (0-based indexing)
2025-09-15 22:04:16,030 - INFO - Fold 0 skipped (no prior Q-score history for meaningful selection)
2025-09-15 22:04:16,030 - INFO - Effective backtest period: Folds 1-12 (12 folds)
2025-09-15 22:04:16,030 - INFO - Training period: Folds 1-7
2025-09-15 22:04:16,030 - INFO - Production period: Folds 8-12
2025-09-15 22:04:16,030 - INFO - Using consistent OOS methodology for all folds
2025-09-15 22:04:16,031 - INFO - Fold 0: Skipped (no prior Q-score history for meaningful selection)
2025-09-15 22:04:16,031 - INFO - 
--- Processing fold 1/12 ---
2025-09-15 22:04:16,100 - INFO - Fold 1: Q-scores from fold 0: ['M00:-0.939', 'M01:1.172', 'M02:0.378', 'M03:-0.513', 'M04:-1.606']...
2025-09-15 22:04:16,102 - INFO - Fold 1: Selected models [18, 76, 17, 33, 29, 62, 83, 87] based on fold 0 Q-scores, avg Q-score: 1.889
2025-09-15 22:04:16,157 - INFO - Fold 1 (Training): Sharpe=0.876, Hit=51.4%
2025-09-15 22:04:16,157 - INFO - 
--- Processing fold 2/12 ---
2025-09-15 22:04:16,182 - INFO - Fold 2: Q-scores from fold 1: ['M00:-0.678', 'M01:1.185', 'M02:0.355', 'M03:-0.212', 'M04:-1.378']...
2025-09-15 22:04:16,182 - INFO - Fold 2: Selected models [18, 17, 29, 83, 62, 33, 87, 9] based on fold 1 Q-scores, avg Q-score: 1.783
2025-09-15 22:04:16,186 - INFO - Fold 2 (Training): Sharpe=-0.044, Hit=51.9%
2025-09-15 22:04:16,187 - INFO - 
--- Processing fold 3/12 ---
2025-09-15 22:04:16,212 - INFO - Fold 3: Q-scores from fold 2: ['M00:-0.436', 'M01:1.008', 'M02:0.320', 'M03:-0.139', 'M04:-1.223']...
2025-09-15 22:04:16,212 - INFO - Fold 3: Selected models [18, 17, 76, 9, 29, 33, 87, 62] based on fold 2 Q-scores, avg Q-score: 1.620
2025-09-15 22:04:16,217 - INFO - Fold 3 (Training): Sharpe=-0.522, Hit=50.8%
2025-09-15 22:04:16,217 - INFO - 
--- Processing fold 4/12 ---
2025-09-15 22:04:16,242 - INFO - Fold 4: Q-scores from fold 3: ['M00:-0.300', 'M01:0.884', 'M02:0.221', 'M03:-0.175', 'M04:-1.034']...
2025-09-15 22:04:16,242 - INFO - Fold 4: Selected models [18, 17, 83, 29, 149, 86, 9, 76] based on fold 3 Q-scores, avg Q-score: 1.474
2025-09-15 22:04:16,246 - INFO - Fold 4 (Training): Sharpe=1.055, Hit=51.9%
2025-09-15 22:04:16,246 - INFO - 
--- Processing fold 5/12 ---
2025-09-15 22:04:16,271 - INFO - Fold 5: Q-scores from fold 4: ['M00:-0.293', 'M01:0.872', 'M02:0.314', 'M03:-0.119', 'M04:-0.872']...
2025-09-15 22:04:16,271 - INFO - Fold 5: Selected models [18, 83, 17, 76, 86, 9, 29, 149] based on fold 4 Q-scores, avg Q-score: 1.399
2025-09-15 22:04:16,273 - INFO - Fold 5 (Training): Sharpe=2.726, Hit=55.2%
2025-09-15 22:04:16,273 - INFO - 
--- Processing fold 6/12 ---
2025-09-15 22:04:16,298 - INFO - Fold 6: Q-scores from fold 5: ['M00:-0.172', 'M01:0.976', 'M02:0.511', 'M03:-0.012', 'M04:-0.628']...
2025-09-15 22:04:16,298 - INFO - Fold 6: Selected models [83, 18, 76, 86, 87, 17, 149, 91] based on fold 5 Q-scores, avg Q-score: 1.475
2025-09-15 22:04:16,303 - INFO - Fold 6 (Training): Sharpe=3.520, Hit=59.1%
2025-09-15 22:04:16,303 - INFO - 
--- Processing fold 7/12 ---
2025-09-15 22:04:16,331 - INFO - Fold 7: Q-scores from fold 6: ['M00:0.068', 'M01:1.080', 'M02:0.737', 'M03:0.212', 'M04:-0.404']...
2025-09-15 22:04:16,331 - INFO - Fold 7: Selected models [18, 83, 76, 86, 17, 95, 91, 149] based on fold 6 Q-scores, avg Q-score: 1.588
2025-09-15 22:04:16,335 - INFO - Fold 7 (Training): Sharpe=-0.820, Hit=49.2%
2025-09-15 22:04:16,335 - INFO - 
--- Processing fold 8/12 ---
2025-09-15 22:04:16,358 - INFO - Fold 8: Q-scores from fold 7: ['M00:-0.165', 'M01:0.888', 'M02:0.593', 'M03:0.225', 'M04:-0.357']...
2025-09-15 22:04:16,358 - INFO - Fold 8: Selected models [18, 91, 83, 76, 17, 149, 86, 95] based on fold 7 Q-scores, avg Q-score: 1.372
2025-09-15 22:04:16,362 - INFO - Fold 8 (Production): Sharpe=1.897, Hit=60.8%
2025-09-15 22:04:16,363 - INFO - 
--- Processing fold 9/12 ---
2025-09-15 22:04:16,387 - INFO - Fold 9: Q-scores from fold 8: ['M00:0.087', 'M01:0.891', 'M02:0.625', 'M03:0.581', 'M04:-0.195']...
2025-09-15 22:04:16,387 - INFO - Fold 9: Selected models [149, 18, 83, 76, 86, 17, 91, 9] based on fold 8 Q-scores, avg Q-score: 1.382
2025-09-15 22:04:16,389 - INFO - Fold 9 (Production): Sharpe=3.161, Hit=54.7%
2025-09-15 22:04:16,389 - INFO - 
--- Processing fold 10/12 ---
2025-09-15 22:04:16,415 - INFO - Fold 10: Q-scores from fold 9: ['M00:0.290', 'M01:1.225', 'M02:0.899', 'M03:0.756', 'M04:-0.006']...
2025-09-15 22:04:16,415 - INFO - Fold 10: Selected models [149, 18, 130, 9, 29, 45, 26, 83] based on fold 9 Q-scores, avg Q-score: 1.547
2025-09-15 22:04:16,417 - INFO - Fold 10 (Production): Sharpe=0.515, Hit=50.8%
2025-09-15 22:04:16,417 - INFO - 
--- Processing fold 11/12 ---
2025-09-15 22:04:16,442 - INFO - Fold 11: Q-scores from fold 10: ['M00:0.141', 'M01:0.902', 'M02:0.775', 'M03:0.713', 'M04:0.139']...
2025-09-15 22:04:16,443 - INFO - Fold 11: Selected models [130, 45, 76, 18, 26, 92, 83, 95] based on fold 10 Q-scores, avg Q-score: 1.472
2025-09-15 22:04:16,446 - INFO - Fold 11 (Production): Sharpe=1.634, Hit=49.7%
2025-09-15 22:04:16,446 - INFO - 
--- Processing fold 12/12 ---
2025-09-15 22:04:16,473 - INFO - Fold 12: Q-scores from fold 11: ['M00:0.217', 'M01:0.954', 'M02:0.847', 'M03:0.785', 'M04:0.273']...
2025-09-15 22:04:16,473 - INFO - Fold 12: Selected models [45, 76, 92, 95, 83, 130, 18, 29] based on fold 11 Q-scores, avg Q-score: 1.441
2025-09-15 22:04:16,475 - INFO - Fold 12 (Production): Sharpe=1.512, Hit=51.3%
2025-09-15 22:04:16,476 - INFO - Training Period Overall: Sharpe=1.305, Hit=52.8%
2025-09-15 22:04:16,477 - INFO - Production Period Overall: Sharpe=1.759, Hit=53.4%
2025-09-15 22:04:16,481 - INFO - Full Timeline Overall: Sharpe=1.512, Hit=53.1%
2025-09-15 22:04:16,481 - INFO - Training: Sharpe=1.305 | Hit=52.8% | Return=12.06%
2025-09-15 22:04:16,481 - INFO - Production: Sharpe=1.759 | Hit=53.4% | Return=21.24%
2025-09-15 22:04:16,481 - INFO - Full Timeline: Sharpe=1.512 | Hit=53.1% | Return=15.92%
2025-09-15 22:04:16,482 - INFO - Generating visualizations...
2025-09-15 22:04:16,482 - INFO - Creating clean visualizations for 150 models...
2025-09-15 22:04:21,133 - INFO - Clean fold-by-fold analysis saved to: 20250915_212112_fold_QSI#C_150models_15folds_QSI_optimal_production.png
2025-09-15 22:04:25,980 - INFO - Detailed production analysis saved to: 20250915_212112_backtest_QSI#C_150models_15folds_QSI_optimal_production.png
2025-09-15 22:04:25,982 - INFO - ================================================================================
2025-09-15 22:04:25,982 - INFO - BACKTEST SUMMARY
2025-09-15 22:04:25,982 - INFO - ================================================================================
2025-09-15 22:04:25,982 - INFO - Config: Cutoff=70%, Top N=5, Q-Metric=sharpe, Reselection=1 fold(s)
2025-09-15 22:04:25,982 - INFO - Model Selection History:
2025-09-15 22:04:25,982 - INFO -   Fold 1: M18, M76, M17, M33, M29, M62, M83, M87 (Avg Q-sharpe: 1.889)
2025-09-15 22:04:25,982 - INFO -   Fold 2: M18, M17, M29, M83, M62, M33, M87, M09 (Avg Q-sharpe: 1.783)
2025-09-15 22:04:25,982 - INFO -   Fold 3: M18, M17, M76, M09, M29, M33, M87, M62 (Avg Q-sharpe: 1.620)
2025-09-15 22:04:25,982 - INFO -   Fold 4: M18, M17, M83, M29, M149, M86, M09, M76 (Avg Q-sharpe: 1.474)
2025-09-15 22:04:25,982 - INFO -   Fold 5: M18, M83, M17, M76, M86, M09, M29, M149 (Avg Q-sharpe: 1.399)
2025-09-15 22:04:25,982 - INFO -   Fold 6: M83, M18, M76, M86, M87, M17, M149, M91 (Avg Q-sharpe: 1.475)
2025-09-15 22:04:25,982 - INFO -   Fold 7: M18, M83, M76, M86, M17, M95, M91, M149 (Avg Q-sharpe: 1.588)
2025-09-15 22:04:25,982 - INFO -   Fold 8: M18, M91, M83, M76, M17, M149, M86, M95 (Avg Q-sharpe: 1.372)
2025-09-15 22:04:25,982 - INFO -   Fold 9: M149, M18, M83, M76, M86, M17, M91, M09 (Avg Q-sharpe: 1.382)
2025-09-15 22:04:25,982 - INFO -   Fold 10: M149, M18, M130, M09, M29, M45, M26, M83 (Avg Q-sharpe: 1.547)
2025-09-15 22:04:25,982 - INFO -   Fold 11: M130, M45, M76, M18, M26, M92, M83, M95 (Avg Q-sharpe: 1.472)
2025-09-15 22:04:25,982 - INFO -   Fold 12: M45, M76, M92, M95, M83, M130, M18, M29 (Avg Q-sharpe: 1.441)
2025-09-15 22:04:25,982 - INFO - 
2025-09-15 22:04:25,982 - INFO - Fold-by-Fold Performance:
2025-09-15 22:04:25,982 - INFO -   Fold 1: M18, M76, M17, M33, M29, M62, M83, M87 | Sharpe=0.876 | Hit=51.4% | Samples=181
2025-09-15 22:04:25,982 - INFO -   Fold 2: M18, M17, M29, M83, M62, M33, M87, M09 | Sharpe=-0.044 | Hit=51.9% | Samples=181
2025-09-15 22:04:25,982 - INFO -   Fold 3: M18, M17, M76, M09, M29, M33, M87, M62 | Sharpe=-0.522 | Hit=50.8% | Samples=181
2025-09-15 22:04:25,982 - INFO -   Fold 4: M18, M17, M83, M29, M149, M86, M09, M76 | Sharpe=1.055 | Hit=51.9% | Samples=181
2025-09-15 22:04:25,982 - INFO -   Fold 5: M18, M83, M17, M76, M86, M09, M29, M149 | Sharpe=2.726 | Hit=55.2% | Samples=181
2025-09-15 22:04:25,982 - INFO -   Fold 6: M83, M18, M76, M86, M87, M17, M149, M91 | Sharpe=3.520 | Hit=59.1% | Samples=181
2025-09-15 22:04:25,982 - INFO -   Fold 7: M18, M83, M76, M86, M17, M95, M91, M149 | Sharpe=-0.820 | Hit=49.2% | Samples=181
2025-09-15 22:04:25,982 - INFO -   Fold 8: M18, M91, M83, M76, M17, M149, M86, M95 | Sharpe=1.897 | Hit=60.8% | Samples=181
2025-09-15 22:04:25,982 - INFO -   Fold 9: M149, M18, M83, M76, M86, M17, M91, M09 | Sharpe=3.161 | Hit=54.7% | Samples=181
2025-09-15 22:04:25,983 - INFO -   Fold 10: M149, M18, M130, M09, M29, M45, M26, M83 | Sharpe=0.515 | Hit=50.8% | Samples=181
2025-09-15 22:04:25,983 - INFO -   Fold 11: M130, M45, M76, M18, M26, M92, M83, M95 | Sharpe=1.634 | Hit=49.7% | Samples=181
2025-09-15 22:04:25,983 - INFO -   Fold 12: M45, M76, M92, M95, M83, M130, M18, M29 | Sharpe=1.512 | Hit=51.3% | Samples=195
2025-09-15 22:04:25,983 - INFO - ================================================================================
2025-09-15 22:04:25,983 - INFO - ================================================================================
2025-09-15 22:04:25,983 - INFO - ANALYSIS COMPLETED SUCCESSFULLY!
2025-09-15 22:04:25,983 - INFO - ================================================================================
2025-09-15 22:04:25,983 - INFO - Generated 2 visualization files
2025-09-15 22:04:25,983 - INFO -   - 20250915_212112_fold_QSI#C_150models_15folds_QSI_optimal_production.png
2025-09-15 22:04:25,983 - INFO -   - 20250915_212112_backtest_QSI#C_150models_15folds_QSI_optimal_production.png
2025-09-15 22:04:25,983 - INFO - Training Final: Sharpe=1.305 | Hit=52.8% | Return=12.06% | CB=1.001
2025-09-15 22:04:25,983 - INFO - Production Final: Sharpe=1.759 | Hit=53.4% | Return=21.24% | CB=2.625
2025-09-15 22:04:25,983 - INFO - Full Timeline Final: Sharpe=1.512 | Hit=53.1% | Return=15.92% | CB=1.021
