[2025-09-30 13:18:01] Loaded .env from /home/ubuntu/XGB PROD
[2025-09-30 13:18:01] === XGBoost Production Daily Signal Generation ===
[2025-09-30 13:18:01] Working directory: /home/ubuntu/XGB PROD
[2025-09-30 13:18:01] Python command: python3
[2025-09-30 13:18:01] Log file: logs/20250930/xgb_prod_20250930_131801.log
[2025-09-30 13:18:01] ðŸ”§ Ensuring clean state for IQFeed/Xvfb
[2025-09-30 13:18:03] ðŸ–¥ï¸  Starting Xvfb on :1
[2025-09-30 13:18:08] ðŸªŸ Starting IQFeed (IQCharts.exe) via wine
[2025-09-30 13:18:08] IQFeed PID: 2852
[2025-09-30 13:18:08] â³ Waiting for IQFeed to initialize...
[2025-09-30 13:18:23] ðŸš€ Starting signal generation...
=== XGBoost Daily Signal Generation ===
Processing 24 tradeable symbols & 1 FX symbols
====Getting live prices====
====Getting live prices====
Data fetched for 24 symbols
@AD#C: Signal=1, Avg Score=1.79 bps, Price=0.6624
@BO#C: Signal=-1, Avg Score=-74.98 bps, Price=49.4600
@BP#C: Signal=1, Avg Score=0.84 bps, Price=1.3460
@C#C: Signal=-1, Avg Score=-11.20 bps, Price=415.7500
@CT#C: Signal=-1, Avg Score=-2.99 bps, Price=65.8900
@ES#C: Signal=1, Avg Score=1.48 bps, Price=6700.2500
@EU#C: Signal=-1, Avg Score=-0.12 bps, Price=1.1806
@FV#C: Signal=1, Avg Score=0.18 bps, Price=109.2734
@JY#C: Signal=1, Avg Score=1.89 bps, Price=0.0068
@NQ#C: Signal=1, Avg Score=4.76 bps, Price=24762.2500
@RTY#C: Signal=-1, Avg Score=-1.52 bps, Price=2432.1000
@S#C: Signal=-1, Avg Score=-8.50 bps, Price=1002.2500
@SM#C: Signal=1, Avg Score=5.32 bps, Price=273.4000
@TY#C: Signal=1, Avg Score=0.85 bps, Price=112.6250
@US#C: Signal=1, Avg Score=0.04 bps, Price=116.8750
@W#C: Signal=-1, Avg Score=-0.80 bps, Price=508.0000
BD#C: EUR 128.62 -> USD 151.20
BD#C: Signal=-1, Avg Score=-0.16 bps, Price=151.1992
BL#C: EUR 117.82 -> USD 138.50
BL#C: Signal=-1, Avg Score=-0.78 bps, Price=138.5033
QCL#C: Signal=1, Avg Score=4.42 bps, Price=62.6300
QGC#C: Signal=1, Avg Score=0.30 bps, Price=3875.4000
QHG#C: Signal=-1, Avg Score=-1.78 bps, Price=4.8550
QNG#C: Signal=-1, Avg Score=-6.32 bps, Price=3.3330
QPL#C: Signal=1, Avg Score=1.55 bps, Price=1605.2000
QSI#C: Signal=1, Avg Score=2.96 bps, Price=46.6400
Active P trades: 24
  P @AD#C: +18 @ 0.6624
  P @BO#C: -12 @ 49.4600
  P @BP#C: +14 @ 1.3460
  P @C#C: -17 @ 415.7500
  P @CT#C: -10 @ 65.8900
  P @ES#C: +9 @ 6700.2500
  P @EU#C: -8 @ 1.1806
  P @FV#C: +36 @ 109.2734
  P @JY#C: +14 @ 0.0068
  P @NQ#C: +6 @ 24762.2500
  P @RTY#C: -27 @ 2432.1000
  P @S#C: -7 @ 1002.2500
  P @SM#C: +13 @ 273.4000
  P @TY#C: +35 @ 112.6250
  P @US#C: +34 @ 116.8750
  P @W#C: -14 @ 508.0000
  P BD#C: -26 @ 151.1992
  P BL#C: -28 @ 138.5033
  P QCL#C: +18 @ 62.6300
  P QGC#C: +3 @ 3875.4000
  P QHG#C: -10 @ 4.8550
  P QNG#C: -10 @ 3.3330
  P QPL#C: +15 @ 1605.2000
  P QSI#C: +5 @ 46.6400
Active Q trades: 23
  Q @AD#C: +15 @ 0.6624
  Q @BO#C: -9 @ 49.4600
  Q @BP#C: +11 @ 1.3460
  Q @C#C: -13 @ 415.7500
  Q @CT#C: -8 @ 65.8900
  Q @ES#C: +3 @ 6700.2500
  Q @EU#C: -6 @ 1.1806
  Q @FV#C: +7 @ 109.2734
  Q @JY#C: +11 @ 0.0068
  Q @NQ#C: +2 @ 24762.2500
  Q @RTY#C: -10 @ 2432.1000
  Q @S#C: -5 @ 1002.2500
  Q @SM#C: +10 @ 273.4000
  Q @TY#C: +7 @ 112.6250
  Q @US#C: +6 @ 116.8750
  Q @W#C: -11 @ 508.0000
  Q BD#C: -5 @ 151.1992
  Q BL#C: -5 @ 138.5033
  Q QCL#C: +3 @ 62.6300
  Q QHG#C: -2 @ 4.8550
  Q QNG#C: -7 @ 3.3330
  Q QPL#C: +3 @ 1605.2000
  Q QSI#C: +1 @ 46.6400
Saved 24 trades to /home/ubuntu/XGB PROD/logs/20250930/20250930_GMS_Trade_File_xgb_prod_12hr.xlsx
Saved 23 Q trades to /home/ubuntu/XGB PROD/logs/20250930/lpxd_external_advisors_CB_20250930-1719.csv
Found credentials from IAM Role: ec2-s3-access-role
Saved P trades to /home/ubuntu/XGB PROD/logs/20250930/20250930_GMS_Trade_File_xgb_prod_12hr.xlsx
Saved Q trades to /home/ubuntu/XGB PROD/logs/20250930/lpxd_external_advisors_CB_20250930-1719.csv
Email sent to ['christian.beulen@sydneyquantitative.com', 'realstevendong@gmail.com']
Email sent with both trade files
Completed: 24 signals, 24 P trades, 23 Q trades
[2025-09-30 13:19:33] âœ… Signal generation completed successfully
[2025-09-30 13:19:33] ðŸ§¹ Cleaning up IQFeed/Xvfb
