2025-09-17 18:04:58,821 - INFO - ================================================================================
2025-09-17 18:04:58,821 - INFO - XGBoost Comparison Framework
2025-09-17 18:04:58,821 - INFO - ================================================================================
2025-09-17 18:04:58,822 - INFO - Configuration:
2025-09-17 18:04:58,822 - INFO -   Target Symbol: QCL#C
2025-09-17 18:04:58,822 - INFO -   Date Range: 2015-01-01 to 2025-08-01
2025-09-17 18:04:58,822 - INFO -   Models: 100, Type: standard
2025-09-17 18:04:58,822 - INFO -   Folds: 15
2025-09-17 18:04:58,822 - INFO -   Max Features: 100 (Limited)
2025-09-17 18:04:58,822 - INFO -   Feature Selection: Enabled
2025-09-17 18:04:58,822 - INFO -   Inner Val Fraction: 0.2
2025-09-17 18:04:58,822 - INFO -   EWMA Alpha: 0.1, Quality Halflife: 63 days
2025-09-17 18:04:58,822 - INFO -   Signal Type: Binary (+1/-1)
2025-09-17 18:04:58,822 - INFO -   Cross-validation: Expanding window
2025-09-17 18:04:58,822 - INFO -   Production: Cutoff=0.6, Top N=5, Q-Metric=sharpe
2025-09-17 18:04:58,822 - INFO -   Reselection: Every 1 fold(s)
2025-09-17 18:04:58,822 - INFO -   COVID Period: SKIPPED (Mar 2020 - May 2020 excluded from backtest PnL)
2025-09-17 18:04:58,822 - INFO - 
2025-09-17 18:05:03,351 - INFO - Dropped 6 rows due to NaN in target column QCL#C_target_return
2025-09-17 18:05:03,450 - INFO - Loaded: X=(2729, 1906), y=(2729,)
2025-09-17 18:05:57,966 - INFO - Selected 100 features (threshold: 0.7)
2025-09-17 18:05:57,992 - INFO - Selected: 100 features
2025-09-17 18:05:58,061 - INFO - GPU detection: XGBoost not compiled with CUDA support - using CPU
2025-09-17 18:05:58,061 - INFO - Processing mode: CPU multiprocessing (GPU: False, Total models: 1500)
2025-09-17 18:05:58,065 - INFO - GPU detection: XGBoost not compiled with CUDA support - using CPU
2025-09-17 18:05:58,068 - INFO - Using expanding window
2025-09-17 18:05:58,069 - INFO - Starting analysis: 100 standard models x 13 folds
2025-09-17 18:05:58,069 - INFO - Processing Fold 1/13
2025-09-17 18:05:58,073 - INFO -   Using multiprocessing with 9 workers
2025-09-17 18:06:53,602 - INFO - Fold 1 Summary:
2025-09-17 18:06:53,603 - INFO -   Best OOS Sharpe: M19 (2.471, p=0.080)
2025-09-17 18:06:53,603 - INFO -   Best Q-Sharpe:  M19 (2.471, OOS_Sharpe=2.471, OOS_Hit=0.552)
2025-09-17 18:06:53,604 - INFO -   Mean OOS Sharpe: 0.163, Mean Hit: 0.510
2025-09-17 18:06:53,604 - INFO - 
2025-09-17 18:06:53,609 - INFO - Stored 100 trained models for production export
2025-09-17 18:06:53,609 - INFO - Processing Fold 2/13
2025-09-17 18:06:53,630 - INFO -   Using multiprocessing with 9 workers
2025-09-17 18:09:23,180 - INFO - Fold 2 Summary:
2025-09-17 18:09:23,185 - INFO -   Best OOS Sharpe: M76 (3.658, p=0.000)
2025-09-17 18:09:23,185 - INFO -   Best Q-Sharpe:  M88 (2.295, OOS_Sharpe=1.949, OOS_Hit=0.558)
2025-09-17 18:09:23,185 - INFO -   Mean OOS Sharpe: 0.731, Mean Hit: 0.530
2025-09-17 18:09:23,185 - INFO - 
2025-09-17 18:09:23,205 - INFO - Stored 100 trained models for production export
2025-09-17 18:09:23,206 - INFO - Processing Fold 3/13
2025-09-17 18:09:23,225 - INFO -   Using multiprocessing with 9 workers
2025-09-17 18:12:16,240 - INFO - Fold 3 Summary:
2025-09-17 18:12:16,242 - INFO -   Best OOS Sharpe: M65 (1.890, p=0.180)
2025-09-17 18:12:16,242 - INFO -   Best Q-Sharpe:  M88 (1.953, OOS_Sharpe=-1.122, OOS_Hit=0.481)
2025-09-17 18:12:16,242 - INFO -   Mean OOS Sharpe: -0.845, Mean Hit: 0.475
2025-09-17 18:12:16,242 - INFO - 
2025-09-17 18:12:16,259 - INFO - Stored 100 trained models for production export
2025-09-17 18:12:16,259 - INFO - Processing Fold 4/13
2025-09-17 18:12:16,289 - INFO -   Using multiprocessing with 9 workers
2025-09-17 18:15:38,466 - INFO - Fold 4 Summary:
2025-09-17 18:15:38,471 - INFO -   Best OOS Sharpe: M66 (2.588, p=0.080)
2025-09-17 18:15:38,471 - INFO -   Best Q-Sharpe:  M88 (1.896, OOS_Sharpe=1.378, OOS_Hit=0.508)
2025-09-17 18:15:38,471 - INFO -   Mean OOS Sharpe: 0.294, Mean Hit: 0.485
2025-09-17 18:15:38,471 - INFO - 
2025-09-17 18:15:38,492 - INFO - Stored 100 trained models for production export
2025-09-17 18:15:38,493 - INFO - Processing Fold 5/13
2025-09-17 18:15:38,516 - INFO -   Using multiprocessing with 9 workers
2025-09-17 18:19:42,442 - INFO - Fold 5 Summary:
2025-09-17 18:19:42,448 - INFO -   Best OOS Sharpe: M76 (3.050, p=0.000)
2025-09-17 18:19:42,448 - INFO -   Best Q-Sharpe:  M88 (1.951, OOS_Sharpe=2.448, OOS_Hit=0.569)
2025-09-17 18:19:42,448 - INFO -   Mean OOS Sharpe: 0.880, Mean Hit: 0.543
2025-09-17 18:19:42,448 - INFO - 
2025-09-17 18:19:42,478 - INFO - Stored 100 trained models for production export
2025-09-17 18:19:42,478 - INFO - Processing Fold 6/13
2025-09-17 18:19:42,506 - INFO -   Using multiprocessing with 9 workers
2025-09-17 18:23:10,873 - INFO - Fold 6 Summary:
2025-09-17 18:23:10,879 - INFO -   Best OOS Sharpe: M09 (2.317, p=0.020)
2025-09-17 18:23:10,879 - INFO -   Best Q-Sharpe:  M88 (1.667, OOS_Sharpe=-0.883, OOS_Hit=0.464)
2025-09-17 18:23:10,879 - INFO -   Mean OOS Sharpe: -0.456, Mean Hit: 0.497
2025-09-17 18:23:10,879 - INFO - 
2025-09-17 18:23:10,908 - INFO - Stored 100 trained models for production export
2025-09-17 18:23:10,908 - INFO - Processing Fold 7/13
2025-09-17 18:23:10,939 - INFO -   Using multiprocessing with 9 workers
2025-09-17 18:26:37,253 - INFO - Fold 7 Summary:
2025-09-17 18:26:37,261 - INFO -   Best OOS Sharpe: M38 (2.197, p=0.040)
2025-09-17 18:26:37,261 - INFO -   Best Q-Sharpe:  M88 (1.620, OOS_Sharpe=1.194, OOS_Hit=0.519)
2025-09-17 18:26:37,261 - INFO -   Mean OOS Sharpe: -0.054, Mean Hit: 0.487
2025-09-17 18:26:37,261 - INFO - 
2025-09-17 18:26:37,295 - INFO - Stored 100 trained models for production export
2025-09-17 18:26:37,296 - INFO - Processing Fold 8/13
2025-09-17 18:26:37,343 - INFO -   Using multiprocessing with 9 workers
2025-09-17 18:29:59,522 - INFO - Fold 8 Summary:
2025-09-17 18:29:59,526 - INFO -   Best OOS Sharpe: M84 (3.830, p=0.000)
2025-09-17 18:29:59,526 - INFO -   Best Q-Sharpe:  M88 (1.538, OOS_Sharpe=0.799, OOS_Hit=0.470)
2025-09-17 18:29:59,526 - INFO -   Mean OOS Sharpe: 1.235, Mean Hit: 0.521
2025-09-17 18:29:59,526 - INFO - 
2025-09-17 18:29:59,561 - INFO - Stored 100 trained models for production export
2025-09-17 18:29:59,561 - INFO - Processing Fold 9/13
2025-09-17 18:29:59,599 - INFO -   Using multiprocessing with 9 workers
2025-09-17 18:33:37,636 - INFO - Fold 9 Summary:
2025-09-17 18:33:37,639 - INFO -   Best OOS Sharpe: M63 (2.532, p=0.020)
2025-09-17 18:33:37,639 - INFO -   Best Q-Sharpe:  M88 (1.631, OOS_Sharpe=2.468, OOS_Hit=0.547)
2025-09-17 18:33:37,639 - INFO -   Mean OOS Sharpe: -0.011, Mean Hit: 0.500
2025-09-17 18:33:37,640 - INFO - 
2025-09-17 18:33:37,683 - INFO - Stored 100 trained models for production export
2025-09-17 18:33:37,683 - INFO - Processing Fold 10/13
2025-09-17 18:33:37,753 - INFO -   Using multiprocessing with 9 workers
2025-09-17 18:37:06,370 - INFO - Fold 10 Summary:
2025-09-17 18:37:06,374 - INFO -   Best OOS Sharpe: M10 (3.220, p=0.000)
2025-09-17 18:37:06,374 - INFO -   Best Q-Sharpe:  M88 (1.600, OOS_Sharpe=1.318, OOS_Hit=0.519)
2025-09-17 18:37:06,374 - INFO -   Mean OOS Sharpe: 0.429, Mean Hit: 0.515
2025-09-17 18:37:06,374 - INFO - 
2025-09-17 18:37:06,400 - INFO - Stored 100 trained models for production export
2025-09-17 18:37:06,401 - INFO - Processing Fold 11/13
2025-09-17 18:37:06,486 - INFO -   Using multiprocessing with 9 workers
2025-09-17 18:41:18,754 - INFO - Fold 11 Summary:
2025-09-17 18:41:18,803 - INFO -   Best OOS Sharpe: M36 (2.107, p=0.060)
2025-09-17 18:41:18,804 - INFO -   Best Q-Sharpe:  M88 (1.238, OOS_Sharpe=-2.021, OOS_Hit=0.436)
2025-09-17 18:41:18,804 - INFO -   Mean OOS Sharpe: 0.080, Mean Hit: 0.515
2025-09-17 18:41:18,804 - INFO - 
2025-09-17 18:41:19,101 - INFO - Stored 100 trained models for production export
2025-09-17 18:41:19,104 - INFO - Processing Fold 12/13
2025-09-17 18:41:19,343 - INFO -   Using multiprocessing with 9 workers
2025-09-17 18:45:27,252 - INFO - Fold 12 Summary:
2025-09-17 18:45:27,283 - INFO -   Best OOS Sharpe: M74 (2.746, p=0.000)
2025-09-17 18:45:27,284 - INFO -   Best Q-Sharpe:  M88 (1.060, OOS_Sharpe=-0.540, OOS_Hit=0.514)
2025-09-17 18:45:27,284 - INFO -   Mean OOS Sharpe: 0.159, Mean Hit: 0.506
2025-09-17 18:45:27,284 - INFO - 
2025-09-17 18:45:27,528 - INFO - Stored 100 trained models for production export
2025-09-17 18:45:27,531 - INFO - Processing Fold 13/13
2025-09-17 18:45:27,723 - INFO -   Using multiprocessing with 9 workers
2025-09-17 18:50:28,897 - INFO - Fold 13 Summary:
2025-09-17 18:50:28,921 - INFO -   Best OOS Sharpe: M74 (1.710, p=0.180)
2025-09-17 18:50:28,921 - INFO -   Best Q-Sharpe:  M88 (0.877, OOS_Sharpe=-0.764, OOS_Hit=0.477)
2025-09-17 18:50:28,921 - INFO -   Mean OOS Sharpe: -0.540, Mean Hit: 0.483
2025-09-17 18:50:28,921 - INFO - 
2025-09-17 18:50:29,113 - INFO - Stored 100 trained models for production export
2025-09-17 18:50:29,118 - INFO - Starting full timeline backtesting...
2025-09-17 18:50:29,126 - INFO - Running full timeline backtest with 13 folds (0-based indexing)
2025-09-17 18:50:29,128 - INFO - Fold 0 skipped (no prior Q-score history for meaningful selection)
2025-09-17 18:50:29,128 - INFO - Effective backtest period: Folds 1-12 (12 folds)
2025-09-17 18:50:29,129 - INFO - Training period: Folds 1-7
2025-09-17 18:50:29,129 - INFO - Production period: Folds 8-12
2025-09-17 18:50:29,130 - INFO - Using consistent OOS methodology for all folds
2025-09-17 18:50:29,137 - INFO - Fold 0: Skipped (no prior Q-score history for meaningful selection)
2025-09-17 18:50:29,137 - INFO - 
--- Processing fold 1/12 ---
2025-09-17 18:50:29,365 - INFO - Fold 1: Q-scores from fold 0: ['M00:-2.056', 'M01:-0.073', 'M02:-0.609', 'M03:0.180', 'M04:0.161']...
2025-09-17 18:50:29,384 - INFO - Fold 1: Selected models [19, 88, 15, 86, 34] based on fold 0 Q-scores, avg Q-score: 1.952
2025-09-17 18:50:29,729 - INFO - Fold 1 (Training): Sharpe=0.198, Hit=50.3%
2025-09-17 18:50:29,731 - INFO - 
--- Processing fold 2/12 ---
2025-09-17 18:50:29,936 - INFO - Fold 2: Q-scores from fold 1: ['M00:-1.753', 'M01:-0.022', 'M02:-0.470', 'M03:0.174', 'M04:0.193']...
2025-09-17 18:50:29,939 - INFO - Fold 2: Selected models [88, 19, 86, 95, 15] based on fold 1 Q-scores, avg Q-score: 1.822
2025-09-17 18:50:29,989 - INFO - Fold 2 (Training): Sharpe=-0.810, Hit=45.3%
2025-09-17 18:50:29,994 - INFO - 
--- Processing fold 3/12 ---
2025-09-17 18:50:30,120 - INFO - Fold 3: Q-scores from fold 2: ['M00:-1.714', 'M01:-0.195', 'M02:-0.395', 'M03:0.190', 'M04:0.209']...
2025-09-17 18:50:30,122 - INFO - Fold 3: Selected models [88, 19, 86, 95, 18] based on fold 2 Q-scores, avg Q-score: 1.562
2025-09-17 18:50:30,161 - INFO - Fold 3 (Training): Sharpe=0.772, Hit=47.0%
2025-09-17 18:50:30,162 - INFO - 
--- Processing fold 4/12 ---
2025-09-17 18:50:30,222 - INFO - Fold 4: Q-scores from fold 3: ['M00:-1.555', 'M01:-0.127', 'M02:-0.305', 'M03:0.214', 'M04:0.163']...
2025-09-17 18:50:30,223 - INFO - Fold 4: Selected models [88, 19, 86, 32, 95] based on fold 3 Q-scores, avg Q-score: 1.501
2025-09-17 18:50:30,274 - INFO - Fold 4 (Training): Sharpe=1.487, Hit=53.6%
2025-09-17 18:50:30,275 - INFO - 
--- Processing fold 5/12 ---
2025-09-17 18:50:30,336 - INFO - Fold 5: Q-scores from fold 4: ['M00:-1.391', 'M01:-0.177', 'M02:-0.156', 'M03:0.268', 'M04:0.347']...
2025-09-17 18:50:30,337 - INFO - Fold 5: Selected models [88, 19, 86, 95, 32] based on fold 4 Q-scores, avg Q-score: 1.508
2025-09-17 18:50:30,377 - INFO - Fold 5 (Training): Sharpe=2.579, Hit=54.7%
2025-09-17 18:50:30,378 - INFO - 
--- Processing fold 6/12 ---
2025-09-17 18:50:30,436 - INFO - Fold 6: Q-scores from fold 5: ['M00:-1.471', 'M01:-0.308', 'M02:-0.225', 'M03:0.105', 'M04:0.160']...
2025-09-17 18:50:30,436 - INFO - Fold 6: Selected models [88, 19, 95, 86, 32] based on fold 5 Q-scores, avg Q-score: 1.298
2025-09-17 18:50:30,486 - INFO - Fold 6 (Training): Sharpe=0.439, Hit=49.7%
2025-09-17 18:50:30,486 - INFO - 
--- Processing fold 7/12 ---
2025-09-17 18:50:30,654 - INFO - Fold 7: Q-scores from fold 6: ['M00:-1.298', 'M01:-0.368', 'M02:-0.180', 'M03:0.119', 'M04:0.153']...
2025-09-17 18:50:30,666 - INFO - Fold 7: Selected models [88, 19, 95, 86, 90] based on fold 6 Q-scores, avg Q-score: 1.183
2025-09-17 18:50:30,785 - INFO - Fold 7 (Training): Sharpe=1.224, Hit=50.3%
2025-09-17 18:50:30,786 - INFO - 
--- Processing fold 8/12 ---
2025-09-17 18:50:30,916 - INFO - Fold 8: Q-scores from fold 7: ['M00:-0.964', 'M01:-0.432', 'M02:-0.055', 'M03:0.171', 'M04:0.219']...
2025-09-17 18:50:30,918 - INFO - Fold 8: Selected models [88, 95, 19, 15, 90] based on fold 7 Q-scores, avg Q-score: 1.182
2025-09-17 18:50:31,008 - INFO - Fold 8 (Production): Sharpe=1.151, Hit=50.3%
2025-09-17 18:50:31,008 - INFO - 
--- Processing fold 9/12 ---
2025-09-17 18:50:31,088 - INFO - Fold 9: Q-scores from fold 8: ['M00:-0.862', 'M01:-0.197', 'M02:-0.197', 'M03:0.370', 'M04:0.094']...
2025-09-17 18:50:31,089 - INFO - Fold 9: Selected models [88, 19, 95, 18, 58] based on fold 8 Q-scores, avg Q-score: 1.193
2025-09-17 18:50:31,124 - INFO - Fold 9 (Production): Sharpe=0.703, Hit=52.5%
2025-09-17 18:50:31,126 - INFO - 
--- Processing fold 10/12 ---
2025-09-17 18:50:31,198 - INFO - Fold 10: Q-scores from fold 9: ['M00:-0.731', 'M01:-0.166', 'M02:-0.340', 'M03:0.285', 'M04:0.150']...
2025-09-17 18:50:31,198 - INFO - Fold 10: Selected models [88, 95, 18, 19, 15] based on fold 9 Q-scores, avg Q-score: 1.109
2025-09-17 18:50:31,231 - INFO - Fold 10 (Production): Sharpe=-0.701, Hit=49.2%
2025-09-17 18:50:31,231 - INFO - 
--- Processing fold 11/12 ---
2025-09-17 18:50:31,355 - INFO - Fold 11: Q-scores from fold 10: ['M00:-0.946', 'M01:-0.173', 'M02:-0.218', 'M03:0.132', 'M04:0.185']...
2025-09-17 18:50:31,359 - INFO - Fold 11: Selected models [88, 18, 95, 38, 90] based on fold 10 Q-scores, avg Q-score: 0.961
2025-09-17 18:50:31,432 - INFO - Fold 11 (Production): Sharpe=-0.522, Hit=48.6%
2025-09-17 18:50:31,432 - INFO - 
--- Processing fold 12/12 ---
2025-09-17 18:50:31,557 - INFO - Fold 12: Q-scores from fold 11: ['M00:-0.944', 'M01:-0.134', 'M02:-0.120', 'M03:0.022', 'M04:0.391']...
2025-09-17 18:50:31,562 - INFO - Fold 12: Selected models [88, 95, 18, 10, 12] based on fold 11 Q-scores, avg Q-score: 0.888
2025-09-17 18:50:31,678 - INFO - Fold 12 (Production): Sharpe=-1.361, Hit=48.7%
2025-09-17 18:50:31,992 - INFO - Training Period Overall: Sharpe=-0.175, Hit=49.5%
2025-09-17 18:50:32,009 - INFO - Production Period Overall: Sharpe=0.067, Hit=49.8%
2025-09-17 18:50:32,030 - INFO - Full Timeline Overall: Sharpe=-0.132, Hit=49.6%
2025-09-17 18:50:32,062 - INFO - Training: Sharpe=-0.175 | Hit=49.5% | Return=-219.37%
2025-09-17 18:50:32,062 - INFO - Production: Sharpe=0.067 | Hit=49.8% | Return=2.97%
2025-09-17 18:50:32,063 - INFO - Full Timeline: Sharpe=-0.132 | Hit=49.6% | Return=-125.90%
2025-09-17 18:50:32,066 - INFO - Generating visualizations...
2025-09-17 18:50:32,069 - INFO - Creating clean visualizations for 100 models...
2025-09-17 18:50:43,509 - INFO - Clean fold-by-fold analysis saved to: 20250917_180458_fold_QCL#C_100models_15folds_rerun_QCL_multiprocessing.png
2025-09-17 18:50:50,817 - INFO - Detailed production analysis saved to: 20250917_180458_backtest_QCL#C_100models_15folds_rerun_QCL_multiprocessing.png
2025-09-17 18:50:50,824 - INFO - ================================================================================
2025-09-17 18:50:50,824 - INFO - BACKTEST SUMMARY
2025-09-17 18:50:50,824 - INFO - ================================================================================
2025-09-17 18:50:50,824 - INFO - Config: Cutoff=70%, Top N=5, Q-Metric=sharpe, Reselection=1 fold(s)
2025-09-17 18:50:50,824 - INFO - Model Selection History:
2025-09-17 18:50:50,825 - INFO -   Fold 1: M19, M88, M15, M86, M34 (Avg Q-sharpe: 1.952)
2025-09-17 18:50:50,825 - INFO -   Fold 2: M88, M19, M86, M95, M15 (Avg Q-sharpe: 1.822)
2025-09-17 18:50:50,825 - INFO -   Fold 3: M88, M19, M86, M95, M18 (Avg Q-sharpe: 1.562)
2025-09-17 18:50:50,825 - INFO -   Fold 4: M88, M19, M86, M32, M95 (Avg Q-sharpe: 1.501)
2025-09-17 18:50:50,825 - INFO -   Fold 5: M88, M19, M86, M95, M32 (Avg Q-sharpe: 1.508)
2025-09-17 18:50:50,825 - INFO -   Fold 6: M88, M19, M95, M86, M32 (Avg Q-sharpe: 1.298)
2025-09-17 18:50:50,825 - INFO -   Fold 7: M88, M19, M95, M86, M90 (Avg Q-sharpe: 1.183)
2025-09-17 18:50:50,825 - INFO -   Fold 8: M88, M95, M19, M15, M90 (Avg Q-sharpe: 1.182)
2025-09-17 18:50:50,826 - INFO -   Fold 9: M88, M19, M95, M18, M58 (Avg Q-sharpe: 1.193)
2025-09-17 18:50:50,826 - INFO -   Fold 10: M88, M95, M18, M19, M15 (Avg Q-sharpe: 1.109)
2025-09-17 18:50:50,826 - INFO -   Fold 11: M88, M18, M95, M38, M90 (Avg Q-sharpe: 0.961)
2025-09-17 18:50:50,826 - INFO -   Fold 12: M88, M95, M18, M10, M12 (Avg Q-sharpe: 0.888)
2025-09-17 18:50:50,826 - INFO - 
2025-09-17 18:50:50,826 - INFO - Fold-by-Fold Performance:
2025-09-17 18:50:50,826 - INFO -   Fold 1: M19, M88, M15, M86, M34 | Sharpe=0.198 | Hit=50.3% | Samples=181
2025-09-17 18:50:50,826 - INFO -   Fold 2: M88, M19, M86, M95, M15 | Sharpe=-0.810 | Hit=45.3% | Samples=181
2025-09-17 18:50:50,826 - INFO -   Fold 3: M88, M19, M86, M95, M18 | Sharpe=0.772 | Hit=47.0% | Samples=181
2025-09-17 18:50:50,826 - INFO -   Fold 4: M88, M19, M86, M32, M95 | Sharpe=1.487 | Hit=53.6% | Samples=181
2025-09-17 18:50:50,826 - INFO -   Fold 5: M88, M19, M86, M95, M32 | Sharpe=2.579 | Hit=54.7% | Samples=181
2025-09-17 18:50:50,826 - INFO -   Fold 6: M88, M19, M95, M86, M32 | Sharpe=0.439 | Hit=49.7% | Samples=181
2025-09-17 18:50:50,827 - INFO -   Fold 7: M88, M19, M95, M86, M90 | Sharpe=1.224 | Hit=50.3% | Samples=181
2025-09-17 18:50:50,827 - INFO -   Fold 8: M88, M95, M19, M15, M90 | Sharpe=1.151 | Hit=50.3% | Samples=181
2025-09-17 18:50:50,827 - INFO -   Fold 9: M88, M19, M95, M18, M58 | Sharpe=0.703 | Hit=52.5% | Samples=181
2025-09-17 18:50:50,827 - INFO -   Fold 10: M88, M95, M18, M19, M15 | Sharpe=-0.701 | Hit=49.2% | Samples=181
2025-09-17 18:50:50,827 - INFO -   Fold 11: M88, M18, M95, M38, M90 | Sharpe=-0.522 | Hit=48.6% | Samples=181
2025-09-17 18:50:50,827 - INFO -   Fold 12: M88, M95, M18, M10, M12 | Sharpe=-1.361 | Hit=48.7% | Samples=195
2025-09-17 18:50:50,827 - INFO - ================================================================================
2025-09-17 18:50:50,827 - INFO - ================================================================================
2025-09-17 18:50:50,827 - INFO - ANALYSIS COMPLETED SUCCESSFULLY!
2025-09-17 18:50:50,827 - INFO - ================================================================================
2025-09-17 18:50:50,827 - INFO - Generated 2 visualization files
2025-09-17 18:50:50,828 - INFO -   - 20250917_180458_fold_QCL#C_100models_15folds_rerun_QCL_multiprocessing.png
2025-09-17 18:50:50,828 - INFO -   - 20250917_180458_backtest_QCL#C_100models_15folds_rerun_QCL_multiprocessing.png
2025-09-17 18:50:50,828 - INFO - Training Final: Sharpe=-0.175 | Hit=49.5% | Return=-219.37% | CB=-0.063
2025-09-17 18:50:50,828 - INFO - Production Final: Sharpe=0.067 | Hit=49.8% | Return=2.97% | CB=0.030
2025-09-17 18:50:50,828 - INFO - Full Timeline Final: Sharpe=-0.132 | Hit=49.6% | Return=-125.90% | CB=-0.036
2025-09-17 18:50:50,830 - INFO - ============================================================
2025-09-17 18:50:50,830 - INFO - EXPORTING PRODUCTION MODELS (Consolidated File)
2025-09-17 18:50:50,830 - INFO - ============================================================
2025-09-17 18:50:50,830 - INFO - Backtest results keys: ['full_timeline_metrics', 'training_metrics', 'production_metrics', 'model_selection_history', 'fold_results', 'full_timeline_returns', 'training_returns', 'production_returns', 'full_timeline_predictions', 'full_timeline_dates', 'cutoff_fold', 'training_folds', 'production_folds']
2025-09-17 18:50:50,830 - INFO - Model selection history length: 12
2025-09-17 18:50:50,830 - INFO - Final selection keys: ['fold', 'selection_based_on_fold', 'selected_models', 'avg_q_score', 'period_type']
2025-09-17 18:50:50,830 - INFO - Final fold selected models: [88, 95, 18, 10, 12]
2025-09-17 18:50:50,830 - INFO - All fold results type: <class 'dict'>
2025-09-17 18:50:50,831 - INFO - All fold results keys/length: ['fold_1', 'fold_2', 'fold_3', 'fold_4', 'fold_5', 'fold_6', 'fold_7', 'fold_8', 'fold_9', 'fold_10', 'fold_11', 'fold_12', 'fold_13']
2025-09-17 18:50:50,831 - INFO - Available fold indices: [0, 1, 2, 3, 4, 5, 6, 7, 8, 9, 10, 11, 12]
2025-09-17 18:50:50,831 - INFO - Using fold index 11 (key: fold_12) as production fold
2025-09-17 18:50:50,831 - INFO - Final fold keys: ['results_df', 'model_metrics', 'oos_predictions', 'test_idx', 'trained_models', 'model_specs']
2025-09-17 18:50:50,831 - INFO - Trained models available: [0, 1, 2, 3, 4, 5, 6, 7, 8, 9, 10, 11, 12, 13, 14, 15, 16, 17, 18, 19, 20, 21, 22, 23, 24, 25, 26, 27, 28, 29, 30, 31, 32, 33, 34, 35, 36, 37, 38, 39, 40, 41, 42, 43, 44, 45, 46, 47, 48, 49, 50, 51, 52, 53, 54, 55, 56, 57, 58, 59, 60, 61, 62, 63, 64, 65, 66, 67, 68, 69, 70, 71, 72, 73, 74, 75, 76, 77, 78, 79, 80, 81, 82, 83, 84, 85, 86, 87, 88, 89, 90, 91, 92, 93, 94, 95, 96, 97, 98, 99]
2025-09-17 18:50:50,831 - INFO - Added model M88 -> model_01 with all 100 features (framework standard)
2025-09-17 18:50:50,831 - INFO - Added model M95 -> model_02 with all 100 features (framework standard)
2025-09-17 18:50:50,831 - INFO - Added model M18 -> model_03 with all 100 features (framework standard)
2025-09-17 18:50:50,832 - INFO - Added model M10 -> model_04 with all 100 features (framework standard)
2025-09-17 18:50:50,832 - INFO - Added model M12 -> model_05 with all 100 features (framework standard)
2025-09-17 18:50:50,832 - INFO - Extracted 5 selected models
2025-09-17 18:50:50,993 - INFO - SUCCESS: Exported 5 selected models to /Users/steven/Projects/SQ/bond_ls_xgb_grope_full_v6/PROD/models/QCL#C_20250917_180458.pkl
2025-09-17 18:50:50,993 - INFO - File size: 1,826,362 bytes
2025-09-17 18:50:50,993 - INFO - Selected features: 100 features
2025-09-17 18:50:50,993 - INFO - Selected models: [88, 95, 18, 10, 12]
2025-09-17 18:50:50,993 - INFO - ============================================================
2025-09-17 18:50:50,993 - INFO - EXPORTING SIGNAL DISTRIBUTION
2025-09-17 18:50:50,993 - INFO - ============================================================
2025-09-17 18:50:50,993 - INFO - Timeline data: 2186 points
2025-09-17 18:50:51,139 - INFO - SUCCESS: Exported signal distribution to /Users/steven/Projects/SQ/bond_ls_xgb_grope_full_v6/xgb_compare/results/20250917_180458_signal_distribution_rerun_QCL_multiprocessing.csv
2025-09-17 18:50:51,139 - INFO - Records: 2,186
2025-09-17 18:50:51,141 - INFO - Date range: 2017-02-09 12:00:00 to 2025-07-30 12:00:00
2025-09-17 18:50:51,147 - INFO - Signal directions: {1: 1159, -1: 1027}
2025-09-17 18:50:51,147 - INFO - Signal range: -1.000000 to 1.000000
2025-09-17 18:50:51,147 - INFO - Hit rate: 0.530
2025-09-17 18:50:51,148 - INFO - Total PnL: 17.314328
