2025-09-17 16:49:06,912 - INFO - ================================================================================
2025-09-17 16:49:06,912 - INFO - XGBoost Comparison Framework
2025-09-17 16:49:06,912 - INFO - ================================================================================
2025-09-17 16:49:06,912 - INFO - Configuration:
2025-09-17 16:49:06,912 - INFO -   Target Symbol: @KW#C
2025-09-17 16:49:06,912 - INFO -   Date Range: 2015-01-01 to 2025-08-01
2025-09-17 16:49:06,912 - INFO -   Models: 100, Type: standard
2025-09-17 16:49:06,912 - INFO -   Folds: 15
2025-09-17 16:49:06,912 - INFO -   Max Features: 100 (Limited)
2025-09-17 16:49:06,912 - INFO -   Feature Selection: Enabled
2025-09-17 16:49:06,912 - INFO -   Inner Val Fraction: 0.2
2025-09-17 16:49:06,912 - INFO -   EWMA Alpha: 0.1, Quality Halflife: 63 days
2025-09-17 16:49:06,912 - INFO -   Signal Type: Binary (+1/-1)
2025-09-17 16:49:06,912 - INFO -   Cross-validation: Expanding window
2025-09-17 16:49:06,912 - INFO -   Production: Cutoff=0.6, Top N=5, Q-Metric=sharpe
2025-09-17 16:49:06,912 - INFO -   Reselection: Every 1 fold(s)
2025-09-17 16:49:06,912 - INFO - 
2025-09-17 16:49:11,389 - INFO - Dropped 74 rows due to NaN in target column @KW#C_target_return
2025-09-17 16:49:11,486 - INFO - Loaded: X=(2661, 1906), y=(2661,)
2025-09-17 16:49:48,124 - INFO - Selected 100 features (threshold: 0.7)
2025-09-17 16:49:48,137 - INFO - Selected: 100 features
2025-09-17 16:49:48,172 - INFO - GPU detection: XGBoost not compiled with CUDA support - using CPU
2025-09-17 16:49:48,172 - INFO - Processing mode: CPU multiprocessing (GPU: False, Total models: 1500)
2025-09-17 16:49:48,179 - INFO - GPU detection: XGBoost not compiled with CUDA support - using CPU
2025-09-17 16:49:48,182 - INFO - Using expanding window
2025-09-17 16:49:48,182 - INFO - Starting analysis: 100 standard models x 13 folds
2025-09-17 16:49:48,182 - INFO - Processing Fold 1/13
2025-09-17 16:49:48,189 - INFO -   Using multiprocessing with 9 workers
2025-09-17 16:51:12,843 - INFO - Fold 1 Summary:
2025-09-17 16:51:12,844 - INFO -   Best OOS Sharpe: M17 (2.157, p=0.060)
2025-09-17 16:51:12,844 - INFO -   Best Q-Sharpe:  M17 (2.157, OOS_Sharpe=2.157, OOS_Hit=0.531)
2025-09-17 16:51:12,844 - INFO -   Mean OOS Sharpe: -0.470, Mean Hit: 0.482
2025-09-17 16:51:12,844 - INFO - 
2025-09-17 16:51:12,863 - INFO - Stored 100 trained models for production export
2025-09-17 16:51:12,863 - INFO - Processing Fold 2/13
2025-09-17 16:51:12,875 - INFO -   Using multiprocessing with 9 workers
2025-09-17 16:53:16,962 - INFO - Fold 2 Summary:
2025-09-17 16:53:16,964 - INFO -   Best OOS Sharpe: M83 (2.892, p=0.000)
2025-09-17 16:53:16,964 - INFO -   Best Q-Sharpe:  M17 (2.097, OOS_Sharpe=1.551, OOS_Hit=0.508)
2025-09-17 16:53:16,964 - INFO -   Mean OOS Sharpe: 0.663, Mean Hit: 0.482
2025-09-17 16:53:16,964 - INFO - 
2025-09-17 16:53:16,980 - INFO - Stored 100 trained models for production export
2025-09-17 16:53:16,980 - INFO - Processing Fold 3/13
2025-09-17 16:53:16,996 - INFO -   Using multiprocessing with 9 workers
2025-09-17 16:55:22,541 - INFO - Fold 3 Summary:
2025-09-17 16:55:22,544 - INFO -   Best OOS Sharpe: M57 (3.249, p=0.000)
2025-09-17 16:55:22,544 - INFO -   Best Q-Sharpe:  M17 (1.810, OOS_Sharpe=-0.772, OOS_Hit=0.458)
2025-09-17 16:55:22,544 - INFO -   Mean OOS Sharpe: 1.104, Mean Hit: 0.505
2025-09-17 16:55:22,544 - INFO - 
2025-09-17 16:55:22,567 - INFO - Stored 100 trained models for production export
2025-09-17 16:55:22,568 - INFO - Processing Fold 4/13
2025-09-17 16:55:22,599 - INFO -   Using multiprocessing with 9 workers
2025-09-17 16:57:41,967 - INFO - Fold 4 Summary:
2025-09-17 16:57:41,968 - INFO -   Best OOS Sharpe: M55 (1.836, p=0.120)
2025-09-17 16:57:41,968 - INFO -   Best Q-Sharpe:  M17 (1.374, OOS_Sharpe=-2.546, OOS_Hit=0.373)
2025-09-17 16:57:41,968 - INFO -   Mean OOS Sharpe: -0.062, Mean Hit: 0.466
2025-09-17 16:57:41,968 - INFO - 
2025-09-17 16:57:41,991 - INFO - Stored 100 trained models for production export
2025-09-17 16:57:41,991 - INFO - Processing Fold 5/13
2025-09-17 16:57:42,017 - INFO -   Using multiprocessing with 9 workers
2025-09-17 17:00:24,526 - INFO - Fold 5 Summary:
2025-09-17 17:00:24,528 - INFO -   Best OOS Sharpe: M85 (4.383, p=0.000)
2025-09-17 17:00:24,528 - INFO -   Best Q-Sharpe:  M88 (1.343, OOS_Sharpe=2.902, OOS_Hit=0.571)
2025-09-17 17:00:24,529 - INFO -   Mean OOS Sharpe: 1.505, Mean Hit: 0.544
2025-09-17 17:00:24,529 - INFO - 
2025-09-17 17:00:24,549 - INFO - Stored 100 trained models for production export
2025-09-17 17:00:24,549 - INFO - Processing Fold 6/13
2025-09-17 17:00:24,567 - INFO -   Using multiprocessing with 9 workers
2025-09-17 17:03:21,260 - INFO - Fold 6 Summary:
2025-09-17 17:03:21,263 - INFO -   Best OOS Sharpe: M58 (2.704, p=0.040)
2025-09-17 17:03:21,263 - INFO -   Best Q-Sharpe:  M88 (1.336, OOS_Sharpe=1.272, OOS_Hit=0.497)
2025-09-17 17:03:21,263 - INFO -   Mean OOS Sharpe: 0.635, Mean Hit: 0.503
2025-09-17 17:03:21,263 - INFO - 
2025-09-17 17:03:21,281 - INFO - Stored 100 trained models for production export
2025-09-17 17:03:21,281 - INFO - Processing Fold 7/13
2025-09-17 17:03:21,307 - INFO -   Using multiprocessing with 9 workers
2025-09-17 17:06:38,378 - INFO - Fold 7 Summary:
2025-09-17 17:06:38,383 - INFO -   Best OOS Sharpe: M54 (2.184, p=0.080)
2025-09-17 17:06:38,383 - INFO -   Best Q-Sharpe:  M82 (1.217, OOS_Sharpe=0.508, OOS_Hit=0.514)
2025-09-17 17:06:38,383 - INFO -   Mean OOS Sharpe: 0.060, Mean Hit: 0.506
2025-09-17 17:06:38,383 - INFO - 
2025-09-17 17:06:38,420 - INFO - Stored 100 trained models for production export
2025-09-17 17:06:38,420 - INFO - Processing Fold 8/13
2025-09-17 17:06:38,441 - INFO -   Using multiprocessing with 9 workers
2025-09-17 17:09:48,134 - INFO - Fold 8 Summary:
2025-09-17 17:09:48,138 - INFO -   Best OOS Sharpe: M43 (3.216, p=0.000)
2025-09-17 17:09:48,138 - INFO -   Best Q-Sharpe:  M14 (1.183, OOS_Sharpe=2.078, OOS_Hit=0.559)
2025-09-17 17:09:48,138 - INFO -   Mean OOS Sharpe: 0.730, Mean Hit: 0.539
2025-09-17 17:09:48,138 - INFO - 
2025-09-17 17:09:48,169 - INFO - Stored 100 trained models for production export
2025-09-17 17:09:48,170 - INFO - Processing Fold 9/13
2025-09-17 17:09:48,196 - INFO -   Using multiprocessing with 9 workers
2025-09-17 17:13:09,102 - INFO - Fold 9 Summary:
2025-09-17 17:13:09,113 - INFO -   Best OOS Sharpe: M12 (5.278, p=0.000)
2025-09-17 17:13:09,113 - INFO -   Best Q-Sharpe:  M82 (1.220, OOS_Sharpe=1.693, OOS_Hit=0.514)
2025-09-17 17:13:09,113 - INFO -   Mean OOS Sharpe: 2.286, Mean Hit: 0.544
2025-09-17 17:13:09,113 - INFO - 
2025-09-17 17:13:09,155 - INFO - Stored 100 trained models for production export
2025-09-17 17:13:09,157 - INFO - Processing Fold 10/13
2025-09-17 17:13:09,204 - INFO -   Using multiprocessing with 9 workers
2025-09-17 17:17:07,842 - INFO - Fold 10 Summary:
2025-09-17 17:17:07,849 - INFO -   Best OOS Sharpe: M06 (3.411, p=0.000)
2025-09-17 17:17:07,849 - INFO -   Best Q-Sharpe:  M82 (1.300, OOS_Sharpe=2.022, OOS_Hit=0.520)
2025-09-17 17:17:07,849 - INFO -   Mean OOS Sharpe: 0.909, Mean Hit: 0.521
2025-09-17 17:17:07,849 - INFO - 
2025-09-17 17:17:07,893 - INFO - Stored 100 trained models for production export
2025-09-17 17:17:07,894 - INFO - Processing Fold 11/13
2025-09-17 17:17:07,925 - INFO -   Using multiprocessing with 9 workers
2025-09-17 17:20:10,483 - INFO - Fold 11 Summary:
2025-09-17 17:20:10,488 - INFO -   Best OOS Sharpe: M60 (3.017, p=0.040)
2025-09-17 17:20:10,488 - INFO -   Best Q-Sharpe:  M82 (1.200, OOS_Sharpe=0.298, OOS_Hit=0.537)
2025-09-17 17:20:10,488 - INFO -   Mean OOS Sharpe: 0.778, Mean Hit: 0.509
2025-09-17 17:20:10,488 - INFO - 
2025-09-17 17:20:10,530 - INFO - Stored 100 trained models for production export
2025-09-17 17:20:10,531 - INFO - Processing Fold 12/13
2025-09-17 17:20:10,558 - INFO -   Using multiprocessing with 9 workers
2025-09-17 17:22:51,830 - INFO - Fold 12 Summary:
2025-09-17 17:22:51,834 - INFO -   Best OOS Sharpe: M53 (3.612, p=0.000)
2025-09-17 17:22:51,834 - INFO -   Best Q-Sharpe:  M34 (1.323, OOS_Sharpe=2.680, OOS_Hit=0.554)
2025-09-17 17:22:51,834 - INFO -   Mean OOS Sharpe: 1.651, Mean Hit: 0.539
2025-09-17 17:22:51,834 - INFO - 
2025-09-17 17:22:51,879 - INFO - Stored 100 trained models for production export
2025-09-17 17:22:51,880 - INFO - Processing Fold 13/13
2025-09-17 17:22:51,906 - INFO -   Using multiprocessing with 9 workers
2025-09-17 17:25:07,555 - INFO - Fold 13 Summary:
2025-09-17 17:25:07,560 - INFO -   Best OOS Sharpe: M38 (2.643, p=0.060)
2025-09-17 17:25:07,560 - INFO -   Best Q-Sharpe:  M34 (1.242, OOS_Sharpe=0.513, OOS_Hit=0.459)
2025-09-17 17:25:07,560 - INFO -   Mean OOS Sharpe: 0.144, Mean Hit: 0.487
2025-09-17 17:25:07,560 - INFO - 
2025-09-17 17:25:07,621 - INFO - Stored 100 trained models for production export
2025-09-17 17:25:07,623 - INFO - Starting full timeline backtesting...
2025-09-17 17:25:07,630 - INFO - Running full timeline backtest with 13 folds (0-based indexing)
2025-09-17 17:25:07,631 - INFO - Fold 0 skipped (no prior Q-score history for meaningful selection)
2025-09-17 17:25:07,632 - INFO - Effective backtest period: Folds 1-12 (12 folds)
2025-09-17 17:25:07,632 - INFO - Training period: Folds 1-7
2025-09-17 17:25:07,632 - INFO - Production period: Folds 8-12
2025-09-17 17:25:07,632 - INFO - Using consistent OOS methodology for all folds
2025-09-17 17:25:07,634 - INFO - Fold 0: Skipped (no prior Q-score history for meaningful selection)
2025-09-17 17:25:07,634 - INFO - 
--- Processing fold 1/12 ---
2025-09-17 17:25:07,738 - INFO - Fold 1: Q-scores from fold 0: ['M00:-1.342', 'M01:0.655', 'M02:-0.722', 'M03:0.992', 'M04:-0.094']...
2025-09-17 17:25:07,739 - INFO - Fold 1: Selected models [17, 82, 88, 25, 3] based on fold 0 Q-scores, avg Q-score: 1.363
2025-09-17 17:25:07,799 - INFO - Fold 1 (Training): Sharpe=1.167, Hit=48.6%
2025-09-17 17:25:07,799 - INFO - 
--- Processing fold 2/12 ---
2025-09-17 17:25:07,941 - INFO - Fold 2: Q-scores from fold 1: ['M00:-1.240', 'M01:0.529', 'M02:-0.627', 'M03:1.036', 'M04:-0.073']...
2025-09-17 17:25:07,944 - INFO - Fold 2: Selected models [17, 82, 88, 14, 3] based on fold 1 Q-scores, avg Q-score: 1.346
2025-09-17 17:25:07,954 - INFO - Fold 2 (Training): Sharpe=1.269, Hit=50.3%
2025-09-17 17:25:07,954 - INFO - 
--- Processing fold 3/12 ---
2025-09-17 17:25:08,013 - INFO - Fold 3: Q-scores from fold 2: ['M00:-1.156', 'M01:0.721', 'M02:-0.301', 'M03:0.955', 'M04:0.067']...
2025-09-17 17:25:08,017 - INFO - Fold 3: Selected models [17, 82, 88, 14, 25] based on fold 2 Q-scores, avg Q-score: 1.282
2025-09-17 17:25:08,025 - INFO - Fold 3 (Training): Sharpe=-0.422, Hit=42.9%
2025-09-17 17:25:08,025 - INFO - 
--- Processing fold 4/12 ---
2025-09-17 17:25:08,213 - INFO - Fold 4: Q-scores from fold 3: ['M00:-1.054', 'M01:0.707', 'M02:-0.341', 'M03:0.939', 'M04:0.108']...
2025-09-17 17:25:08,213 - INFO - Fold 4: Selected models [17, 82, 88, 14, 3] based on fold 3 Q-scores, avg Q-score: 1.128
2025-09-17 17:25:08,223 - INFO - Fold 4 (Training): Sharpe=1.814, Hit=54.2%
2025-09-17 17:25:08,223 - INFO - 
--- Processing fold 5/12 ---
2025-09-17 17:25:08,271 - INFO - Fold 5: Q-scores from fold 4: ['M00:-0.932', 'M01:0.496', 'M02:-0.110', 'M03:0.953', 'M04:0.321']...
2025-09-17 17:25:08,272 - INFO - Fold 5: Selected models [88, 82, 17, 14, 3] based on fold 4 Q-scores, avg Q-score: 1.176
2025-09-17 17:25:08,280 - INFO - Fold 5 (Training): Sharpe=0.516, Hit=50.3%
2025-09-17 17:25:08,280 - INFO - 
--- Processing fold 6/12 ---
2025-09-17 17:25:08,356 - INFO - Fold 6: Q-scores from fold 5: ['M00:-0.663', 'M01:0.471', 'M02:-0.185', 'M03:0.906', 'M04:0.266']...
2025-09-17 17:25:08,356 - INFO - Fold 6: Selected models [88, 82, 17, 10, 14] based on fold 5 Q-scores, avg Q-score: 1.151
2025-09-17 17:25:08,365 - INFO - Fold 6 (Training): Sharpe=-0.570, Hit=52.0%
2025-09-17 17:25:08,365 - INFO - 
--- Processing fold 7/12 ---
2025-09-17 17:25:08,381 - INFO - Fold 7: Q-scores from fold 6: ['M00:-0.492', 'M01:0.276', 'M02:-0.243', 'M03:0.677', 'M04:0.187']...
2025-09-17 17:25:08,381 - INFO - Fold 7: Selected models [82, 14, 17, 88, 10] based on fold 6 Q-scores, avg Q-score: 1.069
2025-09-17 17:25:08,389 - INFO - Fold 7 (Training): Sharpe=0.761, Hit=51.4%
2025-09-17 17:25:08,389 - INFO - 
--- Processing fold 8/12 ---
2025-09-17 17:25:08,406 - INFO - Fold 8: Q-scores from fold 7: ['M00:-0.394', 'M01:0.376', 'M02:-0.198', 'M03:0.601', 'M04:0.256']...
2025-09-17 17:25:08,406 - INFO - Fold 8: Selected models [14, 82, 43, 88, 10] based on fold 7 Q-scores, avg Q-score: 1.026
2025-09-17 17:25:08,416 - INFO - Fold 8 (Production): Sharpe=3.395, Hit=55.4%
2025-09-17 17:25:08,416 - INFO - 
--- Processing fold 9/12 ---
2025-09-17 17:25:08,460 - INFO - Fold 9: Q-scores from fold 8: ['M00:0.079', 'M01:0.567', 'M02:0.100', 'M03:0.701', 'M04:0.499']...
2025-09-17 17:25:08,461 - INFO - Fold 9: Selected models [82, 14, 43, 34, 88] based on fold 8 Q-scores, avg Q-score: 1.138
2025-09-17 17:25:08,472 - INFO - Fold 9 (Production): Sharpe=1.264, Hit=52.5%
2025-09-17 17:25:08,472 - INFO - 
--- Processing fold 10/12 ---
2025-09-17 17:25:08,542 - INFO - Fold 10: Q-scores from fold 9: ['M00:0.276', 'M01:0.504', 'M02:0.157', 'M03:0.656', 'M04:0.623']...
2025-09-17 17:25:08,543 - INFO - Fold 10: Selected models [82, 34, 43, 88, 23] based on fold 9 Q-scores, avg Q-score: 1.143
2025-09-17 17:25:08,550 - INFO - Fold 10 (Production): Sharpe=0.382, Hit=50.3%
2025-09-17 17:25:08,550 - INFO - 
--- Processing fold 11/12 ---
2025-09-17 17:25:08,649 - INFO - Fold 11: Q-scores from fold 10: ['M00:0.480', 'M01:0.532', 'M02:0.213', 'M03:0.727', 'M04:0.554']...
2025-09-17 17:25:08,649 - INFO - Fold 11: Selected models [82, 34, 23, 43, 69] based on fold 10 Q-scores, avg Q-score: 1.085
2025-09-17 17:25:08,651 - INFO - Fold 11 (Production): Sharpe=1.289, Hit=52.0%
2025-09-17 17:25:08,651 - INFO - 
--- Processing fold 12/12 ---
2025-09-17 17:25:08,668 - INFO - Fold 12: Q-scores from fold 11: ['M00:0.496', 'M01:0.763', 'M02:0.269', 'M03:0.807', 'M04:0.632']...
2025-09-17 17:25:08,668 - INFO - Fold 12: Selected models [34, 82, 23, 53, 79] based on fold 11 Q-scores, avg Q-score: 1.158
2025-09-17 17:25:08,669 - INFO - Fold 12 (Production): Sharpe=0.330, Hit=47.0%
2025-09-17 17:25:08,676 - INFO - Training Period Overall: Sharpe=0.631, Hit=50.0%
2025-09-17 17:25:08,678 - INFO - Production Period Overall: Sharpe=1.571, Hit=51.4%
2025-09-17 17:25:08,682 - INFO - Full Timeline Overall: Sharpe=1.093, Hit=50.6%
2025-09-17 17:25:08,683 - INFO - Training: Sharpe=0.631 | Hit=50.0% | Return=15.96%
2025-09-17 17:25:08,683 - INFO - Production: Sharpe=1.571 | Hit=51.4% | Return=58.28%
2025-09-17 17:25:08,683 - INFO - Full Timeline: Sharpe=1.093 | Hit=50.6% | Return=33.66%
2025-09-17 17:25:08,684 - INFO - Generating visualizations...
2025-09-17 17:25:08,685 - INFO - Creating clean visualizations for 100 models...
2025-09-17 17:25:13,921 - INFO - Clean fold-by-fold analysis saved to: 20250917_164906_fold_@KW#C_100models_15folds_rerun_KW_multiprocessing.png
2025-09-17 17:25:17,990 - INFO - Detailed production analysis saved to: 20250917_164906_backtest_@KW#C_100models_15folds_rerun_KW_multiprocessing.png
2025-09-17 17:25:17,994 - INFO - ================================================================================
2025-09-17 17:25:17,994 - INFO - BACKTEST SUMMARY
2025-09-17 17:25:17,994 - INFO - ================================================================================
2025-09-17 17:25:17,994 - INFO - Config: Cutoff=70%, Top N=5, Q-Metric=sharpe, Reselection=1 fold(s)
2025-09-17 17:25:17,994 - INFO - Model Selection History:
2025-09-17 17:25:17,994 - INFO -   Fold 1: M17, M82, M88, M25, M03 (Avg Q-sharpe: 1.363)
2025-09-17 17:25:17,994 - INFO -   Fold 2: M17, M82, M88, M14, M03 (Avg Q-sharpe: 1.346)
2025-09-17 17:25:17,994 - INFO -   Fold 3: M17, M82, M88, M14, M25 (Avg Q-sharpe: 1.282)
2025-09-17 17:25:17,994 - INFO -   Fold 4: M17, M82, M88, M14, M03 (Avg Q-sharpe: 1.128)
2025-09-17 17:25:17,994 - INFO -   Fold 5: M88, M82, M17, M14, M03 (Avg Q-sharpe: 1.176)
2025-09-17 17:25:17,994 - INFO -   Fold 6: M88, M82, M17, M10, M14 (Avg Q-sharpe: 1.151)
2025-09-17 17:25:17,994 - INFO -   Fold 7: M82, M14, M17, M88, M10 (Avg Q-sharpe: 1.069)
2025-09-17 17:25:17,994 - INFO -   Fold 8: M14, M82, M43, M88, M10 (Avg Q-sharpe: 1.026)
2025-09-17 17:25:17,994 - INFO -   Fold 9: M82, M14, M43, M34, M88 (Avg Q-sharpe: 1.138)
2025-09-17 17:25:17,994 - INFO -   Fold 10: M82, M34, M43, M88, M23 (Avg Q-sharpe: 1.143)
2025-09-17 17:25:17,994 - INFO -   Fold 11: M82, M34, M23, M43, M69 (Avg Q-sharpe: 1.085)
2025-09-17 17:25:17,994 - INFO -   Fold 12: M34, M82, M23, M53, M79 (Avg Q-sharpe: 1.158)
2025-09-17 17:25:17,994 - INFO - 
2025-09-17 17:25:17,994 - INFO - Fold-by-Fold Performance:
2025-09-17 17:25:17,994 - INFO -   Fold 1: M17, M82, M88, M25, M03 | Sharpe=1.167 | Hit=48.6% | Samples=177
2025-09-17 17:25:17,994 - INFO -   Fold 2: M17, M82, M88, M14, M03 | Sharpe=1.269 | Hit=50.3% | Samples=177
2025-09-17 17:25:17,994 - INFO -   Fold 3: M17, M82, M88, M14, M25 | Sharpe=-0.422 | Hit=42.9% | Samples=177
2025-09-17 17:25:17,994 - INFO -   Fold 4: M17, M82, M88, M14, M03 | Sharpe=1.814 | Hit=54.2% | Samples=177
2025-09-17 17:25:17,994 - INFO -   Fold 5: M88, M82, M17, M14, M03 | Sharpe=0.516 | Hit=50.3% | Samples=177
2025-09-17 17:25:17,994 - INFO -   Fold 6: M88, M82, M17, M10, M14 | Sharpe=-0.570 | Hit=52.0% | Samples=177
2025-09-17 17:25:17,994 - INFO -   Fold 7: M82, M14, M17, M88, M10 | Sharpe=0.761 | Hit=51.4% | Samples=177
2025-09-17 17:25:17,994 - INFO -   Fold 8: M14, M82, M43, M88, M10 | Sharpe=3.395 | Hit=55.4% | Samples=177
2025-09-17 17:25:17,994 - INFO -   Fold 9: M82, M14, M43, M34, M88 | Sharpe=1.264 | Hit=52.5% | Samples=177
2025-09-17 17:25:17,994 - INFO -   Fold 10: M82, M34, M43, M88, M23 | Sharpe=0.382 | Hit=50.3% | Samples=177
2025-09-17 17:25:17,995 - INFO -   Fold 11: M82, M34, M23, M43, M69 | Sharpe=1.289 | Hit=52.0% | Samples=177
2025-09-17 17:25:17,995 - INFO -   Fold 12: M34, M82, M23, M53, M79 | Sharpe=0.330 | Hit=47.0% | Samples=183
2025-09-17 17:25:17,995 - INFO - ================================================================================
2025-09-17 17:25:17,995 - INFO - ================================================================================
2025-09-17 17:25:17,995 - INFO - ANALYSIS COMPLETED SUCCESSFULLY!
2025-09-17 17:25:17,995 - INFO - ================================================================================
2025-09-17 17:25:17,995 - INFO - Generated 2 visualization files
2025-09-17 17:25:17,995 - INFO -   - 20250917_164906_fold_@KW#C_100models_15folds_rerun_KW_multiprocessing.png
2025-09-17 17:25:17,995 - INFO -   - 20250917_164906_backtest_@KW#C_100models_15folds_rerun_KW_multiprocessing.png
2025-09-17 17:25:17,995 - INFO - Training Final: Sharpe=0.631 | Hit=50.0% | Return=15.96% | CB=0.527
2025-09-17 17:25:17,995 - INFO - Production Final: Sharpe=1.571 | Hit=51.4% | Return=58.28% | CB=1.736
2025-09-17 17:25:17,995 - INFO - Full Timeline Final: Sharpe=1.093 | Hit=50.6% | Return=33.66% | CB=1.003
2025-09-17 17:25:17,995 - INFO - ============================================================
2025-09-17 17:25:17,995 - INFO - EXPORTING PRODUCTION MODELS (Consolidated File)
2025-09-17 17:25:17,995 - INFO - ============================================================
2025-09-17 17:25:17,995 - INFO - Backtest results keys: ['full_timeline_metrics', 'training_metrics', 'production_metrics', 'model_selection_history', 'fold_results', 'full_timeline_returns', 'training_returns', 'production_returns', 'full_timeline_predictions', 'full_timeline_dates', 'cutoff_fold', 'training_folds', 'production_folds']
2025-09-17 17:25:17,995 - INFO - Model selection history length: 12
2025-09-17 17:25:17,996 - INFO - Final selection keys: ['fold', 'selection_based_on_fold', 'selected_models', 'avg_q_score', 'period_type']
2025-09-17 17:25:17,996 - INFO - Final fold selected models: [34, 82, 23, 53, 79]
2025-09-17 17:25:17,996 - INFO - All fold results type: <class 'dict'>
2025-09-17 17:25:17,996 - INFO - All fold results keys/length: ['fold_1', 'fold_2', 'fold_3', 'fold_4', 'fold_5', 'fold_6', 'fold_7', 'fold_8', 'fold_9', 'fold_10', 'fold_11', 'fold_12', 'fold_13']
2025-09-17 17:25:17,996 - INFO - Available fold indices: [0, 1, 2, 3, 4, 5, 6, 7, 8, 9, 10, 11, 12]
2025-09-17 17:25:17,996 - INFO - Using fold index 11 (key: fold_12) as production fold
2025-09-17 17:25:17,996 - INFO - Final fold keys: ['results_df', 'model_metrics', 'oos_predictions', 'test_idx', 'trained_models', 'model_specs']
2025-09-17 17:25:17,996 - INFO - Trained models available: [0, 1, 2, 3, 4, 5, 6, 7, 8, 9, 10, 11, 12, 13, 14, 15, 16, 17, 18, 19, 20, 21, 22, 23, 24, 25, 26, 27, 28, 29, 30, 31, 32, 33, 34, 35, 36, 37, 38, 39, 40, 41, 42, 43, 44, 45, 46, 47, 48, 49, 50, 51, 52, 53, 54, 55, 56, 57, 58, 59, 60, 61, 62, 63, 64, 65, 66, 67, 68, 69, 70, 71, 72, 73, 74, 75, 76, 77, 78, 79, 80, 81, 82, 83, 84, 85, 86, 87, 88, 89, 90, 91, 92, 93, 94, 95, 96, 97, 98, 99]
2025-09-17 17:25:17,996 - INFO - Added model M34 -> model_01 with all 100 features (framework standard)
2025-09-17 17:25:17,996 - INFO - Added model M82 -> model_02 with all 100 features (framework standard)
2025-09-17 17:25:17,996 - INFO - Added model M23 -> model_03 with all 100 features (framework standard)
2025-09-17 17:25:17,996 - INFO - Added model M53 -> model_04 with all 100 features (framework standard)
2025-09-17 17:25:17,996 - INFO - Added model M79 -> model_05 with all 100 features (framework standard)
2025-09-17 17:25:17,996 - INFO - Extracted 5 selected models
2025-09-17 17:25:18,073 - INFO - SUCCESS: Exported 5 selected models to /Users/steven/Projects/SQ/bond_ls_xgb_grope_full_v6/PROD/models/@KW#C_20250917_164906.pkl
2025-09-17 17:25:18,074 - INFO - File size: 1,092,241 bytes
2025-09-17 17:25:18,074 - INFO - Selected features: 100 features
2025-09-17 17:25:18,074 - INFO - Selected models: [34, 82, 23, 53, 79]
2025-09-17 17:25:18,075 - INFO - ============================================================
2025-09-17 17:25:18,076 - INFO - EXPORTING SIGNAL DISTRIBUTION
2025-09-17 17:25:18,076 - INFO - ============================================================
2025-09-17 17:25:18,076 - INFO - Timeline data: 2130 points
2025-09-17 17:25:18,193 - INFO - SUCCESS: Exported signal distribution to /Users/steven/Projects/SQ/bond_ls_xgb_grope_full_v6/xgb_compare/results/20250917_164906_signal_distribution_rerun_KW_multiprocessing.csv
2025-09-17 17:25:18,193 - INFO - Records: 2,130
2025-09-17 17:25:18,193 - INFO - Date range: 2017-02-10 12:00:00 to 2025-07-30 12:00:00
2025-09-17 17:25:18,194 - INFO - Signal directions: {-1: 1089, 1: 1041}
2025-09-17 17:25:18,194 - INFO - Signal range: -1.000000 to 1.000000
2025-09-17 17:25:18,194 - INFO - Hit rate: 0.484
2025-09-17 17:25:18,194 - INFO - Total PnL: 0.931110
