2025-09-17 18:04:51,828 - INFO - ================================================================================
2025-09-17 18:04:51,828 - INFO - XGBoost Comparison Framework
2025-09-17 18:04:51,828 - INFO - ================================================================================
2025-09-17 18:04:51,828 - INFO - Configuration:
2025-09-17 18:04:51,828 - INFO -   Target Symbol: QBZ#C
2025-09-17 18:04:51,828 - INFO -   Date Range: 2015-01-01 to 2025-08-01
2025-09-17 18:04:51,828 - INFO -   Models: 100, Type: standard
2025-09-17 18:04:51,828 - INFO -   Folds: 15
2025-09-17 18:04:51,828 - INFO -   Max Features: 100 (Limited)
2025-09-17 18:04:51,828 - INFO -   Feature Selection: Enabled
2025-09-17 18:04:51,828 - INFO -   Inner Val Fraction: 0.2
2025-09-17 18:04:51,828 - INFO -   EWMA Alpha: 0.1, Quality Halflife: 63 days
2025-09-17 18:04:51,828 - INFO -   Signal Type: Binary (+1/-1)
2025-09-17 18:04:51,828 - INFO -   Cross-validation: Expanding window
2025-09-17 18:04:51,828 - INFO -   Production: Cutoff=0.6, Top N=5, Q-Metric=sharpe
2025-09-17 18:04:51,828 - INFO -   Reselection: Every 1 fold(s)
2025-09-17 18:04:51,828 - INFO - 
2025-09-17 18:04:56,518 - INFO - Dropped 7 rows due to NaN in target column QBZ#C_target_return
2025-09-17 18:04:56,617 - INFO - Loaded: X=(2728, 1906), y=(2728,)
2025-09-17 18:05:22,117 - INFO - Selected 100 features (threshold: 0.7)
2025-09-17 18:05:22,129 - INFO - Selected: 100 features
2025-09-17 18:05:22,157 - INFO - GPU detection: XGBoost not compiled with CUDA support - using CPU
2025-09-17 18:05:22,157 - INFO - Processing mode: CPU multiprocessing (GPU: False, Total models: 1500)
2025-09-17 18:05:22,160 - INFO - GPU detection: XGBoost not compiled with CUDA support - using CPU
2025-09-17 18:05:22,162 - INFO - Using expanding window
2025-09-17 18:05:22,162 - INFO - Starting analysis: 100 standard models x 13 folds
2025-09-17 18:05:22,162 - INFO - Processing Fold 1/13
2025-09-17 18:05:22,164 - INFO -   Using multiprocessing with 9 workers
2025-09-17 18:05:48,202 - INFO - Fold 1 Summary:
2025-09-17 18:05:48,203 - INFO -   Best OOS Sharpe: M69 (1.595, p=0.140)
2025-09-17 18:05:48,203 - INFO -   Best Q-Sharpe:  M69 (1.595, OOS_Sharpe=1.595, OOS_Hit=0.497)
2025-09-17 18:05:48,203 - INFO -   Mean OOS Sharpe: 1.246, Mean Hit: 0.488
2025-09-17 18:05:48,203 - INFO - 
2025-09-17 18:05:48,207 - INFO - Stored 100 trained models for production export
2025-09-17 18:05:48,208 - INFO - Processing Fold 2/13
2025-09-17 18:05:48,219 - INFO -   Using multiprocessing with 9 workers
2025-09-17 18:06:31,717 - INFO - Fold 2 Summary:
2025-09-17 18:06:31,717 - INFO -   Best OOS Sharpe: M39 (1.969, p=0.020)
2025-09-17 18:06:31,718 - INFO -   Best Q-Sharpe:  M57 (1.546, OOS_Sharpe=1.260, OOS_Hit=0.492)
2025-09-17 18:06:31,718 - INFO -   Mean OOS Sharpe: 0.916, Mean Hit: 0.516
2025-09-17 18:06:31,718 - INFO - 
2025-09-17 18:06:31,723 - INFO - Stored 100 trained models for production export
2025-09-17 18:06:31,723 - INFO - Processing Fold 3/13
2025-09-17 18:06:31,729 - INFO -   Using multiprocessing with 9 workers
2025-09-17 18:09:02,929 - INFO - Fold 3 Summary:
2025-09-17 18:09:02,934 - INFO -   Best OOS Sharpe: M37 (3.334, p=0.120)
2025-09-17 18:09:02,934 - INFO -   Best Q-Sharpe:  M25 (1.664, OOS_Sharpe=2.993, OOS_Hit=0.547)
2025-09-17 18:09:02,934 - INFO -   Mean OOS Sharpe: -0.453, Mean Hit: 0.481
2025-09-17 18:09:02,934 - INFO - 
2025-09-17 18:09:02,952 - INFO - Stored 100 trained models for production export
2025-09-17 18:09:02,954 - INFO - Processing Fold 4/13
2025-09-17 18:09:02,976 - INFO -   Using multiprocessing with 9 workers
2025-09-17 18:12:05,277 - INFO - Fold 4 Summary:
2025-09-17 18:12:05,279 - INFO -   Best OOS Sharpe: M51 (1.048, p=0.240)
2025-09-17 18:12:05,280 - INFO -   Best Q-Sharpe:  M72 (1.482, OOS_Sharpe=0.663, OOS_Hit=0.586)
2025-09-17 18:12:05,280 - INFO -   Mean OOS Sharpe: -1.154, Mean Hit: 0.496
2025-09-17 18:12:05,280 - INFO - 
2025-09-17 18:12:05,300 - INFO - Stored 100 trained models for production export
2025-09-17 18:12:05,300 - INFO - Processing Fold 5/13
2025-09-17 18:12:05,331 - INFO -   Using multiprocessing with 9 workers
2025-09-17 18:15:37,761 - INFO - Fold 5 Summary:
2025-09-17 18:15:37,765 - INFO -   Best OOS Sharpe: M65 (4.090, p=0.000)
2025-09-17 18:15:37,765 - INFO -   Best Q-Sharpe:  M30 (1.375, OOS_Sharpe=0.434, OOS_Hit=0.448)
2025-09-17 18:15:37,765 - INFO -   Mean OOS Sharpe: 0.653, Mean Hit: 0.505
2025-09-17 18:15:37,765 - INFO - 
2025-09-17 18:15:37,811 - INFO - Stored 100 trained models for production export
2025-09-17 18:15:37,811 - INFO - Processing Fold 6/13
2025-09-17 18:15:37,839 - INFO -   Using multiprocessing with 9 workers
2025-09-17 18:19:41,419 - INFO - Fold 6 Summary:
2025-09-17 18:19:41,424 - INFO -   Best OOS Sharpe: M52 (3.690, p=0.000)
2025-09-17 18:19:41,424 - INFO -   Best Q-Sharpe:  M30 (1.321, OOS_Sharpe=0.842, OOS_Hit=0.492)
2025-09-17 18:19:41,424 - INFO -   Mean OOS Sharpe: 0.058, Mean Hit: 0.495
2025-09-17 18:19:41,424 - INFO - 
2025-09-17 18:19:41,452 - INFO - Stored 100 trained models for production export
2025-09-17 18:19:41,453 - INFO - Processing Fold 7/13
2025-09-17 18:19:41,498 - INFO -   Using multiprocessing with 9 workers
2025-09-17 18:23:08,222 - INFO - Fold 7 Summary:
2025-09-17 18:23:08,228 - INFO -   Best OOS Sharpe: M69 (2.579, p=0.040)
2025-09-17 18:23:08,228 - INFO -   Best Q-Sharpe:  M30 (1.412, OOS_Sharpe=2.229, OOS_Hit=0.525)
2025-09-17 18:23:08,229 - INFO -   Mean OOS Sharpe: 0.842, Mean Hit: 0.501
2025-09-17 18:23:08,229 - INFO - 
2025-09-17 18:23:08,264 - INFO - Stored 100 trained models for production export
2025-09-17 18:23:08,265 - INFO - Processing Fold 8/13
2025-09-17 18:23:08,313 - INFO -   Using multiprocessing with 9 workers
2025-09-17 18:26:38,178 - INFO - Fold 8 Summary:
2025-09-17 18:26:38,184 - INFO -   Best OOS Sharpe: M71 (2.248, p=0.080)
2025-09-17 18:26:38,185 - INFO -   Best Q-Sharpe:  M30 (1.382, OOS_Sharpe=1.112, OOS_Hit=0.508)
2025-09-17 18:26:38,185 - INFO -   Mean OOS Sharpe: 0.257, Mean Hit: 0.502
2025-09-17 18:26:38,185 - INFO - 
2025-09-17 18:26:38,221 - INFO - Stored 100 trained models for production export
2025-09-17 18:26:38,221 - INFO - Processing Fold 9/13
2025-09-17 18:26:38,252 - INFO -   Using multiprocessing with 9 workers
2025-09-17 18:30:06,197 - INFO - Fold 9 Summary:
2025-09-17 18:30:06,202 - INFO -   Best OOS Sharpe: M62 (2.705, p=0.040)
2025-09-17 18:30:06,203 - INFO -   Best Q-Sharpe:  M62 (1.452, OOS_Sharpe=2.705, OOS_Hit=0.558)
2025-09-17 18:30:06,203 - INFO -   Mean OOS Sharpe: 0.215, Mean Hit: 0.508
2025-09-17 18:30:06,203 - INFO - 
2025-09-17 18:30:06,271 - INFO - Stored 100 trained models for production export
2025-09-17 18:30:06,271 - INFO - Processing Fold 10/13
2025-09-17 18:30:06,330 - INFO -   Using multiprocessing with 9 workers
2025-09-17 18:33:53,045 - INFO - Fold 10 Summary:
2025-09-17 18:33:53,050 - INFO -   Best OOS Sharpe: M84 (1.579, p=0.140)
2025-09-17 18:33:53,050 - INFO -   Best Q-Sharpe:  M62 (1.331, OOS_Sharpe=0.245, OOS_Hit=0.552)
2025-09-17 18:33:53,050 - INFO -   Mean OOS Sharpe: -0.358, Mean Hit: 0.512
2025-09-17 18:33:53,050 - INFO - 
2025-09-17 18:33:53,102 - INFO - Stored 100 trained models for production export
2025-09-17 18:33:53,102 - INFO - Processing Fold 11/13
2025-09-17 18:33:53,153 - INFO -   Using multiprocessing with 9 workers
2025-09-17 18:37:25,446 - INFO - Fold 11 Summary:
2025-09-17 18:37:25,490 - INFO -   Best OOS Sharpe: M80 (1.664, p=0.120)
2025-09-17 18:37:25,490 - INFO -   Best Q-Sharpe:  M62 (1.222, OOS_Sharpe=0.245, OOS_Hit=0.525)
2025-09-17 18:37:25,495 - INFO -   Mean OOS Sharpe: -0.084, Mean Hit: 0.504
2025-09-17 18:37:25,500 - INFO - 
2025-09-17 18:37:25,847 - INFO - Stored 100 trained models for production export
2025-09-17 18:37:25,849 - INFO - Processing Fold 12/13
2025-09-17 18:37:26,066 - INFO -   Using multiprocessing with 9 workers
2025-09-17 18:41:26,236 - INFO - Fold 12 Summary:
2025-09-17 18:41:26,241 - INFO -   Best OOS Sharpe: M34 (3.058, p=0.000)
2025-09-17 18:41:26,241 - INFO -   Best Q-Sharpe:  M71 (1.122, OOS_Sharpe=0.741, OOS_Hit=0.530)
2025-09-17 18:41:26,241 - INFO -   Mean OOS Sharpe: 0.364, Mean Hit: 0.515
2025-09-17 18:41:26,241 - INFO - 
2025-09-17 18:41:26,275 - INFO - Stored 100 trained models for production export
2025-09-17 18:41:26,275 - INFO - Processing Fold 13/13
2025-09-17 18:41:26,292 - INFO -   Using multiprocessing with 9 workers
2025-09-17 18:47:02,600 - INFO - Fold 13 Summary:
2025-09-17 18:47:02,610 - INFO -   Best OOS Sharpe: M27 (3.014, p=0.020)
2025-09-17 18:47:02,610 - INFO -   Best Q-Sharpe:  M62 (1.175, OOS_Sharpe=1.970, OOS_Hit=0.567)
2025-09-17 18:47:02,610 - INFO -   Mean OOS Sharpe: 0.164, Mean Hit: 0.509
2025-09-17 18:47:02,610 - INFO - 
2025-09-17 18:47:02,657 - INFO - Stored 100 trained models for production export
2025-09-17 18:47:02,659 - INFO - Starting full timeline backtesting...
2025-09-17 18:47:02,662 - INFO - Running full timeline backtest with 13 folds (0-based indexing)
2025-09-17 18:47:02,665 - INFO - Fold 0 skipped (no prior Q-score history for meaningful selection)
2025-09-17 18:47:02,665 - INFO - Effective backtest period: Folds 1-12 (12 folds)
2025-09-17 18:47:02,665 - INFO - Training period: Folds 1-7
2025-09-17 18:47:02,665 - INFO - Production period: Folds 8-12
2025-09-17 18:47:02,665 - INFO - Using consistent OOS methodology for all folds
2025-09-17 18:47:02,668 - INFO - Fold 0: Skipped (no prior Q-score history for meaningful selection)
2025-09-17 18:47:02,668 - INFO - 
--- Processing fold 1/12 ---
2025-09-17 18:47:02,687 - INFO - Fold 1: Q-scores from fold 0: ['M00:1.421', 'M01:1.420', 'M02:1.091', 'M03:1.269', 'M04:1.470']...
2025-09-17 18:47:02,692 - INFO - Fold 1: Selected models [69, 57, 30, 71, 14] based on fold 0 Q-scores, avg Q-score: 1.565
2025-09-17 18:47:02,737 - INFO - Fold 1 (Training): Sharpe=0.874, Hit=49.7%
2025-09-17 18:47:02,737 - INFO - 
--- Processing fold 2/12 ---
2025-09-17 18:47:02,782 - INFO - Fold 2: Q-scores from fold 1: ['M00:1.473', 'M01:1.402', 'M02:1.096', 'M03:1.226', 'M04:1.379']...
2025-09-17 18:47:02,783 - INFO - Fold 2: Selected models [57, 69, 30, 25, 89] based on fold 1 Q-scores, avg Q-score: 1.529
2025-09-17 18:47:02,792 - INFO - Fold 2 (Training): Sharpe=1.466, Hit=54.1%
2025-09-17 18:47:02,792 - INFO - 
--- Processing fold 3/12 ---
2025-09-17 18:47:02,829 - INFO - Fold 3: Q-scores from fold 2: ['M00:1.205', 'M01:1.425', 'M02:0.865', 'M03:1.107', 'M04:1.132']...
2025-09-17 18:47:02,829 - INFO - Fold 3: Selected models [25, 30, 71, 72, 62] based on fold 2 Q-scores, avg Q-score: 1.594
2025-09-17 18:47:02,841 - INFO - Fold 3 (Training): Sharpe=0.268, Hit=56.9%
2025-09-17 18:47:02,841 - INFO - 
--- Processing fold 4/12 ---
2025-09-17 18:47:02,878 - INFO - Fold 4: Q-scores from fold 3: ['M00:0.945', 'M01:1.374', 'M02:0.538', 'M03:0.975', 'M04:0.722']...
2025-09-17 18:47:02,879 - INFO - Fold 4: Selected models [72, 30, 71, 25, 1] based on fold 3 Q-scores, avg Q-score: 1.424
2025-09-17 18:47:02,893 - INFO - Fold 4 (Training): Sharpe=0.683, Hit=47.5%
2025-09-17 18:47:02,894 - INFO - 
--- Processing fold 5/12 ---
2025-09-17 18:47:02,921 - INFO - Fold 5: Q-scores from fold 4: ['M00:0.863', 'M01:1.315', 'M02:0.437', 'M03:0.859', 'M04:0.754']...
2025-09-17 18:47:02,921 - INFO - Fold 5: Selected models [30, 72, 37, 71, 1] based on fold 4 Q-scores, avg Q-score: 1.349
2025-09-17 18:47:02,933 - INFO - Fold 5 (Training): Sharpe=0.018, Hit=47.5%
2025-09-17 18:47:02,933 - INFO - 
--- Processing fold 6/12 ---
2025-09-17 18:47:02,962 - INFO - Fold 6: Q-scores from fold 5: ['M00:0.629', 'M01:1.254', 'M02:0.264', 'M03:0.759', 'M04:0.618']...
2025-09-17 18:47:02,962 - INFO - Fold 6: Selected models [30, 1, 62, 71, 72] based on fold 5 Q-scores, avg Q-score: 1.237
2025-09-17 18:47:02,971 - INFO - Fold 6 (Training): Sharpe=2.234, Hit=53.0%
2025-09-17 18:47:02,971 - INFO - 
--- Processing fold 7/12 ---
2025-09-17 18:47:03,000 - INFO - Fold 7: Q-scores from fold 6: ['M00:0.616', 'M01:1.355', 'M02:0.141', 'M03:0.704', 'M04:0.561']...
2025-09-17 18:47:03,000 - INFO - Fold 7: Selected models [30, 1, 62, 25, 37] based on fold 6 Q-scores, avg Q-score: 1.310
2025-09-17 18:47:03,008 - INFO - Fold 7 (Training): Sharpe=1.099, Hit=56.4%
2025-09-17 18:47:03,008 - INFO - 
--- Processing fold 8/12 ---
2025-09-17 18:47:03,027 - INFO - Fold 8: Q-scores from fold 7: ['M00:0.716', 'M01:1.347', 'M02:0.215', 'M03:0.822', 'M04:0.493']...
2025-09-17 18:47:03,027 - INFO - Fold 8: Selected models [30, 1, 62, 25, 71] based on fold 7 Q-scores, avg Q-score: 1.315
2025-09-17 18:47:03,043 - INFO - Fold 8 (Production): Sharpe=2.049, Hit=59.1%
2025-09-17 18:47:03,043 - INFO - 
--- Processing fold 9/12 ---
2025-09-17 18:47:03,119 - INFO - Fold 9: Q-scores from fold 8: ['M00:0.611', 'M01:1.377', 'M02:0.223', 'M03:0.638', 'M04:0.429']...
2025-09-17 18:47:03,120 - INFO - Fold 9: Selected models [62, 30, 1, 71, 37] based on fold 8 Q-scores, avg Q-score: 1.378
2025-09-17 18:47:03,126 - INFO - Fold 9 (Production): Sharpe=-0.940, Hit=51.9%
2025-09-17 18:47:03,126 - INFO - 
--- Processing fold 10/12 ---
2025-09-17 18:47:03,163 - INFO - Fold 10: Q-scores from fold 9: ['M00:0.473', 'M01:1.190', 'M02:0.037', 'M03:0.670', 'M04:0.484']...
2025-09-17 18:47:03,163 - INFO - Fold 10: Selected models [62, 1, 37, 72, 71] based on fold 9 Q-scores, avg Q-score: 1.198
2025-09-17 18:47:03,170 - INFO - Fold 10 (Production): Sharpe=0.775, Hit=54.1%
2025-09-17 18:47:03,170 - INFO - 
--- Processing fold 11/12 ---
2025-09-17 18:47:03,216 - INFO - Fold 11: Q-scores from fold 10: ['M00:0.290', 'M01:1.143', 'M02:0.105', 'M03:0.456', 'M04:0.266']...
2025-09-17 18:47:03,216 - INFO - Fold 11: Selected models [62, 71, 1, 72, 37] based on fold 10 Q-scores, avg Q-score: 1.151
2025-09-17 18:47:03,224 - INFO - Fold 11 (Production): Sharpe=0.291, Hit=50.8%
2025-09-17 18:47:03,225 - INFO - 
--- Processing fold 12/12 ---
2025-09-17 18:47:03,267 - INFO - Fold 12: Q-scores from fold 11: ['M00:0.274', 'M01:1.083', 'M02:0.155', 'M03:0.195', 'M04:0.324']...
2025-09-17 18:47:03,268 - INFO - Fold 12: Selected models [71, 62, 1, 25, 37] based on fold 11 Q-scores, avg Q-score: 1.079
2025-09-17 18:47:03,272 - INFO - Fold 12 (Production): Sharpe=1.370, Hit=55.2%
2025-09-17 18:47:03,273 - INFO - Training Period Overall: Sharpe=0.842, Hit=52.2%
2025-09-17 18:47:03,274 - INFO - Production Period Overall: Sharpe=0.812, Hit=54.2%
2025-09-17 18:47:03,276 - INFO - Full Timeline Overall: Sharpe=0.658, Hit=53.0%
2025-09-17 18:47:03,276 - INFO - Training: Sharpe=0.842 | Hit=52.2% | Return=996.46%
2025-09-17 18:47:03,276 - INFO - Production: Sharpe=0.812 | Hit=54.2% | Return=37.81%
2025-09-17 18:47:03,276 - INFO - Full Timeline: Sharpe=0.658 | Hit=53.0% | Return=593.69%
2025-09-17 18:47:03,276 - INFO - Generating visualizations...
2025-09-17 18:47:03,279 - INFO - Creating clean visualizations for 100 models...
2025-09-17 18:47:09,213 - INFO - Clean fold-by-fold analysis saved to: 20250917_180451_fold_QBZ#C_100models_15folds_rerun_QBZ_multiprocessing.png
2025-09-17 18:47:15,637 - INFO - Detailed production analysis saved to: 20250917_180451_backtest_QBZ#C_100models_15folds_rerun_QBZ_multiprocessing.png
2025-09-17 18:47:15,647 - INFO - ================================================================================
2025-09-17 18:47:15,647 - INFO - BACKTEST SUMMARY
2025-09-17 18:47:15,647 - INFO - ================================================================================
2025-09-17 18:47:15,647 - INFO - Config: Cutoff=70%, Top N=5, Q-Metric=sharpe, Reselection=1 fold(s)
2025-09-17 18:47:15,647 - INFO - Model Selection History:
2025-09-17 18:47:15,648 - INFO -   Fold 1: M69, M57, M30, M71, M14 (Avg Q-sharpe: 1.565)
2025-09-17 18:47:15,648 - INFO -   Fold 2: M57, M69, M30, M25, M89 (Avg Q-sharpe: 1.529)
2025-09-17 18:47:15,648 - INFO -   Fold 3: M25, M30, M71, M72, M62 (Avg Q-sharpe: 1.594)
2025-09-17 18:47:15,648 - INFO -   Fold 4: M72, M30, M71, M25, M01 (Avg Q-sharpe: 1.424)
2025-09-17 18:47:15,649 - INFO -   Fold 5: M30, M72, M37, M71, M01 (Avg Q-sharpe: 1.349)
2025-09-17 18:47:15,649 - INFO -   Fold 6: M30, M01, M62, M71, M72 (Avg Q-sharpe: 1.237)
2025-09-17 18:47:15,649 - INFO -   Fold 7: M30, M01, M62, M25, M37 (Avg Q-sharpe: 1.310)
2025-09-17 18:47:15,650 - INFO -   Fold 8: M30, M01, M62, M25, M71 (Avg Q-sharpe: 1.315)
2025-09-17 18:47:15,650 - INFO -   Fold 9: M62, M30, M01, M71, M37 (Avg Q-sharpe: 1.378)
2025-09-17 18:47:15,651 - INFO -   Fold 10: M62, M01, M37, M72, M71 (Avg Q-sharpe: 1.198)
2025-09-17 18:47:15,651 - INFO -   Fold 11: M62, M71, M01, M72, M37 (Avg Q-sharpe: 1.151)
2025-09-17 18:47:15,651 - INFO -   Fold 12: M71, M62, M01, M25, M37 (Avg Q-sharpe: 1.079)
2025-09-17 18:47:15,651 - INFO - 
2025-09-17 18:47:15,651 - INFO - Fold-by-Fold Performance:
2025-09-17 18:47:15,651 - INFO -   Fold 1: M69, M57, M30, M71, M14 | Sharpe=0.874 | Hit=49.7% | Samples=181
2025-09-17 18:47:15,651 - INFO -   Fold 2: M57, M69, M30, M25, M89 | Sharpe=1.466 | Hit=54.1% | Samples=181
2025-09-17 18:47:15,651 - INFO -   Fold 3: M25, M30, M71, M72, M62 | Sharpe=0.268 | Hit=56.9% | Samples=181
2025-09-17 18:47:15,651 - INFO -   Fold 4: M72, M30, M71, M25, M01 | Sharpe=0.683 | Hit=47.5% | Samples=181
2025-09-17 18:47:15,651 - INFO -   Fold 5: M30, M72, M37, M71, M01 | Sharpe=0.018 | Hit=47.5% | Samples=181
2025-09-17 18:47:15,651 - INFO -   Fold 6: M30, M01, M62, M71, M72 | Sharpe=2.234 | Hit=53.0% | Samples=181
2025-09-17 18:47:15,651 - INFO -   Fold 7: M30, M01, M62, M25, M37 | Sharpe=1.099 | Hit=56.4% | Samples=181
2025-09-17 18:47:15,651 - INFO -   Fold 8: M30, M01, M62, M25, M71 | Sharpe=2.049 | Hit=59.1% | Samples=181
2025-09-17 18:47:15,651 - INFO -   Fold 9: M62, M30, M01, M71, M37 | Sharpe=-0.940 | Hit=51.9% | Samples=181
2025-09-17 18:47:15,651 - INFO -   Fold 10: M62, M01, M37, M72, M71 | Sharpe=0.775 | Hit=54.1% | Samples=181
2025-09-17 18:47:15,651 - INFO -   Fold 11: M62, M71, M01, M72, M37 | Sharpe=0.291 | Hit=50.8% | Samples=181
2025-09-17 18:47:15,651 - INFO -   Fold 12: M71, M62, M01, M25, M37 | Sharpe=1.370 | Hit=55.2% | Samples=194
2025-09-17 18:47:15,651 - INFO - ================================================================================
2025-09-17 18:47:15,651 - INFO - ================================================================================
2025-09-17 18:47:15,651 - INFO - ANALYSIS COMPLETED SUCCESSFULLY!
2025-09-17 18:47:15,651 - INFO - ================================================================================
2025-09-17 18:47:15,651 - INFO - Generated 2 visualization files
2025-09-17 18:47:15,651 - INFO -   - 20250917_180451_fold_QBZ#C_100models_15folds_rerun_QBZ_multiprocessing.png
2025-09-17 18:47:15,651 - INFO -   - 20250917_180451_backtest_QBZ#C_100models_15folds_rerun_QBZ_multiprocessing.png
2025-09-17 18:47:15,651 - INFO - Training Final: Sharpe=0.842 | Hit=52.2% | Return=996.46% | CB=0.925
2025-09-17 18:47:15,651 - INFO - Production Final: Sharpe=0.812 | Hit=54.2% | Return=37.81% | CB=0.641
2025-09-17 18:47:15,651 - INFO - Full Timeline Final: Sharpe=0.658 | Hit=53.0% | Return=593.69% | CB=0.551
2025-09-17 18:47:15,653 - INFO - ============================================================
2025-09-17 18:47:15,653 - INFO - EXPORTING PRODUCTION MODELS (Consolidated File)
2025-09-17 18:47:15,653 - INFO - ============================================================
2025-09-17 18:47:15,653 - INFO - Backtest results keys: ['full_timeline_metrics', 'training_metrics', 'production_metrics', 'model_selection_history', 'fold_results', 'full_timeline_returns', 'training_returns', 'production_returns', 'full_timeline_predictions', 'full_timeline_dates', 'cutoff_fold', 'training_folds', 'production_folds']
2025-09-17 18:47:15,653 - INFO - Model selection history length: 12
2025-09-17 18:47:15,653 - INFO - Final selection keys: ['fold', 'selection_based_on_fold', 'selected_models', 'avg_q_score', 'period_type']
2025-09-17 18:47:15,653 - INFO - Final fold selected models: [71, 62, 1, 25, 37]
2025-09-17 18:47:15,653 - INFO - All fold results type: <class 'dict'>
2025-09-17 18:47:15,653 - INFO - All fold results keys/length: ['fold_1', 'fold_2', 'fold_3', 'fold_4', 'fold_5', 'fold_6', 'fold_7', 'fold_8', 'fold_9', 'fold_10', 'fold_11', 'fold_12', 'fold_13']
2025-09-17 18:47:15,653 - INFO - Available fold indices: [0, 1, 2, 3, 4, 5, 6, 7, 8, 9, 10, 11, 12]
2025-09-17 18:47:15,653 - INFO - Using fold index 11 (key: fold_12) as production fold
2025-09-17 18:47:15,653 - INFO - Final fold keys: ['results_df', 'model_metrics', 'oos_predictions', 'test_idx', 'trained_models', 'model_specs']
2025-09-17 18:47:15,654 - INFO - Trained models available: [0, 1, 2, 3, 4, 5, 6, 7, 8, 9, 10, 11, 12, 13, 14, 15, 16, 17, 18, 19, 20, 21, 22, 23, 24, 25, 26, 27, 28, 29, 30, 31, 32, 33, 34, 35, 36, 37, 38, 39, 40, 41, 42, 43, 44, 45, 46, 47, 48, 49, 50, 51, 52, 53, 54, 55, 56, 57, 58, 59, 60, 61, 62, 63, 64, 65, 66, 67, 68, 69, 70, 71, 72, 73, 74, 75, 76, 77, 78, 79, 80, 81, 82, 83, 84, 85, 86, 87, 88, 89, 90, 91, 92, 93, 94, 95, 96, 97, 98, 99]
2025-09-17 18:47:15,654 - INFO - Added model M71 -> model_01 with all 100 features (framework standard)
2025-09-17 18:47:15,654 - INFO - Added model M62 -> model_02 with all 100 features (framework standard)
2025-09-17 18:47:15,655 - INFO - Added model M01 -> model_03 with all 100 features (framework standard)
2025-09-17 18:47:15,655 - INFO - Added model M25 -> model_04 with all 100 features (framework standard)
2025-09-17 18:47:15,655 - INFO - Added model M37 -> model_05 with all 100 features (framework standard)
2025-09-17 18:47:15,655 - INFO - Extracted 5 selected models
2025-09-17 18:47:15,745 - INFO - SUCCESS: Exported 5 selected models to /Users/steven/Projects/SQ/bond_ls_xgb_grope_full_v6/PROD/models/QBZ#C_20250917_180451.pkl
2025-09-17 18:47:15,746 - INFO - File size: 659,160 bytes
2025-09-17 18:47:15,746 - INFO - Selected features: 100 features
2025-09-17 18:47:15,746 - INFO - Selected models: [71, 62, 1, 25, 37]
2025-09-17 18:47:15,746 - INFO - ============================================================
2025-09-17 18:47:15,746 - INFO - EXPORTING SIGNAL DISTRIBUTION
2025-09-17 18:47:15,746 - INFO - ============================================================
2025-09-17 18:47:15,746 - INFO - Timeline data: 2185 points
2025-09-17 18:47:15,854 - INFO - SUCCESS: Exported signal distribution to /Users/steven/Projects/SQ/bond_ls_xgb_grope_full_v6/xgb_compare/results/20250917_180451_signal_distribution_rerun_QBZ_multiprocessing.csv
2025-09-17 18:47:15,854 - INFO - Records: 2,185
2025-09-17 18:47:15,856 - INFO - Date range: 2017-02-09 12:00:00 to 2025-07-30 12:00:00
2025-09-17 18:47:15,858 - INFO - Signal directions: {1: 1918, -1: 267}
2025-09-17 18:47:15,859 - INFO - Signal range: -1.000000 to 1.000000
2025-09-17 18:47:15,859 - INFO - Hit rate: 0.532
2025-09-17 18:47:15,859 - INFO - Total PnL: 7.113615
