2025-09-18 01:00:32,212 - INFO - ================================================================================
2025-09-18 01:00:32,212 - INFO - XGBoost Comparison Framework
2025-09-18 01:00:32,212 - INFO - ================================================================================
2025-09-18 01:00:32,212 - INFO - Configuration:
2025-09-18 01:00:32,212 - INFO -   Target Symbol: @RTY#C
2025-09-18 01:00:32,212 - INFO -   Date Range: 2015-01-01 to 2025-08-01
2025-09-18 01:00:32,212 - INFO -   Models: 150, Type: standard
2025-09-18 01:00:32,212 - INFO -   Folds: 10
2025-09-18 01:00:32,212 - INFO -   Max Features: 100 (Limited)
2025-09-18 01:00:32,212 - INFO -   Feature Selection: Enabled
2025-09-18 01:00:32,212 - INFO -   Inner Val Fraction: 0.2
2025-09-18 01:00:32,212 - INFO -   EWMA Alpha: 0.1, Quality Halflife: 63 days
2025-09-18 01:00:32,212 - INFO -   Signal Type: Binary (+1/-1)
2025-09-18 01:00:32,212 - INFO -   Cross-validation: Expanding window
2025-09-18 01:00:32,212 - INFO -   Production: Cutoff=0.6, Top N=8, Q-Metric=sharpe
2025-09-18 01:00:32,212 - INFO -   Reselection: Every 1 fold(s)
2025-09-18 01:00:32,212 - INFO - 
2025-09-18 01:00:38,987 - INFO - Dropped 9 rows due to NaN in target column @RTY#C_target_return
2025-09-18 01:00:39,096 - INFO - Loaded: X=(2726, 1906), y=(2726,)
2025-09-18 01:01:13,563 - INFO - Selected 100 features (threshold: 0.7)
2025-09-18 01:01:13,576 - INFO - Selected: 100 features
2025-09-18 01:01:13,695 - INFO - GPU detection: XGBoost not compiled with CUDA support - using CPU
2025-09-18 01:01:13,695 - INFO - Processing mode: CPU multiprocessing (GPU: False, Total models: 1500)
2025-09-18 01:01:13,698 - INFO - GPU detection: XGBoost not compiled with CUDA support - using CPU
2025-09-18 01:01:13,700 - INFO - Using expanding window
2025-09-18 01:01:13,700 - INFO - Starting analysis: 150 standard models x 9 folds
2025-09-18 01:01:13,700 - INFO - Processing Fold 1/9
2025-09-18 01:01:13,703 - INFO -   Using multiprocessing with 9 workers
2025-09-18 01:01:46,061 - INFO - Fold 1 Summary:
2025-09-18 01:01:46,061 - INFO -   Best OOS Sharpe: M124 (3.278, p=0.000)
2025-09-18 01:01:46,061 - INFO -   Best Q-Sharpe:  M124 (3.278, OOS_Sharpe=3.278, OOS_Hit=0.585)
2025-09-18 01:01:46,061 - INFO -   Mean OOS Sharpe: 1.276, Mean Hit: 0.536
2025-09-18 01:01:46,061 - INFO - 
2025-09-18 01:01:46,064 - INFO - Stored 150 trained models for production export
2025-09-18 01:01:46,064 - INFO - Processing Fold 2/9
2025-09-18 01:01:46,068 - INFO -   Using multiprocessing with 9 workers
