2025-09-17 15:53:37,767 - INFO - ================================================================================
2025-09-17 15:53:37,768 - INFO - XGBoost Comparison Framework
2025-09-17 15:53:37,768 - INFO - ================================================================================
2025-09-17 15:53:37,768 - INFO - Configuration:
2025-09-17 15:53:37,768 - INFO -   Target Symbol: @EU#C
2025-09-17 15:53:37,768 - INFO -   Date Range: 2015-01-01 to 2025-08-01
2025-09-17 15:53:37,768 - INFO -   Models: 100, Type: standard
2025-09-17 15:53:37,768 - INFO -   Folds: 15
2025-09-17 15:53:37,768 - INFO -   Max Features: 100 (Limited)
2025-09-17 15:53:37,768 - INFO -   Feature Selection: Enabled
2025-09-17 15:53:37,768 - INFO -   Inner Val Fraction: 0.2
2025-09-17 15:53:37,768 - INFO -   EWMA Alpha: 0.1, Quality Halflife: 63 days
2025-09-17 15:53:37,768 - INFO -   Signal Type: Binary (+1/-1)
2025-09-17 15:53:37,768 - INFO -   Cross-validation: Expanding window
2025-09-17 15:53:37,768 - INFO -   Production: Cutoff=0.6, Top N=5, Q-Metric=sharpe
2025-09-17 15:53:37,768 - INFO -   Reselection: Every 1 fold(s)
2025-09-17 15:53:37,768 - INFO - 
2025-09-17 15:54:16,270 - INFO - Dropped 3 rows due to NaN in target column @EU#C_target_return
2025-09-17 15:54:16,934 - INFO - Loaded: X=(2732, 1906), y=(2732,)
2025-09-17 15:56:20,782 - INFO - Selected 100 features (threshold: 0.7)
2025-09-17 15:56:20,893 - INFO - Selected: 100 features
2025-09-17 15:56:21,254 - INFO - GPU detection: XGBoost not compiled with CUDA support - using CPU
2025-09-17 15:56:21,256 - INFO - Processing mode: CPU multiprocessing (GPU: False, Total models: 1500)
2025-09-17 15:56:21,267 - INFO - GPU detection: XGBoost not compiled with CUDA support - using CPU
2025-09-17 15:56:21,272 - INFO - Using expanding window
2025-09-17 15:56:21,276 - INFO - Starting analysis: 100 standard models x 13 folds
2025-09-17 15:56:21,276 - INFO - Processing Fold 1/13
2025-09-17 15:56:21,288 - INFO -   Using multiprocessing with 9 workers
2025-09-17 15:58:38,255 - INFO - Fold 1 Summary:
2025-09-17 15:58:38,257 - INFO -   Best OOS Sharpe: M32 (3.279, p=0.000)
2025-09-17 15:58:38,257 - INFO -   Best Q-Sharpe:  M32 (3.279, OOS_Sharpe=3.279, OOS_Hit=0.571)
2025-09-17 15:58:38,257 - INFO -   Mean OOS Sharpe: 0.850, Mean Hit: 0.507
2025-09-17 15:58:38,257 - INFO - 
2025-09-17 15:58:38,273 - INFO - Stored 100 trained models for production export
2025-09-17 15:58:38,273 - INFO - Processing Fold 2/13
2025-09-17 15:58:38,304 - INFO -   Using multiprocessing with 9 workers
2025-09-17 16:01:32,338 - INFO - Fold 2 Summary:
2025-09-17 16:01:32,363 - INFO -   Best OOS Sharpe: M33 (4.051, p=0.000)
2025-09-17 16:01:32,363 - INFO -   Best Q-Sharpe:  M32 (3.267, OOS_Sharpe=3.162, OOS_Hit=0.544)
2025-09-17 16:01:32,363 - INFO -   Mean OOS Sharpe: 2.059, Mean Hit: 0.525
2025-09-17 16:01:32,363 - INFO - 
2025-09-17 16:01:32,559 - INFO - Stored 100 trained models for production export
2025-09-17 16:01:32,559 - INFO - Processing Fold 3/13
2025-09-17 16:01:32,736 - INFO -   Using multiprocessing with 9 workers
2025-09-17 16:04:14,490 - INFO - Fold 3 Summary:
2025-09-17 16:04:14,498 - INFO -   Best OOS Sharpe: M57 (3.092, p=0.000)
2025-09-17 16:04:14,498 - INFO -   Best Q-Sharpe:  M32 (3.072, OOS_Sharpe=1.312, OOS_Hit=0.533)
2025-09-17 16:04:14,499 - INFO -   Mean OOS Sharpe: 0.309, Mean Hit: 0.511
2025-09-17 16:04:14,499 - INFO - 
2025-09-17 16:04:14,539 - INFO - Stored 100 trained models for production export
2025-09-17 16:04:14,539 - INFO - Processing Fold 4/13
2025-09-17 16:04:14,579 - INFO -   Using multiprocessing with 9 workers
2025-09-17 16:07:49,347 - INFO - Fold 4 Summary:
2025-09-17 16:07:49,352 - INFO -   Best OOS Sharpe: M64 (4.350, p=0.000)
2025-09-17 16:07:49,353 - INFO -   Best Q-Sharpe:  M32 (3.049, OOS_Sharpe=2.850, OOS_Hit=0.500)
2025-09-17 16:07:49,353 - INFO -   Mean OOS Sharpe: 1.825, Mean Hit: 0.500
2025-09-17 16:07:49,353 - INFO - 
2025-09-17 16:07:49,411 - INFO - Stored 100 trained models for production export
2025-09-17 16:07:49,412 - INFO - Processing Fold 5/13
2025-09-17 16:07:49,452 - INFO -   Using multiprocessing with 9 workers
2025-09-17 16:11:21,253 - INFO - Fold 5 Summary:
2025-09-17 16:11:21,259 - INFO -   Best OOS Sharpe: M04 (4.359, p=0.000)
2025-09-17 16:11:21,259 - INFO -   Best Q-Sharpe:  M32 (3.013, OOS_Sharpe=2.682, OOS_Hit=0.555)
2025-09-17 16:11:21,259 - INFO -   Mean OOS Sharpe: 2.358, Mean Hit: 0.542
2025-09-17 16:11:21,260 - INFO - 
2025-09-17 16:11:21,301 - INFO - Stored 100 trained models for production export
2025-09-17 16:11:21,301 - INFO - Processing Fold 6/13
2025-09-17 16:11:21,331 - INFO -   Using multiprocessing with 9 workers
2025-09-17 16:15:06,386 - INFO - Fold 6 Summary:
2025-09-17 16:15:06,397 - INFO -   Best OOS Sharpe: M23 (4.332, p=0.000)
2025-09-17 16:15:06,397 - INFO -   Best Q-Sharpe:  M32 (3.024, OOS_Sharpe=3.125, OOS_Hit=0.582)
2025-09-17 16:15:06,397 - INFO -   Mean OOS Sharpe: 1.846, Mean Hit: 0.562
2025-09-17 16:15:06,397 - INFO - 
2025-09-17 16:15:06,433 - INFO - Stored 100 trained models for production export
2025-09-17 16:15:06,434 - INFO - Processing Fold 7/13
2025-09-17 16:15:06,506 - INFO -   Using multiprocessing with 9 workers
2025-09-17 16:20:21,166 - INFO - Fold 7 Summary:
2025-09-17 16:20:21,180 - INFO -   Best OOS Sharpe: M40 (2.074, p=0.020)
2025-09-17 16:20:21,180 - INFO -   Best Q-Sharpe:  M32 (2.746, OOS_Sharpe=0.248, OOS_Hit=0.478)
2025-09-17 16:20:21,180 - INFO -   Mean OOS Sharpe: -0.074, Mean Hit: 0.477
2025-09-17 16:20:21,180 - INFO - 
2025-09-17 16:20:21,241 - INFO - Stored 100 trained models for production export
2025-09-17 16:20:21,242 - INFO - Processing Fold 8/13
2025-09-17 16:20:21,308 - INFO -   Using multiprocessing with 9 workers
2025-09-17 16:23:30,688 - INFO - Fold 8 Summary:
2025-09-17 16:23:30,697 - INFO -   Best OOS Sharpe: M66 (2.713, p=0.040)
2025-09-17 16:23:30,697 - INFO -   Best Q-Sharpe:  M32 (2.612, OOS_Sharpe=1.405, OOS_Hit=0.577)
2025-09-17 16:23:30,697 - INFO -   Mean OOS Sharpe: -0.576, Mean Hit: 0.511
2025-09-17 16:23:30,697 - INFO - 
2025-09-17 16:23:30,734 - INFO - Stored 100 trained models for production export
2025-09-17 16:23:30,735 - INFO - Processing Fold 9/13
2025-09-17 16:23:30,758 - INFO -   Using multiprocessing with 9 workers
2025-09-17 16:26:33,420 - INFO - Fold 9 Summary:
2025-09-17 16:26:33,428 - INFO -   Best OOS Sharpe: M78 (3.950, p=0.020)
2025-09-17 16:26:33,428 - INFO -   Best Q-Sharpe:  M32 (2.462, OOS_Sharpe=1.110, OOS_Hit=0.522)
2025-09-17 16:26:33,428 - INFO -   Mean OOS Sharpe: 1.470, Mean Hit: 0.549
2025-09-17 16:26:33,428 - INFO - 
2025-09-17 16:26:33,477 - INFO - Stored 100 trained models for production export
2025-09-17 16:26:33,478 - INFO - Processing Fold 10/13
2025-09-17 16:26:33,527 - INFO -   Using multiprocessing with 9 workers
2025-09-17 16:29:35,884 - INFO - Fold 10 Summary:
2025-09-17 16:29:35,887 - INFO -   Best OOS Sharpe: M90 (2.543, p=0.040)
2025-09-17 16:29:35,888 - INFO -   Best Q-Sharpe:  M32 (2.459, OOS_Sharpe=2.438, OOS_Hit=0.533)
2025-09-17 16:29:35,888 - INFO -   Mean OOS Sharpe: 0.579, Mean Hit: 0.499
2025-09-17 16:29:35,888 - INFO - 
2025-09-17 16:29:35,926 - INFO - Stored 100 trained models for production export
2025-09-17 16:29:35,927 - INFO - Processing Fold 11/13
2025-09-17 16:29:35,996 - INFO -   Using multiprocessing with 9 workers
2025-09-17 16:33:12,719 - INFO - Fold 11 Summary:
2025-09-17 16:33:12,725 - INFO -   Best OOS Sharpe: M31 (3.409, p=0.000)
2025-09-17 16:33:12,725 - INFO -   Best Q-Sharpe:  M32 (2.473, OOS_Sharpe=2.593, OOS_Hit=0.577)
2025-09-17 16:33:12,726 - INFO -   Mean OOS Sharpe: 1.318, Mean Hit: 0.543
2025-09-17 16:33:12,726 - INFO - 
2025-09-17 16:33:12,781 - INFO - Stored 100 trained models for production export
2025-09-17 16:33:12,783 - INFO - Processing Fold 12/13
2025-09-17 16:33:12,817 - INFO -   Using multiprocessing with 9 workers
2025-09-17 16:36:41,126 - INFO - Fold 12 Summary:
2025-09-17 16:36:41,132 - INFO -   Best OOS Sharpe: M84 (2.897, p=0.000)
2025-09-17 16:36:41,132 - INFO -   Best Q-Sharpe:  M32 (2.407, OOS_Sharpe=1.817, OOS_Hit=0.538)
2025-09-17 16:36:41,132 - INFO -   Mean OOS Sharpe: 0.643, Mean Hit: 0.523
2025-09-17 16:36:41,132 - INFO - 
2025-09-17 16:36:41,185 - INFO - Stored 100 trained models for production export
2025-09-17 16:36:41,186 - INFO - Processing Fold 13/13
2025-09-17 16:36:41,252 - INFO -   Using multiprocessing with 9 workers
2025-09-17 16:39:17,685 - INFO - Fold 13 Summary:
2025-09-17 16:39:17,688 - INFO -   Best OOS Sharpe: M10 (3.352, p=0.000)
2025-09-17 16:39:17,688 - INFO -   Best Q-Sharpe:  M32 (2.243, OOS_Sharpe=0.767, OOS_Hit=0.554)
2025-09-17 16:39:17,688 - INFO -   Mean OOS Sharpe: 0.820, Mean Hit: 0.541
2025-09-17 16:39:17,688 - INFO - 
2025-09-17 16:39:17,728 - INFO - Stored 100 trained models for production export
2025-09-17 16:39:17,729 - INFO - Starting full timeline backtesting...
2025-09-17 16:39:17,737 - INFO - Running full timeline backtest with 13 folds (0-based indexing)
2025-09-17 16:39:17,738 - INFO - Fold 0 skipped (no prior Q-score history for meaningful selection)
2025-09-17 16:39:17,738 - INFO - Effective backtest period: Folds 1-12 (12 folds)
2025-09-17 16:39:17,738 - INFO - Training period: Folds 1-7
2025-09-17 16:39:17,738 - INFO - Production period: Folds 8-12
2025-09-17 16:39:17,738 - INFO - Using consistent OOS methodology for all folds
2025-09-17 16:39:17,740 - INFO - Fold 0: Skipped (no prior Q-score history for meaningful selection)
2025-09-17 16:39:17,740 - INFO - 
--- Processing fold 1/12 ---
2025-09-17 16:39:17,974 - INFO - Fold 1: Q-scores from fold 0: ['M00:1.254', 'M01:0.847', 'M02:-0.872', 'M03:0.063', 'M04:0.529']...
2025-09-17 16:39:17,975 - INFO - Fold 1: Selected models [32, 63, 24, 14, 40] based on fold 0 Q-scores, avg Q-score: 2.845
2025-09-17 16:39:18,034 - INFO - Fold 1 (Training): Sharpe=2.511, Hit=52.7%
2025-09-17 16:39:18,034 - INFO - 
--- Processing fold 2/12 ---
2025-09-17 16:39:18,051 - INFO - Fold 2: Q-scores from fold 1: ['M00:1.328', 'M01:1.064', 'M02:-0.555', 'M03:0.203', 'M04:0.748']...
2025-09-17 16:39:18,051 - INFO - Fold 2: Selected models [32, 63, 24, 40, 14] based on fold 1 Q-scores, avg Q-score: 2.810
2025-09-17 16:39:18,065 - INFO - Fold 2 (Training): Sharpe=1.257, Hit=56.6%
2025-09-17 16:39:18,066 - INFO - 
--- Processing fold 3/12 ---
2025-09-17 16:39:18,163 - INFO - Fold 3: Q-scores from fold 2: ['M00:1.216', 'M01:1.100', 'M02:-0.465', 'M03:0.090', 'M04:0.697']...
2025-09-17 16:39:18,163 - INFO - Fold 3: Selected models [32, 63, 14, 24, 40] based on fold 2 Q-scores, avg Q-score: 2.602
2025-09-17 16:39:18,171 - INFO - Fold 3 (Training): Sharpe=2.419, Hit=52.7%
2025-09-17 16:39:18,171 - INFO - 
--- Processing fold 4/12 ---
2025-09-17 16:39:18,258 - INFO - Fold 4: Q-scores from fold 3: ['M00:1.340', 'M01:1.064', 'M02:-0.248', 'M03:0.231', 'M04:0.686']...
2025-09-17 16:39:18,258 - INFO - Fold 4: Selected models [32, 63, 14, 36, 40] based on fold 3 Q-scores, avg Q-score: 2.577
2025-09-17 16:39:18,271 - INFO - Fold 4 (Training): Sharpe=2.836, Hit=55.5%
2025-09-17 16:39:18,271 - INFO - 
--- Processing fold 5/12 ---
2025-09-17 16:39:18,297 - INFO - Fold 5: Q-scores from fold 4: ['M00:1.501', 'M01:1.158', 'M02:-0.023', 'M03:0.384', 'M04:1.053']...
2025-09-17 16:39:18,297 - INFO - Fold 5: Selected models [32, 63, 14, 36, 51] based on fold 4 Q-scores, avg Q-score: 2.572
2025-09-17 16:39:18,308 - INFO - Fold 5 (Training): Sharpe=3.805, Hit=59.9%
2025-09-17 16:39:18,308 - INFO - 
--- Processing fold 6/12 ---
2025-09-17 16:39:18,339 - INFO - Fold 6: Q-scores from fold 5: ['M00:1.576', 'M01:1.325', 'M02:0.179', 'M03:0.387', 'M04:1.184']...
2025-09-17 16:39:18,340 - INFO - Fold 6: Selected models [32, 63, 14, 36, 40] based on fold 5 Q-scores, avg Q-score: 2.612
2025-09-17 16:39:18,349 - INFO - Fold 6 (Training): Sharpe=0.525, Hit=49.5%
2025-09-17 16:39:18,349 - INFO - 
--- Processing fold 7/12 ---
2025-09-17 16:39:18,394 - INFO - Fold 7: Q-scores from fold 6: ['M00:1.372', 'M01:1.186', 'M02:0.139', 'M03:0.245', 'M04:1.187']...
2025-09-17 16:39:18,401 - INFO - Fold 7: Selected models [32, 63, 36, 40, 14] based on fold 6 Q-scores, avg Q-score: 2.401
2025-09-17 16:39:18,412 - INFO - Fold 7 (Training): Sharpe=0.805, Hit=55.5%
2025-09-17 16:39:18,412 - INFO - 
--- Processing fold 8/12 ---
2025-09-17 16:39:18,463 - INFO - Fold 8: Q-scores from fold 7: ['M00:1.087', 'M01:1.028', 'M02:0.101', 'M03:0.244', 'M04:0.989']...
2025-09-17 16:39:18,464 - INFO - Fold 8: Selected models [32, 63, 40, 36, 14] based on fold 7 Q-scores, avg Q-score: 2.174
2025-09-17 16:39:18,473 - INFO - Fold 8 (Production): Sharpe=2.233, Hit=58.8%
2025-09-17 16:39:18,474 - INFO - 
--- Processing fold 9/12 ---
2025-09-17 16:39:18,577 - INFO - Fold 9: Q-scores from fold 8: ['M00:1.164', 'M01:0.947', 'M02:0.222', 'M03:0.410', 'M04:1.142']...
2025-09-17 16:39:18,577 - INFO - Fold 9: Selected models [32, 63, 36, 40, 72] based on fold 8 Q-scores, avg Q-score: 2.110
2025-09-17 16:39:18,582 - INFO - Fold 9 (Production): Sharpe=2.084, Hit=53.3%
2025-09-17 16:39:18,582 - INFO - 
--- Processing fold 10/12 ---
2025-09-17 16:39:18,658 - INFO - Fold 10: Q-scores from fold 9: ['M00:1.131', 'M01:0.924', 'M02:0.244', 'M03:0.521', 'M04:0.983']...
2025-09-17 16:39:18,669 - INFO - Fold 10: Selected models [32, 63, 36, 72, 14] based on fold 9 Q-scores, avg Q-score: 2.059
2025-09-17 16:39:18,675 - INFO - Fold 10 (Production): Sharpe=2.211, Hit=57.1%
2025-09-17 16:39:18,675 - INFO - 
--- Processing fold 11/12 ---
2025-09-17 16:39:18,819 - INFO - Fold 11: Q-scores from fold 10: ['M00:1.092', 'M01:0.959', 'M02:0.264', 'M03:0.574', 'M04:1.051']...
2025-09-17 16:39:18,819 - INFO - Fold 11: Selected models [32, 63, 36, 14, 51] based on fold 10 Q-scores, avg Q-score: 2.012
2025-09-17 16:39:18,825 - INFO - Fold 11 (Production): Sharpe=1.181, Hit=56.0%
2025-09-17 16:39:18,825 - INFO - 
--- Processing fold 12/12 ---
2025-09-17 16:39:18,946 - INFO - Fold 12: Q-scores from fold 11: ['M00:0.929', 'M01:0.976', 'M02:0.338', 'M03:0.564', 'M04:0.808']...
2025-09-17 16:39:18,946 - INFO - Fold 12: Selected models [32, 63, 36, 14, 51] based on fold 11 Q-scores, avg Q-score: 1.891
2025-09-17 16:39:18,948 - INFO - Fold 12 (Production): Sharpe=0.135, Hit=51.1%
2025-09-17 16:39:18,949 - INFO - Training Period Overall: Sharpe=2.051, Hit=54.6%
2025-09-17 16:39:18,950 - INFO - Production Period Overall: Sharpe=1.558, Hit=55.3%
2025-09-17 16:39:18,952 - INFO - Full Timeline Overall: Sharpe=1.778, Hit=54.9%
2025-09-17 16:39:18,952 - INFO - Training: Sharpe=2.051 | Hit=54.6% | Return=11.94%
2025-09-17 16:39:18,952 - INFO - Production: Sharpe=1.558 | Hit=55.3% | Return=12.77%
2025-09-17 16:39:18,952 - INFO - Full Timeline: Sharpe=1.778 | Hit=54.9% | Return=12.28%
2025-09-17 16:39:18,952 - INFO - Generating visualizations...
2025-09-17 16:39:18,953 - INFO - Creating clean visualizations for 100 models...
2025-09-17 16:39:24,016 - INFO - Clean fold-by-fold analysis saved to: 20250917_155337_fold_@EU#C_100models_15folds_rerun_EU_multiprocessing.png
2025-09-17 16:39:27,899 - INFO - Detailed production analysis saved to: 20250917_155337_backtest_@EU#C_100models_15folds_rerun_EU_multiprocessing.png
2025-09-17 16:39:27,900 - INFO - ================================================================================
2025-09-17 16:39:27,900 - INFO - BACKTEST SUMMARY
2025-09-17 16:39:27,900 - INFO - ================================================================================
2025-09-17 16:39:27,900 - INFO - Config: Cutoff=70%, Top N=5, Q-Metric=sharpe, Reselection=1 fold(s)
2025-09-17 16:39:27,901 - INFO - Model Selection History:
2025-09-17 16:39:27,901 - INFO -   Fold 1: M32, M63, M24, M14, M40 (Avg Q-sharpe: 2.845)
2025-09-17 16:39:27,901 - INFO -   Fold 2: M32, M63, M24, M40, M14 (Avg Q-sharpe: 2.810)
2025-09-17 16:39:27,901 - INFO -   Fold 3: M32, M63, M14, M24, M40 (Avg Q-sharpe: 2.602)
2025-09-17 16:39:27,901 - INFO -   Fold 4: M32, M63, M14, M36, M40 (Avg Q-sharpe: 2.577)
2025-09-17 16:39:27,901 - INFO -   Fold 5: M32, M63, M14, M36, M51 (Avg Q-sharpe: 2.572)
2025-09-17 16:39:27,901 - INFO -   Fold 6: M32, M63, M14, M36, M40 (Avg Q-sharpe: 2.612)
2025-09-17 16:39:27,901 - INFO -   Fold 7: M32, M63, M36, M40, M14 (Avg Q-sharpe: 2.401)
2025-09-17 16:39:27,901 - INFO -   Fold 8: M32, M63, M40, M36, M14 (Avg Q-sharpe: 2.174)
2025-09-17 16:39:27,901 - INFO -   Fold 9: M32, M63, M36, M40, M72 (Avg Q-sharpe: 2.110)
2025-09-17 16:39:27,901 - INFO -   Fold 10: M32, M63, M36, M72, M14 (Avg Q-sharpe: 2.059)
2025-09-17 16:39:27,901 - INFO -   Fold 11: M32, M63, M36, M14, M51 (Avg Q-sharpe: 2.012)
2025-09-17 16:39:27,901 - INFO -   Fold 12: M32, M63, M36, M14, M51 (Avg Q-sharpe: 1.891)
2025-09-17 16:39:27,901 - INFO - 
2025-09-17 16:39:27,901 - INFO - Fold-by-Fold Performance:
2025-09-17 16:39:27,901 - INFO -   Fold 1: M32, M63, M24, M14, M40 | Sharpe=2.511 | Hit=52.7% | Samples=182
2025-09-17 16:39:27,901 - INFO -   Fold 2: M32, M63, M24, M40, M14 | Sharpe=1.257 | Hit=56.6% | Samples=182
2025-09-17 16:39:27,901 - INFO -   Fold 3: M32, M63, M14, M24, M40 | Sharpe=2.419 | Hit=52.7% | Samples=182
2025-09-17 16:39:27,901 - INFO -   Fold 4: M32, M63, M14, M36, M40 | Sharpe=2.836 | Hit=55.5% | Samples=182
2025-09-17 16:39:27,901 - INFO -   Fold 5: M32, M63, M14, M36, M51 | Sharpe=3.805 | Hit=59.9% | Samples=182
2025-09-17 16:39:27,901 - INFO -   Fold 6: M32, M63, M14, M36, M40 | Sharpe=0.525 | Hit=49.5% | Samples=182
2025-09-17 16:39:27,901 - INFO -   Fold 7: M32, M63, M36, M40, M14 | Sharpe=0.805 | Hit=55.5% | Samples=182
2025-09-17 16:39:27,901 - INFO -   Fold 8: M32, M63, M40, M36, M14 | Sharpe=2.233 | Hit=58.8% | Samples=182
2025-09-17 16:39:27,901 - INFO -   Fold 9: M32, M63, M36, M40, M72 | Sharpe=2.084 | Hit=53.3% | Samples=182
2025-09-17 16:39:27,901 - INFO -   Fold 10: M32, M63, M36, M72, M14 | Sharpe=2.211 | Hit=57.1% | Samples=182
2025-09-17 16:39:27,901 - INFO -   Fold 11: M32, M63, M36, M14, M51 | Sharpe=1.181 | Hit=56.0% | Samples=182
2025-09-17 16:39:27,901 - INFO -   Fold 12: M32, M63, M36, M14, M51 | Sharpe=0.135 | Hit=51.1% | Samples=184
2025-09-17 16:39:27,901 - INFO - ================================================================================
2025-09-17 16:39:27,901 - INFO - ================================================================================
2025-09-17 16:39:27,901 - INFO - ANALYSIS COMPLETED SUCCESSFULLY!
2025-09-17 16:39:27,901 - INFO - ================================================================================
2025-09-17 16:39:27,901 - INFO - Generated 2 visualization files
2025-09-17 16:39:27,901 - INFO -   - 20250917_155337_fold_@EU#C_100models_15folds_rerun_EU_multiprocessing.png
2025-09-17 16:39:27,901 - INFO -   - 20250917_155337_backtest_@EU#C_100models_15folds_rerun_EU_multiprocessing.png
2025-09-17 16:39:27,901 - INFO - Training Final: Sharpe=2.051 | Hit=54.6% | Return=11.94% | CB=2.997
2025-09-17 16:39:27,901 - INFO - Production Final: Sharpe=1.558 | Hit=55.3% | Return=12.77% | CB=1.945
2025-09-17 16:39:27,901 - INFO - Full Timeline Final: Sharpe=1.778 | Hit=54.9% | Return=12.28% | CB=1.871
2025-09-17 16:39:27,902 - INFO - ============================================================
2025-09-17 16:39:27,902 - INFO - EXPORTING PRODUCTION MODELS (Consolidated File)
2025-09-17 16:39:27,902 - INFO - ============================================================
2025-09-17 16:39:27,902 - INFO - Backtest results keys: ['full_timeline_metrics', 'training_metrics', 'production_metrics', 'model_selection_history', 'fold_results', 'full_timeline_returns', 'training_returns', 'production_returns', 'full_timeline_predictions', 'full_timeline_dates', 'cutoff_fold', 'training_folds', 'production_folds']
2025-09-17 16:39:27,902 - INFO - Model selection history length: 12
2025-09-17 16:39:27,902 - INFO - Final selection keys: ['fold', 'selection_based_on_fold', 'selected_models', 'avg_q_score', 'period_type']
2025-09-17 16:39:27,902 - INFO - Final fold selected models: [32, 63, 36, 14, 51]
2025-09-17 16:39:27,902 - INFO - All fold results type: <class 'dict'>
2025-09-17 16:39:27,902 - INFO - All fold results keys/length: ['fold_1', 'fold_2', 'fold_3', 'fold_4', 'fold_5', 'fold_6', 'fold_7', 'fold_8', 'fold_9', 'fold_10', 'fold_11', 'fold_12', 'fold_13']
2025-09-17 16:39:27,902 - INFO - Available fold indices: [0, 1, 2, 3, 4, 5, 6, 7, 8, 9, 10, 11, 12]
2025-09-17 16:39:27,902 - INFO - Using fold index 11 (key: fold_12) as production fold
2025-09-17 16:39:27,902 - INFO - Final fold keys: ['results_df', 'model_metrics', 'oos_predictions', 'test_idx', 'trained_models', 'model_specs']
2025-09-17 16:39:27,902 - INFO - Trained models available: [0, 1, 2, 3, 4, 5, 6, 7, 8, 9, 10, 11, 12, 13, 14, 15, 16, 17, 18, 19, 20, 21, 22, 23, 24, 25, 26, 27, 28, 29, 30, 31, 32, 33, 34, 35, 36, 37, 38, 39, 40, 41, 42, 43, 44, 45, 46, 47, 48, 49, 50, 51, 52, 53, 54, 55, 56, 57, 58, 59, 60, 61, 62, 63, 64, 65, 66, 67, 68, 69, 70, 71, 72, 73, 74, 75, 76, 77, 78, 79, 80, 81, 82, 83, 84, 85, 86, 87, 88, 89, 90, 91, 92, 93, 94, 95, 96, 97, 98, 99]
2025-09-17 16:39:27,902 - INFO - Added model M32 -> model_01 with all 100 features (framework standard)
2025-09-17 16:39:27,903 - INFO - Added model M63 -> model_02 with all 100 features (framework standard)
2025-09-17 16:39:27,903 - INFO - Added model M36 -> model_03 with all 100 features (framework standard)
2025-09-17 16:39:27,903 - INFO - Added model M14 -> model_04 with all 100 features (framework standard)
2025-09-17 16:39:27,903 - INFO - Added model M51 -> model_05 with all 100 features (framework standard)
2025-09-17 16:39:27,903 - INFO - Extracted 5 selected models
2025-09-17 16:39:27,931 - INFO - SUCCESS: Exported 5 selected models to /Users/steven/Projects/SQ/bond_ls_xgb_grope_full_v6/PROD/models/@EU#C_20250917_155337.pkl
2025-09-17 16:39:27,931 - INFO - File size: 1,053,305 bytes
2025-09-17 16:39:27,931 - INFO - Selected features: 100 features
2025-09-17 16:39:27,931 - INFO - Selected models: [32, 63, 36, 14, 51]
2025-09-17 16:39:27,931 - INFO - ============================================================
2025-09-17 16:39:27,931 - INFO - EXPORTING SIGNAL DISTRIBUTION
2025-09-17 16:39:27,931 - INFO - ============================================================
2025-09-17 16:39:27,931 - INFO - Timeline data: 2186 points
2025-09-17 16:39:27,989 - INFO - SUCCESS: Exported signal distribution to /Users/steven/Projects/SQ/bond_ls_xgb_grope_full_v6/xgb_compare/results/20250917_155337_signal_distribution_rerun_EU_multiprocessing.csv
2025-09-17 16:39:27,989 - INFO - Records: 2,186
2025-09-17 16:39:27,990 - INFO - Date range: 2017-02-13 12:00:00 to 2025-07-30 12:00:00
2025-09-17 16:39:27,990 - INFO - Signal directions: {-1: 1114, 1: 1072}
2025-09-17 16:39:27,991 - INFO - Signal range: -1.000000 to 1.000000
2025-09-17 16:39:27,991 - INFO - Hit rate: 0.488
2025-09-17 16:39:27,991 - INFO - Total PnL: -0.104553
