2025-09-17 15:53:02,179 - INFO - ================================================================================
2025-09-17 15:53:02,179 - INFO - XGBoost Comparison Framework
2025-09-17 15:53:02,179 - INFO - ================================================================================
2025-09-17 15:53:02,179 - INFO - Configuration:
2025-09-17 15:53:02,179 - INFO -   Target Symbol: @BP#C
2025-09-17 15:53:02,179 - INFO -   Date Range: 2015-01-01 to 2025-08-01
2025-09-17 15:53:02,179 - INFO -   Models: 100, Type: standard
2025-09-17 15:53:02,179 - INFO -   Folds: 15
2025-09-17 15:53:02,179 - INFO -   Max Features: 100 (Limited)
2025-09-17 15:53:02,179 - INFO -   Feature Selection: Enabled
2025-09-17 15:53:02,179 - INFO -   Inner Val Fraction: 0.2
2025-09-17 15:53:02,179 - INFO -   EWMA Alpha: 0.1, Quality Halflife: 63 days
2025-09-17 15:53:02,179 - INFO -   Signal Type: Binary (+1/-1)
2025-09-17 15:53:02,179 - INFO -   Cross-validation: Expanding window
2025-09-17 15:53:02,179 - INFO -   Production: Cutoff=0.6, Top N=5, Q-Metric=sharpe
2025-09-17 15:53:02,179 - INFO -   Reselection: Every 1 fold(s)
2025-09-17 15:53:02,179 - INFO - 
2025-09-17 15:53:07,546 - INFO - Dropped 3 rows due to NaN in target column @BP#C_target_return
2025-09-17 15:53:07,650 - INFO - Loaded: X=(2732, 1906), y=(2732,)
2025-09-17 15:54:52,470 - INFO - Selected 100 features (threshold: 0.7)
2025-09-17 15:54:52,668 - INFO - Selected: 100 features
2025-09-17 15:54:53,063 - INFO - GPU detection: XGBoost not compiled with CUDA support - using CPU
2025-09-17 15:54:53,065 - INFO - Processing mode: CPU multiprocessing (GPU: False, Total models: 1500)
2025-09-17 15:54:53,077 - INFO - GPU detection: XGBoost not compiled with CUDA support - using CPU
2025-09-17 15:54:53,100 - INFO - Using expanding window
2025-09-17 15:54:53,101 - INFO - Starting analysis: 100 standard models x 13 folds
2025-09-17 15:54:53,101 - INFO - Processing Fold 1/13
2025-09-17 15:54:53,108 - INFO -   Using multiprocessing with 9 workers
2025-09-17 15:56:34,193 - INFO - Fold 1 Summary:
2025-09-17 15:56:34,195 - INFO -   Best OOS Sharpe: M61 (2.952, p=0.020)
2025-09-17 15:56:34,195 - INFO -   Best Q-Sharpe:  M61 (2.952, OOS_Sharpe=2.952, OOS_Hit=0.626)
2025-09-17 15:56:34,195 - INFO -   Mean OOS Sharpe: 0.488, Mean Hit: 0.532
2025-09-17 15:56:34,195 - INFO - 
2025-09-17 15:56:34,208 - INFO - Stored 100 trained models for production export
2025-09-17 15:56:34,208 - INFO - Processing Fold 2/13
2025-09-17 15:56:34,234 - INFO -   Using multiprocessing with 9 workers
2025-09-17 15:59:15,086 - INFO - Fold 2 Summary:
2025-09-17 15:59:15,089 - INFO -   Best OOS Sharpe: M66 (2.867, p=0.020)
2025-09-17 15:59:15,089 - INFO -   Best Q-Sharpe:  M61 (2.739, OOS_Sharpe=0.820, OOS_Hit=0.484)
2025-09-17 15:59:15,089 - INFO -   Mean OOS Sharpe: 0.246, Mean Hit: 0.492
2025-09-17 15:59:15,089 - INFO - 
2025-09-17 15:59:15,110 - INFO - Stored 100 trained models for production export
2025-09-17 15:59:15,110 - INFO - Processing Fold 3/13
2025-09-17 15:59:15,129 - INFO -   Using multiprocessing with 9 workers
2025-09-17 16:02:12,304 - INFO - Fold 3 Summary:
2025-09-17 16:02:12,308 - INFO -   Best OOS Sharpe: M83 (2.706, p=0.040)
2025-09-17 16:02:12,308 - INFO -   Best Q-Sharpe:  M98 (2.557, OOS_Sharpe=2.588, OOS_Hit=0.588)
2025-09-17 16:02:12,308 - INFO -   Mean OOS Sharpe: -0.344, Mean Hit: 0.517
2025-09-17 16:02:12,308 - INFO - 
2025-09-17 16:02:12,337 - INFO - Stored 100 trained models for production export
2025-09-17 16:02:12,338 - INFO - Processing Fold 4/13
2025-09-17 16:02:12,377 - INFO -   Using multiprocessing with 9 workers
2025-09-17 16:05:33,545 - INFO - Fold 4 Summary:
2025-09-17 16:05:33,552 - INFO -   Best OOS Sharpe: M01 (3.823, p=0.000)
2025-09-17 16:05:33,552 - INFO -   Best Q-Sharpe:  M98 (2.442, OOS_Sharpe=1.407, OOS_Hit=0.533)
2025-09-17 16:05:33,552 - INFO -   Mean OOS Sharpe: 1.267, Mean Hit: 0.525
2025-09-17 16:05:33,552 - INFO - 
2025-09-17 16:05:33,576 - INFO - Stored 100 trained models for production export
2025-09-17 16:05:33,577 - INFO - Processing Fold 5/13
2025-09-17 16:05:33,599 - INFO -   Using multiprocessing with 9 workers
2025-09-17 16:08:57,213 - INFO - Fold 5 Summary:
2025-09-17 16:08:57,232 - INFO -   Best OOS Sharpe: M74 (2.672, p=0.040)
2025-09-17 16:08:57,246 - INFO -   Best Q-Sharpe:  M98 (2.285, OOS_Sharpe=0.875, OOS_Hit=0.522)
2025-09-17 16:08:57,252 - INFO -   Mean OOS Sharpe: 0.937, Mean Hit: 0.529
2025-09-17 16:08:57,252 - INFO - 
2025-09-17 16:08:57,608 - INFO - Stored 100 trained models for production export
2025-09-17 16:08:57,608 - INFO - Processing Fold 6/13
2025-09-17 16:08:57,886 - INFO -   Using multiprocessing with 9 workers
2025-09-17 16:12:57,687 - INFO - Fold 6 Summary:
2025-09-17 16:12:57,698 - INFO -   Best OOS Sharpe: M87 (5.553, p=0.000)
2025-09-17 16:12:57,698 - INFO -   Best Q-Sharpe:  M76 (2.248, OOS_Sharpe=3.159, OOS_Hit=0.588)
2025-09-17 16:12:57,699 - INFO -   Mean OOS Sharpe: 2.303, Mean Hit: 0.582
2025-09-17 16:12:57,699 - INFO - 
2025-09-17 16:12:57,753 - INFO - Stored 100 trained models for production export
2025-09-17 16:12:57,754 - INFO - Processing Fold 7/13
2025-09-17 16:12:57,802 - INFO -   Using multiprocessing with 9 workers
2025-09-17 16:17:29,894 - INFO - Fold 7 Summary:
2025-09-17 16:17:29,897 - INFO -   Best OOS Sharpe: M18 (3.884, p=0.000)
2025-09-17 16:17:29,897 - INFO -   Best Q-Sharpe:  M98 (2.182, OOS_Sharpe=1.715, OOS_Hit=0.560)
2025-09-17 16:17:29,897 - INFO -   Mean OOS Sharpe: 1.597, Mean Hit: 0.557
2025-09-17 16:17:29,897 - INFO - 
2025-09-17 16:17:29,932 - INFO - Stored 100 trained models for production export
2025-09-17 16:17:29,933 - INFO - Processing Fold 8/13
2025-09-17 16:17:30,011 - INFO -   Using multiprocessing with 9 workers
2025-09-17 16:21:37,066 - INFO - Fold 8 Summary:
2025-09-17 16:21:37,077 - INFO -   Best OOS Sharpe: M34 (4.261, p=0.000)
2025-09-17 16:21:37,077 - INFO -   Best Q-Sharpe:  M34 (2.260, OOS_Sharpe=4.261, OOS_Hit=0.632)
2025-09-17 16:21:37,077 - INFO -   Mean OOS Sharpe: 0.360, Mean Hit: 0.517
2025-09-17 16:21:37,077 - INFO - 
2025-09-17 16:21:37,162 - INFO - Stored 100 trained models for production export
2025-09-17 16:21:37,163 - INFO - Processing Fold 9/13
2025-09-17 16:21:37,251 - INFO -   Using multiprocessing with 9 workers
2025-09-17 16:24:43,849 - INFO - Fold 9 Summary:
2025-09-17 16:24:43,867 - INFO -   Best OOS Sharpe: M27 (4.191, p=0.000)
2025-09-17 16:24:43,867 - INFO -   Best Q-Sharpe:  M98 (2.082, OOS_Sharpe=1.179, OOS_Hit=0.500)
2025-09-17 16:24:43,867 - INFO -   Mean OOS Sharpe: 1.093, Mean Hit: 0.495
2025-09-17 16:24:43,867 - INFO - 
2025-09-17 16:24:43,935 - INFO - Stored 100 trained models for production export
2025-09-17 16:24:43,937 - INFO - Processing Fold 10/13
2025-09-17 16:24:44,002 - INFO -   Using multiprocessing with 9 workers
2025-09-17 16:27:52,981 - INFO - Fold 10 Summary:
2025-09-17 16:27:52,995 - INFO -   Best OOS Sharpe: M38 (4.351, p=0.000)
2025-09-17 16:27:52,995 - INFO -   Best Q-Sharpe:  M34 (2.130, OOS_Sharpe=2.612, OOS_Hit=0.538)
2025-09-17 16:27:52,995 - INFO -   Mean OOS Sharpe: 1.528, Mean Hit: 0.530
2025-09-17 16:27:52,995 - INFO - 
2025-09-17 16:27:53,055 - INFO - Stored 100 trained models for production export
2025-09-17 16:27:53,056 - INFO - Processing Fold 11/13
2025-09-17 16:27:53,113 - INFO -   Using multiprocessing with 9 workers
2025-09-17 16:31:17,602 - INFO - Fold 11 Summary:
2025-09-17 16:31:17,611 - INFO -   Best OOS Sharpe: M60 (3.129, p=0.000)
2025-09-17 16:31:17,611 - INFO -   Best Q-Sharpe:  M34 (2.022, OOS_Sharpe=1.057, OOS_Hit=0.500)
2025-09-17 16:31:17,611 - INFO -   Mean OOS Sharpe: 1.142, Mean Hit: 0.511
2025-09-17 16:31:17,611 - INFO - 
2025-09-17 16:31:17,698 - INFO - Stored 100 trained models for production export
2025-09-17 16:31:17,699 - INFO - Processing Fold 12/13
2025-09-17 16:31:17,777 - INFO -   Using multiprocessing with 9 workers
2025-09-17 16:35:04,696 - INFO - Fold 12 Summary:
2025-09-17 16:35:04,702 - INFO -   Best OOS Sharpe: M16 (2.537, p=0.000)
2025-09-17 16:35:04,702 - INFO -   Best Q-Sharpe:  M76 (1.916, OOS_Sharpe=1.603, OOS_Hit=0.527)
2025-09-17 16:35:04,703 - INFO -   Mean OOS Sharpe: 0.637, Mean Hit: 0.515
2025-09-17 16:35:04,703 - INFO - 
2025-09-17 16:35:04,757 - INFO - Stored 100 trained models for production export
2025-09-17 16:35:04,757 - INFO - Processing Fold 13/13
2025-09-17 16:35:04,789 - INFO -   Using multiprocessing with 9 workers
2025-09-17 16:38:25,433 - INFO - Fold 13 Summary:
2025-09-17 16:38:25,439 - INFO -   Best OOS Sharpe: M92 (2.699, p=0.020)
2025-09-17 16:38:25,439 - INFO -   Best Q-Sharpe:  M34 (1.786, OOS_Sharpe=0.769, OOS_Hit=0.516)
2025-09-17 16:38:25,439 - INFO -   Mean OOS Sharpe: 0.437, Mean Hit: 0.510
2025-09-17 16:38:25,439 - INFO - 
2025-09-17 16:38:25,485 - INFO - Stored 100 trained models for production export
2025-09-17 16:38:25,486 - INFO - Starting full timeline backtesting...
2025-09-17 16:38:25,489 - INFO - Running full timeline backtest with 13 folds (0-based indexing)
2025-09-17 16:38:25,490 - INFO - Fold 0 skipped (no prior Q-score history for meaningful selection)
2025-09-17 16:38:25,490 - INFO - Effective backtest period: Folds 1-12 (12 folds)
2025-09-17 16:38:25,490 - INFO - Training period: Folds 1-7
2025-09-17 16:38:25,490 - INFO - Production period: Folds 8-12
2025-09-17 16:38:25,490 - INFO - Using consistent OOS methodology for all folds
2025-09-17 16:38:25,491 - INFO - Fold 0: Skipped (no prior Q-score history for meaningful selection)
2025-09-17 16:38:25,491 - INFO - 
--- Processing fold 1/12 ---
2025-09-17 16:38:25,544 - INFO - Fold 1: Q-scores from fold 0: ['M00:0.307', 'M01:0.704', 'M02:-1.195', 'M03:2.437', 'M04:0.982']...
2025-09-17 16:38:25,546 - INFO - Fold 1: Selected models [61, 76, 57, 98, 82] based on fold 0 Q-scores, avg Q-score: 2.690
2025-09-17 16:38:25,586 - INFO - Fold 1 (Training): Sharpe=0.589, Hit=48.9%
2025-09-17 16:38:25,586 - INFO - 
--- Processing fold 2/12 ---
2025-09-17 16:38:25,652 - INFO - Fold 2: Q-scores from fold 1: ['M00:0.340', 'M01:0.794', 'M02:-0.940', 'M03:2.168', 'M04:0.894']...
2025-09-17 16:38:25,655 - INFO - Fold 2: Selected models [61, 76, 98, 34, 57] based on fold 1 Q-scores, avg Q-score: 2.530
2025-09-17 16:38:25,666 - INFO - Fold 2 (Training): Sharpe=0.914, Hit=53.8%
2025-09-17 16:38:25,666 - INFO - 
--- Processing fold 3/12 ---
2025-09-17 16:38:25,743 - INFO - Fold 3: Q-scores from fold 2: ['M00:0.390', 'M01:0.547', 'M02:-0.826', 'M03:1.917', 'M04:0.828']...
2025-09-17 16:38:25,743 - INFO - Fold 3: Selected models [98, 76, 61, 34, 57] based on fold 2 Q-scores, avg Q-score: 2.321
2025-09-17 16:38:25,753 - INFO - Fold 3 (Training): Sharpe=0.919, Hit=51.6%
2025-09-17 16:38:25,754 - INFO - 
--- Processing fold 4/12 ---
2025-09-17 16:38:25,808 - INFO - Fold 4: Q-scores from fold 3: ['M00:0.621', 'M01:0.874', 'M02:-0.736', 'M03:1.886', 'M04:0.910']...
2025-09-17 16:38:25,809 - INFO - Fold 4: Selected models [98, 76, 61, 34, 57] based on fold 3 Q-scores, avg Q-score: 2.226
2025-09-17 16:38:25,818 - INFO - Fold 4 (Training): Sharpe=-0.448, Hit=50.5%
2025-09-17 16:38:25,818 - INFO - 
--- Processing fold 5/12 ---
2025-09-17 16:38:25,849 - INFO - Fold 5: Q-scores from fold 4: ['M00:0.708', 'M01:0.927', 'M02:-0.559', 'M03:1.771', 'M04:1.075']...
2025-09-17 16:38:25,849 - INFO - Fold 5: Selected models [98, 76, 34, 61, 82] based on fold 4 Q-scores, avg Q-score: 2.032
2025-09-17 16:38:25,861 - INFO - Fold 5 (Training): Sharpe=4.088, Hit=62.1%
2025-09-17 16:38:25,861 - INFO - 
--- Processing fold 6/12 ---
2025-09-17 16:38:25,938 - INFO - Fold 6: Q-scores from fold 5: ['M00:0.841', 'M01:1.366', 'M02:-0.466', 'M03:1.681', 'M04:1.116']...
2025-09-17 16:38:25,938 - INFO - Fold 6: Selected models [76, 98, 61, 34, 82] based on fold 5 Q-scores, avg Q-score: 2.084
2025-09-17 16:38:25,949 - INFO - Fold 6 (Training): Sharpe=1.919, Hit=56.6%
2025-09-17 16:38:25,949 - INFO - 
--- Processing fold 7/12 ---
2025-09-17 16:38:26,028 - INFO - Fold 7: Q-scores from fold 6: ['M00:1.040', 'M01:1.383', 'M02:-0.133', 'M03:1.593', 'M04:1.022']...
2025-09-17 16:38:26,028 - INFO - Fold 7: Selected models [98, 61, 76, 34, 86] based on fold 6 Q-scores, avg Q-score: 2.046
2025-09-17 16:38:26,036 - INFO - Fold 7 (Training): Sharpe=1.178, Hit=54.9%
2025-09-17 16:38:26,037 - INFO - 
--- Processing fold 8/12 ---
2025-09-17 16:38:26,064 - INFO - Fold 8: Q-scores from fold 7: ['M00:0.808', 'M01:1.393', 'M02:-0.078', 'M03:1.455', 'M04:0.863']...
2025-09-17 16:38:26,067 - INFO - Fold 8: Selected models [34, 98, 61, 76, 8] based on fold 7 Q-scores, avg Q-score: 2.007
2025-09-17 16:38:26,078 - INFO - Fold 8 (Production): Sharpe=0.959, Hit=49.5%
2025-09-17 16:38:26,079 - INFO - 
--- Processing fold 9/12 ---
2025-09-17 16:38:26,142 - INFO - Fold 9: Q-scores from fold 8: ['M00:0.771', 'M01:1.330', 'M02:0.171', 'M03:1.391', 'M04:0.954']...
2025-09-17 16:38:26,142 - INFO - Fold 9: Selected models [98, 34, 61, 76, 82] based on fold 8 Q-scores, avg Q-score: 1.943
2025-09-17 16:38:26,148 - INFO - Fold 9 (Production): Sharpe=2.467, Hit=54.4%
2025-09-17 16:38:26,148 - INFO - 
--- Processing fold 10/12 ---
2025-09-17 16:38:26,179 - INFO - Fold 10: Q-scores from fold 9: ['M00:0.830', 'M01:1.426', 'M02:0.399', 'M03:1.461', 'M04:1.139']...
2025-09-17 16:38:26,179 - INFO - Fold 10: Selected models [34, 98, 82, 61, 76] based on fold 9 Q-scores, avg Q-score: 1.971
2025-09-17 16:38:26,185 - INFO - Fold 10 (Production): Sharpe=1.784, Hit=52.2%
2025-09-17 16:38:26,185 - INFO - 
--- Processing fold 11/12 ---
2025-09-17 16:38:26,272 - INFO - Fold 11: Q-scores from fold 10: ['M00:0.837', 'M01:1.376', 'M02:0.440', 'M03:1.480', 'M04:1.119']...
2025-09-17 16:38:26,272 - INFO - Fold 11: Selected models [34, 76, 82, 61, 98] based on fold 10 Q-scores, avg Q-score: 1.922
2025-09-17 16:38:26,278 - INFO - Fold 11 (Production): Sharpe=0.969, Hit=48.9%
2025-09-17 16:38:26,279 - INFO - 
--- Processing fold 12/12 ---
2025-09-17 16:38:26,329 - INFO - Fold 12: Q-scores from fold 11: ['M00:0.805', 'M01:1.307', 'M02:0.357', 'M03:1.242', 'M04:1.192']...
2025-09-17 16:38:26,329 - INFO - Fold 12: Selected models [76, 34, 61, 82, 98] based on fold 11 Q-scores, avg Q-score: 1.798
2025-09-17 16:38:26,333 - INFO - Fold 12 (Production): Sharpe=0.147, Hit=51.1%
2025-09-17 16:38:26,335 - INFO - Training Period Overall: Sharpe=1.487, Hit=54.1%
2025-09-17 16:38:26,336 - INFO - Production Period Overall: Sharpe=1.318, Hit=51.2%
2025-09-17 16:38:26,338 - INFO - Full Timeline Overall: Sharpe=1.410, Hit=52.9%
2025-09-17 16:38:26,339 - INFO - Training: Sharpe=1.487 | Hit=54.1% | Return=12.48%
2025-09-17 16:38:26,339 - INFO - Production: Sharpe=1.318 | Hit=51.2% | Return=12.38%
2025-09-17 16:38:26,339 - INFO - Full Timeline: Sharpe=1.410 | Hit=52.9% | Return=12.44%
2025-09-17 16:38:26,339 - INFO - Generating visualizations...
2025-09-17 16:38:26,340 - INFO - Creating clean visualizations for 100 models...
2025-09-17 16:38:32,210 - INFO - Clean fold-by-fold analysis saved to: 20250917_155302_fold_@BP#C_100models_15folds_rerun_BP_multiprocessing.png
2025-09-17 16:38:36,671 - INFO - Detailed production analysis saved to: 20250917_155302_backtest_@BP#C_100models_15folds_rerun_BP_multiprocessing.png
2025-09-17 16:38:36,677 - INFO - ================================================================================
2025-09-17 16:38:36,677 - INFO - BACKTEST SUMMARY
2025-09-17 16:38:36,677 - INFO - ================================================================================
2025-09-17 16:38:36,677 - INFO - Config: Cutoff=70%, Top N=5, Q-Metric=sharpe, Reselection=1 fold(s)
2025-09-17 16:38:36,677 - INFO - Model Selection History:
2025-09-17 16:38:36,678 - INFO -   Fold 1: M61, M76, M57, M98, M82 (Avg Q-sharpe: 2.690)
2025-09-17 16:38:36,678 - INFO -   Fold 2: M61, M76, M98, M34, M57 (Avg Q-sharpe: 2.530)
2025-09-17 16:38:36,678 - INFO -   Fold 3: M98, M76, M61, M34, M57 (Avg Q-sharpe: 2.321)
2025-09-17 16:38:36,678 - INFO -   Fold 4: M98, M76, M61, M34, M57 (Avg Q-sharpe: 2.226)
2025-09-17 16:38:36,678 - INFO -   Fold 5: M98, M76, M34, M61, M82 (Avg Q-sharpe: 2.032)
2025-09-17 16:38:36,678 - INFO -   Fold 6: M76, M98, M61, M34, M82 (Avg Q-sharpe: 2.084)
2025-09-17 16:38:36,678 - INFO -   Fold 7: M98, M61, M76, M34, M86 (Avg Q-sharpe: 2.046)
2025-09-17 16:38:36,678 - INFO -   Fold 8: M34, M98, M61, M76, M08 (Avg Q-sharpe: 2.007)
2025-09-17 16:38:36,678 - INFO -   Fold 9: M98, M34, M61, M76, M82 (Avg Q-sharpe: 1.943)
2025-09-17 16:38:36,678 - INFO -   Fold 10: M34, M98, M82, M61, M76 (Avg Q-sharpe: 1.971)
2025-09-17 16:38:36,678 - INFO -   Fold 11: M34, M76, M82, M61, M98 (Avg Q-sharpe: 1.922)
2025-09-17 16:38:36,678 - INFO -   Fold 12: M76, M34, M61, M82, M98 (Avg Q-sharpe: 1.798)
2025-09-17 16:38:36,678 - INFO - 
2025-09-17 16:38:36,678 - INFO - Fold-by-Fold Performance:
2025-09-17 16:38:36,678 - INFO -   Fold 1: M61, M76, M57, M98, M82 | Sharpe=0.589 | Hit=48.9% | Samples=182
2025-09-17 16:38:36,679 - INFO -   Fold 2: M61, M76, M98, M34, M57 | Sharpe=0.914 | Hit=53.8% | Samples=182
2025-09-17 16:38:36,679 - INFO -   Fold 3: M98, M76, M61, M34, M57 | Sharpe=0.919 | Hit=51.6% | Samples=182
2025-09-17 16:38:36,679 - INFO -   Fold 4: M98, M76, M61, M34, M57 | Sharpe=-0.448 | Hit=50.5% | Samples=182
2025-09-17 16:38:36,679 - INFO -   Fold 5: M98, M76, M34, M61, M82 | Sharpe=4.088 | Hit=62.1% | Samples=182
2025-09-17 16:38:36,679 - INFO -   Fold 6: M76, M98, M61, M34, M82 | Sharpe=1.919 | Hit=56.6% | Samples=182
2025-09-17 16:38:36,679 - INFO -   Fold 7: M98, M61, M76, M34, M86 | Sharpe=1.178 | Hit=54.9% | Samples=182
2025-09-17 16:38:36,679 - INFO -   Fold 8: M34, M98, M61, M76, M08 | Sharpe=0.959 | Hit=49.5% | Samples=182
2025-09-17 16:38:36,679 - INFO -   Fold 9: M98, M34, M61, M76, M82 | Sharpe=2.467 | Hit=54.4% | Samples=182
2025-09-17 16:38:36,679 - INFO -   Fold 10: M34, M98, M82, M61, M76 | Sharpe=1.784 | Hit=52.2% | Samples=182
2025-09-17 16:38:36,679 - INFO -   Fold 11: M34, M76, M82, M61, M98 | Sharpe=0.969 | Hit=48.9% | Samples=182
2025-09-17 16:38:36,679 - INFO -   Fold 12: M76, M34, M61, M82, M98 | Sharpe=0.147 | Hit=51.1% | Samples=184
2025-09-17 16:38:36,679 - INFO - ================================================================================
2025-09-17 16:38:36,679 - INFO - ================================================================================
2025-09-17 16:38:36,679 - INFO - ANALYSIS COMPLETED SUCCESSFULLY!
2025-09-17 16:38:36,679 - INFO - ================================================================================
2025-09-17 16:38:36,679 - INFO - Generated 2 visualization files
2025-09-17 16:38:36,680 - INFO -   - 20250917_155302_fold_@BP#C_100models_15folds_rerun_BP_multiprocessing.png
2025-09-17 16:38:36,680 - INFO -   - 20250917_155302_backtest_@BP#C_100models_15folds_rerun_BP_multiprocessing.png
2025-09-17 16:38:36,680 - INFO - Training Final: Sharpe=1.487 | Hit=54.1% | Return=12.48% | CB=0.984
2025-09-17 16:38:36,680 - INFO - Production Final: Sharpe=1.318 | Hit=51.2% | Return=12.38% | CB=0.919
2025-09-17 16:38:36,680 - INFO - Full Timeline Final: Sharpe=1.410 | Hit=52.9% | Return=12.44% | CB=0.923
2025-09-17 16:38:36,682 - INFO - ============================================================
2025-09-17 16:38:36,683 - INFO - EXPORTING PRODUCTION MODELS (Consolidated File)
2025-09-17 16:38:36,683 - INFO - ============================================================
2025-09-17 16:38:36,683 - INFO - Backtest results keys: ['full_timeline_metrics', 'training_metrics', 'production_metrics', 'model_selection_history', 'fold_results', 'full_timeline_returns', 'training_returns', 'production_returns', 'full_timeline_predictions', 'full_timeline_dates', 'cutoff_fold', 'training_folds', 'production_folds']
2025-09-17 16:38:36,683 - INFO - Model selection history length: 12
2025-09-17 16:38:36,683 - INFO - Final selection keys: ['fold', 'selection_based_on_fold', 'selected_models', 'avg_q_score', 'period_type']
2025-09-17 16:38:36,683 - INFO - Final fold selected models: [76, 34, 61, 82, 98]
2025-09-17 16:38:36,683 - INFO - All fold results type: <class 'dict'>
2025-09-17 16:38:36,683 - INFO - All fold results keys/length: ['fold_1', 'fold_2', 'fold_3', 'fold_4', 'fold_5', 'fold_6', 'fold_7', 'fold_8', 'fold_9', 'fold_10', 'fold_11', 'fold_12', 'fold_13']
2025-09-17 16:38:36,683 - INFO - Available fold indices: [0, 1, 2, 3, 4, 5, 6, 7, 8, 9, 10, 11, 12]
2025-09-17 16:38:36,683 - INFO - Using fold index 11 (key: fold_12) as production fold
2025-09-17 16:38:36,683 - INFO - Final fold keys: ['results_df', 'model_metrics', 'oos_predictions', 'test_idx', 'trained_models', 'model_specs']
2025-09-17 16:38:36,683 - INFO - Trained models available: [0, 1, 2, 3, 4, 5, 6, 7, 8, 9, 10, 11, 12, 13, 14, 15, 16, 17, 18, 19, 20, 21, 22, 23, 24, 25, 26, 27, 28, 29, 30, 31, 32, 33, 34, 35, 36, 37, 38, 39, 40, 41, 42, 43, 44, 45, 46, 47, 48, 49, 50, 51, 52, 53, 54, 55, 56, 57, 58, 59, 60, 61, 62, 63, 64, 65, 66, 67, 68, 69, 70, 71, 72, 73, 74, 75, 76, 77, 78, 79, 80, 81, 82, 83, 84, 85, 86, 87, 88, 89, 90, 91, 92, 93, 94, 95, 96, 97, 98, 99]
2025-09-17 16:38:36,684 - INFO - Added model M76 -> model_01 with all 100 features (framework standard)
2025-09-17 16:38:36,684 - INFO - Added model M34 -> model_02 with all 100 features (framework standard)
2025-09-17 16:38:36,684 - INFO - Added model M61 -> model_03 with all 100 features (framework standard)
2025-09-17 16:38:36,684 - INFO - Added model M82 -> model_04 with all 100 features (framework standard)
2025-09-17 16:38:36,684 - INFO - Added model M98 -> model_05 with all 100 features (framework standard)
2025-09-17 16:38:36,684 - INFO - Extracted 5 selected models
2025-09-17 16:38:36,727 - INFO - SUCCESS: Exported 5 selected models to /Users/steven/Projects/SQ/bond_ls_xgb_grope_full_v6/PROD/models/@BP#C_20250917_155302.pkl
2025-09-17 16:38:36,727 - INFO - File size: 1,635,776 bytes
2025-09-17 16:38:36,728 - INFO - Selected features: 100 features
2025-09-17 16:38:36,728 - INFO - Selected models: [76, 34, 61, 82, 98]
2025-09-17 16:38:36,728 - INFO - ============================================================
2025-09-17 16:38:36,728 - INFO - EXPORTING SIGNAL DISTRIBUTION
2025-09-17 16:38:36,728 - INFO - ============================================================
2025-09-17 16:38:36,728 - INFO - Timeline data: 2186 points
2025-09-17 16:38:36,824 - INFO - SUCCESS: Exported signal distribution to /Users/steven/Projects/SQ/bond_ls_xgb_grope_full_v6/xgb_compare/results/20250917_155302_signal_distribution_rerun_BP_multiprocessing.csv
2025-09-17 16:38:36,824 - INFO - Records: 2,186
2025-09-17 16:38:36,827 - INFO - Date range: 2017-02-13 12:00:00 to 2025-07-30 12:00:00
2025-09-17 16:38:36,828 - INFO - Signal directions: {-1: 1123, 1: 1063}
2025-09-17 16:38:36,828 - INFO - Signal range: -1.000000 to 1.000000
2025-09-17 16:38:36,828 - INFO - Hit rate: 0.505
2025-09-17 16:38:36,829 - INFO - Total PnL: -0.039965
