2025-09-17 18:05:45,641 - INFO - ================================================================================
2025-09-17 18:05:45,641 - INFO - XGBoost Comparison Framework
2025-09-17 18:05:45,641 - INFO - ================================================================================
2025-09-17 18:05:45,641 - INFO - Configuration:
2025-09-17 18:05:45,641 - INFO -   Target Symbol: QRB#C
2025-09-17 18:05:45,641 - INFO -   Date Range: 2015-01-01 to 2025-08-01
2025-09-17 18:05:45,641 - INFO -   Models: 100, Type: standard
2025-09-17 18:05:45,641 - INFO -   Folds: 15
2025-09-17 18:05:45,641 - INFO -   Max Features: 100 (Limited)
2025-09-17 18:05:45,641 - INFO -   Feature Selection: Enabled
2025-09-17 18:05:45,641 - INFO -   Inner Val Fraction: 0.2
2025-09-17 18:05:45,641 - INFO -   EWMA Alpha: 0.1, Quality Halflife: 63 days
2025-09-17 18:05:45,641 - INFO -   Signal Type: Binary (+1/-1)
2025-09-17 18:05:45,641 - INFO -   Cross-validation: Expanding window
2025-09-17 18:05:45,641 - INFO -   Production: Cutoff=0.6, Top N=5, Q-Metric=sharpe
2025-09-17 18:05:45,641 - INFO -   Reselection: Every 1 fold(s)
2025-09-17 18:05:45,641 - INFO - 
2025-09-17 18:06:00,620 - INFO - Dropped 6 rows due to NaN in target column QRB#C_target_return
2025-09-17 18:06:01,374 - INFO - Loaded: X=(2729, 1906), y=(2729,)
2025-09-17 18:07:39,479 - INFO - Selected 100 features (threshold: 0.7)
2025-09-17 18:07:39,651 - INFO - Selected: 100 features
2025-09-17 18:07:39,922 - INFO - GPU detection: XGBoost not compiled with CUDA support - using CPU
2025-09-17 18:07:39,923 - INFO - Processing mode: CPU multiprocessing (GPU: False, Total models: 1500)
2025-09-17 18:07:39,935 - INFO - GPU detection: XGBoost not compiled with CUDA support - using CPU
2025-09-17 18:07:39,937 - INFO - Using expanding window
2025-09-17 18:07:39,939 - INFO - Starting analysis: 100 standard models x 13 folds
2025-09-17 18:07:39,996 - INFO - Processing Fold 1/13
2025-09-17 18:07:40,013 - INFO -   Using multiprocessing with 9 workers
2025-09-17 18:10:42,862 - INFO - Fold 1 Summary:
2025-09-17 18:10:42,865 - INFO -   Best OOS Sharpe: M33 (1.311, p=0.340)
2025-09-17 18:10:42,865 - INFO -   Best Q-Sharpe:  M33 (1.311, OOS_Sharpe=1.311, OOS_Hit=0.586)
2025-09-17 18:10:42,865 - INFO -   Mean OOS Sharpe: -0.976, Mean Hit: 0.497
2025-09-17 18:10:42,865 - INFO - 
2025-09-17 18:10:42,876 - INFO - Stored 100 trained models for production export
2025-09-17 18:10:42,876 - INFO - Processing Fold 2/13
2025-09-17 18:10:42,907 - INFO -   Using multiprocessing with 9 workers
2025-09-17 18:13:50,767 - INFO - Fold 2 Summary:
2025-09-17 18:13:50,774 - INFO -   Best OOS Sharpe: M64 (1.650, p=0.100)
2025-09-17 18:13:50,774 - INFO -   Best Q-Sharpe:  M33 (1.212, OOS_Sharpe=0.317, OOS_Hit=0.492)
2025-09-17 18:13:50,774 - INFO -   Mean OOS Sharpe: -0.655, Mean Hit: 0.501
2025-09-17 18:13:50,774 - INFO - 
2025-09-17 18:13:50,798 - INFO - Stored 100 trained models for production export
2025-09-17 18:13:50,798 - INFO - Processing Fold 3/13
2025-09-17 18:13:50,832 - INFO -   Using multiprocessing with 9 workers
2025-09-17 18:17:17,162 - INFO - Fold 3 Summary:
2025-09-17 18:17:17,168 - INFO -   Best OOS Sharpe: M01 (1.312, p=0.440)
2025-09-17 18:17:17,168 - INFO -   Best Q-Sharpe:  M33 (1.060, OOS_Sharpe=-0.308, OOS_Hit=0.503)
2025-09-17 18:17:17,168 - INFO -   Mean OOS Sharpe: -0.341, Mean Hit: 0.524
2025-09-17 18:17:17,168 - INFO - 
2025-09-17 18:17:17,189 - INFO - Stored 100 trained models for production export
2025-09-17 18:17:17,190 - INFO - Processing Fold 4/13
2025-09-17 18:17:17,216 - INFO -   Using multiprocessing with 9 workers
2025-09-17 18:20:37,774 - INFO - Fold 4 Summary:
2025-09-17 18:20:37,784 - INFO -   Best OOS Sharpe: M66 (3.576, p=0.000)
2025-09-17 18:20:37,784 - INFO -   Best Q-Sharpe:  M33 (1.150, OOS_Sharpe=1.960, OOS_Hit=0.536)
2025-09-17 18:20:37,784 - INFO -   Mean OOS Sharpe: 0.329, Mean Hit: 0.525
2025-09-17 18:20:37,784 - INFO - 
2025-09-17 18:20:37,815 - INFO - Stored 100 trained models for production export
2025-09-17 18:20:37,817 - INFO - Processing Fold 5/13
2025-09-17 18:20:37,854 - INFO -   Using multiprocessing with 9 workers
2025-09-17 18:23:57,810 - INFO - Fold 5 Summary:
2025-09-17 18:23:57,817 - INFO -   Best OOS Sharpe: M10 (2.144, p=0.120)
2025-09-17 18:23:57,817 - INFO -   Best Q-Sharpe:  M33 (1.194, OOS_Sharpe=1.594, OOS_Hit=0.519)
2025-09-17 18:23:57,817 - INFO -   Mean OOS Sharpe: -0.688, Mean Hit: 0.505
2025-09-17 18:23:57,817 - INFO - 
2025-09-17 18:23:57,843 - INFO - Stored 100 trained models for production export
2025-09-17 18:23:57,844 - INFO - Processing Fold 6/13
2025-09-17 18:23:57,881 - INFO -   Using multiprocessing with 9 workers
2025-09-17 18:27:13,399 - INFO - Fold 6 Summary:
2025-09-17 18:27:13,407 - INFO -   Best OOS Sharpe: M36 (1.451, p=0.200)
2025-09-17 18:27:13,407 - INFO -   Best Q-Sharpe:  M33 (1.156, OOS_Sharpe=0.809, OOS_Hit=0.492)
2025-09-17 18:27:13,407 - INFO -   Mean OOS Sharpe: -0.775, Mean Hit: 0.491
2025-09-17 18:27:13,407 - INFO - 
2025-09-17 18:27:13,445 - INFO - Stored 100 trained models for production export
2025-09-17 18:27:13,445 - INFO - Processing Fold 7/13
2025-09-17 18:27:13,480 - INFO -   Using multiprocessing with 9 workers
2025-09-17 18:30:36,133 - INFO - Fold 7 Summary:
2025-09-17 18:30:36,203 - INFO -   Best OOS Sharpe: M84 (1.392, p=0.120)
2025-09-17 18:30:36,203 - INFO -   Best Q-Sharpe:  M33 (1.160, OOS_Sharpe=1.198, OOS_Hit=0.564)
2025-09-17 18:30:36,203 - INFO -   Mean OOS Sharpe: 0.841, Mean Hit: 0.512
2025-09-17 18:30:36,203 - INFO - 
2025-09-17 18:30:36,505 - INFO - Stored 100 trained models for production export
2025-09-17 18:30:36,508 - INFO - Processing Fold 8/13
2025-09-17 18:30:36,793 - INFO -   Using multiprocessing with 9 workers
2025-09-17 18:34:10,823 - INFO - Fold 8 Summary:
2025-09-17 18:34:10,830 - INFO -   Best OOS Sharpe: M40 (2.866, p=0.060)
2025-09-17 18:34:10,831 - INFO -   Best Q-Sharpe:  M33 (1.075, OOS_Sharpe=0.313, OOS_Hit=0.525)
2025-09-17 18:34:10,831 - INFO -   Mean OOS Sharpe: -0.348, Mean Hit: 0.481
2025-09-17 18:34:10,831 - INFO - 
2025-09-17 18:34:10,882 - INFO - Stored 100 trained models for production export
2025-09-17 18:34:10,883 - INFO - Processing Fold 9/13
2025-09-17 18:34:10,931 - INFO -   Using multiprocessing with 9 workers
2025-09-17 18:37:30,453 - INFO - Fold 9 Summary:
2025-09-17 18:37:30,472 - INFO -   Best OOS Sharpe: M45 (1.749, p=0.080)
2025-09-17 18:37:30,472 - INFO -   Best Q-Sharpe:  M33 (0.780, OOS_Sharpe=-1.875, OOS_Hit=0.431)
2025-09-17 18:37:30,472 - INFO -   Mean OOS Sharpe: -0.745, Mean Hit: 0.465
2025-09-17 18:37:30,473 - INFO - 
2025-09-17 18:37:30,698 - INFO - Stored 100 trained models for production export
2025-09-17 18:37:30,705 - INFO - Processing Fold 10/13
2025-09-17 18:37:30,989 - INFO -   Using multiprocessing with 9 workers
2025-09-17 18:41:25,926 - INFO - Fold 10 Summary:
2025-09-17 18:41:25,929 - INFO -   Best OOS Sharpe: M19 (3.087, p=0.000)
2025-09-17 18:41:25,930 - INFO -   Best Q-Sharpe:  M33 (0.883, OOS_Sharpe=1.808, OOS_Hit=0.519)
2025-09-17 18:41:25,930 - INFO -   Mean OOS Sharpe: 0.281, Mean Hit: 0.515
2025-09-17 18:41:25,930 - INFO - 
2025-09-17 18:41:25,959 - INFO - Stored 100 trained models for production export
2025-09-17 18:41:25,960 - INFO - Processing Fold 11/13
2025-09-17 18:41:25,979 - INFO -   Using multiprocessing with 9 workers
2025-09-17 18:47:02,171 - INFO - Fold 11 Summary:
2025-09-17 18:47:02,181 - INFO -   Best OOS Sharpe: M09 (2.665, p=0.060)
2025-09-17 18:47:02,181 - INFO -   Best Q-Sharpe:  M90 (0.616, OOS_Sharpe=-0.560, OOS_Hit=0.459)
2025-09-17 18:47:02,181 - INFO -   Mean OOS Sharpe: -0.371, Mean Hit: 0.481
2025-09-17 18:47:02,181 - INFO - 
2025-09-17 18:47:02,242 - INFO - Stored 100 trained models for production export
2025-09-17 18:47:02,242 - INFO - Processing Fold 12/13
2025-09-17 18:47:02,291 - INFO -   Using multiprocessing with 9 workers
2025-09-17 18:51:00,598 - INFO - Fold 12 Summary:
2025-09-17 18:51:00,641 - INFO -   Best OOS Sharpe: M57 (2.263, p=0.060)
2025-09-17 18:51:00,641 - INFO -   Best Q-Sharpe:  M33 (0.611, OOS_Sharpe=0.886, OOS_Hit=0.470)
2025-09-17 18:51:00,641 - INFO -   Mean OOS Sharpe: -0.214, Mean Hit: 0.489
2025-09-17 18:51:00,641 - INFO - 
2025-09-17 18:51:00,978 - INFO - Stored 100 trained models for production export
2025-09-17 18:51:00,981 - INFO - Processing Fold 13/13
2025-09-17 18:51:01,329 - INFO -   Using multiprocessing with 9 workers
2025-09-17 18:52:31,807 - INFO - Fold 13 Summary:
2025-09-17 18:52:31,811 - INFO -   Best OOS Sharpe: M02 (1.916, p=0.040)
2025-09-17 18:52:31,811 - INFO -   Best Q-Sharpe:  M90 (0.545, OOS_Sharpe=0.790, OOS_Hit=0.503)
2025-09-17 18:52:31,811 - INFO -   Mean OOS Sharpe: -0.560, Mean Hit: 0.483
2025-09-17 18:52:31,811 - INFO - 
2025-09-17 18:52:31,820 - INFO - Stored 100 trained models for production export
2025-09-17 18:52:31,820 - INFO - Starting full timeline backtesting...
2025-09-17 18:52:31,821 - INFO - Running full timeline backtest with 13 folds (0-based indexing)
2025-09-17 18:52:31,822 - INFO - Fold 0 skipped (no prior Q-score history for meaningful selection)
2025-09-17 18:52:31,822 - INFO - Effective backtest period: Folds 1-12 (12 folds)
2025-09-17 18:52:31,822 - INFO - Training period: Folds 1-7
2025-09-17 18:52:31,822 - INFO - Production period: Folds 8-12
2025-09-17 18:52:31,822 - INFO - Using consistent OOS methodology for all folds
2025-09-17 18:52:31,823 - INFO - Fold 0: Skipped (no prior Q-score history for meaningful selection)
2025-09-17 18:52:31,824 - INFO - 
--- Processing fold 1/12 ---
2025-09-17 18:52:31,839 - INFO - Fold 1: Q-scores from fold 0: ['M00:0.036', 'M01:-1.150', 'M02:-2.160', 'M03:-0.671', 'M04:-1.352']...
2025-09-17 18:52:31,839 - INFO - Fold 1: Selected models [33, 88, 7, 26, 36] based on fold 0 Q-scores, avg Q-score: 0.989
2025-09-17 18:52:31,851 - INFO - Fold 1 (Training): Sharpe=-0.960, Hit=49.2%
2025-09-17 18:52:31,851 - INFO - 
--- Processing fold 2/12 ---
2025-09-17 18:52:31,867 - INFO - Fold 2: Q-scores from fold 1: ['M00:-0.033', 'M01:-1.076', 'M02:-2.040', 'M03:-0.699', 'M04:-1.365']...
2025-09-17 18:52:31,867 - INFO - Fold 2: Selected models [33, 88, 7, 26, 36] based on fold 1 Q-scores, avg Q-score: 0.859
2025-09-17 18:52:31,874 - INFO - Fold 2 (Training): Sharpe=-0.656, Hit=50.3%
2025-09-17 18:52:31,875 - INFO - 
--- Processing fold 3/12 ---
2025-09-17 18:52:31,903 - INFO - Fold 3: Q-scores from fold 2: ['M00:-0.023', 'M01:-0.837', 'M02:-1.867', 'M03:-0.662', 'M04:-1.284']...
2025-09-17 18:52:31,903 - INFO - Fold 3: Selected models [33, 88, 7, 26, 36] based on fold 2 Q-scores, avg Q-score: 0.726
2025-09-17 18:52:31,908 - INFO - Fold 3 (Training): Sharpe=1.550, Hit=49.2%
2025-09-17 18:52:31,909 - INFO - 
--- Processing fold 4/12 ---
2025-09-17 18:52:31,930 - INFO - Fold 4: Q-scores from fold 3: ['M00:-0.011', 'M01:-0.617', 'M02:-1.713', 'M03:-0.587', 'M04:-0.970']...
2025-09-17 18:52:31,930 - INFO - Fold 4: Selected models [33, 88, 26, 90, 7] based on fold 3 Q-scores, avg Q-score: 0.770
2025-09-17 18:52:31,935 - INFO - Fold 4 (Training): Sharpe=0.910, Hit=53.0%
2025-09-17 18:52:31,935 - INFO - 
--- Processing fold 5/12 ---
2025-09-17 18:52:31,953 - INFO - Fold 5: Q-scores from fold 4: ['M00:0.108', 'M01:-0.704', 'M02:-1.690', 'M03:-0.703', 'M04:-0.711']...
2025-09-17 18:52:31,953 - INFO - Fold 5: Selected models [33, 26, 88, 90, 5] based on fold 4 Q-scores, avg Q-score: 0.818
2025-09-17 18:52:31,961 - INFO - Fold 5 (Training): Sharpe=-1.858, Hit=48.1%
2025-09-17 18:52:31,961 - INFO - 
--- Processing fold 6/12 ---
2025-09-17 18:52:31,981 - INFO - Fold 6: Q-scores from fold 5: ['M00:-0.057', 'M01:-0.740', 'M02:-1.674', 'M03:-0.757', 'M04:-0.797']...
2025-09-17 18:52:31,981 - INFO - Fold 6: Selected models [33, 90, 36, 26, 88] based on fold 5 Q-scores, avg Q-score: 0.728
2025-09-17 18:52:31,985 - INFO - Fold 6 (Training): Sharpe=1.080, Hit=54.1%
2025-09-17 18:52:31,986 - INFO - 
--- Processing fold 7/12 ---
2025-09-17 18:52:32,008 - INFO - Fold 7: Q-scores from fold 6: ['M00:0.052', 'M01:-0.546', 'M02:-1.381', 'M03:-0.577', 'M04:-0.626']...
2025-09-17 18:52:32,008 - INFO - Fold 7: Selected models [33, 90, 26, 36, 88] based on fold 6 Q-scores, avg Q-score: 0.766
2025-09-17 18:52:32,013 - INFO - Fold 7 (Training): Sharpe=-0.790, Hit=45.9%
2025-09-17 18:52:32,013 - INFO - 
--- Processing fold 8/12 ---
2025-09-17 18:52:32,031 - INFO - Fold 8: Q-scores from fold 7: ['M00:0.127', 'M01:-0.272', 'M02:-1.216', 'M03:-0.467', 'M04:-0.380']...
2025-09-17 18:52:32,032 - INFO - Fold 8: Selected models [33, 90, 88, 44, 36] based on fold 7 Q-scores, avg Q-score: 0.647
2025-09-17 18:52:32,037 - INFO - Fold 8 (Production): Sharpe=-0.577, Hit=50.3%
2025-09-17 18:52:32,037 - INFO - 
--- Processing fold 9/12 ---
2025-09-17 18:52:32,056 - INFO - Fold 9: Q-scores from fold 8: ['M00:0.038', 'M01:-0.113', 'M02:-1.045', 'M03:-0.303', 'M04:-0.379']...
2025-09-17 18:52:32,057 - INFO - Fold 9: Selected models [33, 90, 88, 23, 7] based on fold 8 Q-scores, avg Q-score: 0.514
2025-09-17 18:52:32,061 - INFO - Fold 9 (Production): Sharpe=1.210, Hit=49.2%
2025-09-17 18:52:32,061 - INFO - 
--- Processing fold 10/12 ---
2025-09-17 18:52:32,085 - INFO - Fold 10: Q-scores from fold 9: ['M00:-0.092', 'M01:0.008', 'M02:-0.645', 'M03:-0.325', 'M04:-0.211']...
2025-09-17 18:52:32,086 - INFO - Fold 10: Selected models [33, 90, 88, 23, 36] based on fold 9 Q-scores, avg Q-score: 0.560
2025-09-17 18:52:32,089 - INFO - Fold 10 (Production): Sharpe=0.351, Hit=52.5%
2025-09-17 18:52:32,089 - INFO - 
--- Processing fold 11/12 ---
2025-09-17 18:52:32,104 - INFO - Fold 11: Q-scores from fold 10: ['M00:-0.339', 'M01:-0.062', 'M02:-0.413', 'M03:-0.315', 'M04:-0.068']...
2025-09-17 18:52:32,104 - INFO - Fold 11: Selected models [90, 33, 88, 45, 36] based on fold 10 Q-scores, avg Q-score: 0.520
2025-09-17 18:52:32,109 - INFO - Fold 11 (Production): Sharpe=-0.837, Hit=45.3%
2025-09-17 18:52:32,109 - INFO - 
--- Processing fold 12/12 ---
2025-09-17 18:52:32,126 - INFO - Fold 12: Q-scores from fold 11: ['M00:-0.482', 'M01:-0.093', 'M02:-0.300', 'M03:-0.444', 'M04:-0.327']...
2025-09-17 18:52:32,127 - INFO - Fold 12: Selected models [33, 90, 45, 88, 36] based on fold 11 Q-scores, avg Q-score: 0.441
2025-09-17 18:52:32,128 - INFO - Fold 12 (Production): Sharpe=0.492, Hit=46.7%
2025-09-17 18:52:32,129 - INFO - Training Period Overall: Sharpe=0.047, Hit=50.0%
2025-09-17 18:52:32,129 - INFO - Production Period Overall: Sharpe=0.055, Hit=48.7%
2025-09-17 18:52:32,133 - INFO - Full Timeline Overall: Sharpe=0.036, Hit=49.5%
2025-09-17 18:52:32,134 - INFO - Training: Sharpe=0.047 | Hit=50.0% | Return=277.15%
2025-09-17 18:52:32,134 - INFO - Production: Sharpe=0.055 | Hit=48.7% | Return=2.68%
2025-09-17 18:52:32,134 - INFO - Full Timeline: Sharpe=0.036 | Hit=49.5% | Return=161.77%
2025-09-17 18:52:32,134 - INFO - Generating visualizations...
2025-09-17 18:52:32,134 - INFO - Creating clean visualizations for 100 models...
2025-09-17 18:52:36,116 - INFO - Clean fold-by-fold analysis saved to: 20250917_180545_fold_QRB#C_100models_15folds_rerun_QRB_multiprocessing.png
2025-09-17 18:52:39,328 - INFO - Detailed production analysis saved to: 20250917_180545_backtest_QRB#C_100models_15folds_rerun_QRB_multiprocessing.png
2025-09-17 18:52:39,329 - INFO - ================================================================================
2025-09-17 18:52:39,329 - INFO - BACKTEST SUMMARY
2025-09-17 18:52:39,329 - INFO - ================================================================================
2025-09-17 18:52:39,329 - INFO - Config: Cutoff=70%, Top N=5, Q-Metric=sharpe, Reselection=1 fold(s)
2025-09-17 18:52:39,329 - INFO - Model Selection History:
2025-09-17 18:52:39,329 - INFO -   Fold 1: M33, M88, M07, M26, M36 (Avg Q-sharpe: 0.989)
2025-09-17 18:52:39,329 - INFO -   Fold 2: M33, M88, M07, M26, M36 (Avg Q-sharpe: 0.859)
2025-09-17 18:52:39,329 - INFO -   Fold 3: M33, M88, M07, M26, M36 (Avg Q-sharpe: 0.726)
2025-09-17 18:52:39,329 - INFO -   Fold 4: M33, M88, M26, M90, M07 (Avg Q-sharpe: 0.770)
2025-09-17 18:52:39,329 - INFO -   Fold 5: M33, M26, M88, M90, M05 (Avg Q-sharpe: 0.818)
2025-09-17 18:52:39,329 - INFO -   Fold 6: M33, M90, M36, M26, M88 (Avg Q-sharpe: 0.728)
2025-09-17 18:52:39,329 - INFO -   Fold 7: M33, M90, M26, M36, M88 (Avg Q-sharpe: 0.766)
2025-09-17 18:52:39,329 - INFO -   Fold 8: M33, M90, M88, M44, M36 (Avg Q-sharpe: 0.647)
2025-09-17 18:52:39,329 - INFO -   Fold 9: M33, M90, M88, M23, M07 (Avg Q-sharpe: 0.514)
2025-09-17 18:52:39,329 - INFO -   Fold 10: M33, M90, M88, M23, M36 (Avg Q-sharpe: 0.560)
2025-09-17 18:52:39,329 - INFO -   Fold 11: M90, M33, M88, M45, M36 (Avg Q-sharpe: 0.520)
2025-09-17 18:52:39,329 - INFO -   Fold 12: M33, M90, M45, M88, M36 (Avg Q-sharpe: 0.441)
2025-09-17 18:52:39,329 - INFO - 
2025-09-17 18:52:39,329 - INFO - Fold-by-Fold Performance:
2025-09-17 18:52:39,329 - INFO -   Fold 1: M33, M88, M07, M26, M36 | Sharpe=-0.960 | Hit=49.2% | Samples=181
2025-09-17 18:52:39,329 - INFO -   Fold 2: M33, M88, M07, M26, M36 | Sharpe=-0.656 | Hit=50.3% | Samples=181
2025-09-17 18:52:39,329 - INFO -   Fold 3: M33, M88, M07, M26, M36 | Sharpe=1.550 | Hit=49.2% | Samples=181
2025-09-17 18:52:39,329 - INFO -   Fold 4: M33, M88, M26, M90, M07 | Sharpe=0.910 | Hit=53.0% | Samples=181
2025-09-17 18:52:39,329 - INFO -   Fold 5: M33, M26, M88, M90, M05 | Sharpe=-1.858 | Hit=48.1% | Samples=181
2025-09-17 18:52:39,329 - INFO -   Fold 6: M33, M90, M36, M26, M88 | Sharpe=1.080 | Hit=54.1% | Samples=181
2025-09-17 18:52:39,329 - INFO -   Fold 7: M33, M90, M26, M36, M88 | Sharpe=-0.790 | Hit=45.9% | Samples=181
2025-09-17 18:52:39,329 - INFO -   Fold 8: M33, M90, M88, M44, M36 | Sharpe=-0.577 | Hit=50.3% | Samples=181
2025-09-17 18:52:39,329 - INFO -   Fold 9: M33, M90, M88, M23, M07 | Sharpe=1.210 | Hit=49.2% | Samples=181
2025-09-17 18:52:39,329 - INFO -   Fold 10: M33, M90, M88, M23, M36 | Sharpe=0.351 | Hit=52.5% | Samples=181
2025-09-17 18:52:39,329 - INFO -   Fold 11: M90, M33, M88, M45, M36 | Sharpe=-0.837 | Hit=45.3% | Samples=181
2025-09-17 18:52:39,329 - INFO -   Fold 12: M33, M90, M45, M88, M36 | Sharpe=0.492 | Hit=46.7% | Samples=195
2025-09-17 18:52:39,329 - INFO - ================================================================================
2025-09-17 18:52:39,329 - INFO - ================================================================================
2025-09-17 18:52:39,329 - INFO - ANALYSIS COMPLETED SUCCESSFULLY!
2025-09-17 18:52:39,329 - INFO - ================================================================================
2025-09-17 18:52:39,329 - INFO - Generated 2 visualization files
2025-09-17 18:52:39,329 - INFO -   - 20250917_180545_fold_QRB#C_100models_15folds_rerun_QRB_multiprocessing.png
2025-09-17 18:52:39,329 - INFO -   - 20250917_180545_backtest_QRB#C_100models_15folds_rerun_QRB_multiprocessing.png
2025-09-17 18:52:39,329 - INFO - Training Final: Sharpe=0.047 | Hit=50.0% | Return=277.15% | CB=0.032
2025-09-17 18:52:39,329 - INFO - Production Final: Sharpe=0.055 | Hit=48.7% | Return=2.68% | CB=0.032
2025-09-17 18:52:39,329 - INFO - Full Timeline Final: Sharpe=0.036 | Hit=49.5% | Return=161.77% | CB=0.019
2025-09-17 18:52:39,330 - INFO - ============================================================
2025-09-17 18:52:39,330 - INFO - EXPORTING PRODUCTION MODELS (Consolidated File)
2025-09-17 18:52:39,330 - INFO - ============================================================
2025-09-17 18:52:39,330 - INFO - Backtest results keys: ['full_timeline_metrics', 'training_metrics', 'production_metrics', 'model_selection_history', 'fold_results', 'full_timeline_returns', 'training_returns', 'production_returns', 'full_timeline_predictions', 'full_timeline_dates', 'cutoff_fold', 'training_folds', 'production_folds']
2025-09-17 18:52:39,330 - INFO - Model selection history length: 12
2025-09-17 18:52:39,330 - INFO - Final selection keys: ['fold', 'selection_based_on_fold', 'selected_models', 'avg_q_score', 'period_type']
2025-09-17 18:52:39,330 - INFO - Final fold selected models: [33, 90, 45, 88, 36]
2025-09-17 18:52:39,330 - INFO - All fold results type: <class 'dict'>
2025-09-17 18:52:39,330 - INFO - All fold results keys/length: ['fold_1', 'fold_2', 'fold_3', 'fold_4', 'fold_5', 'fold_6', 'fold_7', 'fold_8', 'fold_9', 'fold_10', 'fold_11', 'fold_12', 'fold_13']
2025-09-17 18:52:39,330 - INFO - Available fold indices: [0, 1, 2, 3, 4, 5, 6, 7, 8, 9, 10, 11, 12]
2025-09-17 18:52:39,330 - INFO - Using fold index 11 (key: fold_12) as production fold
2025-09-17 18:52:39,330 - INFO - Final fold keys: ['results_df', 'model_metrics', 'oos_predictions', 'test_idx', 'trained_models', 'model_specs']
2025-09-17 18:52:39,330 - INFO - Trained models available: [0, 1, 2, 3, 4, 5, 6, 7, 8, 9, 10, 11, 12, 13, 14, 15, 16, 17, 18, 19, 20, 21, 22, 23, 24, 25, 26, 27, 28, 29, 30, 31, 32, 33, 34, 35, 36, 37, 38, 39, 40, 41, 42, 43, 44, 45, 46, 47, 48, 49, 50, 51, 52, 53, 54, 55, 56, 57, 58, 59, 60, 61, 62, 63, 64, 65, 66, 67, 68, 69, 70, 71, 72, 73, 74, 75, 76, 77, 78, 79, 80, 81, 82, 83, 84, 85, 86, 87, 88, 89, 90, 91, 92, 93, 94, 95, 96, 97, 98, 99]
2025-09-17 18:52:39,330 - INFO - Added model M33 -> model_01 with all 100 features (framework standard)
2025-09-17 18:52:39,330 - INFO - Added model M90 -> model_02 with all 100 features (framework standard)
2025-09-17 18:52:39,330 - INFO - Added model M45 -> model_03 with all 100 features (framework standard)
2025-09-17 18:52:39,330 - INFO - Added model M88 -> model_04 with all 100 features (framework standard)
2025-09-17 18:52:39,330 - INFO - Added model M36 -> model_05 with all 100 features (framework standard)
2025-09-17 18:52:39,330 - INFO - Extracted 5 selected models
2025-09-17 18:52:39,340 - INFO - SUCCESS: Exported 5 selected models to /Users/steven/Projects/SQ/bond_ls_xgb_grope_full_v6/PROD/models/QRB#C_20250917_180545.pkl
2025-09-17 18:52:39,340 - INFO - File size: 1,539,252 bytes
2025-09-17 18:52:39,340 - INFO - Selected features: 100 features
2025-09-17 18:52:39,340 - INFO - Selected models: [33, 90, 45, 88, 36]
2025-09-17 18:52:39,340 - INFO - ============================================================
2025-09-17 18:52:39,340 - INFO - EXPORTING SIGNAL DISTRIBUTION
2025-09-17 18:52:39,340 - INFO - ============================================================
2025-09-17 18:52:39,340 - INFO - Timeline data: 2186 points
2025-09-17 18:52:39,374 - INFO - SUCCESS: Exported signal distribution to /Users/steven/Projects/SQ/bond_ls_xgb_grope_full_v6/xgb_compare/results/20250917_180545_signal_distribution_rerun_QRB_multiprocessing.csv
2025-09-17 18:52:39,374 - INFO - Records: 2,186
2025-09-17 18:52:39,375 - INFO - Date range: 2017-02-09 12:00:00 to 2025-07-30 12:00:00
2025-09-17 18:52:39,375 - INFO - Signal directions: {-1: 1214, 1: 972}
2025-09-17 18:52:39,375 - INFO - Signal range: -1.000000 to 1.000000
2025-09-17 18:52:39,375 - INFO - Hit rate: 0.509
2025-09-17 18:52:39,375 - INFO - Total PnL: -138.444243
