2025-09-17 16:49:21,660 - INFO - ================================================================================
2025-09-17 16:49:21,660 - INFO - XGBoost Comparison Framework
2025-09-17 16:49:21,660 - INFO - ================================================================================
2025-09-17 16:49:21,660 - INFO - Configuration:
2025-09-17 16:49:21,660 - INFO -   Target Symbol: @S#C
2025-09-17 16:49:21,660 - INFO -   Date Range: 2015-01-01 to 2025-08-01
2025-09-17 16:49:21,660 - INFO -   Models: 100, Type: standard
2025-09-17 16:49:21,660 - INFO -   Folds: 15
2025-09-17 16:49:21,660 - INFO -   Max Features: 100 (Limited)
2025-09-17 16:49:21,660 - INFO -   Feature Selection: Enabled
2025-09-17 16:49:21,660 - INFO -   Inner Val Fraction: 0.2
2025-09-17 16:49:21,660 - INFO -   EWMA Alpha: 0.1, Quality Halflife: 63 days
2025-09-17 16:49:21,660 - INFO -   Signal Type: Binary (+1/-1)
2025-09-17 16:49:21,660 - INFO -   Cross-validation: Expanding window
2025-09-17 16:49:21,660 - INFO -   Production: Cutoff=0.6, Top N=5, Q-Metric=sharpe
2025-09-17 16:49:21,660 - INFO -   Reselection: Every 1 fold(s)
2025-09-17 16:49:21,660 - INFO - 
2025-09-17 16:49:27,035 - INFO - Dropped 74 rows due to NaN in target column @S#C_target_return
2025-09-17 16:49:27,151 - INFO - Loaded: X=(2661, 1906), y=(2661,)
2025-09-17 16:50:46,231 - INFO - Selected 100 features (threshold: 0.7)
2025-09-17 16:50:46,271 - INFO - Selected: 100 features
2025-09-17 16:50:46,323 - INFO - GPU detection: XGBoost not compiled with CUDA support - using CPU
2025-09-17 16:50:46,323 - INFO - Processing mode: CPU multiprocessing (GPU: False, Total models: 1500)
2025-09-17 16:50:46,328 - INFO - GPU detection: XGBoost not compiled with CUDA support - using CPU
2025-09-17 16:50:46,330 - INFO - Using expanding window
2025-09-17 16:50:46,330 - INFO - Starting analysis: 100 standard models x 13 folds
2025-09-17 16:50:46,330 - INFO - Processing Fold 1/13
2025-09-17 16:50:46,333 - INFO -   Using multiprocessing with 9 workers
2025-09-17 16:52:40,781 - INFO - Fold 1 Summary:
2025-09-17 16:52:40,783 - INFO -   Best OOS Sharpe: M49 (4.826, p=0.000)
2025-09-17 16:52:40,783 - INFO -   Best Q-Sharpe:  M49 (4.826, OOS_Sharpe=4.826, OOS_Hit=0.638)
2025-09-17 16:52:40,783 - INFO -   Mean OOS Sharpe: 1.066, Mean Hit: 0.535
2025-09-17 16:52:40,783 - INFO - 
2025-09-17 16:52:40,797 - INFO - Stored 100 trained models for production export
2025-09-17 16:52:40,797 - INFO - Processing Fold 2/13
2025-09-17 16:52:40,816 - INFO -   Using multiprocessing with 9 workers
2025-09-17 16:54:52,187 - INFO - Fold 2 Summary:
2025-09-17 16:54:52,192 - INFO -   Best OOS Sharpe: M80 (3.098, p=0.000)
2025-09-17 16:54:52,192 - INFO -   Best Q-Sharpe:  M49 (4.653, OOS_Sharpe=3.097, OOS_Hit=0.599)
2025-09-17 16:54:52,192 - INFO -   Mean OOS Sharpe: 1.249, Mean Hit: 0.538
2025-09-17 16:54:52,192 - INFO - 
2025-09-17 16:54:52,206 - INFO - Stored 100 trained models for production export
2025-09-17 16:54:52,206 - INFO - Processing Fold 3/13
2025-09-17 16:54:52,228 - INFO -   Using multiprocessing with 9 workers
2025-09-17 16:57:04,175 - INFO - Fold 3 Summary:
2025-09-17 16:57:04,176 - INFO -   Best OOS Sharpe: M28 (2.270, p=0.080)
2025-09-17 16:57:04,176 - INFO -   Best Q-Sharpe:  M49 (4.243, OOS_Sharpe=0.550, OOS_Hit=0.508)
2025-09-17 16:57:04,176 - INFO -   Mean OOS Sharpe: 0.664, Mean Hit: 0.509
2025-09-17 16:57:04,176 - INFO - 
2025-09-17 16:57:04,197 - INFO - Stored 100 trained models for production export
2025-09-17 16:57:04,197 - INFO - Processing Fold 4/13
2025-09-17 16:57:04,216 - INFO -   Using multiprocessing with 9 workers
2025-09-17 16:59:45,086 - INFO - Fold 4 Summary:
2025-09-17 16:59:45,091 - INFO -   Best OOS Sharpe: M44 (2.072, p=0.060)
2025-09-17 16:59:45,091 - INFO -   Best Q-Sharpe:  M49 (3.906, OOS_Sharpe=0.872, OOS_Hit=0.559)
2025-09-17 16:59:45,091 - INFO -   Mean OOS Sharpe: 0.080, Mean Hit: 0.499
2025-09-17 16:59:45,091 - INFO - 
2025-09-17 16:59:45,112 - INFO - Stored 100 trained models for production export
2025-09-17 16:59:45,112 - INFO - Processing Fold 5/13
2025-09-17 16:59:45,130 - INFO -   Using multiprocessing with 9 workers
2025-09-17 17:02:35,891 - INFO - Fold 5 Summary:
2025-09-17 17:02:35,893 - INFO -   Best OOS Sharpe: M81 (2.884, p=0.020)
2025-09-17 17:02:35,893 - INFO -   Best Q-Sharpe:  M49 (3.420, OOS_Sharpe=-0.950, OOS_Hit=0.497)
2025-09-17 17:02:35,893 - INFO -   Mean OOS Sharpe: 0.962, Mean Hit: 0.518
2025-09-17 17:02:35,893 - INFO - 
2025-09-17 17:02:35,914 - INFO - Stored 100 trained models for production export
2025-09-17 17:02:35,914 - INFO - Processing Fold 6/13
2025-09-17 17:02:35,946 - INFO -   Using multiprocessing with 9 workers
2025-09-17 17:05:47,668 - INFO - Fold 6 Summary:
2025-09-17 17:05:47,672 - INFO -   Best OOS Sharpe: M46 (3.035, p=0.000)
2025-09-17 17:05:47,672 - INFO -   Best Q-Sharpe:  M49 (3.027, OOS_Sharpe=-0.510, OOS_Hit=0.446)
2025-09-17 17:05:47,672 - INFO -   Mean OOS Sharpe: 0.725, Mean Hit: 0.522
2025-09-17 17:05:47,672 - INFO - 
2025-09-17 17:05:47,710 - INFO - Stored 100 trained models for production export
2025-09-17 17:05:47,711 - INFO - Processing Fold 7/13
2025-09-17 17:05:47,741 - INFO -   Using multiprocessing with 9 workers
2025-09-17 17:08:44,408 - INFO - Fold 7 Summary:
2025-09-17 17:08:44,411 - INFO -   Best OOS Sharpe: M54 (4.475, p=0.000)
2025-09-17 17:08:44,411 - INFO -   Best Q-Sharpe:  M49 (3.073, OOS_Sharpe=3.486, OOS_Hit=0.576)
2025-09-17 17:08:44,411 - INFO -   Mean OOS Sharpe: 1.796, Mean Hit: 0.532
2025-09-17 17:08:44,411 - INFO - 
2025-09-17 17:08:44,433 - INFO - Stored 100 trained models for production export
2025-09-17 17:08:44,433 - INFO - Processing Fold 8/13
2025-09-17 17:08:44,459 - INFO -   Using multiprocessing with 9 workers
2025-09-17 17:12:12,602 - INFO - Fold 8 Summary:
2025-09-17 17:12:12,609 - INFO -   Best OOS Sharpe: M64 (4.239, p=0.000)
2025-09-17 17:12:12,609 - INFO -   Best Q-Sharpe:  M49 (2.913, OOS_Sharpe=1.474, OOS_Hit=0.531)
2025-09-17 17:12:12,609 - INFO -   Mean OOS Sharpe: 1.648, Mean Hit: 0.526
2025-09-17 17:12:12,609 - INFO - 
2025-09-17 17:12:12,649 - INFO - Stored 100 trained models for production export
2025-09-17 17:12:12,649 - INFO - Processing Fold 9/13
2025-09-17 17:12:12,702 - INFO -   Using multiprocessing with 9 workers
2025-09-17 17:16:00,103 - INFO - Fold 9 Summary:
2025-09-17 17:16:00,110 - INFO -   Best OOS Sharpe: M78 (4.668, p=0.000)
2025-09-17 17:16:00,110 - INFO -   Best Q-Sharpe:  M49 (2.885, OOS_Sharpe=2.627, OOS_Hit=0.559)
2025-09-17 17:16:00,110 - INFO -   Mean OOS Sharpe: 2.430, Mean Hit: 0.561
2025-09-17 17:16:00,110 - INFO - 
2025-09-17 17:16:00,158 - INFO - Stored 100 trained models for production export
2025-09-17 17:16:00,159 - INFO - Processing Fold 10/13
2025-09-17 17:16:00,204 - INFO -   Using multiprocessing with 9 workers
2025-09-17 17:19:05,076 - INFO - Fold 10 Summary:
2025-09-17 17:19:05,081 - INFO -   Best OOS Sharpe: M71 (3.884, p=0.000)
2025-09-17 17:19:05,081 - INFO -   Best Q-Sharpe:  M49 (2.803, OOS_Sharpe=2.072, OOS_Hit=0.548)
2025-09-17 17:19:05,081 - INFO -   Mean OOS Sharpe: 1.425, Mean Hit: 0.570
2025-09-17 17:19:05,081 - INFO - 
2025-09-17 17:19:05,130 - INFO - Stored 100 trained models for production export
2025-09-17 17:19:05,131 - INFO - Processing Fold 11/13
2025-09-17 17:19:05,167 - INFO -   Using multiprocessing with 9 workers
2025-09-17 17:21:53,389 - INFO - Fold 11 Summary:
2025-09-17 17:21:53,393 - INFO -   Best OOS Sharpe: M93 (4.318, p=0.000)
2025-09-17 17:21:53,394 - INFO -   Best Q-Sharpe:  M49 (2.752, OOS_Sharpe=2.295, OOS_Hit=0.554)
2025-09-17 17:21:53,394 - INFO -   Mean OOS Sharpe: 2.091, Mean Hit: 0.546
2025-09-17 17:21:53,394 - INFO - 
2025-09-17 17:21:53,432 - INFO - Stored 100 trained models for production export
2025-09-17 17:21:53,433 - INFO - Processing Fold 12/13
2025-09-17 17:21:53,470 - INFO -   Using multiprocessing with 9 workers
2025-09-17 17:24:20,046 - INFO - Fold 12 Summary:
2025-09-17 17:24:20,052 - INFO -   Best OOS Sharpe: M04 (3.289, p=0.000)
2025-09-17 17:24:20,052 - INFO -   Best Q-Sharpe:  M49 (2.505, OOS_Sharpe=0.280, OOS_Hit=0.503)
2025-09-17 17:24:20,052 - INFO -   Mean OOS Sharpe: 1.162, Mean Hit: 0.536
2025-09-17 17:24:20,052 - INFO - 
2025-09-17 17:24:20,082 - INFO - Stored 100 trained models for production export
2025-09-17 17:24:20,082 - INFO - Processing Fold 13/13
2025-09-17 17:24:20,109 - INFO -   Using multiprocessing with 9 workers
2025-09-17 17:25:50,122 - INFO - Fold 13 Summary:
2025-09-17 17:25:50,122 - INFO -   Best OOS Sharpe: M91 (3.347, p=0.000)
2025-09-17 17:25:50,122 - INFO -   Best Q-Sharpe:  M49 (2.413, OOS_Sharpe=1.580, OOS_Hit=0.546)
2025-09-17 17:25:50,122 - INFO -   Mean OOS Sharpe: 0.883, Mean Hit: 0.532
2025-09-17 17:25:50,122 - INFO - 
2025-09-17 17:25:50,131 - INFO - Stored 100 trained models for production export
2025-09-17 17:25:50,132 - INFO - Starting full timeline backtesting...
2025-09-17 17:25:50,135 - INFO - Running full timeline backtest with 13 folds (0-based indexing)
2025-09-17 17:25:50,135 - INFO - Fold 0 skipped (no prior Q-score history for meaningful selection)
2025-09-17 17:25:50,135 - INFO - Effective backtest period: Folds 1-12 (12 folds)
2025-09-17 17:25:50,136 - INFO - Training period: Folds 1-7
2025-09-17 17:25:50,136 - INFO - Production period: Folds 8-12
2025-09-17 17:25:50,136 - INFO - Using consistent OOS methodology for all folds
2025-09-17 17:25:50,136 - INFO - Fold 0: Skipped (no prior Q-score history for meaningful selection)
2025-09-17 17:25:50,136 - INFO - 
--- Processing fold 1/12 ---
2025-09-17 17:25:50,238 - INFO - Fold 1: Q-scores from fold 0: ['M00:0.188', 'M01:0.787', 'M02:1.578', 'M03:-0.666', 'M04:0.836']...
2025-09-17 17:25:50,238 - INFO - Fold 1: Selected models [49, 39, 23, 71, 52] based on fold 0 Q-scores, avg Q-score: 3.597
2025-09-17 17:25:50,277 - INFO - Fold 1 (Training): Sharpe=1.673, Hit=55.4%
2025-09-17 17:25:50,277 - INFO - 
--- Processing fold 2/12 ---
2025-09-17 17:25:50,293 - INFO - Fold 2: Q-scores from fold 1: ['M00:0.382', 'M01:0.924', 'M02:1.513', 'M03:-0.550', 'M04:0.836']...
2025-09-17 17:25:50,293 - INFO - Fold 2: Selected models [49, 39, 23, 71, 52] based on fold 1 Q-scores, avg Q-score: 3.417
2025-09-17 17:25:50,301 - INFO - Fold 2 (Training): Sharpe=0.918, Hit=51.4%
2025-09-17 17:25:50,301 - INFO - 
--- Processing fold 3/12 ---
2025-09-17 17:25:50,341 - INFO - Fold 3: Q-scores from fold 2: ['M00:0.352', 'M01:0.839', 'M02:1.436', 'M03:-0.411', 'M04:0.705']...
2025-09-17 17:25:50,341 - INFO - Fold 3: Selected models [49, 39, 23, 71, 52] based on fold 2 Q-scores, avg Q-score: 3.177
2025-09-17 17:25:50,349 - INFO - Fold 3 (Training): Sharpe=0.337, Hit=50.8%
2025-09-17 17:25:50,349 - INFO - 
--- Processing fold 4/12 ---
2025-09-17 17:25:50,407 - INFO - Fold 4: Q-scores from fold 3: ['M00:0.319', 'M01:0.835', 'M02:1.265', 'M03:-0.312', 'M04:0.530']...
2025-09-17 17:25:50,408 - INFO - Fold 4: Selected models [49, 39, 52, 23, 71] based on fold 3 Q-scores, avg Q-score: 2.859
2025-09-17 17:25:50,419 - INFO - Fold 4 (Training): Sharpe=0.767, Hit=50.8%
2025-09-17 17:25:50,419 - INFO - 
--- Processing fold 5/12 ---
2025-09-17 17:25:50,448 - INFO - Fold 5: Q-scores from fold 4: ['M00:0.321', 'M01:0.781', 'M02:1.188', 'M03:-0.122', 'M04:0.337']...
2025-09-17 17:25:50,458 - INFO - Fold 5: Selected models [49, 39, 52, 23, 71] based on fold 4 Q-scores, avg Q-score: 2.639
2025-09-17 17:25:50,465 - INFO - Fold 5 (Training): Sharpe=1.731, Hit=55.9%
2025-09-17 17:25:50,465 - INFO - 
--- Processing fold 6/12 ---
2025-09-17 17:25:50,510 - INFO - Fold 6: Q-scores from fold 5: ['M00:0.403', 'M01:0.907', 'M02:1.160', 'M03:-0.102', 'M04:0.178']...
2025-09-17 17:25:50,510 - INFO - Fold 6: Selected models [49, 39, 23, 71, 52] based on fold 5 Q-scores, avg Q-score: 2.465
2025-09-17 17:25:50,517 - INFO - Fold 6 (Training): Sharpe=3.531, Hit=57.6%
2025-09-17 17:25:50,517 - INFO - 
--- Processing fold 7/12 ---
2025-09-17 17:25:50,544 - INFO - Fold 7: Q-scores from fold 6: ['M00:0.713', 'M01:1.047', 'M02:1.115', 'M03:-0.144', 'M04:0.134']...
2025-09-17 17:25:50,544 - INFO - Fold 7: Selected models [49, 39, 23, 52, 71] based on fold 6 Q-scores, avg Q-score: 2.459
2025-09-17 17:25:50,551 - INFO - Fold 7 (Training): Sharpe=3.633, Hit=57.6%
2025-09-17 17:25:50,551 - INFO - 
--- Processing fold 8/12 ---
2025-09-17 17:25:50,577 - INFO - Fold 8: Q-scores from fold 7: ['M00:0.922', 'M01:1.055', 'M02:1.057', 'M03:-0.070', 'M04:0.259']...
2025-09-17 17:25:50,578 - INFO - Fold 8: Selected models [49, 39, 52, 23, 71] based on fold 7 Q-scores, avg Q-score: 2.353
2025-09-17 17:25:50,587 - INFO - Fold 8 (Production): Sharpe=5.069, Hit=63.8%
2025-09-17 17:25:50,587 - INFO - 
--- Processing fold 9/12 ---
2025-09-17 17:25:50,612 - INFO - Fold 9: Q-scores from fold 8: ['M00:0.949', 'M01:1.242', 'M02:1.104', 'M03:-0.058', 'M04:0.510']...
2025-09-17 17:25:50,612 - INFO - Fold 9: Selected models [49, 52, 39, 23, 71] based on fold 8 Q-scores, avg Q-score: 2.422
2025-09-17 17:25:50,617 - INFO - Fold 9 (Production): Sharpe=3.724, Hit=61.6%
2025-09-17 17:25:50,618 - INFO - 
--- Processing fold 10/12 ---
2025-09-17 17:25:50,653 - INFO - Fold 10: Q-scores from fold 9: ['M00:0.784', 'M01:1.108', 'M02:1.124', 'M03:0.071', 'M04:0.564']...
2025-09-17 17:25:50,653 - INFO - Fold 10: Selected models [49, 23, 52, 71, 39] based on fold 9 Q-scores, avg Q-score: 2.425
2025-09-17 17:25:50,660 - INFO - Fold 10 (Production): Sharpe=1.856, Hit=52.5%
2025-09-17 17:25:50,660 - INFO - 
--- Processing fold 11/12 ---
2025-09-17 17:25:50,686 - INFO - Fold 11: Q-scores from fold 10: ['M00:0.827', 'M01:1.299', 'M02:0.935', 'M03:0.204', 'M04:0.553']...
2025-09-17 17:25:50,686 - INFO - Fold 11: Selected models [49, 23, 52, 71, 39] based on fold 10 Q-scores, avg Q-score: 2.377
2025-09-17 17:25:50,689 - INFO - Fold 11 (Production): Sharpe=1.206, Hit=52.0%
2025-09-17 17:25:50,689 - INFO - 
--- Processing fold 12/12 ---
2025-09-17 17:25:50,725 - INFO - Fold 12: Q-scores from fold 11: ['M00:0.615', 'M01:1.151', 'M02:1.072', 'M03:0.215', 'M04:0.827']...
2025-09-17 17:25:50,725 - INFO - Fold 12: Selected models [49, 52, 23, 71, 39] based on fold 11 Q-scores, avg Q-score: 2.256
2025-09-17 17:25:50,728 - INFO - Fold 12 (Production): Sharpe=1.686, Hit=54.6%
2025-09-17 17:25:50,729 - INFO - Training Period Overall: Sharpe=1.888, Hit=54.2%
2025-09-17 17:25:50,729 - INFO - Production Period Overall: Sharpe=2.891, Hit=56.9%
2025-09-17 17:25:50,730 - INFO - Full Timeline Overall: Sharpe=2.189, Hit=55.4%
2025-09-17 17:25:50,731 - INFO - Training: Sharpe=1.888 | Hit=54.2% | Return=71.40%
2025-09-17 17:25:50,731 - INFO - Production: Sharpe=2.891 | Hit=56.9% | Return=75.83%
2025-09-17 17:25:50,731 - INFO - Full Timeline: Sharpe=2.189 | Hit=55.4% | Return=73.26%
2025-09-17 17:25:50,731 - INFO - Generating visualizations...
2025-09-17 17:25:50,732 - INFO - Creating clean visualizations for 100 models...
2025-09-17 17:25:54,875 - INFO - Clean fold-by-fold analysis saved to: 20250917_164921_fold_@S#C_100models_15folds_rerun_S_multiprocessing.png
2025-09-17 17:25:58,053 - INFO - Detailed production analysis saved to: 20250917_164921_backtest_@S#C_100models_15folds_rerun_S_multiprocessing.png
2025-09-17 17:25:58,055 - INFO - ================================================================================
2025-09-17 17:25:58,055 - INFO - BACKTEST SUMMARY
2025-09-17 17:25:58,056 - INFO - ================================================================================
2025-09-17 17:25:58,056 - INFO - Config: Cutoff=70%, Top N=5, Q-Metric=sharpe, Reselection=1 fold(s)
2025-09-17 17:25:58,056 - INFO - Model Selection History:
2025-09-17 17:25:58,056 - INFO -   Fold 1: M49, M39, M23, M71, M52 (Avg Q-sharpe: 3.597)
2025-09-17 17:25:58,056 - INFO -   Fold 2: M49, M39, M23, M71, M52 (Avg Q-sharpe: 3.417)
2025-09-17 17:25:58,056 - INFO -   Fold 3: M49, M39, M23, M71, M52 (Avg Q-sharpe: 3.177)
2025-09-17 17:25:58,056 - INFO -   Fold 4: M49, M39, M52, M23, M71 (Avg Q-sharpe: 2.859)
2025-09-17 17:25:58,056 - INFO -   Fold 5: M49, M39, M52, M23, M71 (Avg Q-sharpe: 2.639)
2025-09-17 17:25:58,056 - INFO -   Fold 6: M49, M39, M23, M71, M52 (Avg Q-sharpe: 2.465)
2025-09-17 17:25:58,056 - INFO -   Fold 7: M49, M39, M23, M52, M71 (Avg Q-sharpe: 2.459)
2025-09-17 17:25:58,056 - INFO -   Fold 8: M49, M39, M52, M23, M71 (Avg Q-sharpe: 2.353)
2025-09-17 17:25:58,056 - INFO -   Fold 9: M49, M52, M39, M23, M71 (Avg Q-sharpe: 2.422)
2025-09-17 17:25:58,056 - INFO -   Fold 10: M49, M23, M52, M71, M39 (Avg Q-sharpe: 2.425)
2025-09-17 17:25:58,056 - INFO -   Fold 11: M49, M23, M52, M71, M39 (Avg Q-sharpe: 2.377)
2025-09-17 17:25:58,056 - INFO -   Fold 12: M49, M52, M23, M71, M39 (Avg Q-sharpe: 2.256)
2025-09-17 17:25:58,056 - INFO - 
2025-09-17 17:25:58,056 - INFO - Fold-by-Fold Performance:
2025-09-17 17:25:58,056 - INFO -   Fold 1: M49, M39, M23, M71, M52 | Sharpe=1.673 | Hit=55.4% | Samples=177
2025-09-17 17:25:58,056 - INFO -   Fold 2: M49, M39, M23, M71, M52 | Sharpe=0.918 | Hit=51.4% | Samples=177
2025-09-17 17:25:58,056 - INFO -   Fold 3: M49, M39, M23, M71, M52 | Sharpe=0.337 | Hit=50.8% | Samples=177
2025-09-17 17:25:58,056 - INFO -   Fold 4: M49, M39, M52, M23, M71 | Sharpe=0.767 | Hit=50.8% | Samples=177
2025-09-17 17:25:58,056 - INFO -   Fold 5: M49, M39, M52, M23, M71 | Sharpe=1.731 | Hit=55.9% | Samples=177
2025-09-17 17:25:58,056 - INFO -   Fold 6: M49, M39, M23, M71, M52 | Sharpe=3.531 | Hit=57.6% | Samples=177
2025-09-17 17:25:58,056 - INFO -   Fold 7: M49, M39, M23, M52, M71 | Sharpe=3.633 | Hit=57.6% | Samples=177
2025-09-17 17:25:58,056 - INFO -   Fold 8: M49, M39, M52, M23, M71 | Sharpe=5.069 | Hit=63.8% | Samples=177
2025-09-17 17:25:58,056 - INFO -   Fold 9: M49, M52, M39, M23, M71 | Sharpe=3.724 | Hit=61.6% | Samples=177
2025-09-17 17:25:58,056 - INFO -   Fold 10: M49, M23, M52, M71, M39 | Sharpe=1.856 | Hit=52.5% | Samples=177
2025-09-17 17:25:58,056 - INFO -   Fold 11: M49, M23, M52, M71, M39 | Sharpe=1.206 | Hit=52.0% | Samples=177
2025-09-17 17:25:58,056 - INFO -   Fold 12: M49, M52, M23, M71, M39 | Sharpe=1.686 | Hit=54.6% | Samples=183
2025-09-17 17:25:58,056 - INFO - ================================================================================
2025-09-17 17:25:58,056 - INFO - ================================================================================
2025-09-17 17:25:58,056 - INFO - ANALYSIS COMPLETED SUCCESSFULLY!
2025-09-17 17:25:58,056 - INFO - ================================================================================
2025-09-17 17:25:58,056 - INFO - Generated 2 visualization files
2025-09-17 17:25:58,056 - INFO -   - 20250917_164921_fold_@S#C_100models_15folds_rerun_S_multiprocessing.png
2025-09-17 17:25:58,056 - INFO -   - 20250917_164921_backtest_@S#C_100models_15folds_rerun_S_multiprocessing.png
2025-09-17 17:25:58,056 - INFO - Training Final: Sharpe=1.888 | Hit=54.2% | Return=71.40% | CB=1.964
2025-09-17 17:25:58,056 - INFO - Production Final: Sharpe=2.891 | Hit=56.9% | Return=75.83% | CB=5.008
2025-09-17 17:25:58,056 - INFO - Full Timeline Final: Sharpe=2.189 | Hit=55.4% | Return=73.26% | CB=2.015
2025-09-17 17:25:58,057 - INFO - ============================================================
2025-09-17 17:25:58,057 - INFO - EXPORTING PRODUCTION MODELS (Consolidated File)
2025-09-17 17:25:58,057 - INFO - ============================================================
2025-09-17 17:25:58,057 - INFO - Backtest results keys: ['full_timeline_metrics', 'training_metrics', 'production_metrics', 'model_selection_history', 'fold_results', 'full_timeline_returns', 'training_returns', 'production_returns', 'full_timeline_predictions', 'full_timeline_dates', 'cutoff_fold', 'training_folds', 'production_folds']
2025-09-17 17:25:58,057 - INFO - Model selection history length: 12
2025-09-17 17:25:58,057 - INFO - Final selection keys: ['fold', 'selection_based_on_fold', 'selected_models', 'avg_q_score', 'period_type']
2025-09-17 17:25:58,057 - INFO - Final fold selected models: [49, 52, 23, 71, 39]
2025-09-17 17:25:58,057 - INFO - All fold results type: <class 'dict'>
2025-09-17 17:25:58,057 - INFO - All fold results keys/length: ['fold_1', 'fold_2', 'fold_3', 'fold_4', 'fold_5', 'fold_6', 'fold_7', 'fold_8', 'fold_9', 'fold_10', 'fold_11', 'fold_12', 'fold_13']
2025-09-17 17:25:58,057 - INFO - Available fold indices: [0, 1, 2, 3, 4, 5, 6, 7, 8, 9, 10, 11, 12]
2025-09-17 17:25:58,057 - INFO - Using fold index 11 (key: fold_12) as production fold
2025-09-17 17:25:58,057 - INFO - Final fold keys: ['results_df', 'model_metrics', 'oos_predictions', 'test_idx', 'trained_models', 'model_specs']
2025-09-17 17:25:58,057 - INFO - Trained models available: [0, 1, 2, 3, 4, 5, 6, 7, 8, 9, 10, 11, 12, 13, 14, 15, 16, 17, 18, 19, 20, 21, 22, 23, 24, 25, 26, 27, 28, 29, 30, 31, 32, 33, 34, 35, 36, 37, 38, 39, 40, 41, 42, 43, 44, 45, 46, 47, 48, 49, 50, 51, 52, 53, 54, 55, 56, 57, 58, 59, 60, 61, 62, 63, 64, 65, 66, 67, 68, 69, 70, 71, 72, 73, 74, 75, 76, 77, 78, 79, 80, 81, 82, 83, 84, 85, 86, 87, 88, 89, 90, 91, 92, 93, 94, 95, 96, 97, 98, 99]
2025-09-17 17:25:58,057 - INFO - Added model M49 -> model_01 with all 100 features (framework standard)
2025-09-17 17:25:58,057 - INFO - Added model M52 -> model_02 with all 100 features (framework standard)
2025-09-17 17:25:58,057 - INFO - Added model M23 -> model_03 with all 100 features (framework standard)
2025-09-17 17:25:58,057 - INFO - Added model M71 -> model_04 with all 100 features (framework standard)
2025-09-17 17:25:58,057 - INFO - Added model M39 -> model_05 with all 100 features (framework standard)
2025-09-17 17:25:58,057 - INFO - Extracted 5 selected models
2025-09-17 17:25:58,068 - INFO - SUCCESS: Exported 5 selected models to /Users/steven/Projects/SQ/bond_ls_xgb_grope_full_v6/PROD/models/@S#C_20250917_164921.pkl
2025-09-17 17:25:58,068 - INFO - File size: 1,886,474 bytes
2025-09-17 17:25:58,068 - INFO - Selected features: 100 features
2025-09-17 17:25:58,068 - INFO - Selected models: [49, 52, 23, 71, 39]
2025-09-17 17:25:58,068 - INFO - ============================================================
2025-09-17 17:25:58,068 - INFO - EXPORTING SIGNAL DISTRIBUTION
2025-09-17 17:25:58,068 - INFO - ============================================================
2025-09-17 17:25:58,068 - INFO - Timeline data: 2130 points
2025-09-17 17:25:58,103 - INFO - SUCCESS: Exported signal distribution to /Users/steven/Projects/SQ/bond_ls_xgb_grope_full_v6/xgb_compare/results/20250917_164921_signal_distribution_rerun_S_multiprocessing.csv
2025-09-17 17:25:58,104 - INFO - Records: 2,130
2025-09-17 17:25:58,104 - INFO - Date range: 2017-02-10 12:00:00 to 2025-07-30 12:00:00
2025-09-17 17:25:58,104 - INFO - Signal directions: {1: 1210, -1: 920}
2025-09-17 17:25:58,105 - INFO - Signal range: -1.000000 to 1.000000
2025-09-17 17:25:58,105 - INFO - Hit rate: 0.506
2025-09-17 17:25:58,105 - INFO - Total PnL: 2.273423
