2025-09-17 15:53:11,830 - INFO - ================================================================================
2025-09-17 15:53:11,830 - INFO - XGBoost Comparison Framework
2025-09-17 15:53:11,830 - INFO - ================================================================================
2025-09-17 15:53:11,830 - INFO - Configuration:
2025-09-17 15:53:11,830 - INFO -   Target Symbol: @C#C
2025-09-17 15:53:11,830 - INFO -   Date Range: 2015-01-01 to 2025-08-01
2025-09-17 15:53:11,830 - INFO -   Models: 100, Type: standard
2025-09-17 15:53:11,830 - INFO -   Folds: 15
2025-09-17 15:53:11,830 - INFO -   Max Features: 100 (Limited)
2025-09-17 15:53:11,830 - INFO -   Feature Selection: Enabled
2025-09-17 15:53:11,830 - INFO -   Inner Val Fraction: 0.2
2025-09-17 15:53:11,830 - INFO -   EWMA Alpha: 0.1, Quality Halflife: 63 days
2025-09-17 15:53:11,830 - INFO -   Signal Type: Binary (+1/-1)
2025-09-17 15:53:11,830 - INFO -   Cross-validation: Expanding window
2025-09-17 15:53:11,830 - INFO -   Production: Cutoff=0.6, Top N=5, Q-Metric=sharpe
2025-09-17 15:53:11,830 - INFO -   Reselection: Every 1 fold(s)
2025-09-17 15:53:11,830 - INFO - 
2025-09-17 15:53:17,975 - INFO - Dropped 74 rows due to NaN in target column @C#C_target_return
2025-09-17 15:53:18,091 - INFO - Loaded: X=(2661, 1906), y=(2661,)
2025-09-17 15:53:53,185 - INFO - Selected 100 features (threshold: 0.7)
2025-09-17 15:53:53,202 - INFO - Selected: 100 features
2025-09-17 15:53:53,246 - INFO - GPU detection: XGBoost not compiled with CUDA support - using CPU
2025-09-17 15:53:53,246 - INFO - Processing mode: CPU multiprocessing (GPU: False, Total models: 1500)
2025-09-17 15:53:53,251 - INFO - GPU detection: XGBoost not compiled with CUDA support - using CPU
2025-09-17 15:53:53,253 - INFO - Using expanding window
2025-09-17 15:53:53,253 - INFO - Starting analysis: 100 standard models x 13 folds
2025-09-17 15:53:53,253 - INFO - Processing Fold 1/13
2025-09-17 15:53:53,256 - INFO -   Using multiprocessing with 9 workers
2025-09-17 15:55:01,347 - INFO - Fold 1 Summary:
2025-09-17 15:55:01,347 - INFO -   Best OOS Sharpe: M12 (1.784, p=0.100)
2025-09-17 15:55:01,348 - INFO -   Best Q-Sharpe:  M12 (1.784, OOS_Sharpe=1.784, OOS_Hit=0.537)
2025-09-17 15:55:01,348 - INFO -   Mean OOS Sharpe: -0.042, Mean Hit: 0.498
2025-09-17 15:55:01,348 - INFO - 
2025-09-17 15:55:01,354 - INFO - Stored 100 trained models for production export
2025-09-17 15:55:01,354 - INFO - Processing Fold 2/13
2025-09-17 15:55:01,370 - INFO -   Using multiprocessing with 9 workers
2025-09-17 15:57:00,677 - INFO - Fold 2 Summary:
2025-09-17 15:57:00,685 - INFO -   Best OOS Sharpe: M90 (3.190, p=0.020)
2025-09-17 15:57:00,685 - INFO -   Best Q-Sharpe:  M25 (1.705, OOS_Sharpe=1.220, OOS_Hit=0.531)
2025-09-17 15:57:00,685 - INFO -   Mean OOS Sharpe: 0.971, Mean Hit: 0.526
2025-09-17 15:57:00,685 - INFO - 
2025-09-17 15:57:00,708 - INFO - Stored 100 trained models for production export
2025-09-17 15:57:00,709 - INFO - Processing Fold 3/13
2025-09-17 15:57:00,741 - INFO -   Using multiprocessing with 9 workers
2025-09-17 16:00:07,459 - INFO - Fold 3 Summary:
2025-09-17 16:00:07,463 - INFO -   Best OOS Sharpe: M17 (3.105, p=0.000)
2025-09-17 16:00:07,463 - INFO -   Best Q-Sharpe:  M25 (1.604, OOS_Sharpe=0.699, OOS_Hit=0.492)
2025-09-17 16:00:07,463 - INFO -   Mean OOS Sharpe: 0.877, Mean Hit: 0.502
2025-09-17 16:00:07,463 - INFO - 
2025-09-17 16:00:07,488 - INFO - Stored 100 trained models for production export
2025-09-17 16:00:07,488 - INFO - Processing Fold 4/13
2025-09-17 16:00:07,515 - INFO -   Using multiprocessing with 9 workers
2025-09-17 16:03:30,650 - INFO - Fold 4 Summary:
2025-09-17 16:03:30,656 - INFO -   Best OOS Sharpe: M99 (2.154, p=0.060)
2025-09-17 16:03:30,656 - INFO -   Best Q-Sharpe:  M25 (1.446, OOS_Sharpe=0.023, OOS_Hit=0.469)
2025-09-17 16:03:30,656 - INFO -   Mean OOS Sharpe: 0.116, Mean Hit: 0.496
2025-09-17 16:03:30,656 - INFO - 
2025-09-17 16:03:30,679 - INFO - Stored 100 trained models for production export
2025-09-17 16:03:30,679 - INFO - Processing Fold 5/13
2025-09-17 16:03:30,709 - INFO -   Using multiprocessing with 9 workers
2025-09-17 16:07:17,428 - INFO - Fold 5 Summary:
2025-09-17 16:07:17,430 - INFO -   Best OOS Sharpe: M07 (2.532, p=0.060)
2025-09-17 16:07:17,430 - INFO -   Best Q-Sharpe:  M12 (1.332, OOS_Sharpe=0.824, OOS_Hit=0.508)
2025-09-17 16:07:17,430 - INFO -   Mean OOS Sharpe: 0.652, Mean Hit: 0.497
2025-09-17 16:07:17,431 - INFO - 
2025-09-17 16:07:17,461 - INFO - Stored 100 trained models for production export
2025-09-17 16:07:17,461 - INFO - Processing Fold 6/13
2025-09-17 16:07:17,498 - INFO -   Using multiprocessing with 9 workers
2025-09-17 16:11:27,425 - INFO - Fold 6 Summary:
2025-09-17 16:11:27,430 - INFO -   Best OOS Sharpe: M79 (3.957, p=0.000)
2025-09-17 16:11:27,431 - INFO -   Best Q-Sharpe:  M12 (1.398, OOS_Sharpe=1.991, OOS_Hit=0.559)
2025-09-17 16:11:27,431 - INFO -   Mean OOS Sharpe: 1.298, Mean Hit: 0.532
2025-09-17 16:11:27,431 - INFO - 
2025-09-17 16:11:27,502 - INFO - Stored 100 trained models for production export
2025-09-17 16:11:27,503 - INFO - Processing Fold 7/13
2025-09-17 16:11:27,555 - INFO -   Using multiprocessing with 9 workers
2025-09-17 16:16:14,842 - INFO - Fold 7 Summary:
2025-09-17 16:16:14,880 - INFO -   Best OOS Sharpe: M67 (3.542, p=0.000)
2025-09-17 16:16:14,880 - INFO -   Best Q-Sharpe:  M25 (1.511, OOS_Sharpe=2.803, OOS_Hit=0.559)
2025-09-17 16:16:14,880 - INFO -   Mean OOS Sharpe: 0.726, Mean Hit: 0.490
2025-09-17 16:16:14,880 - INFO - 
2025-09-17 16:16:14,931 - INFO - Stored 100 trained models for production export
2025-09-17 16:16:14,932 - INFO - Processing Fold 8/13
2025-09-17 16:16:14,979 - INFO -   Using multiprocessing with 9 workers
2025-09-17 16:21:02,235 - INFO - Fold 8 Summary:
2025-09-17 16:21:02,245 - INFO -   Best OOS Sharpe: M60 (5.371, p=0.000)
2025-09-17 16:21:02,245 - INFO -   Best Q-Sharpe:  M07 (1.541, OOS_Sharpe=3.188, OOS_Hit=0.576)
2025-09-17 16:21:02,245 - INFO -   Mean OOS Sharpe: 1.781, Mean Hit: 0.538
2025-09-17 16:21:02,245 - INFO - 
2025-09-17 16:21:02,295 - INFO - Stored 100 trained models for production export
2025-09-17 16:21:02,295 - INFO - Processing Fold 9/13
2025-09-17 16:21:02,340 - INFO -   Using multiprocessing with 9 workers
2025-09-17 16:24:16,395 - INFO - Fold 9 Summary:
2025-09-17 16:24:16,400 - INFO -   Best OOS Sharpe: M47 (3.534, p=0.000)
2025-09-17 16:24:16,400 - INFO -   Best Q-Sharpe:  M07 (1.511, OOS_Sharpe=1.242, OOS_Hit=0.542)
2025-09-17 16:24:16,400 - INFO -   Mean OOS Sharpe: 1.389, Mean Hit: 0.529
2025-09-17 16:24:16,400 - INFO - 
2025-09-17 16:24:16,440 - INFO - Stored 100 trained models for production export
2025-09-17 16:24:16,440 - INFO - Processing Fold 10/13
2025-09-17 16:24:16,471 - INFO -   Using multiprocessing with 9 workers
2025-09-17 16:27:46,827 - INFO - Fold 10 Summary:
2025-09-17 16:27:46,835 - INFO -   Best OOS Sharpe: M64 (3.651, p=0.000)
2025-09-17 16:27:46,835 - INFO -   Best Q-Sharpe:  M07 (1.558, OOS_Sharpe=1.978, OOS_Hit=0.588)
2025-09-17 16:27:46,835 - INFO -   Mean OOS Sharpe: 1.387, Mean Hit: 0.546
2025-09-17 16:27:46,835 - INFO - 
2025-09-17 16:27:46,879 - INFO - Stored 100 trained models for production export
2025-09-17 16:27:46,881 - INFO - Processing Fold 11/13
2025-09-17 16:27:46,912 - INFO -   Using multiprocessing with 9 workers
2025-09-17 16:31:19,256 - INFO - Fold 11 Summary:
2025-09-17 16:31:19,266 - INFO -   Best OOS Sharpe: M52 (3.141, p=0.000)
2025-09-17 16:31:19,267 - INFO -   Best Q-Sharpe:  M07 (1.617, OOS_Sharpe=2.145, OOS_Hit=0.565)
2025-09-17 16:31:19,267 - INFO -   Mean OOS Sharpe: 1.010, Mean Hit: 0.524
2025-09-17 16:31:19,267 - INFO - 
2025-09-17 16:31:19,325 - INFO - Stored 100 trained models for production export
2025-09-17 16:31:19,327 - INFO - Processing Fold 12/13
2025-09-17 16:31:19,371 - INFO -   Using multiprocessing with 9 workers
2025-09-17 16:35:14,016 - INFO - Fold 12 Summary:
2025-09-17 16:35:14,049 - INFO -   Best OOS Sharpe: M40 (2.428, p=0.040)
2025-09-17 16:35:14,049 - INFO -   Best Q-Sharpe:  M07 (1.500, OOS_Sharpe=0.448, OOS_Hit=0.458)
2025-09-17 16:35:14,049 - INFO -   Mean OOS Sharpe: 0.254, Mean Hit: 0.471
2025-09-17 16:35:14,049 - INFO - 
2025-09-17 16:35:14,289 - INFO - Stored 100 trained models for production export
2025-09-17 16:35:14,289 - INFO - Processing Fold 13/13
2025-09-17 16:35:14,428 - INFO -   Using multiprocessing with 9 workers
2025-09-17 16:38:32,486 - INFO - Fold 13 Summary:
2025-09-17 16:38:32,494 - INFO -   Best OOS Sharpe: M64 (3.346, p=0.000)
2025-09-17 16:38:32,494 - INFO -   Best Q-Sharpe:  M07 (1.456, OOS_Sharpe=1.064, OOS_Hit=0.536)
2025-09-17 16:38:32,494 - INFO -   Mean OOS Sharpe: 0.890, Mean Hit: 0.504
2025-09-17 16:38:32,494 - INFO - 
2025-09-17 16:38:32,537 - INFO - Stored 100 trained models for production export
2025-09-17 16:38:32,538 - INFO - Starting full timeline backtesting...
2025-09-17 16:38:32,541 - INFO - Running full timeline backtest with 13 folds (0-based indexing)
2025-09-17 16:38:32,541 - INFO - Fold 0 skipped (no prior Q-score history for meaningful selection)
2025-09-17 16:38:32,541 - INFO - Effective backtest period: Folds 1-12 (12 folds)
2025-09-17 16:38:32,541 - INFO - Training period: Folds 1-7
2025-09-17 16:38:32,541 - INFO - Production period: Folds 8-12
2025-09-17 16:38:32,542 - INFO - Using consistent OOS methodology for all folds
2025-09-17 16:38:32,544 - INFO - Fold 0: Skipped (no prior Q-score history for meaningful selection)
2025-09-17 16:38:32,544 - INFO - 
--- Processing fold 1/12 ---
2025-09-17 16:38:33,189 - INFO - Fold 1: Q-scores from fold 0: ['M00:-0.171', 'M01:-0.204', 'M02:0.473', 'M03:-0.084', 'M04:-0.705']...
2025-09-17 16:38:33,190 - INFO - Fold 1: Selected models [12, 25, 58, 97, 54] based on fold 0 Q-scores, avg Q-score: 1.500
2025-09-17 16:38:33,274 - INFO - Fold 1 (Training): Sharpe=0.891, Hit=53.1%
2025-09-17 16:38:33,274 - INFO - 
--- Processing fold 2/12 ---
2025-09-17 16:38:33,351 - INFO - Fold 2: Q-scores from fold 1: ['M00:-0.037', 'M01:-0.076', 'M02:0.502', 'M03:-0.084', 'M04:-0.464']...
2025-09-17 16:38:33,352 - INFO - Fold 2: Selected models [25, 12, 58, 97, 7] based on fold 1 Q-scores, avg Q-score: 1.432
2025-09-17 16:38:33,371 - INFO - Fold 2 (Training): Sharpe=0.138, Hit=48.0%
2025-09-17 16:38:33,371 - INFO - 
--- Processing fold 3/12 ---
2025-09-17 16:38:33,585 - INFO - Fold 3: Q-scores from fold 2: ['M00:0.155', 'M01:0.056', 'M02:0.354', 'M03:0.015', 'M04:-0.386']...
2025-09-17 16:38:33,585 - INFO - Fold 3: Selected models [25, 58, 12, 7, 97] based on fold 2 Q-scores, avg Q-score: 1.363
2025-09-17 16:38:33,646 - INFO - Fold 3 (Training): Sharpe=0.712, Hit=50.3%
2025-09-17 16:38:33,646 - INFO - 
--- Processing fold 4/12 ---
2025-09-17 16:38:34,017 - INFO - Fold 4: Q-scores from fold 3: ['M00:-0.078', 'M01:0.122', 'M02:0.454', 'M03:0.114', 'M04:-0.383']...
2025-09-17 16:38:34,022 - INFO - Fold 4: Selected models [25, 58, 12, 7, 34] based on fold 3 Q-scores, avg Q-score: 1.281
2025-09-17 16:38:34,055 - INFO - Fold 4 (Training): Sharpe=1.741, Hit=51.4%
2025-09-17 16:38:34,055 - INFO - 
--- Processing fold 5/12 ---
2025-09-17 16:38:34,561 - INFO - Fold 5: Q-scores from fold 4: ['M00:-0.104', 'M01:0.105', 'M02:0.297', 'M03:0.110', 'M04:-0.136']...
2025-09-17 16:38:34,562 - INFO - Fold 5: Selected models [12, 58, 7, 25, 34] based on fold 4 Q-scores, avg Q-score: 1.238
2025-09-17 16:38:34,571 - INFO - Fold 5 (Training): Sharpe=2.047, Hit=55.9%
2025-09-17 16:38:34,571 - INFO - 
--- Processing fold 6/12 ---
2025-09-17 16:38:34,650 - INFO - Fold 6: Q-scores from fold 5: ['M00:-0.057', 'M01:0.101', 'M02:0.376', 'M03:0.179', 'M04:0.083']...
2025-09-17 16:38:34,651 - INFO - Fold 6: Selected models [12, 25, 7, 58, 34] based on fold 5 Q-scores, avg Q-score: 1.289
2025-09-17 16:38:34,662 - INFO - Fold 6 (Training): Sharpe=1.702, Hit=52.5%
2025-09-17 16:38:34,662 - INFO - 
--- Processing fold 7/12 ---
2025-09-17 16:38:34,929 - INFO - Fold 7: Q-scores from fold 6: ['M00:-0.024', 'M01:0.169', 'M02:0.491', 'M03:0.292', 'M04:0.204']...
2025-09-17 16:38:34,935 - INFO - Fold 7: Selected models [25, 12, 7, 58, 5] based on fold 6 Q-scores, avg Q-score: 1.311
2025-09-17 16:38:34,947 - INFO - Fold 7 (Training): Sharpe=1.980, Hit=52.0%
2025-09-17 16:38:34,947 - INFO - 
--- Processing fold 8/12 ---
2025-09-17 16:38:35,288 - INFO - Fold 8: Q-scores from fold 7: ['M00:0.294', 'M01:0.266', 'M02:0.740', 'M03:0.544', 'M04:0.295']...
2025-09-17 16:38:35,293 - INFO - Fold 8: Selected models [7, 25, 30, 12, 58] based on fold 7 Q-scores, avg Q-score: 1.317
2025-09-17 16:38:35,341 - INFO - Fold 8 (Production): Sharpe=0.562, Hit=52.5%
2025-09-17 16:38:35,341 - INFO - 
--- Processing fold 9/12 ---
2025-09-17 16:38:35,447 - INFO - Fold 9: Q-scores from fold 8: ['M00:0.425', 'M01:0.346', 'M02:0.875', 'M03:0.578', 'M04:0.458']...
2025-09-17 16:38:35,448 - INFO - Fold 9: Selected models [7, 25, 30, 86, 12] based on fold 8 Q-scores, avg Q-score: 1.341
2025-09-17 16:38:35,458 - INFO - Fold 9 (Production): Sharpe=1.338, Hit=54.8%
2025-09-17 16:38:35,458 - INFO - 
--- Processing fold 10/12 ---
2025-09-17 16:38:35,681 - INFO - Fold 10: Q-scores from fold 9: ['M00:0.345', 'M01:0.412', 'M02:1.070', 'M03:0.545', 'M04:0.610']...
2025-09-17 16:38:35,687 - INFO - Fold 10: Selected models [7, 30, 73, 47, 25] based on fold 9 Q-scores, avg Q-score: 1.443
2025-09-17 16:38:35,764 - INFO - Fold 10 (Production): Sharpe=2.919, Hit=56.5%
2025-09-17 16:38:35,764 - INFO - 
--- Processing fold 11/12 ---
2025-09-17 16:38:36,213 - INFO - Fold 11: Q-scores from fold 10: ['M00:0.202', 'M01:0.341', 'M02:0.952', 'M03:0.584', 'M04:0.601']...
2025-09-17 16:38:36,213 - INFO - Fold 11: Selected models [7, 25, 30, 73, 47] based on fold 10 Q-scores, avg Q-score: 1.464
2025-09-17 16:38:36,238 - INFO - Fold 11 (Production): Sharpe=-0.181, Hit=44.1%
2025-09-17 16:38:36,238 - INFO - 
--- Processing fold 12/12 ---
2025-09-17 16:38:36,373 - INFO - Fold 12: Q-scores from fold 11: ['M00:0.137', 'M01:0.399', 'M02:0.844', 'M03:0.383', 'M04:0.668']...
2025-09-17 16:38:36,373 - INFO - Fold 12: Selected models [7, 30, 73, 25, 47] based on fold 11 Q-scores, avg Q-score: 1.385
2025-09-17 16:38:36,377 - INFO - Fold 12 (Production): Sharpe=1.026, Hit=50.8%
2025-09-17 16:38:36,378 - INFO - Training Period Overall: Sharpe=1.440, Hit=51.9%
2025-09-17 16:38:36,379 - INFO - Production Period Overall: Sharpe=1.112, Hit=51.7%
2025-09-17 16:38:36,380 - INFO - Full Timeline Overall: Sharpe=1.313, Hit=51.8%
2025-09-17 16:38:36,380 - INFO - Training: Sharpe=1.440 | Hit=51.9% | Return=47.28%
2025-09-17 16:38:36,380 - INFO - Production: Sharpe=1.112 | Hit=51.7% | Return=29.15%
2025-09-17 16:38:36,380 - INFO - Full Timeline: Sharpe=1.313 | Hit=51.8% | Return=39.70%
2025-09-17 16:38:36,380 - INFO - Generating visualizations...
2025-09-17 16:38:36,382 - INFO - Creating clean visualizations for 100 models...
2025-09-17 16:38:41,366 - INFO - Clean fold-by-fold analysis saved to: 20250917_155311_fold_@C#C_100models_15folds_rerun_C_multiprocessing.png
2025-09-17 16:38:45,720 - INFO - Detailed production analysis saved to: 20250917_155311_backtest_@C#C_100models_15folds_rerun_C_multiprocessing.png
2025-09-17 16:38:45,725 - INFO - ================================================================================
2025-09-17 16:38:45,726 - INFO - BACKTEST SUMMARY
2025-09-17 16:38:45,726 - INFO - ================================================================================
2025-09-17 16:38:45,726 - INFO - Config: Cutoff=70%, Top N=5, Q-Metric=sharpe, Reselection=1 fold(s)
2025-09-17 16:38:45,726 - INFO - Model Selection History:
2025-09-17 16:38:45,726 - INFO -   Fold 1: M12, M25, M58, M97, M54 (Avg Q-sharpe: 1.500)
2025-09-17 16:38:45,727 - INFO -   Fold 2: M25, M12, M58, M97, M07 (Avg Q-sharpe: 1.432)
2025-09-17 16:38:45,727 - INFO -   Fold 3: M25, M58, M12, M07, M97 (Avg Q-sharpe: 1.363)
2025-09-17 16:38:45,727 - INFO -   Fold 4: M25, M58, M12, M07, M34 (Avg Q-sharpe: 1.281)
2025-09-17 16:38:45,727 - INFO -   Fold 5: M12, M58, M07, M25, M34 (Avg Q-sharpe: 1.238)
2025-09-17 16:38:45,727 - INFO -   Fold 6: M12, M25, M07, M58, M34 (Avg Q-sharpe: 1.289)
2025-09-17 16:38:45,727 - INFO -   Fold 7: M25, M12, M07, M58, M05 (Avg Q-sharpe: 1.311)
2025-09-17 16:38:45,727 - INFO -   Fold 8: M07, M25, M30, M12, M58 (Avg Q-sharpe: 1.317)
2025-09-17 16:38:45,727 - INFO -   Fold 9: M07, M25, M30, M86, M12 (Avg Q-sharpe: 1.341)
2025-09-17 16:38:45,728 - INFO -   Fold 10: M07, M30, M73, M47, M25 (Avg Q-sharpe: 1.443)
2025-09-17 16:38:45,728 - INFO -   Fold 11: M07, M25, M30, M73, M47 (Avg Q-sharpe: 1.464)
2025-09-17 16:38:45,728 - INFO -   Fold 12: M07, M30, M73, M25, M47 (Avg Q-sharpe: 1.385)
2025-09-17 16:38:45,728 - INFO - 
2025-09-17 16:38:45,728 - INFO - Fold-by-Fold Performance:
2025-09-17 16:38:45,728 - INFO -   Fold 1: M12, M25, M58, M97, M54 | Sharpe=0.891 | Hit=53.1% | Samples=177
2025-09-17 16:38:45,728 - INFO -   Fold 2: M25, M12, M58, M97, M07 | Sharpe=0.138 | Hit=48.0% | Samples=177
2025-09-17 16:38:45,728 - INFO -   Fold 3: M25, M58, M12, M07, M97 | Sharpe=0.712 | Hit=50.3% | Samples=177
2025-09-17 16:38:45,728 - INFO -   Fold 4: M25, M58, M12, M07, M34 | Sharpe=1.741 | Hit=51.4% | Samples=177
2025-09-17 16:38:45,728 - INFO -   Fold 5: M12, M58, M07, M25, M34 | Sharpe=2.047 | Hit=55.9% | Samples=177
2025-09-17 16:38:45,728 - INFO -   Fold 6: M12, M25, M07, M58, M34 | Sharpe=1.702 | Hit=52.5% | Samples=177
2025-09-17 16:38:45,728 - INFO -   Fold 7: M25, M12, M07, M58, M05 | Sharpe=1.980 | Hit=52.0% | Samples=177
2025-09-17 16:38:45,729 - INFO -   Fold 8: M07, M25, M30, M12, M58 | Sharpe=0.562 | Hit=52.5% | Samples=177
2025-09-17 16:38:45,729 - INFO -   Fold 9: M07, M25, M30, M86, M12 | Sharpe=1.338 | Hit=54.8% | Samples=177
2025-09-17 16:38:45,729 - INFO -   Fold 10: M07, M30, M73, M47, M25 | Sharpe=2.919 | Hit=56.5% | Samples=177
2025-09-17 16:38:45,729 - INFO -   Fold 11: M07, M25, M30, M73, M47 | Sharpe=-0.181 | Hit=44.1% | Samples=177
2025-09-17 16:38:45,729 - INFO -   Fold 12: M07, M30, M73, M25, M47 | Sharpe=1.026 | Hit=50.8% | Samples=183
2025-09-17 16:38:45,729 - INFO - ================================================================================
2025-09-17 16:38:45,729 - INFO - ================================================================================
2025-09-17 16:38:45,729 - INFO - ANALYSIS COMPLETED SUCCESSFULLY!
2025-09-17 16:38:45,729 - INFO - ================================================================================
2025-09-17 16:38:45,729 - INFO - Generated 2 visualization files
2025-09-17 16:38:45,729 - INFO -   - 20250917_155311_fold_@C#C_100models_15folds_rerun_C_multiprocessing.png
2025-09-17 16:38:45,729 - INFO -   - 20250917_155311_backtest_@C#C_100models_15folds_rerun_C_multiprocessing.png
2025-09-17 16:38:45,729 - INFO - Training Final: Sharpe=1.440 | Hit=51.9% | Return=47.28% | CB=1.639
2025-09-17 16:38:45,731 - INFO - Production Final: Sharpe=1.112 | Hit=51.7% | Return=29.15% | CB=1.017
2025-09-17 16:38:45,731 - INFO - Full Timeline Final: Sharpe=1.313 | Hit=51.8% | Return=39.70% | CB=1.376
2025-09-17 16:38:45,733 - INFO - ============================================================
2025-09-17 16:38:45,733 - INFO - EXPORTING PRODUCTION MODELS (Consolidated File)
2025-09-17 16:38:45,733 - INFO - ============================================================
2025-09-17 16:38:45,733 - INFO - Backtest results keys: ['full_timeline_metrics', 'training_metrics', 'production_metrics', 'model_selection_history', 'fold_results', 'full_timeline_returns', 'training_returns', 'production_returns', 'full_timeline_predictions', 'full_timeline_dates', 'cutoff_fold', 'training_folds', 'production_folds']
2025-09-17 16:38:45,733 - INFO - Model selection history length: 12
2025-09-17 16:38:45,733 - INFO - Final selection keys: ['fold', 'selection_based_on_fold', 'selected_models', 'avg_q_score', 'period_type']
2025-09-17 16:38:45,733 - INFO - Final fold selected models: [7, 30, 73, 25, 47]
2025-09-17 16:38:45,733 - INFO - All fold results type: <class 'dict'>
2025-09-17 16:38:45,733 - INFO - All fold results keys/length: ['fold_1', 'fold_2', 'fold_3', 'fold_4', 'fold_5', 'fold_6', 'fold_7', 'fold_8', 'fold_9', 'fold_10', 'fold_11', 'fold_12', 'fold_13']
2025-09-17 16:38:45,734 - INFO - Available fold indices: [0, 1, 2, 3, 4, 5, 6, 7, 8, 9, 10, 11, 12]
2025-09-17 16:38:45,734 - INFO - Using fold index 11 (key: fold_12) as production fold
2025-09-17 16:38:45,734 - INFO - Final fold keys: ['results_df', 'model_metrics', 'oos_predictions', 'test_idx', 'trained_models', 'model_specs']
2025-09-17 16:38:45,734 - INFO - Trained models available: [0, 1, 2, 3, 4, 5, 6, 7, 8, 9, 10, 11, 12, 13, 14, 15, 16, 17, 18, 19, 20, 21, 22, 23, 24, 25, 26, 27, 28, 29, 30, 31, 32, 33, 34, 35, 36, 37, 38, 39, 40, 41, 42, 43, 44, 45, 46, 47, 48, 49, 50, 51, 52, 53, 54, 55, 56, 57, 58, 59, 60, 61, 62, 63, 64, 65, 66, 67, 68, 69, 70, 71, 72, 73, 74, 75, 76, 77, 78, 79, 80, 81, 82, 83, 84, 85, 86, 87, 88, 89, 90, 91, 92, 93, 94, 95, 96, 97, 98, 99]
2025-09-17 16:38:45,734 - INFO - Added model M07 -> model_01 with all 100 features (framework standard)
2025-09-17 16:38:45,734 - INFO - Added model M30 -> model_02 with all 100 features (framework standard)
2025-09-17 16:38:45,734 - INFO - Added model M73 -> model_03 with all 100 features (framework standard)
2025-09-17 16:38:45,734 - INFO - Added model M25 -> model_04 with all 100 features (framework standard)
2025-09-17 16:38:45,734 - INFO - Added model M47 -> model_05 with all 100 features (framework standard)
2025-09-17 16:38:45,734 - INFO - Extracted 5 selected models
2025-09-17 16:38:45,789 - INFO - SUCCESS: Exported 5 selected models to /Users/steven/Projects/SQ/bond_ls_xgb_grope_full_v6/PROD/models/@C#C_20250917_155311.pkl
2025-09-17 16:38:45,789 - INFO - File size: 1,696,688 bytes
2025-09-17 16:38:45,789 - INFO - Selected features: 100 features
2025-09-17 16:38:45,789 - INFO - Selected models: [7, 30, 73, 25, 47]
2025-09-17 16:38:45,790 - INFO - ============================================================
2025-09-17 16:38:45,790 - INFO - EXPORTING SIGNAL DISTRIBUTION
2025-09-17 16:38:45,790 - INFO - ============================================================
2025-09-17 16:38:45,790 - INFO - Timeline data: 2130 points
2025-09-17 16:38:45,883 - INFO - SUCCESS: Exported signal distribution to /Users/steven/Projects/SQ/bond_ls_xgb_grope_full_v6/xgb_compare/results/20250917_155311_signal_distribution_rerun_C_multiprocessing.csv
2025-09-17 16:38:45,883 - INFO - Records: 2,130
2025-09-17 16:38:45,884 - INFO - Date range: 2017-02-10 12:00:00 to 2025-07-30 12:00:00
2025-09-17 16:38:45,886 - INFO - Signal directions: {1: 1094, -1: 1036}
2025-09-17 16:38:45,886 - INFO - Signal range: -1.000000 to 1.000000
2025-09-17 16:38:45,886 - INFO - Hit rate: 0.500
2025-09-17 16:38:45,886 - INFO - Total PnL: 1.169942
