2025-09-17 15:52:54,095 - INFO - ================================================================================
2025-09-17 15:52:54,095 - INFO - XGBoost Comparison Framework
2025-09-17 15:52:54,095 - INFO - ================================================================================
2025-09-17 15:52:54,095 - INFO - Configuration:
2025-09-17 15:52:54,095 - INFO -   Target Symbol: @BO#C
2025-09-17 15:52:54,095 - INFO -   Date Range: 2015-01-01 to 2025-08-01
2025-09-17 15:52:54,095 - INFO -   Models: 100, Type: standard
2025-09-17 15:52:54,095 - INFO -   Folds: 15
2025-09-17 15:52:54,095 - INFO -   Max Features: 100 (Limited)
2025-09-17 15:52:54,096 - INFO -   Feature Selection: Enabled
2025-09-17 15:52:54,096 - INFO -   Inner Val Fraction: 0.2
2025-09-17 15:52:54,096 - INFO -   EWMA Alpha: 0.1, Quality Halflife: 63 days
2025-09-17 15:52:54,096 - INFO -   Signal Type: Binary (+1/-1)
2025-09-17 15:52:54,096 - INFO -   Cross-validation: Expanding window
2025-09-17 15:52:54,096 - INFO -   Production: Cutoff=0.6, Top N=5, Q-Metric=sharpe
2025-09-17 15:52:54,096 - INFO -   Reselection: Every 1 fold(s)
2025-09-17 15:52:54,096 - INFO -   COVID Period: SKIPPED (Mar 2020 - May 2020 excluded from backtest PnL)
2025-09-17 15:52:54,096 - INFO - 
2025-09-17 15:52:59,038 - INFO - Dropped 75 rows due to NaN in target column @BO#C_target_return
2025-09-17 15:52:59,144 - INFO - Loaded: X=(2660, 1906), y=(2660,)
2025-09-17 15:53:26,197 - INFO - Selected 100 features (threshold: 0.7)
2025-09-17 15:53:26,223 - INFO - Selected: 100 features
2025-09-17 15:53:26,295 - INFO - GPU detection: XGBoost not compiled with CUDA support - using CPU
2025-09-17 15:53:26,295 - INFO - Processing mode: CPU multiprocessing (GPU: False, Total models: 1500)
2025-09-17 15:53:26,307 - INFO - GPU detection: XGBoost not compiled with CUDA support - using CPU
2025-09-17 15:53:26,309 - INFO - Using expanding window
2025-09-17 15:53:26,309 - INFO - Starting analysis: 100 standard models x 13 folds
2025-09-17 15:53:26,309 - INFO - Processing Fold 1/13
2025-09-17 15:53:26,312 - INFO -   Using multiprocessing with 9 workers
2025-09-17 15:54:10,410 - INFO - Fold 1 Summary:
2025-09-17 15:54:10,410 - INFO -   Best OOS Sharpe: M75 (2.277, p=0.060)
2025-09-17 15:54:10,410 - INFO -   Best Q-Sharpe:  M75 (2.277, OOS_Sharpe=2.277, OOS_Hit=0.520)
2025-09-17 15:54:10,410 - INFO -   Mean OOS Sharpe: -0.057, Mean Hit: 0.490
2025-09-17 15:54:10,410 - INFO - 
2025-09-17 15:54:10,414 - INFO - Stored 100 trained models for production export
2025-09-17 15:54:10,414 - INFO - Processing Fold 2/13
2025-09-17 15:54:10,418 - INFO -   Using multiprocessing with 9 workers
2025-09-17 15:55:50,551 - INFO - Fold 2 Summary:
2025-09-17 15:55:50,552 - INFO -   Best OOS Sharpe: M86 (2.370, p=0.060)
2025-09-17 15:55:50,552 - INFO -   Best Q-Sharpe:  M75 (2.149, OOS_Sharpe=0.998, OOS_Hit=0.497)
2025-09-17 15:55:50,552 - INFO -   Mean OOS Sharpe: -0.084, Mean Hit: 0.471
2025-09-17 15:55:50,552 - INFO - 
2025-09-17 15:55:50,562 - INFO - Stored 100 trained models for production export
2025-09-17 15:55:50,562 - INFO - Processing Fold 3/13
2025-09-17 15:55:50,568 - INFO -   Using multiprocessing with 9 workers
2025-09-17 15:58:46,637 - INFO - Fold 3 Summary:
2025-09-17 15:58:46,641 - INFO -   Best OOS Sharpe: M84 (2.034, p=0.140)
2025-09-17 15:58:46,641 - INFO -   Best Q-Sharpe:  M75 (1.982, OOS_Sharpe=0.481, OOS_Hit=0.520)
2025-09-17 15:58:46,641 - INFO -   Mean OOS Sharpe: -0.665, Mean Hit: 0.468
2025-09-17 15:58:46,641 - INFO - 
2025-09-17 15:58:46,665 - INFO - Stored 100 trained models for production export
2025-09-17 15:58:46,666 - INFO - Processing Fold 4/13
2025-09-17 15:58:46,701 - INFO -   Using multiprocessing with 9 workers
2025-09-17 16:02:28,282 - INFO - Fold 4 Summary:
2025-09-17 16:02:28,288 - INFO -   Best OOS Sharpe: M62 (2.661, p=0.000)
2025-09-17 16:02:28,289 - INFO -   Best Q-Sharpe:  M75 (1.818, OOS_Sharpe=0.346, OOS_Hit=0.520)
2025-09-17 16:02:28,289 - INFO -   Mean OOS Sharpe: 0.686, Mean Hit: 0.500
2025-09-17 16:02:28,289 - INFO - 
2025-09-17 16:02:28,340 - INFO - Stored 100 trained models for production export
2025-09-17 16:02:28,341 - INFO - Processing Fold 5/13
2025-09-17 16:02:28,373 - INFO -   Using multiprocessing with 9 workers
2025-09-17 16:06:20,019 - INFO - Fold 5 Summary:
2025-09-17 16:06:20,024 - INFO -   Best OOS Sharpe: M22 (3.287, p=0.000)
2025-09-17 16:06:20,025 - INFO -   Best Q-Sharpe:  M75 (1.741, OOS_Sharpe=1.048, OOS_Hit=0.480)
2025-09-17 16:06:20,025 - INFO -   Mean OOS Sharpe: 0.761, Mean Hit: 0.483
2025-09-17 16:06:20,025 - INFO - 
2025-09-17 16:06:20,068 - INFO - Stored 100 trained models for production export
2025-09-17 16:06:20,069 - INFO - Processing Fold 6/13
2025-09-17 16:06:20,110 - INFO -   Using multiprocessing with 9 workers
2025-09-17 16:10:37,189 - INFO - Fold 6 Summary:
2025-09-17 16:10:37,197 - INFO -   Best OOS Sharpe: M03 (1.444, p=0.100)
2025-09-17 16:10:37,197 - INFO -   Best Q-Sharpe:  M75 (1.530, OOS_Sharpe=-0.368, OOS_Hit=0.446)
2025-09-17 16:10:37,197 - INFO -   Mean OOS Sharpe: -0.284, Mean Hit: 0.444
2025-09-17 16:10:37,197 - INFO - 
2025-09-17 16:10:37,262 - INFO - Stored 100 trained models for production export
2025-09-17 16:10:37,263 - INFO - Processing Fold 7/13
2025-09-17 16:10:37,296 - INFO -   Using multiprocessing with 9 workers
2025-09-17 16:14:36,381 - INFO - Fold 7 Summary:
2025-09-17 16:14:36,383 - INFO -   Best OOS Sharpe: M05 (4.463, p=0.860)
2025-09-17 16:14:36,383 - INFO -   Best Q-Sharpe:  M82 (1.194, OOS_Sharpe=2.670, OOS_Hit=0.548)
2025-09-17 16:14:36,383 - INFO -   Mean OOS Sharpe: -0.247, Mean Hit: 0.489
2025-09-17 16:14:36,383 - INFO - 
2025-09-17 16:14:36,442 - INFO - Stored 100 trained models for production export
2025-09-17 16:14:36,442 - INFO - Processing Fold 8/13
2025-09-17 16:14:36,470 - INFO -   Using multiprocessing with 9 workers
2025-09-17 16:20:20,941 - INFO - Fold 8 Summary:
2025-09-17 16:20:20,948 - INFO -   Best OOS Sharpe: M82 (2.436, p=0.040)
2025-09-17 16:20:20,948 - INFO -   Best Q-Sharpe:  M82 (1.318, OOS_Sharpe=2.436, OOS_Hit=0.531)
2025-09-17 16:20:20,948 - INFO -   Mean OOS Sharpe: 0.307, Mean Hit: 0.486
2025-09-17 16:20:20,948 - INFO - 
2025-09-17 16:20:21,003 - INFO - Stored 100 trained models for production export
2025-09-17 16:20:21,005 - INFO - Processing Fold 9/13
2025-09-17 16:20:21,052 - INFO -   Using multiprocessing with 9 workers
2025-09-17 16:23:46,409 - INFO - Fold 9 Summary:
2025-09-17 16:23:46,415 - INFO -   Best OOS Sharpe: M32 (3.499, p=0.000)
2025-09-17 16:23:46,415 - INFO -   Best Q-Sharpe:  M82 (1.386, OOS_Sharpe=1.995, OOS_Hit=0.531)
2025-09-17 16:23:46,415 - INFO -   Mean OOS Sharpe: 0.650, Mean Hit: 0.534
2025-09-17 16:23:46,415 - INFO - 
2025-09-17 16:23:46,465 - INFO - Stored 100 trained models for production export
2025-09-17 16:23:46,465 - INFO - Processing Fold 10/13
2025-09-17 16:23:46,519 - INFO -   Using multiprocessing with 9 workers
2025-09-17 16:26:53,922 - INFO - Fold 10 Summary:
2025-09-17 16:26:53,927 - INFO -   Best OOS Sharpe: M90 (3.798, p=0.000)
2025-09-17 16:26:53,928 - INFO -   Best Q-Sharpe:  M02 (1.071, OOS_Sharpe=0.768, OOS_Hit=0.548)
2025-09-17 16:26:53,928 - INFO -   Mean OOS Sharpe: 0.607, Mean Hit: 0.521
2025-09-17 16:26:53,928 - INFO - 
2025-09-17 16:26:53,980 - INFO - Stored 100 trained models for production export
2025-09-17 16:26:53,981 - INFO - Processing Fold 11/13
2025-09-17 16:26:54,037 - INFO -   Using multiprocessing with 9 workers
2025-09-17 16:29:56,863 - INFO - Fold 11 Summary:
2025-09-17 16:29:56,867 - INFO -   Best OOS Sharpe: M49 (3.357, p=0.000)
2025-09-17 16:29:56,867 - INFO -   Best Q-Sharpe:  M79 (1.087, OOS_Sharpe=2.135, OOS_Hit=0.548)
2025-09-17 16:29:56,867 - INFO -   Mean OOS Sharpe: 0.683, Mean Hit: 0.510
2025-09-17 16:29:56,867 - INFO - 
2025-09-17 16:29:56,905 - INFO - Stored 100 trained models for production export
2025-09-17 16:29:56,905 - INFO - Processing Fold 12/13
2025-09-17 16:29:56,964 - INFO -   Using multiprocessing with 9 workers
2025-09-17 16:33:41,765 - INFO - Fold 12 Summary:
2025-09-17 16:33:41,773 - INFO -   Best OOS Sharpe: M89 (2.991, p=0.020)
2025-09-17 16:33:41,773 - INFO -   Best Q-Sharpe:  M74 (1.077, OOS_Sharpe=1.589, OOS_Hit=0.548)
2025-09-17 16:33:41,773 - INFO -   Mean OOS Sharpe: 0.053, Mean Hit: 0.505
2025-09-17 16:33:41,773 - INFO - 
2025-09-17 16:33:41,910 - INFO - Stored 100 trained models for production export
2025-09-17 16:33:41,911 - INFO - Processing Fold 13/13
2025-09-17 16:33:41,953 - INFO -   Using multiprocessing with 9 workers
2025-09-17 16:36:55,826 - INFO - Fold 13 Summary:
2025-09-17 16:36:55,837 - INFO -   Best OOS Sharpe: M67 (2.982, p=0.000)
2025-09-17 16:36:55,838 - INFO -   Best Q-Sharpe:  M49 (0.992, OOS_Sharpe=1.866, OOS_Hit=0.560)
2025-09-17 16:36:55,838 - INFO -   Mean OOS Sharpe: -0.369, Mean Hit: 0.488
2025-09-17 16:36:55,838 - INFO - 
2025-09-17 16:36:55,906 - INFO - Stored 100 trained models for production export
2025-09-17 16:36:55,907 - INFO - Starting full timeline backtesting...
2025-09-17 16:36:55,913 - INFO - Running full timeline backtest with 13 folds (0-based indexing)
2025-09-17 16:36:55,914 - INFO - Fold 0 skipped (no prior Q-score history for meaningful selection)
2025-09-17 16:36:55,915 - INFO - Effective backtest period: Folds 1-12 (12 folds)
2025-09-17 16:36:55,915 - INFO - Training period: Folds 1-7
2025-09-17 16:36:55,915 - INFO - Production period: Folds 8-12
2025-09-17 16:36:55,915 - INFO - Using consistent OOS methodology for all folds
2025-09-17 16:36:55,917 - INFO - Fold 0: Skipped (no prior Q-score history for meaningful selection)
2025-09-17 16:36:55,917 - INFO - 
--- Processing fold 1/12 ---
2025-09-17 16:36:56,037 - INFO - Fold 1: Q-scores from fold 0: ['M00:-0.176', 'M01:1.785', 'M02:1.680', 'M03:-0.799', 'M04:0.480']...
2025-09-17 16:36:56,038 - INFO - Fold 1: Selected models [75, 58, 74, 1, 79] based on fold 0 Q-scores, avg Q-score: 1.938
2025-09-17 16:36:56,116 - INFO - Fold 1 (Training): Sharpe=0.809, Hit=49.2%
2025-09-17 16:36:56,116 - INFO - 
--- Processing fold 2/12 ---
2025-09-17 16:36:56,314 - INFO - Fold 2: Q-scores from fold 1: ['M00:-0.320', 'M01:1.496', 'M02:1.361', 'M03:-0.709', 'M04:0.345']...
2025-09-17 16:36:56,314 - INFO - Fold 2: Selected models [75, 58, 74, 79, 1] based on fold 1 Q-scores, avg Q-score: 1.732
2025-09-17 16:36:56,324 - INFO - Fold 2 (Training): Sharpe=-0.189, Hit=46.9%
2025-09-17 16:36:56,324 - INFO - 
--- Processing fold 3/12 ---
2025-09-17 16:36:56,554 - INFO - Fold 3: Q-scores from fold 2: ['M00:-0.263', 'M01:1.433', 'M02:1.063', 'M03:-0.693', 'M04:0.255']...
2025-09-17 16:36:56,576 - INFO - Fold 3: Selected models [75, 58, 1, 74, 79] based on fold 2 Q-scores, avg Q-score: 1.563
2025-09-17 16:36:56,588 - INFO - Fold 3 (Training): Sharpe=0.856, Hit=48.6%
2025-09-17 16:36:56,589 - INFO - 
--- Processing fold 4/12 ---
2025-09-17 16:36:56,808 - INFO - Fold 4: Q-scores from fold 3: ['M00:-0.300', 'M01:1.400', 'M02:1.075', 'M03:-0.658', 'M04:0.294']...
2025-09-17 16:36:56,809 - INFO - Fold 4: Selected models [75, 58, 1, 79, 74] based on fold 3 Q-scores, avg Q-score: 1.439
2025-09-17 16:36:56,820 - INFO - Fold 4 (Training): Sharpe=1.300, Hit=49.2%
2025-09-17 16:36:56,820 - INFO - 
--- Processing fold 5/12 ---
2025-09-17 16:36:57,008 - INFO - Fold 5: Q-scores from fold 4: ['M00:-0.316', 'M01:1.405', 'M02:0.959', 'M03:-0.495', 'M04:0.238']...
2025-09-17 16:36:57,009 - INFO - Fold 5: Selected models [75, 1, 58, 79, 74] based on fold 4 Q-scores, avg Q-score: 1.372
2025-09-17 16:36:57,018 - INFO - Fold 5 (Training): Sharpe=1.908, Hit=45.2%
2025-09-17 16:36:57,019 - INFO - 
--- Processing fold 6/12 ---
2025-09-17 16:36:57,206 - INFO - Fold 6: Q-scores from fold 5: ['M00:-0.288', 'M01:1.214', 'M02:0.853', 'M03:-0.301', 'M04:0.184']...
2025-09-17 16:36:57,209 - INFO - Fold 6: Selected models [75, 1, 58, 74, 79] based on fold 5 Q-scores, avg Q-score: 1.179
2025-09-17 16:36:57,218 - INFO - Fold 6 (Training): Sharpe=-3.948, Hit=40.1%
2025-09-17 16:36:57,218 - INFO - 
--- Processing fold 7/12 ---
2025-09-17 16:36:57,278 - INFO - Fold 7: Q-scores from fold 6: ['M00:-0.057', 'M01:0.608', 'M02:1.013', 'M03:-0.341', 'M04:0.401']...
2025-09-17 16:36:57,278 - INFO - Fold 7: Selected models [82, 79, 2, 74, 75] based on fold 6 Q-scores, avg Q-score: 1.074
2025-09-17 16:36:57,286 - INFO - Fold 7 (Training): Sharpe=-0.458, Hit=45.8%
2025-09-17 16:36:57,286 - INFO - 
--- Processing fold 8/12 ---
2025-09-17 16:36:57,451 - INFO - Fold 8: Q-scores from fold 7: ['M00:0.015', 'M01:0.621', 'M02:1.046', 'M03:-0.180', 'M04:0.398']...
2025-09-17 16:36:57,452 - INFO - Fold 8: Selected models [82, 2, 79, 75, 74] based on fold 7 Q-scores, avg Q-score: 1.031
2025-09-17 16:36:57,464 - INFO - Fold 8 (Production): Sharpe=2.084, Hit=58.8%
2025-09-17 16:36:57,464 - INFO - 
--- Processing fold 9/12 ---
2025-09-17 16:36:57,565 - INFO - Fold 9: Q-scores from fold 8: ['M00:0.028', 'M01:0.308', 'M02:1.104', 'M03:0.002', 'M04:0.446']...
2025-09-17 16:36:57,565 - INFO - Fold 9: Selected models [82, 2, 75, 74, 32] based on fold 8 Q-scores, avg Q-score: 1.056
2025-09-17 16:36:57,575 - INFO - Fold 9 (Production): Sharpe=0.797, Hit=52.0%
2025-09-17 16:36:57,575 - INFO - 
--- Processing fold 10/12 ---
2025-09-17 16:36:57,716 - INFO - Fold 10: Q-scores from fold 9: ['M00:-0.025', 'M01:0.387', 'M02:1.071', 'M03:0.018', 'M04:0.421']...
2025-09-17 16:36:57,716 - INFO - Fold 10: Selected models [2, 82, 79, 74, 32] based on fold 9 Q-scores, avg Q-score: 0.980
2025-09-17 16:36:57,752 - INFO - Fold 10 (Production): Sharpe=2.661, Hit=55.9%
2025-09-17 16:36:57,752 - INFO - 
--- Processing fold 11/12 ---
2025-09-17 16:36:57,892 - INFO - Fold 11: Q-scores from fold 10: ['M00:0.072', 'M01:0.289', 'M02:1.001', 'M03:0.171', 'M04:0.484']...
2025-09-17 16:36:57,892 - INFO - Fold 11: Selected models [79, 82, 52, 74, 49] based on fold 10 Q-scores, avg Q-score: 1.047
2025-09-17 16:36:57,906 - INFO - Fold 11 (Production): Sharpe=-0.662, Hit=49.2%
2025-09-17 16:36:57,907 - INFO - 
--- Processing fold 12/12 ---
2025-09-17 16:36:58,091 - INFO - Fold 12: Q-scores from fold 11: ['M00:0.043', 'M01:0.185', 'M02:0.864', 'M03:0.291', 'M04:0.434']...
2025-09-17 16:36:58,094 - INFO - Fold 12: Selected models [74, 79, 75, 49, 2] based on fold 11 Q-scores, avg Q-score: 0.947
2025-09-17 16:36:58,100 - INFO - Fold 12 (Production): Sharpe=-0.559, Hit=49.5%
2025-09-17 16:36:58,176 - INFO - Training Period Overall: Sharpe=-0.148, Hit=46.2%
2025-09-17 16:36:58,178 - INFO - Production Period Overall: Sharpe=1.047, Hit=53.0%
2025-09-17 16:36:58,183 - INFO - Full Timeline Overall: Sharpe=-0.087, Hit=49.0%
2025-09-17 16:36:58,184 - INFO - Training: Sharpe=-0.148 | Hit=46.2% | Return=-141.17%
2025-09-17 16:36:58,184 - INFO - Production: Sharpe=1.047 | Hit=53.0% | Return=45.46%
2025-09-17 16:36:58,184 - INFO - Full Timeline: Sharpe=-0.087 | Hit=49.0% | Return=-63.15%
2025-09-17 16:36:58,184 - INFO - Generating visualizations...
2025-09-17 16:36:58,185 - INFO - Creating clean visualizations for 100 models...
2025-09-17 16:37:04,009 - INFO - Clean fold-by-fold analysis saved to: 20250917_155254_fold_@BO#C_100models_15folds_rerun_BO_multiprocessing.png
2025-09-17 16:37:08,092 - INFO - Detailed production analysis saved to: 20250917_155254_backtest_@BO#C_100models_15folds_rerun_BO_multiprocessing.png
2025-09-17 16:37:08,095 - INFO - ================================================================================
2025-09-17 16:37:08,095 - INFO - BACKTEST SUMMARY
2025-09-17 16:37:08,095 - INFO - ================================================================================
2025-09-17 16:37:08,095 - INFO - Config: Cutoff=70%, Top N=5, Q-Metric=sharpe, Reselection=1 fold(s)
2025-09-17 16:37:08,095 - INFO - Model Selection History:
2025-09-17 16:37:08,095 - INFO -   Fold 1: M75, M58, M74, M01, M79 (Avg Q-sharpe: 1.938)
2025-09-17 16:37:08,095 - INFO -   Fold 2: M75, M58, M74, M79, M01 (Avg Q-sharpe: 1.732)
2025-09-17 16:37:08,095 - INFO -   Fold 3: M75, M58, M01, M74, M79 (Avg Q-sharpe: 1.563)
2025-09-17 16:37:08,095 - INFO -   Fold 4: M75, M58, M01, M79, M74 (Avg Q-sharpe: 1.439)
2025-09-17 16:37:08,095 - INFO -   Fold 5: M75, M01, M58, M79, M74 (Avg Q-sharpe: 1.372)
2025-09-17 16:37:08,095 - INFO -   Fold 6: M75, M01, M58, M74, M79 (Avg Q-sharpe: 1.179)
2025-09-17 16:37:08,095 - INFO -   Fold 7: M82, M79, M02, M74, M75 (Avg Q-sharpe: 1.074)
2025-09-17 16:37:08,095 - INFO -   Fold 8: M82, M02, M79, M75, M74 (Avg Q-sharpe: 1.031)
2025-09-17 16:37:08,096 - INFO -   Fold 9: M82, M02, M75, M74, M32 (Avg Q-sharpe: 1.056)
2025-09-17 16:37:08,096 - INFO -   Fold 10: M02, M82, M79, M74, M32 (Avg Q-sharpe: 0.980)
2025-09-17 16:37:08,096 - INFO -   Fold 11: M79, M82, M52, M74, M49 (Avg Q-sharpe: 1.047)
2025-09-17 16:37:08,096 - INFO -   Fold 12: M74, M79, M75, M49, M02 (Avg Q-sharpe: 0.947)
2025-09-17 16:37:08,096 - INFO - 
2025-09-17 16:37:08,096 - INFO - Fold-by-Fold Performance:
2025-09-17 16:37:08,096 - INFO -   Fold 1: M75, M58, M74, M01, M79 | Sharpe=0.809 | Hit=49.2% | Samples=177
2025-09-17 16:37:08,097 - INFO -   Fold 2: M75, M58, M74, M79, M01 | Sharpe=-0.189 | Hit=46.9% | Samples=177
2025-09-17 16:37:08,097 - INFO -   Fold 3: M75, M58, M01, M74, M79 | Sharpe=0.856 | Hit=48.6% | Samples=177
2025-09-17 16:37:08,097 - INFO -   Fold 4: M75, M58, M01, M79, M74 | Sharpe=1.300 | Hit=49.2% | Samples=177
2025-09-17 16:37:08,097 - INFO -   Fold 5: M75, M01, M58, M79, M74 | Sharpe=1.908 | Hit=45.2% | Samples=177
2025-09-17 16:37:08,097 - INFO -   Fold 6: M75, M01, M58, M74, M79 | Sharpe=-3.948 | Hit=40.1% | Samples=177
2025-09-17 16:37:08,097 - INFO -   Fold 7: M82, M79, M02, M74, M75 | Sharpe=-0.458 | Hit=45.8% | Samples=177
2025-09-17 16:37:08,097 - INFO -   Fold 8: M82, M02, M79, M75, M74 | Sharpe=2.084 | Hit=58.8% | Samples=177
2025-09-17 16:37:08,097 - INFO -   Fold 9: M82, M02, M75, M74, M32 | Sharpe=0.797 | Hit=52.0% | Samples=177
2025-09-17 16:37:08,097 - INFO -   Fold 10: M02, M82, M79, M74, M32 | Sharpe=2.661 | Hit=55.9% | Samples=177
2025-09-17 16:37:08,098 - INFO -   Fold 11: M79, M82, M52, M74, M49 | Sharpe=-0.662 | Hit=49.2% | Samples=177
2025-09-17 16:37:08,098 - INFO -   Fold 12: M74, M79, M75, M49, M02 | Sharpe=-0.559 | Hit=49.5% | Samples=182
2025-09-17 16:37:08,098 - INFO - ================================================================================
2025-09-17 16:37:08,098 - INFO - ================================================================================
2025-09-17 16:37:08,098 - INFO - ANALYSIS COMPLETED SUCCESSFULLY!
2025-09-17 16:37:08,098 - INFO - ================================================================================
2025-09-17 16:37:08,098 - INFO - Generated 2 visualization files
2025-09-17 16:37:08,098 - INFO -   - 20250917_155254_fold_@BO#C_100models_15folds_rerun_BO_multiprocessing.png
2025-09-17 16:37:08,098 - INFO -   - 20250917_155254_backtest_@BO#C_100models_15folds_rerun_BO_multiprocessing.png
2025-09-17 16:37:08,098 - INFO - Training Final: Sharpe=-0.148 | Hit=46.2% | Return=-141.17% | CB=-0.086
2025-09-17 16:37:08,098 - INFO - Production Final: Sharpe=1.047 | Hit=53.0% | Return=45.46% | CB=0.901
2025-09-17 16:37:08,098 - INFO - Full Timeline Final: Sharpe=-0.087 | Hit=49.0% | Return=-63.15% | CB=-0.038
2025-09-17 16:37:08,100 - INFO - ============================================================
2025-09-17 16:37:08,100 - INFO - EXPORTING PRODUCTION MODELS (Consolidated File)
2025-09-17 16:37:08,100 - INFO - ============================================================
2025-09-17 16:37:08,100 - INFO - Backtest results keys: ['full_timeline_metrics', 'training_metrics', 'production_metrics', 'model_selection_history', 'fold_results', 'full_timeline_returns', 'training_returns', 'production_returns', 'full_timeline_predictions', 'full_timeline_dates', 'cutoff_fold', 'training_folds', 'production_folds']
2025-09-17 16:37:08,100 - INFO - Model selection history length: 12
2025-09-17 16:37:08,100 - INFO - Final selection keys: ['fold', 'selection_based_on_fold', 'selected_models', 'avg_q_score', 'period_type']
2025-09-17 16:37:08,100 - INFO - Final fold selected models: [74, 79, 75, 49, 2]
2025-09-17 16:37:08,100 - INFO - All fold results type: <class 'dict'>
2025-09-17 16:37:08,100 - INFO - All fold results keys/length: ['fold_1', 'fold_2', 'fold_3', 'fold_4', 'fold_5', 'fold_6', 'fold_7', 'fold_8', 'fold_9', 'fold_10', 'fold_11', 'fold_12', 'fold_13']
2025-09-17 16:37:08,100 - INFO - Available fold indices: [0, 1, 2, 3, 4, 5, 6, 7, 8, 9, 10, 11, 12]
2025-09-17 16:37:08,100 - INFO - Using fold index 11 (key: fold_12) as production fold
2025-09-17 16:37:08,100 - INFO - Final fold keys: ['results_df', 'model_metrics', 'oos_predictions', 'test_idx', 'trained_models', 'model_specs']
2025-09-17 16:37:08,100 - INFO - Trained models available: [0, 1, 2, 3, 4, 5, 6, 7, 8, 9, 10, 11, 12, 13, 14, 15, 16, 17, 18, 19, 20, 21, 22, 23, 24, 25, 26, 27, 28, 29, 30, 31, 32, 33, 34, 35, 36, 37, 38, 39, 40, 41, 42, 43, 44, 45, 46, 47, 48, 49, 50, 51, 52, 53, 54, 55, 56, 57, 58, 59, 60, 61, 62, 63, 64, 65, 66, 67, 68, 69, 70, 71, 72, 73, 74, 75, 76, 77, 78, 79, 80, 81, 82, 83, 84, 85, 86, 87, 88, 89, 90, 91, 92, 93, 94, 95, 96, 97, 98, 99]
2025-09-17 16:37:08,100 - INFO - Added model M74 -> model_01 with all 100 features (framework standard)
2025-09-17 16:37:08,100 - INFO - Added model M79 -> model_02 with all 100 features (framework standard)
2025-09-17 16:37:08,100 - INFO - Added model M75 -> model_03 with all 100 features (framework standard)
2025-09-17 16:37:08,100 - INFO - Added model M49 -> model_04 with all 100 features (framework standard)
2025-09-17 16:37:08,100 - INFO - Added model M02 -> model_05 with all 100 features (framework standard)
2025-09-17 16:37:08,100 - INFO - Extracted 5 selected models
2025-09-17 16:37:08,126 - INFO - SUCCESS: Exported 5 selected models to /Users/steven/Projects/SQ/bond_ls_xgb_grope_full_v6/PROD/models/@BO#C_20250917_155254.pkl
2025-09-17 16:37:08,126 - INFO - File size: 940,947 bytes
2025-09-17 16:37:08,127 - INFO - Selected features: 100 features
2025-09-17 16:37:08,127 - INFO - Selected models: [74, 79, 75, 49, 2]
2025-09-17 16:37:08,127 - INFO - ============================================================
2025-09-17 16:37:08,127 - INFO - EXPORTING SIGNAL DISTRIBUTION
2025-09-17 16:37:08,127 - INFO - ============================================================
2025-09-17 16:37:08,127 - INFO - Timeline data: 2129 points
2025-09-17 16:37:08,216 - INFO - SUCCESS: Exported signal distribution to /Users/steven/Projects/SQ/bond_ls_xgb_grope_full_v6/xgb_compare/results/20250917_155254_signal_distribution_rerun_BO_multiprocessing.csv
2025-09-17 16:37:08,217 - INFO - Records: 2,129
2025-09-17 16:37:08,217 - INFO - Date range: 2017-02-10 12:00:00 to 2025-07-30 12:00:00
2025-09-17 16:37:08,221 - INFO - Signal directions: {1: 1092, -1: 1037}
2025-09-17 16:37:08,221 - INFO - Signal range: -1.000000 to 1.000000
2025-09-17 16:37:08,221 - INFO - Hit rate: 0.503
2025-09-17 16:37:08,221 - INFO - Total PnL: 0.641266
