2025-09-17 18:05:37,929 - INFO - ================================================================================
2025-09-17 18:05:37,929 - INFO - XGBoost Comparison Framework
2025-09-17 18:05:37,930 - INFO - ================================================================================
2025-09-17 18:05:37,930 - INFO - Configuration:
2025-09-17 18:05:37,930 - INFO -   Target Symbol: QPL#C
2025-09-17 18:05:37,930 - INFO -   Date Range: 2015-01-01 to 2025-08-01
2025-09-17 18:05:37,930 - INFO -   Models: 100, Type: standard
2025-09-17 18:05:37,930 - INFO -   Folds: 15
2025-09-17 18:05:37,930 - INFO -   Max Features: 100 (Limited)
2025-09-17 18:05:37,930 - INFO -   Feature Selection: Enabled
2025-09-17 18:05:37,930 - INFO -   Inner Val Fraction: 0.2
2025-09-17 18:05:37,930 - INFO -   EWMA Alpha: 0.1, Quality Halflife: 63 days
2025-09-17 18:05:37,930 - INFO -   Signal Type: Binary (+1/-1)
2025-09-17 18:05:37,930 - INFO -   Cross-validation: Expanding window
2025-09-17 18:05:37,930 - INFO -   Production: Cutoff=0.6, Top N=5, Q-Metric=sharpe
2025-09-17 18:05:37,930 - INFO -   Reselection: Every 1 fold(s)
2025-09-17 18:05:37,930 - INFO - 
2025-09-17 18:05:51,104 - INFO - Dropped 6 rows due to NaN in target column QPL#C_target_return
2025-09-17 18:05:51,358 - INFO - Loaded: X=(2729, 1906), y=(2729,)
2025-09-17 18:07:33,332 - INFO - Selected 100 features (threshold: 0.7)
2025-09-17 18:07:33,477 - INFO - Selected: 100 features
2025-09-17 18:07:33,733 - INFO - GPU detection: XGBoost not compiled with CUDA support - using CPU
2025-09-17 18:07:33,734 - INFO - Processing mode: CPU multiprocessing (GPU: False, Total models: 1500)
2025-09-17 18:07:33,814 - INFO - GPU detection: XGBoost not compiled with CUDA support - using CPU
2025-09-17 18:07:33,818 - INFO - Using expanding window
2025-09-17 18:07:33,819 - INFO - Starting analysis: 100 standard models x 13 folds
2025-09-17 18:07:33,819 - INFO - Processing Fold 1/13
2025-09-17 18:07:33,825 - INFO -   Using multiprocessing with 9 workers
2025-09-17 18:10:00,006 - INFO - Fold 1 Summary:
2025-09-17 18:10:00,007 - INFO -   Best OOS Sharpe: M95 (1.974, p=0.020)
2025-09-17 18:10:00,008 - INFO -   Best Q-Sharpe:  M95 (1.974, OOS_Sharpe=1.974, OOS_Hit=0.530)
2025-09-17 18:10:00,008 - INFO -   Mean OOS Sharpe: 0.101, Mean Hit: 0.490
2025-09-17 18:10:00,008 - INFO - 
2025-09-17 18:10:00,021 - INFO - Stored 100 trained models for production export
2025-09-17 18:10:00,021 - INFO - Processing Fold 2/13
2025-09-17 18:10:00,044 - INFO -   Using multiprocessing with 9 workers
2025-09-17 18:12:38,872 - INFO - Fold 2 Summary:
2025-09-17 18:12:38,877 - INFO -   Best OOS Sharpe: M44 (2.705, p=0.020)
2025-09-17 18:12:38,877 - INFO -   Best Q-Sharpe:  M95 (1.971, OOS_Sharpe=1.947, OOS_Hit=0.541)
2025-09-17 18:12:38,877 - INFO -   Mean OOS Sharpe: 0.326, Mean Hit: 0.508
2025-09-17 18:12:38,877 - INFO - 
2025-09-17 18:12:38,898 - INFO - Stored 100 trained models for production export
2025-09-17 18:12:38,898 - INFO - Processing Fold 3/13
2025-09-17 18:12:38,925 - INFO -   Using multiprocessing with 9 workers
2025-09-17 18:15:35,386 - INFO - Fold 3 Summary:
2025-09-17 18:15:35,422 - INFO -   Best OOS Sharpe: M88 (3.939, p=0.000)
2025-09-17 18:15:35,422 - INFO -   Best Q-Sharpe:  M95 (1.757, OOS_Sharpe=-0.178, OOS_Hit=0.508)
2025-09-17 18:15:35,422 - INFO -   Mean OOS Sharpe: 0.229, Mean Hit: 0.523
2025-09-17 18:15:35,422 - INFO - 
2025-09-17 18:15:35,575 - INFO - Stored 100 trained models for production export
2025-09-17 18:15:35,577 - INFO - Processing Fold 4/13
2025-09-17 18:15:35,661 - INFO -   Using multiprocessing with 9 workers
2025-09-17 18:19:03,899 - INFO - Fold 4 Summary:
2025-09-17 18:19:03,931 - INFO -   Best OOS Sharpe: M06 (3.258, p=0.000)
2025-09-17 18:19:03,931 - INFO -   Best Q-Sharpe:  M95 (1.765, OOS_Sharpe=1.839, OOS_Hit=0.530)
2025-09-17 18:19:03,931 - INFO -   Mean OOS Sharpe: 1.602, Mean Hit: 0.525
2025-09-17 18:19:03,931 - INFO - 
2025-09-17 18:19:04,055 - INFO - Stored 100 trained models for production export
2025-09-17 18:19:04,057 - INFO - Processing Fold 5/13
2025-09-17 18:19:04,112 - INFO -   Using multiprocessing with 9 workers
2025-09-17 18:22:40,269 - INFO - Fold 5 Summary:
2025-09-17 18:22:40,274 - INFO -   Best OOS Sharpe: M37 (3.292, p=0.000)
2025-09-17 18:22:40,274 - INFO -   Best Q-Sharpe:  M37 (1.684, OOS_Sharpe=3.292, OOS_Hit=0.564)
2025-09-17 18:22:40,274 - INFO -   Mean OOS Sharpe: 0.493, Mean Hit: 0.500
2025-09-17 18:22:40,275 - INFO - 
2025-09-17 18:22:40,296 - INFO - Stored 100 trained models for production export
2025-09-17 18:22:40,297 - INFO - Processing Fold 6/13
2025-09-17 18:22:40,337 - INFO -   Using multiprocessing with 9 workers
2025-09-17 18:26:04,675 - INFO - Fold 6 Summary:
2025-09-17 18:26:04,679 - INFO -   Best OOS Sharpe: M11 (5.019, p=0.000)
2025-09-17 18:26:04,679 - INFO -   Best Q-Sharpe:  M37 (1.699, OOS_Sharpe=1.840, OOS_Hit=0.552)
2025-09-17 18:26:04,679 - INFO -   Mean OOS Sharpe: 2.074, Mean Hit: 0.573
2025-09-17 18:26:04,679 - INFO - 
2025-09-17 18:26:04,715 - INFO - Stored 100 trained models for production export
2025-09-17 18:26:04,715 - INFO - Processing Fold 7/13
2025-09-17 18:26:04,739 - INFO -   Using multiprocessing with 9 workers
2025-09-17 18:29:30,829 - INFO - Fold 7 Summary:
2025-09-17 18:29:30,832 - INFO -   Best OOS Sharpe: M30 (4.256, p=0.000)
2025-09-17 18:29:30,832 - INFO -   Best Q-Sharpe:  M37 (1.737, OOS_Sharpe=2.076, OOS_Hit=0.525)
2025-09-17 18:29:30,832 - INFO -   Mean OOS Sharpe: 1.746, Mean Hit: 0.527
2025-09-17 18:29:30,832 - INFO - 
2025-09-17 18:29:30,857 - INFO - Stored 100 trained models for production export
2025-09-17 18:29:30,858 - INFO - Processing Fold 8/13
2025-09-17 18:29:30,902 - INFO -   Using multiprocessing with 9 workers
2025-09-17 18:33:21,152 - INFO - Fold 8 Summary:
2025-09-17 18:33:21,156 - INFO -   Best OOS Sharpe: M61 (1.877, p=0.220)
2025-09-17 18:33:21,156 - INFO -   Best Q-Sharpe:  M95 (1.613, OOS_Sharpe=0.724, OOS_Hit=0.508)
2025-09-17 18:33:21,156 - INFO -   Mean OOS Sharpe: 0.360, Mean Hit: 0.509
2025-09-17 18:33:21,156 - INFO - 
2025-09-17 18:33:21,182 - INFO - Stored 100 trained models for production export
2025-09-17 18:33:21,183 - INFO - Processing Fold 9/13
2025-09-17 18:33:21,206 - INFO -   Using multiprocessing with 9 workers
2025-09-17 18:37:04,657 - INFO - Fold 9 Summary:
2025-09-17 18:37:04,659 - INFO -   Best OOS Sharpe: M16 (2.913, p=0.000)
2025-09-17 18:37:04,659 - INFO -   Best Q-Sharpe:  M16 (1.563, OOS_Sharpe=2.913, OOS_Hit=0.580)
2025-09-17 18:37:04,659 - INFO -   Mean OOS Sharpe: 0.529, Mean Hit: 0.524
2025-09-17 18:37:04,659 - INFO - 
2025-09-17 18:37:04,701 - INFO - Stored 100 trained models for production export
2025-09-17 18:37:04,701 - INFO - Processing Fold 10/13
2025-09-17 18:37:04,789 - INFO -   Using multiprocessing with 9 workers
2025-09-17 18:41:24,579 - INFO - Fold 10 Summary:
2025-09-17 18:41:24,583 - INFO -   Best OOS Sharpe: M29 (4.578, p=0.000)
2025-09-17 18:41:24,583 - INFO -   Best Q-Sharpe:  M16 (1.668, OOS_Sharpe=2.615, OOS_Hit=0.586)
2025-09-17 18:41:24,583 - INFO -   Mean OOS Sharpe: 1.958, Mean Hit: 0.557
2025-09-17 18:41:24,583 - INFO - 
2025-09-17 18:41:24,611 - INFO - Stored 100 trained models for production export
2025-09-17 18:41:24,612 - INFO - Processing Fold 11/13
2025-09-17 18:41:24,633 - INFO -   Using multiprocessing with 9 workers
2025-09-17 18:47:02,751 - INFO - Fold 11 Summary:
2025-09-17 18:47:02,756 - INFO -   Best OOS Sharpe: M28 (2.138, p=0.020)
2025-09-17 18:47:02,756 - INFO -   Best Q-Sharpe:  M16 (1.614, OOS_Sharpe=1.128, OOS_Hit=0.503)
2025-09-17 18:47:02,756 - INFO -   Mean OOS Sharpe: 0.268, Mean Hit: 0.503
2025-09-17 18:47:02,756 - INFO - 
2025-09-17 18:47:02,796 - INFO - Stored 100 trained models for production export
2025-09-17 18:47:02,796 - INFO - Processing Fold 12/13
2025-09-17 18:47:02,830 - INFO -   Using multiprocessing with 9 workers
2025-09-17 18:51:16,921 - INFO - Fold 12 Summary:
2025-09-17 18:51:16,924 - INFO -   Best OOS Sharpe: M92 (2.921, p=0.000)
2025-09-17 18:51:16,924 - INFO -   Best Q-Sharpe:  M25 (1.449, OOS_Sharpe=0.890, OOS_Hit=0.519)
2025-09-17 18:51:16,924 - INFO -   Mean OOS Sharpe: 0.717, Mean Hit: 0.504
2025-09-17 18:51:16,924 - INFO - 
2025-09-17 18:51:16,955 - INFO - Stored 100 trained models for production export
2025-09-17 18:51:16,955 - INFO - Processing Fold 13/13
2025-09-17 18:51:16,982 - INFO -   Using multiprocessing with 9 workers
2025-09-17 18:52:34,423 - INFO - Fold 13 Summary:
2025-09-17 18:52:34,425 - INFO -   Best OOS Sharpe: M92 (4.875, p=0.000)
2025-09-17 18:52:34,425 - INFO -   Best Q-Sharpe:  M92 (1.667, OOS_Sharpe=4.875, OOS_Hit=0.621)
2025-09-17 18:52:34,425 - INFO -   Mean OOS Sharpe: 2.487, Mean Hit: 0.561
2025-09-17 18:52:34,425 - INFO - 
2025-09-17 18:52:34,444 - INFO - Stored 100 trained models for production export
2025-09-17 18:52:34,444 - INFO - Starting full timeline backtesting...
2025-09-17 18:52:34,447 - INFO - Running full timeline backtest with 13 folds (0-based indexing)
2025-09-17 18:52:34,448 - INFO - Fold 0 skipped (no prior Q-score history for meaningful selection)
2025-09-17 18:52:34,448 - INFO - Effective backtest period: Folds 1-12 (12 folds)
2025-09-17 18:52:34,448 - INFO - Training period: Folds 1-7
2025-09-17 18:52:34,448 - INFO - Production period: Folds 8-12
2025-09-17 18:52:34,449 - INFO - Using consistent OOS methodology for all folds
2025-09-17 18:52:34,450 - INFO - Fold 0: Skipped (no prior Q-score history for meaningful selection)
2025-09-17 18:52:34,450 - INFO - 
--- Processing fold 1/12 ---
2025-09-17 18:52:34,470 - INFO - Fold 1: Q-scores from fold 0: ['M00:0.202', 'M01:0.283', 'M02:-0.290', 'M03:1.100', 'M04:0.279']...
2025-09-17 18:52:34,471 - INFO - Fold 1: Selected models [95, 25, 37, 78, 34] based on fold 0 Q-scores, avg Q-score: 1.759
2025-09-17 18:52:34,505 - INFO - Fold 1 (Training): Sharpe=1.162, Hit=54.1%
2025-09-17 18:52:34,506 - INFO - 
--- Processing fold 2/12 ---
2025-09-17 18:52:34,522 - INFO - Fold 2: Q-scores from fold 1: ['M00:0.348', 'M01:0.260', 'M02:-0.208', 'M03:1.122', 'M04:0.321']...
2025-09-17 18:52:34,522 - INFO - Fold 2: Selected models [95, 25, 37, 78, 85] based on fold 1 Q-scores, avg Q-score: 1.695
2025-09-17 18:52:34,526 - INFO - Fold 2 (Training): Sharpe=-0.071, Hit=51.9%
2025-09-17 18:52:34,526 - INFO - 
--- Processing fold 3/12 ---
2025-09-17 18:52:34,542 - INFO - Fold 3: Q-scores from fold 2: ['M00:0.371', 'M01:0.234', 'M02:-0.100', 'M03:0.787', 'M04:0.344']...
2025-09-17 18:52:34,542 - INFO - Fold 3: Selected models [95, 25, 37, 78, 34] based on fold 2 Q-scores, avg Q-score: 1.525
2025-09-17 18:52:34,546 - INFO - Fold 3 (Training): Sharpe=2.094, Hit=52.5%
2025-09-17 18:52:34,546 - INFO - 
--- Processing fold 4/12 ---
2025-09-17 18:52:34,563 - INFO - Fold 4: Q-scores from fold 3: ['M00:0.420', 'M01:0.285', 'M02:0.071', 'M03:0.873', 'M04:0.418']...
2025-09-17 18:52:34,564 - INFO - Fold 4: Selected models [95, 25, 37, 78, 34] based on fold 3 Q-scores, avg Q-score: 1.546
2025-09-17 18:52:34,569 - INFO - Fold 4 (Training): Sharpe=2.088, Hit=53.6%
2025-09-17 18:52:34,569 - INFO - 
--- Processing fold 5/12 ---
2025-09-17 18:52:34,586 - INFO - Fold 5: Q-scores from fold 4: ['M00:0.576', 'M01:0.105', 'M02:-0.074', 'M03:0.873', 'M04:0.351']...
2025-09-17 18:52:34,586 - INFO - Fold 5: Selected models [37, 25, 95, 78, 34] based on fold 4 Q-scores, avg Q-score: 1.526
2025-09-17 18:52:34,592 - INFO - Fold 5 (Training): Sharpe=2.173, Hit=58.6%
2025-09-17 18:52:34,592 - INFO - 
--- Processing fold 6/12 ---
2025-09-17 18:52:34,608 - INFO - Fold 6: Q-scores from fold 5: ['M00:0.650', 'M01:0.435', 'M02:0.141', 'M03:1.025', 'M04:0.645']...
2025-09-17 18:52:34,608 - INFO - Fold 6: Selected models [37, 25, 95, 16, 34] based on fold 5 Q-scores, avg Q-score: 1.579
2025-09-17 18:52:34,614 - INFO - Fold 6 (Training): Sharpe=2.179, Hit=51.4%
2025-09-17 18:52:34,614 - INFO - 
--- Processing fold 7/12 ---
2025-09-17 18:52:34,630 - INFO - Fold 7: Q-scores from fold 6: ['M00:0.689', 'M01:0.544', 'M02:0.287', 'M03:1.134', 'M04:0.678']...
2025-09-17 18:52:34,630 - INFO - Fold 7: Selected models [37, 95, 25, 16, 27] based on fold 6 Q-scores, avg Q-score: 1.625
2025-09-17 18:52:34,636 - INFO - Fold 7 (Training): Sharpe=-0.201, Hit=49.2%
2025-09-17 18:52:34,636 - INFO - 
--- Processing fold 8/12 ---
2025-09-17 18:52:34,652 - INFO - Fold 8: Q-scores from fold 7: ['M00:0.583', 'M01:0.626', 'M02:0.266', 'M03:1.120', 'M04:0.592']...
2025-09-17 18:52:34,652 - INFO - Fold 8: Selected models [95, 25, 37, 27, 78] based on fold 7 Q-scores, avg Q-score: 1.514
2025-09-17 18:52:34,658 - INFO - Fold 8 (Production): Sharpe=0.600, Hit=53.6%
2025-09-17 18:52:34,658 - INFO - 
--- Processing fold 9/12 ---
2025-09-17 18:52:34,675 - INFO - Fold 9: Q-scores from fold 8: ['M00:0.623', 'M01:0.642', 'M02:0.102', 'M03:1.084', 'M04:0.613']...
2025-09-17 18:52:34,675 - INFO - Fold 9: Selected models [16, 95, 25, 37, 85] based on fold 8 Q-scores, avg Q-score: 1.512
2025-09-17 18:52:34,679 - INFO - Fold 9 (Production): Sharpe=2.510, Hit=56.4%
2025-09-17 18:52:34,679 - INFO - 
--- Processing fold 10/12 ---
2025-09-17 18:52:34,694 - INFO - Fold 10: Q-scores from fold 9: ['M00:0.806', 'M01:0.737', 'M02:0.192', 'M03:1.113', 'M04:0.760']...
2025-09-17 18:52:34,694 - INFO - Fold 10: Selected models [16, 37, 85, 25, 78] based on fold 9 Q-scores, avg Q-score: 1.538
2025-09-17 18:52:34,698 - INFO - Fold 10 (Production): Sharpe=0.031, Hit=49.2%
2025-09-17 18:52:34,698 - INFO - 
--- Processing fold 11/12 ---
2025-09-17 18:52:34,714 - INFO - Fold 11: Q-scores from fold 10: ['M00:0.804', 'M01:0.804', 'M02:0.243', 'M03:0.982', 'M04:0.735']...
2025-09-17 18:52:34,714 - INFO - Fold 11: Selected models [16, 25, 85, 78, 95] based on fold 10 Q-scores, avg Q-score: 1.446
2025-09-17 18:52:34,717 - INFO - Fold 11 (Production): Sharpe=1.159, Hit=52.5%
2025-09-17 18:52:34,717 - INFO - 
--- Processing fold 12/12 ---
2025-09-17 18:52:34,734 - INFO - Fold 12: Q-scores from fold 11: ['M00:0.770', 'M01:0.760', 'M02:0.051', 'M03:0.984', 'M04:0.782']...
2025-09-17 18:52:34,734 - INFO - Fold 12: Selected models [25, 85, 16, 41, 92] based on fold 11 Q-scores, avg Q-score: 1.387
2025-09-17 18:52:34,735 - INFO - Fold 12 (Production): Sharpe=4.302, Hit=60.5%
2025-09-17 18:52:34,736 - INFO - Training Period Overall: Sharpe=1.352, Hit=53.0%
2025-09-17 18:52:34,737 - INFO - Production Period Overall: Sharpe=1.843, Hit=54.5%
2025-09-17 18:52:34,740 - INFO - Full Timeline Overall: Sharpe=1.569, Hit=53.7%
2025-09-17 18:52:34,740 - INFO - Training: Sharpe=1.352 | Hit=53.0% | Return=33.16%
2025-09-17 18:52:34,740 - INFO - Production: Sharpe=1.843 | Hit=54.5% | Return=50.30%
2025-09-17 18:52:34,740 - INFO - Full Timeline: Sharpe=1.569 | Hit=53.7% | Return=40.37%
2025-09-17 18:52:34,740 - INFO - Generating visualizations...
2025-09-17 18:52:34,742 - INFO - Creating clean visualizations for 100 models...
2025-09-17 18:52:38,624 - INFO - Clean fold-by-fold analysis saved to: 20250917_180537_fold_QPL#C_100models_15folds_rerun_QPL_multiprocessing.png
2025-09-17 18:52:42,118 - INFO - Detailed production analysis saved to: 20250917_180537_backtest_QPL#C_100models_15folds_rerun_QPL_multiprocessing.png
2025-09-17 18:52:42,119 - INFO - ================================================================================
2025-09-17 18:52:42,119 - INFO - BACKTEST SUMMARY
2025-09-17 18:52:42,119 - INFO - ================================================================================
2025-09-17 18:52:42,119 - INFO - Config: Cutoff=70%, Top N=5, Q-Metric=sharpe, Reselection=1 fold(s)
2025-09-17 18:52:42,119 - INFO - Model Selection History:
2025-09-17 18:52:42,119 - INFO -   Fold 1: M95, M25, M37, M78, M34 (Avg Q-sharpe: 1.759)
2025-09-17 18:52:42,119 - INFO -   Fold 2: M95, M25, M37, M78, M85 (Avg Q-sharpe: 1.695)
2025-09-17 18:52:42,119 - INFO -   Fold 3: M95, M25, M37, M78, M34 (Avg Q-sharpe: 1.525)
2025-09-17 18:52:42,119 - INFO -   Fold 4: M95, M25, M37, M78, M34 (Avg Q-sharpe: 1.546)
2025-09-17 18:52:42,120 - INFO -   Fold 5: M37, M25, M95, M78, M34 (Avg Q-sharpe: 1.526)
2025-09-17 18:52:42,120 - INFO -   Fold 6: M37, M25, M95, M16, M34 (Avg Q-sharpe: 1.579)
2025-09-17 18:52:42,120 - INFO -   Fold 7: M37, M95, M25, M16, M27 (Avg Q-sharpe: 1.625)
2025-09-17 18:52:42,120 - INFO -   Fold 8: M95, M25, M37, M27, M78 (Avg Q-sharpe: 1.514)
2025-09-17 18:52:42,120 - INFO -   Fold 9: M16, M95, M25, M37, M85 (Avg Q-sharpe: 1.512)
2025-09-17 18:52:42,120 - INFO -   Fold 10: M16, M37, M85, M25, M78 (Avg Q-sharpe: 1.538)
2025-09-17 18:52:42,120 - INFO -   Fold 11: M16, M25, M85, M78, M95 (Avg Q-sharpe: 1.446)
2025-09-17 18:52:42,120 - INFO -   Fold 12: M25, M85, M16, M41, M92 (Avg Q-sharpe: 1.387)
2025-09-17 18:52:42,120 - INFO - 
2025-09-17 18:52:42,120 - INFO - Fold-by-Fold Performance:
2025-09-17 18:52:42,120 - INFO -   Fold 1: M95, M25, M37, M78, M34 | Sharpe=1.162 | Hit=54.1% | Samples=181
2025-09-17 18:52:42,120 - INFO -   Fold 2: M95, M25, M37, M78, M85 | Sharpe=-0.071 | Hit=51.9% | Samples=181
2025-09-17 18:52:42,120 - INFO -   Fold 3: M95, M25, M37, M78, M34 | Sharpe=2.094 | Hit=52.5% | Samples=181
2025-09-17 18:52:42,120 - INFO -   Fold 4: M95, M25, M37, M78, M34 | Sharpe=2.088 | Hit=53.6% | Samples=181
2025-09-17 18:52:42,120 - INFO -   Fold 5: M37, M25, M95, M78, M34 | Sharpe=2.173 | Hit=58.6% | Samples=181
2025-09-17 18:52:42,120 - INFO -   Fold 6: M37, M25, M95, M16, M34 | Sharpe=2.179 | Hit=51.4% | Samples=181
2025-09-17 18:52:42,120 - INFO -   Fold 7: M37, M95, M25, M16, M27 | Sharpe=-0.201 | Hit=49.2% | Samples=181
2025-09-17 18:52:42,120 - INFO -   Fold 8: M95, M25, M37, M27, M78 | Sharpe=0.600 | Hit=53.6% | Samples=181
2025-09-17 18:52:42,120 - INFO -   Fold 9: M16, M95, M25, M37, M85 | Sharpe=2.510 | Hit=56.4% | Samples=181
2025-09-17 18:52:42,120 - INFO -   Fold 10: M16, M37, M85, M25, M78 | Sharpe=0.031 | Hit=49.2% | Samples=181
2025-09-17 18:52:42,120 - INFO -   Fold 11: M16, M25, M85, M78, M95 | Sharpe=1.159 | Hit=52.5% | Samples=181
2025-09-17 18:52:42,120 - INFO -   Fold 12: M25, M85, M16, M41, M92 | Sharpe=4.302 | Hit=60.5% | Samples=195
2025-09-17 18:52:42,120 - INFO - ================================================================================
2025-09-17 18:52:42,120 - INFO - ================================================================================
2025-09-17 18:52:42,120 - INFO - ANALYSIS COMPLETED SUCCESSFULLY!
2025-09-17 18:52:42,120 - INFO - ================================================================================
2025-09-17 18:52:42,120 - INFO - Generated 2 visualization files
2025-09-17 18:52:42,120 - INFO -   - 20250917_180537_fold_QPL#C_100models_15folds_rerun_QPL_multiprocessing.png
2025-09-17 18:52:42,120 - INFO -   - 20250917_180537_backtest_QPL#C_100models_15folds_rerun_QPL_multiprocessing.png
2025-09-17 18:52:42,120 - INFO - Training Final: Sharpe=1.352 | Hit=53.0% | Return=33.16% | CB=1.090
2025-09-17 18:52:42,120 - INFO - Production Final: Sharpe=1.843 | Hit=54.5% | Return=50.30% | CB=1.945
2025-09-17 18:52:42,120 - INFO - Full Timeline Final: Sharpe=1.569 | Hit=53.7% | Return=40.37% | CB=1.312
2025-09-17 18:52:42,120 - INFO - ============================================================
2025-09-17 18:52:42,120 - INFO - EXPORTING PRODUCTION MODELS (Consolidated File)
2025-09-17 18:52:42,120 - INFO - ============================================================
2025-09-17 18:52:42,120 - INFO - Backtest results keys: ['full_timeline_metrics', 'training_metrics', 'production_metrics', 'model_selection_history', 'fold_results', 'full_timeline_returns', 'training_returns', 'production_returns', 'full_timeline_predictions', 'full_timeline_dates', 'cutoff_fold', 'training_folds', 'production_folds']
2025-09-17 18:52:42,120 - INFO - Model selection history length: 12
2025-09-17 18:52:42,120 - INFO - Final selection keys: ['fold', 'selection_based_on_fold', 'selected_models', 'avg_q_score', 'period_type']
2025-09-17 18:52:42,120 - INFO - Final fold selected models: [25, 85, 16, 41, 92]
2025-09-17 18:52:42,120 - INFO - All fold results type: <class 'dict'>
2025-09-17 18:52:42,120 - INFO - All fold results keys/length: ['fold_1', 'fold_2', 'fold_3', 'fold_4', 'fold_5', 'fold_6', 'fold_7', 'fold_8', 'fold_9', 'fold_10', 'fold_11', 'fold_12', 'fold_13']
2025-09-17 18:52:42,120 - INFO - Available fold indices: [0, 1, 2, 3, 4, 5, 6, 7, 8, 9, 10, 11, 12]
2025-09-17 18:52:42,120 - INFO - Using fold index 11 (key: fold_12) as production fold
2025-09-17 18:52:42,120 - INFO - Final fold keys: ['results_df', 'model_metrics', 'oos_predictions', 'test_idx', 'trained_models', 'model_specs']
2025-09-17 18:52:42,120 - INFO - Trained models available: [0, 1, 2, 3, 4, 5, 6, 7, 8, 9, 10, 11, 12, 13, 14, 15, 16, 17, 18, 19, 20, 21, 22, 23, 24, 25, 26, 27, 28, 29, 30, 31, 32, 33, 34, 35, 36, 37, 38, 39, 40, 41, 42, 43, 44, 45, 46, 47, 48, 49, 50, 51, 52, 53, 54, 55, 56, 57, 58, 59, 60, 61, 62, 63, 64, 65, 66, 67, 68, 69, 70, 71, 72, 73, 74, 75, 76, 77, 78, 79, 80, 81, 82, 83, 84, 85, 86, 87, 88, 89, 90, 91, 92, 93, 94, 95, 96, 97, 98, 99]
2025-09-17 18:52:42,120 - INFO - Added model M25 -> model_01 with all 100 features (framework standard)
2025-09-17 18:52:42,120 - INFO - Added model M85 -> model_02 with all 100 features (framework standard)
2025-09-17 18:52:42,120 - INFO - Added model M16 -> model_03 with all 100 features (framework standard)
2025-09-17 18:52:42,120 - INFO - Added model M41 -> model_04 with all 100 features (framework standard)
2025-09-17 18:52:42,120 - INFO - Added model M92 -> model_05 with all 100 features (framework standard)
2025-09-17 18:52:42,121 - INFO - Extracted 5 selected models
2025-09-17 18:52:42,130 - INFO - SUCCESS: Exported 5 selected models to /Users/steven/Projects/SQ/bond_ls_xgb_grope_full_v6/PROD/models/QPL#C_20250917_180537.pkl
2025-09-17 18:52:42,130 - INFO - File size: 765,573 bytes
2025-09-17 18:52:42,130 - INFO - Selected features: 100 features
2025-09-17 18:52:42,130 - INFO - Selected models: [25, 85, 16, 41, 92]
2025-09-17 18:52:42,130 - INFO - ============================================================
2025-09-17 18:52:42,130 - INFO - EXPORTING SIGNAL DISTRIBUTION
2025-09-17 18:52:42,130 - INFO - ============================================================
2025-09-17 18:52:42,130 - INFO - Timeline data: 2186 points
2025-09-17 18:52:42,160 - INFO - SUCCESS: Exported signal distribution to /Users/steven/Projects/SQ/bond_ls_xgb_grope_full_v6/xgb_compare/results/20250917_180537_signal_distribution_rerun_QPL_multiprocessing.csv
2025-09-17 18:52:42,160 - INFO - Records: 2,186
2025-09-17 18:52:42,161 - INFO - Date range: 2017-02-09 12:00:00 to 2025-07-30 12:00:00
2025-09-17 18:52:42,161 - INFO - Signal directions: {1: 1101, -1: 1085}
2025-09-17 18:52:42,161 - INFO - Signal range: -1.000000 to 1.000000
2025-09-17 18:52:42,161 - INFO - Hit rate: 0.512
2025-09-17 18:52:42,161 - INFO - Total PnL: 0.244888
