2025-09-18 01:02:27,591 - INFO - ================================================================================
2025-09-18 01:02:27,591 - INFO - XGBoost Comparison Framework
2025-09-18 01:02:27,591 - INFO - ================================================================================
2025-09-18 01:02:27,591 - INFO - Configuration:
2025-09-18 01:02:27,591 - INFO -   Target Symbol: @RTY#C
2025-09-18 01:02:27,591 - INFO -   Date Range: 2015-01-01 to 2025-08-01
2025-09-18 01:02:27,591 - INFO -   Models: 150, Type: standard
2025-09-18 01:02:27,591 - INFO -   Folds: 10
2025-09-18 01:02:27,591 - INFO -   Max Features: 100 (Limited)
2025-09-18 01:02:27,591 - INFO -   Feature Selection: Enabled
2025-09-18 01:02:27,591 - INFO -   Inner Val Fraction: 0.2
2025-09-18 01:02:27,591 - INFO -   EWMA Alpha: 0.1, Quality Halflife: 63 days
2025-09-18 01:02:27,591 - INFO -   Signal Type: Binary (+1/-1)
2025-09-18 01:02:27,591 - INFO -   Cross-validation: Expanding window
2025-09-18 01:02:27,591 - INFO -   Production: Cutoff=0.6, Top N=8, Q-Metric=sharpe
2025-09-18 01:02:27,591 - INFO -   Reselection: Every 1 fold(s)
2025-09-18 01:02:27,591 - INFO - 
2025-09-18 01:02:32,984 - INFO - Dropped 9 rows due to NaN in target column @RTY#C_target_return
2025-09-18 01:02:33,094 - INFO - Loaded: X=(2726, 1906), y=(2726,)
2025-09-18 01:03:03,258 - INFO - Selected 100 features (threshold: 0.7)
2025-09-18 01:03:03,264 - INFO - Selected: 100 features
2025-09-18 01:03:03,278 - INFO - GPU detection: XGBoost not compiled with CUDA support - using CPU
2025-09-18 01:03:03,279 - INFO - Processing mode: CPU multiprocessing (GPU: False, Total models: 1500)
2025-09-18 01:03:03,281 - INFO - GPU detection: XGBoost not compiled with CUDA support - using CPU
2025-09-18 01:03:03,283 - INFO - Using expanding window
2025-09-18 01:03:03,283 - INFO - Starting analysis: 150 standard models x 9 folds
2025-09-18 01:03:03,283 - INFO - Processing Fold 1/9
2025-09-18 01:03:03,286 - INFO -   Using multiprocessing with 9 workers
2025-09-18 01:03:30,144 - INFO - Fold 1 Summary:
2025-09-18 01:03:30,144 - INFO -   Best OOS Sharpe: M124 (3.278, p=0.000)
2025-09-18 01:03:30,144 - INFO -   Best Q-Sharpe:  M124 (3.278, OOS_Sharpe=3.278, OOS_Hit=0.585)
2025-09-18 01:03:30,144 - INFO -   Mean OOS Sharpe: 1.276, Mean Hit: 0.536
2025-09-18 01:03:30,144 - INFO - 
2025-09-18 01:03:30,148 - INFO - Stored 150 trained models for production export
2025-09-18 01:03:30,148 - INFO - Processing Fold 2/9
2025-09-18 01:03:30,151 - INFO -   Using multiprocessing with 9 workers
2025-09-18 01:04:04,739 - INFO - Fold 2 Summary:
2025-09-18 01:04:04,740 - INFO -   Best OOS Sharpe: M24 (2.426, p=0.020)
2025-09-18 01:04:04,740 - INFO -   Best Q-Sharpe:  M124 (2.991, OOS_Sharpe=0.411, OOS_Hit=0.500)
2025-09-18 01:04:04,740 - INFO -   Mean OOS Sharpe: 0.414, Mean Hit: 0.510
2025-09-18 01:04:04,740 - INFO - 
2025-09-18 01:04:04,743 - INFO - Stored 150 trained models for production export
2025-09-18 01:04:04,744 - INFO - Processing Fold 3/9
2025-09-18 01:04:04,747 - INFO -   Using multiprocessing with 9 workers
2025-09-18 01:04:39,409 - INFO - Fold 3 Summary:
2025-09-18 01:04:39,410 - INFO -   Best OOS Sharpe: M63 (1.961, p=0.000)
2025-09-18 01:04:39,410 - INFO -   Best Q-Sharpe:  M124 (2.721, OOS_Sharpe=0.295, OOS_Hit=0.474)
2025-09-18 01:04:39,410 - INFO -   Mean OOS Sharpe: 0.124, Mean Hit: 0.491
2025-09-18 01:04:39,410 - INFO - 
2025-09-18 01:04:39,413 - INFO - Stored 150 trained models for production export
2025-09-18 01:04:39,413 - INFO - Processing Fold 4/9
2025-09-18 01:04:39,417 - INFO -   Using multiprocessing with 9 workers
2025-09-18 01:05:17,450 - INFO - Fold 4 Summary:
2025-09-18 01:05:17,451 - INFO -   Best OOS Sharpe: M112 (1.810, p=0.060)
2025-09-18 01:05:17,451 - INFO -   Best Q-Sharpe:  M124 (2.485, OOS_Sharpe=0.353, OOS_Hit=0.526)
2025-09-18 01:05:17,451 - INFO -   Mean OOS Sharpe: 0.061, Mean Hit: 0.525
2025-09-18 01:05:17,451 - INFO - 
2025-09-18 01:05:17,455 - INFO - Stored 150 trained models for production export
2025-09-18 01:05:17,455 - INFO - Processing Fold 5/9
2025-09-18 01:05:17,459 - INFO -   Using multiprocessing with 9 workers
2025-09-18 01:05:56,803 - INFO - Fold 5 Summary:
2025-09-18 01:05:56,804 - INFO -   Best OOS Sharpe: M79 (4.150, p=0.000)
2025-09-18 01:05:56,804 - INFO -   Best Q-Sharpe:  M124 (2.595, OOS_Sharpe=3.584, OOS_Hit=0.566)
2025-09-18 01:05:56,804 - INFO -   Mean OOS Sharpe: 2.553, Mean Hit: 0.552
2025-09-18 01:05:56,804 - INFO - 
2025-09-18 01:05:56,808 - INFO - Stored 150 trained models for production export
2025-09-18 01:05:56,808 - INFO - Processing Fold 6/9
2025-09-18 01:05:56,812 - INFO -   Using multiprocessing with 9 workers
2025-09-18 01:06:37,980 - INFO - Fold 6 Summary:
2025-09-18 01:06:37,981 - INFO -   Best OOS Sharpe: M109 (2.562, p=0.040)
2025-09-18 01:06:37,981 - INFO -   Best Q-Sharpe:  M124 (2.370, OOS_Sharpe=0.349, OOS_Hit=0.485)
2025-09-18 01:06:37,981 - INFO -   Mean OOS Sharpe: 0.746, Mean Hit: 0.507
2025-09-18 01:06:37,981 - INFO - 
2025-09-18 01:06:37,985 - INFO - Stored 150 trained models for production export
2025-09-18 01:06:37,985 - INFO - Processing Fold 7/9
2025-09-18 01:06:37,989 - INFO -   Using multiprocessing with 9 workers
2025-09-18 01:07:32,743 - INFO - Fold 7 Summary:
2025-09-18 01:07:32,744 - INFO -   Best OOS Sharpe: M128 (3.227, p=0.000)
2025-09-18 01:07:32,744 - INFO -   Best Q-Sharpe:  M124 (2.335, OOS_Sharpe=2.022, OOS_Hit=0.544)
2025-09-18 01:07:32,744 - INFO -   Mean OOS Sharpe: 1.507, Mean Hit: 0.541
2025-09-18 01:07:32,744 - INFO - 
2025-09-18 01:07:32,749 - INFO - Stored 150 trained models for production export
2025-09-18 01:07:32,749 - INFO - Processing Fold 8/9
2025-09-18 01:07:32,755 - INFO -   Using multiprocessing with 9 workers
2025-09-18 01:08:28,094 - INFO - Fold 8 Summary:
2025-09-18 01:08:28,096 - INFO -   Best OOS Sharpe: M36 (2.281, p=0.020)
2025-09-18 01:08:28,096 - INFO -   Best Q-Sharpe:  M124 (2.152, OOS_Sharpe=0.499, OOS_Hit=0.533)
2025-09-18 01:08:28,096 - INFO -   Mean OOS Sharpe: 0.302, Mean Hit: 0.526
2025-09-18 01:08:28,096 - INFO - 
2025-09-18 01:08:28,131 - INFO - Stored 150 trained models for production export
2025-09-18 01:08:28,132 - INFO - Processing Fold 9/9
2025-09-18 01:08:28,161 - INFO -   Using multiprocessing with 9 workers
2025-09-18 01:09:25,707 - INFO - Fold 9 Summary:
2025-09-18 01:09:25,708 - INFO -   Best OOS Sharpe: M75 (2.527, p=0.000)
2025-09-18 01:09:25,708 - INFO -   Best Q-Sharpe:  M124 (2.091, OOS_Sharpe=1.542, OOS_Hit=0.590)
2025-09-18 01:09:25,708 - INFO -   Mean OOS Sharpe: 0.782, Mean Hit: 0.543
2025-09-18 01:09:25,708 - INFO - 
2025-09-18 01:09:25,724 - INFO - Stored 150 trained models for production export
2025-09-18 01:09:25,724 - INFO - Starting full timeline backtesting...
2025-09-18 01:09:25,724 - INFO - Running full timeline backtest with 9 folds (0-based indexing)
2025-09-18 01:09:25,724 - INFO - Fold 0 skipped (no prior Q-score history for meaningful selection)
2025-09-18 01:09:25,724 - INFO - Effective backtest period: Folds 1-8 (8 folds)
2025-09-18 01:09:25,724 - INFO - Training period: Folds 1-5
2025-09-18 01:09:25,724 - INFO - Production period: Folds 6-8
2025-09-18 01:09:25,724 - INFO - Using consistent OOS methodology for all folds
2025-09-18 01:09:25,725 - INFO - Fold 0: Skipped (no prior Q-score history for meaningful selection)
2025-09-18 01:09:25,725 - INFO - 
--- Processing fold 1/8 ---
2025-09-18 01:09:25,751 - INFO - Fold 1: Q-scores from fold 0: ['M00:1.626', 'M01:0.999', 'M02:0.705', 'M03:1.040', 'M04:0.823']...
2025-09-18 01:09:25,752 - INFO - Fold 1: Selected models [124, 57, 110, 24, 21, 87, 105, 22] based on fold 0 Q-scores, avg Q-score: 2.657
2025-09-18 01:09:25,761 - INFO - Fold 1 (Training): Sharpe=0.698, Hit=51.6%
2025-09-18 01:09:25,762 - INFO - 
--- Processing fold 2/8 ---
2025-09-18 01:09:25,785 - INFO - Fold 2: Q-scores from fold 1: ['M00:1.561', 'M01:0.874', 'M02:0.644', 'M03:0.784', 'M04:0.740']...
2025-09-18 01:09:25,785 - INFO - Fold 2: Selected models [124, 24, 57, 110, 21, 87, 22, 105] based on fold 1 Q-scores, avg Q-score: 2.484
2025-09-18 01:09:25,792 - INFO - Fold 2 (Training): Sharpe=-0.005, Hit=49.0%
2025-09-18 01:09:25,792 - INFO - 
--- Processing fold 3/8 ---
2025-09-18 01:09:25,816 - INFO - Fold 3: Q-scores from fold 2: ['M00:1.454', 'M01:0.800', 'M02:0.538', 'M03:0.643', 'M04:0.760']...
2025-09-18 01:09:25,817 - INFO - Fold 3: Selected models [124, 24, 110, 87, 57, 21, 40, 105] based on fold 2 Q-scores, avg Q-score: 2.246
2025-09-18 01:09:25,821 - INFO - Fold 3 (Training): Sharpe=0.684, Hit=54.3%
2025-09-18 01:09:25,821 - INFO - 
--- Processing fold 4/8 ---
2025-09-18 01:09:25,845 - INFO - Fold 4: Q-scores from fold 3: ['M00:1.371', 'M01:0.779', 'M02:0.370', 'M03:0.590', 'M04:0.699']...
2025-09-18 01:09:25,846 - INFO - Fold 4: Selected models [124, 110, 24, 57, 87, 21, 149, 76] based on fold 3 Q-scores, avg Q-score: 2.069
2025-09-18 01:09:25,852 - INFO - Fold 4 (Training): Sharpe=3.261, Hit=57.4%
2025-09-18 01:09:25,852 - INFO - 
--- Processing fold 5/8 ---
2025-09-18 01:09:25,876 - INFO - Fold 5: Q-scores from fold 4: ['M00:1.278', 'M01:0.953', 'M02:0.598', 'M03:0.816', 'M04:1.022']...
2025-09-18 01:09:25,876 - INFO - Fold 5: Selected models [124, 110, 149, 24, 40, 87, 105, 21] based on fold 4 Q-scores, avg Q-score: 2.097
2025-09-18 01:09:25,880 - INFO - Fold 5 (Training): Sharpe=0.231, Hit=48.2%
2025-09-18 01:09:25,880 - INFO - 
--- Processing fold 6/8 ---
2025-09-18 01:09:25,904 - INFO - Fold 6: Q-scores from fold 5: ['M00:1.183', 'M01:0.816', 'M02:0.751', 'M03:0.883', 'M04:0.939']...
2025-09-18 01:09:25,905 - INFO - Fold 6: Selected models [124, 22, 110, 149, 87, 24, 57, 40] based on fold 5 Q-scores, avg Q-score: 1.963
2025-09-18 01:09:25,907 - INFO - Fold 6 (Production): Sharpe=1.712, Hit=55.2%
2025-09-18 01:09:25,907 - INFO - 
--- Processing fold 7/8 ---
2025-09-18 01:09:25,932 - INFO - Fold 7: Q-scores from fold 6: ['M00:1.376', 'M01:0.864', 'M02:0.925', 'M03:1.075', 'M04:1.157']...
2025-09-18 01:09:25,932 - INFO - Fold 7: Selected models [124, 110, 149, 80, 87, 24, 22, 45] based on fold 6 Q-scores, avg Q-score: 1.917
2025-09-18 01:09:25,933 - INFO - Fold 7 (Production): Sharpe=0.344, Hit=54.8%
2025-09-18 01:09:25,933 - INFO - 
--- Processing fold 8/8 ---
2025-09-18 01:09:25,957 - INFO - Fold 8: Q-scores from fold 7: ['M00:1.219', 'M01:0.820', 'M02:0.866', 'M03:0.969', 'M04:0.966']...
2025-09-18 01:09:25,957 - INFO - Fold 8: Selected models [124, 149, 110, 80, 112, 87, 40, 45] based on fold 7 Q-scores, avg Q-score: 1.781
2025-09-18 01:09:25,959 - INFO - Fold 8 (Production): Sharpe=1.023, Hit=54.3%
2025-09-18 01:09:25,960 - INFO - Training Period Overall: Sharpe=1.086, Hit=52.0%
2025-09-18 01:09:25,961 - INFO - Production Period Overall: Sharpe=1.066, Hit=54.8%
2025-09-18 01:09:25,963 - INFO - Full Timeline Overall: Sharpe=1.079, Hit=53.0%
2025-09-18 01:09:25,963 - INFO - Training: Sharpe=1.086 | Hit=52.0% | Return=22.25%
2025-09-18 01:09:25,963 - INFO - Production: Sharpe=1.066 | Hit=54.8% | Return=21.67%
2025-09-18 01:09:25,963 - INFO - Full Timeline: Sharpe=1.079 | Hit=53.0% | Return=22.03%
2025-09-18 01:09:25,963 - INFO - Generating visualizations...
2025-09-18 01:09:25,963 - INFO - Creating clean visualizations for 150 models...
2025-09-18 01:09:29,372 - INFO - Clean fold-by-fold analysis saved to: 20250918_010227_fold_@RTY#C_150models_10folds_RTY2_rerun.png
2025-09-18 01:09:33,860 - INFO - Detailed production analysis saved to: 20250918_010227_backtest_@RTY#C_150models_10folds_RTY2_rerun.png
2025-09-18 01:09:33,863 - INFO - ================================================================================
2025-09-18 01:09:33,863 - INFO - BACKTEST SUMMARY
2025-09-18 01:09:33,863 - INFO - ================================================================================
2025-09-18 01:09:33,863 - INFO - Config: Cutoff=70%, Top N=5, Q-Metric=sharpe, Reselection=1 fold(s)
2025-09-18 01:09:33,863 - INFO - Model Selection History:
2025-09-18 01:09:33,863 - INFO -   Fold 1: M124, M57, M110, M24, M21, M87, M105, M22 (Avg Q-sharpe: 2.657)
2025-09-18 01:09:33,863 - INFO -   Fold 2: M124, M24, M57, M110, M21, M87, M22, M105 (Avg Q-sharpe: 2.484)
2025-09-18 01:09:33,863 - INFO -   Fold 3: M124, M24, M110, M87, M57, M21, M40, M105 (Avg Q-sharpe: 2.246)
2025-09-18 01:09:33,863 - INFO -   Fold 4: M124, M110, M24, M57, M87, M21, M149, M76 (Avg Q-sharpe: 2.069)
2025-09-18 01:09:33,863 - INFO -   Fold 5: M124, M110, M149, M24, M40, M87, M105, M21 (Avg Q-sharpe: 2.097)
2025-09-18 01:09:33,863 - INFO -   Fold 6: M124, M22, M110, M149, M87, M24, M57, M40 (Avg Q-sharpe: 1.963)
2025-09-18 01:09:33,863 - INFO -   Fold 7: M124, M110, M149, M80, M87, M24, M22, M45 (Avg Q-sharpe: 1.917)
2025-09-18 01:09:33,863 - INFO -   Fold 8: M124, M149, M110, M80, M112, M87, M40, M45 (Avg Q-sharpe: 1.781)
2025-09-18 01:09:33,863 - INFO - 
2025-09-18 01:09:33,863 - INFO - Fold-by-Fold Performance:
2025-09-18 01:09:33,863 - INFO -   Fold 1: M124, M57, M110, M24, M21, M87, M105, M22 | Sharpe=0.698 | Hit=51.6% | Samples=272
2025-09-18 01:09:33,863 - INFO -   Fold 2: M124, M24, M57, M110, M21, M87, M22, M105 | Sharpe=-0.005 | Hit=49.0% | Samples=272
2025-09-18 01:09:33,863 - INFO -   Fold 3: M124, M24, M110, M87, M57, M21, M40, M105 | Sharpe=0.684 | Hit=54.3% | Samples=272
2025-09-18 01:09:33,863 - INFO -   Fold 4: M124, M110, M24, M57, M87, M21, M149, M76 | Sharpe=3.261 | Hit=57.4% | Samples=272
2025-09-18 01:09:33,863 - INFO -   Fold 5: M124, M110, M149, M24, M40, M87, M105, M21 | Sharpe=0.231 | Hit=48.2% | Samples=272
2025-09-18 01:09:33,863 - INFO -   Fold 6: M124, M22, M110, M149, M87, M24, M57, M40 | Sharpe=1.712 | Hit=55.2% | Samples=272
2025-09-18 01:09:33,863 - INFO -   Fold 7: M124, M110, M149, M80, M87, M24, M22, M45 | Sharpe=0.344 | Hit=54.8% | Samples=272
2025-09-18 01:09:33,863 - INFO -   Fold 8: M124, M149, M110, M80, M112, M87, M40, M45 | Sharpe=1.023 | Hit=54.3% | Samples=278
2025-09-18 01:09:33,863 - INFO - ================================================================================
2025-09-18 01:09:33,863 - INFO - ================================================================================
2025-09-18 01:09:33,863 - INFO - ANALYSIS COMPLETED SUCCESSFULLY!
2025-09-18 01:09:33,863 - INFO - ================================================================================
2025-09-18 01:09:33,863 - INFO - Generated 2 visualization files
2025-09-18 01:09:33,863 - INFO -   - 20250918_010227_fold_@RTY#C_150models_10folds_RTY2_rerun.png
2025-09-18 01:09:33,864 - INFO -   - 20250918_010227_backtest_@RTY#C_150models_10folds_RTY2_rerun.png
2025-09-18 01:09:33,864 - INFO - Training Final: Sharpe=1.086 | Hit=52.0% | Return=22.25% | CB=1.162
2025-09-18 01:09:33,864 - INFO - Production Final: Sharpe=1.066 | Hit=54.8% | Return=21.67% | CB=1.065
2025-09-18 01:09:33,864 - INFO - Full Timeline Final: Sharpe=1.079 | Hit=53.0% | Return=22.03% | CB=1.083
2025-09-18 01:09:33,864 - INFO - ============================================================
2025-09-18 01:09:33,864 - INFO - EXPORTING PRODUCTION MODELS (Consolidated File)
2025-09-18 01:09:33,864 - INFO - ============================================================
2025-09-18 01:09:33,864 - INFO - Backtest results keys: ['full_timeline_metrics', 'training_metrics', 'production_metrics', 'model_selection_history', 'fold_results', 'full_timeline_returns', 'training_returns', 'production_returns', 'full_timeline_predictions', 'full_timeline_dates', 'cutoff_fold', 'training_folds', 'production_folds']
2025-09-18 01:09:33,864 - INFO - Model selection history length: 8
2025-09-18 01:09:33,864 - INFO - Final selection keys: ['fold', 'selection_based_on_fold', 'selected_models', 'avg_q_score', 'period_type']
2025-09-18 01:09:33,864 - INFO - Final fold selected models: [124, 149, 110, 80, 112, 87, 40, 45]
2025-09-18 01:09:33,864 - INFO - All fold results type: <class 'dict'>
2025-09-18 01:09:33,865 - INFO - All fold results keys/length: ['fold_1', 'fold_2', 'fold_3', 'fold_4', 'fold_5', 'fold_6', 'fold_7', 'fold_8', 'fold_9']
2025-09-18 01:09:33,865 - INFO - Available fold indices: [0, 1, 2, 3, 4, 5, 6, 7, 8]
2025-09-18 01:09:33,865 - INFO - Using fold index 7 (key: fold_8) as production fold
2025-09-18 01:09:33,865 - INFO - Final fold keys: ['results_df', 'model_metrics', 'oos_predictions', 'test_idx', 'trained_models', 'model_specs']
2025-09-18 01:09:33,865 - INFO - Trained models available: [0, 1, 2, 3, 4, 5, 6, 7, 8, 9, 10, 11, 12, 13, 14, 15, 16, 17, 18, 19, 20, 21, 22, 23, 24, 25, 26, 27, 28, 29, 30, 31, 32, 33, 34, 35, 36, 37, 38, 39, 40, 41, 42, 43, 44, 45, 46, 47, 48, 49, 50, 51, 52, 53, 54, 55, 56, 57, 58, 59, 60, 61, 62, 63, 64, 65, 66, 67, 68, 69, 70, 71, 72, 73, 74, 75, 76, 77, 78, 79, 80, 81, 82, 83, 84, 85, 86, 87, 88, 89, 90, 91, 92, 93, 94, 95, 96, 97, 98, 99, 100, 101, 102, 103, 104, 105, 106, 107, 108, 109, 110, 111, 112, 113, 114, 115, 116, 117, 118, 119, 120, 121, 122, 123, 124, 125, 126, 127, 128, 129, 130, 131, 132, 133, 134, 135, 136, 137, 138, 139, 140, 141, 142, 143, 144, 145, 146, 147, 148, 149]
2025-09-18 01:09:33,865 - INFO - Added model M124 -> model_01 with all 100 features (framework standard)
2025-09-18 01:09:33,865 - INFO - Added model M149 -> model_02 with all 100 features (framework standard)
2025-09-18 01:09:33,865 - INFO - Added model M110 -> model_03 with all 100 features (framework standard)
2025-09-18 01:09:33,865 - INFO - Added model M80 -> model_04 with all 100 features (framework standard)
2025-09-18 01:09:33,865 - INFO - Added model M112 -> model_05 with all 100 features (framework standard)
2025-09-18 01:09:33,865 - INFO - Added model M87 -> model_06 with all 100 features (framework standard)
2025-09-18 01:09:33,865 - INFO - Added model M40 -> model_07 with all 100 features (framework standard)
2025-09-18 01:09:33,865 - INFO - Added model M45 -> model_08 with all 100 features (framework standard)
2025-09-18 01:09:33,865 - INFO - Extracted 8 selected models
2025-09-18 01:09:33,881 - INFO - SUCCESS: Exported 8 selected models to /Users/steven/Projects/SQ/bond_ls_xgb_grope_full_v6/PROD/models/@RTY#C_20250918_010227.pkl
2025-09-18 01:09:33,881 - INFO - File size: 2,022,730 bytes
2025-09-18 01:09:33,881 - INFO - Selected features: 100 features
2025-09-18 01:09:33,882 - INFO - Selected models: [124, 149, 110, 80, 112, 87, 40, 45]
2025-09-18 01:09:33,882 - INFO - ============================================================
2025-09-18 01:09:33,882 - INFO - EXPORTING SIGNAL DISTRIBUTION
2025-09-18 01:09:33,882 - INFO - ============================================================
2025-09-18 01:09:33,882 - INFO - Timeline data: 2182 points
2025-09-18 01:09:33,925 - INFO - SUCCESS: Exported signal distribution to /Users/steven/Projects/SQ/bond_ls_xgb_grope_full_v6/xgb_compare/results/20250918_010227_signal_distribution_RTY2_rerun.csv
2025-09-18 01:09:33,926 - INFO - Records: 2,182
2025-09-18 01:09:33,926 - INFO - Date range: 2017-02-10 12:00:00 to 2025-07-30 12:00:00
2025-09-18 01:09:33,928 - INFO - Signal directions: {1: 1004, -1: 952, 0: 226}
2025-09-18 01:09:33,928 - INFO - Signal range: -1.000000 to 1.000000
2025-09-18 01:09:33,929 - INFO - Hit rate: 0.466
2025-09-18 01:09:33,929 - INFO - Total PnL: 0.338177
