2025-09-17 18:05:14,878 - INFO - ================================================================================
2025-09-17 18:05:14,878 - INFO - XGBoost Comparison Framework
2025-09-17 18:05:14,878 - INFO - ================================================================================
2025-09-17 18:05:14,878 - INFO - Configuration:
2025-09-17 18:05:14,878 - INFO -   Target Symbol: QHG#C
2025-09-17 18:05:14,878 - INFO -   Date Range: 2015-01-01 to 2025-08-01
2025-09-17 18:05:14,878 - INFO -   Models: 100, Type: standard
2025-09-17 18:05:14,878 - INFO -   Folds: 15
2025-09-17 18:05:14,878 - INFO -   Max Features: 100 (Limited)
2025-09-17 18:05:14,878 - INFO -   Feature Selection: Enabled
2025-09-17 18:05:14,879 - INFO -   Inner Val Fraction: 0.2
2025-09-17 18:05:14,879 - INFO -   EWMA Alpha: 0.1, Quality Halflife: 63 days
2025-09-17 18:05:14,879 - INFO -   Signal Type: Binary (+1/-1)
2025-09-17 18:05:14,879 - INFO -   Cross-validation: Expanding window
2025-09-17 18:05:14,879 - INFO -   Production: Cutoff=0.6, Top N=5, Q-Metric=sharpe
2025-09-17 18:05:14,879 - INFO -   Reselection: Every 1 fold(s)
2025-09-17 18:05:14,879 - INFO - 
2025-09-17 18:05:19,770 - INFO - Dropped 6 rows due to NaN in target column QHG#C_target_return
2025-09-17 18:05:19,885 - INFO - Loaded: X=(2729, 1906), y=(2729,)
2025-09-17 18:06:44,741 - INFO - Selected 100 features (threshold: 0.7)
2025-09-17 18:06:44,837 - INFO - Selected: 100 features
2025-09-17 18:06:44,906 - INFO - GPU detection: XGBoost not compiled with CUDA support - using CPU
2025-09-17 18:06:44,906 - INFO - Processing mode: CPU multiprocessing (GPU: False, Total models: 1500)
2025-09-17 18:06:44,911 - INFO - GPU detection: XGBoost not compiled with CUDA support - using CPU
2025-09-17 18:06:44,912 - INFO - Using expanding window
2025-09-17 18:06:44,913 - INFO - Starting analysis: 100 standard models x 13 folds
2025-09-17 18:06:44,913 - INFO - Processing Fold 1/13
2025-09-17 18:06:44,917 - INFO -   Using multiprocessing with 9 workers
2025-09-17 18:08:48,687 - INFO - Fold 1 Summary:
2025-09-17 18:08:48,691 - INFO -   Best OOS Sharpe: M20 (2.320, p=0.060)
2025-09-17 18:08:48,691 - INFO -   Best Q-Sharpe:  M20 (2.320, OOS_Sharpe=2.320, OOS_Hit=0.525)
2025-09-17 18:08:48,691 - INFO -   Mean OOS Sharpe: -0.501, Mean Hit: 0.482
2025-09-17 18:08:48,691 - INFO - 
2025-09-17 18:08:48,705 - INFO - Stored 100 trained models for production export
2025-09-17 18:08:48,705 - INFO - Processing Fold 2/13
2025-09-17 18:08:48,722 - INFO -   Using multiprocessing with 9 workers
2025-09-17 18:11:19,885 - INFO - Fold 2 Summary:
2025-09-17 18:11:19,888 - INFO -   Best OOS Sharpe: M35 (3.023, p=0.000)
2025-09-17 18:11:19,888 - INFO -   Best Q-Sharpe:  M20 (2.216, OOS_Sharpe=1.275, OOS_Hit=0.530)
2025-09-17 18:11:19,888 - INFO -   Mean OOS Sharpe: 1.272, Mean Hit: 0.530
2025-09-17 18:11:19,888 - INFO - 
2025-09-17 18:11:19,901 - INFO - Stored 100 trained models for production export
2025-09-17 18:11:19,902 - INFO - Processing Fold 3/13
2025-09-17 18:11:19,922 - INFO -   Using multiprocessing with 9 workers
2025-09-17 18:14:06,017 - INFO - Fold 3 Summary:
2025-09-17 18:14:06,022 - INFO -   Best OOS Sharpe: M71 (4.004, p=0.000)
2025-09-17 18:14:06,022 - INFO -   Best Q-Sharpe:  M20 (2.021, OOS_Sharpe=0.271, OOS_Hit=0.508)
2025-09-17 18:14:06,022 - INFO -   Mean OOS Sharpe: 1.577, Mean Hit: 0.526
2025-09-17 18:14:06,022 - INFO - 
2025-09-17 18:14:06,039 - INFO - Stored 100 trained models for production export
2025-09-17 18:14:06,039 - INFO - Processing Fold 4/13
2025-09-17 18:14:06,095 - INFO -   Using multiprocessing with 9 workers
2025-09-17 18:17:17,448 - INFO - Fold 4 Summary:
2025-09-17 18:17:17,453 - INFO -   Best OOS Sharpe: M95 (3.485, p=0.020)
2025-09-17 18:17:17,453 - INFO -   Best Q-Sharpe:  M20 (1.883, OOS_Sharpe=0.642, OOS_Hit=0.536)
2025-09-17 18:17:17,453 - INFO -   Mean OOS Sharpe: 0.848, Mean Hit: 0.538
2025-09-17 18:17:17,453 - INFO - 
2025-09-17 18:17:17,474 - INFO - Stored 100 trained models for production export
2025-09-17 18:17:17,476 - INFO - Processing Fold 5/13
2025-09-17 18:17:17,504 - INFO -   Using multiprocessing with 9 workers
2025-09-17 18:20:34,999 - INFO - Fold 5 Summary:
2025-09-17 18:20:35,008 - INFO -   Best OOS Sharpe: M69 (3.600, p=0.000)
2025-09-17 18:20:35,009 - INFO -   Best Q-Sharpe:  M20 (1.764, OOS_Sharpe=0.688, OOS_Hit=0.519)
2025-09-17 18:20:35,009 - INFO -   Mean OOS Sharpe: 0.761, Mean Hit: 0.506
2025-09-17 18:20:35,009 - INFO - 
2025-09-17 18:20:35,050 - INFO - Stored 100 trained models for production export
2025-09-17 18:20:35,050 - INFO - Processing Fold 6/13
2025-09-17 18:20:35,100 - INFO -   Using multiprocessing with 9 workers
2025-09-17 18:23:57,866 - INFO - Fold 6 Summary:
2025-09-17 18:23:57,872 - INFO -   Best OOS Sharpe: M97 (4.070, p=0.000)
2025-09-17 18:23:57,872 - INFO -   Best Q-Sharpe:  M61 (1.798, OOS_Sharpe=2.981, OOS_Hit=0.519)
2025-09-17 18:23:57,872 - INFO -   Mean OOS Sharpe: 1.722, Mean Hit: 0.534
2025-09-17 18:23:57,872 - INFO - 
2025-09-17 18:23:57,902 - INFO - Stored 100 trained models for production export
2025-09-17 18:23:57,903 - INFO - Processing Fold 7/13
2025-09-17 18:23:57,944 - INFO -   Using multiprocessing with 9 workers
2025-09-17 18:27:17,699 - INFO - Fold 7 Summary:
2025-09-17 18:27:17,705 - INFO -   Best OOS Sharpe: M42 (4.283, p=0.000)
2025-09-17 18:27:17,705 - INFO -   Best Q-Sharpe:  M61 (1.861, OOS_Sharpe=2.423, OOS_Hit=0.608)
2025-09-17 18:27:17,705 - INFO -   Mean OOS Sharpe: 2.472, Mean Hit: 0.606
2025-09-17 18:27:17,705 - INFO - 
2025-09-17 18:27:17,735 - INFO - Stored 100 trained models for production export
2025-09-17 18:27:17,735 - INFO - Processing Fold 8/13
2025-09-17 18:27:17,761 - INFO -   Using multiprocessing with 9 workers
2025-09-17 18:30:39,373 - INFO - Fold 8 Summary:
2025-09-17 18:30:39,377 - INFO -   Best OOS Sharpe: M02 (1.844, p=0.080)
2025-09-17 18:30:39,377 - INFO -   Best Q-Sharpe:  M29 (1.688, OOS_Sharpe=0.539, OOS_Hit=0.486)
2025-09-17 18:30:39,377 - INFO -   Mean OOS Sharpe: 0.157, Mean Hit: 0.492
2025-09-17 18:30:39,377 - INFO - 
2025-09-17 18:30:39,413 - INFO - Stored 100 trained models for production export
2025-09-17 18:30:39,414 - INFO - Processing Fold 9/13
2025-09-17 18:30:39,452 - INFO -   Using multiprocessing with 9 workers
2025-09-17 18:34:24,049 - INFO - Fold 9 Summary:
2025-09-17 18:34:24,057 - INFO -   Best OOS Sharpe: M60 (2.772, p=0.040)
2025-09-17 18:34:24,058 - INFO -   Best Q-Sharpe:  M29 (1.611, OOS_Sharpe=0.922, OOS_Hit=0.541)
2025-09-17 18:34:24,058 - INFO -   Mean OOS Sharpe: 0.705, Mean Hit: 0.526
2025-09-17 18:34:24,058 - INFO - 
2025-09-17 18:34:24,103 - INFO - Stored 100 trained models for production export
2025-09-17 18:34:24,104 - INFO - Processing Fold 10/13
2025-09-17 18:34:24,145 - INFO -   Using multiprocessing with 9 workers
2025-09-17 18:37:51,274 - INFO - Fold 10 Summary:
2025-09-17 18:37:51,296 - INFO -   Best OOS Sharpe: M94 (4.556, p=0.000)
2025-09-17 18:37:51,296 - INFO -   Best Q-Sharpe:  M67 (1.707, OOS_Sharpe=3.253, OOS_Hit=0.613)
2025-09-17 18:37:51,296 - INFO -   Mean OOS Sharpe: 1.711, Mean Hit: 0.540
2025-09-17 18:37:51,296 - INFO - 
2025-09-17 18:37:51,388 - INFO - Stored 100 trained models for production export
2025-09-17 18:37:51,389 - INFO - Processing Fold 11/13
2025-09-17 18:37:51,471 - INFO -   Using multiprocessing with 9 workers
2025-09-17 18:41:26,658 - INFO - Fold 11 Summary:
2025-09-17 18:41:26,661 - INFO -   Best OOS Sharpe: M26 (1.732, p=0.120)
2025-09-17 18:41:26,662 - INFO -   Best Q-Sharpe:  M61 (1.600, OOS_Sharpe=1.271, OOS_Hit=0.552)
2025-09-17 18:41:26,662 - INFO -   Mean OOS Sharpe: -0.565, Mean Hit: 0.485
2025-09-17 18:41:26,662 - INFO - 
2025-09-17 18:41:26,695 - INFO - Stored 100 trained models for production export
2025-09-17 18:41:26,696 - INFO - Processing Fold 12/13
2025-09-17 18:41:26,729 - INFO -   Using multiprocessing with 9 workers
2025-09-17 18:47:02,432 - INFO - Fold 12 Summary:
2025-09-17 18:47:02,453 - INFO -   Best OOS Sharpe: M34 (4.106, p=0.000)
2025-09-17 18:47:02,453 - INFO -   Best Q-Sharpe:  M02 (1.570, OOS_Sharpe=3.034, OOS_Hit=0.575)
2025-09-17 18:47:02,453 - INFO -   Mean OOS Sharpe: 1.813, Mean Hit: 0.523
2025-09-17 18:47:02,453 - INFO - 
2025-09-17 18:47:02,557 - INFO - Stored 100 trained models for production export
2025-09-17 18:47:02,557 - INFO - Processing Fold 13/13
2025-09-17 18:47:02,621 - INFO -   Using multiprocessing with 9 workers
2025-09-17 18:51:17,015 - INFO - Fold 13 Summary:
2025-09-17 18:51:17,023 - INFO -   Best OOS Sharpe: M89 (3.590, p=0.000)
2025-09-17 18:51:17,023 - INFO -   Best Q-Sharpe:  M20 (1.680, OOS_Sharpe=3.215, OOS_Hit=0.554)
2025-09-17 18:51:17,023 - INFO -   Mean OOS Sharpe: 1.976, Mean Hit: 0.527
2025-09-17 18:51:17,023 - INFO - 
2025-09-17 18:51:17,056 - INFO - Stored 100 trained models for production export
2025-09-17 18:51:17,057 - INFO - Starting full timeline backtesting...
2025-09-17 18:51:17,061 - INFO - Running full timeline backtest with 13 folds (0-based indexing)
2025-09-17 18:51:17,061 - INFO - Fold 0 skipped (no prior Q-score history for meaningful selection)
2025-09-17 18:51:17,064 - INFO - Effective backtest period: Folds 1-12 (12 folds)
2025-09-17 18:51:17,064 - INFO - Training period: Folds 1-7
2025-09-17 18:51:17,064 - INFO - Production period: Folds 8-12
2025-09-17 18:51:17,064 - INFO - Using consistent OOS methodology for all folds
2025-09-17 18:51:17,066 - INFO - Fold 0: Skipped (no prior Q-score history for meaningful selection)
2025-09-17 18:51:17,066 - INFO - 
--- Processing fold 1/12 ---
2025-09-17 18:51:17,097 - INFO - Fold 1: Q-scores from fold 0: ['M00:-0.780', 'M01:-1.697', 'M02:1.225', 'M03:-1.955', 'M04:-0.494']...
2025-09-17 18:51:17,100 - INFO - Fold 1: Selected models [20, 61, 67, 2, 29] based on fold 0 Q-scores, avg Q-score: 1.567
2025-09-17 18:51:17,151 - INFO - Fold 1 (Training): Sharpe=2.353, Hit=55.2%
2025-09-17 18:51:17,151 - INFO - 
--- Processing fold 2/12 ---
2025-09-17 18:51:17,172 - INFO - Fold 2: Q-scores from fold 1: ['M00:-0.657', 'M01:-1.501', 'M02:1.279', 'M03:-1.602', 'M04:-0.219']...
2025-09-17 18:51:17,173 - INFO - Fold 2: Selected models [20, 61, 67, 29, 2] based on fold 1 Q-scores, avg Q-score: 1.617
2025-09-17 18:51:17,182 - INFO - Fold 2 (Training): Sharpe=1.139, Hit=51.9%
2025-09-17 18:51:17,182 - INFO - 
--- Processing fold 3/12 ---
2025-09-17 18:51:17,201 - INFO - Fold 3: Q-scores from fold 2: ['M00:-0.520', 'M01:-1.424', 'M02:1.234', 'M03:-1.221', 'M04:-0.162']...
2025-09-17 18:51:17,202 - INFO - Fold 3: Selected models [20, 61, 67, 29, 2] based on fold 2 Q-scores, avg Q-score: 1.571
2025-09-17 18:51:17,214 - INFO - Fold 3 (Training): Sharpe=1.186, Hit=55.8%
2025-09-17 18:51:17,214 - INFO - 
--- Processing fold 4/12 ---
2025-09-17 18:51:17,241 - INFO - Fold 4: Q-scores from fold 3: ['M00:-0.314', 'M01:-1.216', 'M02:1.319', 'M03:-0.884', 'M04:0.009']...
2025-09-17 18:51:17,241 - INFO - Fold 4: Selected models [20, 61, 67, 29, 2] based on fold 3 Q-scores, avg Q-score: 1.533
2025-09-17 18:51:17,247 - INFO - Fold 4 (Training): Sharpe=0.913, Hit=51.9%
2025-09-17 18:51:17,247 - INFO - 
--- Processing fold 5/12 ---
2025-09-17 18:51:17,279 - INFO - Fold 5: Q-scores from fold 4: ['M00:-0.430', 'M01:-1.071', 'M02:1.266', 'M03:-0.717', 'M04:0.008']...
2025-09-17 18:51:17,280 - INFO - Fold 5: Selected models [20, 61, 29, 67, 2] based on fold 4 Q-scores, avg Q-score: 1.488
2025-09-17 18:51:17,288 - INFO - Fold 5 (Training): Sharpe=3.404, Hit=55.2%
2025-09-17 18:51:17,288 - INFO - 
--- Processing fold 6/12 ---
2025-09-17 18:51:17,308 - INFO - Fold 6: Q-scores from fold 5: ['M00:-0.162', 'M01:-0.892', 'M02:1.143', 'M03:-0.702', 'M04:0.292']...
2025-09-17 18:51:17,308 - INFO - Fold 6: Selected models [61, 20, 29, 67, 2] based on fold 5 Q-scores, avg Q-score: 1.537
2025-09-17 18:51:17,313 - INFO - Fold 6 (Training): Sharpe=3.689, Hit=64.6%
2025-09-17 18:51:17,314 - INFO - 
--- Processing fold 7/12 ---
2025-09-17 18:51:17,345 - INFO - Fold 7: Q-scores from fold 6: ['M00:0.078', 'M01:-0.550', 'M02:1.308', 'M03:-0.425', 'M04:0.553']...
2025-09-17 18:51:17,345 - INFO - Fold 7: Selected models [61, 29, 20, 67, 23] based on fold 6 Q-scores, avg Q-score: 1.657
2025-09-17 18:51:17,355 - INFO - Fold 7 (Training): Sharpe=-0.440, Hit=48.1%
2025-09-17 18:51:17,355 - INFO - 
--- Processing fold 8/12 ---
2025-09-17 18:51:17,373 - INFO - Fold 8: Q-scores from fold 7: ['M00:0.005', 'M01:-0.365', 'M02:1.362', 'M03:-0.457', 'M04:0.574']...
2025-09-17 18:51:17,374 - INFO - Fold 8: Selected models [29, 61, 20, 67, 2] based on fold 7 Q-scores, avg Q-score: 1.554
2025-09-17 18:51:17,381 - INFO - Fold 8 (Production): Sharpe=1.852, Hit=53.6%
2025-09-17 18:51:17,382 - INFO - 
--- Processing fold 9/12 ---
2025-09-17 18:51:17,439 - INFO - Fold 9: Q-scores from fold 8: ['M00:0.043', 'M01:-0.171', 'M02:1.480', 'M03:-0.200', 'M04:0.516']...
2025-09-17 18:51:17,439 - INFO - Fold 9: Selected models [29, 61, 67, 20, 2] based on fold 8 Q-scores, avg Q-score: 1.542
2025-09-17 18:51:17,444 - INFO - Fold 9 (Production): Sharpe=2.702, Hit=59.1%
2025-09-17 18:51:17,444 - INFO - 
--- Processing fold 10/12 ---
2025-09-17 18:51:17,488 - INFO - Fold 10: Q-scores from fold 9: ['M00:0.095', 'M01:-0.058', 'M02:1.564', 'M03:-0.144', 'M04:0.479']...
2025-09-17 18:51:17,488 - INFO - Fold 10: Selected models [67, 61, 29, 2, 20] based on fold 9 Q-scores, avg Q-score: 1.613
2025-09-17 18:51:17,492 - INFO - Fold 10 (Production): Sharpe=-0.110, Hit=50.8%
2025-09-17 18:51:17,494 - INFO - 
--- Processing fold 11/12 ---
2025-09-17 18:51:17,522 - INFO - Fold 11: Q-scores from fold 10: ['M00:0.107', 'M01:-0.151', 'M02:1.408', 'M03:-0.012', 'M04:0.453']...
2025-09-17 18:51:17,522 - INFO - Fold 11: Selected models [61, 67, 2, 20, 29] based on fold 10 Q-scores, avg Q-score: 1.434
2025-09-17 18:51:17,524 - INFO - Fold 11 (Production): Sharpe=1.975, Hit=52.5%
2025-09-17 18:51:17,525 - INFO - 
--- Processing fold 12/12 ---
2025-09-17 18:51:17,564 - INFO - Fold 12: Q-scores from fold 11: ['M00:0.231', 'M01:0.130', 'M02:1.570', 'M03:0.121', 'M04:0.787']...
2025-09-17 18:51:17,564 - INFO - Fold 12: Selected models [2, 20, 29, 61, 67] based on fold 11 Q-scores, avg Q-score: 1.489
2025-09-17 18:51:17,565 - INFO - Fold 12 (Production): Sharpe=1.905, Hit=52.8%
2025-09-17 18:51:17,566 - INFO - Training Period Overall: Sharpe=1.708, Hit=54.7%
2025-09-17 18:51:17,567 - INFO - Production Period Overall: Sharpe=1.706, Hit=53.8%
2025-09-17 18:51:17,569 - INFO - Full Timeline Overall: Sharpe=1.672, Hit=54.3%
2025-09-17 18:51:17,569 - INFO - Training: Sharpe=1.708 | Hit=54.7% | Return=30.39%
2025-09-17 18:51:17,569 - INFO - Production: Sharpe=1.706 | Hit=53.8% | Return=45.61%
2025-09-17 18:51:17,569 - INFO - Full Timeline: Sharpe=1.672 | Hit=54.3% | Return=36.79%
2025-09-17 18:51:17,569 - INFO - Generating visualizations...
2025-09-17 18:51:17,570 - INFO - Creating clean visualizations for 100 models...
2025-09-17 18:51:22,994 - INFO - Clean fold-by-fold analysis saved to: 20250917_180514_fold_QHG#C_100models_15folds_rerun_QHG_multiprocessing.png
2025-09-17 18:51:27,148 - INFO - Detailed production analysis saved to: 20250917_180514_backtest_QHG#C_100models_15folds_rerun_QHG_multiprocessing.png
2025-09-17 18:51:27,149 - INFO - ================================================================================
2025-09-17 18:51:27,150 - INFO - BACKTEST SUMMARY
2025-09-17 18:51:27,150 - INFO - ================================================================================
2025-09-17 18:51:27,150 - INFO - Config: Cutoff=70%, Top N=5, Q-Metric=sharpe, Reselection=1 fold(s)
2025-09-17 18:51:27,150 - INFO - Model Selection History:
2025-09-17 18:51:27,150 - INFO -   Fold 1: M20, M61, M67, M02, M29 (Avg Q-sharpe: 1.567)
2025-09-17 18:51:27,150 - INFO -   Fold 2: M20, M61, M67, M29, M02 (Avg Q-sharpe: 1.617)
2025-09-17 18:51:27,150 - INFO -   Fold 3: M20, M61, M67, M29, M02 (Avg Q-sharpe: 1.571)
2025-09-17 18:51:27,150 - INFO -   Fold 4: M20, M61, M67, M29, M02 (Avg Q-sharpe: 1.533)
2025-09-17 18:51:27,150 - INFO -   Fold 5: M20, M61, M29, M67, M02 (Avg Q-sharpe: 1.488)
2025-09-17 18:51:27,150 - INFO -   Fold 6: M61, M20, M29, M67, M02 (Avg Q-sharpe: 1.537)
2025-09-17 18:51:27,150 - INFO -   Fold 7: M61, M29, M20, M67, M23 (Avg Q-sharpe: 1.657)
2025-09-17 18:51:27,150 - INFO -   Fold 8: M29, M61, M20, M67, M02 (Avg Q-sharpe: 1.554)
2025-09-17 18:51:27,150 - INFO -   Fold 9: M29, M61, M67, M20, M02 (Avg Q-sharpe: 1.542)
2025-09-17 18:51:27,150 - INFO -   Fold 10: M67, M61, M29, M02, M20 (Avg Q-sharpe: 1.613)
2025-09-17 18:51:27,150 - INFO -   Fold 11: M61, M67, M02, M20, M29 (Avg Q-sharpe: 1.434)
2025-09-17 18:51:27,150 - INFO -   Fold 12: M02, M20, M29, M61, M67 (Avg Q-sharpe: 1.489)
2025-09-17 18:51:27,150 - INFO - 
2025-09-17 18:51:27,150 - INFO - Fold-by-Fold Performance:
2025-09-17 18:51:27,150 - INFO -   Fold 1: M20, M61, M67, M02, M29 | Sharpe=2.353 | Hit=55.2% | Samples=181
2025-09-17 18:51:27,150 - INFO -   Fold 2: M20, M61, M67, M29, M02 | Sharpe=1.139 | Hit=51.9% | Samples=181
2025-09-17 18:51:27,150 - INFO -   Fold 3: M20, M61, M67, M29, M02 | Sharpe=1.186 | Hit=55.8% | Samples=181
2025-09-17 18:51:27,150 - INFO -   Fold 4: M20, M61, M67, M29, M02 | Sharpe=0.913 | Hit=51.9% | Samples=181
2025-09-17 18:51:27,150 - INFO -   Fold 5: M20, M61, M29, M67, M02 | Sharpe=3.404 | Hit=55.2% | Samples=181
2025-09-17 18:51:27,150 - INFO -   Fold 6: M61, M20, M29, M67, M02 | Sharpe=3.689 | Hit=64.6% | Samples=181
2025-09-17 18:51:27,150 - INFO -   Fold 7: M61, M29, M20, M67, M23 | Sharpe=-0.440 | Hit=48.1% | Samples=181
2025-09-17 18:51:27,150 - INFO -   Fold 8: M29, M61, M20, M67, M02 | Sharpe=1.852 | Hit=53.6% | Samples=181
2025-09-17 18:51:27,150 - INFO -   Fold 9: M29, M61, M67, M20, M02 | Sharpe=2.702 | Hit=59.1% | Samples=181
2025-09-17 18:51:27,150 - INFO -   Fold 10: M67, M61, M29, M02, M20 | Sharpe=-0.110 | Hit=50.8% | Samples=181
2025-09-17 18:51:27,150 - INFO -   Fold 11: M61, M67, M02, M20, M29 | Sharpe=1.975 | Hit=52.5% | Samples=181
2025-09-17 18:51:27,150 - INFO -   Fold 12: M02, M20, M29, M61, M67 | Sharpe=1.905 | Hit=52.8% | Samples=195
2025-09-17 18:51:27,150 - INFO - ================================================================================
2025-09-17 18:51:27,151 - INFO - ================================================================================
2025-09-17 18:51:27,151 - INFO - ANALYSIS COMPLETED SUCCESSFULLY!
2025-09-17 18:51:27,151 - INFO - ================================================================================
2025-09-17 18:51:27,151 - INFO - Generated 2 visualization files
2025-09-17 18:51:27,151 - INFO -   - 20250917_180514_fold_QHG#C_100models_15folds_rerun_QHG_multiprocessing.png
2025-09-17 18:51:27,151 - INFO -   - 20250917_180514_backtest_QHG#C_100models_15folds_rerun_QHG_multiprocessing.png
2025-09-17 18:51:27,151 - INFO - Training Final: Sharpe=1.708 | Hit=54.7% | Return=30.39% | CB=1.604
2025-09-17 18:51:27,151 - INFO - Production Final: Sharpe=1.706 | Hit=53.8% | Return=45.61% | CB=2.065
2025-09-17 18:51:27,151 - INFO - Full Timeline Final: Sharpe=1.672 | Hit=54.3% | Return=36.79% | CB=1.665
2025-09-17 18:51:27,152 - INFO - ============================================================
2025-09-17 18:51:27,152 - INFO - EXPORTING PRODUCTION MODELS (Consolidated File)
2025-09-17 18:51:27,152 - INFO - ============================================================
2025-09-17 18:51:27,152 - INFO - Backtest results keys: ['full_timeline_metrics', 'training_metrics', 'production_metrics', 'model_selection_history', 'fold_results', 'full_timeline_returns', 'training_returns', 'production_returns', 'full_timeline_predictions', 'full_timeline_dates', 'cutoff_fold', 'training_folds', 'production_folds']
2025-09-17 18:51:27,152 - INFO - Model selection history length: 12
2025-09-17 18:51:27,152 - INFO - Final selection keys: ['fold', 'selection_based_on_fold', 'selected_models', 'avg_q_score', 'period_type']
2025-09-17 18:51:27,152 - INFO - Final fold selected models: [2, 20, 29, 61, 67]
2025-09-17 18:51:27,152 - INFO - All fold results type: <class 'dict'>
2025-09-17 18:51:27,152 - INFO - All fold results keys/length: ['fold_1', 'fold_2', 'fold_3', 'fold_4', 'fold_5', 'fold_6', 'fold_7', 'fold_8', 'fold_9', 'fold_10', 'fold_11', 'fold_12', 'fold_13']
2025-09-17 18:51:27,152 - INFO - Available fold indices: [0, 1, 2, 3, 4, 5, 6, 7, 8, 9, 10, 11, 12]
2025-09-17 18:51:27,152 - INFO - Using fold index 11 (key: fold_12) as production fold
2025-09-17 18:51:27,152 - INFO - Final fold keys: ['results_df', 'model_metrics', 'oos_predictions', 'test_idx', 'trained_models', 'model_specs']
2025-09-17 18:51:27,153 - INFO - Trained models available: [0, 1, 2, 3, 4, 5, 6, 7, 8, 9, 10, 11, 12, 13, 14, 15, 16, 17, 18, 19, 20, 21, 22, 23, 24, 25, 26, 27, 28, 29, 30, 31, 32, 33, 34, 35, 36, 37, 38, 39, 40, 41, 42, 43, 44, 45, 46, 47, 48, 49, 50, 51, 52, 53, 54, 55, 56, 57, 58, 59, 60, 61, 62, 63, 64, 65, 66, 67, 68, 69, 70, 71, 72, 73, 74, 75, 76, 77, 78, 79, 80, 81, 82, 83, 84, 85, 86, 87, 88, 89, 90, 91, 92, 93, 94, 95, 96, 97, 98, 99]
2025-09-17 18:51:27,153 - INFO - Added model M02 -> model_01 with all 100 features (framework standard)
2025-09-17 18:51:27,153 - INFO - Added model M20 -> model_02 with all 100 features (framework standard)
2025-09-17 18:51:27,153 - INFO - Added model M29 -> model_03 with all 100 features (framework standard)
2025-09-17 18:51:27,153 - INFO - Added model M61 -> model_04 with all 100 features (framework standard)
2025-09-17 18:51:27,153 - INFO - Added model M67 -> model_05 with all 100 features (framework standard)
2025-09-17 18:51:27,153 - INFO - Extracted 5 selected models
2025-09-17 18:51:27,256 - INFO - SUCCESS: Exported 5 selected models to /Users/steven/Projects/SQ/bond_ls_xgb_grope_full_v6/PROD/models/QHG#C_20250917_180514.pkl
2025-09-17 18:51:27,259 - INFO - File size: 987,521 bytes
2025-09-17 18:51:27,259 - INFO - Selected features: 100 features
2025-09-17 18:51:27,259 - INFO - Selected models: [2, 20, 29, 61, 67]
2025-09-17 18:51:27,259 - INFO - ============================================================
2025-09-17 18:51:27,259 - INFO - EXPORTING SIGNAL DISTRIBUTION
2025-09-17 18:51:27,259 - INFO - ============================================================
2025-09-17 18:51:27,259 - INFO - Timeline data: 2186 points
2025-09-17 18:51:27,317 - INFO - SUCCESS: Exported signal distribution to /Users/steven/Projects/SQ/bond_ls_xgb_grope_full_v6/xgb_compare/results/20250917_180514_signal_distribution_rerun_QHG_multiprocessing.csv
2025-09-17 18:51:27,317 - INFO - Records: 2,186
2025-09-17 18:51:27,318 - INFO - Date range: 2017-02-09 12:00:00 to 2025-07-30 12:00:00
2025-09-17 18:51:27,318 - INFO - Signal directions: {1: 1248, -1: 938}
2025-09-17 18:51:27,319 - INFO - Signal range: -1.000000 to 1.000000
2025-09-17 18:51:27,319 - INFO - Hit rate: 0.517
2025-09-17 18:51:27,319 - INFO - Total PnL: 0.975165
