2025-09-17 16:48:58,699 - INFO - ================================================================================
2025-09-17 16:48:58,699 - INFO - XGBoost Comparison Framework
2025-09-17 16:48:58,699 - INFO - ================================================================================
2025-09-17 16:48:58,699 - INFO - Configuration:
2025-09-17 16:48:58,699 - INFO -   Target Symbol: @JY#C
2025-09-17 16:48:58,699 - INFO -   Date Range: 2015-01-01 to 2025-08-01
2025-09-17 16:48:58,699 - INFO -   Models: 100, Type: standard
2025-09-17 16:48:58,699 - INFO -   Folds: 15
2025-09-17 16:48:58,699 - INFO -   Max Features: 100 (Limited)
2025-09-17 16:48:58,699 - INFO -   Feature Selection: Enabled
2025-09-17 16:48:58,699 - INFO -   Inner Val Fraction: 0.2
2025-09-17 16:48:58,699 - INFO -   EWMA Alpha: 0.1, Quality Halflife: 63 days
2025-09-17 16:48:58,699 - INFO -   Signal Type: Binary (+1/-1)
2025-09-17 16:48:58,699 - INFO -   Cross-validation: Expanding window
2025-09-17 16:48:58,699 - INFO -   Production: Cutoff=0.6, Top N=5, Q-Metric=sharpe
2025-09-17 16:48:58,699 - INFO -   Reselection: Every 1 fold(s)
2025-09-17 16:48:58,699 - INFO - 
2025-09-17 16:49:03,539 - INFO - Dropped 3 rows due to NaN in target column @JY#C_target_return
2025-09-17 16:49:03,650 - INFO - Loaded: X=(2732, 1906), y=(2732,)
2025-09-17 16:49:50,219 - INFO - Selected 100 features (threshold: 0.7)
2025-09-17 16:49:50,288 - INFO - Selected: 100 features
2025-09-17 16:49:50,463 - INFO - GPU detection: XGBoost not compiled with CUDA support - using CPU
2025-09-17 16:49:50,464 - INFO - Processing mode: CPU multiprocessing (GPU: False, Total models: 1500)
2025-09-17 16:49:50,470 - INFO - GPU detection: XGBoost not compiled with CUDA support - using CPU
2025-09-17 16:49:50,472 - INFO - Using expanding window
2025-09-17 16:49:50,472 - INFO - Starting analysis: 100 standard models x 13 folds
2025-09-17 16:49:50,472 - INFO - Processing Fold 1/13
2025-09-17 16:49:50,479 - INFO -   Using multiprocessing with 9 workers
2025-09-17 16:51:09,308 - INFO - Fold 1 Summary:
2025-09-17 16:51:09,309 - INFO -   Best OOS Sharpe: M95 (3.643, p=0.020)
2025-09-17 16:51:09,309 - INFO -   Best Q-Sharpe:  M95 (3.643, OOS_Sharpe=3.643, OOS_Hit=0.571)
2025-09-17 16:51:09,310 - INFO -   Mean OOS Sharpe: 0.439, Mean Hit: 0.506
2025-09-17 16:51:09,310 - INFO - 
2025-09-17 16:51:09,319 - INFO - Stored 100 trained models for production export
2025-09-17 16:51:09,319 - INFO - Processing Fold 2/13
2025-09-17 16:51:09,338 - INFO -   Using multiprocessing with 9 workers
2025-09-17 16:53:06,954 - INFO - Fold 2 Summary:
2025-09-17 16:53:06,957 - INFO -   Best OOS Sharpe: M06 (3.089, p=0.020)
2025-09-17 16:53:06,957 - INFO -   Best Q-Sharpe:  M95 (3.316, OOS_Sharpe=0.372, OOS_Hit=0.478)
2025-09-17 16:53:06,957 - INFO -   Mean OOS Sharpe: 1.177, Mean Hit: 0.539
2025-09-17 16:53:06,957 - INFO - 
2025-09-17 16:53:06,975 - INFO - Stored 100 trained models for production export
2025-09-17 16:53:06,976 - INFO - Processing Fold 3/13
2025-09-17 16:53:06,998 - INFO -   Using multiprocessing with 9 workers
2025-09-17 16:55:06,846 - INFO - Fold 3 Summary:
2025-09-17 16:55:06,849 - INFO -   Best OOS Sharpe: M42 (0.681, p=0.600)
2025-09-17 16:55:06,849 - INFO -   Best Q-Sharpe:  M95 (2.817, OOS_Sharpe=-1.669, OOS_Hit=0.462)
2025-09-17 16:55:06,849 - INFO -   Mean OOS Sharpe: -1.580, Mean Hit: 0.465
2025-09-17 16:55:06,849 - INFO - 
2025-09-17 16:55:06,864 - INFO - Stored 100 trained models for production export
2025-09-17 16:55:06,864 - INFO - Processing Fold 4/13
2025-09-17 16:55:06,898 - INFO -   Using multiprocessing with 9 workers
2025-09-17 16:57:10,197 - INFO - Fold 4 Summary:
2025-09-17 16:57:10,200 - INFO -   Best OOS Sharpe: M36 (2.347, p=0.000)
2025-09-17 16:57:10,200 - INFO -   Best Q-Sharpe:  M95 (2.569, OOS_Sharpe=0.341, OOS_Hit=0.511)
2025-09-17 16:57:10,200 - INFO -   Mean OOS Sharpe: 0.667, Mean Hit: 0.506
2025-09-17 16:57:10,200 - INFO - 
2025-09-17 16:57:10,220 - INFO - Stored 100 trained models for production export
2025-09-17 16:57:10,220 - INFO - Processing Fold 5/13
2025-09-17 16:57:10,235 - INFO -   Using multiprocessing with 9 workers
2025-09-17 16:59:34,153 - INFO - Fold 5 Summary:
2025-09-17 16:59:34,156 - INFO -   Best OOS Sharpe: M61 (1.708, p=0.120)
2025-09-17 16:59:34,156 - INFO -   Best Q-Sharpe:  M95 (2.410, OOS_Sharpe=0.970, OOS_Hit=0.489)
2025-09-17 16:59:34,156 - INFO -   Mean OOS Sharpe: -0.345, Mean Hit: 0.474
2025-09-17 16:59:34,157 - INFO - 
2025-09-17 16:59:34,184 - INFO - Stored 100 trained models for production export
2025-09-17 16:59:34,185 - INFO - Processing Fold 6/13
2025-09-17 16:59:34,217 - INFO -   Using multiprocessing with 9 workers
2025-09-17 17:02:12,283 - INFO - Fold 6 Summary:
2025-09-17 17:02:12,542 - INFO -   Best OOS Sharpe: M19 (3.600, p=0.000)
2025-09-17 17:02:12,559 - INFO -   Best Q-Sharpe:  M95 (2.122, OOS_Sharpe=-0.464, OOS_Hit=0.473)
2025-09-17 17:02:12,559 - INFO -   Mean OOS Sharpe: 0.641, Mean Hit: 0.505
2025-09-17 17:02:12,559 - INFO - 
2025-09-17 17:02:12,774 - INFO - Stored 100 trained models for production export
2025-09-17 17:02:12,775 - INFO - Processing Fold 7/13
2025-09-17 17:02:12,925 - INFO -   Using multiprocessing with 9 workers
2025-09-17 17:05:06,287 - INFO - Fold 7 Summary:
2025-09-17 17:05:06,295 - INFO -   Best OOS Sharpe: M13 (2.628, p=0.060)
2025-09-17 17:05:06,295 - INFO -   Best Q-Sharpe:  M13 (2.025, OOS_Sharpe=2.628, OOS_Hit=0.549)
2025-09-17 17:05:06,295 - INFO -   Mean OOS Sharpe: 0.664, Mean Hit: 0.512
2025-09-17 17:05:06,295 - INFO - 
2025-09-17 17:05:06,330 - INFO - Stored 100 trained models for production export
2025-09-17 17:05:06,330 - INFO - Processing Fold 8/13
2025-09-17 17:05:06,365 - INFO -   Using multiprocessing with 9 workers
2025-09-17 17:07:48,979 - INFO - Fold 8 Summary:
2025-09-17 17:07:48,988 - INFO -   Best OOS Sharpe: M45 (3.471, p=0.000)
2025-09-17 17:07:48,988 - INFO -   Best Q-Sharpe:  M13 (1.989, OOS_Sharpe=1.665, OOS_Hit=0.549)
2025-09-17 17:07:48,989 - INFO -   Mean OOS Sharpe: 1.097, Mean Hit: 0.526
2025-09-17 17:07:48,989 - INFO - 
2025-09-17 17:07:49,033 - INFO - Stored 100 trained models for production export
2025-09-17 17:07:49,033 - INFO - Processing Fold 9/13
2025-09-17 17:07:49,085 - INFO -   Using multiprocessing with 9 workers
2025-09-17 17:10:56,172 - INFO - Fold 9 Summary:
2025-09-17 17:10:56,179 - INFO -   Best OOS Sharpe: M55 (4.830, p=0.000)
2025-09-17 17:10:56,179 - INFO -   Best Q-Sharpe:  M13 (1.943, OOS_Sharpe=1.530, OOS_Hit=0.544)
2025-09-17 17:10:56,179 - INFO -   Mean OOS Sharpe: 2.675, Mean Hit: 0.574
2025-09-17 17:10:56,179 - INFO - 
2025-09-17 17:10:56,224 - INFO - Stored 100 trained models for production export
2025-09-17 17:10:56,224 - INFO - Processing Fold 10/13
2025-09-17 17:10:56,254 - INFO -   Using multiprocessing with 9 workers
2025-09-17 17:14:15,991 - INFO - Fold 10 Summary:
2025-09-17 17:14:15,998 - INFO -   Best OOS Sharpe: M47 (5.318, p=0.000)
2025-09-17 17:14:15,998 - INFO -   Best Q-Sharpe:  M66 (1.860, OOS_Sharpe=2.317, OOS_Hit=0.560)
2025-09-17 17:14:15,998 - INFO -   Mean OOS Sharpe: 2.239, Mean Hit: 0.560
2025-09-17 17:14:15,998 - INFO - 
2025-09-17 17:14:16,039 - INFO - Stored 100 trained models for production export
2025-09-17 17:14:16,040 - INFO - Processing Fold 11/13
2025-09-17 17:14:16,083 - INFO -   Using multiprocessing with 9 workers
2025-09-17 17:17:43,203 - INFO - Fold 11 Summary:
2025-09-17 17:17:43,212 - INFO -   Best OOS Sharpe: M43 (4.172, p=0.000)
2025-09-17 17:17:43,212 - INFO -   Best Q-Sharpe:  M56 (1.938, OOS_Sharpe=3.286, OOS_Hit=0.593)
2025-09-17 17:17:43,212 - INFO -   Mean OOS Sharpe: 2.156, Mean Hit: 0.553
2025-09-17 17:17:43,212 - INFO - 
2025-09-17 17:17:43,254 - INFO - Stored 100 trained models for production export
2025-09-17 17:17:43,255 - INFO - Processing Fold 12/13
2025-09-17 17:17:43,288 - INFO -   Using multiprocessing with 9 workers
2025-09-17 17:20:31,806 - INFO - Fold 12 Summary:
2025-09-17 17:20:31,811 - INFO -   Best OOS Sharpe: M79 (3.137, p=0.040)
2025-09-17 17:20:31,811 - INFO -   Best Q-Sharpe:  M66 (1.910, OOS_Sharpe=2.250, OOS_Hit=0.555)
2025-09-17 17:20:31,811 - INFO -   Mean OOS Sharpe: 0.557, Mean Hit: 0.535
2025-09-17 17:20:31,811 - INFO - 
2025-09-17 17:20:31,851 - INFO - Stored 100 trained models for production export
2025-09-17 17:20:31,851 - INFO - Processing Fold 13/13
2025-09-17 17:20:31,884 - INFO -   Using multiprocessing with 9 workers
2025-09-17 17:23:05,275 - INFO - Fold 13 Summary:
2025-09-17 17:23:05,279 - INFO -   Best OOS Sharpe: M08 (3.763, p=0.000)
2025-09-17 17:23:05,279 - INFO -   Best Q-Sharpe:  M66 (1.853, OOS_Sharpe=1.343, OOS_Hit=0.516)
2025-09-17 17:23:05,279 - INFO -   Mean OOS Sharpe: 1.431, Mean Hit: 0.531
2025-09-17 17:23:05,279 - INFO - 
2025-09-17 17:23:05,317 - INFO - Stored 100 trained models for production export
2025-09-17 17:23:05,317 - INFO - Starting full timeline backtesting...
2025-09-17 17:23:05,322 - INFO - Running full timeline backtest with 13 folds (0-based indexing)
2025-09-17 17:23:05,322 - INFO - Fold 0 skipped (no prior Q-score history for meaningful selection)
2025-09-17 17:23:05,323 - INFO - Effective backtest period: Folds 1-12 (12 folds)
2025-09-17 17:23:05,323 - INFO - Training period: Folds 1-7
2025-09-17 17:23:05,323 - INFO - Production period: Folds 8-12
2025-09-17 17:23:05,323 - INFO - Using consistent OOS methodology for all folds
2025-09-17 17:23:05,325 - INFO - Fold 0: Skipped (no prior Q-score history for meaningful selection)
2025-09-17 17:23:05,325 - INFO - 
--- Processing fold 1/12 ---
2025-09-17 17:23:05,360 - INFO - Fold 1: Q-scores from fold 0: ['M00:0.730', 'M01:0.157', 'M02:1.981', 'M03:0.431', 'M04:0.867']...
2025-09-17 17:23:05,361 - INFO - Fold 1: Selected models [95, 58, 13, 66, 56] based on fold 0 Q-scores, avg Q-score: 3.092
2025-09-17 17:23:05,427 - INFO - Fold 1 (Training): Sharpe=1.183, Hit=52.2%
2025-09-17 17:23:05,427 - INFO - 
--- Processing fold 2/12 ---
2025-09-17 17:23:05,476 - INFO - Fold 2: Q-scores from fold 1: ['M00:0.657', 'M01:0.250', 'M02:1.868', 'M03:0.634', 'M04:0.755']...
2025-09-17 17:23:05,477 - INFO - Fold 2: Selected models [95, 58, 66, 13, 56] based on fold 1 Q-scores, avg Q-score: 2.904
2025-09-17 17:23:05,484 - INFO - Fold 2 (Training): Sharpe=-1.976, Hit=47.3%
2025-09-17 17:23:05,484 - INFO - 
--- Processing fold 3/12 ---
2025-09-17 17:23:05,505 - INFO - Fold 3: Q-scores from fold 2: ['M00:0.526', 'M01:0.039', 'M02:1.524', 'M03:0.367', 'M04:0.499']...
2025-09-17 17:23:05,505 - INFO - Fold 3: Selected models [95, 58, 66, 13, 56] based on fold 2 Q-scores, avg Q-score: 2.500
2025-09-17 17:23:05,513 - INFO - Fold 3 (Training): Sharpe=1.514, Hit=52.7%
2025-09-17 17:23:05,513 - INFO - 
--- Processing fold 4/12 ---
2025-09-17 17:23:05,553 - INFO - Fold 4: Q-scores from fold 3: ['M00:0.502', 'M01:0.009', 'M02:1.162', 'M03:0.449', 'M04:0.408']...
2025-09-17 17:23:05,553 - INFO - Fold 4: Selected models [95, 58, 66, 13, 56] based on fold 3 Q-scores, avg Q-score: 2.378
2025-09-17 17:23:05,559 - INFO - Fold 4 (Training): Sharpe=0.223, Hit=45.1%
2025-09-17 17:23:05,559 - INFO - 
--- Processing fold 5/12 ---
2025-09-17 17:23:05,578 - INFO - Fold 5: Q-scores from fold 4: ['M00:0.340', 'M01:-0.191', 'M02:1.022', 'M03:0.245', 'M04:0.243']...
2025-09-17 17:23:05,579 - INFO - Fold 5: Selected models [95, 66, 58, 13, 56] based on fold 4 Q-scores, avg Q-score: 2.175
2025-09-17 17:23:05,586 - INFO - Fold 5 (Training): Sharpe=0.526, Hit=46.7%
2025-09-17 17:23:05,586 - INFO - 
--- Processing fold 6/12 ---
2025-09-17 17:23:05,626 - INFO - Fold 6: Q-scores from fold 5: ['M00:0.341', 'M01:-0.210', 'M02:0.954', 'M03:0.381', 'M04:0.149']...
2025-09-17 17:23:05,626 - INFO - Fold 6: Selected models [95, 66, 58, 13, 56] based on fold 5 Q-scores, avg Q-score: 2.013
2025-09-17 17:23:05,636 - INFO - Fold 6 (Training): Sharpe=0.634, Hit=51.1%
2025-09-17 17:23:05,636 - INFO - 
--- Processing fold 7/12 ---
2025-09-17 17:23:05,806 - INFO - Fold 7: Q-scores from fold 6: ['M00:0.165', 'M01:-0.139', 'M02:0.860', 'M03:0.315', 'M04:0.232']...
2025-09-17 17:23:05,806 - INFO - Fold 7: Selected models [13, 95, 66, 58, 56] based on fold 6 Q-scores, avg Q-score: 1.848
2025-09-17 17:23:05,816 - INFO - Fold 7 (Training): Sharpe=0.728, Hit=51.6%
2025-09-17 17:23:05,816 - INFO - 
--- Processing fold 8/12 ---
2025-09-17 17:23:06,551 - INFO - Fold 8: Q-scores from fold 7: ['M00:0.250', 'M01:-0.037', 'M02:0.807', 'M03:0.424', 'M04:0.175']...
2025-09-17 17:23:06,551 - INFO - Fold 8: Selected models [13, 66, 56, 58, 95] based on fold 7 Q-scores, avg Q-score: 1.740
2025-09-17 17:23:06,587 - INFO - Fold 8 (Production): Sharpe=2.269, Hit=57.1%
2025-09-17 17:23:06,587 - INFO - 
--- Processing fold 9/12 ---
2025-09-17 17:23:06,860 - INFO - Fold 9: Q-scores from fold 8: ['M00:0.382', 'M01:0.218', 'M02:1.029', 'M03:0.486', 'M04:0.390']...
2025-09-17 17:23:06,860 - INFO - Fold 9: Selected models [13, 66, 56, 58, 95] based on fold 8 Q-scores, avg Q-score: 1.770
2025-09-17 17:23:06,875 - INFO - Fold 9 (Production): Sharpe=2.744, Hit=57.1%
2025-09-17 17:23:06,875 - INFO - 
--- Processing fold 10/12 ---
2025-09-17 17:23:06,988 - INFO - Fold 10: Q-scores from fold 9: ['M00:0.465', 'M01:0.168', 'M02:1.140', 'M03:0.677', 'M04:0.612']...
2025-09-17 17:23:06,988 - INFO - Fold 10: Selected models [66, 95, 13, 56, 91] based on fold 9 Q-scores, avg Q-score: 1.802
2025-09-17 17:23:06,997 - INFO - Fold 10 (Production): Sharpe=2.182, Hit=56.6%
2025-09-17 17:23:06,997 - INFO - 
--- Processing fold 11/12 ---
2025-09-17 17:23:07,116 - INFO - Fold 11: Q-scores from fold 10: ['M00:0.585', 'M01:0.253', 'M02:1.219', 'M03:0.986', 'M04:0.723']...
2025-09-17 17:23:07,116 - INFO - Fold 11: Selected models [56, 66, 95, 58, 91] based on fold 10 Q-scores, avg Q-score: 1.849
2025-09-17 17:23:07,121 - INFO - Fold 11 (Production): Sharpe=0.177, Hit=53.8%
2025-09-17 17:23:07,122 - INFO - 
--- Processing fold 12/12 ---
2025-09-17 17:23:07,277 - INFO - Fold 12: Q-scores from fold 11: ['M00:0.735', 'M01:0.203', 'M02:1.182', 'M03:0.971', 'M04:0.545']...
2025-09-17 17:23:07,277 - INFO - Fold 12: Selected models [66, 56, 91, 95, 58] based on fold 11 Q-scores, avg Q-score: 1.750
2025-09-17 17:23:07,278 - INFO - Fold 12 (Production): Sharpe=2.261, Hit=53.8%
2025-09-17 17:23:07,280 - INFO - Training Period Overall: Sharpe=0.395, Hit=49.5%
2025-09-17 17:23:07,282 - INFO - Production Period Overall: Sharpe=1.935, Hit=55.7%
2025-09-17 17:23:07,286 - INFO - Full Timeline Overall: Sharpe=1.205, Hit=52.1%
2025-09-17 17:23:07,286 - INFO - Training: Sharpe=0.395 | Hit=49.5% | Return=2.35%
2025-09-17 17:23:07,287 - INFO - Production: Sharpe=1.935 | Hit=55.7% | Return=20.41%
2025-09-17 17:23:07,287 - INFO - Full Timeline: Sharpe=1.205 | Hit=52.1% | Return=9.88%
2025-09-17 17:23:07,287 - INFO - Generating visualizations...
2025-09-17 17:23:07,288 - INFO - Creating clean visualizations for 100 models...
2025-09-17 17:23:12,741 - INFO - Clean fold-by-fold analysis saved to: 20250917_164858_fold_@JY#C_100models_15folds_rerun_JY_multiprocessing.png
2025-09-17 17:23:16,596 - INFO - Detailed production analysis saved to: 20250917_164858_backtest_@JY#C_100models_15folds_rerun_JY_multiprocessing.png
2025-09-17 17:23:16,600 - INFO - ================================================================================
2025-09-17 17:23:16,601 - INFO - BACKTEST SUMMARY
2025-09-17 17:23:16,601 - INFO - ================================================================================
2025-09-17 17:23:16,601 - INFO - Config: Cutoff=70%, Top N=5, Q-Metric=sharpe, Reselection=1 fold(s)
2025-09-17 17:23:16,601 - INFO - Model Selection History:
2025-09-17 17:23:16,601 - INFO -   Fold 1: M95, M58, M13, M66, M56 (Avg Q-sharpe: 3.092)
2025-09-17 17:23:16,601 - INFO -   Fold 2: M95, M58, M66, M13, M56 (Avg Q-sharpe: 2.904)
2025-09-17 17:23:16,601 - INFO -   Fold 3: M95, M58, M66, M13, M56 (Avg Q-sharpe: 2.500)
2025-09-17 17:23:16,601 - INFO -   Fold 4: M95, M58, M66, M13, M56 (Avg Q-sharpe: 2.378)
2025-09-17 17:23:16,601 - INFO -   Fold 5: M95, M66, M58, M13, M56 (Avg Q-sharpe: 2.175)
2025-09-17 17:23:16,601 - INFO -   Fold 6: M95, M66, M58, M13, M56 (Avg Q-sharpe: 2.013)
2025-09-17 17:23:16,601 - INFO -   Fold 7: M13, M95, M66, M58, M56 (Avg Q-sharpe: 1.848)
2025-09-17 17:23:16,601 - INFO -   Fold 8: M13, M66, M56, M58, M95 (Avg Q-sharpe: 1.740)
2025-09-17 17:23:16,601 - INFO -   Fold 9: M13, M66, M56, M58, M95 (Avg Q-sharpe: 1.770)
2025-09-17 17:23:16,601 - INFO -   Fold 10: M66, M95, M13, M56, M91 (Avg Q-sharpe: 1.802)
2025-09-17 17:23:16,601 - INFO -   Fold 11: M56, M66, M95, M58, M91 (Avg Q-sharpe: 1.849)
2025-09-17 17:23:16,601 - INFO -   Fold 12: M66, M56, M91, M95, M58 (Avg Q-sharpe: 1.750)
2025-09-17 17:23:16,601 - INFO - 
2025-09-17 17:23:16,601 - INFO - Fold-by-Fold Performance:
2025-09-17 17:23:16,601 - INFO -   Fold 1: M95, M58, M13, M66, M56 | Sharpe=1.183 | Hit=52.2% | Samples=182
2025-09-17 17:23:16,601 - INFO -   Fold 2: M95, M58, M66, M13, M56 | Sharpe=-1.976 | Hit=47.3% | Samples=182
2025-09-17 17:23:16,601 - INFO -   Fold 3: M95, M58, M66, M13, M56 | Sharpe=1.514 | Hit=52.7% | Samples=182
2025-09-17 17:23:16,602 - INFO -   Fold 4: M95, M58, M66, M13, M56 | Sharpe=0.223 | Hit=45.1% | Samples=182
2025-09-17 17:23:16,602 - INFO -   Fold 5: M95, M66, M58, M13, M56 | Sharpe=0.526 | Hit=46.7% | Samples=182
2025-09-17 17:23:16,602 - INFO -   Fold 6: M95, M66, M58, M13, M56 | Sharpe=0.634 | Hit=51.1% | Samples=182
2025-09-17 17:23:16,602 - INFO -   Fold 7: M13, M95, M66, M58, M56 | Sharpe=0.728 | Hit=51.6% | Samples=182
2025-09-17 17:23:16,602 - INFO -   Fold 8: M13, M66, M56, M58, M95 | Sharpe=2.269 | Hit=57.1% | Samples=182
2025-09-17 17:23:16,602 - INFO -   Fold 9: M13, M66, M56, M58, M95 | Sharpe=2.744 | Hit=57.1% | Samples=182
2025-09-17 17:23:16,602 - INFO -   Fold 10: M66, M95, M13, M56, M91 | Sharpe=2.182 | Hit=56.6% | Samples=182
2025-09-17 17:23:16,602 - INFO -   Fold 11: M56, M66, M95, M58, M91 | Sharpe=0.177 | Hit=53.8% | Samples=182
2025-09-17 17:23:16,602 - INFO -   Fold 12: M66, M56, M91, M95, M58 | Sharpe=2.261 | Hit=53.8% | Samples=184
2025-09-17 17:23:16,602 - INFO - ================================================================================
2025-09-17 17:23:16,602 - INFO - ================================================================================
2025-09-17 17:23:16,602 - INFO - ANALYSIS COMPLETED SUCCESSFULLY!
2025-09-17 17:23:16,602 - INFO - ================================================================================
2025-09-17 17:23:16,602 - INFO - Generated 2 visualization files
2025-09-17 17:23:16,602 - INFO -   - 20250917_164858_fold_@JY#C_100models_15folds_rerun_JY_multiprocessing.png
2025-09-17 17:23:16,602 - INFO -   - 20250917_164858_backtest_@JY#C_100models_15folds_rerun_JY_multiprocessing.png
2025-09-17 17:23:16,602 - INFO - Training Final: Sharpe=0.395 | Hit=49.5% | Return=2.35% | CB=0.206
2025-09-17 17:23:16,602 - INFO - Production Final: Sharpe=1.935 | Hit=55.7% | Return=20.41% | CB=1.572
2025-09-17 17:23:16,602 - INFO - Full Timeline Final: Sharpe=1.205 | Hit=52.1% | Return=9.88% | CB=0.761
2025-09-17 17:23:16,602 - INFO - ============================================================
2025-09-17 17:23:16,603 - INFO - EXPORTING PRODUCTION MODELS (Consolidated File)
2025-09-17 17:23:16,603 - INFO - ============================================================
2025-09-17 17:23:16,603 - INFO - Backtest results keys: ['full_timeline_metrics', 'training_metrics', 'production_metrics', 'model_selection_history', 'fold_results', 'full_timeline_returns', 'training_returns', 'production_returns', 'full_timeline_predictions', 'full_timeline_dates', 'cutoff_fold', 'training_folds', 'production_folds']
2025-09-17 17:23:16,603 - INFO - Model selection history length: 12
2025-09-17 17:23:16,603 - INFO - Final selection keys: ['fold', 'selection_based_on_fold', 'selected_models', 'avg_q_score', 'period_type']
2025-09-17 17:23:16,603 - INFO - Final fold selected models: [66, 56, 91, 95, 58]
2025-09-17 17:23:16,603 - INFO - All fold results type: <class 'dict'>
2025-09-17 17:23:16,603 - INFO - All fold results keys/length: ['fold_1', 'fold_2', 'fold_3', 'fold_4', 'fold_5', 'fold_6', 'fold_7', 'fold_8', 'fold_9', 'fold_10', 'fold_11', 'fold_12', 'fold_13']
2025-09-17 17:23:16,603 - INFO - Available fold indices: [0, 1, 2, 3, 4, 5, 6, 7, 8, 9, 10, 11, 12]
2025-09-17 17:23:16,603 - INFO - Using fold index 11 (key: fold_12) as production fold
2025-09-17 17:23:16,603 - INFO - Final fold keys: ['results_df', 'model_metrics', 'oos_predictions', 'test_idx', 'trained_models', 'model_specs']
2025-09-17 17:23:16,603 - INFO - Trained models available: [0, 1, 2, 3, 4, 5, 6, 7, 8, 9, 10, 11, 12, 13, 14, 15, 16, 17, 18, 19, 20, 21, 22, 23, 24, 25, 26, 27, 28, 29, 30, 31, 32, 33, 34, 35, 36, 37, 38, 39, 40, 41, 42, 43, 44, 45, 46, 47, 48, 49, 50, 51, 52, 53, 54, 55, 56, 57, 58, 59, 60, 61, 62, 63, 64, 65, 66, 67, 68, 69, 70, 71, 72, 73, 74, 75, 76, 77, 78, 79, 80, 81, 82, 83, 84, 85, 86, 87, 88, 89, 90, 91, 92, 93, 94, 95, 96, 97, 98, 99]
2025-09-17 17:23:16,603 - INFO - Added model M66 -> model_01 with all 100 features (framework standard)
2025-09-17 17:23:16,603 - INFO - Added model M56 -> model_02 with all 100 features (framework standard)
2025-09-17 17:23:16,603 - INFO - Added model M91 -> model_03 with all 100 features (framework standard)
2025-09-17 17:23:16,603 - INFO - Added model M95 -> model_04 with all 100 features (framework standard)
2025-09-17 17:23:16,603 - INFO - Added model M58 -> model_05 with all 100 features (framework standard)
2025-09-17 17:23:16,603 - INFO - Extracted 5 selected models
2025-09-17 17:23:16,679 - INFO - SUCCESS: Exported 5 selected models to /Users/steven/Projects/SQ/bond_ls_xgb_grope_full_v6/PROD/models/@JY#C_20250917_164858.pkl
2025-09-17 17:23:16,679 - INFO - File size: 2,071,176 bytes
2025-09-17 17:23:16,679 - INFO - Selected features: 100 features
2025-09-17 17:23:16,679 - INFO - Selected models: [66, 56, 91, 95, 58]
2025-09-17 17:23:16,687 - INFO - ============================================================
2025-09-17 17:23:16,687 - INFO - EXPORTING SIGNAL DISTRIBUTION
2025-09-17 17:23:16,687 - INFO - ============================================================
2025-09-17 17:23:16,687 - INFO - Timeline data: 2186 points
2025-09-17 17:23:16,763 - INFO - SUCCESS: Exported signal distribution to /Users/steven/Projects/SQ/bond_ls_xgb_grope_full_v6/xgb_compare/results/20250917_164858_signal_distribution_rerun_JY_multiprocessing.csv
2025-09-17 17:23:16,763 - INFO - Records: 2,186
2025-09-17 17:23:16,766 - INFO - Date range: 2017-02-13 12:00:00 to 2025-07-30 12:00:00
2025-09-17 17:23:16,766 - INFO - Signal directions: {-1: 1353, 1: 833}
2025-09-17 17:23:16,767 - INFO - Signal range: -1.000000 to 1.000000
2025-09-17 17:23:16,767 - INFO - Hit rate: 0.462
2025-09-17 17:23:16,767 - INFO - Total PnL: -0.521476
