2025-09-17 20:18:18,328 - INFO - ================================================================================
2025-09-17 20:18:18,328 - INFO - XGBoost Comparison Framework
2025-09-17 20:18:18,328 - INFO - ================================================================================
2025-09-17 20:18:18,328 - INFO - Configuration:
2025-09-17 20:18:18,328 - INFO -   Target Symbol: @ES#C
2025-09-17 20:18:18,328 - INFO -   Date Range: 2015-01-01 to 2025-08-01
2025-09-17 20:18:18,328 - INFO -   Models: 150, Type: deep
2025-09-17 20:18:18,328 - INFO -   Folds: 15
2025-09-17 20:18:18,328 - INFO -   Max Features: 100 (Limited)
2025-09-17 20:18:18,328 - INFO -   Feature Selection: Enabled
2025-09-17 20:18:18,328 - INFO -   Inner Val Fraction: 0.2
2025-09-17 20:18:18,328 - INFO -   EWMA Alpha: 0.1, Quality Halflife: 63 days
2025-09-17 20:18:18,328 - INFO -   Signal Type: Binary (+1/-1)
2025-09-17 20:18:18,328 - INFO -   Cross-validation: Expanding window
2025-09-17 20:18:18,328 - INFO -   Production: Cutoff=0.6, Top N=8, Q-Metric=hit_rate
2025-09-17 20:18:18,328 - INFO -   Reselection: Every 1 fold(s)
2025-09-17 20:18:18,328 - INFO - 
2025-09-17 20:18:23,283 - INFO - Dropped 8 rows due to NaN in target column @ES#C_target_return
2025-09-17 20:18:23,379 - INFO - Loaded: X=(2727, 1906), y=(2727,)
2025-09-17 20:19:28,026 - INFO - Selected 100 features (threshold: 0.7)
2025-09-17 20:19:28,071 - INFO - Selected: 100 features
2025-09-17 20:19:28,388 - INFO - GPU detection: XGBoost not compiled with CUDA support - using CPU
2025-09-17 20:19:28,389 - INFO - Processing mode: CPU multiprocessing (GPU: False, Total models: 2250)
2025-09-17 20:19:28,400 - INFO - GPU detection: XGBoost not compiled with CUDA support - using CPU
2025-09-17 20:19:28,403 - INFO - Using expanding window
2025-09-17 20:19:28,403 - INFO - Starting analysis: 150 deep models x 13 folds
2025-09-17 20:19:28,403 - INFO - Processing Fold 1/13
2025-09-17 20:19:28,406 - INFO -   Using multiprocessing with 9 workers
2025-09-17 20:23:51,859 - INFO - Fold 1 Summary:
2025-09-17 20:23:51,860 - INFO -   Best OOS Sharpe: M136 (3.631, p=0.000)
2025-09-17 20:23:51,860 - INFO -   Best Q-Hit_Rate:  M108 (0.602, OOS_Sharpe=3.488, OOS_Hit=0.602)
2025-09-17 20:23:51,860 - INFO -   Mean OOS Sharpe: 1.461, Mean Hit: 0.540
2025-09-17 20:23:51,860 - INFO - 
2025-09-17 20:23:51,870 - INFO - Stored 150 trained models for production export
2025-09-17 20:23:51,870 - INFO - Processing Fold 2/13
2025-09-17 20:23:51,885 - INFO -   Using multiprocessing with 9 workers
2025-09-17 20:29:17,108 - INFO - Fold 2 Summary:
2025-09-17 20:29:17,113 - INFO -   Best OOS Sharpe: M138 (3.082, p=0.000)
2025-09-17 20:29:17,113 - INFO -   Best Q-Hit_Rate:  M108 (0.587, OOS_Sharpe=1.089, OOS_Hit=0.453)
2025-09-17 20:29:17,113 - INFO -   Mean OOS Sharpe: 0.894, Mean Hit: 0.490
2025-09-17 20:29:17,113 - INFO - 
2025-09-17 20:29:17,139 - INFO - Stored 150 trained models for production export
2025-09-17 20:29:17,140 - INFO - Processing Fold 3/13
2025-09-17 20:29:17,156 - INFO -   Using multiprocessing with 9 workers
2025-09-17 20:36:44,335 - INFO - Fold 3 Summary:
2025-09-17 20:36:44,379 - INFO -   Best OOS Sharpe: M118 (3.077, p=0.000)
2025-09-17 20:36:44,388 - INFO -   Best Q-Hit_Rate:  M30 (0.583, OOS_Sharpe=0.270, OOS_Hit=0.575)
2025-09-17 20:36:44,392 - INFO -   Mean OOS Sharpe: 0.783, Mean Hit: 0.531
2025-09-17 20:36:44,392 - INFO - 
2025-09-17 20:36:46,853 - INFO - Stored 150 trained models for production export
2025-09-17 20:36:46,890 - INFO - Processing Fold 4/13
2025-09-17 20:36:48,456 - INFO -   Using multiprocessing with 9 workers
2025-09-17 20:45:00,420 - INFO - Fold 4 Summary:
2025-09-17 20:45:00,435 - INFO -   Best OOS Sharpe: M139 (3.477, p=0.000)
2025-09-17 20:45:00,435 - INFO -   Best Q-Hit_Rate:  M73 (0.580, OOS_Sharpe=2.951, OOS_Hit=0.580)
2025-09-17 20:45:00,435 - INFO -   Mean OOS Sharpe: 1.159, Mean Hit: 0.516
2025-09-17 20:45:00,435 - INFO - 
2025-09-17 20:45:00,687 - INFO - Stored 150 trained models for production export
2025-09-17 20:45:00,688 - INFO - Processing Fold 5/13
2025-09-17 20:45:00,728 - INFO -   Using multiprocessing with 9 workers
2025-09-17 20:53:31,510 - INFO - Fold 5 Summary:
2025-09-17 20:53:31,520 - INFO -   Best OOS Sharpe: M49 (2.869, p=0.000)
2025-09-17 20:53:31,520 - INFO -   Best Q-Hit_Rate:  M73 (0.578, OOS_Sharpe=1.396, OOS_Hit=0.558)
2025-09-17 20:53:31,520 - INFO -   Mean OOS Sharpe: 0.473, Mean Hit: 0.541
2025-09-17 20:53:31,520 - INFO - 
2025-09-17 20:53:31,645 - INFO - Stored 150 trained models for production export
2025-09-17 20:53:31,645 - INFO - Processing Fold 6/13
2025-09-17 20:53:31,728 - INFO -   Using multiprocessing with 9 workers
2025-09-17 21:03:08,690 - INFO - Fold 6 Summary:
2025-09-17 21:03:08,697 - INFO -   Best OOS Sharpe: M92 (2.690, p=0.020)
2025-09-17 21:03:08,697 - INFO -   Best Q-Hit_Rate:  M30 (0.572, OOS_Sharpe=1.578, OOS_Hit=0.547)
2025-09-17 21:03:08,697 - INFO -   Mean OOS Sharpe: 0.851, Mean Hit: 0.523
2025-09-17 21:03:08,697 - INFO - 
2025-09-17 21:03:08,750 - INFO - Stored 150 trained models for production export
2025-09-17 21:03:08,750 - INFO - Processing Fold 7/13
2025-09-17 21:03:08,812 - INFO -   Using multiprocessing with 9 workers
2025-09-17 21:11:09,307 - INFO - Fold 7 Summary:
2025-09-17 21:11:09,327 - INFO -   Best OOS Sharpe: M72 (3.506, p=0.020)
2025-09-17 21:11:09,328 - INFO -   Best Q-Hit_Rate:  M30 (0.567, OOS_Sharpe=1.404, OOS_Hit=0.519)
2025-09-17 21:11:09,328 - INFO -   Mean OOS Sharpe: 1.119, Mean Hit: 0.528
2025-09-17 21:11:09,328 - INFO - 
2025-09-17 21:11:09,473 - INFO - Stored 150 trained models for production export
2025-09-17 21:11:09,475 - INFO - Processing Fold 8/13
2025-09-17 21:11:09,569 - INFO -   Using multiprocessing with 9 workers
2025-09-17 21:19:22,890 - INFO - Fold 8 Summary:
2025-09-17 21:19:22,903 - INFO -   Best OOS Sharpe: M140 (3.749, p=0.000)
2025-09-17 21:19:22,903 - INFO -   Best Q-Hit_Rate:  M30 (0.564, OOS_Sharpe=1.938, OOS_Hit=0.536)
2025-09-17 21:19:22,903 - INFO -   Mean OOS Sharpe: 1.439, Mean Hit: 0.519
2025-09-17 21:19:22,903 - INFO - 
2025-09-17 21:19:22,961 - INFO - Stored 150 trained models for production export
2025-09-17 21:19:22,962 - INFO - Processing Fold 9/13
2025-09-17 21:19:23,010 - INFO -   Using multiprocessing with 9 workers
2025-09-17 21:25:53,155 - INFO - Fold 9 Summary:
2025-09-17 21:25:53,160 - INFO -   Best OOS Sharpe: M98 (2.944, p=0.000)
2025-09-17 21:25:53,161 - INFO -   Best Q-Hit_Rate:  M30 (0.558, OOS_Sharpe=0.945, OOS_Hit=0.508)
2025-09-17 21:25:53,161 - INFO -   Mean OOS Sharpe: 0.785, Mean Hit: 0.496
2025-09-17 21:25:53,161 - INFO - 
2025-09-17 21:25:53,221 - INFO - Stored 150 trained models for production export
2025-09-17 21:25:53,222 - INFO - Processing Fold 10/13
2025-09-17 21:25:53,272 - INFO -   Using multiprocessing with 9 workers
2025-09-17 21:32:37,796 - INFO - Fold 10 Summary:
2025-09-17 21:32:37,799 - INFO -   Best OOS Sharpe: M143 (4.307, p=0.000)
2025-09-17 21:32:37,799 - INFO -   Best Q-Hit_Rate:  M30 (0.561, OOS_Sharpe=3.237, OOS_Hit=0.586)
2025-09-17 21:32:37,799 - INFO -   Mean OOS Sharpe: 2.161, Mean Hit: 0.560
2025-09-17 21:32:37,799 - INFO - 
2025-09-17 21:32:37,861 - INFO - Stored 150 trained models for production export
2025-09-17 21:32:37,863 - INFO - Processing Fold 11/13
2025-09-17 21:32:37,915 - INFO -   Using multiprocessing with 9 workers
2025-09-17 21:36:30,162 - INFO - Fold 11 Summary:
2025-09-17 21:36:30,164 - INFO -   Best OOS Sharpe: M71 (3.288, p=0.000)
2025-09-17 21:36:30,164 - INFO -   Best Q-Hit_Rate:  M30 (0.561, OOS_Sharpe=-0.082, OOS_Hit=0.564)
2025-09-17 21:36:30,164 - INFO -   Mean OOS Sharpe: 0.644, Mean Hit: 0.535
2025-09-17 21:36:30,164 - INFO - 
2025-09-17 21:36:30,215 - INFO - Stored 150 trained models for production export
2025-09-17 21:36:30,216 - INFO - Processing Fold 12/13
2025-09-17 21:36:30,246 - INFO -   Using multiprocessing with 9 workers
2025-09-17 21:38:47,814 - INFO - Fold 12 Summary:
2025-09-17 21:38:47,818 - INFO -   Best OOS Sharpe: M41 (3.838, p=0.000)
2025-09-17 21:38:47,818 - INFO -   Best Q-Hit_Rate:  M30 (0.558, OOS_Sharpe=1.940, OOS_Hit=0.530)
2025-09-17 21:38:47,818 - INFO -   Mean OOS Sharpe: 1.270, Mean Hit: 0.519
2025-09-17 21:38:47,818 - INFO - 
2025-09-17 21:38:47,855 - INFO - Stored 150 trained models for production export
2025-09-17 21:38:47,855 - INFO - Processing Fold 13/13
2025-09-17 21:38:47,884 - INFO -   Using multiprocessing with 9 workers
2025-09-17 21:41:00,789 - INFO - Fold 13 Summary:
2025-09-17 21:41:00,790 - INFO -   Best OOS Sharpe: M39 (4.954, p=0.000)
2025-09-17 21:41:00,790 - INFO -   Best Q-Hit_Rate:  M30 (0.563, OOS_Sharpe=1.454, OOS_Hit=0.606)
2025-09-17 21:41:00,790 - INFO -   Mean OOS Sharpe: 2.249, Mean Hit: 0.580
2025-09-17 21:41:00,790 - INFO - 
2025-09-17 21:41:00,796 - INFO - Stored 150 trained models for production export
2025-09-17 21:41:00,796 - INFO - Starting full timeline backtesting...
2025-09-17 21:41:00,796 - INFO - Running full timeline backtest with 13 folds (0-based indexing)
2025-09-17 21:41:00,796 - INFO - Fold 0 skipped (no prior Q-score history for meaningful selection)
2025-09-17 21:41:00,796 - INFO - Effective backtest period: Folds 1-12 (12 folds)
2025-09-17 21:41:00,796 - INFO - Training period: Folds 1-7
2025-09-17 21:41:00,796 - INFO - Production period: Folds 8-12
2025-09-17 21:41:00,796 - INFO - Using consistent OOS methodology for all folds
2025-09-17 21:41:00,797 - INFO - Fold 0: Skipped (no prior Q-score history for meaningful selection)
2025-09-17 21:41:00,797 - INFO - 
--- Processing fold 1/12 ---
2025-09-17 21:41:00,824 - INFO - Fold 1: Q-scores from fold 0: ['M00:0.525', 'M01:0.536', 'M02:0.569', 'M03:0.508', 'M04:0.552']...
2025-09-17 21:41:00,825 - INFO - Fold 1: Selected models [108, 30, 76, 17, 73, 144, 104, 136] based on fold 0 Q-scores, avg Q-score: 0.593
2025-09-17 21:41:00,838 - INFO - Fold 1 (Training): Sharpe=0.697, Hit=45.6%
2025-09-17 21:41:00,839 - INFO - 
--- Processing fold 2/12 ---
2025-09-17 21:41:00,913 - INFO - Fold 2: Q-scores from fold 1: ['M00:0.520', 'M01:0.533', 'M02:0.565', 'M03:0.506', 'M04:0.544']...
2025-09-17 21:41:00,914 - INFO - Fold 2: Selected models [108, 144, 30, 136, 73, 76, 17, 91] based on fold 1 Q-scores, avg Q-score: 0.582
2025-09-17 21:41:00,926 - INFO - Fold 2 (Training): Sharpe=1.171, Hit=55.0%
2025-09-17 21:41:00,926 - INFO - 
--- Processing fold 3/12 ---
2025-09-17 21:41:00,956 - INFO - Fold 3: Q-scores from fold 2: ['M00:0.524', 'M01:0.530', 'M02:0.564', 'M03:0.507', 'M04:0.541']...
2025-09-17 21:41:00,956 - INFO - Fold 3: Selected models [30, 73, 108, 144, 136, 91, 76, 139] based on fold 2 Q-scores, avg Q-score: 0.576
2025-09-17 21:41:00,966 - INFO - Fold 3 (Training): Sharpe=1.865, Hit=54.4%
2025-09-17 21:41:00,966 - INFO - 
--- Processing fold 4/12 ---
2025-09-17 21:41:01,034 - INFO - Fold 4: Q-scores from fold 3: ['M00:0.525', 'M01:0.526', 'M02:0.559', 'M03:0.504', 'M04:0.541']...
2025-09-17 21:41:01,034 - INFO - Fold 4: Selected models [73, 30, 108, 139, 144, 136, 91, 33] based on fold 3 Q-scores, avg Q-score: 0.572
2025-09-17 21:41:01,046 - INFO - Fold 4 (Training): Sharpe=0.485, Hit=56.4%
2025-09-17 21:41:01,046 - INFO - 
--- Processing fold 5/12 ---
2025-09-17 21:41:01,093 - INFO - Fold 5: Q-scores from fold 4: ['M00:0.530', 'M01:0.526', 'M02:0.559', 'M03:0.508', 'M04:0.541']...
2025-09-17 21:41:01,093 - INFO - Fold 5: Selected models [73, 30, 108, 144, 76, 91, 33, 139] based on fold 4 Q-scores, avg Q-score: 0.569
2025-09-17 21:41:01,105 - INFO - Fold 5 (Training): Sharpe=0.417, Hit=48.8%
2025-09-17 21:41:01,105 - INFO - 
--- Processing fold 6/12 ---
2025-09-17 21:41:01,168 - INFO - Fold 6: Q-scores from fold 5: ['M00:0.525', 'M01:0.522', 'M02:0.557', 'M03:0.509', 'M04:0.540']...
2025-09-17 21:41:01,168 - INFO - Fold 6: Selected models [30, 73, 108, 91, 136, 104, 64, 139] based on fold 5 Q-scores, avg Q-score: 0.562
2025-09-17 21:41:01,182 - INFO - Fold 6 (Training): Sharpe=1.024, Hit=53.3%
2025-09-17 21:41:01,182 - INFO - 
--- Processing fold 7/12 ---
2025-09-17 21:41:01,224 - INFO - Fold 7: Q-scores from fold 6: ['M00:0.526', 'M01:0.525', 'M02:0.558', 'M03:0.508', 'M04:0.539']...
2025-09-17 21:41:01,224 - INFO - Fold 7: Selected models [30, 73, 108, 2, 91, 136, 76, 134] based on fold 6 Q-scores, avg Q-score: 0.559
2025-09-17 21:41:01,237 - INFO - Fold 7 (Training): Sharpe=1.528, Hit=52.2%
2025-09-17 21:41:01,237 - INFO - 
--- Processing fold 8/12 ---
2025-09-17 21:41:01,285 - INFO - Fold 8: Q-scores from fold 7: ['M00:0.521', 'M01:0.527', 'M02:0.550', 'M03:0.510', 'M04:0.540']...
2025-09-17 21:41:01,285 - INFO - Fold 8: Selected models [30, 73, 134, 76, 58, 136, 108, 64] based on fold 7 Q-scores, avg Q-score: 0.557
2025-09-17 21:41:01,295 - INFO - Fold 8 (Production): Sharpe=1.094, Hit=50.3%
2025-09-17 21:41:01,295 - INFO - 
--- Processing fold 9/12 ---
2025-09-17 21:41:01,349 - INFO - Fold 9: Q-scores from fold 8: ['M00:0.522', 'M01:0.524', 'M02:0.539', 'M03:0.513', 'M04:0.536']...
2025-09-17 21:41:01,349 - INFO - Fold 9: Selected models [30, 134, 73, 58, 76, 108, 136, 64] based on fold 8 Q-scores, avg Q-score: 0.551
2025-09-17 21:41:01,362 - INFO - Fold 9 (Production): Sharpe=3.040, Hit=59.0%
2025-09-17 21:41:01,362 - INFO - 
--- Processing fold 10/12 ---
2025-09-17 21:41:01,412 - INFO - Fold 10: Q-scores from fold 9: ['M00:0.525', 'M01:0.526', 'M02:0.537', 'M03:0.521', 'M04:0.535']...
2025-09-17 21:41:01,413 - INFO - Fold 10: Selected models [30, 134, 64, 73, 58, 76, 52, 136] based on fold 9 Q-scores, avg Q-score: 0.553
2025-09-17 21:41:01,421 - INFO - Fold 10 (Production): Sharpe=1.667, Hit=59.6%
2025-09-17 21:41:01,421 - INFO - 
--- Processing fold 11/12 ---
2025-09-17 21:41:01,461 - INFO - Fold 11: Q-scores from fold 10: ['M00:0.518', 'M01:0.520', 'M02:0.536', 'M03:0.525', 'M04:0.530']...
2025-09-17 21:41:01,461 - INFO - Fold 11: Selected models [30, 134, 73, 76, 64, 33, 104, 58] based on fold 10 Q-scores, avg Q-score: 0.552
2025-09-17 21:41:01,463 - INFO - Fold 11 (Production): Sharpe=2.370, Hit=54.6%
2025-09-17 21:41:01,464 - INFO - 
--- Processing fold 12/12 ---
2025-09-17 21:41:01,495 - INFO - Fold 12: Q-scores from fold 11: ['M00:0.523', 'M01:0.517', 'M02:0.536', 'M03:0.523', 'M04:0.524']...
2025-09-17 21:41:01,495 - INFO - Fold 12: Selected models [30, 76, 134, 52, 104, 73, 17, 58] based on fold 11 Q-scores, avg Q-score: 0.550
2025-09-17 21:41:01,497 - INFO - Fold 12 (Production): Sharpe=3.138, Hit=65.7%
2025-09-17 21:41:01,498 - INFO - Training Period Overall: Sharpe=0.892, Hit=52.2%
2025-09-17 21:41:01,499 - INFO - Production Period Overall: Sharpe=2.198, Hit=57.9%
2025-09-17 21:41:01,501 - INFO - Full Timeline Overall: Sharpe=1.456, Hit=54.6%
2025-09-17 21:41:01,501 - INFO - Training: Sharpe=0.892 | Hit=52.2% | Return=12.97%
2025-09-17 21:41:01,501 - INFO - Production: Sharpe=2.198 | Hit=57.9% | Return=33.72%
2025-09-17 21:41:01,501 - INFO - Full Timeline: Sharpe=1.456 | Hit=54.6% | Return=21.69%
2025-09-17 21:41:01,501 - INFO - Generating visualizations...
2025-09-17 21:41:01,501 - INFO - Creating clean visualizations for 150 models...
2025-09-17 21:41:05,725 - INFO - Clean fold-by-fold analysis saved to: 20250917_201818_fold_@ES#C_150models_15folds_ES6_deep_hit_rate_production_opt.png
2025-09-17 21:41:09,897 - INFO - Detailed production analysis saved to: 20250917_201818_backtest_@ES#C_150models_15folds_ES6_deep_hit_rate_production_opt.png
2025-09-17 21:41:09,898 - INFO - ================================================================================
2025-09-17 21:41:09,898 - INFO - BACKTEST SUMMARY
2025-09-17 21:41:09,898 - INFO - ================================================================================
2025-09-17 21:41:09,898 - INFO - Config: Cutoff=70%, Top N=5, Q-Metric=sharpe, Reselection=1 fold(s)
2025-09-17 21:41:09,898 - INFO - Model Selection History:
2025-09-17 21:41:09,898 - INFO -   Fold 1: M108, M30, M76, M17, M73, M144, M104, M136 (Avg Q-sharpe: 0.593)
2025-09-17 21:41:09,898 - INFO -   Fold 2: M108, M144, M30, M136, M73, M76, M17, M91 (Avg Q-sharpe: 0.582)
2025-09-17 21:41:09,898 - INFO -   Fold 3: M30, M73, M108, M144, M136, M91, M76, M139 (Avg Q-sharpe: 0.576)
2025-09-17 21:41:09,898 - INFO -   Fold 4: M73, M30, M108, M139, M144, M136, M91, M33 (Avg Q-sharpe: 0.572)
2025-09-17 21:41:09,898 - INFO -   Fold 5: M73, M30, M108, M144, M76, M91, M33, M139 (Avg Q-sharpe: 0.569)
2025-09-17 21:41:09,898 - INFO -   Fold 6: M30, M73, M108, M91, M136, M104, M64, M139 (Avg Q-sharpe: 0.562)
2025-09-17 21:41:09,898 - INFO -   Fold 7: M30, M73, M108, M02, M91, M136, M76, M134 (Avg Q-sharpe: 0.559)
2025-09-17 21:41:09,898 - INFO -   Fold 8: M30, M73, M134, M76, M58, M136, M108, M64 (Avg Q-sharpe: 0.557)
2025-09-17 21:41:09,898 - INFO -   Fold 9: M30, M134, M73, M58, M76, M108, M136, M64 (Avg Q-sharpe: 0.551)
2025-09-17 21:41:09,898 - INFO -   Fold 10: M30, M134, M64, M73, M58, M76, M52, M136 (Avg Q-sharpe: 0.553)
2025-09-17 21:41:09,898 - INFO -   Fold 11: M30, M134, M73, M76, M64, M33, M104, M58 (Avg Q-sharpe: 0.552)
2025-09-17 21:41:09,898 - INFO -   Fold 12: M30, M76, M134, M52, M104, M73, M17, M58 (Avg Q-sharpe: 0.550)
2025-09-17 21:41:09,898 - INFO - 
2025-09-17 21:41:09,898 - INFO - Fold-by-Fold Performance:
2025-09-17 21:41:09,898 - INFO -   Fold 1: M108, M30, M76, M17, M73, M144, M104, M136 | Sharpe=0.697 | Hit=45.6% | Samples=181
2025-09-17 21:41:09,898 - INFO -   Fold 2: M108, M144, M30, M136, M73, M76, M17, M91 | Sharpe=1.171 | Hit=55.0% | Samples=181
2025-09-17 21:41:09,898 - INFO -   Fold 3: M30, M73, M108, M144, M136, M91, M76, M139 | Sharpe=1.865 | Hit=54.4% | Samples=181
2025-09-17 21:41:09,898 - INFO -   Fold 4: M73, M30, M108, M139, M144, M136, M91, M33 | Sharpe=0.485 | Hit=56.4% | Samples=181
2025-09-17 21:41:09,899 - INFO -   Fold 5: M73, M30, M108, M144, M76, M91, M33, M139 | Sharpe=0.417 | Hit=48.8% | Samples=181
2025-09-17 21:41:09,899 - INFO -   Fold 6: M30, M73, M108, M91, M136, M104, M64, M139 | Sharpe=1.024 | Hit=53.3% | Samples=181
2025-09-17 21:41:09,899 - INFO -   Fold 7: M30, M73, M108, M02, M91, M136, M76, M134 | Sharpe=1.528 | Hit=52.2% | Samples=181
2025-09-17 21:41:09,899 - INFO -   Fold 8: M30, M73, M134, M76, M58, M136, M108, M64 | Sharpe=1.094 | Hit=50.3% | Samples=181
2025-09-17 21:41:09,899 - INFO -   Fold 9: M30, M134, M73, M58, M76, M108, M136, M64 | Sharpe=3.040 | Hit=59.0% | Samples=181
2025-09-17 21:41:09,899 - INFO -   Fold 10: M30, M134, M64, M73, M58, M76, M52, M136 | Sharpe=1.667 | Hit=59.6% | Samples=181
2025-09-17 21:41:09,899 - INFO -   Fold 11: M30, M134, M73, M76, M64, M33, M104, M58 | Sharpe=2.370 | Hit=54.6% | Samples=181
2025-09-17 21:41:09,899 - INFO -   Fold 12: M30, M76, M134, M52, M104, M73, M17, M58 | Sharpe=3.138 | Hit=65.7% | Samples=193
2025-09-17 21:41:09,899 - INFO - ================================================================================
2025-09-17 21:41:09,899 - INFO - ================================================================================
2025-09-17 21:41:09,899 - INFO - ANALYSIS COMPLETED SUCCESSFULLY!
2025-09-17 21:41:09,899 - INFO - ================================================================================
2025-09-17 21:41:09,899 - INFO - Generated 2 visualization files
2025-09-17 21:41:09,899 - INFO -   - 20250917_201818_fold_@ES#C_150models_15folds_ES6_deep_hit_rate_production_opt.png
2025-09-17 21:41:09,899 - INFO -   - 20250917_201818_backtest_@ES#C_150models_15folds_ES6_deep_hit_rate_production_opt.png
2025-09-17 21:41:09,899 - INFO - Training Final: Sharpe=0.892 | Hit=52.2% | Return=12.97% | CB=0.352
2025-09-17 21:41:09,899 - INFO - Production Final: Sharpe=2.198 | Hit=57.9% | Return=33.72% | CB=2.491
2025-09-17 21:41:09,899 - INFO - Full Timeline Final: Sharpe=1.456 | Hit=54.6% | Return=21.69% | CB=0.588
2025-09-17 21:41:09,899 - INFO - ============================================================
2025-09-17 21:41:09,899 - INFO - EXPORTING PRODUCTION MODELS (Consolidated File)
2025-09-17 21:41:09,899 - INFO - ============================================================
2025-09-17 21:41:09,899 - INFO - Backtest results keys: ['full_timeline_metrics', 'training_metrics', 'production_metrics', 'model_selection_history', 'fold_results', 'full_timeline_returns', 'training_returns', 'production_returns', 'full_timeline_predictions', 'full_timeline_dates', 'cutoff_fold', 'training_folds', 'production_folds']
2025-09-17 21:41:09,899 - INFO - Model selection history length: 12
2025-09-17 21:41:09,899 - INFO - Final selection keys: ['fold', 'selection_based_on_fold', 'selected_models', 'avg_q_score', 'period_type']
2025-09-17 21:41:09,899 - INFO - Final fold selected models: [30, 76, 134, 52, 104, 73, 17, 58]
2025-09-17 21:41:09,899 - INFO - All fold results type: <class 'dict'>
2025-09-17 21:41:09,900 - INFO - All fold results keys/length: ['fold_1', 'fold_2', 'fold_3', 'fold_4', 'fold_5', 'fold_6', 'fold_7', 'fold_8', 'fold_9', 'fold_10', 'fold_11', 'fold_12', 'fold_13']
2025-09-17 21:41:09,900 - INFO - Available fold indices: [0, 1, 2, 3, 4, 5, 6, 7, 8, 9, 10, 11, 12]
2025-09-17 21:41:09,900 - INFO - Using fold index 11 (key: fold_12) as production fold
2025-09-17 21:41:09,900 - INFO - Final fold keys: ['results_df', 'model_metrics', 'oos_predictions', 'test_idx', 'trained_models', 'model_specs']
2025-09-17 21:41:09,900 - INFO - Trained models available: [0, 1, 2, 3, 4, 5, 6, 7, 8, 9, 10, 11, 12, 13, 14, 15, 16, 17, 18, 19, 20, 21, 22, 23, 24, 25, 26, 27, 28, 29, 30, 31, 32, 33, 34, 35, 36, 37, 38, 39, 40, 41, 42, 43, 44, 45, 46, 47, 48, 49, 50, 51, 52, 53, 54, 55, 56, 57, 58, 59, 60, 61, 62, 63, 64, 65, 66, 67, 68, 69, 70, 71, 72, 73, 74, 75, 76, 77, 78, 79, 80, 81, 82, 83, 84, 85, 86, 87, 88, 89, 90, 91, 92, 93, 94, 95, 96, 97, 98, 99, 100, 101, 102, 103, 104, 105, 106, 107, 108, 109, 110, 111, 112, 113, 114, 115, 116, 117, 118, 119, 120, 121, 122, 123, 124, 125, 126, 127, 128, 129, 130, 131, 132, 133, 134, 135, 136, 137, 138, 139, 140, 141, 142, 143, 144, 145, 146, 147, 148, 149]
2025-09-17 21:41:09,900 - INFO - Added model M30 -> model_01 with all 100 features (framework standard)
2025-09-17 21:41:09,900 - INFO - Added model M76 -> model_02 with all 100 features (framework standard)
2025-09-17 21:41:09,900 - INFO - Added model M134 -> model_03 with all 100 features (framework standard)
2025-09-17 21:41:09,900 - INFO - Added model M52 -> model_04 with all 100 features (framework standard)
2025-09-17 21:41:09,900 - INFO - Added model M104 -> model_05 with all 100 features (framework standard)
2025-09-17 21:41:09,900 - INFO - Added model M73 -> model_06 with all 100 features (framework standard)
2025-09-17 21:41:09,900 - INFO - Added model M17 -> model_07 with all 100 features (framework standard)
2025-09-17 21:41:09,900 - INFO - Added model M58 -> model_08 with all 100 features (framework standard)
2025-09-17 21:41:09,900 - INFO - Extracted 8 selected models
2025-09-17 21:41:09,916 - INFO - SUCCESS: Exported 8 selected models to /Users/steven/Projects/SQ/bond_ls_xgb_grope_full_v6/PROD/models/@ES#C_20250917_201818.pkl
2025-09-17 21:41:09,916 - INFO - File size: 5,354,918 bytes
2025-09-17 21:41:09,916 - INFO - Selected features: 100 features
2025-09-17 21:41:09,916 - INFO - Selected models: [30, 76, 134, 52, 104, 73, 17, 58]
2025-09-17 21:41:09,916 - INFO - ============================================================
2025-09-17 21:41:09,916 - INFO - EXPORTING SIGNAL DISTRIBUTION
2025-09-17 21:41:09,916 - INFO - ============================================================
2025-09-17 21:41:09,916 - INFO - Timeline data: 2184 points
2025-09-17 21:41:09,953 - INFO - SUCCESS: Exported signal distribution to /Users/steven/Projects/SQ/bond_ls_xgb_grope_full_v6/xgb_compare/results/20250917_201818_signal_distribution_ES6_deep_hit_rate_production_opt.csv
2025-09-17 21:41:09,953 - INFO - Records: 2,184
2025-09-17 21:41:09,954 - INFO - Date range: 2017-02-09 12:00:00 to 2025-07-30 12:00:00
2025-09-17 21:41:09,954 - INFO - Signal directions: {1: 1314, -1: 661, 0: 209}
2025-09-17 21:41:09,954 - INFO - Signal range: -1.000000 to 1.000000
2025-09-17 21:41:09,954 - INFO - Hit rate: 0.502
2025-09-17 21:41:09,955 - INFO - Total PnL: 1.052011
