2025-09-03 17:16:23,522 - __main__ - INFO - \U0001f4c4 Loaded configuration from configs/individual_target_test.yaml
2025-09-03 17:16:23,522 - __main__ - INFO - \U0001f4c4 Using configuration: configs/individual_target_test.yaml
2025-09-03 17:16:23,522 - __main__ - INFO - \U0001f680 Starting XGB Ensemble Analysis
2025-09-03 17:16:23,522 - __main__ - INFO - \U0001f3af Target symbols: ['@TY#C']
2025-09-03 17:16:23,522 - __main__ - INFO - 
================================================================================
2025-09-03 17:16:23,522 - __main__ - INFO - \U0001f504 PROCESSING TARGET 1/1: @TY#C
2025-09-03 17:16:23,522 - __main__ - INFO - ================================================================================
2025-09-03 17:16:23,522 - __main__ - INFO - \U0001f504 Loading real market data for target: @TY#C
2025-09-03 17:16:23,522 - data.data_utils_simple - INFO - Preparing data for @TY#C, period 2020-07-01 to 2024-08-01
2025-09-03 17:16:23,648 - data.data_utils_simple - INFO - Loaded data for 10 symbols
C:\Users\zhang\Desktop\Steve\bond_ls_xgb_grope_full_v6\data\data_utils_simple.py:279: PerformanceWarning: DataFrame is highly fragmented.  This is usually the result of calling `frame.insert` many times, which has poor performance.  Consider joining all columns at once using pd.concat(axis=1) instead. To get a de-fragmented frame, use `newframe = frame.copy()`
  df[target_col] = target_returns.reindex(df.index)
2025-09-03 17:16:24,368 - data.data_utils_simple - INFO - Cleaning data: (1057, 523)
2025-09-03 17:16:24,570 - data.data_utils_simple - INFO - Cleaned data: (1057, 523) (dropped 0 features)
2025-09-03 17:16:24,573 - data.data_utils_simple - INFO - Final dataset: (1057, 523), target mean=-0.000249, target std=0.003829
2025-09-03 17:16:24,582 - __main__ - INFO - \u2705 Loaded data: X shape (1057, 522), y shape (1057,)
2025-09-03 17:16:24,582 - __main__ - INFO - \U0001f4c5 Date range: 2020-07-01 12:00:00 to 2024-07-31 12:00:00
2025-09-03 17:16:24,582 - __main__ - INFO - Loaded real data: X shape (1057, 522), y shape (1057,)
2025-09-03 17:16:24,582 - __main__ - INFO - Date range: 2020-07-01 12:00:00 to 2024-07-31 12:00:00
2025-09-03 17:16:24,582 - __main__ - INFO - Using CLI specified feature count: 50
2025-09-03 17:16:24,582 - __main__ - INFO - Applying smart block-wise feature selection: 522 -> 50 features
2025-09-03 17:16:24,582 - model.feature_selection - INFO - Smart block-wise selection: 522 -> blocks of 100 -> local clustering -> global deduplication
2025-09-03 17:16:24,583 - model.feature_selection - INFO - Processing block 1/6: 100 features
2025-09-03 17:16:25,051 - model.feature_selection - INFO - Block 100: Selected 15 features (best: 0.0751)
2025-09-03 17:16:25,051 - model.feature_selection - INFO - Processing block 2/6: 100 features
2025-09-03 17:16:25,572 - model.feature_selection - INFO - Block 100: Selected 15 features (best: 0.0696)
2025-09-03 17:16:25,572 - model.feature_selection - INFO - Processing block 3/6: 100 features
2025-09-03 17:16:26,055 - model.feature_selection - INFO - Block 100: Selected 15 features (best: 0.0697)
2025-09-03 17:16:26,055 - model.feature_selection - INFO - Processing block 4/6: 100 features
2025-09-03 17:16:26,700 - model.feature_selection - INFO - Block 100: Selected 15 features (best: 0.0702)
2025-09-03 17:16:26,700 - model.feature_selection - INFO - Processing block 5/6: 100 features
2025-09-03 17:16:27,231 - model.feature_selection - INFO - Block 100: Selected 15 features (best: 0.0732)
2025-09-03 17:16:27,231 - model.feature_selection - INFO - Processing block 6/6: 22 features
2025-09-03 17:16:27,354 - model.feature_selection - INFO - Block 22: Selected 10 features (best: 0.0578)
2025-09-03 17:16:27,354 - model.feature_selection - INFO - Global deduplication: 85 candidates -> removing cross-block correlations
2025-09-03 17:16:27,543 - model.feature_selection - INFO - \u2705 Smart block-wise selection complete: 50 features selected
2025-09-03 17:16:27,543 - model.feature_selection - INFO -    Local clustering: 0.7, Global clustering: 0.7
2025-09-03 17:16:27,544 - __main__ - INFO - Feature selection complete: (1057, 50)
2025-09-03 17:16:27,544 - __main__ - INFO - Using 6-fold walk-forward cross-validation
2025-09-03 17:16:27,544 - __main__ - INFO - Using standard XGBoost architecture with 75 models
2025-09-03 17:16:27,741 - __main__ - INFO - [Fold 0] Training data: X_tr(252, 50), y_tr(252,)
2025-09-03 17:16:27,741 - __main__ - INFO - [Fold 0] Target stats: mean=-0.000172, std=0.002027
2025-09-03 17:16:27,743 - __main__ - INFO - [Fold 0] Feature stats: 227.572313 total magnitude
C:\Users\zhang\anaconda3\Lib\site-packages\xgboost\core.py:729: UserWarning: [17:16:28] WARNING: C:\actions-runner\_work\xgboost\xgboost\src\common\error_msg.cc:58: Falling back to prediction using DMatrix due to mismatched devices. This might lead to higher memory usage and slower performance. XGBoost is running on: cuda:0, while the input data is on: cpu.
Potential solutions:
- Use a data structure that matches the device ordinal in the booster.
- Set the device for booster before call to inplace_predict.

This warning will only be shown once.

  return func(**kwargs)
2025-09-03 17:17:38,482 - __main__ - INFO - Fold 0 XGBoost predictions: train_preds count=75, test_preds count=75
2025-09-03 17:17:38,482 - __main__ - INFO - Fold 0 test prediction stats: model_0: mean=-0.000219, std=0.001346, range=[-0.004723, 0.003439]; model_1: mean=-0.000272, std=0.001806, range=[-0.007919, 0.005735]; model_2: mean=-0.000218, std=0.000872, range=[-0.003203, 0.002066]
2025-09-03 17:17:39,816 - __main__ - INFO - Fold 0: Selected 12 models, weights: ['0.000', '0.000', '0.000', '0.010', '0.000', '0.218', '0.001', '0.182', '0.218', '0.218', '0.000', '0.155'], tau: 0.200
2025-09-03 17:17:39,816 - __main__ - INFO - Fold 0 individual test signals: count=12, lengths=[176, 176, 176], magnitudes=[96.69362468064642, 93.95521299463309, 95.31762487851748]
2025-09-03 17:17:39,817 - __main__ - INFO - Fold 0 signal stats: mean=-0.078170, std=0.612632, sum=-13.757955, magnitude=93.356565
2025-09-03 17:17:39,818 - __main__ - INFO - [Fold 1] Training data: X_tr(252, 50), y_tr(252,)
2025-09-03 17:17:39,818 - __main__ - INFO - [Fold 1] Target stats: mean=-0.000172, std=0.002027
2025-09-03 17:17:39,819 - __main__ - INFO - [Fold 1] Feature stats: 227.572313 total magnitude
2025-09-03 17:19:06,169 - __main__ - INFO - Fold 1 XGBoost predictions: train_preds count=75, test_preds count=75
2025-09-03 17:19:06,170 - __main__ - INFO - Fold 1 test prediction stats: model_0: mean=-0.000067, std=0.001136, range=[-0.004686, 0.003672]; model_1: mean=-0.000003, std=0.001456, range=[-0.005468, 0.004742]; model_2: mean=-0.000117, std=0.000812, range=[-0.002903, 0.001796]
2025-09-03 17:19:07,617 - __main__ - INFO - Fold 1: Selected 12 models, weights: ['0.003', '0.262', '0.067', '0.001', '0.002', '0.395', '0.000', '0.008', '0.000', '0.124', '0.002', '0.137'], tau: 0.507
2025-09-03 17:19:07,617 - __main__ - INFO - Fold 1 individual test signals: count=12, lengths=[176, 176, 176], magnitudes=[81.37841953631202, 78.39319144576393, 78.9539581796046]
2025-09-03 17:19:07,618 - __main__ - INFO - Fold 1 signal stats: mean=-0.008024, std=0.473503, sum=-1.412240, magnitude=67.997407
2025-09-03 17:19:07,618 - __main__ - INFO - [Fold 2] Training data: X_tr(352, 50), y_tr(352,)
2025-09-03 17:19:07,618 - __main__ - INFO - [Fold 2] Target stats: mean=-0.000131, std=0.002098
2025-09-03 17:19:07,619 - __main__ - INFO - [Fold 2] Feature stats: 226.920644 total magnitude
2025-09-03 17:20:21,182 - __main__ - INFO - Fold 2 XGBoost predictions: train_preds count=75, test_preds count=75
2025-09-03 17:20:21,183 - __main__ - INFO - Fold 2 test prediction stats: model_0: mean=-0.000438, std=0.000980, range=[-0.003168, 0.002228]; model_1: mean=-0.000484, std=0.001395, range=[-0.003752, 0.002741]; model_2: mean=-0.000259, std=0.000806, range=[-0.002633, 0.002022]
2025-09-03 17:20:22,613 - __main__ - INFO - Fold 2: Selected 12 models, weights: ['0.405', '0.000', '0.000', '0.299', '0.009', '0.001', '0.000', '0.000', '0.123', '0.149', '0.000', '0.012'], tau: 0.214
2025-09-03 17:20:22,613 - __main__ - INFO - Fold 2 individual test signals: count=12, lengths=[176, 176, 176], magnitudes=[91.05142147210461, 80.94865421484835, 94.39294803425437]
2025-09-03 17:20:22,614 - __main__ - INFO - Fold 2 signal stats: mean=-0.055642, std=0.470326, sum=-9.793036, magnitude=67.857234
2025-09-03 17:20:22,614 - __main__ - INFO - [Fold 3] Training data: X_tr(528, 50), y_tr(528,)
2025-09-03 17:20:22,614 - __main__ - INFO - [Fold 3] Target stats: mean=-0.000327, std=0.003058
2025-09-03 17:20:22,615 - __main__ - INFO - [Fold 3] Feature stats: 223.479321 total magnitude
2025-09-03 17:21:46,917 - __main__ - INFO - Fold 3 XGBoost predictions: train_preds count=75, test_preds count=75
2025-09-03 17:21:46,917 - __main__ - INFO - Fold 3 test prediction stats: model_0: mean=-0.000554, std=0.001858, range=[-0.006111, 0.003348]; model_1: mean=-0.000792, std=0.002574, range=[-0.009669, 0.007561]; model_2: mean=-0.000789, std=0.001698, range=[-0.005894, 0.003829]
2025-09-03 17:21:48,461 - __main__ - INFO - Fold 3: Selected 12 models, weights: ['0.112', '0.012', '0.056', '0.166', '0.019', '0.099', '0.012', '0.071', '0.090', '0.200', '0.027', '0.136'], tau: 1.241
2025-09-03 17:21:48,461 - __main__ - INFO - Fold 3 individual test signals: count=12, lengths=[176, 176, 176], magnitudes=[88.02842555341732, 84.66052924888888, 96.93298448170874]
2025-09-03 17:21:48,462 - __main__ - INFO - Fold 3 signal stats: mean=-0.010216, std=0.467304, sum=-1.798099, magnitude=66.797033
2025-09-03 17:21:48,462 - __main__ - INFO - [Fold 4] Training data: X_tr(704, 50), y_tr(704,)
2025-09-03 17:21:48,462 - __main__ - INFO - [Fold 4] Target stats: mean=-0.000310, std=0.003725
2025-09-03 17:21:48,463 - __main__ - INFO - [Fold 4] Feature stats: 223.591866 total magnitude
2025-09-03 17:22:56,629 - __main__ - INFO - Fold 4 XGBoost predictions: train_preds count=75, test_preds count=75
2025-09-03 17:22:56,629 - __main__ - INFO - Fold 4 test prediction stats: model_0: mean=0.000135, std=0.002193, range=[-0.005909, 0.007194]; model_1: mean=-0.000341, std=0.002403, range=[-0.005841, 0.005723]; model_2: mean=-0.000213, std=0.001766, range=[-0.005164, 0.004631]
2025-09-03 17:22:58,614 - __main__ - INFO - Fold 4: Selected 12 models, weights: ['0.049', '0.116', '0.058', '0.124', '0.039', '0.039', '0.076', '0.044', '0.083', '0.039', '0.146', '0.188'], tau: 2.547
2025-09-03 17:22:58,614 - __main__ - INFO - Fold 4 individual test signals: count=12, lengths=[176, 176, 176], magnitudes=[88.11272186412015, 86.53792816076698, 87.26043408676594]
2025-09-03 17:22:58,615 - __main__ - INFO - Fold 4 signal stats: mean=-0.042286, std=0.377037, sum=-7.442329, magnitude=53.927472
2025-09-03 17:22:58,615 - __main__ - INFO - [Fold 5] Training data: X_tr(880, 50), y_tr(880,)
2025-09-03 17:22:58,615 - __main__ - INFO - [Fold 5] Target stats: mean=-0.000315, std=0.003836
2025-09-03 17:22:58,616 - __main__ - INFO - [Fold 5] Feature stats: 222.809072 total magnitude
2025-09-03 17:23:30,872 - __main__ - INFO - Fold 5 XGBoost predictions: train_preds count=75, test_preds count=75
2025-09-03 17:23:30,873 - __main__ - INFO - Fold 5 test prediction stats: model_0: mean=-0.000330, std=0.001750, range=[-0.004536, 0.005419]; model_1: mean=-0.000419, std=0.002073, range=[-0.008931, 0.006483]; model_2: mean=-0.000262, std=0.001554, range=[-0.004248, 0.004933]
2025-09-03 17:23:32,932 - __main__ - INFO - Fold 5: Selected 12 models, weights: ['0.264', '0.120', '0.004', '0.135', '0.176', '0.003', '0.063', '0.029', '0.002', '0.172', '0.030', '0.003'], tau: 0.769
2025-09-03 17:23:32,932 - __main__ - INFO - Fold 5 individual test signals: count=12, lengths=[177, 177, 177], magnitudes=[87.93407475667624, 95.168491511986, 91.6219591521295]
2025-09-03 17:23:32,933 - __main__ - INFO - Fold 5 signal stats: mean=-0.067016, std=0.457450, sum=-11.861915, magnitude=68.772627
2025-09-03 17:23:32,933 - __main__ - INFO - \U0001f4cb Processing complete: 6 fold summaries created
2025-09-03 17:23:32,933 - __main__ - INFO - \U0001f4ca OOS signal magnitude: 418.7083373383
2025-09-03 17:23:32,933 - __main__ - INFO - OOS DAPY(hits): 47.44 | OOS IR: 0.42 | OOS hit-rate: 0.594
2025-09-03 17:23:32,961 - __main__ - INFO - Calculating comprehensive performance metrics...
2025-09-03 17:23:32,964 - metrics.performance_report - INFO - Performance summary saved to artifacts/performance_summary.csv
2025-09-03 17:23:32,970 - diagnostics.diagnostic_output - INFO - \U0001f4be Saved comprehensive diagnostics to artifacts/diagnostics/diagnostic_TYC_20250903_172332.json
2025-09-03 17:23:32,971 - diagnostics.diagnostic_output - INFO - \U0001f4c4 Saved diagnostic summary to artifacts/diagnostics/summary_TYC_20250903_172332.txt
2025-09-03 17:23:32,972 - __main__ - INFO - \u2705 Completed @TY#C
2025-09-03 17:23:32,973 - __main__ - INFO - 
================================================================================
2025-09-03 17:23:32,973 - __main__ - INFO - \U0001f4ca FINAL SUMMARY: 1/1 targets completed successfully
2025-09-03 17:23:32,973 - __main__ - INFO - ================================================================================
GPU acceleration enabled for XGBoost
OOS Shuffling p-value (DAPY): 0.0049751244 (obs=47.44)

==================================================
            OUT-OF-SAMPLE PERFORMANCE             
==================================================

RETURNS:
  Total Return:           5.05%
  Annualized Return:      1.20%
  Volatility:             2.88%
  Sharpe Ratio:            0.42

RISK:
  Max Drawdown:          -6.50%

ACCURACY:
  Win Rate:              47.78%
  Hit Rate:              47.78%
  Avg Win:               0.0012
  Avg Loss:             -0.0011

TRADES:
  Total Trades:            1057
  Winning Trades:           505
  Losing Trades:            479
==================================================
