2025-09-13 08:18:58,105 - INFO - ================================================================================
2025-09-13 08:18:58,105 - INFO - XGBoost Comparison Framework
2025-09-13 08:18:58,105 - INFO - ================================================================================
2025-09-13 08:18:58,105 - INFO - Configuration:
2025-09-13 08:18:58,105 - INFO -   Target Symbol: @TY#C
2025-09-13 08:18:58,106 - INFO -   Date Range: 2015-01-01 to 2025-08-01
2025-09-13 08:18:58,106 - INFO -   Models: 100, Type: standard
2025-09-13 08:18:58,106 - INFO -   Folds: 20
2025-09-13 08:18:58,106 - INFO -   Max Features: 250 (Limited)
2025-09-13 08:18:58,106 - INFO -   Feature Selection: Enabled
2025-09-13 08:18:58,106 - INFO -   Inner Val Fraction: 0.2
2025-09-13 08:18:58,106 - INFO -   EWMA Alpha: 0.1, Quality Halflife: 63 days
2025-09-13 08:18:58,106 - INFO -   Signal Type: Tanh Normalized
2025-09-13 08:18:58,107 - INFO -   Cross-validation: Expanding window
2025-09-13 08:18:58,107 - INFO -   Production: Cutoff=0.6, Top N=5, Q-Metric=hit_rate
2025-09-13 08:18:58,107 - INFO -   Reselection: Every 1 fold(s)
2025-09-13 08:18:58,107 - INFO - 
2025-09-13 08:19:13,297 - INFO - Dropped 4 rows due to NaN in target column @TY#C_target_return
2025-09-13 08:19:13,661 - INFO - Loaded: X=(2731, 1906), y=(2731,)
2025-09-13 08:19:51,146 - INFO - Selected 250 features (threshold: 0.7)
2025-09-13 08:19:51,161 - INFO - Selected: 250 features
2025-09-13 08:19:52,898 - INFO - GPU detection: CUDA GPU available and working
2025-09-13 08:19:52,898 - INFO - Processing mode: GPU sequential (GPU: True, Total models: 2000)
2025-09-13 08:19:54,036 - INFO - GPU detection: CUDA GPU available and working
2025-09-13 08:19:54,045 - INFO - Using expanding window
2025-09-13 08:19:54,045 - INFO - Starting analysis: 100 standard models x 18 folds
2025-09-13 08:19:54,045 - INFO - Processing Fold 1/18
2025-09-13 08:19:54,083 - INFO -   Using GPU sequential processing
2025-09-13 08:27:55,686 - INFO - Fold 1 Summary:
2025-09-13 08:27:55,687 - INFO -   Best OOS Sharpe: M26 (3.189, p=0.010)
2025-09-13 08:27:55,687 - INFO -   Best Q-Hit_Rate:  M12 (0.588, OOS_Sharpe=2.908, OOS_Hit=0.588)
2025-09-13 08:27:55,687 - INFO -   Mean OOS Sharpe: 0.390, Mean Hit: 0.492
2025-09-13 08:27:55,687 - INFO - 
2025-09-13 08:27:55,690 - INFO - Processing Fold 2/18
2025-09-13 08:27:55,697 - INFO -   Using GPU sequential processing
2025-09-13 08:37:32,423 - INFO - Fold 2 Summary:
2025-09-13 08:37:32,423 - INFO -   Best OOS Sharpe: M78 (4.789, p=0.000)
2025-09-13 08:37:32,423 - INFO -   Best Q-Hit_Rate:  M12 (0.576, OOS_Sharpe=-0.087, OOS_Hit=0.471)
2025-09-13 08:37:32,423 - INFO -   Mean OOS Sharpe: 1.436, Mean Hit: 0.541
2025-09-13 08:37:32,423 - INFO - 
2025-09-13 08:37:32,426 - INFO - Processing Fold 3/18
2025-09-13 08:37:32,433 - INFO -   Using GPU sequential processing
2025-09-13 08:47:43,171 - INFO - Fold 3 Summary:
2025-09-13 08:47:43,176 - INFO -   Best OOS Sharpe: M65 (2.447, p=0.080)
2025-09-13 08:47:43,176 - INFO -   Best Q-Hit_Rate:  M12 (0.570, OOS_Sharpe=-1.429, OOS_Hit=0.507)
2025-09-13 08:47:43,176 - INFO -   Mean OOS Sharpe: -0.045, Mean Hit: 0.520
2025-09-13 08:47:43,176 - INFO - 
2025-09-13 08:47:43,179 - INFO - Processing Fold 4/18
2025-09-13 08:47:43,384 - INFO -   Using GPU sequential processing
2025-09-13 08:58:30,212 - INFO - Fold 4 Summary:
2025-09-13 08:58:30,212 - INFO -   Best OOS Sharpe: M61 (4.384, p=0.010)
2025-09-13 08:58:30,212 - INFO -   Best Q-Hit_Rate:  M12 (0.573, OOS_Sharpe=2.378, OOS_Hit=0.603)
2025-09-13 08:58:30,212 - INFO -   Mean OOS Sharpe: 2.024, Mean Hit: 0.558
2025-09-13 08:58:30,212 - INFO - 
2025-09-13 08:58:30,215 - INFO - Processing Fold 5/18
2025-09-13 08:58:30,227 - INFO -   Using GPU sequential processing
2025-09-13 09:09:25,601 - INFO - Fold 5 Summary:
2025-09-13 09:09:25,602 - INFO -   Best OOS Sharpe: M03 (1.200, p=0.410)
2025-09-13 09:09:25,602 - INFO -   Best Q-Hit_Rate:  M12 (0.565, OOS_Sharpe=-1.100, OOS_Hit=0.493)
2025-09-13 09:09:25,602 - INFO -   Mean OOS Sharpe: -0.967, Mean Hit: 0.485
2025-09-13 09:09:25,602 - INFO - 
2025-09-13 09:09:25,605 - INFO - Processing Fold 6/18
2025-09-13 09:09:25,675 - INFO -   Using GPU sequential processing
2025-09-13 09:20:18,703 - INFO - Fold 6 Summary:
2025-09-13 09:20:18,703 - INFO -   Best OOS Sharpe: M95 (2.862, p=0.020)
2025-09-13 09:20:18,703 - INFO -   Best Q-Hit_Rate:  M12 (0.558, OOS_Sharpe=-0.583, OOS_Hit=0.500)
2025-09-13 09:20:18,703 - INFO -   Mean OOS Sharpe: 0.587, Mean Hit: 0.508
2025-09-13 09:20:18,703 - INFO - 
2025-09-13 09:20:18,727 - INFO - Processing Fold 7/18
2025-09-13 09:20:18,745 - INFO -   Using GPU sequential processing
2025-09-13 09:31:38,289 - INFO - Fold 7 Summary:
2025-09-13 09:31:38,289 - INFO -   Best OOS Sharpe: M71 (4.361, p=0.010)
2025-09-13 09:31:38,290 - INFO -   Best Q-Hit_Rate:  M12 (0.556, OOS_Sharpe=1.810, OOS_Hit=0.537)
2025-09-13 09:31:38,290 - INFO -   Mean OOS Sharpe: 2.228, Mean Hit: 0.559
2025-09-13 09:31:38,290 - INFO - 
2025-09-13 09:31:38,293 - INFO - Processing Fold 8/18
2025-09-13 09:31:38,315 - INFO -   Using GPU sequential processing
2025-09-13 09:43:20,810 - INFO - Fold 8 Summary:
2025-09-13 09:43:20,811 - INFO -   Best OOS Sharpe: M30 (3.295, p=0.010)
2025-09-13 09:43:20,811 - INFO -   Best Q-Hit_Rate:  M12 (0.555, OOS_Sharpe=1.352, OOS_Hit=0.544)
2025-09-13 09:43:20,811 - INFO -   Mean OOS Sharpe: 0.860, Mean Hit: 0.506
2025-09-13 09:43:20,811 - INFO - 
2025-09-13 09:43:20,910 - INFO - Processing Fold 9/18
2025-09-13 09:43:20,925 - INFO -   Using GPU sequential processing
2025-09-13 09:54:55,702 - INFO - Fold 9 Summary:
2025-09-13 09:54:55,702 - INFO -   Best OOS Sharpe: M55 (1.966, p=0.170)
2025-09-13 09:54:55,703 - INFO -   Best Q-Hit_Rate:  M12 (0.546, OOS_Sharpe=-0.558, OOS_Hit=0.463)
2025-09-13 09:54:55,703 - INFO -   Mean OOS Sharpe: -0.298, Mean Hit: 0.477
2025-09-13 09:54:55,703 - INFO - 
2025-09-13 09:54:55,705 - INFO - Processing Fold 10/18
2025-09-13 09:54:55,713 - INFO -   Using GPU sequential processing
2025-09-13 10:05:50,062 - INFO - Fold 10 Summary:
2025-09-13 10:05:50,063 - INFO -   Best OOS Sharpe: M28 (3.091, p=0.020)
2025-09-13 10:05:50,063 - INFO -   Best Q-Hit_Rate:  M12 (0.546, OOS_Sharpe=1.628, OOS_Hit=0.544)
2025-09-13 10:05:50,063 - INFO -   Mean OOS Sharpe: 0.825, Mean Hit: 0.524
2025-09-13 10:05:50,063 - INFO - 
2025-09-13 10:05:50,067 - INFO - Processing Fold 11/18
2025-09-13 10:05:50,076 - INFO -   Using GPU sequential processing
2025-09-13 10:16:30,770 - INFO - Fold 11 Summary:
2025-09-13 10:16:30,770 - INFO -   Best OOS Sharpe: M13 (4.199, p=0.010)
2025-09-13 10:16:30,770 - INFO -   Best Q-Hit_Rate:  M12 (0.542, OOS_Sharpe=0.687, OOS_Hit=0.507)
2025-09-13 10:16:30,770 - INFO -   Mean OOS Sharpe: 1.603, Mean Hit: 0.536
2025-09-13 10:16:30,770 - INFO - 
2025-09-13 10:16:30,774 - INFO - Processing Fold 12/18
2025-09-13 10:16:30,783 - INFO -   Using GPU sequential processing
2025-09-13 10:26:17,520 - INFO - Fold 12 Summary:
2025-09-13 10:26:17,523 - INFO -   Best OOS Sharpe: M85 (3.425, p=0.000)
2025-09-13 10:26:17,523 - INFO -   Best Q-Hit_Rate:  M19 (0.538, OOS_Sharpe=2.204, OOS_Hit=0.515)
2025-09-13 10:26:17,524 - INFO -   Mean OOS Sharpe: 1.335, Mean Hit: 0.508
2025-09-13 10:26:17,524 - INFO - 
2025-09-13 10:26:17,528 - INFO - Processing Fold 13/18
2025-09-13 10:26:17,614 - INFO -   Using GPU sequential processing
2025-09-13 10:36:18,761 - INFO - Fold 13 Summary:
2025-09-13 10:36:18,761 - INFO -   Best OOS Sharpe: M09 (3.606, p=0.020)
2025-09-13 10:36:18,761 - INFO -   Best Q-Hit_Rate:  M19 (0.536, OOS_Sharpe=1.461, OOS_Hit=0.522)
2025-09-13 10:36:18,761 - INFO -   Mean OOS Sharpe: 0.640, Mean Hit: 0.507
2025-09-13 10:36:18,818 - INFO - 
2025-09-13 10:36:18,829 - INFO - Processing Fold 14/18
2025-09-13 10:36:18,886 - INFO -   Using GPU sequential processing
2025-09-13 10:45:51,132 - INFO - Fold 14 Summary:
2025-09-13 10:45:51,133 - INFO -   Best OOS Sharpe: M39 (2.457, p=0.090)
2025-09-13 10:45:51,133 - INFO -   Best Q-Hit_Rate:  M84 (0.540, OOS_Sharpe=1.128, OOS_Hit=0.574)
2025-09-13 10:45:51,133 - INFO -   Mean OOS Sharpe: 0.368, Mean Hit: 0.505
2025-09-13 10:45:51,133 - INFO - 
2025-09-13 10:45:51,137 - INFO - Processing Fold 15/18
2025-09-13 10:45:51,146 - INFO -   Using GPU sequential processing
2025-09-13 10:52:46,511 - INFO - Fold 15 Summary:
2025-09-13 10:52:46,511 - INFO -   Best OOS Sharpe: M44 (4.354, p=0.000)
2025-09-13 10:52:46,511 - INFO -   Best Q-Hit_Rate:  M84 (0.543, OOS_Sharpe=2.126, OOS_Hit=0.574)
2025-09-13 10:52:46,512 - INFO -   Mean OOS Sharpe: 1.851, Mean Hit: 0.561
2025-09-13 10:52:46,512 - INFO - 
2025-09-13 10:52:46,514 - INFO - Processing Fold 16/18
2025-09-13 10:52:46,524 - INFO -   Using GPU sequential processing
2025-09-13 10:58:21,555 - INFO - Fold 16 Summary:
2025-09-13 10:58:21,555 - INFO -   Best OOS Sharpe: M97 (5.641, p=0.000)
2025-09-13 10:58:21,555 - INFO -   Best Q-Hit_Rate:  M19 (0.541, OOS_Sharpe=4.123, OOS_Hit=0.566)
2025-09-13 10:58:21,555 - INFO -   Mean OOS Sharpe: 1.934, Mean Hit: 0.510
2025-09-13 10:58:21,555 - INFO - 
2025-09-13 10:58:21,560 - INFO - Processing Fold 17/18
2025-09-13 10:58:21,572 - INFO -   Using GPU sequential processing
2025-09-13 11:02:42,709 - INFO - Fold 17 Summary:
2025-09-13 11:02:42,709 - INFO -   Best OOS Sharpe: M06 (4.286, p=0.000)
2025-09-13 11:02:42,709 - INFO -   Best Q-Hit_Rate:  M84 (0.539, OOS_Sharpe=1.501, OOS_Hit=0.551)
2025-09-13 11:02:42,709 - INFO -   Mean OOS Sharpe: 1.375, Mean Hit: 0.511
2025-09-13 11:02:42,709 - INFO - 
2025-09-13 11:02:42,714 - INFO - Processing Fold 18/18
2025-09-13 11:02:42,783 - INFO -   Using GPU sequential processing
2025-09-13 11:07:14,920 - INFO - Fold 18 Summary:
2025-09-13 11:07:14,920 - INFO -   Best OOS Sharpe: M99 (3.532, p=0.010)
2025-09-13 11:07:14,920 - INFO -   Best Q-Hit_Rate:  M19 (0.539, OOS_Sharpe=2.055, OOS_Hit=0.544)
2025-09-13 11:07:14,920 - INFO -   Mean OOS Sharpe: 1.524, Mean Hit: 0.549
2025-09-13 11:07:14,920 - INFO - 
2025-09-13 11:07:14,926 - INFO - Starting full timeline backtesting...
2025-09-13 11:07:14,926 - INFO - Running full timeline backtest with 18 folds (0-based indexing)
2025-09-13 11:07:14,926 - INFO - Fold 0 skipped (no prior Q-score history for meaningful selection)
2025-09-13 11:07:14,926 - INFO - Effective backtest period: Folds 1-17 (17 folds)
2025-09-13 11:07:14,926 - INFO - Training period: Folds 1-10
2025-09-13 11:07:14,926 - INFO - Production period: Folds 11-17
2025-09-13 11:07:14,926 - INFO - Using consistent OOS methodology for all folds
2025-09-13 11:07:14,927 - INFO - Fold 0: Skipped (no prior Q-score history for meaningful selection)
2025-09-13 11:07:14,927 - INFO - 
--- Processing fold 1/17 ---
2025-09-13 11:07:14,952 - INFO - Fold 1: Q-scores from fold 0: ['M00:0.471', 'M01:0.426', 'M02:0.434', 'M03:0.529', 'M04:0.529']...
2025-09-13 11:07:14,952 - INFO - Fold 1: Selected models [12, 84, 28, 18, 6] based on fold 0 Q-scores, avg Q-score: 0.568
2025-09-13 11:07:14,954 - INFO - Fold 1 (Training): Sharpe=1.317, Hit=52.2%
2025-09-13 11:07:14,954 - INFO - 
--- Processing fold 2/17 ---
2025-09-13 11:07:14,977 - INFO - Fold 2: Q-scores from fold 1: ['M00:0.477', 'M01:0.443', 'M02:0.444', 'M03:0.533', 'M04:0.529']...
2025-09-13 11:07:14,977 - INFO - Fold 2: Selected models [12, 84, 28, 19, 6] based on fold 1 Q-scores, avg Q-score: 0.563
2025-09-13 11:07:14,978 - INFO - Fold 2 (Training): Sharpe=-1.661, Hit=48.5%
2025-09-13 11:07:14,978 - INFO - 
--- Processing fold 3/17 ---
2025-09-13 11:07:14,996 - INFO - Fold 3: Q-scores from fold 2: ['M00:0.473', 'M01:0.455', 'M02:0.454', 'M03:0.528', 'M04:0.529']...
2025-09-13 11:07:14,996 - INFO - Fold 3: Selected models [12, 84, 28, 19, 58] based on fold 2 Q-scores, avg Q-score: 0.556
2025-09-13 11:07:14,997 - INFO - Fold 3 (Training): Sharpe=3.034, Hit=58.8%
2025-09-13 11:07:14,997 - INFO - 
--- Processing fold 4/17 ---
2025-09-13 11:07:15,021 - INFO - Fold 4: Q-scores from fold 3: ['M00:0.479', 'M01:0.472', 'M02:0.461', 'M03:0.528', 'M04:0.529']...
2025-09-13 11:07:15,021 - INFO - Fold 4: Selected models [12, 84, 19, 28, 6] based on fold 3 Q-scores, avg Q-score: 0.556
2025-09-13 11:07:15,022 - INFO - Fold 4 (Training): Sharpe=-1.205, Hit=50.7%
2025-09-13 11:07:15,022 - INFO - 
--- Processing fold 5/17 ---
2025-09-13 11:07:15,041 - INFO - Fold 5: Q-scores from fold 4: ['M00:0.482', 'M01:0.468', 'M02:0.459', 'M03:0.527', 'M04:0.527']...
2025-09-13 11:07:15,041 - INFO - Fold 5: Selected models [12, 84, 19, 18, 6] based on fold 4 Q-scores, avg Q-score: 0.550
2025-09-13 11:07:15,043 - INFO - Fold 5 (Training): Sharpe=-0.253, Hit=49.3%
2025-09-13 11:07:15,043 - INFO - 
--- Processing fold 6/17 ---
2025-09-13 11:07:15,062 - INFO - Fold 6: Q-scores from fold 5: ['M00:0.484', 'M01:0.478', 'M02:0.467', 'M03:0.513', 'M04:0.525']...
2025-09-13 11:07:15,062 - INFO - Fold 6: Selected models [12, 28, 58, 6, 19] based on fold 5 Q-scores, avg Q-score: 0.546
2025-09-13 11:07:15,063 - INFO - Fold 6 (Training): Sharpe=1.919, Hit=55.1%
2025-09-13 11:07:15,063 - INFO - 
--- Processing fold 7/17 ---
2025-09-13 11:07:15,081 - INFO - Fold 7: Q-scores from fold 6: ['M00:0.485', 'M01:0.485', 'M02:0.472', 'M03:0.514', 'M04:0.525']...
2025-09-13 11:07:15,081 - INFO - Fold 7: Selected models [12, 28, 84, 19, 58] based on fold 6 Q-scores, avg Q-score: 0.547
2025-09-13 11:07:15,082 - INFO - Fold 7 (Training): Sharpe=1.872, Hit=50.0%
2025-09-13 11:07:15,082 - INFO - 
--- Processing fold 8/17 ---
2025-09-13 11:07:15,100 - INFO - Fold 8: Q-scores from fold 7: ['M00:0.494', 'M01:0.485', 'M02:0.482', 'M03:0.511', 'M04:0.524']...
2025-09-13 11:07:15,100 - INFO - Fold 8: Selected models [12, 84, 19, 58, 28] based on fold 7 Q-scores, avg Q-score: 0.544
2025-09-13 11:07:15,101 - INFO - Fold 8 (Training): Sharpe=0.581, Hit=50.0%
2025-09-13 11:07:15,101 - INFO - 
--- Processing fold 9/17 ---
2025-09-13 11:07:15,119 - INFO - Fold 9: Q-scores from fold 8: ['M00:0.491', 'M01:0.481', 'M02:0.478', 'M03:0.509', 'M04:0.522']...
2025-09-13 11:07:15,120 - INFO - Fold 9: Selected models [12, 58, 19, 84, 40] based on fold 8 Q-scores, avg Q-score: 0.539
2025-09-13 11:07:15,120 - INFO - Fold 9 (Training): Sharpe=1.409, Hit=55.1%
2025-09-13 11:07:15,120 - INFO - 
--- Processing fold 10/17 ---
2025-09-13 11:07:15,138 - INFO - Fold 10: Q-scores from fold 9: ['M00:0.491', 'M01:0.485', 'M02:0.475', 'M03:0.506', 'M04:0.523']...
2025-09-13 11:07:15,138 - INFO - Fold 10: Selected models [12, 19, 28, 58, 84] based on fold 9 Q-scores, avg Q-score: 0.539
2025-09-13 11:07:15,139 - INFO - Fold 10 (Training): Sharpe=2.029, Hit=52.2%
2025-09-13 11:07:15,139 - INFO - 
--- Processing fold 11/17 ---
2025-09-13 11:07:15,156 - INFO - Fold 11: Q-scores from fold 10: ['M00:0.495', 'M01:0.485', 'M02:0.476', 'M03:0.507', 'M04:0.531']...
2025-09-13 11:07:15,156 - INFO - Fold 11: Selected models [12, 19, 28, 58, 94] based on fold 10 Q-scores, avg Q-score: 0.538
2025-09-13 11:07:15,157 - INFO - Fold 11 (Production): Sharpe=1.794, Hit=49.3%
2025-09-13 11:07:15,157 - INFO - 
--- Processing fold 12/17 ---
2025-09-13 11:07:15,173 - INFO - Fold 12: Q-scores from fold 11: ['M00:0.491', 'M01:0.482', 'M02:0.474', 'M03:0.506', 'M04:0.531']...
2025-09-13 11:07:15,173 - INFO - Fold 12: Selected models [19, 12, 58, 94, 84] based on fold 11 Q-scores, avg Q-score: 0.536
2025-09-13 11:07:15,174 - INFO - Fold 12 (Production): Sharpe=0.565, Hit=51.5%
2025-09-13 11:07:15,174 - INFO - 
--- Processing fold 13/17 ---
2025-09-13 11:07:15,191 - INFO - Fold 13: Q-scores from fold 12: ['M00:0.490', 'M01:0.484', 'M02:0.476', 'M03:0.502', 'M04:0.524']...
2025-09-13 11:07:15,191 - INFO - Fold 13: Selected models [19, 84, 94, 75, 40] based on fold 12 Q-scores, avg Q-score: 0.533
2025-09-13 11:07:15,192 - INFO - Fold 13 (Production): Sharpe=1.519, Hit=52.2%
2025-09-13 11:07:15,192 - INFO - 
--- Processing fold 14/17 ---
2025-09-13 11:07:15,213 - INFO - Fold 14: Q-scores from fold 13: ['M00:0.494', 'M01:0.488', 'M02:0.478', 'M03:0.498', 'M04:0.519']...
2025-09-13 11:07:15,214 - INFO - Fold 14: Selected models [84, 19, 94, 30, 68] based on fold 13 Q-scores, avg Q-score: 0.532
2025-09-13 11:07:15,214 - INFO - Fold 14 (Production): Sharpe=2.536, Hit=63.2%
2025-09-13 11:07:15,214 - INFO - 
--- Processing fold 15/17 ---
2025-09-13 11:07:15,233 - INFO - Fold 15: Q-scores from fold 14: ['M00:0.500', 'M01:0.496', 'M02:0.483', 'M03:0.504', 'M04:0.518']...
2025-09-13 11:07:15,233 - INFO - Fold 15: Selected models [84, 19, 94, 40, 85] based on fold 14 Q-scores, avg Q-score: 0.538
2025-09-13 11:07:15,235 - INFO - Fold 15 (Production): Sharpe=1.930, Hit=50.7%
2025-09-13 11:07:15,235 - INFO - 
--- Processing fold 16/17 ---
2025-09-13 11:07:15,255 - INFO - Fold 16: Q-scores from fold 15: ['M00:0.505', 'M01:0.495', 'M02:0.491', 'M03:0.507', 'M04:0.514']...
2025-09-13 11:07:15,255 - INFO - Fold 16: Selected models [19, 84, 68, 85, 82] based on fold 15 Q-scores, avg Q-score: 0.537
2025-09-13 11:07:15,256 - INFO - Fold 16 (Production): Sharpe=2.392, Hit=51.5%
2025-09-13 11:07:15,256 - INFO - 
--- Processing fold 17/17 ---
2025-09-13 11:07:15,277 - INFO - Fold 17: Q-scores from fold 16: ['M00:0.510', 'M01:0.502', 'M02:0.489', 'M03:0.506', 'M04:0.516']...
2025-09-13 11:07:15,278 - INFO - Fold 17: Selected models [84, 19, 68, 30, 85] based on fold 16 Q-scores, avg Q-score: 0.535
2025-09-13 11:07:15,278 - INFO - Fold 17 (Production): Sharpe=1.424, Hit=52.4%
2025-09-13 11:07:15,279 - INFO - Training Period Overall: Sharpe=0.964, Hit=52.2%
2025-09-13 11:07:15,280 - INFO - Production Period Overall: Sharpe=1.653, Hit=53.0%
2025-09-13 11:07:15,281 - INFO - Full Timeline Overall: Sharpe=1.294, Hit=52.5%
2025-09-13 11:07:15,281 - INFO - Training: Sharpe=0.964 | Hit=52.2% | Return=1.76%
2025-09-13 11:07:15,281 - INFO - Production: Sharpe=1.653 | Hit=53.0% | Return=5.48%
2025-09-13 11:07:15,281 - INFO - Full Timeline: Sharpe=1.294 | Hit=52.5% | Return=3.30%
2025-09-13 11:07:15,281 - INFO - Generating visualizations...
2025-09-13 11:07:15,281 - INFO - Creating clean visualizations for 100 models...
2025-09-13 11:07:19,305 - INFO - Clean fold-by-fold analysis saved to: 20250913_081858_fold_@TY#C_100models_20folds_v2_H4.3_TY_250feat_20F.png
2025-09-13 11:07:22,087 - INFO - Detailed production analysis saved to: 20250913_081858_backtest_@TY#C_100models_20folds_v2_H4.3_TY_250feat_20F.png
2025-09-13 11:07:22,087 - INFO - ================================================================================
2025-09-13 11:07:22,088 - INFO - BACKTEST SUMMARY
2025-09-13 11:07:22,088 - INFO - ================================================================================
2025-09-13 11:07:22,088 - INFO - Config: Cutoff=70%, Top N=5, Q-Metric=sharpe, Reselection=1 fold(s)
2025-09-13 11:07:22,088 - INFO - Model Selection History:
2025-09-13 11:07:22,088 - INFO -   Fold 1: M12, M84, M28, M18, M06 (Avg Q-sharpe: 0.568)
2025-09-13 11:07:22,088 - INFO -   Fold 2: M12, M84, M28, M19, M06 (Avg Q-sharpe: 0.563)
2025-09-13 11:07:22,088 - INFO -   Fold 3: M12, M84, M28, M19, M58 (Avg Q-sharpe: 0.556)
2025-09-13 11:07:22,088 - INFO -   Fold 4: M12, M84, M19, M28, M06 (Avg Q-sharpe: 0.556)
2025-09-13 11:07:22,088 - INFO -   Fold 5: M12, M84, M19, M18, M06 (Avg Q-sharpe: 0.550)
2025-09-13 11:07:22,088 - INFO -   Fold 6: M12, M28, M58, M06, M19 (Avg Q-sharpe: 0.546)
2025-09-13 11:07:22,088 - INFO -   Fold 7: M12, M28, M84, M19, M58 (Avg Q-sharpe: 0.547)
2025-09-13 11:07:22,088 - INFO -   Fold 8: M12, M84, M19, M58, M28 (Avg Q-sharpe: 0.544)
2025-09-13 11:07:22,088 - INFO -   Fold 9: M12, M58, M19, M84, M40 (Avg Q-sharpe: 0.539)
2025-09-13 11:07:22,088 - INFO -   Fold 10: M12, M19, M28, M58, M84 (Avg Q-sharpe: 0.539)
2025-09-13 11:07:22,088 - INFO -   Fold 11: M12, M19, M28, M58, M94 (Avg Q-sharpe: 0.538)
2025-09-13 11:07:22,088 - INFO -   Fold 12: M19, M12, M58, M94, M84 (Avg Q-sharpe: 0.536)
2025-09-13 11:07:22,088 - INFO -   Fold 13: M19, M84, M94, M75, M40 (Avg Q-sharpe: 0.533)
2025-09-13 11:07:22,088 - INFO -   Fold 14: M84, M19, M94, M30, M68 (Avg Q-sharpe: 0.532)
2025-09-13 11:07:22,088 - INFO -   Fold 15: M84, M19, M94, M40, M85 (Avg Q-sharpe: 0.538)
2025-09-13 11:07:22,088 - INFO -   Fold 16: M19, M84, M68, M85, M82 (Avg Q-sharpe: 0.537)
2025-09-13 11:07:22,088 - INFO -   Fold 17: M84, M19, M68, M30, M85 (Avg Q-sharpe: 0.535)
2025-09-13 11:07:22,088 - INFO - 
2025-09-13 11:07:22,088 - INFO - Fold-by-Fold Performance:
2025-09-13 11:07:22,088 - INFO -   Fold 1: M12, M84, M28, M18, M06 | Sharpe=1.317 | Hit=52.2% | Samples=136
2025-09-13 11:07:22,088 - INFO -   Fold 2: M12, M84, M28, M19, M06 | Sharpe=-1.661 | Hit=48.5% | Samples=136
2025-09-13 11:07:22,088 - INFO -   Fold 3: M12, M84, M28, M19, M58 | Sharpe=3.034 | Hit=58.8% | Samples=136
2025-09-13 11:07:22,088 - INFO -   Fold 4: M12, M84, M19, M28, M06 | Sharpe=-1.205 | Hit=50.7% | Samples=136
2025-09-13 11:07:22,088 - INFO -   Fold 5: M12, M84, M19, M18, M06 | Sharpe=-0.253 | Hit=49.3% | Samples=136
2025-09-13 11:07:22,088 - INFO -   Fold 6: M12, M28, M58, M06, M19 | Sharpe=1.919 | Hit=55.1% | Samples=136
2025-09-13 11:07:22,088 - INFO -   Fold 7: M12, M28, M84, M19, M58 | Sharpe=1.872 | Hit=50.0% | Samples=136
2025-09-13 11:07:22,088 - INFO -   Fold 8: M12, M84, M19, M58, M28 | Sharpe=0.581 | Hit=50.0% | Samples=136
2025-09-13 11:07:22,088 - INFO -   Fold 9: M12, M58, M19, M84, M40 | Sharpe=1.409 | Hit=55.1% | Samples=136
2025-09-13 11:07:22,088 - INFO -   Fold 10: M12, M19, M28, M58, M84 | Sharpe=2.029 | Hit=52.2% | Samples=136
2025-09-13 11:07:22,088 - INFO -   Fold 11: M12, M19, M28, M58, M94 | Sharpe=1.794 | Hit=49.3% | Samples=136
2025-09-13 11:07:22,088 - INFO -   Fold 12: M19, M12, M58, M94, M84 | Sharpe=0.565 | Hit=51.5% | Samples=136
2025-09-13 11:07:22,088 - INFO -   Fold 13: M19, M84, M94, M75, M40 | Sharpe=1.519 | Hit=52.2% | Samples=136
2025-09-13 11:07:22,088 - INFO -   Fold 14: M84, M19, M94, M30, M68 | Sharpe=2.536 | Hit=63.2% | Samples=136
2025-09-13 11:07:22,088 - INFO -   Fold 15: M84, M19, M94, M40, M85 | Sharpe=1.930 | Hit=50.7% | Samples=136
2025-09-13 11:07:22,088 - INFO -   Fold 16: M19, M84, M68, M85, M82 | Sharpe=2.392 | Hit=51.5% | Samples=136
2025-09-13 11:07:22,088 - INFO -   Fold 17: M84, M19, M68, M30, M85 | Sharpe=1.424 | Hit=52.4% | Samples=147
2025-09-13 11:07:22,088 - INFO - ================================================================================
2025-09-13 11:07:22,088 - INFO - ================================================================================
2025-09-13 11:07:22,088 - INFO - ANALYSIS COMPLETED SUCCESSFULLY!
2025-09-13 11:07:22,088 - INFO - ================================================================================
2025-09-13 11:07:22,088 - INFO - Generated 2 visualization files
2025-09-13 11:07:22,088 - INFO -   - 20250913_081858_fold_@TY#C_100models_20folds_v2_H4.3_TY_250feat_20F.png
2025-09-13 11:07:22,089 - INFO -   - 20250913_081858_backtest_@TY#C_100models_20folds_v2_H4.3_TY_250feat_20F.png
2025-09-13 11:07:22,089 - INFO - Training Final: Sharpe=0.964 | Hit=52.2% | Return=1.76% | CB=0.620
2025-09-13 11:07:22,089 - INFO - Production Final: Sharpe=1.653 | Hit=53.0% | Return=5.48% | CB=2.280
2025-09-13 11:07:22,089 - INFO - Full Timeline Final: Sharpe=1.294 | Hit=52.5% | Return=3.30% | CB=1.164
