2025-09-13 08:20:02,455 - INFO - ================================================================================
2025-09-13 08:20:02,456 - INFO - XGBoost Comparison Framework
2025-09-13 08:20:02,456 - INFO - ================================================================================
2025-09-13 08:20:02,456 - INFO - Configuration:
2025-09-13 08:20:02,456 - INFO -   Target Symbol: @TY#C
2025-09-13 08:20:02,456 - INFO -   Date Range: 2015-01-01 to 2025-08-01
2025-09-13 08:20:02,456 - INFO -   Models: 100, Type: standard
2025-09-13 08:20:02,456 - INFO -   Folds: 20
2025-09-13 08:20:02,456 - INFO -   Max Features: -1 (Auto)
2025-09-13 08:20:02,456 - INFO -   Feature Selection: Enabled
2025-09-13 08:20:02,456 - INFO -   Inner Val Fraction: 0.2
2025-09-13 08:20:02,456 - INFO -   EWMA Alpha: 0.1, Quality Halflife: 63 days
2025-09-13 08:20:02,456 - INFO -   Signal Type: Tanh Normalized
2025-09-13 08:20:02,456 - INFO -   Cross-validation: Expanding window
2025-09-13 08:20:02,456 - INFO -   Production: Cutoff=0.6, Top N=5, Q-Metric=hit_rate
2025-09-13 08:20:02,457 - INFO -   Reselection: Every 1 fold(s)
2025-09-13 08:20:02,457 - INFO - 
2025-09-13 08:20:11,378 - INFO - Dropped 4 rows due to NaN in target column @TY#C_target_return
2025-09-13 08:20:11,610 - INFO - Loaded: X=(2731, 1906), y=(2731,)
2025-09-13 08:20:51,869 - INFO - Selected 754 features (threshold: 0.7)
2025-09-13 08:20:51,896 - INFO - Selected: 754 features
2025-09-13 08:20:53,419 - INFO - GPU detection: CUDA GPU available and working
2025-09-13 08:20:53,419 - INFO - Processing mode: GPU sequential (GPU: True, Total models: 2000)
2025-09-13 08:20:54,180 - INFO - GPU detection: CUDA GPU available and working
2025-09-13 08:20:54,182 - INFO - Using expanding window
2025-09-13 08:20:54,182 - INFO - Starting analysis: 100 standard models x 18 folds
2025-09-13 08:20:54,182 - INFO - Processing Fold 1/18
2025-09-13 08:20:54,261 - INFO -   Using GPU sequential processing
2025-09-13 08:25:43,375 - INFO - Fold 1 Summary:
2025-09-13 08:25:43,375 - INFO -   Best OOS Sharpe: M09 (3.935, p=0.000)
2025-09-13 08:25:43,376 - INFO -   Best Q-Hit_Rate:  M86 (0.596, OOS_Sharpe=3.104, OOS_Hit=0.596)
2025-09-13 08:25:43,376 - INFO -   Mean OOS Sharpe: 0.549, Mean Hit: 0.512
2025-09-13 08:25:43,376 - INFO - 
2025-09-13 08:25:43,380 - INFO - Processing Fold 2/18
2025-09-13 08:25:43,399 - INFO -   Using GPU sequential processing
2025-09-13 08:31:34,093 - INFO - Fold 2 Summary:
2025-09-13 08:31:34,093 - INFO -   Best OOS Sharpe: M15 (3.497, p=0.020)
2025-09-13 08:31:34,093 - INFO -   Best Q-Hit_Rate:  M86 (0.587, OOS_Sharpe=1.335, OOS_Hit=0.507)
2025-09-13 08:31:34,093 - INFO -   Mean OOS Sharpe: 0.825, Mean Hit: 0.525
2025-09-13 08:31:34,093 - INFO - 
2025-09-13 08:31:34,098 - INFO - Processing Fold 3/18
2025-09-13 08:31:34,118 - INFO -   Using GPU sequential processing
2025-09-13 08:37:18,174 - INFO - Fold 3 Summary:
2025-09-13 08:37:18,174 - INFO -   Best OOS Sharpe: M12 (2.616, p=0.070)
2025-09-13 08:37:18,174 - INFO -   Best Q-Hit_Rate:  M86 (0.577, OOS_Sharpe=0.699, OOS_Hit=0.493)
2025-09-13 08:37:18,174 - INFO -   Mean OOS Sharpe: -0.342, Mean Hit: 0.495
2025-09-13 08:37:18,174 - INFO - 
2025-09-13 08:37:18,179 - INFO - Processing Fold 4/18
2025-09-13 08:37:18,200 - INFO -   Using GPU sequential processing
2025-09-13 08:43:17,697 - INFO - Fold 4 Summary:
2025-09-13 08:43:17,697 - INFO -   Best OOS Sharpe: M96 (3.462, p=0.020)
2025-09-13 08:43:17,697 - INFO -   Best Q-Hit_Rate:  M86 (0.571, OOS_Sharpe=1.514, OOS_Hit=0.515)
2025-09-13 08:43:17,697 - INFO -   Mean OOS Sharpe: 1.305, Mean Hit: 0.542
2025-09-13 08:43:17,697 - INFO - 
2025-09-13 08:43:17,703 - INFO - Processing Fold 5/18
2025-09-13 08:43:17,724 - INFO -   Using GPU sequential processing
2025-09-13 08:49:19,597 - INFO - Fold 5 Summary:
2025-09-13 08:49:19,597 - INFO -   Best OOS Sharpe: M65 (0.776, p=0.540)
2025-09-13 08:49:19,597 - INFO -   Best Q-Hit_Rate:  M92 (0.556, OOS_Sharpe=-2.091, OOS_Hit=0.434)
2025-09-13 08:49:19,597 - INFO -   Mean OOS Sharpe: -1.552, Mean Hit: 0.456
2025-09-13 08:49:19,597 - INFO - 
2025-09-13 08:49:19,604 - INFO - Processing Fold 6/18
2025-09-13 08:49:19,627 - INFO -   Using GPU sequential processing
2025-09-13 08:55:33,847 - INFO - Fold 6 Summary:
2025-09-13 08:55:33,847 - INFO -   Best OOS Sharpe: M96 (2.308, p=0.140)
2025-09-13 08:55:33,847 - INFO -   Best Q-Hit_Rate:  M56 (0.551, OOS_Sharpe=1.416, OOS_Hit=0.515)
2025-09-13 08:55:33,847 - INFO -   Mean OOS Sharpe: 0.043, Mean Hit: 0.493
2025-09-13 08:55:33,847 - INFO - 
2025-09-13 08:55:33,853 - INFO - Processing Fold 7/18
2025-09-13 08:55:33,877 - INFO -   Using GPU sequential processing
2025-09-13 09:01:52,169 - INFO - Fold 7 Summary:
2025-09-13 09:01:52,169 - INFO -   Best OOS Sharpe: M21 (3.098, p=0.010)
2025-09-13 09:01:52,169 - INFO -   Best Q-Hit_Rate:  M86 (0.548, OOS_Sharpe=2.211, OOS_Hit=0.544)
2025-09-13 09:01:52,169 - INFO -   Mean OOS Sharpe: 1.114, Mean Hit: 0.524
2025-09-13 09:01:52,169 - INFO - 
2025-09-13 09:01:52,176 - INFO - Processing Fold 8/18
2025-09-13 09:01:52,268 - INFO -   Using GPU sequential processing
2025-09-13 09:08:22,147 - INFO - Fold 8 Summary:
2025-09-13 09:08:22,147 - INFO -   Best OOS Sharpe: M60 (3.309, p=0.010)
2025-09-13 09:08:22,147 - INFO -   Best Q-Hit_Rate:  M56 (0.549, OOS_Sharpe=1.526, OOS_Hit=0.566)
2025-09-13 09:08:22,148 - INFO -   Mean OOS Sharpe: 0.891, Mean Hit: 0.513
2025-09-13 09:08:22,148 - INFO - 
2025-09-13 09:08:22,155 - INFO - Processing Fold 9/18
2025-09-13 09:08:22,182 - INFO -   Using GPU sequential processing
2025-09-13 09:15:05,392 - INFO - Fold 9 Summary:
2025-09-13 09:15:05,392 - INFO -   Best OOS Sharpe: M04 (2.412, p=0.040)
2025-09-13 09:15:05,392 - INFO -   Best Q-Hit_Rate:  M58 (0.533, OOS_Sharpe=0.917, OOS_Hit=0.566)
2025-09-13 09:15:05,392 - INFO -   Mean OOS Sharpe: -1.157, Mean Hit: 0.459
2025-09-13 09:15:05,392 - INFO - 
2025-09-13 09:15:05,400 - INFO - Processing Fold 10/18
2025-09-13 09:15:05,426 - INFO -   Using GPU sequential processing
2025-09-13 09:21:32,679 - INFO - Fold 10 Summary:
2025-09-13 09:21:32,680 - INFO -   Best OOS Sharpe: M15 (4.021, p=0.000)
2025-09-13 09:21:32,680 - INFO -   Best Q-Hit_Rate:  M04 (0.535, OOS_Sharpe=0.744, OOS_Hit=0.566)
2025-09-13 09:21:32,680 - INFO -   Mean OOS Sharpe: 1.002, Mean Hit: 0.531
2025-09-13 09:21:32,680 - INFO - 
2025-09-13 09:21:32,687 - INFO - Processing Fold 11/18
2025-09-13 09:21:32,713 - INFO -   Using GPU sequential processing
2025-09-13 09:28:04,893 - INFO - Fold 11 Summary:
2025-09-13 09:28:04,893 - INFO -   Best OOS Sharpe: M97 (3.265, p=0.040)
2025-09-13 09:28:04,893 - INFO -   Best Q-Hit_Rate:  M06 (0.536, OOS_Sharpe=2.575, OOS_Hit=0.566)
2025-09-13 09:28:04,893 - INFO -   Mean OOS Sharpe: 0.972, Mean Hit: 0.506
2025-09-13 09:28:04,893 - INFO - 
2025-09-13 09:28:04,898 - INFO - Processing Fold 12/18
2025-09-13 09:28:04,988 - INFO -   Using GPU sequential processing
2025-09-13 09:34:33,102 - INFO - Fold 12 Summary:
2025-09-13 09:34:33,102 - INFO -   Best OOS Sharpe: M57 (3.766, p=0.010)
2025-09-13 09:34:33,102 - INFO -   Best Q-Hit_Rate:  M06 (0.534, OOS_Sharpe=2.880, OOS_Hit=0.522)
2025-09-13 09:34:33,102 - INFO -   Mean OOS Sharpe: 1.032, Mean Hit: 0.507
2025-09-13 09:34:33,102 - INFO - 
2025-09-13 09:34:33,110 - INFO - Processing Fold 13/18
2025-09-13 09:34:33,138 - INFO -   Using GPU sequential processing
2025-09-13 09:41:16,454 - INFO - Fold 13 Summary:
2025-09-13 09:41:16,454 - INFO -   Best OOS Sharpe: M19 (2.801, p=0.060)
2025-09-13 09:41:16,454 - INFO -   Best Q-Hit_Rate:  M58 (0.536, OOS_Sharpe=-0.209, OOS_Hit=0.581)
2025-09-13 09:41:16,454 - INFO -   Mean OOS Sharpe: 0.205, Mean Hit: 0.514
2025-09-13 09:41:16,454 - INFO - 
2025-09-13 09:41:16,463 - INFO - Processing Fold 14/18
2025-09-13 09:41:16,491 - INFO -   Using GPU sequential processing
2025-09-13 09:47:55,208 - INFO - Fold 14 Summary:
2025-09-13 09:47:55,208 - INFO -   Best OOS Sharpe: M41 (1.918, p=0.130)
2025-09-13 09:47:55,208 - INFO -   Best Q-Hit_Rate:  M19 (0.535, OOS_Sharpe=0.504, OOS_Hit=0.566)
2025-09-13 09:47:55,208 - INFO -   Mean OOS Sharpe: -0.085, Mean Hit: 0.494
2025-09-13 09:47:55,208 - INFO - 
2025-09-13 09:47:55,216 - INFO - Processing Fold 15/18
2025-09-13 09:47:55,245 - INFO -   Using GPU sequential processing
2025-09-13 09:54:33,816 - INFO - Fold 15 Summary:
2025-09-13 09:54:33,816 - INFO -   Best OOS Sharpe: M57 (2.754, p=0.040)
2025-09-13 09:54:33,816 - INFO -   Best Q-Hit_Rate:  M56 (0.544, OOS_Sharpe=1.263, OOS_Hit=0.632)
2025-09-13 09:54:33,816 - INFO -   Mean OOS Sharpe: 1.181, Mean Hit: 0.560
2025-09-13 09:54:33,816 - INFO - 
2025-09-13 09:54:33,826 - INFO - Processing Fold 16/18
2025-09-13 09:54:33,857 - INFO -   Using GPU sequential processing
2025-09-13 10:01:01,923 - INFO - Fold 16 Summary:
2025-09-13 10:01:01,923 - INFO -   Best OOS Sharpe: M44 (3.055, p=0.030)
2025-09-13 10:01:01,923 - INFO -   Best Q-Hit_Rate:  M56 (0.535, OOS_Sharpe=0.145, OOS_Hit=0.456)
2025-09-13 10:01:01,923 - INFO -   Mean OOS Sharpe: 0.213, Mean Hit: 0.484
2025-09-13 10:01:01,923 - INFO - 
2025-09-13 10:01:01,933 - INFO - Processing Fold 17/18
2025-09-13 10:01:01,964 - INFO -   Using GPU sequential processing
2025-09-13 10:07:39,941 - INFO - Fold 17 Summary:
2025-09-13 10:07:39,942 - INFO -   Best OOS Sharpe: M11 (3.577, p=0.020)
2025-09-13 10:07:39,942 - INFO -   Best Q-Hit_Rate:  M19 (0.530, OOS_Sharpe=2.172, OOS_Hit=0.500)
2025-09-13 10:07:39,942 - INFO -   Mean OOS Sharpe: 0.564, Mean Hit: 0.490
2025-09-13 10:07:39,942 - INFO - 
2025-09-13 10:07:39,952 - INFO - Processing Fold 18/18
2025-09-13 10:07:39,987 - INFO -   Using GPU sequential processing
2025-09-13 10:14:30,833 - INFO - Fold 18 Summary:
2025-09-13 10:14:30,833 - INFO -   Best OOS Sharpe: M21 (2.831, p=0.030)
2025-09-13 10:14:30,833 - INFO -   Best Q-Hit_Rate:  M09 (0.530, OOS_Sharpe=0.452, OOS_Hit=0.544)
2025-09-13 10:14:30,833 - INFO -   Mean OOS Sharpe: 0.283, Mean Hit: 0.515
2025-09-13 10:14:30,833 - INFO - 
2025-09-13 10:14:30,844 - INFO - Starting full timeline backtesting...
2025-09-13 10:14:30,844 - INFO - Running full timeline backtest with 18 folds (0-based indexing)
2025-09-13 10:14:30,844 - INFO - Fold 0 skipped (no prior Q-score history for meaningful selection)
2025-09-13 10:14:30,844 - INFO - Effective backtest period: Folds 1-17 (17 folds)
2025-09-13 10:14:30,844 - INFO - Training period: Folds 1-10
2025-09-13 10:14:30,844 - INFO - Production period: Folds 11-17
2025-09-13 10:14:30,844 - INFO - Using consistent OOS methodology for all folds
2025-09-13 10:14:30,845 - INFO - Fold 0: Skipped (no prior Q-score history for meaningful selection)
2025-09-13 10:14:30,845 - INFO - 
--- Processing fold 1/17 ---
2025-09-13 10:14:30,871 - INFO - Fold 1: Q-scores from fold 0: ['M00:0.493', 'M01:0.500', 'M02:0.485', 'M03:0.471', 'M04:0.559']...
2025-09-13 10:14:30,871 - INFO - Fold 1: Selected models [86, 9, 26, 92, 37] based on fold 0 Q-scores, avg Q-score: 0.582
2025-09-13 10:14:30,872 - INFO - Fold 1 (Training): Sharpe=1.680, Hit=52.9%
2025-09-13 10:14:30,872 - INFO - 
--- Processing fold 2/17 ---
2025-09-13 10:14:30,898 - INFO - Fold 2: Q-scores from fold 1: ['M00:0.496', 'M01:0.503', 'M02:0.491', 'M03:0.470', 'M04:0.553']...
2025-09-13 10:14:30,898 - INFO - Fold 2: Selected models [86, 92, 9, 56, 26] based on fold 1 Q-scores, avg Q-score: 0.576
2025-09-13 10:14:30,899 - INFO - Fold 2 (Training): Sharpe=0.419, Hit=52.9%
2025-09-13 10:14:30,899 - INFO - 
--- Processing fold 3/17 ---
2025-09-13 10:14:30,925 - INFO - Fold 3: Q-scores from fold 2: ['M00:0.493', 'M01:0.505', 'M02:0.490', 'M03:0.475', 'M04:0.554']...
2025-09-13 10:14:30,925 - INFO - Fold 3: Selected models [86, 92, 26, 56, 9] based on fold 2 Q-scores, avg Q-score: 0.570
2025-09-13 10:14:30,926 - INFO - Fold 3 (Training): Sharpe=1.011, Hit=54.4%
2025-09-13 10:14:30,926 - INFO - 
--- Processing fold 4/17 ---
2025-09-13 10:14:30,951 - INFO - Fold 4: Q-scores from fold 3: ['M00:0.494', 'M01:0.509', 'M02:0.488', 'M03:0.478', 'M04:0.552']...
2025-09-13 10:14:30,951 - INFO - Fold 4: Selected models [86, 92, 56, 37, 26] based on fold 3 Q-scores, avg Q-score: 0.565
2025-09-13 10:14:30,952 - INFO - Fold 4 (Training): Sharpe=-2.787, Hit=44.9%
2025-09-13 10:14:30,952 - INFO - 
--- Processing fold 5/17 ---
2025-09-13 10:14:30,978 - INFO - Fold 5: Q-scores from fold 4: ['M00:0.489', 'M01:0.503', 'M02:0.484', 'M03:0.478', 'M04:0.545']...
2025-09-13 10:14:30,978 - INFO - Fold 5: Selected models [92, 56, 86, 26, 9] based on fold 4 Q-scores, avg Q-score: 0.552
2025-09-13 10:14:30,979 - INFO - Fold 5 (Training): Sharpe=0.411, Hit=51.5%
2025-09-13 10:14:30,979 - INFO - 
--- Processing fold 6/17 ---
2025-09-13 10:14:31,005 - INFO - Fold 6: Q-scores from fold 5: ['M00:0.490', 'M01:0.500', 'M02:0.483', 'M03:0.484', 'M04:0.538']...
2025-09-13 10:14:31,006 - INFO - Fold 6: Selected models [56, 86, 92, 37, 9] based on fold 5 Q-scores, avg Q-score: 0.546
2025-09-13 10:14:31,007 - INFO - Fold 6 (Training): Sharpe=1.961, Hit=54.4%
2025-09-13 10:14:31,007 - INFO - 
--- Processing fold 7/17 ---
2025-09-13 10:14:31,033 - INFO - Fold 7: Q-scores from fold 6: ['M00:0.495', 'M01:0.507', 'M02:0.485', 'M03:0.486', 'M04:0.536']...
2025-09-13 10:14:31,033 - INFO - Fold 7: Selected models [86, 56, 92, 37, 9] based on fold 6 Q-scores, avg Q-score: 0.544
2025-09-13 10:14:31,034 - INFO - Fold 7 (Training): Sharpe=0.883, Hit=50.0%
2025-09-13 10:14:31,034 - INFO - 
--- Processing fold 8/17 ---
2025-09-13 10:14:31,060 - INFO - Fold 8: Q-scores from fold 7: ['M00:0.496', 'M01:0.508', 'M02:0.485', 'M03:0.491', 'M04:0.528']...
2025-09-13 10:14:31,060 - INFO - Fold 8: Selected models [56, 86, 9, 92, 37] based on fold 7 Q-scores, avg Q-score: 0.540
2025-09-13 10:14:31,062 - INFO - Fold 8 (Training): Sharpe=-3.168, Hit=36.0%
2025-09-13 10:14:31,062 - INFO - 
--- Processing fold 9/17 ---
2025-09-13 10:14:31,087 - INFO - Fold 9: Q-scores from fold 8: ['M00:0.490', 'M01:0.505', 'M02:0.488', 'M03:0.495', 'M04:0.532']...
2025-09-13 10:14:31,087 - INFO - Fold 9: Selected models [58, 6, 4, 26, 56] based on fold 8 Q-scores, avg Q-score: 0.532
2025-09-13 10:14:31,088 - INFO - Fold 9 (Training): Sharpe=1.434, Hit=55.1%
2025-09-13 10:14:31,088 - INFO - 
--- Processing fold 10/17 ---
2025-09-13 10:14:31,113 - INFO - Fold 10: Q-scores from fold 9: ['M00:0.496', 'M01:0.510', 'M02:0.489', 'M03:0.495', 'M04:0.535']...
2025-09-13 10:14:31,113 - INFO - Fold 10: Selected models [4, 58, 9, 56, 6] based on fold 9 Q-scores, avg Q-score: 0.534
2025-09-13 10:14:31,114 - INFO - Fold 10 (Training): Sharpe=1.931, Hit=53.7%
2025-09-13 10:14:31,114 - INFO - 
--- Processing fold 11/17 ---
2025-09-13 10:14:31,139 - INFO - Fold 11: Q-scores from fold 10: ['M00:0.499', 'M01:0.509', 'M02:0.485', 'M03:0.498', 'M04:0.527']...
2025-09-13 10:14:31,139 - INFO - Fold 11: Selected models [6, 56, 26, 58, 37] based on fold 10 Q-scores, avg Q-score: 0.533
2025-09-13 10:14:31,141 - INFO - Fold 11 (Production): Sharpe=1.806, Hit=52.2%
2025-09-13 10:14:31,141 - INFO - 
--- Processing fold 12/17 ---
2025-09-13 10:14:31,165 - INFO - Fold 12: Q-scores from fold 11: ['M00:0.496', 'M01:0.515', 'M02:0.485', 'M03:0.491', 'M04:0.526']...
2025-09-13 10:14:31,165 - INFO - Fold 12: Selected models [6, 56, 58, 92, 19] based on fold 11 Q-scores, avg Q-score: 0.531
2025-09-13 10:14:31,166 - INFO - Fold 12 (Production): Sharpe=1.007, Hit=53.7%
2025-09-13 10:14:31,166 - INFO - 
--- Processing fold 13/17 ---
2025-09-13 10:14:31,192 - INFO - Fold 13: Q-scores from fold 12: ['M00:0.495', 'M01:0.512', 'M02:0.485', 'M03:0.499', 'M04:0.521']...
2025-09-13 10:14:31,192 - INFO - Fold 13: Selected models [58, 56, 6, 19, 9] based on fold 12 Q-scores, avg Q-score: 0.533
2025-09-13 10:14:31,193 - INFO - Fold 13 (Production): Sharpe=0.293, Hit=53.7%
2025-09-13 10:14:31,194 - INFO - 
--- Processing fold 14/17 ---
2025-09-13 10:14:31,220 - INFO - Fold 14: Q-scores from fold 13: ['M00:0.491', 'M01:0.514', 'M02:0.497', 'M03:0.496', 'M04:0.520']...
2025-09-13 10:14:31,220 - INFO - Fold 14: Selected models [19, 56, 9, 58, 29] based on fold 13 Q-scores, avg Q-score: 0.532
2025-09-13 10:14:31,221 - INFO - Fold 14 (Production): Sharpe=1.561, Hit=58.8%
2025-09-13 10:14:31,222 - INFO - 
--- Processing fold 15/17 ---
2025-09-13 10:14:31,247 - INFO - Fold 15: Q-scores from fold 14: ['M00:0.497', 'M01:0.516', 'M02:0.500', 'M03:0.498', 'M04:0.524']...
2025-09-13 10:14:31,247 - INFO - Fold 15: Selected models [56, 19, 9, 58, 29] based on fold 14 Q-scores, avg Q-score: 0.537
2025-09-13 10:14:31,249 - INFO - Fold 15 (Production): Sharpe=-0.252, Hit=46.3%
2025-09-13 10:14:31,249 - INFO - 
--- Processing fold 16/17 ---
2025-09-13 10:14:31,274 - INFO - Fold 16: Q-scores from fold 15: ['M00:0.487', 'M01:0.511', 'M02:0.500', 'M03:0.499', 'M04:0.519']...
2025-09-13 10:14:31,275 - INFO - Fold 16: Selected models [56, 19, 92, 58, 9] based on fold 15 Q-scores, avg Q-score: 0.531
2025-09-13 10:14:31,276 - INFO - Fold 16 (Production): Sharpe=0.264, Hit=45.6%
2025-09-13 10:14:31,276 - INFO - 
--- Processing fold 17/17 ---
2025-09-13 10:14:31,301 - INFO - Fold 17: Q-scores from fold 16: ['M00:0.486', 'M01:0.508', 'M02:0.503', 'M03:0.499', 'M04:0.514']...
2025-09-13 10:14:31,301 - INFO - Fold 17: Selected models [19, 9, 11, 92, 38] based on fold 16 Q-scores, avg Q-score: 0.527
2025-09-13 10:14:31,302 - INFO - Fold 17 (Production): Sharpe=0.620, Hit=46.3%
2025-09-13 10:14:31,304 - INFO - Training Period Overall: Sharpe=0.549, Hit=50.6%
2025-09-13 10:14:31,305 - INFO - Production Period Overall: Sharpe=0.788, Hit=50.9%
2025-09-13 10:14:31,307 - INFO - Full Timeline Overall: Sharpe=0.656, Hit=50.7%
2025-09-13 10:14:31,307 - INFO - Training: Sharpe=0.549 | Hit=50.6% | Return=1.04%
2025-09-13 10:14:31,307 - INFO - Production: Sharpe=0.788 | Hit=50.9% | Return=2.54%
2025-09-13 10:14:31,307 - INFO - Full Timeline: Sharpe=0.656 | Hit=50.7% | Return=1.66%
2025-09-13 10:14:31,307 - INFO - Generating visualizations...
2025-09-13 10:14:31,307 - INFO - Creating clean visualizations for 100 models...
2025-09-13 10:14:36,290 - INFO - Clean fold-by-fold analysis saved to: 20250913_082002_fold_@TY#C_100models_20folds_v2_H4.4_TY_allfeat_20F.png
2025-09-13 10:14:39,342 - INFO - Detailed production analysis saved to: 20250913_082002_backtest_@TY#C_100models_20folds_v2_H4.4_TY_allfeat_20F.png
2025-09-13 10:14:39,342 - INFO - ================================================================================
2025-09-13 10:14:39,342 - INFO - BACKTEST SUMMARY
2025-09-13 10:14:39,342 - INFO - ================================================================================
2025-09-13 10:14:39,342 - INFO - Config: Cutoff=70%, Top N=5, Q-Metric=sharpe, Reselection=1 fold(s)
2025-09-13 10:14:39,342 - INFO - Model Selection History:
2025-09-13 10:14:39,342 - INFO -   Fold 1: M86, M09, M26, M92, M37 (Avg Q-sharpe: 0.582)
2025-09-13 10:14:39,342 - INFO -   Fold 2: M86, M92, M09, M56, M26 (Avg Q-sharpe: 0.576)
2025-09-13 10:14:39,342 - INFO -   Fold 3: M86, M92, M26, M56, M09 (Avg Q-sharpe: 0.570)
2025-09-13 10:14:39,342 - INFO -   Fold 4: M86, M92, M56, M37, M26 (Avg Q-sharpe: 0.565)
2025-09-13 10:14:39,342 - INFO -   Fold 5: M92, M56, M86, M26, M09 (Avg Q-sharpe: 0.552)
2025-09-13 10:14:39,342 - INFO -   Fold 6: M56, M86, M92, M37, M09 (Avg Q-sharpe: 0.546)
2025-09-13 10:14:39,342 - INFO -   Fold 7: M86, M56, M92, M37, M09 (Avg Q-sharpe: 0.544)
2025-09-13 10:14:39,342 - INFO -   Fold 8: M56, M86, M09, M92, M37 (Avg Q-sharpe: 0.540)
2025-09-13 10:14:39,342 - INFO -   Fold 9: M58, M06, M04, M26, M56 (Avg Q-sharpe: 0.532)
2025-09-13 10:14:39,342 - INFO -   Fold 10: M04, M58, M09, M56, M06 (Avg Q-sharpe: 0.534)
2025-09-13 10:14:39,342 - INFO -   Fold 11: M06, M56, M26, M58, M37 (Avg Q-sharpe: 0.533)
2025-09-13 10:14:39,342 - INFO -   Fold 12: M06, M56, M58, M92, M19 (Avg Q-sharpe: 0.531)
2025-09-13 10:14:39,342 - INFO -   Fold 13: M58, M56, M06, M19, M09 (Avg Q-sharpe: 0.533)
2025-09-13 10:14:39,342 - INFO -   Fold 14: M19, M56, M09, M58, M29 (Avg Q-sharpe: 0.532)
2025-09-13 10:14:39,343 - INFO -   Fold 15: M56, M19, M09, M58, M29 (Avg Q-sharpe: 0.537)
2025-09-13 10:14:39,343 - INFO -   Fold 16: M56, M19, M92, M58, M09 (Avg Q-sharpe: 0.531)
2025-09-13 10:14:39,343 - INFO -   Fold 17: M19, M09, M11, M92, M38 (Avg Q-sharpe: 0.527)
2025-09-13 10:14:39,343 - INFO - 
2025-09-13 10:14:39,343 - INFO - Fold-by-Fold Performance:
2025-09-13 10:14:39,343 - INFO -   Fold 1: M86, M09, M26, M92, M37 | Sharpe=1.680 | Hit=52.9% | Samples=136
2025-09-13 10:14:39,343 - INFO -   Fold 2: M86, M92, M09, M56, M26 | Sharpe=0.419 | Hit=52.9% | Samples=136
2025-09-13 10:14:39,343 - INFO -   Fold 3: M86, M92, M26, M56, M09 | Sharpe=1.011 | Hit=54.4% | Samples=136
2025-09-13 10:14:39,343 - INFO -   Fold 4: M86, M92, M56, M37, M26 | Sharpe=-2.787 | Hit=44.9% | Samples=136
2025-09-13 10:14:39,343 - INFO -   Fold 5: M92, M56, M86, M26, M09 | Sharpe=0.411 | Hit=51.5% | Samples=136
2025-09-13 10:14:39,343 - INFO -   Fold 6: M56, M86, M92, M37, M09 | Sharpe=1.961 | Hit=54.4% | Samples=136
2025-09-13 10:14:39,343 - INFO -   Fold 7: M86, M56, M92, M37, M09 | Sharpe=0.883 | Hit=50.0% | Samples=136
2025-09-13 10:14:39,343 - INFO -   Fold 8: M56, M86, M09, M92, M37 | Sharpe=-3.168 | Hit=36.0% | Samples=136
2025-09-13 10:14:39,343 - INFO -   Fold 9: M58, M06, M04, M26, M56 | Sharpe=1.434 | Hit=55.1% | Samples=136
2025-09-13 10:14:39,343 - INFO -   Fold 10: M04, M58, M09, M56, M06 | Sharpe=1.931 | Hit=53.7% | Samples=136
2025-09-13 10:14:39,343 - INFO -   Fold 11: M06, M56, M26, M58, M37 | Sharpe=1.806 | Hit=52.2% | Samples=136
2025-09-13 10:14:39,343 - INFO -   Fold 12: M06, M56, M58, M92, M19 | Sharpe=1.007 | Hit=53.7% | Samples=136
2025-09-13 10:14:39,343 - INFO -   Fold 13: M58, M56, M06, M19, M09 | Sharpe=0.293 | Hit=53.7% | Samples=136
2025-09-13 10:14:39,343 - INFO -   Fold 14: M19, M56, M09, M58, M29 | Sharpe=1.561 | Hit=58.8% | Samples=136
2025-09-13 10:14:39,343 - INFO -   Fold 15: M56, M19, M09, M58, M29 | Sharpe=-0.252 | Hit=46.3% | Samples=136
2025-09-13 10:14:39,343 - INFO -   Fold 16: M56, M19, M92, M58, M09 | Sharpe=0.264 | Hit=45.6% | Samples=136
2025-09-13 10:14:39,343 - INFO -   Fold 17: M19, M09, M11, M92, M38 | Sharpe=0.620 | Hit=46.3% | Samples=147
2025-09-13 10:14:39,343 - INFO - ================================================================================
2025-09-13 10:14:39,343 - INFO - ================================================================================
2025-09-13 10:14:39,343 - INFO - ANALYSIS COMPLETED SUCCESSFULLY!
2025-09-13 10:14:39,343 - INFO - ================================================================================
2025-09-13 10:14:39,343 - INFO - Generated 2 visualization files
2025-09-13 10:14:39,343 - INFO -   - 20250913_082002_fold_@TY#C_100models_20folds_v2_H4.4_TY_allfeat_20F.png
2025-09-13 10:14:39,343 - INFO -   - 20250913_082002_backtest_@TY#C_100models_20folds_v2_H4.4_TY_allfeat_20F.png
2025-09-13 10:14:39,344 - INFO - Training Final: Sharpe=0.549 | Hit=50.6% | Return=1.04% | CB=0.252
2025-09-13 10:14:39,344 - INFO - Production Final: Sharpe=0.788 | Hit=50.9% | Return=2.54% | CB=0.764
2025-09-13 10:14:39,344 - INFO - Full Timeline Final: Sharpe=0.656 | Hit=50.7% | Return=1.66% | CB=0.403
