2025-09-13 16:14:42,610 - INFO - ================================================================================
2025-09-13 16:14:42,610 - INFO - XGBoost Comparison Framework
2025-09-13 16:14:42,610 - INFO - ================================================================================
2025-09-13 16:14:42,610 - INFO - Configuration:
2025-09-13 16:14:42,610 - INFO -   Target Symbol: @ES#C
2025-09-13 16:14:42,610 - INFO -   Date Range: 2015-01-01 to 2025-08-01
2025-09-13 16:14:42,610 - INFO -   Models: 200, Type: standard
2025-09-13 16:14:42,610 - INFO -   Folds: 15
2025-09-13 16:14:42,610 - INFO -   Max Features: 100 (Limited)
2025-09-13 16:14:42,610 - INFO -   Feature Selection: Enabled
2025-09-13 16:14:42,610 - INFO -   Inner Val Fraction: 0.2
2025-09-13 16:14:42,610 - INFO -   EWMA Alpha: 0.1, Quality Halflife: 63 days
2025-09-13 16:14:42,610 - INFO -   Signal Type: Tanh Normalized
2025-09-13 16:14:42,610 - INFO -   Cross-validation: Expanding window
2025-09-13 16:14:42,610 - INFO -   Production: Cutoff=0.6, Top N=10, Q-Metric=hit_rate
2025-09-13 16:14:42,610 - INFO -   Reselection: Every 1 fold(s)
2025-09-13 16:14:42,610 - INFO - 
2025-09-13 16:14:48,409 - INFO - Dropped 8 rows due to NaN in target column @ES#C_target_return
2025-09-13 16:14:48,643 - INFO - Loaded: X=(2727, 1906), y=(2727,)
2025-09-13 16:15:17,174 - INFO - Selected 100 features (threshold: 0.7)
2025-09-13 16:15:17,187 - INFO - Selected: 100 features
2025-09-13 16:15:17,497 - INFO - GPU detection: CUDA GPU available and working
2025-09-13 16:15:17,497 - INFO - Processing mode: GPU sequential (GPU: True, Total models: 3000)
2025-09-13 16:15:17,559 - INFO - GPU detection: CUDA GPU available and working
2025-09-13 16:15:17,563 - INFO - Using expanding window
2025-09-13 16:15:17,563 - INFO - Starting analysis: 200 standard models x 13 folds
2025-09-13 16:15:17,563 - INFO - Processing Fold 1/13
2025-09-13 16:15:17,566 - INFO -   Using GPU sequential processing
2025-09-13 16:21:46,548 - INFO - Fold 1 Summary:
2025-09-13 16:21:46,548 - INFO -   Best OOS Sharpe: M23 (2.553, p=0.030)
2025-09-13 16:21:46,548 - INFO -   Best Q-Hit_Rate:  M108 (0.608, OOS_Sharpe=2.547, OOS_Hit=0.608)
2025-09-13 16:21:46,548 - INFO -   Mean OOS Sharpe: 0.485, Mean Hit: 0.524
2025-09-13 16:21:46,548 - INFO - 
2025-09-13 16:21:46,552 - INFO - Processing Fold 2/13
2025-09-13 16:21:46,556 - INFO -   Using GPU sequential processing
2025-09-13 16:29:02,640 - INFO - Fold 2 Summary:
2025-09-13 16:29:02,640 - INFO -   Best OOS Sharpe: M88 (2.413, p=0.030)
2025-09-13 16:29:02,640 - INFO -   Best Q-Hit_Rate:  M108 (0.594, OOS_Sharpe=1.269, OOS_Hit=0.475)
2025-09-13 16:29:02,640 - INFO -   Mean OOS Sharpe: 0.174, Mean Hit: 0.477
2025-09-13 16:29:02,640 - INFO - 
2025-09-13 16:29:02,645 - INFO - Processing Fold 3/13
2025-09-13 16:29:02,648 - INFO -   Using GPU sequential processing
2025-09-13 16:36:34,267 - INFO - Fold 3 Summary:
2025-09-13 16:36:34,268 - INFO -   Best OOS Sharpe: M121 (2.488, p=0.030)
2025-09-13 16:36:34,268 - INFO -   Best Q-Hit_Rate:  M108 (0.585, OOS_Sharpe=1.347, OOS_Hit=0.497)
2025-09-13 16:36:34,268 - INFO -   Mean OOS Sharpe: 0.565, Mean Hit: 0.507
2025-09-13 16:36:34,268 - INFO - 
2025-09-13 16:36:34,272 - INFO - Processing Fold 4/13
2025-09-13 16:36:34,293 - INFO -   Using GPU sequential processing
2025-09-13 16:44:25,588 - INFO - Fold 4 Summary:
2025-09-13 16:44:25,588 - INFO -   Best OOS Sharpe: M142 (3.085, p=0.000)
2025-09-13 16:44:25,588 - INFO -   Best Q-Hit_Rate:  M108 (0.575, OOS_Sharpe=1.274, OOS_Hit=0.486)
2025-09-13 16:44:25,588 - INFO -   Mean OOS Sharpe: 0.794, Mean Hit: 0.487
2025-09-13 16:44:25,589 - INFO - 
2025-09-13 16:44:25,593 - INFO - Processing Fold 5/13
2025-09-13 16:44:25,596 - INFO -   Using GPU sequential processing
2025-09-13 16:52:02,016 - INFO - Fold 5 Summary:
2025-09-13 16:52:02,016 - INFO -   Best OOS Sharpe: M03 (3.717, p=0.000)
2025-09-13 16:52:02,017 - INFO -   Best Q-Hit_Rate:  M108 (0.567, OOS_Sharpe=-0.880, OOS_Hit=0.497)
2025-09-13 16:52:02,017 - INFO -   Mean OOS Sharpe: 0.633, Mean Hit: 0.534
2025-09-13 16:52:02,017 - INFO - 
2025-09-13 16:52:02,021 - INFO - Processing Fold 6/13
2025-09-13 16:52:02,024 - INFO -   Using GPU sequential processing
2025-09-13 16:59:20,551 - INFO - Fold 6 Summary:
2025-09-13 16:59:20,551 - INFO -   Best OOS Sharpe: M183 (3.473, p=0.000)
2025-09-13 16:59:20,551 - INFO -   Best Q-Hit_Rate:  M108 (0.564, OOS_Sharpe=0.629, OOS_Hit=0.536)
2025-09-13 16:59:20,551 - INFO -   Mean OOS Sharpe: 0.588, Mean Hit: 0.508
2025-09-13 16:59:20,551 - INFO - 
2025-09-13 16:59:20,555 - INFO - Processing Fold 7/13
2025-09-13 16:59:20,559 - INFO -   Using GPU sequential processing
2025-09-13 17:06:50,453 - INFO - Fold 7 Summary:
2025-09-13 17:06:50,458 - INFO -   Best OOS Sharpe: M37 (3.339, p=0.000)
2025-09-13 17:06:50,458 - INFO -   Best Q-Hit_Rate:  M108 (0.553, OOS_Sharpe=-0.255, OOS_Hit=0.459)
2025-09-13 17:06:50,458 - INFO -   Mean OOS Sharpe: 1.317, Mean Hit: 0.509
2025-09-13 17:06:50,458 - INFO - 
2025-09-13 17:06:50,464 - INFO - Processing Fold 8/13
2025-09-13 17:06:50,474 - INFO -   Using GPU sequential processing
2025-09-13 17:14:31,609 - INFO - Fold 8 Summary:
2025-09-13 17:14:31,609 - INFO -   Best OOS Sharpe: M01 (3.797, p=0.010)
2025-09-13 17:14:31,609 - INFO -   Best Q-Hit_Rate:  M108 (0.549, OOS_Sharpe=0.470, OOS_Hit=0.508)
2025-09-13 17:14:31,609 - INFO -   Mean OOS Sharpe: 1.627, Mean Hit: 0.505
2025-09-13 17:14:31,609 - INFO - 
2025-09-13 17:14:31,613 - INFO - Processing Fold 9/13
2025-09-13 17:14:31,619 - INFO -   Using GPU sequential processing
2025-09-13 17:22:19,150 - INFO - Fold 9 Summary:
2025-09-13 17:22:19,151 - INFO -   Best OOS Sharpe: M24 (3.207, p=0.000)
2025-09-13 17:22:19,151 - INFO -   Best Q-Hit_Rate:  M108 (0.551, OOS_Sharpe=3.026, OOS_Hit=0.569)
2025-09-13 17:22:19,151 - INFO -   Mean OOS Sharpe: 1.348, Mean Hit: 0.512
2025-09-13 17:22:19,151 - INFO - 
2025-09-13 17:22:19,156 - INFO - Processing Fold 10/13
2025-09-13 17:22:19,160 - INFO -   Using GPU sequential processing
2025-09-13 17:28:09,114 - INFO - Fold 10 Summary:
2025-09-13 17:28:09,114 - INFO -   Best OOS Sharpe: M121 (3.887, p=0.000)
2025-09-13 17:28:09,114 - INFO -   Best Q-Hit_Rate:  M108 (0.547, OOS_Sharpe=2.260, OOS_Hit=0.508)
2025-09-13 17:28:09,114 - INFO -   Mean OOS Sharpe: 1.865, Mean Hit: 0.542
2025-09-13 17:28:09,115 - INFO - 
2025-09-13 17:28:09,120 - INFO - Processing Fold 11/13
2025-09-13 17:28:09,125 - INFO -   Using GPU sequential processing
2025-09-13 17:32:23,764 - INFO - Fold 11 Summary:
2025-09-13 17:32:23,764 - INFO -   Best OOS Sharpe: M88 (3.760, p=0.000)
2025-09-13 17:32:23,764 - INFO -   Best Q-Hit_Rate:  M143 (0.544, OOS_Sharpe=0.338, OOS_Hit=0.564)
2025-09-13 17:32:23,764 - INFO -   Mean OOS Sharpe: 0.240, Mean Hit: 0.513
2025-09-13 17:32:23,764 - INFO - 
2025-09-13 17:32:23,769 - INFO - Processing Fold 12/13
2025-09-13 17:32:23,774 - INFO -   Using GPU sequential processing
2025-09-13 17:36:41,301 - INFO - Fold 12 Summary:
2025-09-13 17:36:41,301 - INFO -   Best OOS Sharpe: M80 (3.259, p=0.000)
2025-09-13 17:36:41,301 - INFO -   Best Q-Hit_Rate:  M143 (0.543, OOS_Sharpe=1.629, OOS_Hit=0.530)
2025-09-13 17:36:41,301 - INFO -   Mean OOS Sharpe: 0.719, Mean Hit: 0.503
2025-09-13 17:36:41,301 - INFO - 
2025-09-13 17:36:41,307 - INFO - Processing Fold 13/13
2025-09-13 17:36:41,312 - INFO -   Using GPU sequential processing
2025-09-13 17:40:25,074 - INFO - Fold 13 Summary:
2025-09-13 17:40:25,074 - INFO -   Best OOS Sharpe: M99 (4.331, p=0.000)
2025-09-13 17:40:25,074 - INFO -   Best Q-Hit_Rate:  M143 (0.549, OOS_Sharpe=2.803, OOS_Hit=0.606)
2025-09-13 17:40:25,074 - INFO -   Mean OOS Sharpe: 2.246, Mean Hit: 0.559
2025-09-13 17:40:25,074 - INFO - 
2025-09-13 17:40:25,080 - INFO - Starting full timeline backtesting...
2025-09-13 17:40:25,080 - INFO - Running full timeline backtest with 13 folds (0-based indexing)
2025-09-13 17:40:25,080 - INFO - Fold 0 skipped (no prior Q-score history for meaningful selection)
2025-09-13 17:40:25,080 - INFO - Effective backtest period: Folds 1-12 (12 folds)
2025-09-13 17:40:25,080 - INFO - Training period: Folds 1-7
2025-09-13 17:40:25,080 - INFO - Production period: Folds 8-12
2025-09-13 17:40:25,080 - INFO - Using consistent OOS methodology for all folds
2025-09-13 17:40:25,081 - INFO - Fold 0: Skipped (no prior Q-score history for meaningful selection)
2025-09-13 17:40:25,081 - INFO - 
--- Processing fold 1/12 ---
2025-09-13 17:40:25,127 - INFO - Fold 1: Q-scores from fold 0: ['M00:0.530', 'M01:0.558', 'M02:0.519', 'M03:0.514', 'M04:0.503']...
2025-09-13 17:40:25,127 - INFO - Fold 1: Selected models [108, 120, 144, 77, 178, 142, 198, 28, 46, 138] based on fold 0 Q-scores, avg Q-score: 0.580
2025-09-13 17:40:25,129 - INFO - Fold 1 (Training): Sharpe=0.648, Hit=50.8%
2025-09-13 17:40:25,129 - INFO - 
--- Processing fold 2/12 ---
2025-09-13 17:40:25,172 - INFO - Fold 2: Q-scores from fold 1: ['M00:0.522', 'M01:0.551', 'M02:0.519', 'M03:0.512', 'M04:0.496']...
2025-09-13 17:40:25,172 - INFO - Fold 2: Selected models [108, 144, 178, 120, 77, 142, 198, 46, 138, 28] based on fold 1 Q-scores, avg Q-score: 0.570
2025-09-13 17:40:25,173 - INFO - Fold 2 (Training): Sharpe=0.391, Hit=51.4%
2025-09-13 17:40:25,173 - INFO - 
--- Processing fold 3/12 ---
2025-09-13 17:40:25,226 - INFO - Fold 3: Q-scores from fold 2: ['M00:0.523', 'M01:0.549', 'M02:0.522', 'M03:0.520', 'M04:0.497']...
2025-09-13 17:40:25,226 - INFO - Fold 3: Selected models [108, 77, 144, 178, 120, 142, 46, 198, 138, 28] based on fold 2 Q-scores, avg Q-score: 0.565
2025-09-13 17:40:25,228 - INFO - Fold 3 (Training): Sharpe=1.216, Hit=51.4%
2025-09-13 17:40:25,228 - INFO - 
--- Processing fold 4/12 ---
2025-09-13 17:40:25,279 - INFO - Fold 4: Q-scores from fold 3: ['M00:0.515', 'M01:0.546', 'M02:0.522', 'M03:0.516', 'M04:0.498']...
2025-09-13 17:40:25,279 - INFO - Fold 4: Selected models [108, 120, 77, 142, 178, 144, 198, 138, 28, 46] based on fold 3 Q-scores, avg Q-score: 0.558
2025-09-13 17:40:25,280 - INFO - Fold 4 (Training): Sharpe=0.098, Hit=54.7%
2025-09-13 17:40:25,281 - INFO - 
--- Processing fold 5/12 ---
2025-09-13 17:40:25,330 - INFO - Fold 5: Q-scores from fold 4: ['M00:0.518', 'M01:0.548', 'M02:0.518', 'M03:0.519', 'M04:0.502']...
2025-09-13 17:40:25,330 - INFO - Fold 5: Selected models [108, 142, 77, 120, 178, 144, 198, 138, 28, 46] based on fold 4 Q-scores, avg Q-score: 0.556
2025-09-13 17:40:25,332 - INFO - Fold 5 (Training): Sharpe=0.428, Hit=54.7%
2025-09-13 17:40:25,332 - INFO - 
--- Processing fold 6/12 ---
2025-09-13 17:40:25,379 - INFO - Fold 6: Q-scores from fold 5: ['M00:0.516', 'M01:0.544', 'M02:0.513', 'M03:0.520', 'M04:0.505']...
2025-09-13 17:40:25,380 - INFO - Fold 6: Selected models [108, 142, 144, 120, 77, 178, 28, 46, 143, 1] based on fold 5 Q-scores, avg Q-score: 0.552
2025-09-13 17:40:25,381 - INFO - Fold 6 (Training): Sharpe=1.855, Hit=53.6%
2025-09-13 17:40:25,381 - INFO - 
--- Processing fold 7/12 ---
2025-09-13 17:40:25,430 - INFO - Fold 7: Q-scores from fold 6: ['M00:0.517', 'M01:0.542', 'M02:0.516', 'M03:0.521', 'M04:0.504']...
2025-09-13 17:40:25,431 - INFO - Fold 7: Selected models [108, 144, 120, 142, 77, 178, 28, 46, 143, 1] based on fold 6 Q-scores, avg Q-score: 0.547
2025-09-13 17:40:25,432 - INFO - Fold 7 (Training): Sharpe=2.269, Hit=48.1%
2025-09-13 17:40:25,432 - INFO - 
--- Processing fold 8/12 ---
2025-09-13 17:40:25,483 - INFO - Fold 8: Q-scores from fold 7: ['M00:0.522', 'M01:0.541', 'M02:0.515', 'M03:0.522', 'M04:0.508']...
2025-09-13 17:40:25,484 - INFO - Fold 8: Selected models [108, 120, 77, 143, 180, 46, 1, 178, 133, 142] based on fold 7 Q-scores, avg Q-score: 0.543
2025-09-13 17:40:25,486 - INFO - Fold 8 (Production): Sharpe=2.122, Hit=51.9%
2025-09-13 17:40:25,486 - INFO - 
--- Processing fold 9/12 ---
2025-09-13 17:40:25,536 - INFO - Fold 9: Q-scores from fold 8: ['M00:0.517', 'M01:0.539', 'M02:0.514', 'M03:0.523', 'M04:0.505']...
2025-09-13 17:40:25,537 - INFO - Fold 9: Selected models [108, 143, 77, 133, 41, 1, 142, 194, 178, 180] based on fold 8 Q-scores, avg Q-score: 0.541
2025-09-13 17:40:25,538 - INFO - Fold 9 (Production): Sharpe=2.555, Hit=56.4%
2025-09-13 17:40:25,538 - INFO - 
--- Processing fold 10/12 ---
2025-09-13 17:40:25,579 - INFO - Fold 10: Q-scores from fold 9: ['M00:0.520', 'M01:0.544', 'M02:0.515', 'M03:0.526', 'M04:0.514']...
2025-09-13 17:40:25,579 - INFO - Fold 10: Selected models [108, 1, 133, 77, 143, 194, 59, 142, 178, 120] based on fold 9 Q-scores, avg Q-score: 0.542
2025-09-13 17:40:25,581 - INFO - Fold 10 (Production): Sharpe=0.435, Hit=53.6%
2025-09-13 17:40:25,581 - INFO - 
--- Processing fold 11/12 ---
2025-09-13 17:40:25,616 - INFO - Fold 11: Q-scores from fold 10: ['M00:0.521', 'M01:0.539', 'M02:0.520', 'M03:0.530', 'M04:0.516']...
2025-09-13 17:40:25,616 - INFO - Fold 11: Selected models [143, 77, 194, 1, 175, 41, 162, 133, 108, 59] based on fold 10 Q-scores, avg Q-score: 0.539
2025-09-13 17:40:25,618 - INFO - Fold 11 (Production): Sharpe=1.680, Hit=50.8%
2025-09-13 17:40:25,618 - INFO - 
--- Processing fold 12/12 ---
2025-09-13 17:40:25,651 - INFO - Fold 12: Q-scores from fold 11: ['M00:0.525', 'M01:0.537', 'M02:0.520', 'M03:0.532', 'M04:0.514']...
2025-09-13 17:40:25,651 - INFO - Fold 12: Selected models [143, 194, 77, 162, 1, 175, 41, 108, 59, 190] based on fold 11 Q-scores, avg Q-score: 0.537
2025-09-13 17:40:25,652 - INFO - Fold 12 (Production): Sharpe=3.290, Hit=62.7%
2025-09-13 17:40:25,653 - INFO - Training Period Overall: Sharpe=0.766, Hit=52.1%
2025-09-13 17:40:25,654 - INFO - Production Period Overall: Sharpe=2.093, Hit=55.2%
2025-09-13 17:40:25,655 - INFO - Full Timeline Overall: Sharpe=1.304, Hit=53.4%
2025-09-13 17:40:25,655 - INFO - Training: Sharpe=0.766 | Hit=52.1% | Return=6.07%
2025-09-13 17:40:25,655 - INFO - Production: Sharpe=2.093 | Hit=55.2% | Return=15.64%
2025-09-13 17:40:25,655 - INFO - Full Timeline: Sharpe=1.304 | Hit=53.4% | Return=10.09%
2025-09-13 17:40:25,656 - INFO - Generating visualizations...
2025-09-13 17:40:25,656 - INFO - Creating clean visualizations for 200 models...
2025-09-13 17:40:28,761 - INFO - Clean fold-by-fold analysis saved to: 20250913_161442_fold_@ES#C_200models_15folds_v2_H5.2_ES_optimal_200M.png
2025-09-13 17:40:32,802 - INFO - Detailed production analysis saved to: 20250913_161442_backtest_@ES#C_200models_15folds_v2_H5.2_ES_optimal_200M.png
2025-09-13 17:40:32,802 - INFO - ================================================================================
2025-09-13 17:40:32,802 - INFO - BACKTEST SUMMARY
2025-09-13 17:40:32,802 - INFO - ================================================================================
2025-09-13 17:40:32,802 - INFO - Config: Cutoff=70%, Top N=5, Q-Metric=sharpe, Reselection=1 fold(s)
2025-09-13 17:40:32,802 - INFO - Model Selection History:
2025-09-13 17:40:32,802 - INFO -   Fold 1: M108, M120, M144, M77, M178, M142, M198, M28, M46, M138 (Avg Q-sharpe: 0.580)
2025-09-13 17:40:32,802 - INFO -   Fold 2: M108, M144, M178, M120, M77, M142, M198, M46, M138, M28 (Avg Q-sharpe: 0.570)
2025-09-13 17:40:32,802 - INFO -   Fold 3: M108, M77, M144, M178, M120, M142, M46, M198, M138, M28 (Avg Q-sharpe: 0.565)
2025-09-13 17:40:32,802 - INFO -   Fold 4: M108, M120, M77, M142, M178, M144, M198, M138, M28, M46 (Avg Q-sharpe: 0.558)
2025-09-13 17:40:32,802 - INFO -   Fold 5: M108, M142, M77, M120, M178, M144, M198, M138, M28, M46 (Avg Q-sharpe: 0.556)
2025-09-13 17:40:32,802 - INFO -   Fold 6: M108, M142, M144, M120, M77, M178, M28, M46, M143, M01 (Avg Q-sharpe: 0.552)
2025-09-13 17:40:32,802 - INFO -   Fold 7: M108, M144, M120, M142, M77, M178, M28, M46, M143, M01 (Avg Q-sharpe: 0.547)
2025-09-13 17:40:32,802 - INFO -   Fold 8: M108, M120, M77, M143, M180, M46, M01, M178, M133, M142 (Avg Q-sharpe: 0.543)
2025-09-13 17:40:32,802 - INFO -   Fold 9: M108, M143, M77, M133, M41, M01, M142, M194, M178, M180 (Avg Q-sharpe: 0.541)
2025-09-13 17:40:32,802 - INFO -   Fold 10: M108, M01, M133, M77, M143, M194, M59, M142, M178, M120 (Avg Q-sharpe: 0.542)
2025-09-13 17:40:32,802 - INFO -   Fold 11: M143, M77, M194, M01, M175, M41, M162, M133, M108, M59 (Avg Q-sharpe: 0.539)
2025-09-13 17:40:32,802 - INFO -   Fold 12: M143, M194, M77, M162, M01, M175, M41, M108, M59, M190 (Avg Q-sharpe: 0.537)
2025-09-13 17:40:32,802 - INFO - 
2025-09-13 17:40:32,802 - INFO - Fold-by-Fold Performance:
2025-09-13 17:40:32,802 - INFO -   Fold 1: M108, M120, M144, M77, M178, M142, M198, M28, M46, M138 | Sharpe=0.648 | Hit=50.8% | Samples=181
2025-09-13 17:40:32,802 - INFO -   Fold 2: M108, M144, M178, M120, M77, M142, M198, M46, M138, M28 | Sharpe=0.391 | Hit=51.4% | Samples=181
2025-09-13 17:40:32,803 - INFO -   Fold 3: M108, M77, M144, M178, M120, M142, M46, M198, M138, M28 | Sharpe=1.216 | Hit=51.4% | Samples=181
2025-09-13 17:40:32,803 - INFO -   Fold 4: M108, M120, M77, M142, M178, M144, M198, M138, M28, M46 | Sharpe=0.098 | Hit=54.7% | Samples=181
2025-09-13 17:40:32,803 - INFO -   Fold 5: M108, M142, M77, M120, M178, M144, M198, M138, M28, M46 | Sharpe=0.428 | Hit=54.7% | Samples=181
2025-09-13 17:40:32,803 - INFO -   Fold 6: M108, M142, M144, M120, M77, M178, M28, M46, M143, M01 | Sharpe=1.855 | Hit=53.6% | Samples=181
2025-09-13 17:40:32,803 - INFO -   Fold 7: M108, M144, M120, M142, M77, M178, M28, M46, M143, M01 | Sharpe=2.269 | Hit=48.1% | Samples=181
2025-09-13 17:40:32,803 - INFO -   Fold 8: M108, M120, M77, M143, M180, M46, M01, M178, M133, M142 | Sharpe=2.122 | Hit=51.9% | Samples=181
2025-09-13 17:40:32,803 - INFO -   Fold 9: M108, M143, M77, M133, M41, M01, M142, M194, M178, M180 | Sharpe=2.555 | Hit=56.4% | Samples=181
2025-09-13 17:40:32,803 - INFO -   Fold 10: M108, M01, M133, M77, M143, M194, M59, M142, M178, M120 | Sharpe=0.435 | Hit=53.6% | Samples=181
2025-09-13 17:40:32,803 - INFO -   Fold 11: M143, M77, M194, M01, M175, M41, M162, M133, M108, M59 | Sharpe=1.680 | Hit=50.8% | Samples=181
2025-09-13 17:40:32,803 - INFO -   Fold 12: M143, M194, M77, M162, M01, M175, M41, M108, M59, M190 | Sharpe=3.290 | Hit=62.7% | Samples=193
2025-09-13 17:40:32,803 - INFO - ================================================================================
2025-09-13 17:40:32,803 - INFO - ================================================================================
2025-09-13 17:40:32,803 - INFO - ANALYSIS COMPLETED SUCCESSFULLY!
2025-09-13 17:40:32,803 - INFO - ================================================================================
2025-09-13 17:40:32,803 - INFO - Generated 2 visualization files
2025-09-13 17:40:32,803 - INFO -   - 20250913_161442_fold_@ES#C_200models_15folds_v2_H5.2_ES_optimal_200M.png
2025-09-13 17:40:32,803 - INFO -   - 20250913_161442_backtest_@ES#C_200models_15folds_v2_H5.2_ES_optimal_200M.png
2025-09-13 17:40:32,803 - INFO - Training Final: Sharpe=0.766 | Hit=52.1% | Return=6.07% | CB=0.400
2025-09-13 17:40:32,803 - INFO - Production Final: Sharpe=2.093 | Hit=55.2% | Return=15.64% | CB=2.575
2025-09-13 17:40:32,803 - INFO - Full Timeline Final: Sharpe=1.304 | Hit=53.4% | Return=10.09% | CB=0.664
