2025-09-13 16:14:49,576 - INFO - ================================================================================
2025-09-13 16:14:49,576 - INFO - XGBoost Comparison Framework
2025-09-13 16:14:49,576 - INFO - ================================================================================
2025-09-13 16:14:49,577 - INFO - Configuration:
2025-09-13 16:14:49,577 - INFO -   Target Symbol: @TY#C
2025-09-13 16:14:49,577 - INFO -   Date Range: 2015-01-01 to 2025-08-01
2025-09-13 16:14:49,577 - INFO -   Models: 150, Type: standard
2025-09-13 16:14:49,577 - INFO -   Folds: 20
2025-09-13 16:14:49,577 - INFO -   Max Features: 250 (Limited)
2025-09-13 16:14:49,577 - INFO -   Feature Selection: Enabled
2025-09-13 16:14:49,577 - INFO -   Inner Val Fraction: 0.2
2025-09-13 16:14:49,577 - INFO -   EWMA Alpha: 0.1, Quality Halflife: 63 days
2025-09-13 16:14:49,577 - INFO -   Signal Type: Tanh Normalized
2025-09-13 16:14:49,577 - INFO -   Cross-validation: Expanding window
2025-09-13 16:14:49,577 - INFO -   Production: Cutoff=0.6, Top N=8, Q-Metric=hit_rate
2025-09-13 16:14:49,577 - INFO -   Reselection: Every 1 fold(s)
2025-09-13 16:14:49,577 - INFO - 
2025-09-13 16:14:56,161 - INFO - Dropped 4 rows due to NaN in target column @TY#C_target_return
2025-09-13 16:14:56,399 - INFO - Loaded: X=(2731, 1906), y=(2731,)
2025-09-13 16:15:26,735 - INFO - Selected 250 features (threshold: 0.7)
2025-09-13 16:15:26,748 - INFO - Selected: 250 features
2025-09-13 16:15:27,100 - INFO - GPU detection: CUDA GPU available and working
2025-09-13 16:15:27,102 - INFO - Processing mode: GPU sequential (GPU: True, Total models: 3000)
2025-09-13 16:15:27,172 - INFO - GPU detection: CUDA GPU available and working
2025-09-13 16:15:27,175 - INFO - Using expanding window
2025-09-13 16:15:27,175 - INFO - Starting analysis: 150 standard models x 18 folds
2025-09-13 16:15:27,175 - INFO - Processing Fold 1/18
2025-09-13 16:15:27,182 - INFO -   Using GPU sequential processing
2025-09-13 16:19:52,027 - INFO - Fold 1 Summary:
2025-09-13 16:19:52,027 - INFO -   Best OOS Sharpe: M26 (3.189, p=0.010)
2025-09-13 16:19:52,027 - INFO -   Best Q-Hit_Rate:  M12 (0.588, OOS_Sharpe=2.908, OOS_Hit=0.588)
2025-09-13 16:19:52,027 - INFO -   Mean OOS Sharpe: 0.414, Mean Hit: 0.492
2025-09-13 16:19:52,027 - INFO - 
2025-09-13 16:19:52,030 - INFO - Processing Fold 2/18
2025-09-13 16:19:52,037 - INFO -   Using GPU sequential processing
2025-09-13 16:24:37,521 - INFO - Fold 2 Summary:
2025-09-13 16:24:37,521 - INFO -   Best OOS Sharpe: M78 (4.789, p=0.000)
2025-09-13 16:24:37,521 - INFO -   Best Q-Hit_Rate:  M12 (0.576, OOS_Sharpe=-0.087, OOS_Hit=0.471)
2025-09-13 16:24:37,521 - INFO -   Mean OOS Sharpe: 1.381, Mean Hit: 0.541
2025-09-13 16:24:37,521 - INFO - 
2025-09-13 16:24:37,524 - INFO - Processing Fold 3/18
2025-09-13 16:24:37,532 - INFO -   Using GPU sequential processing
2025-09-13 16:29:38,144 - INFO - Fold 3 Summary:
2025-09-13 16:29:38,144 - INFO -   Best OOS Sharpe: M65 (2.447, p=0.080)
2025-09-13 16:29:38,144 - INFO -   Best Q-Hit_Rate:  M12 (0.570, OOS_Sharpe=-1.429, OOS_Hit=0.507)
2025-09-13 16:29:38,144 - INFO -   Mean OOS Sharpe: 0.053, Mean Hit: 0.523
2025-09-13 16:29:38,144 - INFO - 
2025-09-13 16:29:38,148 - INFO - Processing Fold 4/18
2025-09-13 16:29:38,155 - INFO -   Using GPU sequential processing
2025-09-13 16:34:49,404 - INFO - Fold 4 Summary:
2025-09-13 16:34:49,404 - INFO -   Best OOS Sharpe: M61 (4.384, p=0.010)
2025-09-13 16:34:49,404 - INFO -   Best Q-Hit_Rate:  M12 (0.573, OOS_Sharpe=2.378, OOS_Hit=0.603)
2025-09-13 16:34:49,404 - INFO -   Mean OOS Sharpe: 2.010, Mean Hit: 0.556
2025-09-13 16:34:49,404 - INFO - 
2025-09-13 16:34:49,408 - INFO - Processing Fold 5/18
2025-09-13 16:34:49,415 - INFO -   Using GPU sequential processing
2025-09-13 16:40:11,297 - INFO - Fold 5 Summary:
2025-09-13 16:40:11,297 - INFO -   Best OOS Sharpe: M107 (1.478, p=0.310)
2025-09-13 16:40:11,297 - INFO -   Best Q-Hit_Rate:  M12 (0.565, OOS_Sharpe=-1.100, OOS_Hit=0.493)
2025-09-13 16:40:11,297 - INFO -   Mean OOS Sharpe: -0.848, Mean Hit: 0.488
2025-09-13 16:40:11,298 - INFO - 
2025-09-13 16:40:11,302 - INFO - Processing Fold 6/18
2025-09-13 16:40:11,321 - INFO -   Using GPU sequential processing
2025-09-13 16:45:35,756 - INFO - Fold 6 Summary:
2025-09-13 16:45:35,756 - INFO -   Best OOS Sharpe: M95 (2.862, p=0.060)
2025-09-13 16:45:35,756 - INFO -   Best Q-Hit_Rate:  M12 (0.558, OOS_Sharpe=-0.583, OOS_Hit=0.500)
2025-09-13 16:45:35,756 - INFO -   Mean OOS Sharpe: 0.570, Mean Hit: 0.507
2025-09-13 16:45:35,756 - INFO - 
2025-09-13 16:45:35,760 - INFO - Processing Fold 7/18
2025-09-13 16:45:35,771 - INFO -   Using GPU sequential processing
2025-09-13 16:50:48,790 - INFO - Fold 7 Summary:
2025-09-13 16:50:48,790 - INFO -   Best OOS Sharpe: M118 (4.760, p=0.000)
2025-09-13 16:50:48,790 - INFO -   Best Q-Hit_Rate:  M12 (0.556, OOS_Sharpe=1.810, OOS_Hit=0.537)
2025-09-13 16:50:48,790 - INFO -   Mean OOS Sharpe: 2.168, Mean Hit: 0.559
2025-09-13 16:50:48,791 - INFO - 
2025-09-13 16:50:48,795 - INFO - Processing Fold 8/18
2025-09-13 16:50:48,803 - INFO -   Using GPU sequential processing
2025-09-13 16:55:46,969 - INFO - Fold 8 Summary:
2025-09-13 16:55:46,969 - INFO -   Best OOS Sharpe: M120 (3.363, p=0.000)
2025-09-13 16:55:46,969 - INFO -   Best Q-Hit_Rate:  M12 (0.555, OOS_Sharpe=1.352, OOS_Hit=0.544)
2025-09-13 16:55:46,969 - INFO -   Mean OOS Sharpe: 0.856, Mean Hit: 0.504
2025-09-13 16:55:46,969 - INFO - 
2025-09-13 16:55:46,974 - INFO - Processing Fold 9/18
2025-09-13 16:55:46,989 - INFO -   Using GPU sequential processing
2025-09-13 17:00:52,469 - INFO - Fold 9 Summary:
2025-09-13 17:00:52,469 - INFO -   Best OOS Sharpe: M132 (2.048, p=0.120)
2025-09-13 17:00:52,469 - INFO -   Best Q-Hit_Rate:  M12 (0.546, OOS_Sharpe=-0.558, OOS_Hit=0.463)
2025-09-13 17:00:52,469 - INFO -   Mean OOS Sharpe: -0.265, Mean Hit: 0.482
2025-09-13 17:00:52,469 - INFO - 
2025-09-13 17:00:52,474 - INFO - Processing Fold 10/18
2025-09-13 17:00:52,483 - INFO -   Using GPU sequential processing
2025-09-13 17:06:02,860 - INFO - Fold 10 Summary:
2025-09-13 17:06:02,861 - INFO -   Best OOS Sharpe: M28 (3.091, p=0.020)
2025-09-13 17:06:02,861 - INFO -   Best Q-Hit_Rate:  M12 (0.546, OOS_Sharpe=1.628, OOS_Hit=0.544)
2025-09-13 17:06:02,861 - INFO -   Mean OOS Sharpe: 0.750, Mean Hit: 0.522
2025-09-13 17:06:02,861 - INFO - 
2025-09-13 17:06:02,864 - INFO - Processing Fold 11/18
2025-09-13 17:06:02,873 - INFO -   Using GPU sequential processing
2025-09-13 17:11:15,239 - INFO - Fold 11 Summary:
2025-09-13 17:11:15,240 - INFO -   Best OOS Sharpe: M106 (4.221, p=0.010)
2025-09-13 17:11:15,240 - INFO -   Best Q-Hit_Rate:  M148 (0.544, OOS_Sharpe=2.349, OOS_Hit=0.544)
2025-09-13 17:11:15,240 - INFO -   Mean OOS Sharpe: 1.560, Mean Hit: 0.535
2025-09-13 17:11:15,240 - INFO - 
2025-09-13 17:11:15,250 - INFO - Processing Fold 12/18
2025-09-13 17:11:15,259 - INFO -   Using GPU sequential processing
2025-09-13 17:16:33,533 - INFO - Fold 12 Summary:
2025-09-13 17:16:33,533 - INFO -   Best OOS Sharpe: M111 (3.673, p=0.040)
2025-09-13 17:16:33,533 - INFO -   Best Q-Hit_Rate:  M148 (0.539, OOS_Sharpe=1.112, OOS_Hit=0.500)
2025-09-13 17:16:33,533 - INFO -   Mean OOS Sharpe: 1.336, Mean Hit: 0.508
2025-09-13 17:16:33,533 - INFO - 
2025-09-13 17:16:33,542 - INFO - Processing Fold 13/18
2025-09-13 17:16:33,551 - INFO -   Using GPU sequential processing
2025-09-13 17:21:59,194 - INFO - Fold 13 Summary:
2025-09-13 17:21:59,195 - INFO -   Best OOS Sharpe: M09 (3.606, p=0.010)
2025-09-13 17:21:59,195 - INFO -   Best Q-Hit_Rate:  M19 (0.536, OOS_Sharpe=1.461, OOS_Hit=0.522)
2025-09-13 17:21:59,195 - INFO -   Mean OOS Sharpe: 0.541, Mean Hit: 0.507
2025-09-13 17:21:59,195 - INFO - 
2025-09-13 17:21:59,199 - INFO - Processing Fold 14/18
2025-09-13 17:21:59,208 - INFO -   Using GPU sequential processing
2025-09-13 17:26:38,358 - INFO - Fold 14 Summary:
2025-09-13 17:26:38,369 - INFO -   Best OOS Sharpe: M148 (2.501, p=0.050)
2025-09-13 17:26:38,369 - INFO -   Best Q-Hit_Rate:  M148 (0.541, OOS_Sharpe=2.501, OOS_Hit=0.588)
2025-09-13 17:26:38,369 - INFO -   Mean OOS Sharpe: 0.383, Mean Hit: 0.508
2025-09-13 17:26:38,369 - INFO - 
2025-09-13 17:26:38,376 - INFO - Processing Fold 15/18
2025-09-13 17:26:38,390 - INFO -   Using GPU sequential processing
2025-09-13 17:29:41,349 - INFO - Fold 15 Summary:
2025-09-13 17:29:41,349 - INFO -   Best OOS Sharpe: M113 (4.649, p=0.000)
2025-09-13 17:29:41,349 - INFO -   Best Q-Hit_Rate:  M84 (0.543, OOS_Sharpe=2.126, OOS_Hit=0.574)
2025-09-13 17:29:41,349 - INFO -   Mean OOS Sharpe: 1.851, Mean Hit: 0.561
2025-09-13 17:29:41,349 - INFO - 
2025-09-13 17:29:41,355 - INFO - Processing Fold 16/18
2025-09-13 17:29:41,367 - INFO -   Using GPU sequential processing
2025-09-13 17:32:43,479 - INFO - Fold 16 Summary:
2025-09-13 17:32:43,479 - INFO -   Best OOS Sharpe: M97 (5.641, p=0.000)
2025-09-13 17:32:43,479 - INFO -   Best Q-Hit_Rate:  M148 (0.541, OOS_Sharpe=3.093, OOS_Hit=0.551)
2025-09-13 17:32:43,479 - INFO -   Mean OOS Sharpe: 2.011, Mean Hit: 0.512
2025-09-13 17:32:43,479 - INFO - 
2025-09-13 17:32:43,485 - INFO - Processing Fold 17/18
2025-09-13 17:32:43,499 - INFO -   Using GPU sequential processing
2025-09-13 17:35:47,922 - INFO - Fold 17 Summary:
2025-09-13 17:35:47,922 - INFO -   Best OOS Sharpe: M128 (4.889, p=0.000)
2025-09-13 17:35:47,922 - INFO -   Best Q-Hit_Rate:  M84 (0.539, OOS_Sharpe=1.501, OOS_Hit=0.551)
2025-09-13 17:35:47,922 - INFO -   Mean OOS Sharpe: 1.251, Mean Hit: 0.509
2025-09-13 17:35:47,922 - INFO - 
2025-09-13 17:35:47,928 - INFO - Processing Fold 18/18
2025-09-13 17:35:47,939 - INFO -   Using GPU sequential processing
2025-09-13 17:38:54,688 - INFO - Fold 18 Summary:
2025-09-13 17:38:54,688 - INFO -   Best OOS Sharpe: M99 (3.532, p=0.000)
2025-09-13 17:38:54,688 - INFO -   Best Q-Hit_Rate:  M128 (0.542, OOS_Sharpe=2.527, OOS_Hit=0.599)
2025-09-13 17:38:54,688 - INFO -   Mean OOS Sharpe: 1.411, Mean Hit: 0.547
2025-09-13 17:38:54,688 - INFO - 
2025-09-13 17:38:54,694 - INFO - Starting full timeline backtesting...
2025-09-13 17:38:54,695 - INFO - Running full timeline backtest with 18 folds (0-based indexing)
2025-09-13 17:38:54,695 - INFO - Fold 0 skipped (no prior Q-score history for meaningful selection)
2025-09-13 17:38:54,695 - INFO - Effective backtest period: Folds 1-17 (17 folds)
2025-09-13 17:38:54,695 - INFO - Training period: Folds 1-10
2025-09-13 17:38:54,695 - INFO - Production period: Folds 11-17
2025-09-13 17:38:54,695 - INFO - Using consistent OOS methodology for all folds
2025-09-13 17:38:54,695 - INFO - Fold 0: Skipped (no prior Q-score history for meaningful selection)
2025-09-13 17:38:54,695 - INFO - 
--- Processing fold 1/17 ---
2025-09-13 17:38:54,741 - INFO - Fold 1: Q-scores from fold 0: ['M00:0.471', 'M01:0.426', 'M02:0.434', 'M03:0.529', 'M04:0.529']...
2025-09-13 17:38:54,741 - INFO - Fold 1: Selected models [12, 84, 28, 113, 148, 18, 121, 6] based on fold 0 Q-scores, avg Q-score: 0.566
2025-09-13 17:38:54,743 - INFO - Fold 1 (Training): Sharpe=1.188, Hit=55.1%
2025-09-13 17:38:54,743 - INFO - 
--- Processing fold 2/17 ---
2025-09-13 17:38:54,783 - INFO - Fold 2: Q-scores from fold 1: ['M00:0.477', 'M01:0.443', 'M02:0.444', 'M03:0.533', 'M04:0.529']...
2025-09-13 17:38:54,783 - INFO - Fold 2: Selected models [12, 84, 113, 28, 148, 19, 121, 6] based on fold 1 Q-scores, avg Q-score: 0.562
2025-09-13 17:38:54,784 - INFO - Fold 2 (Training): Sharpe=-0.785, Hit=55.1%
2025-09-13 17:38:54,784 - INFO - 
--- Processing fold 3/17 ---
2025-09-13 17:38:54,825 - INFO - Fold 3: Q-scores from fold 2: ['M00:0.473', 'M01:0.455', 'M02:0.454', 'M03:0.528', 'M04:0.529']...
2025-09-13 17:38:54,825 - INFO - Fold 3: Selected models [12, 84, 113, 148, 28, 19, 121, 58] based on fold 2 Q-scores, avg Q-score: 0.556
2025-09-13 17:38:54,827 - INFO - Fold 3 (Training): Sharpe=2.920, Hit=57.4%
2025-09-13 17:38:54,827 - INFO - 
--- Processing fold 4/17 ---
2025-09-13 17:38:54,870 - INFO - Fold 4: Q-scores from fold 3: ['M00:0.479', 'M01:0.472', 'M02:0.461', 'M03:0.528', 'M04:0.529']...
2025-09-13 17:38:54,870 - INFO - Fold 4: Selected models [12, 113, 148, 84, 19, 28, 121, 6] based on fold 3 Q-scores, avg Q-score: 0.556
2025-09-13 17:38:54,872 - INFO - Fold 4 (Training): Sharpe=-1.417, Hit=52.2%
2025-09-13 17:38:54,872 - INFO - 
--- Processing fold 5/17 ---
2025-09-13 17:38:54,902 - INFO - Fold 5: Q-scores from fold 4: ['M00:0.482', 'M01:0.468', 'M02:0.459', 'M03:0.527', 'M04:0.527']...
2025-09-13 17:38:54,902 - INFO - Fold 5: Selected models [12, 148, 113, 84, 19, 121, 18, 6] based on fold 4 Q-scores, avg Q-score: 0.550
2025-09-13 17:38:54,903 - INFO - Fold 5 (Training): Sharpe=0.112, Hit=52.2%
2025-09-13 17:38:54,903 - INFO - 
--- Processing fold 6/17 ---
2025-09-13 17:38:54,934 - INFO - Fold 6: Q-scores from fold 5: ['M00:0.484', 'M01:0.478', 'M02:0.467', 'M03:0.513', 'M04:0.525']...
2025-09-13 17:38:54,934 - INFO - Fold 6: Selected models [12, 148, 28, 113, 58, 6, 19, 84] based on fold 5 Q-scores, avg Q-score: 0.546
2025-09-13 17:38:54,935 - INFO - Fold 6 (Training): Sharpe=2.740, Hit=57.4%
2025-09-13 17:38:54,935 - INFO - 
--- Processing fold 7/17 ---
2025-09-13 17:38:54,971 - INFO - Fold 7: Q-scores from fold 6: ['M00:0.485', 'M01:0.485', 'M02:0.472', 'M03:0.514', 'M04:0.525']...
2025-09-13 17:38:54,971 - INFO - Fold 7: Selected models [12, 148, 28, 113, 84, 19, 58, 60] based on fold 6 Q-scores, avg Q-score: 0.546
2025-09-13 17:38:54,972 - INFO - Fold 7 (Training): Sharpe=1.936, Hit=49.3%
2025-09-13 17:38:54,972 - INFO - 
--- Processing fold 8/17 ---
2025-09-13 17:38:55,000 - INFO - Fold 8: Q-scores from fold 7: ['M00:0.494', 'M01:0.485', 'M02:0.482', 'M03:0.511', 'M04:0.524']...
2025-09-13 17:38:55,000 - INFO - Fold 8: Selected models [12, 148, 84, 19, 58, 28, 94, 18] based on fold 7 Q-scores, avg Q-score: 0.543
2025-09-13 17:38:55,002 - INFO - Fold 8 (Training): Sharpe=0.500, Hit=47.8%
2025-09-13 17:38:55,002 - INFO - 
--- Processing fold 9/17 ---
2025-09-13 17:38:55,034 - INFO - Fold 9: Q-scores from fold 8: ['M00:0.491', 'M01:0.481', 'M02:0.478', 'M03:0.509', 'M04:0.522']...
2025-09-13 17:38:55,034 - INFO - Fold 9: Selected models [12, 148, 58, 19, 84, 40, 113, 28] based on fold 8 Q-scores, avg Q-score: 0.537
2025-09-13 17:38:55,036 - INFO - Fold 9 (Training): Sharpe=2.121, Hit=58.1%
2025-09-13 17:38:55,036 - INFO - 
--- Processing fold 10/17 ---
2025-09-13 17:38:55,070 - INFO - Fold 10: Q-scores from fold 9: ['M00:0.491', 'M01:0.485', 'M02:0.475', 'M03:0.506', 'M04:0.523']...
2025-09-13 17:38:55,071 - INFO - Fold 10: Selected models [12, 19, 148, 28, 58, 84, 128, 94] based on fold 9 Q-scores, avg Q-score: 0.538
2025-09-13 17:38:55,072 - INFO - Fold 10 (Training): Sharpe=2.522, Hit=52.2%
2025-09-13 17:38:55,072 - INFO - 
--- Processing fold 11/17 ---
2025-09-13 17:38:55,110 - INFO - Fold 11: Q-scores from fold 10: ['M00:0.495', 'M01:0.485', 'M02:0.476', 'M03:0.507', 'M04:0.531']...
2025-09-13 17:38:55,110 - INFO - Fold 11: Selected models [148, 12, 19, 28, 58, 94, 68, 18] based on fold 10 Q-scores, avg Q-score: 0.538
2025-09-13 17:38:55,112 - INFO - Fold 11 (Production): Sharpe=1.884, Hit=48.5%
2025-09-13 17:38:55,112 - INFO - 
--- Processing fold 12/17 ---
2025-09-13 17:38:55,148 - INFO - Fold 12: Q-scores from fold 11: ['M00:0.491', 'M01:0.482', 'M02:0.474', 'M03:0.506', 'M04:0.531']...
2025-09-13 17:38:55,148 - INFO - Fold 12: Selected models [148, 19, 12, 58, 94, 84, 75, 68] based on fold 11 Q-scores, avg Q-score: 0.536
2025-09-13 17:38:55,150 - INFO - Fold 12 (Production): Sharpe=0.525, Hit=52.9%
2025-09-13 17:38:55,150 - INFO - 
--- Processing fold 13/17 ---
2025-09-13 17:38:55,186 - INFO - Fold 13: Q-scores from fold 12: ['M00:0.490', 'M01:0.484', 'M02:0.476', 'M03:0.502', 'M04:0.524']...
2025-09-13 17:38:55,187 - INFO - Fold 13: Selected models [19, 84, 148, 116, 94, 75, 40, 113] based on fold 12 Q-scores, avg Q-score: 0.533
2025-09-13 17:38:55,188 - INFO - Fold 13 (Production): Sharpe=1.327, Hit=52.2%
2025-09-13 17:38:55,188 - INFO - 
--- Processing fold 14/17 ---
2025-09-13 17:38:55,224 - INFO - Fold 14: Q-scores from fold 13: ['M00:0.494', 'M01:0.488', 'M02:0.478', 'M03:0.498', 'M04:0.519']...
2025-09-13 17:38:55,225 - INFO - Fold 14: Selected models [148, 84, 19, 116, 128, 94, 30, 138] based on fold 13 Q-scores, avg Q-score: 0.533
2025-09-13 17:38:55,225 - INFO - Fold 14 (Production): Sharpe=2.805, Hit=63.2%
2025-09-13 17:38:55,226 - INFO - 
--- Processing fold 15/17 ---
2025-09-13 17:38:55,255 - INFO - Fold 15: Q-scores from fold 14: ['M00:0.500', 'M01:0.496', 'M02:0.483', 'M03:0.504', 'M04:0.518']...
2025-09-13 17:38:55,256 - INFO - Fold 15: Selected models [84, 148, 116, 19, 94, 40, 85, 138] based on fold 14 Q-scores, avg Q-score: 0.538
2025-09-13 17:38:55,257 - INFO - Fold 15 (Production): Sharpe=2.287, Hit=50.0%
2025-09-13 17:38:55,257 - INFO - 
--- Processing fold 16/17 ---
2025-09-13 17:38:55,292 - INFO - Fold 16: Q-scores from fold 15: ['M00:0.505', 'M01:0.495', 'M02:0.491', 'M03:0.507', 'M04:0.514']...
2025-09-13 17:38:55,293 - INFO - Fold 16: Selected models [148, 19, 84, 68, 85, 110, 82, 138] based on fold 15 Q-scores, avg Q-score: 0.537
2025-09-13 17:38:55,294 - INFO - Fold 16 (Production): Sharpe=2.431, Hit=54.4%
2025-09-13 17:38:55,294 - INFO - 
--- Processing fold 17/17 ---
2025-09-13 17:38:55,326 - INFO - Fold 17: Q-scores from fold 16: ['M00:0.510', 'M01:0.502', 'M02:0.489', 'M03:0.506', 'M04:0.516']...
2025-09-13 17:38:55,326 - INFO - Fold 17: Selected models [84, 19, 148, 128, 68, 101, 110, 113] based on fold 16 Q-scores, avg Q-score: 0.536
2025-09-13 17:38:55,328 - INFO - Fold 17 (Production): Sharpe=1.440, Hit=55.1%
2025-09-13 17:38:55,329 - INFO - Training Period Overall: Sharpe=1.262, Hit=53.7%
2025-09-13 17:38:55,330 - INFO - Production Period Overall: Sharpe=1.672, Hit=53.8%
2025-09-13 17:38:55,331 - INFO - Full Timeline Overall: Sharpe=1.429, Hit=53.7%
2025-09-13 17:38:55,332 - INFO - Training: Sharpe=1.262 | Hit=53.7% | Return=2.23%
2025-09-13 17:38:55,332 - INFO - Production: Sharpe=1.672 | Hit=53.8% | Return=5.36%
2025-09-13 17:38:55,332 - INFO - Full Timeline: Sharpe=1.429 | Hit=53.7% | Return=3.53%
2025-09-13 17:38:55,332 - INFO - Generating visualizations...
2025-09-13 17:38:55,332 - INFO - Creating clean visualizations for 150 models...
2025-09-13 17:38:59,583 - INFO - Clean fold-by-fold analysis saved to: 20250913_161449_fold_@TY#C_150models_20folds_v2_H5.3_TY_optimal_150M.png
2025-09-13 17:39:03,894 - INFO - Detailed production analysis saved to: 20250913_161449_backtest_@TY#C_150models_20folds_v2_H5.3_TY_optimal_150M.png
2025-09-13 17:39:03,894 - INFO - ================================================================================
2025-09-13 17:39:03,894 - INFO - BACKTEST SUMMARY
2025-09-13 17:39:03,894 - INFO - ================================================================================
2025-09-13 17:39:03,894 - INFO - Config: Cutoff=70%, Top N=5, Q-Metric=sharpe, Reselection=1 fold(s)
2025-09-13 17:39:03,894 - INFO - Model Selection History:
2025-09-13 17:39:03,894 - INFO -   Fold 1: M12, M84, M28, M113, M148, M18, M121, M06 (Avg Q-sharpe: 0.566)
2025-09-13 17:39:03,894 - INFO -   Fold 2: M12, M84, M113, M28, M148, M19, M121, M06 (Avg Q-sharpe: 0.562)
2025-09-13 17:39:03,894 - INFO -   Fold 3: M12, M84, M113, M148, M28, M19, M121, M58 (Avg Q-sharpe: 0.556)
2025-09-13 17:39:03,894 - INFO -   Fold 4: M12, M113, M148, M84, M19, M28, M121, M06 (Avg Q-sharpe: 0.556)
2025-09-13 17:39:03,894 - INFO -   Fold 5: M12, M148, M113, M84, M19, M121, M18, M06 (Avg Q-sharpe: 0.550)
2025-09-13 17:39:03,894 - INFO -   Fold 6: M12, M148, M28, M113, M58, M06, M19, M84 (Avg Q-sharpe: 0.546)
2025-09-13 17:39:03,894 - INFO -   Fold 7: M12, M148, M28, M113, M84, M19, M58, M60 (Avg Q-sharpe: 0.546)
2025-09-13 17:39:03,894 - INFO -   Fold 8: M12, M148, M84, M19, M58, M28, M94, M18 (Avg Q-sharpe: 0.543)
2025-09-13 17:39:03,894 - INFO -   Fold 9: M12, M148, M58, M19, M84, M40, M113, M28 (Avg Q-sharpe: 0.537)
2025-09-13 17:39:03,895 - INFO -   Fold 10: M12, M19, M148, M28, M58, M84, M128, M94 (Avg Q-sharpe: 0.538)
2025-09-13 17:39:03,895 - INFO -   Fold 11: M148, M12, M19, M28, M58, M94, M68, M18 (Avg Q-sharpe: 0.538)
2025-09-13 17:39:03,895 - INFO -   Fold 12: M148, M19, M12, M58, M94, M84, M75, M68 (Avg Q-sharpe: 0.536)
2025-09-13 17:39:03,895 - INFO -   Fold 13: M19, M84, M148, M116, M94, M75, M40, M113 (Avg Q-sharpe: 0.533)
2025-09-13 17:39:03,895 - INFO -   Fold 14: M148, M84, M19, M116, M128, M94, M30, M138 (Avg Q-sharpe: 0.533)
2025-09-13 17:39:03,895 - INFO -   Fold 15: M84, M148, M116, M19, M94, M40, M85, M138 (Avg Q-sharpe: 0.538)
2025-09-13 17:39:03,895 - INFO -   Fold 16: M148, M19, M84, M68, M85, M110, M82, M138 (Avg Q-sharpe: 0.537)
2025-09-13 17:39:03,895 - INFO -   Fold 17: M84, M19, M148, M128, M68, M101, M110, M113 (Avg Q-sharpe: 0.536)
2025-09-13 17:39:03,895 - INFO - 
2025-09-13 17:39:03,895 - INFO - Fold-by-Fold Performance:
2025-09-13 17:39:03,895 - INFO -   Fold 1: M12, M84, M28, M113, M148, M18, M121, M06 | Sharpe=1.188 | Hit=55.1% | Samples=136
2025-09-13 17:39:03,895 - INFO -   Fold 2: M12, M84, M113, M28, M148, M19, M121, M06 | Sharpe=-0.785 | Hit=55.1% | Samples=136
2025-09-13 17:39:03,895 - INFO -   Fold 3: M12, M84, M113, M148, M28, M19, M121, M58 | Sharpe=2.920 | Hit=57.4% | Samples=136
2025-09-13 17:39:03,895 - INFO -   Fold 4: M12, M113, M148, M84, M19, M28, M121, M06 | Sharpe=-1.417 | Hit=52.2% | Samples=136
2025-09-13 17:39:03,895 - INFO -   Fold 5: M12, M148, M113, M84, M19, M121, M18, M06 | Sharpe=0.112 | Hit=52.2% | Samples=136
2025-09-13 17:39:03,895 - INFO -   Fold 6: M12, M148, M28, M113, M58, M06, M19, M84 | Sharpe=2.740 | Hit=57.4% | Samples=136
2025-09-13 17:39:03,895 - INFO -   Fold 7: M12, M148, M28, M113, M84, M19, M58, M60 | Sharpe=1.936 | Hit=49.3% | Samples=136
2025-09-13 17:39:03,895 - INFO -   Fold 8: M12, M148, M84, M19, M58, M28, M94, M18 | Sharpe=0.500 | Hit=47.8% | Samples=136
2025-09-13 17:39:03,895 - INFO -   Fold 9: M12, M148, M58, M19, M84, M40, M113, M28 | Sharpe=2.121 | Hit=58.1% | Samples=136
2025-09-13 17:39:03,895 - INFO -   Fold 10: M12, M19, M148, M28, M58, M84, M128, M94 | Sharpe=2.522 | Hit=52.2% | Samples=136
2025-09-13 17:39:03,895 - INFO -   Fold 11: M148, M12, M19, M28, M58, M94, M68, M18 | Sharpe=1.884 | Hit=48.5% | Samples=136
2025-09-13 17:39:03,895 - INFO -   Fold 12: M148, M19, M12, M58, M94, M84, M75, M68 | Sharpe=0.525 | Hit=52.9% | Samples=136
2025-09-13 17:39:03,895 - INFO -   Fold 13: M19, M84, M148, M116, M94, M75, M40, M113 | Sharpe=1.327 | Hit=52.2% | Samples=136
2025-09-13 17:39:03,895 - INFO -   Fold 14: M148, M84, M19, M116, M128, M94, M30, M138 | Sharpe=2.805 | Hit=63.2% | Samples=136
2025-09-13 17:39:03,895 - INFO -   Fold 15: M84, M148, M116, M19, M94, M40, M85, M138 | Sharpe=2.287 | Hit=50.0% | Samples=136
2025-09-13 17:39:03,895 - INFO -   Fold 16: M148, M19, M84, M68, M85, M110, M82, M138 | Sharpe=2.431 | Hit=54.4% | Samples=136
2025-09-13 17:39:03,895 - INFO -   Fold 17: M84, M19, M148, M128, M68, M101, M110, M113 | Sharpe=1.440 | Hit=55.1% | Samples=147
2025-09-13 17:39:03,895 - INFO - ================================================================================
2025-09-13 17:39:03,895 - INFO - ================================================================================
2025-09-13 17:39:03,895 - INFO - ANALYSIS COMPLETED SUCCESSFULLY!
2025-09-13 17:39:03,896 - INFO - ================================================================================
2025-09-13 17:39:03,896 - INFO - Generated 2 visualization files
2025-09-13 17:39:03,896 - INFO -   - 20250913_161449_fold_@TY#C_150models_20folds_v2_H5.3_TY_optimal_150M.png
2025-09-13 17:39:03,896 - INFO -   - 20250913_161449_backtest_@TY#C_150models_20folds_v2_H5.3_TY_optimal_150M.png
2025-09-13 17:39:03,896 - INFO - Training Final: Sharpe=1.262 | Hit=53.7% | Return=2.23% | CB=0.779
2025-09-13 17:39:03,896 - INFO - Production Final: Sharpe=1.672 | Hit=53.8% | Return=5.36% | CB=2.080
2025-09-13 17:39:03,896 - INFO - Full Timeline Final: Sharpe=1.429 | Hit=53.7% | Return=3.53% | CB=1.231
