2025-09-13 08:17:20,835 - INFO - ================================================================================
2025-09-13 08:17:20,835 - INFO - XGBoost Comparison Framework
2025-09-13 08:17:20,835 - INFO - ================================================================================
2025-09-13 08:17:20,835 - INFO - Configuration:
2025-09-13 08:17:20,836 - INFO -   Target Symbol: @TY#C
2025-09-13 08:17:20,836 - INFO -   Date Range: 2015-01-01 to 2025-08-01
2025-09-13 08:17:20,836 - INFO -   Models: 100, Type: tiered
2025-09-13 08:17:20,836 - INFO -   Folds: 10
2025-09-13 08:17:20,836 - INFO -   Max Features: -1 (Auto)
2025-09-13 08:17:20,836 - INFO -   Feature Selection: Enabled
2025-09-13 08:17:20,836 - INFO -   Inner Val Fraction: 0.2
2025-09-13 08:17:20,836 - INFO -   EWMA Alpha: 0.1, Quality Halflife: 63 days
2025-09-13 08:17:20,836 - INFO -   Signal Type: Tanh Normalized
2025-09-13 08:17:20,836 - INFO -   Cross-validation: Expanding window
2025-09-13 08:17:20,836 - INFO -   Production: Cutoff=0.6, Top N=5, Q-Metric=sharpe
2025-09-13 08:17:20,836 - INFO -   Reselection: Every 1 fold(s)
2025-09-13 08:17:20,836 - INFO - 
2025-09-13 08:17:27,802 - INFO - Dropped 4 rows due to NaN in target column @TY#C_target_return
2025-09-13 08:17:28,062 - INFO - Loaded: X=(2731, 1906), y=(2731,)
2025-09-13 08:18:02,022 - INFO - Selected 754 features (threshold: 0.7)
2025-09-13 08:18:02,044 - INFO - Selected: 754 features
2025-09-13 08:18:03,455 - INFO - GPU detection: CUDA GPU available and working
2025-09-13 08:18:03,455 - INFO - Processing mode: GPU sequential (GPU: True, Total models: 1000)
2025-09-13 08:18:04,407 - INFO - GPU detection: CUDA GPU available and working
2025-09-13 08:18:04,428 - INFO - Using expanding window
2025-09-13 08:18:04,428 - INFO - Starting analysis: 100 tiered models x 9 folds
2025-09-13 08:18:04,428 - INFO - Processing Fold 1/9
2025-09-13 08:18:04,638 - INFO -   Using GPU sequential processing
2025-09-13 08:30:04,245 - INFO - Fold 1 Summary:
2025-09-13 08:30:04,245 - INFO -   Best OOS Sharpe: M32 (2.745, p=0.020)
2025-09-13 08:30:04,245 - INFO -   Best Q-Sharpe:  M32 (2.745, OOS_Sharpe=2.745, OOS_Hit=0.553)
2025-09-13 08:30:04,245 - INFO -   Mean OOS Sharpe: 0.609, Mean Hit: 0.512
2025-09-13 08:30:04,245 - INFO - 
2025-09-13 08:30:04,260 - INFO - Processing Fold 2/9
2025-09-13 08:30:04,373 - INFO -   Using GPU sequential processing
2025-09-13 08:45:48,672 - INFO - Fold 2 Summary:
2025-09-13 08:45:48,678 - INFO -   Best OOS Sharpe: M39 (1.974, p=0.100)
2025-09-13 08:45:48,678 - INFO -   Best Q-Sharpe:  M32 (2.547, OOS_Sharpe=0.766, OOS_Hit=0.505)
2025-09-13 08:45:48,678 - INFO -   Mean OOS Sharpe: 0.249, Mean Hit: 0.522
2025-09-13 08:45:48,678 - INFO - 
2025-09-13 08:45:48,685 - INFO - Processing Fold 3/9
2025-09-13 08:45:48,841 - INFO -   Using GPU sequential processing
2025-09-13 09:02:58,600 - INFO - Fold 3 Summary:
2025-09-13 09:02:58,600 - INFO -   Best OOS Sharpe: M78 (0.951, p=0.240)
2025-09-13 09:02:58,600 - INFO -   Best Q-Sharpe:  M32 (2.194, OOS_Sharpe=-0.978, OOS_Hit=0.454)
2025-09-13 09:02:58,600 - INFO -   Mean OOS Sharpe: -0.739, Mean Hit: 0.469
2025-09-13 09:02:58,600 - INFO - 
2025-09-13 09:02:58,606 - INFO - Processing Fold 4/9
2025-09-13 09:02:58,752 - INFO -   Using GPU sequential processing
2025-09-13 09:20:54,560 - INFO - Fold 4 Summary:
2025-09-13 09:20:54,602 - INFO -   Best OOS Sharpe: M74 (3.207, p=0.010)
2025-09-13 09:20:54,604 - INFO -   Best Q-Sharpe:  M32 (2.006, OOS_Sharpe=0.311, OOS_Hit=0.524)
2025-09-13 09:20:54,604 - INFO -   Mean OOS Sharpe: 1.423, Mean Hit: 0.527
2025-09-13 09:20:54,604 - INFO - 
2025-09-13 09:20:54,611 - INFO - Processing Fold 5/9
2025-09-13 09:20:54,741 - INFO -   Using GPU sequential processing
2025-09-13 09:39:31,702 - INFO - Fold 5 Summary:
2025-09-13 09:39:31,702 - INFO -   Best OOS Sharpe: M10 (1.271, p=0.170)
2025-09-13 09:39:31,702 - INFO -   Best Q-Sharpe:  M89 (1.678, OOS_Sharpe=-0.235, OOS_Hit=0.509)
2025-09-13 09:39:31,702 - INFO -   Mean OOS Sharpe: -0.240, Mean Hit: 0.494
2025-09-13 09:39:31,702 - INFO - 
2025-09-13 09:39:31,714 - INFO - Processing Fold 6/9
2025-09-13 09:39:31,838 - INFO -   Using GPU sequential processing
2025-09-13 09:58:31,158 - INFO - Fold 6 Summary:
2025-09-13 09:58:31,159 - INFO -   Best OOS Sharpe: M38 (3.257, p=0.000)
2025-09-13 09:58:31,159 - INFO -   Best Q-Sharpe:  M89 (1.624, OOS_Sharpe=1.144, OOS_Hit=0.513)
2025-09-13 09:58:31,159 - INFO -   Mean OOS Sharpe: 0.998, Mean Hit: 0.509
2025-09-13 09:58:31,159 - INFO - 
2025-09-13 09:58:31,167 - INFO - Processing Fold 7/9
2025-09-13 09:58:31,243 - INFO -   Using GPU sequential processing
2025-09-13 10:17:00,820 - INFO - Fold 7 Summary:
2025-09-13 10:17:00,826 - INFO -   Best OOS Sharpe: M27 (2.436, p=0.010)
2025-09-13 10:17:00,826 - INFO -   Best Q-Sharpe:  M89 (1.463, OOS_Sharpe=0.006, OOS_Hit=0.516)
2025-09-13 10:17:00,826 - INFO -   Mean OOS Sharpe: 0.037, Mean Hit: 0.508
2025-09-13 10:17:00,826 - INFO - 
2025-09-13 10:17:00,897 - INFO - Processing Fold 8/9
2025-09-13 10:17:01,201 - INFO -   Using GPU sequential processing
2025-09-13 10:34:37,494 - INFO - Fold 8 Summary:
2025-09-13 10:34:37,494 - INFO -   Best OOS Sharpe: M19 (2.301, p=0.040)
2025-09-13 10:34:37,494 - INFO -   Best Q-Sharpe:  M74 (1.431, OOS_Sharpe=1.266, OOS_Hit=0.531)
2025-09-13 10:34:37,494 - INFO -   Mean OOS Sharpe: 1.075, Mean Hit: 0.535
2025-09-13 10:34:37,495 - INFO - 
2025-09-13 10:34:37,501 - INFO - Processing Fold 9/9
2025-09-13 10:34:37,620 - INFO -   Using GPU sequential processing
2025-09-13 10:50:41,615 - INFO - Fold 9 Summary:
2025-09-13 10:50:41,615 - INFO -   Best OOS Sharpe: M97 (2.484, p=0.010)
2025-09-13 10:50:41,615 - INFO -   Best Q-Sharpe:  M23 (1.332, OOS_Sharpe=1.171, OOS_Hit=0.522)
2025-09-13 10:50:41,615 - INFO -   Mean OOS Sharpe: 0.179, Mean Hit: 0.498
2025-09-13 10:50:41,615 - INFO - 
2025-09-13 10:50:41,630 - INFO - Starting full timeline backtesting...
2025-09-13 10:50:41,630 - INFO - Running full timeline backtest with 9 folds (0-based indexing)
2025-09-13 10:50:41,630 - INFO - Fold 0 skipped (no prior Q-score history for meaningful selection)
2025-09-13 10:50:41,630 - INFO - Effective backtest period: Folds 1-8 (8 folds)
2025-09-13 10:50:41,630 - INFO - Training period: Folds 1-5
2025-09-13 10:50:41,630 - INFO - Production period: Folds 6-8
2025-09-13 10:50:41,630 - INFO - Using consistent OOS methodology for all folds
2025-09-13 10:50:41,631 - INFO - Fold 0: Skipped (no prior Q-score history for meaningful selection)
2025-09-13 10:50:41,631 - INFO - 
--- Processing fold 1/8 ---
2025-09-13 10:50:41,653 - INFO - Fold 1: Q-scores from fold 0: ['M00:0.251', 'M01:0.456', 'M02:1.021', 'M03:0.954', 'M04:0.153']...
2025-09-13 10:50:41,654 - INFO - Fold 1: Selected models [32, 5, 89, 74, 23] based on fold 0 Q-scores, avg Q-score: 2.295
2025-09-13 10:50:41,655 - INFO - Fold 1 (Training): Sharpe=0.286, Hit=53.8%
2025-09-13 10:50:41,655 - INFO - 
--- Processing fold 2/8 ---
2025-09-13 10:50:41,674 - INFO - Fold 2: Q-scores from fold 1: ['M00:0.193', 'M01:0.488', 'M02:0.877', 'M03:0.932', 'M04:0.111']...
2025-09-13 10:50:41,674 - INFO - Fold 2: Selected models [32, 74, 5, 89, 23] based on fold 1 Q-scores, avg Q-score: 2.089
2025-09-13 10:50:41,675 - INFO - Fold 2 (Training): Sharpe=-0.949, Hit=46.2%
2025-09-13 10:50:41,675 - INFO - 
--- Processing fold 3/8 ---
2025-09-13 10:50:41,696 - INFO - Fold 3: Q-scores from fold 2: ['M00:0.091', 'M01:0.349', 'M02:0.784', 'M03:0.874', 'M04:-0.086']...
2025-09-13 10:50:41,696 - INFO - Fold 3: Selected models [32, 89, 5, 74, 23] based on fold 2 Q-scores, avg Q-score: 1.802
2025-09-13 10:50:41,698 - INFO - Fold 3 (Training): Sharpe=2.534, Hit=52.7%
2025-09-13 10:50:41,698 - INFO - 
--- Processing fold 4/8 ---
2025-09-13 10:50:41,719 - INFO - Fold 4: Q-scores from fold 3: ['M00:0.138', 'M01:0.469', 'M02:0.906', 'M03:0.986', 'M04:0.031']...
2025-09-13 10:50:41,720 - INFO - Fold 4: Selected models [32, 89, 74, 5, 23] based on fold 3 Q-scores, avg Q-score: 1.815
2025-09-13 10:50:41,721 - INFO - Fold 4 (Training): Sharpe=-0.894, Hit=45.1%
2025-09-13 10:50:41,721 - INFO - 
--- Processing fold 5/8 ---
2025-09-13 10:50:41,746 - INFO - Fold 5: Q-scores from fold 4: ['M00:0.044', 'M01:0.415', 'M02:0.772', 'M03:0.838', 'M04:-0.025']...
2025-09-13 10:50:41,747 - INFO - Fold 5: Selected models [89, 32, 74, 5, 23] based on fold 4 Q-scores, avg Q-score: 1.560
2025-09-13 10:50:41,748 - INFO - Fold 5 (Training): Sharpe=1.347, Hit=53.1%
2025-09-13 10:50:41,748 - INFO - 
--- Processing fold 6/8 ---
2025-09-13 10:50:41,772 - INFO - Fold 6: Q-scores from fold 5: ['M00:0.101', 'M01:0.450', 'M02:0.781', 'M03:0.931', 'M04:-0.027']...
2025-09-13 10:50:41,772 - INFO - Fold 6: Selected models [89, 32, 74, 5, 23] based on fold 5 Q-scores, avg Q-score: 1.516
2025-09-13 10:50:41,773 - INFO - Fold 6 (Production): Sharpe=0.059, Hit=51.3%
2025-09-13 10:50:41,774 - INFO - 
--- Processing fold 7/8 ---
2025-09-13 10:50:41,798 - INFO - Fold 7: Q-scores from fold 6: ['M00:0.028', 'M01:0.456', 'M02:0.648', 'M03:0.796', 'M04:-0.095']...
2025-09-13 10:50:41,799 - INFO - Fold 7: Selected models [89, 74, 23, 32, 5] based on fold 6 Q-scores, avg Q-score: 1.369
2025-09-13 10:50:41,800 - INFO - Fold 7 (Production): Sharpe=1.365, Hit=56.0%
2025-09-13 10:50:41,801 - INFO - 
--- Processing fold 8/8 ---
2025-09-13 10:50:41,825 - INFO - Fold 8: Q-scores from fold 7: ['M00:0.124', 'M01:0.484', 'M02:0.695', 'M03:0.742', 'M04:0.016']...
2025-09-13 10:50:41,826 - INFO - Fold 8: Selected models [74, 89, 23, 32, 5] based on fold 7 Q-scores, avg Q-score: 1.336
2025-09-13 10:50:41,827 - INFO - Fold 8 (Production): Sharpe=0.529, Hit=51.5%
2025-09-13 10:50:41,828 - INFO - Training Period Overall: Sharpe=0.692, Hit=50.2%
2025-09-13 10:50:41,829 - INFO - Production Period Overall: Sharpe=0.575, Hit=52.9%
2025-09-13 10:50:41,831 - INFO - Full Timeline Overall: Sharpe=0.624, Hit=51.2%
2025-09-13 10:50:41,832 - INFO - Training: Sharpe=0.692 | Hit=50.2% | Return=1.53%
2025-09-13 10:50:41,832 - INFO - Production: Sharpe=0.575 | Hit=52.9% | Return=1.91%
2025-09-13 10:50:41,832 - INFO - Full Timeline: Sharpe=0.624 | Hit=51.2% | Return=1.67%
2025-09-13 10:50:41,832 - INFO - Generating visualizations...
2025-09-13 10:50:41,832 - INFO - Creating clean visualizations for 100 models...
2025-09-13 10:50:44,993 - INFO - Clean fold-by-fold analysis saved to: 20250913_081720_fold_@TY#C_100models_10folds_v2_S4.4_TY_allfeat_tiered_10F.png
2025-09-13 10:50:47,816 - INFO - Detailed production analysis saved to: 20250913_081720_backtest_@TY#C_100models_10folds_v2_S4.4_TY_allfeat_tiered_10F.png
2025-09-13 10:50:47,816 - INFO - ================================================================================
2025-09-13 10:50:47,816 - INFO - BACKTEST SUMMARY
2025-09-13 10:50:47,816 - INFO - ================================================================================
2025-09-13 10:50:47,816 - INFO - Config: Cutoff=70%, Top N=5, Q-Metric=sharpe, Reselection=1 fold(s)
2025-09-13 10:50:47,816 - INFO - Model Selection History:
2025-09-13 10:50:47,816 - INFO -   Fold 1: M32, M05, M89, M74, M23 (Avg Q-sharpe: 2.295)
2025-09-13 10:50:47,816 - INFO -   Fold 2: M32, M74, M05, M89, M23 (Avg Q-sharpe: 2.089)
2025-09-13 10:50:47,816 - INFO -   Fold 3: M32, M89, M05, M74, M23 (Avg Q-sharpe: 1.802)
2025-09-13 10:50:47,816 - INFO -   Fold 4: M32, M89, M74, M05, M23 (Avg Q-sharpe: 1.815)
2025-09-13 10:50:47,817 - INFO -   Fold 5: M89, M32, M74, M05, M23 (Avg Q-sharpe: 1.560)
2025-09-13 10:50:47,817 - INFO -   Fold 6: M89, M32, M74, M05, M23 (Avg Q-sharpe: 1.516)
2025-09-13 10:50:47,817 - INFO -   Fold 7: M89, M74, M23, M32, M05 (Avg Q-sharpe: 1.369)
2025-09-13 10:50:47,817 - INFO -   Fold 8: M74, M89, M23, M32, M05 (Avg Q-sharpe: 1.336)
2025-09-13 10:50:47,817 - INFO - 
2025-09-13 10:50:47,817 - INFO - Fold-by-Fold Performance:
2025-09-13 10:50:47,817 - INFO -   Fold 1: M32, M05, M89, M74, M23 | Sharpe=0.286 | Hit=53.8% | Samples=273
2025-09-13 10:50:47,817 - INFO -   Fold 2: M32, M74, M05, M89, M23 | Sharpe=-0.949 | Hit=46.2% | Samples=273
2025-09-13 10:50:47,817 - INFO -   Fold 3: M32, M89, M05, M74, M23 | Sharpe=2.534 | Hit=52.7% | Samples=273
2025-09-13 10:50:47,817 - INFO -   Fold 4: M32, M89, M74, M05, M23 | Sharpe=-0.894 | Hit=45.1% | Samples=273
2025-09-13 10:50:47,817 - INFO -   Fold 5: M89, M32, M74, M05, M23 | Sharpe=1.347 | Hit=53.1% | Samples=273
2025-09-13 10:50:47,817 - INFO -   Fold 6: M89, M32, M74, M05, M23 | Sharpe=0.059 | Hit=51.3% | Samples=273
2025-09-13 10:50:47,817 - INFO -   Fold 7: M89, M74, M23, M32, M05 | Sharpe=1.365 | Hit=56.0% | Samples=273
2025-09-13 10:50:47,817 - INFO -   Fold 8: M74, M89, M23, M32, M05 | Sharpe=0.529 | Hit=51.5% | Samples=274
2025-09-13 10:50:47,817 - INFO - ================================================================================
2025-09-13 10:50:47,817 - INFO - ================================================================================
2025-09-13 10:50:47,817 - INFO - ANALYSIS COMPLETED SUCCESSFULLY!
2025-09-13 10:50:47,817 - INFO - ================================================================================
2025-09-13 10:50:47,817 - INFO - Generated 2 visualization files
2025-09-13 10:50:47,817 - INFO -   - 20250913_081720_fold_@TY#C_100models_10folds_v2_S4.4_TY_allfeat_tiered_10F.png
2025-09-13 10:50:47,817 - INFO -   - 20250913_081720_backtest_@TY#C_100models_10folds_v2_S4.4_TY_allfeat_tiered_10F.png
2025-09-13 10:50:47,817 - INFO - Training Final: Sharpe=0.692 | Hit=50.2% | Return=1.53% | CB=0.333
2025-09-13 10:50:47,817 - INFO - Production Final: Sharpe=0.575 | Hit=52.9% | Return=1.91% | CB=0.652
2025-09-13 10:50:47,817 - INFO - Full Timeline Final: Sharpe=0.624 | Hit=51.2% | Return=1.67% | CB=0.364
