2025-09-13 08:17:40,067 - INFO - ================================================================================
2025-09-13 08:17:40,067 - INFO - XGBoost Comparison Framework
2025-09-13 08:17:40,067 - INFO - ================================================================================
2025-09-13 08:17:40,067 - INFO - Configuration:
2025-09-13 08:17:40,067 - INFO -   Target Symbol: @EU#C
2025-09-13 08:17:40,067 - INFO -   Date Range: 2015-01-01 to 2025-08-01
2025-09-13 08:17:40,067 - INFO -   Models: 100, Type: tiered
2025-09-13 08:17:40,068 - INFO -   Folds: 20
2025-09-13 08:17:40,068 - INFO -   Max Features: -1 (Auto)
2025-09-13 08:17:40,068 - INFO -   Feature Selection: Enabled
2025-09-13 08:17:40,069 - INFO -   Inner Val Fraction: 0.2
2025-09-13 08:17:40,069 - INFO -   EWMA Alpha: 0.1, Quality Halflife: 63 days
2025-09-13 08:17:40,069 - INFO -   Signal Type: Tanh Normalized
2025-09-13 08:17:40,069 - INFO -   Cross-validation: Expanding window
2025-09-13 08:17:40,069 - INFO -   Production: Cutoff=0.6, Top N=5, Q-Metric=sharpe
2025-09-13 08:17:40,069 - INFO -   Reselection: Every 1 fold(s)
2025-09-13 08:17:40,069 - INFO - 
2025-09-13 08:17:51,359 - INFO - Dropped 3 rows due to NaN in target column @EU#C_target_return
2025-09-13 08:17:51,636 - INFO - Loaded: X=(2732, 1906), y=(2732,)
2025-09-13 08:18:25,015 - INFO - Selected 741 features (threshold: 0.7)
2025-09-13 08:18:25,037 - INFO - Selected: 741 features
2025-09-13 08:18:26,430 - INFO - GPU detection: CUDA GPU available and working
2025-09-13 08:18:26,430 - INFO - Processing mode: GPU sequential (GPU: True, Total models: 2000)
2025-09-13 08:18:27,097 - INFO - GPU detection: CUDA GPU available and working
2025-09-13 08:18:27,123 - INFO - Using expanding window
2025-09-13 08:18:27,123 - INFO - Starting analysis: 100 tiered models x 18 folds
2025-09-13 08:18:27,123 - INFO - Processing Fold 1/18
2025-09-13 08:18:27,391 - INFO -   Using GPU sequential processing
2025-09-13 08:31:20,270 - INFO - Fold 1 Summary:
2025-09-13 08:31:20,270 - INFO -   Best OOS Sharpe: M40 (2.281, p=0.140)
2025-09-13 08:31:20,270 - INFO -   Best Q-Sharpe:  M40 (2.281, OOS_Sharpe=2.281, OOS_Hit=0.581)
2025-09-13 08:31:20,271 - INFO -   Mean OOS Sharpe: -1.271, Mean Hit: 0.463
2025-09-13 08:31:20,272 - INFO - 
2025-09-13 08:31:20,286 - INFO - Processing Fold 2/18
2025-09-13 08:31:20,410 - INFO -   Using GPU sequential processing
2025-09-13 08:47:18,947 - INFO - Fold 2 Summary:
2025-09-13 08:47:18,947 - INFO -   Best OOS Sharpe: M95 (1.420, p=0.260)
2025-09-13 08:47:18,947 - INFO -   Best Q-Sharpe:  M40 (2.037, OOS_Sharpe=-0.164, OOS_Hit=0.515)
2025-09-13 08:47:18,947 - INFO -   Mean OOS Sharpe: -0.681, Mean Hit: 0.499
2025-09-13 08:47:18,947 - INFO - 
2025-09-13 08:47:18,952 - INFO - Processing Fold 3/18
2025-09-13 08:47:19,073 - INFO -   Using GPU sequential processing
2025-09-13 09:04:22,563 - INFO - Fold 3 Summary:
2025-09-13 09:04:22,563 - INFO -   Best OOS Sharpe: M30 (4.287, p=0.010)
2025-09-13 09:04:22,563 - INFO -   Best Q-Sharpe:  M40 (1.905, OOS_Sharpe=0.718, OOS_Hit=0.471)
2025-09-13 09:04:22,563 - INFO -   Mean OOS Sharpe: 0.930, Mean Hit: 0.514
2025-09-13 09:04:22,563 - INFO - 
2025-09-13 09:04:22,567 - INFO - Processing Fold 4/18
2025-09-13 09:04:22,587 - INFO -   Using GPU sequential processing
2025-09-13 09:22:32,976 - INFO - Fold 4 Summary:
2025-09-13 09:22:32,976 - INFO -   Best OOS Sharpe: M08 (3.689, p=0.010)
2025-09-13 09:22:32,976 - INFO -   Best Q-Sharpe:  M40 (1.720, OOS_Sharpe=0.053, OOS_Hit=0.529)
2025-09-13 09:22:32,976 - INFO -   Mean OOS Sharpe: 1.002, Mean Hit: 0.530
2025-09-13 09:22:32,976 - INFO - 
2025-09-13 09:22:32,982 - INFO - Processing Fold 5/18
2025-09-13 09:22:33,074 - INFO -   Using GPU sequential processing
2025-09-13 09:40:10,141 - INFO - Fold 5 Summary:
2025-09-13 09:40:10,141 - INFO -   Best OOS Sharpe: M27 (1.764, p=0.130)
2025-09-13 09:40:10,141 - INFO -   Best Q-Sharpe:  M08 (1.444, OOS_Sharpe=-0.711, OOS_Hit=0.463)
2025-09-13 09:40:10,141 - INFO -   Mean OOS Sharpe: -1.312, Mean Hit: 0.472
2025-09-13 09:40:10,141 - INFO - 
2025-09-13 09:40:10,149 - INFO - Processing Fold 6/18
2025-09-13 09:40:10,294 - INFO -   Using GPU sequential processing
2025-09-13 09:57:35,733 - INFO - Fold 6 Summary:
2025-09-13 09:57:35,733 - INFO -   Best OOS Sharpe: M25 (2.023, p=0.150)
2025-09-13 09:57:35,733 - INFO -   Best Q-Sharpe:  M40 (1.305, OOS_Sharpe=0.731, OOS_Hit=0.419)
2025-09-13 09:57:35,733 - INFO -   Mean OOS Sharpe: -0.140, Mean Hit: 0.438
2025-09-13 09:57:35,733 - INFO - 
2025-09-13 09:57:35,739 - INFO - Processing Fold 7/18
2025-09-13 09:57:35,762 - INFO -   Using GPU sequential processing
2025-09-13 10:15:52,478 - INFO - Fold 7 Summary:
2025-09-13 10:15:52,479 - INFO -   Best OOS Sharpe: M71 (2.222, p=0.090)
2025-09-13 10:15:52,479 - INFO -   Best Q-Sharpe:  M08 (1.111, OOS_Sharpe=0.406, OOS_Hit=0.485)
2025-09-13 10:15:52,479 - INFO -   Mean OOS Sharpe: -0.457, Mean Hit: 0.463
2025-09-13 10:15:52,479 - INFO - 
2025-09-13 10:15:52,485 - INFO - Processing Fold 8/18
2025-09-13 10:15:52,626 - INFO -   Using GPU sequential processing
2025-09-13 10:32:23,375 - INFO - Fold 8 Summary:
2025-09-13 10:32:23,375 - INFO -   Best OOS Sharpe: M06 (4.325, p=0.000)
2025-09-13 10:32:23,375 - INFO -   Best Q-Sharpe:  M08 (1.190, OOS_Sharpe=1.905, OOS_Hit=0.551)
2025-09-13 10:32:23,375 - INFO -   Mean OOS Sharpe: 0.426, Mean Hit: 0.490
2025-09-13 10:32:23,376 - INFO - 
2025-09-13 10:32:23,383 - INFO - Processing Fold 9/18
2025-09-13 10:32:23,473 - INFO -   Using GPU sequential processing
2025-09-13 10:48:06,700 - INFO - Fold 9 Summary:
2025-09-13 10:48:06,700 - INFO -   Best OOS Sharpe: M29 (3.533, p=0.010)
2025-09-13 10:48:06,700 - INFO -   Best Q-Sharpe:  M08 (1.222, OOS_Sharpe=1.509, OOS_Hit=0.537)
2025-09-13 10:48:06,700 - INFO -   Mean OOS Sharpe: 0.924, Mean Hit: 0.514
2025-09-13 10:48:06,700 - INFO - 
2025-09-13 10:48:06,708 - INFO - Processing Fold 10/18
2025-09-13 10:48:06,756 - INFO -   Using GPU sequential processing
2025-09-13 10:59:08,778 - INFO - Fold 10 Summary:
2025-09-13 10:59:08,778 - INFO -   Best OOS Sharpe: M14 (2.565, p=0.050)
2025-09-13 10:59:08,778 - INFO -   Best Q-Sharpe:  M08 (1.061, OOS_Sharpe=-0.388, OOS_Hit=0.507)
2025-09-13 10:59:08,778 - INFO -   Mean OOS Sharpe: -0.520, Mean Hit: 0.483
2025-09-13 10:59:08,778 - INFO - 
2025-09-13 10:59:08,786 - INFO - Processing Fold 11/18
2025-09-13 10:59:08,810 - INFO -   Using GPU sequential processing
2025-09-13 11:07:41,861 - INFO - Fold 11 Summary:
2025-09-13 11:07:41,861 - INFO -   Best OOS Sharpe: M90 (1.582, p=0.160)
2025-09-13 11:07:41,862 - INFO -   Best Q-Sharpe:  M90 (0.714, OOS_Sharpe=1.582, OOS_Hit=0.507)
2025-09-13 11:07:41,862 - INFO -   Mean OOS Sharpe: -1.857, Mean Hit: 0.463
2025-09-13 11:07:41,862 - INFO - 
2025-09-13 11:07:41,869 - INFO - Processing Fold 12/18
2025-09-13 11:07:41,888 - INFO -   Using GPU sequential processing
2025-09-13 11:15:04,908 - INFO - Fold 12 Summary:
2025-09-13 11:15:04,909 - INFO -   Best OOS Sharpe: M41 (2.500, p=0.070)
2025-09-13 11:15:04,909 - INFO -   Best Q-Sharpe:  M65 (0.622, OOS_Sharpe=0.937, OOS_Hit=0.559)
2025-09-13 11:15:04,909 - INFO -   Mean OOS Sharpe: -0.275, Mean Hit: 0.525
2025-09-13 11:15:04,909 - INFO - 
2025-09-13 11:15:04,917 - INFO - Processing Fold 13/18
2025-09-13 11:15:04,943 - INFO -   Using GPU sequential processing
2025-09-13 11:21:11,494 - INFO - Fold 13 Summary:
2025-09-13 11:21:11,494 - INFO -   Best OOS Sharpe: M44 (4.693, p=0.000)
2025-09-13 11:21:11,495 - INFO -   Best Q-Sharpe:  M65 (0.740, OOS_Sharpe=1.796, OOS_Hit=0.471)
2025-09-13 11:21:11,495 - INFO -   Mean OOS Sharpe: 0.652, Mean Hit: 0.503
2025-09-13 11:21:11,495 - INFO - 
2025-09-13 11:21:11,504 - INFO - Processing Fold 14/18
2025-09-13 11:21:11,531 - INFO -   Using GPU sequential processing
2025-09-13 11:27:27,135 - INFO - Fold 14 Summary:
2025-09-13 11:27:27,135 - INFO -   Best OOS Sharpe: M78 (2.124, p=0.110)
2025-09-13 11:27:27,135 - INFO -   Best Q-Sharpe:  M65 (0.672, OOS_Sharpe=0.061, OOS_Hit=0.537)
2025-09-13 11:27:27,135 - INFO -   Mean OOS Sharpe: -0.504, Mean Hit: 0.478
2025-09-13 11:27:27,135 - INFO - 
2025-09-13 11:27:27,150 - INFO - Processing Fold 15/18
2025-09-13 11:27:27,180 - INFO -   Using GPU sequential processing
2025-09-13 11:30:09,599 - INFO - Fold 15 Summary:
2025-09-13 11:30:09,599 - INFO -   Best OOS Sharpe: M59 (3.591, p=0.010)
2025-09-13 11:30:09,600 - INFO -   Best Q-Sharpe:  M65 (0.957, OOS_Sharpe=3.527, OOS_Hit=0.596)
2025-09-13 11:30:09,600 - INFO -   Mean OOS Sharpe: 0.833, Mean Hit: 0.534
2025-09-13 11:30:09,600 - INFO - 
2025-09-13 11:30:09,609 - INFO - Processing Fold 16/18
2025-09-13 11:30:09,639 - INFO -   Using GPU sequential processing
2025-09-13 11:32:33,728 - INFO - Fold 16 Summary:
2025-09-13 11:32:33,728 - INFO -   Best OOS Sharpe: M78 (2.173, p=0.090)
2025-09-13 11:32:33,728 - INFO -   Best Q-Sharpe:  M65 (0.781, OOS_Sharpe=-0.809, OOS_Hit=0.522)
2025-09-13 11:32:33,728 - INFO -   Mean OOS Sharpe: -0.869, Mean Hit: 0.474
2025-09-13 11:32:33,728 - INFO - 
2025-09-13 11:32:33,738 - INFO - Processing Fold 17/18
2025-09-13 11:32:33,770 - INFO -   Using GPU sequential processing
2025-09-13 11:34:33,453 - INFO - Fold 17 Summary:
2025-09-13 11:34:33,454 - INFO -   Best OOS Sharpe: M54 (2.084, p=0.090)
2025-09-13 11:34:33,454 - INFO -   Best Q-Sharpe:  M65 (0.579, OOS_Sharpe=-1.240, OOS_Hit=0.485)
2025-09-13 11:34:33,454 - INFO -   Mean OOS Sharpe: -0.374, Mean Hit: 0.507
2025-09-13 11:34:33,454 - INFO - 
2025-09-13 11:34:33,463 - INFO - Processing Fold 18/18
2025-09-13 11:34:33,495 - INFO -   Using GPU sequential processing
2025-09-13 11:35:52,976 - INFO - Fold 18 Summary:
2025-09-13 11:35:52,976 - INFO -   Best OOS Sharpe: M15 (2.349, p=0.040)
2025-09-13 11:35:52,976 - INFO -   Best Q-Sharpe:  M65 (0.756, OOS_Sharpe=2.349, OOS_Hit=0.561)
2025-09-13 11:35:52,976 - INFO -   Mean OOS Sharpe: -0.194, Mean Hit: 0.528
2025-09-13 11:35:52,976 - INFO - 
2025-09-13 11:35:52,987 - INFO - Starting full timeline backtesting...
2025-09-13 11:35:52,988 - INFO - Running full timeline backtest with 18 folds (0-based indexing)
2025-09-13 11:35:52,988 - INFO - Fold 0 skipped (no prior Q-score history for meaningful selection)
2025-09-13 11:35:52,988 - INFO - Effective backtest period: Folds 1-17 (17 folds)
2025-09-13 11:35:52,988 - INFO - Training period: Folds 1-10
2025-09-13 11:35:52,988 - INFO - Production period: Folds 11-17
2025-09-13 11:35:52,988 - INFO - Using consistent OOS methodology for all folds
2025-09-13 11:35:52,988 - INFO - Fold 0: Skipped (no prior Q-score history for meaningful selection)
2025-09-13 11:35:52,988 - INFO - 
--- Processing fold 1/17 ---
2025-09-13 11:35:53,011 - INFO - Fold 1: Q-scores from fold 0: ['M00:-2.859', 'M01:-1.348', 'M02:-2.513', 'M03:-3.677', 'M04:-3.581']...
2025-09-13 11:35:53,011 - INFO - Fold 1: Selected models [40, 65, 8, 41, 89] based on fold 0 Q-scores, avg Q-score: 1.858
2025-09-13 11:35:53,012 - INFO - Fold 1 (Training): Sharpe=-1.901, Hit=49.3%
2025-09-13 11:35:53,013 - INFO - 
--- Processing fold 2/17 ---
2025-09-13 11:35:53,034 - INFO - Fold 2: Q-scores from fold 1: ['M00:-2.609', 'M01:-1.355', 'M02:-2.327', 'M03:-3.405', 'M04:-3.252']...
2025-09-13 11:35:53,034 - INFO - Fold 2: Selected models [40, 65, 41, 8, 89] based on fold 1 Q-scores, avg Q-score: 1.538
2025-09-13 11:35:53,035 - INFO - Fold 2 (Training): Sharpe=1.728, Hit=54.4%
2025-09-13 11:35:53,035 - INFO - 
--- Processing fold 3/17 ---
2025-09-13 11:35:53,051 - INFO - Fold 3: Q-scores from fold 2: ['M00:-2.262', 'M01:-1.203', 'M02:-1.884', 'M03:-3.010', 'M04:-2.911']...
2025-09-13 11:35:53,051 - INFO - Fold 3: Selected models [40, 41, 65, 8, 89] based on fold 2 Q-scores, avg Q-score: 1.515
2025-09-13 11:35:53,052 - INFO - Fold 3 (Training): Sharpe=2.496, Hit=57.4%
2025-09-13 11:35:53,052 - INFO - 
--- Processing fold 4/17 ---
2025-09-13 11:35:53,068 - INFO - Fold 4: Q-scores from fold 3: ['M00:-2.013', 'M01:-0.949', 'M02:-1.726', 'M03:-2.714', 'M04:-2.417']...
2025-09-13 11:35:53,068 - INFO - Fold 4: Selected models [40, 8, 41, 65, 89] based on fold 3 Q-scores, avg Q-score: 1.541
2025-09-13 11:35:53,070 - INFO - Fold 4 (Training): Sharpe=-1.091, Hit=46.3%
2025-09-13 11:35:53,070 - INFO - 
--- Processing fold 5/17 ---
2025-09-13 11:35:53,087 - INFO - Fold 5: Q-scores from fold 4: ['M00:-2.018', 'M01:-0.955', 'M02:-1.675', 'M03:-2.416', 'M04:-2.206']...
2025-09-13 11:35:53,087 - INFO - Fold 5: Selected models [8, 65, 40, 41, 89] based on fold 4 Q-scores, avg Q-score: 1.297
2025-09-13 11:35:53,089 - INFO - Fold 5 (Training): Sharpe=-1.088, Hit=39.7%
2025-09-13 11:35:53,089 - INFO - 
--- Processing fold 6/17 ---
2025-09-13 11:35:53,105 - INFO - Fold 6: Q-scores from fold 5: ['M00:-1.843', 'M01:-0.900', 'M02:-1.552', 'M03:-2.335', 'M04:-1.960']...
2025-09-13 11:35:53,105 - INFO - Fold 6: Selected models [40, 8, 65, 74, 41] based on fold 5 Q-scores, avg Q-score: 1.105
2025-09-13 11:35:53,106 - INFO - Fold 6 (Training): Sharpe=-0.704, Hit=41.9%
2025-09-13 11:35:53,106 - INFO - 
--- Processing fold 7/17 ---
2025-09-13 11:35:53,121 - INFO - Fold 7: Q-scores from fold 6: ['M00:-1.583', 'M01:-0.828', 'M02:-1.303', 'M03:-2.177', 'M04:-1.772']...
2025-09-13 11:35:53,121 - INFO - Fold 7: Selected models [8, 65, 40, 74, 90] based on fold 6 Q-scores, avg Q-score: 0.984
2025-09-13 11:35:53,123 - INFO - Fold 7 (Training): Sharpe=0.736, Hit=45.6%
2025-09-13 11:35:53,123 - INFO - 
--- Processing fold 8/17 ---
2025-09-13 11:35:53,139 - INFO - Fold 8: Q-scores from fold 7: ['M00:-1.377', 'M01:-0.592', 'M02:-1.251', 'M03:-1.965', 'M04:-1.495']...
2025-09-13 11:35:53,139 - INFO - Fold 8: Selected models [8, 40, 65, 74, 46] based on fold 7 Q-scores, avg Q-score: 0.958
2025-09-13 11:35:53,140 - INFO - Fold 8 (Training): Sharpe=0.816, Hit=51.5%
2025-09-13 11:35:53,140 - INFO - 
--- Processing fold 9/17 ---
2025-09-13 11:35:53,158 - INFO - Fold 9: Q-scores from fold 8: ['M00:-1.010', 'M01:-0.426', 'M02:-1.066', 'M03:-1.666', 'M04:-1.143']...
2025-09-13 11:35:53,159 - INFO - Fold 9: Selected models [8, 40, 65, 46, 74] based on fold 8 Q-scores, avg Q-score: 0.917
2025-09-13 11:35:53,160 - INFO - Fold 9 (Training): Sharpe=-1.597, Hit=47.1%
2025-09-13 11:35:53,160 - INFO - 
--- Processing fold 10/17 ---
2025-09-13 11:35:53,176 - INFO - Fold 10: Q-scores from fold 9: ['M00:-0.887', 'M01:-0.441', 'M02:-0.956', 'M03:-1.612', 'M04:-1.055']...
2025-09-13 11:35:53,176 - INFO - Fold 10: Selected models [8, 65, 40, 74, 90] based on fold 9 Q-scores, avg Q-score: 0.765
2025-09-13 11:35:53,177 - INFO - Fold 10 (Training): Sharpe=-1.603, Hit=41.9%
2025-09-13 11:35:53,178 - INFO - 
--- Processing fold 11/17 ---
2025-09-13 11:35:53,197 - INFO - Fold 11: Q-scores from fold 10: ['M00:-0.904', 'M01:-0.645', 'M02:-1.073', 'M03:-1.760', 'M04:-1.094']...
2025-09-13 11:35:53,197 - INFO - Fold 11: Selected models [90, 8, 65, 40, 74] based on fold 10 Q-scores, avg Q-score: 0.581
2025-09-13 11:35:53,198 - INFO - Fold 11 (Production): Sharpe=-1.380, Hit=48.5%
2025-09-13 11:35:53,198 - INFO - 
--- Processing fold 12/17 ---
2025-09-13 11:35:53,214 - INFO - Fold 12: Q-scores from fold 11: ['M00:-0.758', 'M01:-0.655', 'M02:-0.828', 'M03:-1.731', 'M04:-0.891']...
2025-09-13 11:35:53,214 - INFO - Fold 12: Selected models [65, 8, 90, 40, 41] based on fold 11 Q-scores, avg Q-score: 0.458
2025-09-13 11:35:53,215 - INFO - Fold 12 (Production): Sharpe=0.137, Hit=51.5%
2025-09-13 11:35:53,215 - INFO - 
--- Processing fold 13/17 ---
2025-09-13 11:35:53,231 - INFO - Fold 13: Q-scores from fold 12: ['M00:-0.524', 'M01:-0.575', 'M02:-0.603', 'M03:-1.410', 'M04:-0.726']...
2025-09-13 11:35:53,231 - INFO - Fold 13: Selected models [65, 46, 8, 40, 25] based on fold 12 Q-scores, avg Q-score: 0.454
2025-09-13 11:35:53,232 - INFO - Fold 13 (Production): Sharpe=0.253, Hit=52.2%
2025-09-13 11:35:53,232 - INFO - 
--- Processing fold 14/17 ---
2025-09-13 11:35:53,248 - INFO - Fold 14: Q-scores from fold 13: ['M00:-0.421', 'M01:-0.597', 'M02:-0.632', 'M03:-1.222', 'M04:-0.678']...
2025-09-13 11:35:53,248 - INFO - Fold 14: Selected models [65, 40, 46, 90, 8] based on fold 13 Q-scores, avg Q-score: 0.479
2025-09-13 11:35:53,249 - INFO - Fold 14 (Production): Sharpe=1.489, Hit=56.6%
2025-09-13 11:35:53,249 - INFO - 
--- Processing fold 15/17 ---
2025-09-13 11:35:53,270 - INFO - Fold 15: Q-scores from fold 14: ['M00:-0.256', 'M01:-0.395', 'M02:-0.522', 'M03:-1.004', 'M04:-0.462']...
2025-09-13 11:35:53,270 - INFO - Fold 15: Selected models [65, 40, 46, 67, 90] based on fold 14 Q-scores, avg Q-score: 0.569
2025-09-13 11:35:53,271 - INFO - Fold 15 (Production): Sharpe=-1.767, Hit=47.1%
2025-09-13 11:35:53,271 - INFO - 
--- Processing fold 16/17 ---
2025-09-13 11:35:53,287 - INFO - Fold 16: Q-scores from fold 15: ['M00:-0.212', 'M01:-0.507', 'M02:-0.634', 'M03:-1.142', 'M04:-0.367']...
2025-09-13 11:35:53,287 - INFO - Fold 16: Selected models [65, 40, 46, 6, 67] based on fold 15 Q-scores, avg Q-score: 0.430
2025-09-13 11:35:53,288 - INFO - Fold 16 (Production): Sharpe=-1.373, Hit=52.2%
2025-09-13 11:35:53,288 - INFO - 
--- Processing fold 17/17 ---
2025-09-13 11:35:53,308 - INFO - Fold 17: Q-scores from fold 16: ['M00:-0.248', 'M01:-0.509', 'M02:-0.588', 'M03:-1.105', 'M04:-0.366']...
2025-09-13 11:35:53,308 - INFO - Fold 17: Selected models [65, 40, 46, 24, 67] based on fold 16 Q-scores, avg Q-score: 0.299
2025-09-13 11:35:53,309 - INFO - Fold 17 (Production): Sharpe=0.994, Hit=59.5%
2025-09-13 11:35:53,309 - INFO - Training Period Overall: Sharpe=-0.191, Hit=47.5%
2025-09-13 11:35:53,310 - INFO - Production Period Overall: Sharpe=-0.083, Hit=52.6%
2025-09-13 11:35:53,312 - INFO - Full Timeline Overall: Sharpe=-0.134, Hit=49.6%
2025-09-13 11:35:53,312 - INFO - Training: Sharpe=-0.191 | Hit=47.5% | Return=-0.50%
2025-09-13 11:35:53,312 - INFO - Production: Sharpe=-0.083 | Hit=52.6% | Return=-0.31%
2025-09-13 11:35:53,312 - INFO - Full Timeline: Sharpe=-0.134 | Hit=49.6% | Return=-0.42%
2025-09-13 11:35:53,312 - INFO - Generating visualizations...
2025-09-13 11:35:53,312 - INFO - Creating clean visualizations for 100 models...
2025-09-13 11:35:56,610 - INFO - Clean fold-by-fold analysis saved to: 20250913_081740_fold_@EU#C_100models_20folds_v2_S4.6_EU_allfeat_tiered_20F.png
2025-09-13 11:35:58,690 - INFO - Detailed production analysis saved to: 20250913_081740_backtest_@EU#C_100models_20folds_v2_S4.6_EU_allfeat_tiered_20F.png
2025-09-13 11:35:58,690 - INFO - ================================================================================
2025-09-13 11:35:58,690 - INFO - BACKTEST SUMMARY
2025-09-13 11:35:58,690 - INFO - ================================================================================
2025-09-13 11:35:58,690 - INFO - Config: Cutoff=70%, Top N=5, Q-Metric=sharpe, Reselection=1 fold(s)
2025-09-13 11:35:58,690 - INFO - Model Selection History:
2025-09-13 11:35:58,690 - INFO -   Fold 1: M40, M65, M08, M41, M89 (Avg Q-sharpe: 1.858)
2025-09-13 11:35:58,690 - INFO -   Fold 2: M40, M65, M41, M08, M89 (Avg Q-sharpe: 1.538)
2025-09-13 11:35:58,690 - INFO -   Fold 3: M40, M41, M65, M08, M89 (Avg Q-sharpe: 1.515)
2025-09-13 11:35:58,690 - INFO -   Fold 4: M40, M08, M41, M65, M89 (Avg Q-sharpe: 1.541)
2025-09-13 11:35:58,690 - INFO -   Fold 5: M08, M65, M40, M41, M89 (Avg Q-sharpe: 1.297)
2025-09-13 11:35:58,690 - INFO -   Fold 6: M40, M08, M65, M74, M41 (Avg Q-sharpe: 1.105)
2025-09-13 11:35:58,690 - INFO -   Fold 7: M08, M65, M40, M74, M90 (Avg Q-sharpe: 0.984)
2025-09-13 11:35:58,690 - INFO -   Fold 8: M08, M40, M65, M74, M46 (Avg Q-sharpe: 0.958)
2025-09-13 11:35:58,690 - INFO -   Fold 9: M08, M40, M65, M46, M74 (Avg Q-sharpe: 0.917)
2025-09-13 11:35:58,690 - INFO -   Fold 10: M08, M65, M40, M74, M90 (Avg Q-sharpe: 0.765)
2025-09-13 11:35:58,690 - INFO -   Fold 11: M90, M08, M65, M40, M74 (Avg Q-sharpe: 0.581)
2025-09-13 11:35:58,690 - INFO -   Fold 12: M65, M08, M90, M40, M41 (Avg Q-sharpe: 0.458)
2025-09-13 11:35:58,690 - INFO -   Fold 13: M65, M46, M08, M40, M25 (Avg Q-sharpe: 0.454)
2025-09-13 11:35:58,691 - INFO -   Fold 14: M65, M40, M46, M90, M08 (Avg Q-sharpe: 0.479)
2025-09-13 11:35:58,691 - INFO -   Fold 15: M65, M40, M46, M67, M90 (Avg Q-sharpe: 0.569)
2025-09-13 11:35:58,691 - INFO -   Fold 16: M65, M40, M46, M06, M67 (Avg Q-sharpe: 0.430)
2025-09-13 11:35:58,691 - INFO -   Fold 17: M65, M40, M46, M24, M67 (Avg Q-sharpe: 0.299)
2025-09-13 11:35:58,691 - INFO - 
2025-09-13 11:35:58,691 - INFO - Fold-by-Fold Performance:
2025-09-13 11:35:58,691 - INFO -   Fold 1: M40, M65, M08, M41, M89 | Sharpe=-1.901 | Hit=49.3% | Samples=136
2025-09-13 11:35:58,691 - INFO -   Fold 2: M40, M65, M41, M08, M89 | Sharpe=1.728 | Hit=54.4% | Samples=136
2025-09-13 11:35:58,691 - INFO -   Fold 3: M40, M41, M65, M08, M89 | Sharpe=2.496 | Hit=57.4% | Samples=136
2025-09-13 11:35:58,691 - INFO -   Fold 4: M40, M08, M41, M65, M89 | Sharpe=-1.091 | Hit=46.3% | Samples=136
2025-09-13 11:35:58,691 - INFO -   Fold 5: M08, M65, M40, M41, M89 | Sharpe=-1.088 | Hit=39.7% | Samples=136
2025-09-13 11:35:58,691 - INFO -   Fold 6: M40, M08, M65, M74, M41 | Sharpe=-0.704 | Hit=41.9% | Samples=136
2025-09-13 11:35:58,691 - INFO -   Fold 7: M08, M65, M40, M74, M90 | Sharpe=0.736 | Hit=45.6% | Samples=136
2025-09-13 11:35:58,691 - INFO -   Fold 8: M08, M40, M65, M74, M46 | Sharpe=0.816 | Hit=51.5% | Samples=136
2025-09-13 11:35:58,691 - INFO -   Fold 9: M08, M40, M65, M46, M74 | Sharpe=-1.597 | Hit=47.1% | Samples=136
2025-09-13 11:35:58,691 - INFO -   Fold 10: M08, M65, M40, M74, M90 | Sharpe=-1.603 | Hit=41.9% | Samples=136
2025-09-13 11:35:58,691 - INFO -   Fold 11: M90, M08, M65, M40, M74 | Sharpe=-1.380 | Hit=48.5% | Samples=136
2025-09-13 11:35:58,691 - INFO -   Fold 12: M65, M08, M90, M40, M41 | Sharpe=0.137 | Hit=51.5% | Samples=136
2025-09-13 11:35:58,691 - INFO -   Fold 13: M65, M46, M08, M40, M25 | Sharpe=0.253 | Hit=52.2% | Samples=136
2025-09-13 11:35:58,691 - INFO -   Fold 14: M65, M40, M46, M90, M08 | Sharpe=1.489 | Hit=56.6% | Samples=136
2025-09-13 11:35:58,691 - INFO -   Fold 15: M65, M40, M46, M67, M90 | Sharpe=-1.767 | Hit=47.1% | Samples=136
2025-09-13 11:35:58,691 - INFO -   Fold 16: M65, M40, M46, M06, M67 | Sharpe=-1.373 | Hit=52.2% | Samples=136
2025-09-13 11:35:58,691 - INFO -   Fold 17: M65, M40, M46, M24, M67 | Sharpe=0.994 | Hit=59.5% | Samples=148
2025-09-13 11:35:58,691 - INFO - ================================================================================
2025-09-13 11:35:58,692 - INFO - ================================================================================
2025-09-13 11:35:58,692 - INFO - ANALYSIS COMPLETED SUCCESSFULLY!
2025-09-13 11:35:58,692 - INFO - ================================================================================
2025-09-13 11:35:58,692 - INFO - Generated 2 visualization files
2025-09-13 11:35:58,692 - INFO -   - 20250913_081740_fold_@EU#C_100models_20folds_v2_S4.6_EU_allfeat_tiered_20F.png
2025-09-13 11:35:58,692 - INFO -   - 20250913_081740_backtest_@EU#C_100models_20folds_v2_S4.6_EU_allfeat_tiered_20F.png
2025-09-13 11:35:58,692 - INFO - Training Final: Sharpe=-0.191 | Hit=47.5% | Return=-0.50% | CB=-0.077
2025-09-13 11:35:58,692 - INFO - Production Final: Sharpe=-0.083 | Hit=52.6% | Return=-0.31% | CB=-0.040
2025-09-13 11:35:58,692 - INFO - Full Timeline Final: Sharpe=-0.134 | Hit=49.6% | Return=-0.42% | CB=-0.033
