2025-09-13 20:43:41,952 - INFO - ================================================================================
2025-09-13 20:43:41,952 - INFO - XGBoost Comparison Framework
2025-09-13 20:43:41,952 - INFO - ================================================================================
2025-09-13 20:43:41,952 - INFO - Configuration:
2025-09-13 20:43:41,953 - INFO -   Target Symbol: @RTY#C
2025-09-13 20:43:41,953 - INFO -   Date Range: 2015-01-01 to 2025-08-01
2025-09-13 20:43:41,953 - INFO -   Models: 100, Type: standard
2025-09-13 20:43:41,953 - INFO -   Folds: 15
2025-09-13 20:43:41,953 - INFO -   Max Features: 100 (Limited)
2025-09-13 20:43:41,953 - INFO -   Feature Selection: Enabled
2025-09-13 20:43:41,953 - INFO -   Inner Val Fraction: 0.2
2025-09-13 20:43:41,953 - INFO -   EWMA Alpha: 0.1, Quality Halflife: 63 days
2025-09-13 20:43:41,953 - INFO -   Signal Type: Tanh Normalized
2025-09-13 20:43:41,953 - INFO -   Cross-validation: Expanding window
2025-09-13 20:43:41,953 - INFO -   Production: Cutoff=0.6, Top N=5, Q-Metric=sharpe
2025-09-13 20:43:41,953 - INFO -   Reselection: Every 1 fold(s)
2025-09-13 20:43:41,953 - INFO - 
2025-09-13 20:43:49,593 - INFO - Dropped 9 rows due to NaN in target column @RTY#C_target_return
2025-09-13 20:43:49,932 - INFO - Loaded: X=(2726, 1906), y=(2726,)
2025-09-13 20:44:23,757 - INFO - Selected 100 features (threshold: 0.7)
2025-09-13 20:44:23,769 - INFO - Selected: 100 features
2025-09-13 20:44:24,472 - INFO - GPU detection: CUDA GPU available and working
2025-09-13 20:44:24,473 - INFO - Processing mode: GPU sequential (GPU: True, Total models: 1500)
2025-09-13 20:44:24,860 - INFO - GPU detection: CUDA GPU available and working
2025-09-13 20:44:24,862 - INFO - Using expanding window
2025-09-13 20:44:24,862 - INFO - Starting analysis: 100 standard models x 13 folds
2025-09-13 20:44:24,862 - INFO - Processing Fold 1/13
2025-09-13 20:44:24,865 - INFO -   Using GPU sequential processing
2025-09-13 20:51:07,204 - INFO - Fold 1 Summary:
2025-09-13 20:51:07,208 - INFO -   Best OOS Sharpe: M43 (3.018, p=0.000)
2025-09-13 20:51:07,208 - INFO -   Best Q-Sharpe:  M43 (3.018, OOS_Sharpe=3.018, OOS_Hit=0.597)
2025-09-13 20:51:07,208 - INFO -   Mean OOS Sharpe: 1.512, Mean Hit: 0.539
2025-09-13 20:51:07,208 - INFO - 
2025-09-13 20:51:07,234 - INFO - Processing Fold 2/13
2025-09-13 20:51:07,238 - INFO -   Using GPU sequential processing
2025-09-13 20:59:07,578 - INFO - Fold 2 Summary:
2025-09-13 20:59:07,578 - INFO -   Best OOS Sharpe: M23 (2.544, p=0.010)
2025-09-13 20:59:07,579 - INFO -   Best Q-Sharpe:  M43 (2.879, OOS_Sharpe=1.632, OOS_Hit=0.508)
2025-09-13 20:59:07,579 - INFO -   Mean OOS Sharpe: 0.974, Mean Hit: 0.520
2025-09-13 20:59:07,579 - INFO - 
2025-09-13 20:59:07,586 - INFO - Processing Fold 3/13
2025-09-13 20:59:07,604 - INFO -   Using GPU sequential processing
2025-09-13 21:07:28,667 - INFO - Fold 3 Summary:
2025-09-13 21:07:28,667 - INFO -   Best OOS Sharpe: M67 (1.959, p=0.080)
2025-09-13 21:07:28,667 - INFO -   Best Q-Sharpe:  M43 (2.647, OOS_Sharpe=0.559, OOS_Hit=0.514)
2025-09-13 21:07:28,667 - INFO -   Mean OOS Sharpe: -0.014, Mean Hit: 0.496
2025-09-13 21:07:28,667 - INFO - 
2025-09-13 21:07:28,670 - INFO - Processing Fold 4/13
2025-09-13 21:07:28,673 - INFO -   Using GPU sequential processing
2025-09-13 21:16:12,696 - INFO - Fold 4 Summary:
2025-09-13 21:16:12,698 - INFO -   Best OOS Sharpe: M12 (2.698, p=0.000)
2025-09-13 21:16:12,698 - INFO -   Best Q-Sharpe:  M43 (2.587, OOS_Sharpe=2.042, OOS_Hit=0.552)
2025-09-13 21:16:12,698 - INFO -   Mean OOS Sharpe: 0.797, Mean Hit: 0.512
2025-09-13 21:16:12,699 - INFO - 
2025-09-13 21:16:12,701 - INFO - Processing Fold 5/13
2025-09-13 21:16:12,705 - INFO -   Using GPU sequential processing
2025-09-13 21:25:18,731 - INFO - Fold 5 Summary:
2025-09-13 21:25:18,732 - INFO -   Best OOS Sharpe: M17 (2.878, p=0.020)
2025-09-13 21:25:18,732 - INFO -   Best Q-Sharpe:  M01 (2.261, OOS_Sharpe=1.652, OOS_Hit=0.536)
2025-09-13 21:25:18,732 - INFO -   Mean OOS Sharpe: 0.207, Mean Hit: 0.515
2025-09-13 21:25:18,732 - INFO - 
2025-09-13 21:25:18,741 - INFO - Processing Fold 6/13
2025-09-13 21:25:18,745 - INFO -   Using GPU sequential processing
2025-09-13 21:33:38,344 - INFO - Fold 6 Summary:
2025-09-13 21:33:38,344 - INFO -   Best OOS Sharpe: M12 (3.617, p=0.000)
2025-09-13 21:33:38,344 - INFO -   Best Q-Sharpe:  M43 (2.317, OOS_Sharpe=3.132, OOS_Hit=0.552)
2025-09-13 21:33:38,344 - INFO -   Mean OOS Sharpe: 1.089, Mean Hit: 0.520
2025-09-13 21:33:38,344 - INFO - 
2025-09-13 21:33:38,347 - INFO - Processing Fold 7/13
2025-09-13 21:33:38,351 - INFO -   Using GPU sequential processing
2025-09-13 21:40:52,138 - INFO - Fold 7 Summary:
2025-09-13 21:40:52,138 - INFO -   Best OOS Sharpe: M67 (4.269, p=0.000)
2025-09-13 21:40:52,138 - INFO -   Best Q-Sharpe:  M43 (2.374, OOS_Sharpe=2.885, OOS_Hit=0.530)
2025-09-13 21:40:52,139 - INFO -   Mean OOS Sharpe: 1.800, Mean Hit: 0.536
2025-09-13 21:40:52,139 - INFO - 
2025-09-13 21:40:52,141 - INFO - Processing Fold 8/13
2025-09-13 21:40:52,145 - INFO -   Using GPU sequential processing
2025-09-13 21:47:40,933 - INFO - Fold 8 Summary:
2025-09-13 21:47:40,933 - INFO -   Best OOS Sharpe: M60 (3.852, p=0.010)
2025-09-13 21:47:40,933 - INFO -   Best Q-Sharpe:  M43 (2.336, OOS_Sharpe=1.995, OOS_Hit=0.519)
2025-09-13 21:47:40,933 - INFO -   Mean OOS Sharpe: 2.065, Mean Hit: 0.521
2025-09-13 21:47:40,933 - INFO - 
2025-09-13 21:47:40,935 - INFO - Processing Fold 9/13
2025-09-13 21:47:40,939 - INFO -   Using GPU sequential processing
2025-09-13 21:53:54,534 - INFO - Fold 9 Summary:
2025-09-13 21:53:54,534 - INFO -   Best OOS Sharpe: M69 (5.060, p=0.000)
2025-09-13 21:53:54,534 - INFO -   Best Q-Sharpe:  M43 (2.339, OOS_Sharpe=2.367, OOS_Hit=0.558)
2025-09-13 21:53:54,534 - INFO -   Mean OOS Sharpe: 2.176, Mean Hit: 0.538
2025-09-13 21:53:54,534 - INFO - 
2025-09-13 21:53:54,537 - INFO - Processing Fold 10/13
2025-09-13 21:53:54,541 - INFO -   Using GPU sequential processing
2025-09-13 21:59:54,191 - INFO - Fold 10 Summary:
2025-09-13 21:59:54,191 - INFO -   Best OOS Sharpe: M44 (4.077, p=0.000)
2025-09-13 21:59:54,191 - INFO -   Best Q-Sharpe:  M43 (2.383, OOS_Sharpe=2.784, OOS_Hit=0.569)
2025-09-13 21:59:54,191 - INFO -   Mean OOS Sharpe: 2.351, Mean Hit: 0.563
2025-09-13 21:59:54,191 - INFO - 
2025-09-13 21:59:54,195 - INFO - Processing Fold 11/13
2025-09-13 21:59:54,203 - INFO -   Using GPU sequential processing
2025-09-13 22:05:31,774 - INFO - Fold 11 Summary:
2025-09-13 22:05:31,775 - INFO -   Best OOS Sharpe: M17 (3.228, p=0.010)
2025-09-13 22:05:31,775 - INFO -   Best Q-Sharpe:  M43 (2.376, OOS_Sharpe=2.311, OOS_Hit=0.586)
2025-09-13 22:05:31,775 - INFO -   Mean OOS Sharpe: 1.012, Mean Hit: 0.528
2025-09-13 22:05:31,775 - INFO - 
2025-09-13 22:05:31,778 - INFO - Processing Fold 12/13
2025-09-13 22:05:31,783 - INFO -   Using GPU sequential processing
2025-09-13 22:10:53,741 - INFO - Fold 12 Summary:
2025-09-13 22:10:53,742 - INFO -   Best OOS Sharpe: M83 (2.503, p=0.040)
2025-09-13 22:10:53,743 - INFO -   Best Q-Sharpe:  M83 (2.051, OOS_Sharpe=2.503, OOS_Hit=0.586)
2025-09-13 22:10:53,743 - INFO -   Mean OOS Sharpe: 0.064, Mean Hit: 0.534
2025-09-13 22:10:53,743 - INFO - 
2025-09-13 22:10:53,746 - INFO - Processing Fold 13/13
2025-09-13 22:10:53,752 - INFO -   Using GPU sequential processing
2025-09-13 22:14:28,864 - INFO - Fold 13 Summary:
2025-09-13 22:14:28,864 - INFO -   Best OOS Sharpe: M02 (2.801, p=0.000)
2025-09-13 22:14:28,864 - INFO -   Best Q-Sharpe:  M83 (1.914, OOS_Sharpe=0.674, OOS_Hit=0.516)
2025-09-13 22:14:28,864 - INFO -   Mean OOS Sharpe: 1.043, Mean Hit: 0.534
2025-09-13 22:14:28,864 - INFO - 
2025-09-13 22:14:28,868 - INFO - Starting full timeline backtesting...
2025-09-13 22:14:28,868 - INFO - Running full timeline backtest with 13 folds (0-based indexing)
2025-09-13 22:14:28,869 - INFO - Fold 0 skipped (no prior Q-score history for meaningful selection)
2025-09-13 22:14:28,869 - INFO - Effective backtest period: Folds 1-12 (12 folds)
2025-09-13 22:14:28,869 - INFO - Training period: Folds 1-7
2025-09-13 22:14:28,869 - INFO - Production period: Folds 8-12
2025-09-13 22:14:28,869 - INFO - Using consistent OOS methodology for all folds
2025-09-13 22:14:28,869 - INFO - Fold 0: Skipped (no prior Q-score history for meaningful selection)
2025-09-13 22:14:28,869 - INFO - 
--- Processing fold 1/12 ---
2025-09-13 22:14:28,896 - INFO - Fold 1: Q-scores from fold 0: ['M00:2.102', 'M01:2.970', 'M02:-0.247', 'M03:0.878', 'M04:1.264']...
2025-09-13 22:14:28,896 - INFO - Fold 1: Selected models [43, 1, 53, 83, 54] based on fold 0 Q-scores, avg Q-score: 2.835
2025-09-13 22:14:28,898 - INFO - Fold 1 (Training): Sharpe=1.421, Hit=56.4%
2025-09-13 22:14:28,898 - INFO - 
--- Processing fold 2/12 ---
2025-09-13 22:14:28,921 - INFO - Fold 2: Q-scores from fold 1: ['M00:1.979', 'M01:2.817', 'M02:-0.216', 'M03:0.934', 'M04:1.118']...
2025-09-13 22:14:28,921 - INFO - Fold 2: Selected models [43, 1, 53, 54, 83] based on fold 1 Q-scores, avg Q-score: 2.666
2025-09-13 22:14:28,923 - INFO - Fold 2 (Training): Sharpe=0.137, Hit=49.2%
2025-09-13 22:14:28,923 - INFO - 
--- Processing fold 3/12 ---
2025-09-13 22:14:28,947 - INFO - Fold 3: Q-scores from fold 2: ['M00:1.920', 'M01:2.575', 'M02:-0.071', 'M03:0.836', 'M04:1.017']...
2025-09-13 22:14:28,948 - INFO - Fold 3: Selected models [43, 1, 53, 54, 83] based on fold 2 Q-scores, avg Q-score: 2.413
2025-09-13 22:14:28,949 - INFO - Fold 3 (Training): Sharpe=1.662, Hit=50.8%
2025-09-13 22:14:28,949 - INFO - 
--- Processing fold 4/12 ---
2025-09-13 22:14:28,973 - INFO - Fold 4: Q-scores from fold 3: ['M00:1.770', 'M01:2.329', 'M02:0.026', 'M03:0.988', 'M04:1.126']...
2025-09-13 22:14:28,974 - INFO - Fold 4: Selected models [43, 1, 83, 53, 54] based on fold 3 Q-scores, avg Q-score: 2.298
2025-09-13 22:14:28,975 - INFO - Fold 4 (Training): Sharpe=0.001, Hit=49.7%
2025-09-13 22:14:28,975 - INFO - 
--- Processing fold 5/12 ---
2025-09-13 22:14:29,001 - INFO - Fold 5: Q-scores from fold 4: ['M00:1.571', 'M01:2.261', 'M02:-0.014', 'M03:0.886', 'M04:0.857']...
2025-09-13 22:14:29,001 - INFO - Fold 5: Selected models [1, 43, 83, 53, 63] based on fold 4 Q-scores, avg Q-score: 2.085
2025-09-13 22:14:29,002 - INFO - Fold 5 (Training): Sharpe=0.865, Hit=50.3%
2025-09-13 22:14:29,002 - INFO - 
--- Processing fold 6/12 ---
2025-09-13 22:14:29,028 - INFO - Fold 6: Q-scores from fold 5: ['M00:1.446', 'M01:1.835', 'M02:0.049', 'M03:1.007', 'M04:0.839']...
2025-09-13 22:14:29,028 - INFO - Fold 6: Selected models [43, 83, 63, 1, 92] based on fold 5 Q-scores, avg Q-score: 1.952
2025-09-13 22:14:29,029 - INFO - Fold 6 (Training): Sharpe=2.408, Hit=54.1%
2025-09-13 22:14:29,029 - INFO - 
--- Processing fold 7/12 ---
2025-09-13 22:14:29,055 - INFO - Fold 7: Q-scores from fold 6: ['M00:1.486', 'M01:1.749', 'M02:0.365', 'M03:0.904', 'M04:0.876']...
2025-09-13 22:14:29,055 - INFO - Fold 7: Selected models [43, 92, 83, 30, 12] based on fold 6 Q-scores, avg Q-score: 1.985
2025-09-13 22:14:29,056 - INFO - Fold 7 (Training): Sharpe=2.552, Hit=52.5%
2025-09-13 22:14:29,056 - INFO - 
--- Processing fold 8/12 ---
2025-09-13 22:14:29,082 - INFO - Fold 8: Q-scores from fold 7: ['M00:1.595', 'M01:1.665', 'M02:0.495', 'M03:1.058', 'M04:0.985']...
2025-09-13 22:14:29,082 - INFO - Fold 8: Selected models [43, 30, 12, 92, 63] based on fold 7 Q-scores, avg Q-score: 1.999
2025-09-13 22:14:29,084 - INFO - Fold 8 (Production): Sharpe=2.375, Hit=55.2%
2025-09-13 22:14:29,084 - INFO - 
--- Processing fold 9/12 ---
2025-09-13 22:14:29,108 - INFO - Fold 9: Q-scores from fold 8: ['M00:1.571', 'M01:1.760', 'M02:0.769', 'M03:1.071', 'M04:1.175']...
2025-09-13 22:14:29,108 - INFO - Fold 9: Selected models [43, 92, 19, 83, 30] based on fold 8 Q-scores, avg Q-score: 2.042
2025-09-13 22:14:29,109 - INFO - Fold 9 (Production): Sharpe=3.703, Hit=59.7%
2025-09-13 22:14:29,110 - INFO - 
--- Processing fold 10/12 ---
2025-09-13 22:14:29,136 - INFO - Fold 10: Q-scores from fold 9: ['M00:1.477', 'M01:1.957', 'M02:0.926', 'M03:1.200', 'M04:1.298']...
2025-09-13 22:14:29,136 - INFO - Fold 10: Selected models [43, 92, 19, 83, 62] based on fold 9 Q-scores, avg Q-score: 2.144
2025-09-13 22:14:29,137 - INFO - Fold 10 (Production): Sharpe=1.976, Hit=53.0%
2025-09-13 22:14:29,137 - INFO - 
--- Processing fold 11/12 ---
2025-09-13 22:14:29,163 - INFO - Fold 11: Q-scores from fold 10: ['M00:1.349', 'M01:1.872', 'M02:0.824', 'M03:1.322', 'M04:1.229']...
2025-09-13 22:14:29,164 - INFO - Fold 11: Selected models [43, 19, 92, 83, 30] based on fold 10 Q-scores, avg Q-score: 2.092
2025-09-13 22:14:29,165 - INFO - Fold 11 (Production): Sharpe=0.092, Hit=51.9%
2025-09-13 22:14:29,165 - INFO - 
--- Processing fold 12/12 ---
2025-09-13 22:14:29,190 - INFO - Fold 12: Q-scores from fold 11: ['M00:1.075', 'M01:1.653', 'M02:0.723', 'M03:1.023', 'M04:0.982']...
2025-09-13 22:14:29,191 - INFO - Fold 12: Selected models [83, 43, 92, 19, 62] based on fold 11 Q-scores, avg Q-score: 1.913
2025-09-13 22:14:29,192 - INFO - Fold 12 (Production): Sharpe=0.822, Hit=54.2%
2025-09-13 22:14:29,193 - INFO - Training Period Overall: Sharpe=1.241, Hit=51.9%
2025-09-13 22:14:29,194 - INFO - Production Period Overall: Sharpe=1.782, Hit=54.8%
2025-09-13 22:14:29,196 - INFO - Full Timeline Overall: Sharpe=1.474, Hit=53.1%
2025-09-13 22:14:29,196 - INFO - Training: Sharpe=1.241 | Hit=51.9% | Return=12.83%
2025-09-13 22:14:29,196 - INFO - Production: Sharpe=1.782 | Hit=54.8% | Return=19.30%
2025-09-13 22:14:29,196 - INFO - Full Timeline: Sharpe=1.474 | Hit=53.1% | Return=15.54%
2025-09-13 22:14:29,196 - INFO - Generating visualizations...
2025-09-13 22:14:29,196 - INFO - Creating clean visualizations for 100 models...
2025-09-13 22:14:32,484 - INFO - Clean fold-by-fold analysis saved to: 20250913_204341_fold_@RTY#C_100models_15folds_RTY1.1_universal_baseline.png
2025-09-13 22:14:35,028 - INFO - Detailed production analysis saved to: 20250913_204341_backtest_@RTY#C_100models_15folds_RTY1.1_universal_baseline.png
2025-09-13 22:14:35,028 - INFO - ================================================================================
2025-09-13 22:14:35,028 - INFO - BACKTEST SUMMARY
2025-09-13 22:14:35,028 - INFO - ================================================================================
2025-09-13 22:14:35,028 - INFO - Config: Cutoff=70%, Top N=5, Q-Metric=sharpe, Reselection=1 fold(s)
2025-09-13 22:14:35,028 - INFO - Model Selection History:
2025-09-13 22:14:35,028 - INFO -   Fold 1: M43, M01, M53, M83, M54 (Avg Q-sharpe: 2.835)
2025-09-13 22:14:35,028 - INFO -   Fold 2: M43, M01, M53, M54, M83 (Avg Q-sharpe: 2.666)
2025-09-13 22:14:35,028 - INFO -   Fold 3: M43, M01, M53, M54, M83 (Avg Q-sharpe: 2.413)
2025-09-13 22:14:35,029 - INFO -   Fold 4: M43, M01, M83, M53, M54 (Avg Q-sharpe: 2.298)
2025-09-13 22:14:35,029 - INFO -   Fold 5: M01, M43, M83, M53, M63 (Avg Q-sharpe: 2.085)
2025-09-13 22:14:35,029 - INFO -   Fold 6: M43, M83, M63, M01, M92 (Avg Q-sharpe: 1.952)
2025-09-13 22:14:35,029 - INFO -   Fold 7: M43, M92, M83, M30, M12 (Avg Q-sharpe: 1.985)
2025-09-13 22:14:35,029 - INFO -   Fold 8: M43, M30, M12, M92, M63 (Avg Q-sharpe: 1.999)
2025-09-13 22:14:35,029 - INFO -   Fold 9: M43, M92, M19, M83, M30 (Avg Q-sharpe: 2.042)
2025-09-13 22:14:35,029 - INFO -   Fold 10: M43, M92, M19, M83, M62 (Avg Q-sharpe: 2.144)
2025-09-13 22:14:35,029 - INFO -   Fold 11: M43, M19, M92, M83, M30 (Avg Q-sharpe: 2.092)
2025-09-13 22:14:35,029 - INFO -   Fold 12: M83, M43, M92, M19, M62 (Avg Q-sharpe: 1.913)
2025-09-13 22:14:35,029 - INFO - 
2025-09-13 22:14:35,029 - INFO - Fold-by-Fold Performance:
2025-09-13 22:14:35,029 - INFO -   Fold 1: M43, M01, M53, M83, M54 | Sharpe=1.421 | Hit=56.4% | Samples=181
2025-09-13 22:14:35,029 - INFO -   Fold 2: M43, M01, M53, M54, M83 | Sharpe=0.137 | Hit=49.2% | Samples=181
2025-09-13 22:14:35,029 - INFO -   Fold 3: M43, M01, M53, M54, M83 | Sharpe=1.662 | Hit=50.8% | Samples=181
2025-09-13 22:14:35,029 - INFO -   Fold 4: M43, M01, M83, M53, M54 | Sharpe=0.001 | Hit=49.7% | Samples=181
2025-09-13 22:14:35,029 - INFO -   Fold 5: M01, M43, M83, M53, M63 | Sharpe=0.865 | Hit=50.3% | Samples=181
2025-09-13 22:14:35,029 - INFO -   Fold 6: M43, M83, M63, M01, M92 | Sharpe=2.408 | Hit=54.1% | Samples=181
2025-09-13 22:14:35,029 - INFO -   Fold 7: M43, M92, M83, M30, M12 | Sharpe=2.552 | Hit=52.5% | Samples=181
2025-09-13 22:14:35,029 - INFO -   Fold 8: M43, M30, M12, M92, M63 | Sharpe=2.375 | Hit=55.2% | Samples=181
2025-09-13 22:14:35,029 - INFO -   Fold 9: M43, M92, M19, M83, M30 | Sharpe=3.703 | Hit=59.7% | Samples=181
2025-09-13 22:14:35,029 - INFO -   Fold 10: M43, M92, M19, M83, M62 | Sharpe=1.976 | Hit=53.0% | Samples=181
2025-09-13 22:14:35,029 - INFO -   Fold 11: M43, M19, M92, M83, M30 | Sharpe=0.092 | Hit=51.9% | Samples=181
2025-09-13 22:14:35,029 - INFO -   Fold 12: M83, M43, M92, M19, M62 | Sharpe=0.822 | Hit=54.2% | Samples=192
2025-09-13 22:14:35,029 - INFO - ================================================================================
2025-09-13 22:14:35,029 - INFO - ================================================================================
2025-09-13 22:14:35,029 - INFO - ANALYSIS COMPLETED SUCCESSFULLY!
2025-09-13 22:14:35,029 - INFO - ================================================================================
2025-09-13 22:14:35,029 - INFO - Generated 2 visualization files
2025-09-13 22:14:35,030 - INFO -   - 20250913_204341_fold_@RTY#C_100models_15folds_RTY1.1_universal_baseline.png
2025-09-13 22:14:35,030 - INFO -   - 20250913_204341_backtest_@RTY#C_100models_15folds_RTY1.1_universal_baseline.png
2025-09-13 22:14:35,030 - INFO - Training Final: Sharpe=1.241 | Hit=51.9% | Return=12.83% | CB=1.270
2025-09-13 22:14:35,030 - INFO - Production Final: Sharpe=1.782 | Hit=54.8% | Return=19.30% | CB=2.228
2025-09-13 22:14:35,030 - INFO - Full Timeline Final: Sharpe=1.474 | Hit=53.1% | Return=15.54% | CB=1.539
