2025-09-12 02:31:33,950 - INFO - ================================================================================
2025-09-12 02:31:33,950 - INFO - XGBoost Comparison Framework
2025-09-12 02:31:33,950 - INFO - ================================================================================
2025-09-12 02:31:33,950 - INFO - Configuration:
2025-09-12 02:31:33,950 - INFO -   Target Symbol: @TY#C
2025-09-12 02:31:33,950 - INFO -   Date Range: 2015-01-01 to 2025-08-01
2025-09-12 02:31:33,950 - INFO -   Models: 50, Type: standard
2025-09-12 02:31:33,950 - INFO -   Folds: 8
2025-09-12 02:31:33,950 - INFO -   Max Features: 100 (Limited)
2025-09-12 02:31:33,950 - INFO -   Feature Selection: Enabled
2025-09-12 02:31:33,950 - INFO -   Inner Val Fraction: 0.2
2025-09-12 02:31:33,950 - INFO -   EWMA Alpha: 0.1, Quality Halflife: 63 days
2025-09-12 02:31:33,950 - INFO -   Signal Type: Tanh Normalized
2025-09-12 02:31:33,950 - INFO -   Cross-validation: Expanding window
2025-09-12 02:31:33,951 - INFO -   Production: Cutoff=0.6, Top N=2, Q-Metric=hit_rate
2025-09-12 02:31:33,951 - INFO -   Reselection: Every 1 fold(s)
2025-09-12 02:31:33,951 - INFO - 
2025-09-12 02:31:48,706 - INFO - Loaded: X=(2735, 1906), y=(2735,)
2025-09-12 02:32:48,750 - INFO - Selected 100 features (threshold: 0.7)
2025-09-12 02:32:49,156 - INFO - Selected: 100 features
2025-09-12 02:32:49,524 - INFO - GPU detection: XGBoost not compiled with CUDA support - using CPU
2025-09-12 02:32:49,525 - INFO - Processing mode: CPU multiprocessing (GPU: False, Total models: 400)
2025-09-12 02:32:49,626 - INFO - GPU detection: XGBoost not compiled with CUDA support - using CPU
2025-09-12 02:32:49,628 - INFO - Using expanding window
2025-09-12 02:32:49,629 - INFO - Starting analysis: 50 standard models x 7 folds
2025-09-12 02:32:49,629 - INFO - Processing Fold 1/7
2025-09-12 02:32:49,638 - INFO -   Using multiprocessing with 9 workers
2025-09-12 02:35:10,242 - INFO - Fold 1 Summary:
2025-09-12 02:35:10,248 - INFO -   Best OOS Sharpe: M46 (0.689, p=0.480)
2025-09-12 02:35:10,248 - INFO -   Best Q-Hit_Rate:  M46 (0.529, OOS_Sharpe=0.689, OOS_Hit=0.529)
2025-09-12 02:35:10,248 - INFO -   Mean OOS Sharpe: -0.453, Mean Hit: 0.481
2025-09-12 02:35:10,248 - INFO - 
2025-09-12 02:35:10,269 - INFO - Processing Fold 2/7
2025-09-12 02:35:10,331 - INFO -   Using multiprocessing with 9 workers
2025-09-12 02:38:44,393 - INFO - Fold 2 Summary:
2025-09-12 02:38:44,405 - INFO -   Best OOS Sharpe: M10 (1.637, p=0.040)
2025-09-12 02:38:44,407 - INFO -   Best Q-Hit_Rate:  M46 (0.527, OOS_Sharpe=0.686, OOS_Hit=0.509)
2025-09-12 02:38:44,407 - INFO -   Mean OOS Sharpe: 0.027, Mean Hit: 0.480
2025-09-12 02:38:44,407 - INFO - 
2025-09-12 02:38:44,494 - INFO - Processing Fold 3/7
2025-09-12 02:38:44,642 - INFO -   Using multiprocessing with 9 workers
2025-09-12 02:43:04,926 - INFO - Fold 3 Summary:
2025-09-12 02:43:04,936 - INFO -   Best OOS Sharpe: M04 (1.726, p=0.060)
2025-09-12 02:43:04,938 - INFO -   Best Q-Hit_Rate:  M46 (0.527, OOS_Sharpe=0.722, OOS_Hit=0.524)
2025-09-12 02:43:04,938 - INFO -   Mean OOS Sharpe: 0.396, Mean Hit: 0.511
2025-09-12 02:43:04,938 - INFO - 
2025-09-12 02:43:04,977 - INFO - Processing Fold 4/7
2025-09-12 02:43:05,032 - INFO -   Using multiprocessing with 9 workers
2025-09-12 02:46:38,787 - INFO - Fold 4 Summary:
2025-09-12 02:46:38,794 - INFO -   Best OOS Sharpe: M13 (1.101, p=0.260)
2025-09-12 02:46:38,794 - INFO -   Best Q-Hit_Rate:  M46 (0.522, OOS_Sharpe=-0.314, OOS_Hit=0.479)
2025-09-12 02:46:38,794 - INFO -   Mean OOS Sharpe: -0.385, Mean Hit: 0.480
2025-09-12 02:46:38,794 - INFO - 
2025-09-12 02:46:38,832 - INFO - Processing Fold 5/7
2025-09-12 02:46:38,956 - INFO -   Using multiprocessing with 9 workers
2025-09-12 02:51:13,157 - INFO - Fold 5 Summary:
2025-09-12 02:51:13,170 - INFO -   Best OOS Sharpe: M06 (1.226, p=0.080)
2025-09-12 02:51:13,171 - INFO -   Best Q-Hit_Rate:  M46 (0.519, OOS_Sharpe=-0.179, OOS_Hit=0.491)
2025-09-12 02:51:13,171 - INFO -   Mean OOS Sharpe: -0.343, Mean Hit: 0.507
2025-09-12 02:51:13,171 - INFO - 
2025-09-12 02:51:13,213 - INFO - Processing Fold 6/7
2025-09-12 02:51:13,256 - INFO -   Using multiprocessing with 9 workers
2025-09-12 02:55:51,714 - INFO - Fold 6 Summary:
2025-09-12 02:55:51,730 - INFO -   Best OOS Sharpe: M24 (0.643, p=0.360)
2025-09-12 02:55:51,732 - INFO -   Best Q-Hit_Rate:  M46 (0.517, OOS_Sharpe=0.406, OOS_Hit=0.494)
2025-09-12 02:55:51,732 - INFO -   Mean OOS Sharpe: -0.886, Mean Hit: 0.470
2025-09-12 02:55:51,732 - INFO - 
2025-09-12 02:55:51,810 - INFO - Processing Fold 7/7
2025-09-12 02:55:51,868 - INFO -   Using multiprocessing with 9 workers
2025-09-12 03:01:21,494 - INFO - Fold 7 Summary:
2025-09-12 03:01:21,507 - INFO -   Best OOS Sharpe: M15 (1.828, p=0.040)
2025-09-12 03:01:21,507 - INFO -   Best Q-Hit_Rate:  M46 (0.515, OOS_Sharpe=1.242, OOS_Hit=0.501)
2025-09-12 03:01:21,507 - INFO -   Mean OOS Sharpe: 0.445, Mean Hit: 0.515
2025-09-12 03:01:21,507 - INFO - 
2025-09-12 03:01:21,571 - INFO - Starting full timeline backtesting...
2025-09-12 03:01:21,585 - INFO - Running full timeline backtest with 7 folds (0-based indexing)
2025-09-12 03:01:21,587 - INFO - Fold 0 skipped (no prior Q-score history for meaningful selection)
2025-09-12 03:01:21,590 - INFO - Effective backtest period: Folds 1-6 (6 folds)
2025-09-12 03:01:21,590 - INFO - Training period: Folds 1-4
2025-09-12 03:01:21,590 - INFO - Production period: Folds 5-6
2025-09-12 03:01:21,590 - INFO - Using consistent OOS methodology for all folds
2025-09-12 03:01:21,591 - INFO - Fold 0: Skipped (no prior Q-score history for meaningful selection)
2025-09-12 03:01:21,591 - INFO - 
--- Processing fold 1/6 ---
2025-09-12 03:01:21,612 - INFO - Fold 1: Q-scores from fold 0: ['M00:0.468', 'M01:0.471', 'M02:0.518', 'M03:0.476', 'M04:0.453']...
2025-09-12 03:01:21,615 - INFO - Fold 1: Selected models [46, 14] based on fold 0 Q-scores, avg Q-score: 0.526
2025-09-12 03:01:21,692 - INFO - Fold 1 (Training): Sharpe=1.724, Hit=54.3%
2025-09-12 03:01:21,693 - INFO - 
--- Processing fold 2/6 ---
2025-09-12 03:01:21,707 - INFO - Fold 2: Q-scores from fold 1: ['M00:0.469', 'M01:0.471', 'M02:0.512', 'M03:0.476', 'M04:0.454']...
2025-09-12 03:01:21,707 - INFO - Fold 2: Selected models [46, 31] based on fold 1 Q-scores, avg Q-score: 0.522
2025-09-12 03:01:21,710 - INFO - Fold 2 (Training): Sharpe=1.963, Hit=55.7%
2025-09-12 03:01:21,710 - INFO - 
--- Processing fold 3/6 ---
2025-09-12 03:01:21,720 - INFO - Fold 3: Q-scores from fold 2: ['M00:0.473', 'M01:0.472', 'M02:0.511', 'M03:0.480', 'M04:0.464']...
2025-09-12 03:01:21,720 - INFO - Fold 3: Selected models [46, 14] based on fold 2 Q-scores, avg Q-score: 0.522
2025-09-12 03:01:21,725 - INFO - Fold 3 (Training): Sharpe=-0.107, Hit=46.0%
2025-09-12 03:01:21,725 - INFO - 
--- Processing fold 4/6 ---
2025-09-12 03:01:21,747 - INFO - Fold 4: Q-scores from fold 3: ['M00:0.478', 'M01:0.476', 'M02:0.507', 'M03:0.477', 'M04:0.467']...
2025-09-12 03:01:21,747 - INFO - Fold 4: Selected models [46, 13] based on fold 3 Q-scores, avg Q-score: 0.519
2025-09-12 03:01:21,752 - INFO - Fold 4 (Training): Sharpe=0.536, Hit=52.8%
2025-09-12 03:01:21,752 - INFO - 
--- Processing fold 5/6 ---
2025-09-12 03:01:21,765 - INFO - Fold 5: Q-scores from fold 4: ['M00:0.483', 'M01:0.482', 'M02:0.508', 'M03:0.481', 'M04:0.472']...
2025-09-12 03:01:21,766 - INFO - Fold 5: Selected models [46, 13] based on fold 4 Q-scores, avg Q-score: 0.517
2025-09-12 03:01:21,772 - INFO - Fold 5 (Production): Sharpe=1.515, Hit=56.6%
2025-09-12 03:01:21,772 - INFO - 
--- Processing fold 6/6 ---
2025-09-12 03:01:21,803 - INFO - Fold 6: Q-scores from fold 5: ['M00:0.483', 'M01:0.483', 'M02:0.509', 'M03:0.481', 'M04:0.469']...
2025-09-12 03:01:21,803 - INFO - Fold 6: Selected models [46, 13] based on fold 5 Q-scores, avg Q-score: 0.516
2025-09-12 03:01:21,806 - INFO - Fold 6 (Production): Sharpe=1.755, Hit=56.0%
2025-09-12 03:01:21,811 - INFO - Training Period Overall: Sharpe=1.003, Hit=52.2%
2025-09-12 03:01:21,815 - INFO - Production Period Overall: Sharpe=1.609, Hit=56.3%
2025-09-12 03:01:21,817 - INFO - Full Timeline Overall: Sharpe=1.232, Hit=53.6%
2025-09-12 03:01:21,817 - INFO - Training: Sharpe=1.003 | Hit=52.2% | Return=2.73%
2025-09-12 03:01:21,818 - INFO - Production: Sharpe=1.609 | Hit=56.3% | Return=5.64%
2025-09-12 03:01:21,818 - INFO - Full Timeline: Sharpe=1.232 | Hit=53.6% | Return=3.71%
2025-09-12 03:01:21,818 - INFO - Generating visualizations...
2025-09-12 03:01:21,819 - INFO - Creating clean visualizations for 50 models...
2025-09-12 03:01:29,170 - INFO - Clean fold-by-fold analysis saved to: 20250912_023133_fold_@TY#C_50models_8folds_hitQ_TY_100feat.png
2025-09-12 03:01:30,528 - INFO - Using categorical units to plot a list of strings that are all parsable as floats or dates. If these strings should be plotted as numbers, cast to the appropriate data type before plotting.
2025-09-12 03:01:30,530 - INFO - Using categorical units to plot a list of strings that are all parsable as floats or dates. If these strings should be plotted as numbers, cast to the appropriate data type before plotting.
2025-09-12 03:01:36,664 - INFO - Detailed production analysis saved to: 20250912_023133_backtest_@TY#C_50models_8folds_hitQ_TY_100feat.png
2025-09-12 03:01:36,668 - INFO - ================================================================================
2025-09-12 03:01:36,668 - INFO - BACKTEST SUMMARY
2025-09-12 03:01:36,668 - INFO - ================================================================================
2025-09-12 03:01:36,668 - INFO - Config: Cutoff=70%, Top N=5, Q-Metric=sharpe, Reselection=1 fold(s)
2025-09-12 03:01:36,668 - INFO - Model Selection History:
2025-09-12 03:01:36,668 - INFO -   Fold 1: M46, M14 (Avg Q-sharpe: 0.526)
2025-09-12 03:01:36,668 - INFO -   Fold 2: M46, M31 (Avg Q-sharpe: 0.522)
2025-09-12 03:01:36,668 - INFO -   Fold 3: M46, M14 (Avg Q-sharpe: 0.522)
2025-09-12 03:01:36,668 - INFO -   Fold 4: M46, M13 (Avg Q-sharpe: 0.519)
2025-09-12 03:01:36,668 - INFO -   Fold 5: M46, M13 (Avg Q-sharpe: 0.517)
2025-09-12 03:01:36,668 - INFO -   Fold 6: M46, M13 (Avg Q-sharpe: 0.516)
2025-09-12 03:01:36,668 - INFO - 
2025-09-12 03:01:36,668 - INFO - Fold-by-Fold Performance:
2025-09-12 03:01:36,668 - INFO -   Fold 1: M46, M14 | Sharpe=1.724 | Hit=54.3% | Samples=341
2025-09-12 03:01:36,668 - INFO -   Fold 2: M46, M31 | Sharpe=1.963 | Hit=55.7% | Samples=341
2025-09-12 03:01:36,669 - INFO -   Fold 3: M46, M14 | Sharpe=-0.107 | Hit=46.0% | Samples=341
2025-09-12 03:01:36,669 - INFO -   Fold 4: M46, M13 | Sharpe=0.536 | Hit=52.8% | Samples=341
2025-09-12 03:01:36,669 - INFO -   Fold 5: M46, M13 | Sharpe=1.515 | Hit=56.6% | Samples=341
2025-09-12 03:01:36,669 - INFO -   Fold 6: M46, M13 | Sharpe=1.755 | Hit=56.0% | Samples=348
2025-09-12 03:01:36,669 - INFO - ================================================================================
2025-09-12 03:01:36,669 - INFO - ================================================================================
2025-09-12 03:01:36,669 - INFO - ANALYSIS COMPLETED SUCCESSFULLY!
2025-09-12 03:01:36,669 - INFO - ================================================================================
2025-09-12 03:01:36,669 - INFO - Generated 2 visualization files
2025-09-12 03:01:36,669 - INFO -   - 20250912_023133_fold_@TY#C_50models_8folds_hitQ_TY_100feat.png
2025-09-12 03:01:36,669 - INFO -   - 20250912_023133_backtest_@TY#C_50models_8folds_hitQ_TY_100feat.png
2025-09-12 03:01:36,669 - INFO - Training Final: Sharpe=1.003 | Hit=52.2% | Return=2.73% | CB=0.868
2025-09-12 03:01:36,669 - INFO - Production Final: Sharpe=1.609 | Hit=56.3% | Return=5.64% | CB=1.342
2025-09-12 03:01:36,669 - INFO - Full Timeline Final: Sharpe=1.232 | Hit=53.6% | Return=3.71% | CB=0.882
