2025-09-16 08:46:40,525 - INFO - ================================================================================
2025-09-16 08:46:40,525 - INFO - XGBoost Comparison Framework
2025-09-16 08:46:40,526 - INFO - ================================================================================
2025-09-16 08:46:40,526 - INFO - Configuration:
2025-09-16 08:46:40,526 - INFO -   Target Symbol: @TY#C
2025-09-16 08:46:40,526 - INFO -   Date Range: 2015-01-01 to 2025-08-01
2025-09-16 08:46:40,526 - INFO -   Models: 200, Type: tiered
2025-09-16 08:46:40,526 - INFO -   Folds: 10
2025-09-16 08:46:40,527 - INFO -   Max Features: 250 (Limited)
2025-09-16 08:46:40,527 - INFO -   Feature Selection: Enabled
2025-09-16 08:46:40,527 - INFO -   Inner Val Fraction: 0.2
2025-09-16 08:46:40,527 - INFO -   EWMA Alpha: 0.1, Quality Halflife: 63 days
2025-09-16 08:46:40,527 - INFO -   Signal Type: Tanh Normalized
2025-09-16 08:46:40,527 - INFO -   Cross-validation: Expanding window
2025-09-16 08:46:40,527 - INFO -   Production: Cutoff=0.6, Top N=10, Q-Metric=sharpe
2025-09-16 08:46:40,527 - INFO -   Reselection: Every 1 fold(s)
2025-09-16 08:46:40,527 - INFO - 
2025-09-16 08:46:46,220 - INFO - Dropped 4 rows due to NaN in target column @TY#C_target_return
2025-09-16 08:46:46,385 - INFO - Loaded: X=(2731, 1906), y=(2731,)
2025-09-16 08:47:09,782 - INFO - Selected 250 features (threshold: 0.7)
2025-09-16 08:47:09,793 - INFO - Selected: 250 features
2025-09-16 08:47:10,033 - INFO - GPU detection: CUDA GPU available and working
2025-09-16 08:47:10,033 - INFO - Processing mode: GPU sequential (GPU: True, Total models: 2000)
2025-09-16 08:47:10,058 - INFO - GPU detection: CUDA GPU available and working
2025-09-16 08:47:10,077 - INFO - Using expanding window
2025-09-16 08:47:10,078 - INFO - Starting analysis: 200 tiered models x 9 folds
2025-09-16 08:47:10,078 - INFO - Processing Fold 1/9
2025-09-16 08:47:10,086 - INFO -   Using GPU sequential processing
2025-09-16 08:56:11,824 - INFO - Fold 1 Summary:
2025-09-16 08:56:11,824 - INFO -   Best OOS Sharpe: M41 (2.331, p=0.020)
2025-09-16 08:56:11,824 - INFO -   Best Q-Sharpe:  M41 (2.331, OOS_Sharpe=2.331, OOS_Hit=0.557)
2025-09-16 08:56:11,824 - INFO -   Mean OOS Sharpe: 0.816, Mean Hit: 0.508
2025-09-16 08:56:11,824 - INFO - 
2025-09-16 08:56:11,834 - INFO - Stored 200 trained models for production export
2025-09-16 08:56:11,834 - INFO - Processing Fold 2/9
2025-09-16 08:56:11,843 - INFO -   Using GPU sequential processing
2025-09-16 09:07:52,734 - INFO - Fold 2 Summary:
2025-09-16 09:07:52,735 - INFO -   Best OOS Sharpe: M146 (3.162, p=0.000)
2025-09-16 09:07:52,735 - INFO -   Best Q-Sharpe:  M48 (2.307, OOS_Sharpe=2.177, OOS_Hit=0.579)
2025-09-16 09:07:52,735 - INFO -   Mean OOS Sharpe: 1.201, Mean Hit: 0.551
2025-09-16 09:07:52,735 - INFO - 
2025-09-16 09:07:52,747 - INFO - Stored 200 trained models for production export
2025-09-16 09:07:52,747 - INFO - Processing Fold 3/9
2025-09-16 09:07:52,756 - INFO -   Using GPU sequential processing
2025-09-16 09:20:27,620 - INFO - Fold 3 Summary:
2025-09-16 09:20:27,620 - INFO -   Best OOS Sharpe: M190 (1.567, p=0.170)
2025-09-16 09:20:27,620 - INFO -   Best Q-Sharpe:  M153 (2.035, OOS_Sharpe=0.820, OOS_Hit=0.509)
2025-09-16 09:20:27,620 - INFO -   Mean OOS Sharpe: -0.119, Mean Hit: 0.498
2025-09-16 09:20:27,620 - INFO - 
2025-09-16 09:20:27,629 - INFO - Stored 200 trained models for production export
2025-09-16 09:20:27,629 - INFO - Processing Fold 4/9
2025-09-16 09:20:27,638 - INFO -   Using GPU sequential processing
2025-09-16 09:32:41,137 - INFO - Fold 4 Summary:
2025-09-16 09:32:41,137 - INFO -   Best OOS Sharpe: M35 (3.910, p=0.000)
2025-09-16 09:32:41,137 - INFO -   Best Q-Sharpe:  M58 (2.046, OOS_Sharpe=3.031, OOS_Hit=0.542)
2025-09-16 09:32:41,137 - INFO -   Mean OOS Sharpe: 1.803, Mean Hit: 0.547
2025-09-16 09:32:41,137 - INFO - 
2025-09-16 09:32:41,144 - INFO - Stored 200 trained models for production export
2025-09-16 09:32:41,144 - INFO - Processing Fold 5/9
2025-09-16 09:32:41,153 - INFO -   Using GPU sequential processing
2025-09-16 09:44:08,597 - INFO - Fold 5 Summary:
2025-09-16 09:44:08,598 - INFO -   Best OOS Sharpe: M87 (1.926, p=0.050)
2025-09-16 09:44:08,598 - INFO -   Best Q-Sharpe:  M58 (1.885, OOS_Sharpe=0.435, OOS_Hit=0.513)
2025-09-16 09:44:08,598 - INFO -   Mean OOS Sharpe: 0.130, Mean Hit: 0.495
2025-09-16 09:44:08,598 - INFO - 
2025-09-16 09:44:08,607 - INFO - Stored 200 trained models for production export
2025-09-16 09:44:08,607 - INFO - Processing Fold 6/9
2025-09-16 09:44:08,615 - INFO -   Using GPU sequential processing
2025-09-16 09:54:41,802 - INFO - Fold 6 Summary:
2025-09-16 09:54:41,802 - INFO -   Best OOS Sharpe: M119 (3.109, p=0.000)
2025-09-16 09:54:41,802 - INFO -   Best Q-Sharpe:  M58 (1.903, OOS_Sharpe=2.064, OOS_Hit=0.560)
2025-09-16 09:54:41,802 - INFO -   Mean OOS Sharpe: 1.261, Mean Hit: 0.523
2025-09-16 09:54:41,802 - INFO - 
2025-09-16 09:54:41,811 - INFO - Stored 200 trained models for production export
2025-09-16 09:54:41,811 - INFO - Processing Fold 7/9
2025-09-16 09:54:41,821 - INFO -   Using GPU sequential processing
2025-09-16 10:03:02,381 - INFO - Fold 7 Summary:
2025-09-16 10:03:02,381 - INFO -   Best OOS Sharpe: M83 (3.071, p=0.000)
2025-09-16 10:03:02,381 - INFO -   Best Q-Sharpe:  M58 (1.861, OOS_Sharpe=1.487, OOS_Hit=0.538)
2025-09-16 10:03:02,381 - INFO -   Mean OOS Sharpe: 1.016, Mean Hit: 0.518
2025-09-16 10:03:02,381 - INFO - 
2025-09-16 10:03:02,390 - INFO - Stored 200 trained models for production export
2025-09-16 10:03:02,390 - INFO - Processing Fold 8/9
2025-09-16 10:03:02,399 - INFO -   Using GPU sequential processing
2025-09-16 10:13:49,618 - INFO - Fold 8 Summary:
2025-09-16 10:13:49,618 - INFO -   Best OOS Sharpe: M76 (4.373, p=0.000)
2025-09-16 10:13:49,618 - INFO -   Best Q-Sharpe:  M58 (2.033, OOS_Sharpe=3.578, OOS_Hit=0.571)
2025-09-16 10:13:49,618 - INFO -   Mean OOS Sharpe: 2.345, Mean Hit: 0.541
2025-09-16 10:13:49,618 - INFO - 
2025-09-16 10:13:49,629 - INFO - Stored 200 trained models for production export
2025-09-16 10:13:49,629 - INFO - Processing Fold 9/9
2025-09-16 10:13:49,640 - INFO -   Using GPU sequential processing
2025-09-16 10:24:47,465 - INFO - Fold 9 Summary:
2025-09-16 10:24:47,465 - INFO -   Best OOS Sharpe: M190 (3.294, p=0.000)
2025-09-16 10:24:47,465 - INFO -   Best Q-Sharpe:  M58 (2.001, OOS_Sharpe=1.714, OOS_Hit=0.569)
2025-09-16 10:24:47,465 - INFO -   Mean OOS Sharpe: 1.621, Mean Hit: 0.542
2025-09-16 10:24:47,465 - INFO - 
2025-09-16 10:24:47,471 - INFO - Stored 200 trained models for production export
2025-09-16 10:24:47,471 - INFO - Starting full timeline backtesting...
2025-09-16 10:24:47,471 - INFO - Running full timeline backtest with 9 folds (0-based indexing)
2025-09-16 10:24:47,471 - INFO - Fold 0 skipped (no prior Q-score history for meaningful selection)
2025-09-16 10:24:47,471 - INFO - Effective backtest period: Folds 1-8 (8 folds)
2025-09-16 10:24:47,471 - INFO - Training period: Folds 1-5
2025-09-16 10:24:47,471 - INFO - Production period: Folds 6-8
2025-09-16 10:24:47,471 - INFO - Using consistent OOS methodology for all folds
2025-09-16 10:24:47,472 - INFO - Fold 0: Skipped (no prior Q-score history for meaningful selection)
2025-09-16 10:24:47,472 - INFO - 
--- Processing fold 1/8 ---
2025-09-16 10:24:47,508 - INFO - Fold 1: Q-scores from fold 0: ['M00:0.442', 'M01:0.575', 'M02:0.077', 'M03:0.892', 'M04:0.026']...
2025-09-16 10:24:47,509 - INFO - Fold 1: Selected models [41, 48, 58, 153, 25, 26, 44, 158, 87, 142] based on fold 0 Q-scores, avg Q-score: 2.129
2025-09-16 10:24:47,510 - INFO - Fold 1 (Training): Sharpe=1.246, Hit=55.3%
2025-09-16 10:24:47,511 - INFO - 
--- Processing fold 2/8 ---
2025-09-16 10:24:47,549 - INFO - Fold 2: Q-scores from fold 1: ['M00:0.478', 'M01:0.575', 'M02:0.148', 'M03:1.030', 'M04:0.193']...
2025-09-16 10:24:47,549 - INFO - Fold 2: Selected models [48, 58, 153, 41, 44, 25, 26, 158, 113, 63] based on fold 1 Q-scores, avg Q-score: 2.028
2025-09-16 10:24:47,551 - INFO - Fold 2 (Training): Sharpe=-0.057, Hit=51.6%
2025-09-16 10:24:47,551 - INFO - 
--- Processing fold 3/8 ---
2025-09-16 10:24:47,593 - INFO - Fold 3: Q-scores from fold 2: ['M00:0.439', 'M01:0.456', 'M02:-0.039', 'M03:0.894', 'M04:0.192']...
2025-09-16 10:24:47,593 - INFO - Fold 3: Selected models [153, 48, 58, 41, 113, 26, 25, 44, 158, 63] based on fold 2 Q-scores, avg Q-score: 1.821
2025-09-16 10:24:47,595 - INFO - Fold 3 (Training): Sharpe=2.902, Hit=59.7%
2025-09-16 10:24:47,595 - INFO - 
--- Processing fold 4/8 ---
2025-09-16 10:24:47,641 - INFO - Fold 4: Q-scores from fold 3: ['M00:0.691', 'M01:0.597', 'M02:0.036', 'M03:1.058', 'M04:0.306']...
2025-09-16 10:24:47,641 - INFO - Fold 4: Selected models [58, 41, 48, 153, 113, 26, 158, 79, 44, 142] based on fold 3 Q-scores, avg Q-score: 1.849
2025-09-16 10:24:47,643 - INFO - Fold 4 (Training): Sharpe=0.503, Hit=50.2%
2025-09-16 10:24:47,643 - INFO - 
--- Processing fold 5/8 ---
2025-09-16 10:24:47,690 - INFO - Fold 5: Q-scores from fold 4: ['M00:0.640', 'M01:0.481', 'M02:0.033', 'M03:1.038', 'M04:0.306']...
2025-09-16 10:24:47,690 - INFO - Fold 5: Selected models [58, 41, 153, 48, 113, 26, 87, 158, 79, 142] based on fold 4 Q-scores, avg Q-score: 1.725
2025-09-16 10:24:47,692 - INFO - Fold 5 (Training): Sharpe=2.305, Hit=54.9%
2025-09-16 10:24:47,692 - INFO - 
--- Processing fold 6/8 ---
2025-09-16 10:24:47,741 - INFO - Fold 6: Q-scores from fold 5: ['M00:0.738', 'M01:0.494', 'M02:0.148', 'M03:1.151', 'M04:0.447']...
2025-09-16 10:24:47,742 - INFO - Fold 6: Selected models [58, 41, 153, 26, 113, 87, 48, 142, 158, 79] based on fold 5 Q-scores, avg Q-score: 1.737
2025-09-16 10:24:47,744 - INFO - Fold 6 (Production): Sharpe=1.324, Hit=52.4%
2025-09-16 10:24:47,744 - INFO - 
--- Processing fold 7/8 ---
2025-09-16 10:24:47,791 - INFO - Fold 7: Q-scores from fold 6: ['M00:0.728', 'M01:0.494', 'M02:0.297', 'M03:1.181', 'M04:0.513']...
2025-09-16 10:24:47,791 - INFO - Fold 7: Selected models [58, 113, 26, 153, 41, 48, 142, 87, 184, 79] based on fold 6 Q-scores, avg Q-score: 1.671
2025-09-16 10:24:47,793 - INFO - Fold 7 (Production): Sharpe=3.810, Hit=56.8%
2025-09-16 10:24:47,793 - INFO - 
--- Processing fold 8/8 ---
2025-09-16 10:24:47,863 - INFO - Fold 8: Q-scores from fold 7: ['M00:0.902', 'M01:0.703', 'M02:0.498', 'M03:1.294', 'M04:0.687']...
2025-09-16 10:24:47,863 - INFO - Fold 8: Selected models [58, 41, 26, 113, 153, 63, 48, 142, 87, 79] based on fold 7 Q-scores, avg Q-score: 1.802
2025-09-16 10:24:47,865 - INFO - Fold 8 (Production): Sharpe=2.109, Hit=50.4%
2025-09-16 10:24:47,866 - INFO - Training Period Overall: Sharpe=1.559, Hit=54.4%
2025-09-16 10:24:47,867 - INFO - Production Period Overall: Sharpe=2.239, Hit=53.2%
2025-09-16 10:24:47,868 - INFO - Full Timeline Overall: Sharpe=1.840, Hit=53.9%
2025-09-16 10:24:47,868 - INFO - Training: Sharpe=1.559 | Hit=54.4% | Return=3.16%
2025-09-16 10:24:47,868 - INFO - Production: Sharpe=2.239 | Hit=53.2% | Return=7.16%
2025-09-16 10:24:47,868 - INFO - Full Timeline: Sharpe=1.840 | Hit=53.9% | Return=4.66%
2025-09-16 10:24:47,868 - INFO - Generating visualizations...
2025-09-16 10:24:47,868 - INFO - Creating clean visualizations for 200 models...
2025-09-16 10:24:50,030 - INFO - Clean fold-by-fold analysis saved to: 20250916_084640_fold_@TY#C_200models_10folds_PROD_TY_final.png
2025-09-16 10:24:53,250 - INFO - Detailed production analysis saved to: 20250916_084640_backtest_@TY#C_200models_10folds_PROD_TY_final.png
2025-09-16 10:24:53,250 - INFO - ================================================================================
2025-09-16 10:24:53,250 - INFO - BACKTEST SUMMARY
2025-09-16 10:24:53,250 - INFO - ================================================================================
2025-09-16 10:24:53,250 - INFO - Config: Cutoff=70%, Top N=5, Q-Metric=sharpe, Reselection=1 fold(s)
2025-09-16 10:24:53,250 - INFO - Model Selection History:
2025-09-16 10:24:53,250 - INFO -   Fold 1: M41, M48, M58, M153, M25, M26, M44, M158, M87, M142 (Avg Q-sharpe: 2.129)
2025-09-16 10:24:53,250 - INFO -   Fold 2: M48, M58, M153, M41, M44, M25, M26, M158, M113, M63 (Avg Q-sharpe: 2.028)
2025-09-16 10:24:53,250 - INFO -   Fold 3: M153, M48, M58, M41, M113, M26, M25, M44, M158, M63 (Avg Q-sharpe: 1.821)
2025-09-16 10:24:53,250 - INFO -   Fold 4: M58, M41, M48, M153, M113, M26, M158, M79, M44, M142 (Avg Q-sharpe: 1.849)
2025-09-16 10:24:53,250 - INFO -   Fold 5: M58, M41, M153, M48, M113, M26, M87, M158, M79, M142 (Avg Q-sharpe: 1.725)
2025-09-16 10:24:53,250 - INFO -   Fold 6: M58, M41, M153, M26, M113, M87, M48, M142, M158, M79 (Avg Q-sharpe: 1.737)
2025-09-16 10:24:53,250 - INFO -   Fold 7: M58, M113, M26, M153, M41, M48, M142, M87, M184, M79 (Avg Q-sharpe: 1.671)
2025-09-16 10:24:53,250 - INFO -   Fold 8: M58, M41, M26, M113, M153, M63, M48, M142, M87, M79 (Avg Q-sharpe: 1.802)
2025-09-16 10:24:53,251 - INFO - 
2025-09-16 10:24:53,251 - INFO - Fold-by-Fold Performance:
2025-09-16 10:24:53,251 - INFO -   Fold 1: M41, M48, M58, M153, M25, M26, M44, M158, M87, M142 | Sharpe=1.246 | Hit=55.3% | Samples=273
2025-09-16 10:24:53,251 - INFO -   Fold 2: M48, M58, M153, M41, M44, M25, M26, M158, M113, M63 | Sharpe=-0.057 | Hit=51.6% | Samples=273
2025-09-16 10:24:53,251 - INFO -   Fold 3: M153, M48, M58, M41, M113, M26, M25, M44, M158, M63 | Sharpe=2.902 | Hit=59.7% | Samples=273
2025-09-16 10:24:53,251 - INFO -   Fold 4: M58, M41, M48, M153, M113, M26, M158, M79, M44, M142 | Sharpe=0.503 | Hit=50.2% | Samples=273
2025-09-16 10:24:53,251 - INFO -   Fold 5: M58, M41, M153, M48, M113, M26, M87, M158, M79, M142 | Sharpe=2.305 | Hit=54.9% | Samples=273
2025-09-16 10:24:53,251 - INFO -   Fold 6: M58, M41, M153, M26, M113, M87, M48, M142, M158, M79 | Sharpe=1.324 | Hit=52.4% | Samples=273
2025-09-16 10:24:53,251 - INFO -   Fold 7: M58, M113, M26, M153, M41, M48, M142, M87, M184, M79 | Sharpe=3.810 | Hit=56.8% | Samples=273
2025-09-16 10:24:53,251 - INFO -   Fold 8: M58, M41, M26, M113, M153, M63, M48, M142, M87, M79 | Sharpe=2.109 | Hit=50.4% | Samples=274
2025-09-16 10:24:53,251 - INFO - ================================================================================
2025-09-16 10:24:53,251 - INFO - ================================================================================
2025-09-16 10:24:53,251 - INFO - ANALYSIS COMPLETED SUCCESSFULLY!
2025-09-16 10:24:53,251 - INFO - ================================================================================
2025-09-16 10:24:53,251 - INFO - Generated 2 visualization files
2025-09-16 10:24:53,251 - INFO -   - 20250916_084640_fold_@TY#C_200models_10folds_PROD_TY_final.png
2025-09-16 10:24:53,251 - INFO -   - 20250916_084640_backtest_@TY#C_200models_10folds_PROD_TY_final.png
2025-09-16 10:24:53,251 - INFO - Training Final: Sharpe=1.559 | Hit=54.4% | Return=3.16% | CB=1.500
2025-09-16 10:24:53,251 - INFO - Production Final: Sharpe=2.239 | Hit=53.2% | Return=7.16% | CB=2.349
2025-09-16 10:24:53,251 - INFO - Full Timeline Final: Sharpe=1.840 | Hit=53.9% | Return=4.66% | CB=1.528
2025-09-16 10:24:53,251 - INFO - ============================================================
2025-09-16 10:24:53,251 - INFO - EXPORTING PRODUCTION MODELS (Consolidated File)
2025-09-16 10:24:53,251 - INFO - ============================================================
2025-09-16 10:24:53,251 - INFO - Backtest results keys: ['full_timeline_metrics', 'training_metrics', 'production_metrics', 'model_selection_history', 'fold_results', 'full_timeline_returns', 'training_returns', 'production_returns', 'full_timeline_predictions', 'full_timeline_dates', 'cutoff_fold', 'training_folds', 'production_folds']
2025-09-16 10:24:53,251 - INFO - Model selection history length: 8
2025-09-16 10:24:53,251 - INFO - Final selection keys: ['fold', 'selection_based_on_fold', 'selected_models', 'avg_q_score', 'period_type']
2025-09-16 10:24:53,251 - INFO - Final fold selected models: [58, 41, 26, 113, 153, 63, 48, 142, 87, 79]
2025-09-16 10:24:53,251 - INFO - All fold results type: <class 'dict'>
2025-09-16 10:24:53,251 - INFO - All fold results keys/length: ['fold_1', 'fold_2', 'fold_3', 'fold_4', 'fold_5', 'fold_6', 'fold_7', 'fold_8', 'fold_9']
2025-09-16 10:24:53,251 - INFO - Using fold fold_9 as final fold
2025-09-16 10:24:53,251 - INFO - Final fold keys: ['results_df', 'model_metrics', 'oos_predictions', 'test_idx', 'trained_models', 'model_specs']
2025-09-16 10:24:53,251 - INFO - Trained models available: [0, 1, 2, 3, 4, 5, 6, 7, 8, 9, 10, 11, 12, 13, 14, 15, 16, 17, 18, 19, 20, 21, 22, 23, 24, 25, 26, 27, 28, 29, 30, 31, 32, 33, 34, 35, 36, 37, 38, 39, 40, 41, 42, 43, 44, 45, 46, 47, 48, 49, 50, 51, 52, 53, 54, 55, 56, 57, 58, 59, 60, 61, 62, 63, 64, 65, 66, 67, 68, 69, 70, 71, 72, 73, 74, 75, 76, 77, 78, 79, 80, 81, 82, 83, 84, 85, 86, 87, 88, 89, 90, 91, 92, 93, 94, 95, 96, 97, 98, 99, 100, 101, 102, 103, 104, 105, 106, 107, 108, 109, 110, 111, 112, 113, 114, 115, 116, 117, 118, 119, 120, 121, 122, 123, 124, 125, 126, 127, 128, 129, 130, 131, 132, 133, 134, 135, 136, 137, 138, 139, 140, 141, 142, 143, 144, 145, 146, 147, 148, 149, 150, 151, 152, 153, 154, 155, 156, 157, 158, 159, 160, 161, 162, 163, 164, 165, 166, 167, 168, 169, 170, 171, 172, 173, 174, 175, 176, 177, 178, 179, 180, 181, 182, 183, 184, 185, 186, 187, 188, 189, 190, 191, 192, 193, 194, 195, 196, 197, 198, 199]
2025-09-16 10:24:53,252 - INFO - Added model M58 -> model_01 with all 250 features (framework standard)
2025-09-16 10:24:53,252 - INFO - Added model M41 -> model_02 with all 250 features (framework standard)
2025-09-16 10:24:53,252 - INFO - Added model M26 -> model_03 with all 250 features (framework standard)
2025-09-16 10:24:53,252 - INFO - Added model M113 -> model_04 with all 250 features (framework standard)
2025-09-16 10:24:53,252 - INFO - Added model M153 -> model_05 with all 250 features (framework standard)
2025-09-16 10:24:53,252 - INFO - Added model M63 -> model_06 with all 250 features (framework standard)
2025-09-16 10:24:53,252 - INFO - Added model M48 -> model_07 with all 250 features (framework standard)
2025-09-16 10:24:53,252 - INFO - Added model M142 -> model_08 with all 250 features (framework standard)
2025-09-16 10:24:53,252 - INFO - Added model M87 -> model_09 with all 250 features (framework standard)
2025-09-16 10:24:53,252 - INFO - Added model M79 -> model_10 with all 250 features (framework standard)
2025-09-16 10:24:53,252 - INFO - Extracted 10 selected models
2025-09-16 10:24:53,272 - INFO - SUCCESS: Exported 10 selected models to C:\Users\zhang\Desktop\Steve\bond_ls_xgb_grope_full_v6\PROD\models\@TY#C_production.pkl
2025-09-16 10:24:53,272 - INFO - File size: 4,614,510 bytes
2025-09-16 10:24:53,272 - INFO - Selected features: 250 features
2025-09-16 10:24:53,272 - INFO - Selected models: [58, 41, 26, 113, 153, 63, 48, 142, 87, 79]
