2025-09-16 11:54:45,412 - INFO - ================================================================================
2025-09-16 11:54:45,412 - INFO - XGBoost Comparison Framework
2025-09-16 11:54:45,412 - INFO - ================================================================================
2025-09-16 11:54:45,412 - INFO - Configuration:
2025-09-16 11:54:45,412 - INFO -   Target Symbol: BD#C
2025-09-16 11:54:45,412 - INFO -   Date Range: 2015-01-01 to 2025-08-01
2025-09-16 11:54:45,412 - INFO -   Models: 100, Type: tiered
2025-09-16 11:54:45,412 - INFO -   Folds: 15
2025-09-16 11:54:45,413 - INFO -   Max Features: 100 (Limited)
2025-09-16 11:54:45,413 - INFO -   Feature Selection: Enabled
2025-09-16 11:54:45,413 - INFO -   Inner Val Fraction: 0.2
2025-09-16 11:54:45,413 - INFO -   EWMA Alpha: 0.1, Quality Halflife: 63 days
2025-09-16 11:54:45,413 - INFO -   Signal Type: Tanh Normalized
2025-09-16 11:54:45,413 - INFO -   Cross-validation: Expanding window
2025-09-16 11:54:45,413 - INFO -   Production: Cutoff=0.6, Top N=5, Q-Metric=sharpe
2025-09-16 11:54:45,413 - INFO -   Reselection: Every 1 fold(s)
2025-09-16 11:54:45,413 - INFO - 
2025-09-16 11:54:50,713 - INFO - Dropped 40 rows due to NaN in target column BD#C_target_return
2025-09-16 11:54:50,923 - INFO - Loaded: X=(2695, 1906), y=(2695,)
2025-09-16 11:55:15,394 - INFO - Selected 100 features (threshold: 0.7)
2025-09-16 11:55:15,406 - INFO - Selected: 100 features
2025-09-16 11:55:15,737 - INFO - GPU detection: CUDA GPU available and working
2025-09-16 11:55:15,737 - INFO - Processing mode: GPU sequential (GPU: True, Total models: 1500)
2025-09-16 11:55:15,762 - INFO - GPU detection: CUDA GPU available and working
2025-09-16 11:55:15,769 - INFO - Using expanding window
2025-09-16 11:55:15,770 - INFO - Starting analysis: 100 tiered models x 13 folds
2025-09-16 11:55:15,770 - INFO - Processing Fold 1/13
2025-09-16 11:55:15,773 - INFO -   Using GPU sequential processing
2025-09-16 11:59:46,603 - INFO - Fold 1 Summary:
2025-09-16 11:59:46,603 - INFO -   Best OOS Sharpe: M50 (5.238, p=0.000)
2025-09-16 11:59:46,603 - INFO -   Best Q-Sharpe:  M50 (5.238, OOS_Sharpe=5.238, OOS_Hit=0.603)
2025-09-16 11:59:46,603 - INFO -   Mean OOS Sharpe: 3.473, Mean Hit: 0.573
2025-09-16 11:59:46,603 - INFO - 
2025-09-16 11:59:46,608 - INFO - Stored 100 trained models for production export
2025-09-16 11:59:46,608 - INFO - Processing Fold 2/13
2025-09-16 11:59:46,611 - INFO -   Using GPU sequential processing
2025-09-16 12:04:50,009 - INFO - Fold 2 Summary:
2025-09-16 12:04:50,009 - INFO -   Best OOS Sharpe: M78 (1.036, p=0.380)
2025-09-16 12:04:50,009 - INFO -   Best Q-Sharpe:  M50 (4.702, OOS_Sharpe=-0.119, OOS_Hit=0.503)
2025-09-16 12:04:50,009 - INFO -   Mean OOS Sharpe: -0.599, Mean Hit: 0.486
2025-09-16 12:04:50,009 - INFO - 
2025-09-16 12:04:50,013 - INFO - Stored 100 trained models for production export
2025-09-16 12:04:50,013 - INFO - Processing Fold 3/13
2025-09-16 12:04:50,017 - INFO -   Using GPU sequential processing
2025-09-16 12:10:14,810 - INFO - Fold 3 Summary:
2025-09-16 12:10:14,810 - INFO -   Best OOS Sharpe: M99 (3.407, p=0.000)
2025-09-16 12:10:14,810 - INFO -   Best Q-Sharpe:  M50 (4.465, OOS_Sharpe=2.334, OOS_Hit=0.564)
2025-09-16 12:10:14,810 - INFO -   Mean OOS Sharpe: 1.858, Mean Hit: 0.561
2025-09-16 12:10:14,810 - INFO - 
2025-09-16 12:10:14,828 - INFO - Stored 100 trained models for production export
2025-09-16 12:10:14,828 - INFO - Processing Fold 4/13
2025-09-16 12:10:14,838 - INFO -   Using GPU sequential processing
2025-09-16 12:15:57,262 - INFO - Fold 4 Summary:
2025-09-16 12:15:57,263 - INFO -   Best OOS Sharpe: M90 (2.506, p=0.020)
2025-09-16 12:15:57,263 - INFO -   Best Q-Sharpe:  M50 (3.994, OOS_Sharpe=-0.247, OOS_Hit=0.475)
2025-09-16 12:15:57,263 - INFO -   Mean OOS Sharpe: 0.633, Mean Hit: 0.499
2025-09-16 12:15:57,263 - INFO - 
2025-09-16 12:15:57,267 - INFO - Stored 100 trained models for production export
2025-09-16 12:15:57,267 - INFO - Processing Fold 5/13
2025-09-16 12:15:57,271 - INFO -   Using GPU sequential processing
2025-09-16 12:21:51,237 - INFO - Fold 5 Summary:
2025-09-16 12:21:51,238 - INFO -   Best OOS Sharpe: M27 (3.626, p=0.000)
2025-09-16 12:21:51,238 - INFO -   Best Q-Sharpe:  M50 (3.682, OOS_Sharpe=0.878, OOS_Hit=0.497)
2025-09-16 12:21:51,238 - INFO -   Mean OOS Sharpe: 0.772, Mean Hit: 0.495
2025-09-16 12:21:51,238 - INFO - 
2025-09-16 12:21:51,245 - INFO - Stored 100 trained models for production export
2025-09-16 12:21:51,245 - INFO - Processing Fold 6/13
2025-09-16 12:21:51,249 - INFO -   Using GPU sequential processing
2025-09-16 12:27:54,321 - INFO - Fold 6 Summary:
2025-09-16 12:27:54,322 - INFO -   Best OOS Sharpe: M46 (3.731, p=0.000)
2025-09-16 12:27:54,322 - INFO -   Best Q-Sharpe:  M10 (3.505, OOS_Sharpe=2.328, OOS_Hit=0.570)
2025-09-16 12:27:54,322 - INFO -   Mean OOS Sharpe: 2.256, Mean Hit: 0.550
2025-09-16 12:27:54,322 - INFO - 
2025-09-16 12:27:54,326 - INFO - Stored 100 trained models for production export
2025-09-16 12:27:54,326 - INFO - Processing Fold 7/13
2025-09-16 12:27:54,331 - INFO -   Using GPU sequential processing
2025-09-16 12:34:05,552 - INFO - Fold 7 Summary:
2025-09-16 12:34:05,553 - INFO -   Best OOS Sharpe: M33 (3.659, p=0.000)
2025-09-16 12:34:05,553 - INFO -   Best Q-Sharpe:  M50 (3.381, OOS_Sharpe=2.528, OOS_Hit=0.536)
2025-09-16 12:34:05,553 - INFO -   Mean OOS Sharpe: 1.850, Mean Hit: 0.519
2025-09-16 12:34:05,553 - INFO - 
2025-09-16 12:34:05,557 - INFO - Stored 100 trained models for production export
2025-09-16 12:34:05,558 - INFO - Processing Fold 8/13
2025-09-16 12:34:05,561 - INFO -   Using GPU sequential processing
2025-09-16 12:40:24,460 - INFO - Fold 8 Summary:
2025-09-16 12:40:24,460 - INFO -   Best OOS Sharpe: M81 (2.658, p=0.040)
2025-09-16 12:40:24,460 - INFO -   Best Q-Sharpe:  M22 (3.108, OOS_Sharpe=0.870, OOS_Hit=0.547)
2025-09-16 12:40:24,460 - INFO -   Mean OOS Sharpe: 0.780, Mean Hit: 0.522
2025-09-16 12:40:24,460 - INFO - 
2025-09-16 12:40:24,474 - INFO - Stored 100 trained models for production export
2025-09-16 12:40:24,474 - INFO - Processing Fold 9/13
2025-09-16 12:40:24,484 - INFO -   Using GPU sequential processing
2025-09-16 12:46:48,752 - INFO - Fold 9 Summary:
2025-09-16 12:46:48,753 - INFO -   Best OOS Sharpe: M89 (3.279, p=0.000)
2025-09-16 12:46:48,753 - INFO -   Best Q-Sharpe:  M22 (2.946, OOS_Sharpe=1.492, OOS_Hit=0.520)
2025-09-16 12:46:48,753 - INFO -   Mean OOS Sharpe: 1.428, Mean Hit: 0.521
2025-09-16 12:46:48,753 - INFO - 
2025-09-16 12:46:48,760 - INFO - Stored 100 trained models for production export
2025-09-16 12:46:48,760 - INFO - Processing Fold 10/13
2025-09-16 12:46:48,764 - INFO -   Using GPU sequential processing
2025-09-16 12:53:16,773 - INFO - Fold 10 Summary:
2025-09-16 12:53:16,773 - INFO -   Best OOS Sharpe: M78 (3.835, p=0.000)
2025-09-16 12:53:16,773 - INFO -   Best Q-Sharpe:  M01 (2.898, OOS_Sharpe=2.807, OOS_Hit=0.564)
2025-09-16 12:53:16,773 - INFO -   Mean OOS Sharpe: 2.214, Mean Hit: 0.552
2025-09-16 12:53:16,773 - INFO - 
2025-09-16 12:53:16,778 - INFO - Stored 100 trained models for production export
2025-09-16 12:53:16,778 - INFO - Processing Fold 11/13
2025-09-16 12:53:16,782 - INFO -   Using GPU sequential processing
2025-09-16 12:58:01,115 - INFO - Fold 11 Summary:
2025-09-16 12:58:01,115 - INFO -   Best OOS Sharpe: M50 (4.169, p=0.000)
2025-09-16 12:58:01,115 - INFO -   Best Q-Sharpe:  M50 (2.962, OOS_Sharpe=4.169, OOS_Hit=0.598)
2025-09-16 12:58:01,115 - INFO -   Mean OOS Sharpe: 2.213, Mean Hit: 0.527
2025-09-16 12:58:01,115 - INFO - 
2025-09-16 12:58:01,119 - INFO - Stored 100 trained models for production export
2025-09-16 12:58:01,119 - INFO - Processing Fold 12/13
2025-09-16 12:58:01,123 - INFO -   Using GPU sequential processing
2025-09-16 13:00:52,021 - INFO - Fold 12 Summary:
2025-09-16 13:00:52,022 - INFO -   Best OOS Sharpe: M56 (3.243, p=0.020)
2025-09-16 13:00:52,022 - INFO -   Best Q-Sharpe:  M80 (2.783, OOS_Sharpe=1.687, OOS_Hit=0.475)
2025-09-16 13:00:52,022 - INFO -   Mean OOS Sharpe: 1.356, Mean Hit: 0.530
2025-09-16 13:00:52,022 - INFO - 
2025-09-16 13:00:52,026 - INFO - Stored 100 trained models for production export
2025-09-16 13:00:52,026 - INFO - Processing Fold 13/13
2025-09-16 13:00:52,031 - INFO -   Using GPU sequential processing
2025-09-16 13:02:45,962 - INFO - Fold 13 Summary:
2025-09-16 13:02:45,962 - INFO -   Best OOS Sharpe: M63 (1.664, p=0.170)
2025-09-16 13:02:45,962 - INFO -   Best Q-Sharpe:  M89 (2.551, OOS_Sharpe=1.364, OOS_Hit=0.534)
2025-09-16 13:02:45,962 - INFO -   Mean OOS Sharpe: -0.385, Mean Hit: 0.486
2025-09-16 13:02:45,962 - INFO - 
2025-09-16 13:02:45,967 - INFO - Stored 100 trained models for production export
2025-09-16 13:02:45,967 - INFO - Starting full timeline backtesting...
2025-09-16 13:02:45,967 - INFO - Running full timeline backtest with 13 folds (0-based indexing)
2025-09-16 13:02:45,967 - INFO - Fold 0 skipped (no prior Q-score history for meaningful selection)
2025-09-16 13:02:45,967 - INFO - Effective backtest period: Folds 1-12 (12 folds)
2025-09-16 13:02:45,967 - INFO - Training period: Folds 1-7
2025-09-16 13:02:45,967 - INFO - Production period: Folds 8-12
2025-09-16 13:02:45,967 - INFO - Using consistent OOS methodology for all folds
2025-09-16 13:02:45,968 - INFO - Fold 0: Skipped (no prior Q-score history for meaningful selection)
2025-09-16 13:02:45,968 - INFO - 
--- Processing fold 1/12 ---
2025-09-16 13:02:45,996 - INFO - Fold 1: Q-scores from fold 0: ['M00:3.788', 'M01:4.648', 'M02:3.671', 'M03:3.531', 'M04:4.741']...
2025-09-16 13:02:45,996 - INFO - Fold 1: Selected models [50, 10, 4, 22, 17] based on fold 0 Q-scores, avg Q-score: 4.924
2025-09-16 13:02:45,997 - INFO - Fold 1 (Training): Sharpe=-0.410, Hit=51.4%
2025-09-16 13:02:45,998 - INFO - 
--- Processing fold 2/12 ---
2025-09-16 13:02:46,025 - INFO - Fold 2: Q-scores from fold 1: ['M00:3.402', 'M01:4.161', 'M02:3.331', 'M03:3.057', 'M04:4.289']...
2025-09-16 13:02:46,026 - INFO - Fold 2: Selected models [50, 10, 4, 22, 17] based on fold 1 Q-scores, avg Q-score: 4.393
2025-09-16 13:02:46,027 - INFO - Fold 2 (Training): Sharpe=2.600, Hit=57.0%
2025-09-16 13:02:46,027 - INFO - 
--- Processing fold 3/12 ---
2025-09-16 13:02:46,051 - INFO - Fold 3: Q-scores from fold 2: ['M00:3.157', 'M01:4.039', 'M02:3.180', 'M03:2.909', 'M04:4.092']...
2025-09-16 13:02:46,052 - INFO - Fold 3: Selected models [50, 10, 4, 22, 1] based on fold 2 Q-scores, avg Q-score: 4.181
2025-09-16 13:02:46,053 - INFO - Fold 3 (Training): Sharpe=0.856, Hit=48.0%
2025-09-16 13:02:46,053 - INFO - 
--- Processing fold 4/12 ---
2025-09-16 13:02:46,078 - INFO - Fold 4: Q-scores from fold 3: ['M00:2.920', 'M01:3.695', 'M02:2.912', 'M03:2.740', 'M04:3.790']...
2025-09-16 13:02:46,078 - INFO - Fold 4: Selected models [50, 10, 22, 4, 1] based on fold 3 Q-scores, avg Q-score: 3.842
2025-09-16 13:02:46,079 - INFO - Fold 4 (Training): Sharpe=1.207, Hit=50.3%
2025-09-16 13:02:46,079 - INFO - 
--- Processing fold 5/12 ---
2025-09-16 13:02:46,099 - INFO - Fold 5: Q-scores from fold 4: ['M00:2.708', 'M01:3.439', 'M02:2.676', 'M03:2.549', 'M04:3.437']...
2025-09-16 13:02:46,099 - INFO - Fold 5: Selected models [50, 10, 22, 1, 4] based on fold 4 Q-scores, avg Q-score: 3.561
2025-09-16 13:02:46,100 - INFO - Fold 5 (Training): Sharpe=2.100, Hit=57.0%
2025-09-16 13:02:46,100 - INFO - 
--- Processing fold 6/12 ---
2025-09-16 13:02:46,119 - INFO - Fold 6: Q-scores from fold 5: ['M00:2.695', 'M01:3.312', 'M02:2.581', 'M03:2.613', 'M04:3.237']...
2025-09-16 13:02:46,119 - INFO - Fold 6: Selected models [10, 50, 22, 1, 17] based on fold 5 Q-scores, avg Q-score: 3.399
2025-09-16 13:02:46,120 - INFO - Fold 6 (Training): Sharpe=2.588, Hit=54.7%
2025-09-16 13:02:46,120 - INFO - 
--- Processing fold 7/12 ---
2025-09-16 13:02:46,135 - INFO - Fold 7: Q-scores from fold 6: ['M00:2.662', 'M01:3.146', 'M02:2.414', 'M03:2.575', 'M04:3.053']...
2025-09-16 13:02:46,136 - INFO - Fold 7: Selected models [50, 22, 10, 17, 1] based on fold 6 Q-scores, avg Q-score: 3.278
2025-09-16 13:02:46,136 - INFO - Fold 7 (Training): Sharpe=1.048, Hit=55.3%
2025-09-16 13:02:46,136 - INFO - 
--- Processing fold 8/12 ---
2025-09-16 13:02:46,156 - INFO - Fold 8: Q-scores from fold 7: ['M00:2.418', 'M01:3.021', 'M02:2.171', 'M03:2.543', 'M04:2.811']...
2025-09-16 13:02:46,156 - INFO - Fold 8: Selected models [22, 50, 10, 1, 17] based on fold 7 Q-scores, avg Q-score: 3.044
2025-09-16 13:02:46,158 - INFO - Fold 8 (Production): Sharpe=1.618, Hit=52.5%
2025-09-16 13:02:46,158 - INFO - 
--- Processing fold 9/12 ---
2025-09-16 13:02:46,179 - INFO - Fold 9: Q-scores from fold 8: ['M00:2.362', 'M01:2.908', 'M02:2.080', 'M03:2.305', 'M04:2.640']...
2025-09-16 13:02:46,180 - INFO - Fold 9: Selected models [22, 50, 1, 10, 80] based on fold 8 Q-scores, avg Q-score: 2.902
2025-09-16 13:02:46,181 - INFO - Fold 9 (Production): Sharpe=2.681, Hit=55.9%
2025-09-16 13:02:46,181 - INFO - 
--- Processing fold 10/12 ---
2025-09-16 13:02:46,200 - INFO - Fold 10: Q-scores from fold 9: ['M00:2.269', 'M01:2.898', 'M02:2.034', 'M03:2.370', 'M04:2.662']...
2025-09-16 13:02:46,200 - INFO - Fold 10: Selected models [1, 80, 50, 22, 10] based on fold 9 Q-scores, avg Q-score: 2.848
2025-09-16 13:02:46,201 - INFO - Fold 10 (Production): Sharpe=2.800, Hit=53.1%
2025-09-16 13:02:46,201 - INFO - 
--- Processing fold 11/12 ---
2025-09-16 13:02:46,222 - INFO - Fold 11: Q-scores from fold 10: ['M00:2.317', 'M01:2.791', 'M02:2.003', 'M03:2.322', 'M04:2.661']...
2025-09-16 13:02:46,222 - INFO - Fold 11: Selected models [50, 80, 1, 89, 10] based on fold 10 Q-scores, avg Q-score: 2.831
2025-09-16 13:02:46,223 - INFO - Fold 11 (Production): Sharpe=1.822, Hit=53.1%
2025-09-16 13:02:46,223 - INFO - 
--- Processing fold 12/12 ---
2025-09-16 13:02:46,242 - INFO - Fold 12: Q-scores from fold 11: ['M00:2.246', 'M01:2.723', 'M02:1.868', 'M03:2.246', 'M04:2.399']...
2025-09-16 13:02:46,242 - INFO - Fold 12: Selected models [80, 1, 50, 89, 10] based on fold 11 Q-scores, avg Q-score: 2.708
2025-09-16 13:02:46,243 - INFO - Fold 12 (Production): Sharpe=-0.404, Hit=50.8%
2025-09-16 13:02:46,245 - INFO - Training Period Overall: Sharpe=1.328, Hit=53.4%
2025-09-16 13:02:46,246 - INFO - Production Period Overall: Sharpe=1.778, Hit=53.0%
2025-09-16 13:02:46,247 - INFO - Full Timeline Overall: Sharpe=1.527, Hit=53.2%
2025-09-16 13:02:46,247 - INFO - Training: Sharpe=1.328 | Hit=53.4% | Return=3.90%
2025-09-16 13:02:46,248 - INFO - Production: Sharpe=1.778 | Hit=53.0% | Return=8.31%
2025-09-16 13:02:46,248 - INFO - Full Timeline: Sharpe=1.527 | Hit=53.2% | Return=5.75%
2025-09-16 13:02:46,248 - INFO - Generating visualizations...
2025-09-16 13:02:46,248 - INFO - Creating clean visualizations for 100 models...
2025-09-16 13:02:49,286 - INFO - Clean fold-by-fold analysis saved to: 20250916_115445_fold_BD#C_100models_15folds_PROD_BD_final.png
2025-09-16 13:02:51,466 - INFO - Detailed production analysis saved to: 20250916_115445_backtest_BD#C_100models_15folds_PROD_BD_final.png
2025-09-16 13:02:51,467 - INFO - ================================================================================
2025-09-16 13:02:51,467 - INFO - BACKTEST SUMMARY
2025-09-16 13:02:51,467 - INFO - ================================================================================
2025-09-16 13:02:51,467 - INFO - Config: Cutoff=70%, Top N=5, Q-Metric=sharpe, Reselection=1 fold(s)
2025-09-16 13:02:51,467 - INFO - Model Selection History:
2025-09-16 13:02:51,467 - INFO -   Fold 1: M50, M10, M04, M22, M17 (Avg Q-sharpe: 4.924)
2025-09-16 13:02:51,467 - INFO -   Fold 2: M50, M10, M04, M22, M17 (Avg Q-sharpe: 4.393)
2025-09-16 13:02:51,467 - INFO -   Fold 3: M50, M10, M04, M22, M01 (Avg Q-sharpe: 4.181)
2025-09-16 13:02:51,467 - INFO -   Fold 4: M50, M10, M22, M04, M01 (Avg Q-sharpe: 3.842)
2025-09-16 13:02:51,467 - INFO -   Fold 5: M50, M10, M22, M01, M04 (Avg Q-sharpe: 3.561)
2025-09-16 13:02:51,467 - INFO -   Fold 6: M10, M50, M22, M01, M17 (Avg Q-sharpe: 3.399)
2025-09-16 13:02:51,467 - INFO -   Fold 7: M50, M22, M10, M17, M01 (Avg Q-sharpe: 3.278)
2025-09-16 13:02:51,467 - INFO -   Fold 8: M22, M50, M10, M01, M17 (Avg Q-sharpe: 3.044)
2025-09-16 13:02:51,467 - INFO -   Fold 9: M22, M50, M01, M10, M80 (Avg Q-sharpe: 2.902)
2025-09-16 13:02:51,467 - INFO -   Fold 10: M01, M80, M50, M22, M10 (Avg Q-sharpe: 2.848)
2025-09-16 13:02:51,467 - INFO -   Fold 11: M50, M80, M01, M89, M10 (Avg Q-sharpe: 2.831)
2025-09-16 13:02:51,467 - INFO -   Fold 12: M80, M01, M50, M89, M10 (Avg Q-sharpe: 2.708)
2025-09-16 13:02:51,467 - INFO - 
2025-09-16 13:02:51,467 - INFO - Fold-by-Fold Performance:
2025-09-16 13:02:51,467 - INFO -   Fold 1: M50, M10, M04, M22, M17 | Sharpe=-0.410 | Hit=51.4% | Samples=179
2025-09-16 13:02:51,467 - INFO -   Fold 2: M50, M10, M04, M22, M17 | Sharpe=2.600 | Hit=57.0% | Samples=179
2025-09-16 13:02:51,467 - INFO -   Fold 3: M50, M10, M04, M22, M01 | Sharpe=0.856 | Hit=48.0% | Samples=179
2025-09-16 13:02:51,467 - INFO -   Fold 4: M50, M10, M22, M04, M01 | Sharpe=1.207 | Hit=50.3% | Samples=179
2025-09-16 13:02:51,468 - INFO -   Fold 5: M50, M10, M22, M01, M04 | Sharpe=2.100 | Hit=57.0% | Samples=179
2025-09-16 13:02:51,468 - INFO -   Fold 6: M10, M50, M22, M01, M17 | Sharpe=2.588 | Hit=54.7% | Samples=179
2025-09-16 13:02:51,468 - INFO -   Fold 7: M50, M22, M10, M17, M01 | Sharpe=1.048 | Hit=55.3% | Samples=179
2025-09-16 13:02:51,468 - INFO -   Fold 8: M22, M50, M10, M01, M17 | Sharpe=1.618 | Hit=52.5% | Samples=179
2025-09-16 13:02:51,468 - INFO -   Fold 9: M22, M50, M01, M10, M80 | Sharpe=2.681 | Hit=55.9% | Samples=179
2025-09-16 13:02:51,468 - INFO -   Fold 10: M01, M80, M50, M22, M10 | Sharpe=2.800 | Hit=53.1% | Samples=179
2025-09-16 13:02:51,468 - INFO -   Fold 11: M50, M80, M01, M89, M10 | Sharpe=1.822 | Hit=53.1% | Samples=179
2025-09-16 13:02:51,468 - INFO -   Fold 12: M80, M01, M50, M89, M10 | Sharpe=-0.404 | Hit=50.8% | Samples=189
2025-09-16 13:02:51,468 - INFO - ================================================================================
2025-09-16 13:02:51,468 - INFO - ================================================================================
2025-09-16 13:02:51,468 - INFO - ANALYSIS COMPLETED SUCCESSFULLY!
2025-09-16 13:02:51,468 - INFO - ================================================================================
2025-09-16 13:02:51,468 - INFO - Generated 2 visualization files
2025-09-16 13:02:51,468 - INFO -   - 20250916_115445_fold_BD#C_100models_15folds_PROD_BD_final.png
2025-09-16 13:02:51,468 - INFO -   - 20250916_115445_backtest_BD#C_100models_15folds_PROD_BD_final.png
2025-09-16 13:02:51,468 - INFO - Training Final: Sharpe=1.328 | Hit=53.4% | Return=3.90% | CB=1.157
2025-09-16 13:02:51,468 - INFO - Production Final: Sharpe=1.778 | Hit=53.0% | Return=8.31% | CB=2.654
2025-09-16 13:02:51,468 - INFO - Full Timeline Final: Sharpe=1.527 | Hit=53.2% | Return=5.75% | CB=1.706
2025-09-16 13:02:51,468 - INFO - ============================================================
2025-09-16 13:02:51,468 - INFO - EXPORTING PRODUCTION MODELS (Consolidated File)
2025-09-16 13:02:51,469 - INFO - ============================================================
2025-09-16 13:02:51,469 - INFO - Backtest results keys: ['full_timeline_metrics', 'training_metrics', 'production_metrics', 'model_selection_history', 'fold_results', 'full_timeline_returns', 'training_returns', 'production_returns', 'full_timeline_predictions', 'full_timeline_dates', 'cutoff_fold', 'training_folds', 'production_folds']
2025-09-16 13:02:51,469 - INFO - Model selection history length: 12
2025-09-16 13:02:51,469 - INFO - Final selection keys: ['fold', 'selection_based_on_fold', 'selected_models', 'avg_q_score', 'period_type']
2025-09-16 13:02:51,469 - INFO - Final fold selected models: [80, 1, 50, 89, 10]
2025-09-16 13:02:51,469 - INFO - All fold results type: <class 'dict'>
2025-09-16 13:02:51,469 - INFO - All fold results keys/length: ['fold_1', 'fold_2', 'fold_3', 'fold_4', 'fold_5', 'fold_6', 'fold_7', 'fold_8', 'fold_9', 'fold_10', 'fold_11', 'fold_12', 'fold_13']
2025-09-16 13:02:51,469 - INFO - Using fold fold_9 as final fold
2025-09-16 13:02:51,469 - INFO - Final fold keys: ['results_df', 'model_metrics', 'oos_predictions', 'test_idx', 'trained_models', 'model_specs']
2025-09-16 13:02:51,469 - INFO - Trained models available: [0, 1, 2, 3, 4, 5, 6, 7, 8, 9, 10, 11, 12, 13, 14, 15, 16, 17, 18, 19, 20, 21, 22, 23, 24, 25, 26, 27, 28, 29, 30, 31, 32, 33, 34, 35, 36, 37, 38, 39, 40, 41, 42, 43, 44, 45, 46, 47, 48, 49, 50, 51, 52, 53, 54, 55, 56, 57, 58, 59, 60, 61, 62, 63, 64, 65, 66, 67, 68, 69, 70, 71, 72, 73, 74, 75, 76, 77, 78, 79, 80, 81, 82, 83, 84, 85, 86, 87, 88, 89, 90, 91, 92, 93, 94, 95, 96, 97, 98, 99]
2025-09-16 13:02:51,469 - INFO - Added model M80 -> model_01 with all 100 features (framework standard)
2025-09-16 13:02:51,469 - INFO - Added model M01 -> model_02 with all 100 features (framework standard)
2025-09-16 13:02:51,469 - INFO - Added model M50 -> model_03 with all 100 features (framework standard)
2025-09-16 13:02:51,469 - INFO - Added model M89 -> model_04 with all 100 features (framework standard)
2025-09-16 13:02:51,469 - INFO - Added model M10 -> model_05 with all 100 features (framework standard)
2025-09-16 13:02:51,469 - INFO - Extracted 5 selected models
2025-09-16 13:02:51,481 - INFO - SUCCESS: Exported 5 selected models to C:\Users\zhang\Desktop\Steve\bond_ls_xgb_grope_full_v6\PROD\models\BD#C_production.pkl
2025-09-16 13:02:51,481 - INFO - File size: 1,843,225 bytes
2025-09-16 13:02:51,481 - INFO - Selected features: 100 features
2025-09-16 13:02:51,481 - INFO - Selected models: [80, 1, 50, 89, 10]
