2025-09-16 10:29:53,707 - INFO - ================================================================================
2025-09-16 10:29:53,707 - INFO - XGBoost Comparison Framework
2025-09-16 10:29:53,707 - INFO - ================================================================================
2025-09-16 10:29:53,707 - INFO - Configuration:
2025-09-16 10:29:53,707 - INFO -   Target Symbol: @NQ#C
2025-09-16 10:29:53,707 - INFO -   Date Range: 2015-01-01 to 2025-08-01
2025-09-16 10:29:53,707 - INFO -   Models: 100, Type: standard
2025-09-16 10:29:53,707 - INFO -   Folds: 15
2025-09-16 10:29:53,707 - INFO -   Max Features: 100 (Limited)
2025-09-16 10:29:53,707 - INFO -   Feature Selection: Enabled
2025-09-16 10:29:53,707 - INFO -   Inner Val Fraction: 0.2
2025-09-16 10:29:53,707 - INFO -   EWMA Alpha: 0.1, Quality Halflife: 63 days
2025-09-16 10:29:53,708 - INFO -   Signal Type: Tanh Normalized
2025-09-16 10:29:53,708 - INFO -   Cross-validation: Expanding window
2025-09-16 10:29:53,708 - INFO -   Production: Cutoff=0.6, Top N=5, Q-Metric=sharpe
2025-09-16 10:29:53,708 - INFO -   Reselection: Every 1 fold(s)
2025-09-16 10:29:53,708 - INFO - 
2025-09-16 10:29:59,263 - INFO - Dropped 8 rows due to NaN in target column @NQ#C_target_return
2025-09-16 10:29:59,447 - INFO - Loaded: X=(2727, 1906), y=(2727,)
2025-09-16 10:30:20,589 - INFO - Selected 100 features (threshold: 0.7)
2025-09-16 10:30:20,599 - INFO - Selected: 100 features
2025-09-16 10:30:20,873 - INFO - GPU detection: CUDA GPU available and working
2025-09-16 10:30:20,873 - INFO - Processing mode: GPU sequential (GPU: True, Total models: 1500)
2025-09-16 10:30:20,900 - INFO - GPU detection: CUDA GPU available and working
2025-09-16 10:30:20,902 - INFO - Using expanding window
2025-09-16 10:30:20,903 - INFO - Starting analysis: 100 standard models x 13 folds
2025-09-16 10:30:20,903 - INFO - Processing Fold 1/13
2025-09-16 10:30:20,907 - INFO -   Using GPU sequential processing
2025-09-16 10:32:58,291 - INFO - Fold 1 Summary:
2025-09-16 10:32:58,291 - INFO -   Best OOS Sharpe: M31 (3.067, p=0.000)
2025-09-16 10:32:58,293 - INFO -   Best Q-Sharpe:  M31 (3.067, OOS_Sharpe=3.067, OOS_Hit=0.569)
2025-09-16 10:32:58,293 - INFO -   Mean OOS Sharpe: 0.937, Mean Hit: 0.526
2025-09-16 10:32:58,293 - INFO - 
2025-09-16 10:32:58,297 - INFO - Stored 100 trained models for production export
2025-09-16 10:32:58,297 - INFO - Processing Fold 2/13
2025-09-16 10:32:58,302 - INFO -   Using GPU sequential processing
2025-09-16 10:36:27,247 - INFO - Fold 2 Summary:
2025-09-16 10:36:27,259 - INFO -   Best OOS Sharpe: M12 (2.472, p=0.040)
2025-09-16 10:36:27,259 - INFO -   Best Q-Sharpe:  M31 (2.885, OOS_Sharpe=1.246, OOS_Hit=0.547)
2025-09-16 10:36:27,259 - INFO -   Mean OOS Sharpe: 0.731, Mean Hit: 0.521
2025-09-16 10:36:27,259 - INFO - 
2025-09-16 10:36:27,264 - INFO - Stored 100 trained models for production export
2025-09-16 10:36:27,264 - INFO - Processing Fold 3/13
2025-09-16 10:36:27,267 - INFO -   Using GPU sequential processing
2025-09-16 10:40:03,325 - INFO - Fold 3 Summary:
2025-09-16 10:40:03,325 - INFO -   Best OOS Sharpe: M38 (2.922, p=0.030)
2025-09-16 10:40:03,325 - INFO -   Best Q-Sharpe:  M20 (2.724, OOS_Sharpe=1.800, OOS_Hit=0.514)
2025-09-16 10:40:03,325 - INFO -   Mean OOS Sharpe: 1.056, Mean Hit: 0.527
2025-09-16 10:40:03,325 - INFO - 
2025-09-16 10:40:03,331 - INFO - Stored 100 trained models for production export
2025-09-16 10:40:03,331 - INFO - Processing Fold 4/13
2025-09-16 10:40:03,336 - INFO -   Using GPU sequential processing
2025-09-16 10:43:45,388 - INFO - Fold 4 Summary:
2025-09-16 10:43:45,388 - INFO -   Best OOS Sharpe: M23 (2.355, p=0.080)
2025-09-16 10:43:45,388 - INFO -   Best Q-Sharpe:  M31 (2.614, OOS_Sharpe=2.087, OOS_Hit=0.525)
2025-09-16 10:43:45,388 - INFO -   Mean OOS Sharpe: 0.771, Mean Hit: 0.512
2025-09-16 10:43:45,388 - INFO - 
2025-09-16 10:43:45,392 - INFO - Stored 100 trained models for production export
2025-09-16 10:43:45,393 - INFO - Processing Fold 5/13
2025-09-16 10:43:45,399 - INFO -   Using GPU sequential processing
2025-09-16 10:47:33,277 - INFO - Fold 5 Summary:
2025-09-16 10:47:33,277 - INFO -   Best OOS Sharpe: M20 (3.807, p=0.010)
2025-09-16 10:47:33,277 - INFO -   Best Q-Sharpe:  M20 (2.624, OOS_Sharpe=3.807, OOS_Hit=0.536)
2025-09-16 10:47:33,277 - INFO -   Mean OOS Sharpe: 1.198, Mean Hit: 0.508
2025-09-16 10:47:33,277 - INFO - 
2025-09-16 10:47:33,282 - INFO - Stored 100 trained models for production export
2025-09-16 10:47:33,282 - INFO - Processing Fold 6/13
2025-09-16 10:47:33,289 - INFO -   Using GPU sequential processing
2025-09-16 10:51:20,320 - INFO - Fold 6 Summary:
2025-09-16 10:51:20,321 - INFO -   Best OOS Sharpe: M92 (3.204, p=0.010)
2025-09-16 10:51:20,321 - INFO -   Best Q-Sharpe:  M20 (2.533, OOS_Sharpe=1.708, OOS_Hit=0.547)
2025-09-16 10:51:20,321 - INFO -   Mean OOS Sharpe: 0.757, Mean Hit: 0.479
2025-09-16 10:51:20,321 - INFO - 
2025-09-16 10:51:20,325 - INFO - Stored 100 trained models for production export
2025-09-16 10:51:20,325 - INFO - Processing Fold 7/13
2025-09-16 10:51:20,330 - INFO -   Using GPU sequential processing
2025-09-16 10:55:18,705 - INFO - Fold 7 Summary:
2025-09-16 10:55:18,706 - INFO -   Best OOS Sharpe: M95 (3.361, p=0.000)
2025-09-16 10:55:18,706 - INFO -   Best Q-Sharpe:  M20 (2.446, OOS_Sharpe=1.667, OOS_Hit=0.558)
2025-09-16 10:55:18,706 - INFO -   Mean OOS Sharpe: 1.338, Mean Hit: 0.535
2025-09-16 10:55:18,706 - INFO - 
2025-09-16 10:55:18,710 - INFO - Stored 100 trained models for production export
2025-09-16 10:55:18,710 - INFO - Processing Fold 8/13
2025-09-16 10:55:18,714 - INFO -   Using GPU sequential processing
2025-09-16 10:59:18,684 - INFO - Fold 8 Summary:
2025-09-16 10:59:18,685 - INFO -   Best OOS Sharpe: M46 (3.352, p=0.000)
2025-09-16 10:59:18,685 - INFO -   Best Q-Sharpe:  M20 (2.288, OOS_Sharpe=0.861, OOS_Hit=0.547)
2025-09-16 10:59:18,685 - INFO -   Mean OOS Sharpe: 1.091, Mean Hit: 0.510
2025-09-16 10:59:18,685 - INFO - 
2025-09-16 10:59:18,695 - INFO - Stored 100 trained models for production export
2025-09-16 10:59:18,695 - INFO - Processing Fold 9/13
2025-09-16 10:59:18,698 - INFO -   Using GPU sequential processing
2025-09-16 11:03:45,688 - INFO - Fold 9 Summary:
2025-09-16 11:03:45,688 - INFO -   Best OOS Sharpe: M66 (3.285, p=0.020)
2025-09-16 11:03:45,689 - INFO -   Best Q-Sharpe:  M20 (2.026, OOS_Sharpe=-0.332, OOS_Hit=0.481)
2025-09-16 11:03:45,689 - INFO -   Mean OOS Sharpe: 1.141, Mean Hit: 0.505
2025-09-16 11:03:45,689 - INFO - 
2025-09-16 11:03:45,693 - INFO - Stored 100 trained models for production export
2025-09-16 11:03:45,693 - INFO - Processing Fold 10/13
2025-09-16 11:03:45,697 - INFO -   Using GPU sequential processing
2025-09-16 11:08:16,185 - INFO - Fold 10 Summary:
2025-09-16 11:08:16,186 - INFO -   Best OOS Sharpe: M82 (3.158, p=0.010)
2025-09-16 11:08:16,186 - INFO -   Best Q-Sharpe:  M61 (2.088, OOS_Sharpe=2.940, OOS_Hit=0.608)
2025-09-16 11:08:16,186 - INFO -   Mean OOS Sharpe: 1.538, Mean Hit: 0.540
2025-09-16 11:08:16,186 - INFO - 
2025-09-16 11:08:16,190 - INFO - Stored 100 trained models for production export
2025-09-16 11:08:16,190 - INFO - Processing Fold 11/13
2025-09-16 11:08:16,195 - INFO -   Using GPU sequential processing
2025-09-16 11:12:47,965 - INFO - Fold 11 Summary:
2025-09-16 11:12:47,966 - INFO -   Best OOS Sharpe: M41 (2.366, p=0.030)
2025-09-16 11:12:47,966 - INFO -   Best Q-Sharpe:  M31 (1.871, OOS_Sharpe=1.003, OOS_Hit=0.508)
2025-09-16 11:12:47,966 - INFO -   Mean OOS Sharpe: 0.093, Mean Hit: 0.496
2025-09-16 11:12:47,966 - INFO - 
2025-09-16 11:12:47,970 - INFO - Stored 100 trained models for production export
2025-09-16 11:12:47,971 - INFO - Processing Fold 12/13
2025-09-16 11:12:47,976 - INFO -   Using GPU sequential processing
2025-09-16 11:17:12,365 - INFO - Fold 12 Summary:
2025-09-16 11:17:12,366 - INFO -   Best OOS Sharpe: M42 (2.886, p=0.030)
2025-09-16 11:17:12,366 - INFO -   Best Q-Sharpe:  M31 (1.845, OOS_Sharpe=1.611, OOS_Hit=0.530)
2025-09-16 11:17:12,366 - INFO -   Mean OOS Sharpe: 1.376, Mean Hit: 0.523
2025-09-16 11:17:12,366 - INFO - 
2025-09-16 11:17:12,370 - INFO - Stored 100 trained models for production export
2025-09-16 11:17:12,370 - INFO - Processing Fold 13/13
2025-09-16 11:17:12,374 - INFO -   Using GPU sequential processing
2025-09-16 11:21:08,066 - INFO - Fold 13 Summary:
2025-09-16 11:21:08,066 - INFO -   Best OOS Sharpe: M63 (4.787, p=0.000)
2025-09-16 11:21:08,066 - INFO -   Best Q-Sharpe:  M61 (1.954, OOS_Sharpe=3.222, OOS_Hit=0.585)
2025-09-16 11:21:08,066 - INFO -   Mean OOS Sharpe: 2.574, Mean Hit: 0.571
2025-09-16 11:21:08,066 - INFO - 
2025-09-16 11:21:08,071 - INFO - Stored 100 trained models for production export
2025-09-16 11:21:08,071 - INFO - Starting full timeline backtesting...
2025-09-16 11:21:08,071 - INFO - Running full timeline backtest with 13 folds (0-based indexing)
2025-09-16 11:21:08,071 - INFO - Fold 0 skipped (no prior Q-score history for meaningful selection)
2025-09-16 11:21:08,071 - INFO - Effective backtest period: Folds 1-12 (12 folds)
2025-09-16 11:21:08,072 - INFO - Training period: Folds 1-7
2025-09-16 11:21:08,072 - INFO - Production period: Folds 8-12
2025-09-16 11:21:08,072 - INFO - Using consistent OOS methodology for all folds
2025-09-16 11:21:08,072 - INFO - Fold 0: Skipped (no prior Q-score history for meaningful selection)
2025-09-16 11:21:08,072 - INFO - 
--- Processing fold 1/12 ---
2025-09-16 11:21:08,114 - INFO - Fold 1: Q-scores from fold 0: ['M00:0.900', 'M01:0.580', 'M02:0.540', 'M03:1.363', 'M04:-0.154']...
2025-09-16 11:21:08,114 - INFO - Fold 1: Selected models [31, 20, 85, 61, 79] based on fold 0 Q-scores, avg Q-score: 2.832
2025-09-16 11:21:08,116 - INFO - Fold 1 (Training): Sharpe=0.821, Hit=53.0%
2025-09-16 11:21:08,116 - INFO - 
--- Processing fold 2/12 ---
2025-09-16 11:21:08,152 - INFO - Fold 2: Q-scores from fold 1: ['M00:0.853', 'M01:0.635', 'M02:0.729', 'M03:1.329', 'M04:-0.131']...
2025-09-16 11:21:08,152 - INFO - Fold 2: Selected models [31, 20, 61, 85, 89] based on fold 1 Q-scores, avg Q-score: 2.618
2025-09-16 11:21:08,154 - INFO - Fold 2 (Training): Sharpe=2.374, Hit=55.8%
2025-09-16 11:21:08,154 - INFO - 
--- Processing fold 3/12 ---
2025-09-16 11:21:08,183 - INFO - Fold 3: Q-scores from fold 2: ['M00:0.799', 'M01:0.584', 'M02:0.673', 'M03:1.254', 'M04:0.033']...
2025-09-16 11:21:08,183 - INFO - Fold 3: Selected models [20, 31, 61, 85, 89] based on fold 2 Q-scores, avg Q-score: 2.530
2025-09-16 11:21:08,184 - INFO - Fold 3 (Training): Sharpe=1.361, Hit=51.9%
2025-09-16 11:21:08,184 - INFO - 
--- Processing fold 4/12 ---
2025-09-16 11:21:08,236 - INFO - Fold 4: Q-scores from fold 3: ['M00:0.821', 'M01:0.599', 'M02:0.686', 'M03:1.152', 'M04:0.122']...
2025-09-16 11:21:08,237 - INFO - Fold 4: Selected models [31, 20, 61, 85, 89] based on fold 3 Q-scores, avg Q-score: 2.391
2025-09-16 11:21:08,238 - INFO - Fold 4 (Training): Sharpe=2.637, Hit=53.0%
2025-09-16 11:21:08,238 - INFO - 
--- Processing fold 5/12 ---
2025-09-16 11:21:08,265 - INFO - Fold 5: Q-scores from fold 4: ['M00:0.987', 'M01:0.667', 'M02:0.698', 'M03:1.225', 'M04:0.205']...
2025-09-16 11:21:08,265 - INFO - Fold 5: Selected models [20, 31, 61, 89, 85] based on fold 4 Q-scores, avg Q-score: 2.335
2025-09-16 11:21:08,267 - INFO - Fold 5 (Training): Sharpe=1.420, Hit=48.6%
2025-09-16 11:21:08,267 - INFO - 
--- Processing fold 6/12 ---
2025-09-16 11:21:08,292 - INFO - Fold 6: Q-scores from fold 5: ['M00:0.940', 'M01:0.698', 'M02:0.545', 'M03:1.033', 'M04:0.205']...
2025-09-16 11:21:08,303 - INFO - Fold 6: Selected models [20, 31, 61, 85, 79] based on fold 5 Q-scores, avg Q-score: 2.228
2025-09-16 11:21:08,304 - INFO - Fold 6 (Training): Sharpe=1.274, Hit=55.2%
2025-09-16 11:21:08,304 - INFO - 
--- Processing fold 7/12 ---
2025-09-16 11:21:08,333 - INFO - Fold 7: Q-scores from fold 6: ['M00:0.828', 'M01:0.733', 'M02:0.654', 'M03:1.112', 'M04:0.217']...
2025-09-16 11:21:08,333 - INFO - Fold 7: Selected models [20, 31, 61, 85, 32] based on fold 6 Q-scores, avg Q-score: 2.154
2025-09-16 11:21:08,334 - INFO - Fold 7 (Training): Sharpe=1.422, Hit=51.4%
2025-09-16 11:21:08,334 - INFO - 
--- Processing fold 8/12 ---
2025-09-16 11:21:08,360 - INFO - Fold 8: Q-scores from fold 7: ['M00:0.792', 'M01:0.692', 'M02:0.566', 'M03:1.228', 'M04:0.288']...
2025-09-16 11:21:08,360 - INFO - Fold 8: Selected models [20, 31, 61, 32, 89] based on fold 7 Q-scores, avg Q-score: 2.069
2025-09-16 11:21:08,362 - INFO - Fold 8 (Production): Sharpe=1.228, Hit=50.8%
2025-09-16 11:21:08,362 - INFO - 
--- Processing fold 9/12 ---
2025-09-16 11:21:08,397 - INFO - Fold 9: Q-scores from fold 8: ['M00:0.741', 'M01:0.863', 'M02:0.750', 'M03:1.192', 'M04:0.370']...
2025-09-16 11:21:08,398 - INFO - Fold 9: Selected models [20, 61, 89, 31, 32] based on fold 8 Q-scores, avg Q-score: 1.963
2025-09-16 11:21:08,399 - INFO - Fold 9 (Production): Sharpe=2.577, Hit=58.0%
2025-09-16 11:21:08,399 - INFO - 
--- Processing fold 10/12 ---
2025-09-16 11:21:08,440 - INFO - Fold 10: Q-scores from fold 9: ['M00:0.712', 'M01:0.795', 'M02:0.677', 'M03:1.245', 'M04:0.528']...
2025-09-16 11:21:08,440 - INFO - Fold 10: Selected models [61, 89, 31, 20, 32] based on fold 9 Q-scores, avg Q-score: 1.982
2025-09-16 11:21:08,441 - INFO - Fold 10 (Production): Sharpe=0.073, Hit=48.6%
2025-09-16 11:21:08,441 - INFO - 
--- Processing fold 11/12 ---
2025-09-16 11:21:08,476 - INFO - Fold 11: Q-scores from fold 10: ['M00:0.635', 'M01:0.611', 'M02:0.566', 'M03:1.198', 'M04:0.415']...
2025-09-16 11:21:08,476 - INFO - Fold 11: Selected models [31, 61, 89, 32, 20] based on fold 10 Q-scores, avg Q-score: 1.788
2025-09-16 11:21:08,479 - INFO - Fold 11 (Production): Sharpe=1.895, Hit=49.7%
2025-09-16 11:21:08,479 - INFO - 
--- Processing fold 12/12 ---
2025-09-16 11:21:08,503 - INFO - Fold 12: Q-scores from fold 11: ['M00:0.651', 'M01:0.638', 'M02:0.580', 'M03:1.231', 'M04:0.574']...
2025-09-16 11:21:08,504 - INFO - Fold 12: Selected models [31, 61, 89, 32, 20] based on fold 11 Q-scores, avg Q-score: 1.770
2025-09-16 11:21:08,505 - INFO - Fold 12 (Production): Sharpe=3.022, Hit=59.1%
2025-09-16 11:21:08,510 - INFO - Training Period Overall: Sharpe=1.470, Hit=52.7%
2025-09-16 11:21:08,511 - INFO - Production Period Overall: Sharpe=1.851, Hit=53.3%
2025-09-16 11:21:08,513 - INFO - Full Timeline Overall: Sharpe=1.640, Hit=53.0%
2025-09-16 11:21:08,513 - INFO - Training: Sharpe=1.470 | Hit=52.7% | Return=12.79%
2025-09-16 11:21:08,513 - INFO - Production: Sharpe=1.851 | Hit=53.3% | Return=19.56%
2025-09-16 11:21:08,513 - INFO - Full Timeline: Sharpe=1.640 | Hit=53.0% | Return=15.63%
2025-09-16 11:21:08,513 - INFO - Generating visualizations...
2025-09-16 11:21:08,513 - INFO - Creating clean visualizations for 100 models...
2025-09-16 11:21:12,001 - INFO - Clean fold-by-fold analysis saved to: 20250916_102953_fold_@NQ#C_100models_15folds_PROD_NQ_final.png
2025-09-16 11:21:13,962 - INFO - Detailed production analysis saved to: 20250916_102953_backtest_@NQ#C_100models_15folds_PROD_NQ_final.png
2025-09-16 11:21:13,962 - INFO - ================================================================================
2025-09-16 11:21:13,962 - INFO - BACKTEST SUMMARY
2025-09-16 11:21:13,962 - INFO - ================================================================================
2025-09-16 11:21:13,962 - INFO - Config: Cutoff=70%, Top N=5, Q-Metric=sharpe, Reselection=1 fold(s)
2025-09-16 11:21:13,962 - INFO - Model Selection History:
2025-09-16 11:21:13,962 - INFO -   Fold 1: M31, M20, M85, M61, M79 (Avg Q-sharpe: 2.832)
2025-09-16 11:21:13,963 - INFO -   Fold 2: M31, M20, M61, M85, M89 (Avg Q-sharpe: 2.618)
2025-09-16 11:21:13,963 - INFO -   Fold 3: M20, M31, M61, M85, M89 (Avg Q-sharpe: 2.530)
2025-09-16 11:21:13,963 - INFO -   Fold 4: M31, M20, M61, M85, M89 (Avg Q-sharpe: 2.391)
2025-09-16 11:21:13,963 - INFO -   Fold 5: M20, M31, M61, M89, M85 (Avg Q-sharpe: 2.335)
2025-09-16 11:21:13,963 - INFO -   Fold 6: M20, M31, M61, M85, M79 (Avg Q-sharpe: 2.228)
2025-09-16 11:21:13,963 - INFO -   Fold 7: M20, M31, M61, M85, M32 (Avg Q-sharpe: 2.154)
2025-09-16 11:21:13,963 - INFO -   Fold 8: M20, M31, M61, M32, M89 (Avg Q-sharpe: 2.069)
2025-09-16 11:21:13,963 - INFO -   Fold 9: M20, M61, M89, M31, M32 (Avg Q-sharpe: 1.963)
2025-09-16 11:21:13,963 - INFO -   Fold 10: M61, M89, M31, M20, M32 (Avg Q-sharpe: 1.982)
2025-09-16 11:21:13,963 - INFO -   Fold 11: M31, M61, M89, M32, M20 (Avg Q-sharpe: 1.788)
2025-09-16 11:21:13,963 - INFO -   Fold 12: M31, M61, M89, M32, M20 (Avg Q-sharpe: 1.770)
2025-09-16 11:21:13,963 - INFO - 
2025-09-16 11:21:13,963 - INFO - Fold-by-Fold Performance:
2025-09-16 11:21:13,963 - INFO -   Fold 1: M31, M20, M85, M61, M79 | Sharpe=0.821 | Hit=53.0% | Samples=181
2025-09-16 11:21:13,963 - INFO -   Fold 2: M31, M20, M61, M85, M89 | Sharpe=2.374 | Hit=55.8% | Samples=181
2025-09-16 11:21:13,963 - INFO -   Fold 3: M20, M31, M61, M85, M89 | Sharpe=1.361 | Hit=51.9% | Samples=181
2025-09-16 11:21:13,963 - INFO -   Fold 4: M31, M20, M61, M85, M89 | Sharpe=2.637 | Hit=53.0% | Samples=181
2025-09-16 11:21:13,963 - INFO -   Fold 5: M20, M31, M61, M89, M85 | Sharpe=1.420 | Hit=48.6% | Samples=181
2025-09-16 11:21:13,963 - INFO -   Fold 6: M20, M31, M61, M85, M79 | Sharpe=1.274 | Hit=55.2% | Samples=181
2025-09-16 11:21:13,963 - INFO -   Fold 7: M20, M31, M61, M85, M32 | Sharpe=1.422 | Hit=51.4% | Samples=181
2025-09-16 11:21:13,963 - INFO -   Fold 8: M20, M31, M61, M32, M89 | Sharpe=1.228 | Hit=50.8% | Samples=181
2025-09-16 11:21:13,963 - INFO -   Fold 9: M20, M61, M89, M31, M32 | Sharpe=2.577 | Hit=58.0% | Samples=181
2025-09-16 11:21:13,963 - INFO -   Fold 10: M61, M89, M31, M20, M32 | Sharpe=0.073 | Hit=48.6% | Samples=181
2025-09-16 11:21:13,963 - INFO -   Fold 11: M31, M61, M89, M32, M20 | Sharpe=1.895 | Hit=49.7% | Samples=181
2025-09-16 11:21:13,963 - INFO -   Fold 12: M31, M61, M89, M32, M20 | Sharpe=3.022 | Hit=59.1% | Samples=193
2025-09-16 11:21:13,963 - INFO - ================================================================================
2025-09-16 11:21:13,963 - INFO - ================================================================================
2025-09-16 11:21:13,963 - INFO - ANALYSIS COMPLETED SUCCESSFULLY!
2025-09-16 11:21:13,963 - INFO - ================================================================================
2025-09-16 11:21:13,963 - INFO - Generated 2 visualization files
2025-09-16 11:21:13,964 - INFO -   - 20250916_102953_fold_@NQ#C_100models_15folds_PROD_NQ_final.png
2025-09-16 11:21:13,964 - INFO -   - 20250916_102953_backtest_@NQ#C_100models_15folds_PROD_NQ_final.png
2025-09-16 11:21:13,964 - INFO - Training Final: Sharpe=1.470 | Hit=52.7% | Return=12.79% | CB=1.372
2025-09-16 11:21:13,964 - INFO - Production Final: Sharpe=1.851 | Hit=53.3% | Return=19.56% | CB=2.225
2025-09-16 11:21:13,964 - INFO - Full Timeline Final: Sharpe=1.640 | Hit=53.0% | Return=15.63% | CB=1.678
2025-09-16 11:21:13,964 - INFO - ============================================================
2025-09-16 11:21:13,964 - INFO - EXPORTING PRODUCTION MODELS (Consolidated File)
2025-09-16 11:21:13,964 - INFO - ============================================================
2025-09-16 11:21:13,964 - INFO - Backtest results keys: ['full_timeline_metrics', 'training_metrics', 'production_metrics', 'model_selection_history', 'fold_results', 'full_timeline_returns', 'training_returns', 'production_returns', 'full_timeline_predictions', 'full_timeline_dates', 'cutoff_fold', 'training_folds', 'production_folds']
2025-09-16 11:21:13,964 - INFO - Model selection history length: 12
2025-09-16 11:21:13,964 - INFO - Final selection keys: ['fold', 'selection_based_on_fold', 'selected_models', 'avg_q_score', 'period_type']
2025-09-16 11:21:13,964 - INFO - Final fold selected models: [31, 61, 89, 32, 20]
2025-09-16 11:21:13,964 - INFO - All fold results type: <class 'dict'>
2025-09-16 11:21:13,964 - INFO - All fold results keys/length: ['fold_1', 'fold_2', 'fold_3', 'fold_4', 'fold_5', 'fold_6', 'fold_7', 'fold_8', 'fold_9', 'fold_10', 'fold_11', 'fold_12', 'fold_13']
2025-09-16 11:21:13,964 - INFO - Using fold fold_9 as final fold
2025-09-16 11:21:13,964 - INFO - Final fold keys: ['results_df', 'model_metrics', 'oos_predictions', 'test_idx', 'trained_models', 'model_specs']
2025-09-16 11:21:13,964 - INFO - Trained models available: [0, 1, 2, 3, 4, 5, 6, 7, 8, 9, 10, 11, 12, 13, 14, 15, 16, 17, 18, 19, 20, 21, 22, 23, 24, 25, 26, 27, 28, 29, 30, 31, 32, 33, 34, 35, 36, 37, 38, 39, 40, 41, 42, 43, 44, 45, 46, 47, 48, 49, 50, 51, 52, 53, 54, 55, 56, 57, 58, 59, 60, 61, 62, 63, 64, 65, 66, 67, 68, 69, 70, 71, 72, 73, 74, 75, 76, 77, 78, 79, 80, 81, 82, 83, 84, 85, 86, 87, 88, 89, 90, 91, 92, 93, 94, 95, 96, 97, 98, 99]
2025-09-16 11:21:13,964 - INFO - Added model M31 -> model_01 with all 100 features (framework standard)
2025-09-16 11:21:13,964 - INFO - Added model M61 -> model_02 with all 100 features (framework standard)
2025-09-16 11:21:13,964 - INFO - Added model M89 -> model_03 with all 100 features (framework standard)
2025-09-16 11:21:13,964 - INFO - Added model M32 -> model_04 with all 100 features (framework standard)
2025-09-16 11:21:13,964 - INFO - Added model M20 -> model_05 with all 100 features (framework standard)
2025-09-16 11:21:13,964 - INFO - Extracted 5 selected models
2025-09-16 11:21:14,035 - INFO - SUCCESS: Exported 5 selected models to C:\Users\zhang\Desktop\Steve\bond_ls_xgb_grope_full_v6\PROD\models\@NQ#C_production.pkl
2025-09-16 11:21:14,035 - INFO - File size: 838,863 bytes
2025-09-16 11:21:14,035 - INFO - Selected features: 100 features
2025-09-16 11:21:14,035 - INFO - Selected models: [31, 61, 89, 32, 20]
