2025-09-16 11:52:41,853 - INFO - ================================================================================
2025-09-16 11:52:41,853 - INFO - XGBoost Comparison Framework
2025-09-16 11:52:41,853 - INFO - ================================================================================
2025-09-16 11:52:41,853 - INFO - Configuration:
2025-09-16 11:52:41,853 - INFO -   Target Symbol: @C#C
2025-09-16 11:52:41,853 - INFO -   Date Range: 2015-01-01 to 2025-08-01
2025-09-16 11:52:41,853 - INFO -   Models: 150, Type: tiered
2025-09-16 11:52:41,854 - INFO -   Folds: 10
2025-09-16 11:52:41,854 - INFO -   Max Features: 250 (Limited)
2025-09-16 11:52:41,854 - INFO -   Feature Selection: Enabled
2025-09-16 11:52:41,855 - INFO -   Inner Val Fraction: 0.2
2025-09-16 11:52:41,855 - INFO -   EWMA Alpha: 0.1, Quality Halflife: 63 days
2025-09-16 11:52:41,855 - INFO -   Signal Type: Tanh Normalized
2025-09-16 11:52:41,855 - INFO -   Cross-validation: Expanding window
2025-09-16 11:52:41,855 - INFO -   Production: Cutoff=0.6, Top N=8, Q-Metric=hit_rate
2025-09-16 11:52:41,855 - INFO -   Reselection: Every 1 fold(s)
2025-09-16 11:52:41,855 - INFO - 
2025-09-16 11:52:46,506 - INFO - Dropped 74 rows due to NaN in target column @C#C_target_return
2025-09-16 11:52:46,711 - INFO - Loaded: X=(2661, 1906), y=(2661,)
2025-09-16 11:53:07,313 - INFO - Selected 250 features (threshold: 0.7)
2025-09-16 11:53:07,326 - INFO - Selected: 250 features
2025-09-16 11:53:07,511 - INFO - GPU detection: CUDA GPU available and working
2025-09-16 11:53:07,511 - INFO - Processing mode: GPU sequential (GPU: True, Total models: 1500)
2025-09-16 11:53:07,519 - INFO - GPU detection: CUDA GPU available and working
2025-09-16 11:53:07,531 - INFO - Using expanding window
2025-09-16 11:53:07,531 - INFO - Starting analysis: 150 tiered models x 9 folds
2025-09-16 11:53:07,531 - INFO - Processing Fold 1/9
2025-09-16 11:53:07,538 - INFO -   Using GPU sequential processing
2025-09-16 11:54:59,413 - INFO - Fold 1 Summary:
2025-09-16 11:54:59,413 - INFO -   Best OOS Sharpe: M94 (2.321, p=0.010)
2025-09-16 11:54:59,413 - INFO -   Best Q-Hit_Rate:  M24 (0.541, OOS_Sharpe=1.757, OOS_Hit=0.541)
2025-09-16 11:54:59,413 - INFO -   Mean OOS Sharpe: 0.759, Mean Hit: 0.496
2025-09-16 11:54:59,413 - INFO - 
2025-09-16 11:54:59,420 - INFO - Stored 150 trained models for production export
2025-09-16 11:54:59,420 - INFO - Processing Fold 2/9
2025-09-16 11:54:59,427 - INFO -   Using GPU sequential processing
2025-09-16 12:02:24,337 - INFO - Fold 2 Summary:
2025-09-16 12:02:24,337 - INFO -   Best OOS Sharpe: M112 (2.781, p=0.000)
2025-09-16 12:02:24,337 - INFO -   Best Q-Hit_Rate:  M24 (0.539, OOS_Sharpe=0.892, OOS_Hit=0.515)
2025-09-16 12:02:24,337 - INFO -   Mean OOS Sharpe: 1.447, Mean Hit: 0.521
2025-09-16 12:02:24,337 - INFO - 
2025-09-16 12:02:24,344 - INFO - Stored 150 trained models for production export
2025-09-16 12:02:24,344 - INFO - Processing Fold 3/9
2025-09-16 12:02:24,350 - INFO -   Using GPU sequential processing
2025-09-16 12:10:44,591 - INFO - Fold 3 Summary:
2025-09-16 12:10:44,591 - INFO -   Best OOS Sharpe: M143 (2.240, p=0.030)
2025-09-16 12:10:44,591 - INFO -   Best Q-Hit_Rate:  M24 (0.540, OOS_Sharpe=1.701, OOS_Hit=0.549)
2025-09-16 12:10:44,591 - INFO -   Mean OOS Sharpe: 0.546, Mean Hit: 0.527
2025-09-16 12:10:44,591 - INFO - 
2025-09-16 12:10:44,598 - INFO - Stored 150 trained models for production export
2025-09-16 12:10:44,598 - INFO - Processing Fold 4/9
2025-09-16 12:10:44,607 - INFO -   Using GPU sequential processing
2025-09-16 12:19:31,862 - INFO - Fold 4 Summary:
2025-09-16 12:19:31,863 - INFO -   Best OOS Sharpe: M05 (1.925, p=0.020)
2025-09-16 12:19:31,863 - INFO -   Best Q-Hit_Rate:  M131 (0.535, OOS_Sharpe=1.408, OOS_Hit=0.553)
2025-09-16 12:19:31,863 - INFO -   Mean OOS Sharpe: 0.710, Mean Hit: 0.516
2025-09-16 12:19:31,863 - INFO - 
2025-09-16 12:19:31,869 - INFO - Stored 150 trained models for production export
2025-09-16 12:19:31,869 - INFO - Processing Fold 5/9
2025-09-16 12:19:31,878 - INFO -   Using GPU sequential processing
2025-09-16 12:28:31,858 - INFO - Fold 5 Summary:
2025-09-16 12:28:31,858 - INFO -   Best OOS Sharpe: M54 (3.560, p=0.000)
2025-09-16 12:28:31,858 - INFO -   Best Q-Hit_Rate:  M90 (0.532, OOS_Sharpe=2.307, OOS_Hit=0.538)
2025-09-16 12:28:31,858 - INFO -   Mean OOS Sharpe: 1.328, Mean Hit: 0.521
2025-09-16 12:28:31,858 - INFO - 
2025-09-16 12:28:31,865 - INFO - Stored 150 trained models for production export
2025-09-16 12:28:31,865 - INFO - Processing Fold 6/9
2025-09-16 12:28:31,874 - INFO -   Using GPU sequential processing
2025-09-16 12:37:43,073 - INFO - Fold 6 Summary:
2025-09-16 12:37:43,073 - INFO -   Best OOS Sharpe: M18 (3.215, p=0.000)
2025-09-16 12:37:43,073 - INFO -   Best Q-Hit_Rate:  M02 (0.534, OOS_Sharpe=1.643, OOS_Hit=0.579)
2025-09-16 12:37:43,073 - INFO -   Mean OOS Sharpe: 1.111, Mean Hit: 0.518
2025-09-16 12:37:43,073 - INFO - 
2025-09-16 12:37:43,080 - INFO - Stored 150 trained models for production export
2025-09-16 12:37:43,080 - INFO - Processing Fold 7/9
2025-09-16 12:37:43,089 - INFO -   Using GPU sequential processing
2025-09-16 12:47:01,697 - INFO - Fold 7 Summary:
2025-09-16 12:47:01,697 - INFO -   Best OOS Sharpe: M125 (2.466, p=0.000)
2025-09-16 12:47:01,697 - INFO -   Best Q-Hit_Rate:  M02 (0.532, OOS_Sharpe=0.368, OOS_Hit=0.519)
2025-09-16 12:47:01,697 - INFO -   Mean OOS Sharpe: 0.328, Mean Hit: 0.506
2025-09-16 12:47:01,698 - INFO - 
2025-09-16 12:47:01,704 - INFO - Stored 150 trained models for production export
2025-09-16 12:47:01,704 - INFO - Processing Fold 8/9
2025-09-16 12:47:01,714 - INFO -   Using GPU sequential processing
2025-09-16 12:56:00,626 - INFO - Fold 8 Summary:
2025-09-16 12:56:00,626 - INFO -   Best OOS Sharpe: M28 (2.458, p=0.020)
2025-09-16 12:56:00,626 - INFO -   Best Q-Hit_Rate:  M118 (0.532, OOS_Sharpe=2.023, OOS_Hit=0.541)
2025-09-16 12:56:00,626 - INFO -   Mean OOS Sharpe: 0.953, Mean Hit: 0.515
2025-09-16 12:56:00,626 - INFO - 
2025-09-16 12:56:00,633 - INFO - Stored 150 trained models for production export
2025-09-16 12:56:00,633 - INFO - Processing Fold 9/9
2025-09-16 12:56:00,642 - INFO -   Using GPU sequential processing
2025-09-16 13:00:36,628 - INFO - Fold 9 Summary:
2025-09-16 13:00:36,628 - INFO -   Best OOS Sharpe: M104 (3.166, p=0.010)
2025-09-16 13:00:36,628 - INFO -   Best Q-Hit_Rate:  M116 (0.532, OOS_Sharpe=1.889, OOS_Hit=0.554)
2025-09-16 13:00:36,628 - INFO -   Mean OOS Sharpe: 1.569, Mean Hit: 0.508
2025-09-16 13:00:36,628 - INFO - 
2025-09-16 13:00:36,635 - INFO - Stored 150 trained models for production export
2025-09-16 13:00:36,636 - INFO - Starting full timeline backtesting...
2025-09-16 13:00:36,636 - INFO - Running full timeline backtest with 9 folds (0-based indexing)
2025-09-16 13:00:36,636 - INFO - Fold 0 skipped (no prior Q-score history for meaningful selection)
2025-09-16 13:00:36,636 - INFO - Effective backtest period: Folds 1-8 (8 folds)
2025-09-16 13:00:36,636 - INFO - Training period: Folds 1-5
2025-09-16 13:00:36,636 - INFO - Production period: Folds 6-8
2025-09-16 13:00:36,636 - INFO - Using consistent OOS methodology for all folds
2025-09-16 13:00:36,636 - INFO - Fold 0: Skipped (no prior Q-score history for meaningful selection)
2025-09-16 13:00:36,636 - INFO - 
--- Processing fold 1/8 ---
2025-09-16 13:00:36,672 - INFO - Fold 1: Q-scores from fold 0: ['M00:0.519', 'M01:0.481', 'M02:0.538', 'M03:0.474', 'M04:0.489']...
2025-09-16 13:00:36,672 - INFO - Fold 1: Selected models [24, 116, 2, 56, 131, 17, 23, 35] based on fold 0 Q-scores, avg Q-score: 0.535
2025-09-16 13:00:36,674 - INFO - Fold 1 (Training): Sharpe=1.920, Hit=49.2%
2025-09-16 13:00:36,674 - INFO - 
--- Processing fold 2/8 ---
2025-09-16 13:00:36,705 - INFO - Fold 2: Q-scores from fold 1: ['M00:0.521', 'M01:0.483', 'M02:0.534', 'M03:0.481', 'M04:0.494']...
2025-09-16 13:00:36,705 - INFO - Fold 2: Selected models [24, 116, 2, 131, 17, 140, 27, 56] based on fold 1 Q-scores, avg Q-score: 0.533
2025-09-16 13:00:36,706 - INFO - Fold 2 (Training): Sharpe=0.798, Hit=52.6%
2025-09-16 13:00:36,706 - INFO - 
--- Processing fold 3/8 ---
2025-09-16 13:00:36,730 - INFO - Fold 3: Q-scores from fold 2: ['M00:0.521', 'M01:0.490', 'M02:0.533', 'M03:0.480', 'M04:0.499']...
2025-09-16 13:00:36,730 - INFO - Fold 3: Selected models [24, 116, 140, 2, 131, 27, 17, 90] based on fold 2 Q-scores, avg Q-score: 0.534
2025-09-16 13:00:36,731 - INFO - Fold 3 (Training): Sharpe=0.977, Hit=53.0%
2025-09-16 13:00:36,731 - INFO - 
--- Processing fold 4/8 ---
2025-09-16 13:00:36,763 - INFO - Fold 4: Q-scores from fold 3: ['M00:0.519', 'M01:0.494', 'M02:0.529', 'M03:0.479', 'M04:0.502']...
2025-09-16 13:00:36,764 - INFO - Fold 4: Selected models [131, 140, 24, 27, 90, 17, 129, 116] based on fold 3 Q-scores, avg Q-score: 0.532
2025-09-16 13:00:36,765 - INFO - Fold 4 (Training): Sharpe=1.772, Hit=54.9%
2025-09-16 13:00:36,765 - INFO - 
--- Processing fold 5/8 ---
2025-09-16 13:00:36,793 - INFO - Fold 5: Q-scores from fold 4: ['M00:0.519', 'M01:0.502', 'M02:0.529', 'M03:0.483', 'M04:0.502']...
2025-09-16 13:00:36,793 - INFO - Fold 5: Selected models [90, 17, 131, 140, 129, 24, 27, 2] based on fold 4 Q-scores, avg Q-score: 0.531
2025-09-16 13:00:36,794 - INFO - Fold 5 (Training): Sharpe=1.082, Hit=50.8%
2025-09-16 13:00:36,794 - INFO - 
--- Processing fold 6/8 ---
2025-09-16 13:00:36,827 - INFO - Fold 6: Q-scores from fold 5: ['M00:0.522', 'M01:0.505', 'M02:0.534', 'M03:0.485', 'M04:0.503']...
2025-09-16 13:00:36,827 - INFO - Fold 6: Selected models [2, 116, 140, 128, 131, 17, 61, 27] based on fold 5 Q-scores, avg Q-score: 0.531
2025-09-16 13:00:36,829 - INFO - Fold 6 (Production): Sharpe=0.680, Hit=53.0%
2025-09-16 13:00:36,829 - INFO - 
--- Processing fold 7/8 ---
2025-09-16 13:00:36,862 - INFO - Fold 7: Q-scores from fold 6: ['M00:0.519', 'M01:0.505', 'M02:0.532', 'M03:0.486', 'M04:0.501']...
2025-09-16 13:00:36,863 - INFO - Fold 7: Selected models [2, 116, 128, 118, 140, 6, 90, 17] based on fold 6 Q-scores, avg Q-score: 0.530
2025-09-16 13:00:36,864 - INFO - Fold 7 (Production): Sharpe=1.320, Hit=53.4%
2025-09-16 13:00:36,864 - INFO - 
--- Processing fold 8/8 ---
2025-09-16 13:00:36,899 - INFO - Fold 8: Q-scores from fold 7: ['M00:0.519', 'M01:0.506', 'M02:0.529', 'M03:0.487', 'M04:0.501']...
2025-09-16 13:00:36,899 - INFO - Fold 8: Selected models [118, 128, 140, 116, 2, 131, 90, 17] based on fold 7 Q-scores, avg Q-score: 0.530
2025-09-16 13:00:36,901 - INFO - Fold 8 (Production): Sharpe=1.908, Hit=55.1%
2025-09-16 13:00:36,902 - INFO - Training Period Overall: Sharpe=1.230, Hit=52.1%
2025-09-16 13:00:36,903 - INFO - Production Period Overall: Sharpe=1.196, Hit=53.8%
2025-09-16 13:00:36,905 - INFO - Full Timeline Overall: Sharpe=1.213, Hit=52.7%
2025-09-16 13:00:36,905 - INFO - Training: Sharpe=1.230 | Hit=52.1% | Return=19.92%
2025-09-16 13:00:36,905 - INFO - Production: Sharpe=1.196 | Hit=53.8% | Return=15.71%
2025-09-16 13:00:36,905 - INFO - Full Timeline: Sharpe=1.213 | Hit=52.7% | Return=18.34%
2025-09-16 13:00:36,905 - INFO - Generating visualizations...
2025-09-16 13:00:36,905 - INFO - Creating clean visualizations for 150 models...
2025-09-16 13:00:38,959 - INFO - Clean fold-by-fold analysis saved to: 20250916_115241_fold_@C#C_150models_10folds_PROD_C_final.png
2025-09-16 13:00:41,653 - INFO - Detailed production analysis saved to: 20250916_115241_backtest_@C#C_150models_10folds_PROD_C_final.png
2025-09-16 13:00:41,653 - INFO - ================================================================================
2025-09-16 13:00:41,653 - INFO - BACKTEST SUMMARY
2025-09-16 13:00:41,653 - INFO - ================================================================================
2025-09-16 13:00:41,653 - INFO - Config: Cutoff=70%, Top N=5, Q-Metric=sharpe, Reselection=1 fold(s)
2025-09-16 13:00:41,653 - INFO - Model Selection History:
2025-09-16 13:00:41,653 - INFO -   Fold 1: M24, M116, M02, M56, M131, M17, M23, M35 (Avg Q-sharpe: 0.535)
2025-09-16 13:00:41,653 - INFO -   Fold 2: M24, M116, M02, M131, M17, M140, M27, M56 (Avg Q-sharpe: 0.533)
2025-09-16 13:00:41,653 - INFO -   Fold 3: M24, M116, M140, M02, M131, M27, M17, M90 (Avg Q-sharpe: 0.534)
2025-09-16 13:00:41,653 - INFO -   Fold 4: M131, M140, M24, M27, M90, M17, M129, M116 (Avg Q-sharpe: 0.532)
2025-09-16 13:00:41,653 - INFO -   Fold 5: M90, M17, M131, M140, M129, M24, M27, M02 (Avg Q-sharpe: 0.531)
2025-09-16 13:00:41,653 - INFO -   Fold 6: M02, M116, M140, M128, M131, M17, M61, M27 (Avg Q-sharpe: 0.531)
2025-09-16 13:00:41,653 - INFO -   Fold 7: M02, M116, M128, M118, M140, M06, M90, M17 (Avg Q-sharpe: 0.530)
2025-09-16 13:00:41,653 - INFO -   Fold 8: M118, M128, M140, M116, M02, M131, M90, M17 (Avg Q-sharpe: 0.530)
2025-09-16 13:00:41,653 - INFO - 
2025-09-16 13:00:41,653 - INFO - Fold-by-Fold Performance:
2025-09-16 13:00:41,654 - INFO -   Fold 1: M24, M116, M02, M56, M131, M17, M23, M35 | Sharpe=1.920 | Hit=49.2% | Samples=266
2025-09-16 13:00:41,654 - INFO -   Fold 2: M24, M116, M02, M131, M17, M140, M27, M56 | Sharpe=0.798 | Hit=52.6% | Samples=266
2025-09-16 13:00:41,654 - INFO -   Fold 3: M24, M116, M140, M02, M131, M27, M17, M90 | Sharpe=0.977 | Hit=53.0% | Samples=266
2025-09-16 13:00:41,654 - INFO -   Fold 4: M131, M140, M24, M27, M90, M17, M129, M116 | Sharpe=1.772 | Hit=54.9% | Samples=266
2025-09-16 13:00:41,654 - INFO -   Fold 5: M90, M17, M131, M140, M129, M24, M27, M02 | Sharpe=1.082 | Hit=50.8% | Samples=266
2025-09-16 13:00:41,654 - INFO -   Fold 6: M02, M116, M140, M128, M131, M17, M61, M27 | Sharpe=0.680 | Hit=53.0% | Samples=266
2025-09-16 13:00:41,654 - INFO -   Fold 7: M02, M116, M128, M118, M140, M06, M90, M17 | Sharpe=1.320 | Hit=53.4% | Samples=266
2025-09-16 13:00:41,654 - INFO -   Fold 8: M118, M128, M140, M116, M02, M131, M90, M17 | Sharpe=1.908 | Hit=55.1% | Samples=267
2025-09-16 13:00:41,654 - INFO - ================================================================================
2025-09-16 13:00:41,654 - INFO - ================================================================================
2025-09-16 13:00:41,654 - INFO - ANALYSIS COMPLETED SUCCESSFULLY!
2025-09-16 13:00:41,654 - INFO - ================================================================================
2025-09-16 13:00:41,654 - INFO - Generated 2 visualization files
2025-09-16 13:00:41,654 - INFO -   - 20250916_115241_fold_@C#C_150models_10folds_PROD_C_final.png
2025-09-16 13:00:41,654 - INFO -   - 20250916_115241_backtest_@C#C_150models_10folds_PROD_C_final.png
2025-09-16 13:00:41,654 - INFO - Training Final: Sharpe=1.230 | Hit=52.1% | Return=19.92% | CB=1.486
2025-09-16 13:00:41,654 - INFO - Production Final: Sharpe=1.196 | Hit=53.8% | Return=15.71% | CB=0.869
2025-09-16 13:00:41,654 - INFO - Full Timeline Final: Sharpe=1.213 | Hit=52.7% | Return=18.34% | CB=1.015
2025-09-16 13:00:41,654 - INFO - ============================================================
2025-09-16 13:00:41,654 - INFO - EXPORTING PRODUCTION MODELS (Consolidated File)
2025-09-16 13:00:41,654 - INFO - ============================================================
2025-09-16 13:00:41,654 - INFO - Backtest results keys: ['full_timeline_metrics', 'training_metrics', 'production_metrics', 'model_selection_history', 'fold_results', 'full_timeline_returns', 'training_returns', 'production_returns', 'full_timeline_predictions', 'full_timeline_dates', 'cutoff_fold', 'training_folds', 'production_folds']
2025-09-16 13:00:41,654 - INFO - Model selection history length: 8
2025-09-16 13:00:41,654 - INFO - Final selection keys: ['fold', 'selection_based_on_fold', 'selected_models', 'avg_q_score', 'period_type']
2025-09-16 13:00:41,654 - INFO - Final fold selected models: [118, 128, 140, 116, 2, 131, 90, 17]
2025-09-16 13:00:41,654 - INFO - All fold results type: <class 'dict'>
2025-09-16 13:00:41,654 - INFO - All fold results keys/length: ['fold_1', 'fold_2', 'fold_3', 'fold_4', 'fold_5', 'fold_6', 'fold_7', 'fold_8', 'fold_9']
2025-09-16 13:00:41,654 - INFO - Using fold fold_9 as final fold
2025-09-16 13:00:41,654 - INFO - Final fold keys: ['results_df', 'model_metrics', 'oos_predictions', 'test_idx', 'trained_models', 'model_specs']
2025-09-16 13:00:41,654 - INFO - Trained models available: [0, 1, 2, 3, 4, 5, 6, 7, 8, 9, 10, 11, 12, 13, 14, 15, 16, 17, 18, 19, 20, 21, 22, 23, 24, 25, 26, 27, 28, 29, 30, 31, 32, 33, 34, 35, 36, 37, 38, 39, 40, 41, 42, 43, 44, 45, 46, 47, 48, 49, 50, 51, 52, 53, 54, 55, 56, 57, 58, 59, 60, 61, 62, 63, 64, 65, 66, 67, 68, 69, 70, 71, 72, 73, 74, 75, 76, 77, 78, 79, 80, 81, 82, 83, 84, 85, 86, 87, 88, 89, 90, 91, 92, 93, 94, 95, 96, 97, 98, 99, 100, 101, 102, 103, 104, 105, 106, 107, 108, 109, 110, 111, 112, 113, 114, 115, 116, 117, 118, 119, 120, 121, 122, 123, 124, 125, 126, 127, 128, 129, 130, 131, 132, 133, 134, 135, 136, 137, 138, 139, 140, 141, 142, 143, 144, 145, 146, 147, 148, 149]
2025-09-16 13:00:41,655 - INFO - Added model M118 -> model_01 with all 250 features (framework standard)
2025-09-16 13:00:41,655 - INFO - Added model M128 -> model_02 with all 250 features (framework standard)
2025-09-16 13:00:41,655 - INFO - Added model M140 -> model_03 with all 250 features (framework standard)
2025-09-16 13:00:41,655 - INFO - Added model M116 -> model_04 with all 250 features (framework standard)
2025-09-16 13:00:41,655 - INFO - Added model M02 -> model_05 with all 250 features (framework standard)
2025-09-16 13:00:41,655 - INFO - Added model M131 -> model_06 with all 250 features (framework standard)
2025-09-16 13:00:41,655 - INFO - Added model M90 -> model_07 with all 250 features (framework standard)
2025-09-16 13:00:41,655 - INFO - Added model M17 -> model_08 with all 250 features (framework standard)
2025-09-16 13:00:41,655 - INFO - Extracted 8 selected models
2025-09-16 13:00:41,672 - INFO - SUCCESS: Exported 8 selected models to C:\Users\zhang\Desktop\Steve\bond_ls_xgb_grope_full_v6\PROD\models\@C#C_production.pkl
2025-09-16 13:00:41,672 - INFO - File size: 3,678,812 bytes
2025-09-16 13:00:41,672 - INFO - Selected features: 250 features
2025-09-16 13:00:41,672 - INFO - Selected models: [118, 128, 140, 116, 2, 131, 90, 17]
