2025-09-16 08:45:13,249 - INFO - ================================================================================
2025-09-16 08:45:13,249 - INFO - XGBoost Comparison Framework
2025-09-16 08:45:13,249 - INFO - ================================================================================
2025-09-16 08:45:13,249 - INFO - Configuration:
2025-09-16 08:45:13,249 - INFO -   Target Symbol: QGC#C
2025-09-16 08:45:13,249 - INFO -   Date Range: 2015-01-01 to 2025-08-01
2025-09-16 08:45:13,249 - INFO -   Models: 100, Type: standard
2025-09-16 08:45:13,249 - INFO -   Folds: 15
2025-09-16 08:45:13,249 - INFO -   Max Features: 100 (Limited)
2025-09-16 08:45:13,249 - INFO -   Feature Selection: Enabled
2025-09-16 08:45:13,249 - INFO -   Inner Val Fraction: 0.2
2025-09-16 08:45:13,249 - INFO -   EWMA Alpha: 0.1, Quality Halflife: 63 days
2025-09-16 08:45:13,249 - INFO -   Signal Type: Tanh Normalized
2025-09-16 08:45:13,249 - INFO -   Cross-validation: Expanding window
2025-09-16 08:45:13,249 - INFO -   Production: Cutoff=0.6, Top N=5, Q-Metric=sharpe
2025-09-16 08:45:13,249 - INFO -   Reselection: Every 1 fold(s)
2025-09-16 08:45:13,249 - INFO - 
2025-09-16 08:45:17,815 - INFO - Dropped 6 rows due to NaN in target column QGC#C_target_return
2025-09-16 08:45:17,986 - INFO - Loaded: X=(2729, 1906), y=(2729,)
2025-09-16 08:45:34,904 - INFO - Selected 100 features (threshold: 0.7)
2025-09-16 08:45:34,913 - INFO - Selected: 100 features
2025-09-16 08:45:35,187 - INFO - GPU detection: CUDA GPU available and working
2025-09-16 08:45:35,187 - INFO - Processing mode: GPU sequential (GPU: True, Total models: 1500)
2025-09-16 08:45:35,195 - INFO - GPU detection: CUDA GPU available and working
2025-09-16 08:45:35,197 - INFO - Using expanding window
2025-09-16 08:45:35,197 - INFO - Starting analysis: 100 standard models x 13 folds
2025-09-16 08:45:35,197 - INFO - Processing Fold 1/13
2025-09-16 08:45:35,201 - INFO -   Using GPU sequential processing
2025-09-16 08:45:55,221 - INFO - Fold 1 Summary:
2025-09-16 08:45:55,222 - INFO -   Best OOS Sharpe: M61 (2.053, p=0.100)
2025-09-16 08:45:55,222 - INFO -   Best Q-Sharpe:  M61 (2.053, OOS_Sharpe=2.053, OOS_Hit=0.514)
2025-09-16 08:45:55,222 - INFO -   Mean OOS Sharpe: 0.387, Mean Hit: 0.503
2025-09-16 08:45:55,222 - INFO - 
2025-09-16 08:45:55,226 - INFO - Stored 100 trained models for production export
2025-09-16 08:45:55,226 - INFO - Processing Fold 2/13
2025-09-16 08:45:55,230 - INFO -   Using GPU sequential processing
2025-09-16 08:46:21,983 - INFO - Fold 2 Summary:
2025-09-16 08:46:21,983 - INFO -   Best OOS Sharpe: M81 (2.791, p=0.030)
2025-09-16 08:46:21,983 - INFO -   Best Q-Sharpe:  M61 (1.944, OOS_Sharpe=0.966, OOS_Hit=0.514)
2025-09-16 08:46:21,983 - INFO -   Mean OOS Sharpe: 1.051, Mean Hit: 0.518
2025-09-16 08:46:21,983 - INFO - 
2025-09-16 08:46:21,990 - INFO - Stored 100 trained models for production export
2025-09-16 08:46:21,990 - INFO - Processing Fold 3/13
2025-09-16 08:46:21,994 - INFO -   Using GPU sequential processing
2025-09-16 08:47:22,394 - INFO - Fold 3 Summary:
2025-09-16 08:47:22,394 - INFO -   Best OOS Sharpe: M49 (2.391, p=0.080)
2025-09-16 08:47:22,394 - INFO -   Best Q-Sharpe:  M61 (1.819, OOS_Sharpe=0.689, OOS_Hit=0.519)
2025-09-16 08:47:22,394 - INFO -   Mean OOS Sharpe: 0.412, Mean Hit: 0.497
2025-09-16 08:47:22,394 - INFO - 
2025-09-16 08:47:22,398 - INFO - Stored 100 trained models for production export
2025-09-16 08:47:22,398 - INFO - Processing Fold 4/13
2025-09-16 08:47:22,403 - INFO -   Using GPU sequential processing
2025-09-16 08:49:51,399 - INFO - Fold 4 Summary:
2025-09-16 08:49:51,399 - INFO -   Best OOS Sharpe: M02 (2.208, p=0.030)
2025-09-16 08:49:51,399 - INFO -   Best Q-Sharpe:  M61 (1.548, OOS_Sharpe=-0.888, OOS_Hit=0.486)
2025-09-16 08:49:51,399 - INFO -   Mean OOS Sharpe: 0.252, Mean Hit: 0.496
2025-09-16 08:49:51,399 - INFO - 
2025-09-16 08:49:51,405 - INFO - Stored 100 trained models for production export
2025-09-16 08:49:51,405 - INFO - Processing Fold 5/13
2025-09-16 08:49:51,415 - INFO -   Using GPU sequential processing
2025-09-16 08:53:36,179 - INFO - Fold 5 Summary:
2025-09-16 08:53:36,179 - INFO -   Best OOS Sharpe: M69 (2.690, p=0.020)
2025-09-16 08:53:36,180 - INFO -   Best Q-Sharpe:  M25 (1.460, OOS_Sharpe=1.076, OOS_Hit=0.547)
2025-09-16 08:53:36,180 - INFO -   Mean OOS Sharpe: 0.032, Mean Hit: 0.497
2025-09-16 08:53:36,180 - INFO - 
2025-09-16 08:53:36,184 - INFO - Stored 100 trained models for production export
2025-09-16 08:53:36,184 - INFO - Processing Fold 6/13
2025-09-16 08:53:36,188 - INFO -   Using GPU sequential processing
2025-09-16 08:57:19,127 - INFO - Fold 6 Summary:
2025-09-16 08:57:19,128 - INFO -   Best OOS Sharpe: M98 (1.968, p=0.100)
2025-09-16 08:57:19,128 - INFO -   Best Q-Sharpe:  M25 (1.212, OOS_Sharpe=-1.016, OOS_Hit=0.536)
2025-09-16 08:57:19,128 - INFO -   Mean OOS Sharpe: -0.243, Mean Hit: 0.509
2025-09-16 08:57:19,128 - INFO - 
2025-09-16 08:57:19,133 - INFO - Stored 100 trained models for production export
2025-09-16 08:57:19,133 - INFO - Processing Fold 7/13
2025-09-16 08:57:19,147 - INFO -   Using GPU sequential processing
2025-09-16 09:01:09,162 - INFO - Fold 7 Summary:
2025-09-16 09:01:09,172 - INFO -   Best OOS Sharpe: M04 (4.351, p=0.000)
2025-09-16 09:01:09,172 - INFO -   Best Q-Sharpe:  M25 (1.282, OOS_Sharpe=1.911, OOS_Hit=0.481)
2025-09-16 09:01:09,172 - INFO -   Mean OOS Sharpe: 1.610, Mean Hit: 0.518
2025-09-16 09:01:09,172 - INFO - 
2025-09-16 09:01:09,178 - INFO - Stored 100 trained models for production export
2025-09-16 09:01:09,178 - INFO - Processing Fold 8/13
2025-09-16 09:01:09,184 - INFO -   Using GPU sequential processing
2025-09-16 09:05:03,102 - INFO - Fold 8 Summary:
2025-09-16 09:05:03,103 - INFO -   Best OOS Sharpe: M26 (2.648, p=0.010)
2025-09-16 09:05:03,103 - INFO -   Best Q-Sharpe:  M61 (1.209, OOS_Sharpe=1.165, OOS_Hit=0.514)
2025-09-16 09:05:03,104 - INFO -   Mean OOS Sharpe: 0.665, Mean Hit: 0.502
2025-09-16 09:05:03,104 - INFO - 
2025-09-16 09:05:03,112 - INFO - Stored 100 trained models for production export
2025-09-16 09:05:03,112 - INFO - Processing Fold 9/13
2025-09-16 09:05:03,123 - INFO -   Using GPU sequential processing
2025-09-16 09:09:02,425 - INFO - Fold 9 Summary:
2025-09-16 09:09:02,425 - INFO -   Best OOS Sharpe: M43 (3.894, p=0.000)
2025-09-16 09:09:02,425 - INFO -   Best Q-Sharpe:  M61 (1.392, OOS_Sharpe=3.040, OOS_Hit=0.541)
2025-09-16 09:09:02,426 - INFO -   Mean OOS Sharpe: 2.335, Mean Hit: 0.552
2025-09-16 09:09:02,426 - INFO - 
2025-09-16 09:09:02,430 - INFO - Stored 100 trained models for production export
2025-09-16 09:09:02,430 - INFO - Processing Fold 10/13
2025-09-16 09:09:02,434 - INFO -   Using GPU sequential processing
2025-09-16 09:12:59,086 - INFO - Fold 10 Summary:
2025-09-16 09:12:59,086 - INFO -   Best OOS Sharpe: M45 (4.900, p=0.000)
2025-09-16 09:12:59,086 - INFO -   Best Q-Sharpe:  M62 (1.600, OOS_Sharpe=4.643, OOS_Hit=0.613)
2025-09-16 09:12:59,086 - INFO -   Mean OOS Sharpe: 2.601, Mean Hit: 0.552
2025-09-16 09:12:59,086 - INFO - 
2025-09-16 09:12:59,091 - INFO - Stored 100 trained models for production export
2025-09-16 09:12:59,091 - INFO - Processing Fold 11/13
2025-09-16 09:12:59,095 - INFO -   Using GPU sequential processing
2025-09-16 09:17:01,651 - INFO - Fold 11 Summary:
2025-09-16 09:17:01,651 - INFO -   Best OOS Sharpe: M69 (2.980, p=0.000)
2025-09-16 09:17:01,651 - INFO -   Best Q-Sharpe:  M61 (1.500, OOS_Sharpe=1.591, OOS_Hit=0.519)
2025-09-16 09:17:01,652 - INFO -   Mean OOS Sharpe: -0.014, Mean Hit: 0.494
2025-09-16 09:17:01,652 - INFO - 
2025-09-16 09:17:01,657 - INFO - Stored 100 trained models for production export
2025-09-16 09:17:01,657 - INFO - Processing Fold 12/13
2025-09-16 09:17:01,662 - INFO -   Using GPU sequential processing
2025-09-16 09:21:04,215 - INFO - Fold 12 Summary:
2025-09-16 09:21:04,216 - INFO -   Best OOS Sharpe: M12 (3.609, p=0.000)
2025-09-16 09:21:04,216 - INFO -   Best Q-Sharpe:  M61 (1.648, OOS_Sharpe=2.978, OOS_Hit=0.569)
2025-09-16 09:21:04,216 - INFO -   Mean OOS Sharpe: 1.826, Mean Hit: 0.547
2025-09-16 09:21:04,216 - INFO - 
2025-09-16 09:21:04,221 - INFO - Stored 100 trained models for production export
2025-09-16 09:21:04,221 - INFO - Processing Fold 13/13
2025-09-16 09:21:04,228 - INFO -   Using GPU sequential processing
2025-09-16 09:25:11,979 - INFO - Fold 13 Summary:
2025-09-16 09:25:11,979 - INFO -   Best OOS Sharpe: M64 (4.500, p=0.000)
2025-09-16 09:25:11,979 - INFO -   Best Q-Sharpe:  M61 (1.801, OOS_Sharpe=3.178, OOS_Hit=0.585)
2025-09-16 09:25:11,979 - INFO -   Mean OOS Sharpe: 2.849, Mean Hit: 0.573
2025-09-16 09:25:11,979 - INFO - 
2025-09-16 09:25:12,033 - INFO - Stored 100 trained models for production export
2025-09-16 09:25:12,033 - INFO - Starting full timeline backtesting...
2025-09-16 09:25:12,034 - INFO - Running full timeline backtest with 13 folds (0-based indexing)
2025-09-16 09:25:12,034 - INFO - Fold 0 skipped (no prior Q-score history for meaningful selection)
2025-09-16 09:25:12,034 - INFO - Effective backtest period: Folds 1-12 (12 folds)
2025-09-16 09:25:12,034 - INFO - Training period: Folds 1-7
2025-09-16 09:25:12,035 - INFO - Production period: Folds 8-12
2025-09-16 09:25:12,035 - INFO - Using consistent OOS methodology for all folds
2025-09-16 09:25:12,036 - INFO - Fold 0: Skipped (no prior Q-score history for meaningful selection)
2025-09-16 09:25:12,037 - INFO - 
--- Processing fold 1/12 ---
2025-09-16 09:25:12,069 - INFO - Fold 1: Q-scores from fold 0: ['M00:-0.175', 'M01:0.413', 'M02:-0.037', 'M03:1.266', 'M04:0.448']...
2025-09-16 09:25:12,070 - INFO - Fold 1: Selected models [61, 25, 65, 67, 16] based on fold 0 Q-scores, avg Q-score: 1.665
2025-09-16 09:25:12,105 - INFO - Fold 1 (Training): Sharpe=1.546, Hit=51.9%
2025-09-16 09:25:12,105 - INFO - 
--- Processing fold 2/12 ---
2025-09-16 09:25:12,138 - INFO - Fold 2: Q-scores from fold 1: ['M00:-0.296', 'M01:0.609', 'M02:-0.085', 'M03:1.238', 'M04:0.479']...
2025-09-16 09:25:12,138 - INFO - Fold 2: Selected models [61, 25, 65, 59, 71] based on fold 1 Q-scores, avg Q-score: 1.602
2025-09-16 09:25:12,141 - INFO - Fold 2 (Training): Sharpe=-0.042, Hit=48.6%
2025-09-16 09:25:12,141 - INFO - 
--- Processing fold 3/12 ---
2025-09-16 09:25:12,194 - INFO - Fold 3: Q-scores from fold 2: ['M00:-0.234', 'M01:0.772', 'M02:-0.034', 'M03:1.177', 'M04:0.303']...
2025-09-16 09:25:12,195 - INFO - Fold 3: Selected models [61, 25, 65, 32, 16] based on fold 2 Q-scores, avg Q-score: 1.465
2025-09-16 09:25:12,196 - INFO - Fold 3 (Training): Sharpe=-0.721, Hit=47.0%
2025-09-16 09:25:12,196 - INFO - 
--- Processing fold 4/12 ---
2025-09-16 09:25:12,244 - INFO - Fold 4: Q-scores from fold 3: ['M00:-0.195', 'M01:0.840', 'M02:0.190', 'M03:1.123', 'M04:0.406']...
2025-09-16 09:25:12,244 - INFO - Fold 4: Selected models [61, 25, 65, 3, 71] based on fold 3 Q-scores, avg Q-score: 1.295
2025-09-16 09:25:12,246 - INFO - Fold 4 (Training): Sharpe=1.036, Hit=50.3%
2025-09-16 09:25:12,246 - INFO - 
--- Processing fold 5/12 ---
2025-09-16 09:25:12,317 - INFO - Fold 5: Q-scores from fold 4: ['M00:-0.205', 'M01:0.802', 'M02:0.121', 'M03:1.084', 'M04:0.425']...
2025-09-16 09:25:12,318 - INFO - Fold 5: Selected models [25, 61, 65, 71, 3] based on fold 4 Q-scores, avg Q-score: 1.243
2025-09-16 09:25:12,319 - INFO - Fold 5 (Training): Sharpe=-0.581, Hit=49.7%
2025-09-16 09:25:12,319 - INFO - 
--- Processing fold 6/12 ---
2025-09-16 09:25:12,431 - INFO - Fold 6: Q-scores from fold 5: ['M00:-0.432', 'M01:0.604', 'M02:0.078', 'M03:0.895', 'M04:0.373']...
2025-09-16 09:25:12,431 - INFO - Fold 6: Selected models [25, 61, 65, 62, 17] based on fold 5 Q-scores, avg Q-score: 1.101
2025-09-16 09:25:12,436 - INFO - Fold 6 (Training): Sharpe=1.619, Hit=53.6%
2025-09-16 09:25:12,436 - INFO - 
--- Processing fold 7/12 ---
2025-09-16 09:25:12,514 - INFO - Fold 7: Q-scores from fold 6: ['M00:-0.295', 'M01:0.682', 'M02:0.124', 'M03:0.864', 'M04:0.770']...
2025-09-16 09:25:12,514 - INFO - Fold 7: Selected models [25, 61, 65, 62, 59] based on fold 6 Q-scores, avg Q-score: 1.126
2025-09-16 09:25:12,516 - INFO - Fold 7 (Training): Sharpe=0.806, Hit=49.7%
2025-09-16 09:25:12,516 - INFO - 
--- Processing fold 8/12 ---
2025-09-16 09:25:12,576 - INFO - Fold 8: Q-scores from fold 7: ['M00:-0.097', 'M01:0.807', 'M02:0.241', 'M03:0.858', 'M04:0.791']...
2025-09-16 09:25:12,577 - INFO - Fold 8: Selected models [61, 65, 62, 17, 25] based on fold 7 Q-scores, avg Q-score: 1.097
2025-09-16 09:25:12,579 - INFO - Fold 8 (Production): Sharpe=2.730, Hit=52.5%
2025-09-16 09:25:12,579 - INFO - 
--- Processing fold 9/12 ---
2025-09-16 09:25:12,654 - INFO - Fold 9: Q-scores from fold 8: ['M00:0.110', 'M01:0.895', 'M02:0.335', 'M03:1.026', 'M04:0.879']...
2025-09-16 09:25:12,655 - INFO - Fold 9: Selected models [61, 62, 70, 17, 65] based on fold 8 Q-scores, avg Q-score: 1.237
2025-09-16 09:25:12,658 - INFO - Fold 9 (Production): Sharpe=3.514, Hit=59.1%
2025-09-16 09:25:12,658 - INFO - 
--- Processing fold 10/12 ---
2025-09-16 09:25:12,826 - INFO - Fold 10: Q-scores from fold 9: ['M00:0.132', 'M01:1.037', 'M02:0.520', 'M03:1.059', 'M04:1.042']...
2025-09-16 09:25:12,826 - INFO - Fold 10: Selected models [62, 61, 70, 17, 59] based on fold 9 Q-scores, avg Q-score: 1.481
2025-09-16 09:25:12,828 - INFO - Fold 10 (Production): Sharpe=0.830, Hit=54.1%
2025-09-16 09:25:12,828 - INFO - 
--- Processing fold 11/12 ---
2025-09-16 09:25:12,858 - INFO - Fold 11: Q-scores from fold 10: ['M00:0.171', 'M01:1.094', 'M02:0.420', 'M03:0.909', 'M04:0.927']...
2025-09-16 09:25:12,858 - INFO - Fold 11: Selected models [61, 62, 17, 70, 25] based on fold 10 Q-scores, avg Q-score: 1.416
2025-09-16 09:25:12,860 - INFO - Fold 11 (Production): Sharpe=2.053, Hit=57.5%
2025-09-16 09:25:12,860 - INFO - 
--- Processing fold 12/12 ---
2025-09-16 09:25:12,899 - INFO - Fold 12: Q-scores from fold 11: ['M00:0.352', 'M01:1.161', 'M02:0.537', 'M03:0.974', 'M04:0.993']...
2025-09-16 09:25:12,899 - INFO - Fold 12: Selected models [61, 62, 78, 59, 70] based on fold 11 Q-scores, avg Q-score: 1.469
2025-09-16 09:25:12,901 - INFO - Fold 12 (Production): Sharpe=3.776, Hit=60.5%
2025-09-16 09:25:12,902 - INFO - Training Period Overall: Sharpe=0.495, Hit=50.1%
2025-09-16 09:25:12,903 - INFO - Production Period Overall: Sharpe=2.680, Hit=56.8%
2025-09-16 09:25:12,905 - INFO - Full Timeline Overall: Sharpe=1.604, Hit=52.9%
2025-09-16 09:25:12,905 - INFO - Training: Sharpe=0.495 | Hit=50.1% | Return=2.53%
2025-09-16 09:25:12,905 - INFO - Production: Sharpe=2.680 | Hit=56.8% | Return=21.14%
2025-09-16 09:25:12,905 - INFO - Full Timeline: Sharpe=1.604 | Hit=52.9% | Return=10.35%
2025-09-16 09:25:12,905 - INFO - Generating visualizations...
2025-09-16 09:25:12,905 - INFO - Creating clean visualizations for 100 models...
2025-09-16 09:25:18,658 - INFO - Clean fold-by-fold analysis saved to: 20250916_084513_fold_QGC#C_100models_15folds_PROD_QGC_final.png
2025-09-16 09:25:21,481 - INFO - Detailed production analysis saved to: 20250916_084513_backtest_QGC#C_100models_15folds_PROD_QGC_final.png
2025-09-16 09:25:21,482 - INFO - ================================================================================
2025-09-16 09:25:21,482 - INFO - BACKTEST SUMMARY
2025-09-16 09:25:21,482 - INFO - ================================================================================
2025-09-16 09:25:21,482 - INFO - Config: Cutoff=70%, Top N=5, Q-Metric=sharpe, Reselection=1 fold(s)
2025-09-16 09:25:21,482 - INFO - Model Selection History:
2025-09-16 09:25:21,482 - INFO -   Fold 1: M61, M25, M65, M67, M16 (Avg Q-sharpe: 1.665)
2025-09-16 09:25:21,482 - INFO -   Fold 2: M61, M25, M65, M59, M71 (Avg Q-sharpe: 1.602)
2025-09-16 09:25:21,482 - INFO -   Fold 3: M61, M25, M65, M32, M16 (Avg Q-sharpe: 1.465)
2025-09-16 09:25:21,482 - INFO -   Fold 4: M61, M25, M65, M03, M71 (Avg Q-sharpe: 1.295)
2025-09-16 09:25:21,482 - INFO -   Fold 5: M25, M61, M65, M71, M03 (Avg Q-sharpe: 1.243)
2025-09-16 09:25:21,482 - INFO -   Fold 6: M25, M61, M65, M62, M17 (Avg Q-sharpe: 1.101)
2025-09-16 09:25:21,482 - INFO -   Fold 7: M25, M61, M65, M62, M59 (Avg Q-sharpe: 1.126)
2025-09-16 09:25:21,482 - INFO -   Fold 8: M61, M65, M62, M17, M25 (Avg Q-sharpe: 1.097)
2025-09-16 09:25:21,482 - INFO -   Fold 9: M61, M62, M70, M17, M65 (Avg Q-sharpe: 1.237)
2025-09-16 09:25:21,482 - INFO -   Fold 10: M62, M61, M70, M17, M59 (Avg Q-sharpe: 1.481)
2025-09-16 09:25:21,482 - INFO -   Fold 11: M61, M62, M17, M70, M25 (Avg Q-sharpe: 1.416)
2025-09-16 09:25:21,482 - INFO -   Fold 12: M61, M62, M78, M59, M70 (Avg Q-sharpe: 1.469)
2025-09-16 09:25:21,482 - INFO - 
2025-09-16 09:25:21,482 - INFO - Fold-by-Fold Performance:
2025-09-16 09:25:21,482 - INFO -   Fold 1: M61, M25, M65, M67, M16 | Sharpe=1.546 | Hit=51.9% | Samples=181
2025-09-16 09:25:21,482 - INFO -   Fold 2: M61, M25, M65, M59, M71 | Sharpe=-0.042 | Hit=48.6% | Samples=181
2025-09-16 09:25:21,483 - INFO -   Fold 3: M61, M25, M65, M32, M16 | Sharpe=-0.721 | Hit=47.0% | Samples=181
2025-09-16 09:25:21,483 - INFO -   Fold 4: M61, M25, M65, M03, M71 | Sharpe=1.036 | Hit=50.3% | Samples=181
2025-09-16 09:25:21,483 - INFO -   Fold 5: M25, M61, M65, M71, M03 | Sharpe=-0.581 | Hit=49.7% | Samples=181
2025-09-16 09:25:21,483 - INFO -   Fold 6: M25, M61, M65, M62, M17 | Sharpe=1.619 | Hit=53.6% | Samples=181
2025-09-16 09:25:21,483 - INFO -   Fold 7: M25, M61, M65, M62, M59 | Sharpe=0.806 | Hit=49.7% | Samples=181
2025-09-16 09:25:21,483 - INFO -   Fold 8: M61, M65, M62, M17, M25 | Sharpe=2.730 | Hit=52.5% | Samples=181
2025-09-16 09:25:21,483 - INFO -   Fold 9: M61, M62, M70, M17, M65 | Sharpe=3.514 | Hit=59.1% | Samples=181
2025-09-16 09:25:21,483 - INFO -   Fold 10: M62, M61, M70, M17, M59 | Sharpe=0.830 | Hit=54.1% | Samples=181
2025-09-16 09:25:21,483 - INFO -   Fold 11: M61, M62, M17, M70, M25 | Sharpe=2.053 | Hit=57.5% | Samples=181
2025-09-16 09:25:21,483 - INFO -   Fold 12: M61, M62, M78, M59, M70 | Sharpe=3.776 | Hit=60.5% | Samples=195
2025-09-16 09:25:21,483 - INFO - ================================================================================
2025-09-16 09:25:21,483 - INFO - ================================================================================
2025-09-16 09:25:21,483 - INFO - ANALYSIS COMPLETED SUCCESSFULLY!
2025-09-16 09:25:21,483 - INFO - ================================================================================
2025-09-16 09:25:21,483 - INFO - Generated 2 visualization files
2025-09-16 09:25:21,483 - INFO -   - 20250916_084513_fold_QGC#C_100models_15folds_PROD_QGC_final.png
2025-09-16 09:25:21,483 - INFO -   - 20250916_084513_backtest_QGC#C_100models_15folds_PROD_QGC_final.png
2025-09-16 09:25:21,483 - INFO - Training Final: Sharpe=0.495 | Hit=50.1% | Return=2.53% | CB=0.276
2025-09-16 09:25:21,483 - INFO - Production Final: Sharpe=2.680 | Hit=56.8% | Return=21.14% | CB=4.054
2025-09-16 09:25:21,483 - INFO - Full Timeline Final: Sharpe=1.604 | Hit=52.9% | Return=10.35% | CB=1.129
2025-09-16 09:25:21,483 - INFO - ============================================================
2025-09-16 09:25:21,483 - INFO - EXPORTING PRODUCTION MODELS (Consolidated File)
2025-09-16 09:25:21,483 - INFO - ============================================================
2025-09-16 09:25:21,483 - INFO - Backtest results keys: ['full_timeline_metrics', 'training_metrics', 'production_metrics', 'model_selection_history', 'fold_results', 'full_timeline_returns', 'training_returns', 'production_returns', 'full_timeline_predictions', 'full_timeline_dates', 'cutoff_fold', 'training_folds', 'production_folds']
2025-09-16 09:25:21,484 - INFO - Model selection history length: 12
2025-09-16 09:25:21,484 - INFO - Final selection keys: ['fold', 'selection_based_on_fold', 'selected_models', 'avg_q_score', 'period_type']
2025-09-16 09:25:21,484 - INFO - Final fold selected models: [61, 62, 78, 59, 70]
2025-09-16 09:25:21,484 - INFO - All fold results type: <class 'dict'>
2025-09-16 09:25:21,484 - INFO - All fold results keys/length: ['fold_1', 'fold_2', 'fold_3', 'fold_4', 'fold_5', 'fold_6', 'fold_7', 'fold_8', 'fold_9', 'fold_10', 'fold_11', 'fold_12', 'fold_13']
2025-09-16 09:25:21,484 - INFO - Using fold fold_9 as final fold
2025-09-16 09:25:21,484 - INFO - Final fold keys: ['results_df', 'model_metrics', 'oos_predictions', 'test_idx', 'trained_models', 'model_specs']
2025-09-16 09:25:21,484 - INFO - Trained models available: [0, 1, 2, 3, 4, 5, 6, 7, 8, 9, 10, 11, 12, 13, 14, 15, 16, 17, 18, 19, 20, 21, 22, 23, 24, 25, 26, 27, 28, 29, 30, 31, 32, 33, 34, 35, 36, 37, 38, 39, 40, 41, 42, 43, 44, 45, 46, 47, 48, 49, 50, 51, 52, 53, 54, 55, 56, 57, 58, 59, 60, 61, 62, 63, 64, 65, 66, 67, 68, 69, 70, 71, 72, 73, 74, 75, 76, 77, 78, 79, 80, 81, 82, 83, 84, 85, 86, 87, 88, 89, 90, 91, 92, 93, 94, 95, 96, 97, 98, 99]
2025-09-16 09:25:21,484 - INFO - Added model M61 -> model_01 with all 100 features (framework standard)
2025-09-16 09:25:21,484 - INFO - Added model M62 -> model_02 with all 100 features (framework standard)
2025-09-16 09:25:21,484 - INFO - Added model M78 -> model_03 with all 100 features (framework standard)
2025-09-16 09:25:21,484 - INFO - Added model M59 -> model_04 with all 100 features (framework standard)
2025-09-16 09:25:21,484 - INFO - Added model M70 -> model_05 with all 100 features (framework standard)
2025-09-16 09:25:21,484 - INFO - Extracted 5 selected models
2025-09-16 09:25:21,509 - INFO - SUCCESS: Exported 5 selected models to C:\Users\zhang\Desktop\Steve\bond_ls_xgb_grope_full_v6\PROD\models\QGC#C_production.pkl
2025-09-16 09:25:21,509 - INFO - File size: 1,035,899 bytes
2025-09-16 09:25:21,509 - INFO - Selected features: 100 features
2025-09-16 09:25:21,509 - INFO - Selected models: [61, 62, 78, 59, 70]
