=== XGBoost Daily Signal Generation ===
Processing 9 symbols...
Error fetching live data for @S#C: [Errno 61] Connection refused
Error fetching live data for @EU#C: [Errno 61] Connection refused
Error fetching live data for @RTY#C: [Errno 61] Connection refused
Error fetching live data for @ES#C: [Errno 61] Connection refused
Error fetching live data for @BP#C: [Errno 61] Connection refused
Error fetching live data for QHG#C: [Errno 61] Connection refused
Error fetching live data for BD#C: [Errno 61] Connection refused
Error fetching live data for @JY#C: [Errno 61] Connection refused
Error fetching live data for @NQ#C: [Errno 61] Connection refused
Error fetching live data for @TY#C: [Errno 61] Connection refused
Error fetching live data for @AD#C: [Errno 61] Connection refused
Error fetching live data for QGC#C: [Errno 61] Connection refused
Error fetching live data for QHG#C: [Errno 61] Connection refused
Error fetching live data for @EU#C: [Errno 61] Connection refused
Error fetching live data for @ES#C: [Errno 61] Connection refused
Error fetching live data for BD#C: [Errno 61] Connection refused
Error fetching live data for @BP#C: [Errno 61] Connection refused
Error fetching live data for QGC#C: [Errno 61] Connection refused
Error fetching live data for @S#C: [Errno 61] Connection refused
Error fetching live data for @NQ#C: [Errno 61] Connection refused
Error fetching live data for @JY#C: [Errno 61] Connection refused
Error fetching live data for @AD#C: [Errno 61] Connection refused
Error fetching live data for @TY#C: [Errno 61] Connection refused
Error fetching live data for @RTY#C: [Errno 61] Connection refused
Error fetching live data for @JY#C: [Errno 61] Connection refused
Error fetching live data for QGC#C: [Errno 61] Connection refused
Error fetching live data for @NQ#C: [Errno 61] Connection refused
Error fetching live data for QHG#C: [Errno 61] Connection refused
Error fetching live data for @EU#C: [Errno 61] Connection refused
Error fetching live data for @BP#C: [Errno 61] Connection refused
Error fetching live data for @ES#C: [Errno 61] Connection refused
Error fetching live data for @S#C: [Errno 61] Connection refused
Error fetching live data for BD#C: [Errno 61] Connection refused
Error fetching live data for @RTY#C: [Errno 61] Connection refused
Error fetching live data for @AD#C: [Errno 61] Connection refused
Error fetching live data for @TY#C: [Errno 61] Connection refused
Error fetching live data for BD#C: [Errno 61] Connection refused
Error fetching live data for @ES#C: [Errno 61] Connection refused
Error fetching live data for @S#C: [Errno 61] Connection refused
Error fetching live data for @EU#C: [Errno 61] Connection refused
Error fetching live data for QHG#C: [Errno 61] Connection refused
Error fetching live data for @BP#C: [Errno 61] Connection refused
Error fetching live data for @JY#C: [Errno 61] Connection refused
Error fetching live data for QGC#C: [Errno 61] Connection refused
Error fetching live data for @NQ#C: [Errno 61] Connection refused
Error fetching live data for @AD#C: [Errno 61] Connection refused
Error fetching live data for @RTY#C: [Errno 61] Connection refused
Error fetching live data for @TY#C: [Errno 61] Connection refused
Error fetching live data for @NQ#C: [Errno 61] Connection refused
Error fetching live data for @JY#C: [Errno 61] Connection refused
Error fetching live data for @BP#C: [Errno 61] Connection refused
Error fetching live data for QHG#C: [Errno 61] Connection refused
Error fetching live data for @EU#C: [Errno 61] Connection refused
Error fetching live data for BD#C: [Errno 61] Connection refused
Error fetching live data for @S#C: [Errno 61] Connection refused
Error fetching live data for @RTY#C: [Errno 61] Connection refused
Error fetching live data for QGC#C: [Errno 61] Connection refused
Error fetching live data for @AD#C: [Errno 61] Connection refused
Error fetching live data for @TY#C: [Errno 61] Connection refused
Error fetching live data for @ES#C: [Errno 61] Connection refused
Error fetching live data for @JY#C: [Errno 61] Connection refused
Error fetching live data for @AD#C: [Errno 61] Connection refused
Error fetching live data for QGC#C: [Errno 61] Connection refused
Error fetching live data for BD#C: [Errno 61] Connection refused
Error fetching live data for QHG#C: [Errno 61] Connection refused
Error fetching live data for @EU#C: [Errno 61] Connection refused
Error fetching live data for @S#C: [Errno 61] Connection refused
Error fetching live data for @BP#C: [Errno 61] Connection refused
Error fetching live data for @NQ#C: [Errno 61] Connection refused
Error fetching live data for @ES#C: [Errno 61] Connection refused
Error fetching live data for @RTY#C: [Errno 61] Connection refused
Error fetching live data for @TY#C: [Errno 61] Connection refused
Error fetching live data for QGC#C: [Errno 61] Connection refused
Error fetching live data for @S#C: [Errno 61] Connection refused
Error fetching live data for @NQ#C: [Errno 61] Connection refused
Error fetching live data for @BP#C: [Errno 61] Connection refused
Error fetching live data for @EU#C: [Errno 61] Connection refused
Error fetching live data for @JY#C: [Errno 61] Connection refused
Error fetching live data for @TY#C: [Errno 61] Connection refused
Error fetching live data for QHG#C: [Errno 61] Connection refused
Error fetching live data for @RTY#C: [Errno 61] Connection refused
Error fetching live data for @ES#C: [Errno 61] Connection refused
Error fetching live data for @AD#C: [Errno 61] Connection refused
Error fetching live data for BD#C: [Errno 61] Connection refused
Error fetching live data for QHG#C: [Errno 61] Connection refused
Error fetching live data for @BP#C: [Errno 61] Connection refused
Error fetching live data for @S#C: [Errno 61] Connection refused
Error fetching live data for @JY#C: [Errno 61] Connection refused
Error fetching live data for @EU#C: [Errno 61] Connection refused
Error fetching live data for BD#C: [Errno 61] Connection refused
Error fetching live data for @ES#C: [Errno 61] Connection refused
Error fetching live data for @TY#C: [Errno 61] Connection refused
Error fetching live data for QGC#C: [Errno 61] Connection refused
Error fetching live data for @RTY#C: [Errno 61] Connection refused
Error fetching live data for @AD#C: [Errno 61] Connection refused
Error fetching live data for @NQ#C: [Errno 61] Connection refused
Error fetching live data for BD#C: [Errno 61] Connection refused
Error fetching live data for @EU#C: [Errno 61] Connection refused
Error fetching live data for @BP#C: [Errno 61] Connection refused
Error fetching live data for @JY#C: [Errno 61] Connection refused
Error fetching live data for @S#C: [Errno 61] Connection refused
Error fetching live data for QHG#C: [Errno 61] Connection refused
Error fetching live data for @AD#C: [Errno 61] Connection refused
Error fetching live data for @RTY#C: [Errno 61] Connection refused
Error fetching live data for @TY#C: [Errno 61] Connection refused
Error fetching live data for QGC#C: [Errno 61] Connection refused
Error fetching live data for @ES#C: [Errno 61] Connection refused
Error fetching live data for @NQ#C: [Errno 61] Connection refused
Generated 0 active trades
DRY RUN - No files saved
Daily signal generation completed
