XGBoost Production Runner initialized - Log: /Users/steven/Projects/SQ/bond_ls_xgb_grope_full_v6/PROD/logs/20250915/20250915_1432_xgb_production.log
Validating production setup...
Loaded 10 models for @ES#C
Models validated for @ES#C: 10 models loaded
Setup validated for 1 symbols
Fetching market data for 1 symbols...
Processing features for @ES#C...
Generated 65 features for @ES#C
Latest feature timestamp: 2025-09-15 12:26:49.089240
Got 65 features for @ES#C, latest: 2025-09-15 12:26:49.089240
Latest price for @ES#C: 4651.284672805101
Generating XGBoost ensemble signals...
Generating signals for 1 symbols...
Error with model 0 for @ES#C: Feature shape mismatch, expected: 50, got 65
Error with model 1 for @ES#C: Feature shape mismatch, expected: 50, got 65
Error with model 2 for @ES#C: Feature shape mismatch, expected: 50, got 65
Error with model 3 for @ES#C: Feature shape mismatch, expected: 50, got 65
Error with model 4 for @ES#C: Feature shape mismatch, expected: 50, got 65
Error with model 5 for @ES#C: Feature shape mismatch, expected: 50, got 65
Error with model 6 for @ES#C: Feature shape mismatch, expected: 50, got 65
Error with model 7 for @ES#C: Feature shape mismatch, expected: 50, got 65
Error with model 8 for @ES#C: Feature shape mismatch, expected: 50, got 65
Error with model 9 for @ES#C: Feature shape mismatch, expected: 50, got 65
No valid predictions generated for @ES#C
Failed to generate signal for @ES#C
