2025-09-14 19:40:45,511 - INFO - ================================================================================
2025-09-14 19:40:45,512 - INFO - XGBoost Comparison Framework
2025-09-14 19:40:45,512 - INFO - ================================================================================
2025-09-14 19:40:45,512 - INFO - Configuration:
2025-09-14 19:40:45,512 - INFO -   Target Symbol: BD#C
2025-09-14 19:40:45,512 - INFO -   Date Range: 2015-01-01 to 2025-08-01
2025-09-14 19:40:45,512 - INFO -   Models: 100, Type: tiered
2025-09-14 19:40:45,512 - INFO -   Folds: 15
2025-09-14 19:40:45,512 - INFO -   Max Features: 100 (Limited)
2025-09-14 19:40:45,512 - INFO -   Feature Selection: Enabled
2025-09-14 19:40:45,512 - INFO -   Inner Val Fraction: 0.2
2025-09-14 19:40:45,512 - INFO -   EWMA Alpha: 0.1, Quality Halflife: 63 days
2025-09-14 19:40:45,512 - INFO -   Signal Type: Tanh Normalized
2025-09-14 19:40:45,512 - INFO -   Cross-validation: Expanding window
2025-09-14 19:40:45,512 - INFO -   Production: Cutoff=0.6, Top N=5, Q-Metric=sharpe
2025-09-14 19:40:45,512 - INFO -   Reselection: Every 1 fold(s)
2025-09-14 19:40:45,512 - INFO - 
2025-09-14 19:40:56,927 - INFO - Dropped 40 rows due to NaN in target column BD#C_target_return
2025-09-14 19:40:57,069 - INFO - Loaded: X=(2695, 1906), y=(2695,)
2025-09-14 19:42:17,623 - INFO - Selected 100 features (threshold: 0.7)
2025-09-14 19:42:18,470 - INFO - Selected: 100 features
2025-09-14 19:42:19,215 - INFO - GPU detection: XGBoost not compiled with CUDA support - using CPU
2025-09-14 19:42:19,230 - INFO - Processing mode: CPU multiprocessing (GPU: False, Total models: 1500)
2025-09-14 19:42:19,253 - INFO - GPU detection: XGBoost not compiled with CUDA support - using CPU
2025-09-14 19:42:19,277 - INFO - Using expanding window
2025-09-14 19:42:19,280 - INFO - Starting analysis: 100 tiered models x 13 folds
2025-09-14 19:42:19,281 - INFO - Processing Fold 1/13
2025-09-14 19:42:19,351 - INFO -   Using multiprocessing with 9 workers
2025-09-14 19:47:13,686 - INFO - Fold 1 Summary:
2025-09-14 19:47:13,689 - INFO -   Best OOS Sharpe: M20 (5.254, p=0.000)
2025-09-14 19:47:13,689 - INFO -   Best Q-Sharpe:  M20 (5.254, OOS_Sharpe=5.254, OOS_Hit=0.626)
2025-09-14 19:47:13,689 - INFO -   Mean OOS Sharpe: 3.355, Mean Hit: 0.576
2025-09-14 19:47:13,689 - INFO - 
2025-09-14 19:47:13,703 - INFO - Processing Fold 2/13
2025-09-14 19:47:13,730 - INFO -   Using multiprocessing with 9 workers
2025-09-14 19:51:44,791 - INFO - Fold 2 Summary:
2025-09-14 19:51:44,797 - INFO -   Best OOS Sharpe: M19 (2.453, p=0.040)
2025-09-14 19:51:44,797 - INFO -   Best Q-Sharpe:  M20 (4.729, OOS_Sharpe=0.006, OOS_Hit=0.486)
2025-09-14 19:51:44,797 - INFO -   Mean OOS Sharpe: -0.782, Mean Hit: 0.487
2025-09-14 19:51:44,797 - INFO - 
2025-09-14 19:51:44,823 - INFO - Processing Fold 3/13
2025-09-14 19:51:44,866 - INFO -   Using multiprocessing with 9 workers
2025-09-14 19:59:26,119 - INFO - Fold 3 Summary:
2025-09-14 19:59:26,129 - INFO -   Best OOS Sharpe: M45 (3.443, p=0.000)
2025-09-14 19:59:26,130 - INFO -   Best Q-Sharpe:  M20 (4.479, OOS_Sharpe=2.223, OOS_Hit=0.553)
2025-09-14 19:59:26,130 - INFO -   Mean OOS Sharpe: 2.008, Mean Hit: 0.556
2025-09-14 19:59:26,130 - INFO - 
2025-09-14 19:59:26,165 - INFO - Processing Fold 4/13
2025-09-14 19:59:26,226 - INFO -   Using multiprocessing with 9 workers
2025-09-14 20:07:56,092 - INFO - Fold 4 Summary:
2025-09-14 20:07:56,103 - INFO -   Best OOS Sharpe: M09 (2.938, p=0.020)
2025-09-14 20:07:56,103 - INFO -   Best Q-Sharpe:  M20 (4.073, OOS_Sharpe=0.426, OOS_Hit=0.480)
2025-09-14 20:07:56,103 - INFO -   Mean OOS Sharpe: 0.853, Mean Hit: 0.501
2025-09-14 20:07:56,103 - INFO - 
2025-09-14 20:07:56,138 - INFO - Processing Fold 5/13
2025-09-14 20:07:56,198 - INFO -   Using multiprocessing with 9 workers
2025-09-14 20:16:33,422 - INFO - Fold 5 Summary:
2025-09-14 20:16:33,437 - INFO -   Best OOS Sharpe: M34 (2.471, p=0.080)
2025-09-14 20:16:33,437 - INFO -   Best Q-Sharpe:  M20 (3.712, OOS_Sharpe=0.457, OOS_Hit=0.480)
2025-09-14 20:16:33,437 - INFO -   Mean OOS Sharpe: 0.851, Mean Hit: 0.510
2025-09-14 20:16:33,437 - INFO - 
2025-09-14 20:16:33,486 - INFO - Processing Fold 6/13
2025-09-14 20:16:33,571 - INFO -   Using multiprocessing with 9 workers
2025-09-14 20:25:12,256 - INFO - Fold 6 Summary:
2025-09-14 20:25:12,265 - INFO -   Best OOS Sharpe: M10 (4.010, p=0.000)
2025-09-14 20:25:12,266 - INFO -   Best Q-Sharpe:  M20 (3.625, OOS_Sharpe=2.842, OOS_Hit=0.592)
2025-09-14 20:25:12,266 - INFO -   Mean OOS Sharpe: 2.650, Mean Hit: 0.566
2025-09-14 20:25:12,266 - INFO - 
2025-09-14 20:25:12,311 - INFO - Processing Fold 7/13
2025-09-14 20:25:12,386 - INFO -   Using multiprocessing with 9 workers
2025-09-14 20:32:52,001 - INFO - Fold 7 Summary:
2025-09-14 20:32:52,012 - INFO -   Best OOS Sharpe: M81 (4.494, p=0.000)
2025-09-14 20:32:52,012 - INFO -   Best Q-Sharpe:  M20 (3.570, OOS_Sharpe=3.079, OOS_Hit=0.525)
2025-09-14 20:32:52,012 - INFO -   Mean OOS Sharpe: 2.352, Mean Hit: 0.529
2025-09-14 20:32:52,012 - INFO - 
2025-09-14 20:32:52,087 - INFO - Processing Fold 8/13
2025-09-14 20:32:52,164 - INFO -   Using multiprocessing with 9 workers
2025-09-14 20:40:42,266 - INFO - Fold 8 Summary:
2025-09-14 20:40:42,275 - INFO -   Best OOS Sharpe: M70 (3.169, p=0.000)
2025-09-14 20:40:42,275 - INFO -   Best Q-Sharpe:  M20 (3.350, OOS_Sharpe=1.365, OOS_Hit=0.542)
2025-09-14 20:40:42,275 - INFO -   Mean OOS Sharpe: 0.989, Mean Hit: 0.527
2025-09-14 20:40:42,275 - INFO - 
2025-09-14 20:40:42,332 - INFO - Processing Fold 9/13
2025-09-14 20:40:42,400 - INFO -   Using multiprocessing with 9 workers
2025-09-14 20:45:17,379 - INFO - Fold 9 Summary:
2025-09-14 20:45:17,386 - INFO -   Best OOS Sharpe: M47 (3.199, p=0.000)
2025-09-14 20:45:17,386 - INFO -   Best Q-Sharpe:  M20 (3.211, OOS_Sharpe=1.960, OOS_Hit=0.559)
2025-09-14 20:45:17,386 - INFO -   Mean OOS Sharpe: 1.465, Mean Hit: 0.522
2025-09-14 20:45:17,386 - INFO - 
2025-09-14 20:45:17,423 - INFO - Processing Fold 10/13
2025-09-14 20:45:17,464 - INFO -   Using multiprocessing with 9 workers
2025-09-14 20:46:53,655 - INFO - Fold 10 Summary:
2025-09-14 20:46:53,655 - INFO -   Best OOS Sharpe: M62 (4.208, p=0.000)
2025-09-14 20:46:53,656 - INFO -   Best Q-Sharpe:  M20 (3.137, OOS_Sharpe=2.477, OOS_Hit=0.503)
2025-09-14 20:46:53,656 - INFO -   Mean OOS Sharpe: 2.397, Mean Hit: 0.551
2025-09-14 20:46:53,656 - INFO - 
2025-09-14 20:46:53,661 - INFO - Processing Fold 11/13
2025-09-14 20:46:53,668 - INFO -   Using multiprocessing with 9 workers
2025-09-14 20:47:49,609 - INFO - Fold 11 Summary:
2025-09-14 20:47:49,610 - INFO -   Best OOS Sharpe: M00 (3.799, p=0.000)
2025-09-14 20:47:49,610 - INFO -   Best Q-Sharpe:  M20 (3.115, OOS_Sharpe=2.912, OOS_Hit=0.531)
2025-09-14 20:47:49,610 - INFO -   Mean OOS Sharpe: 2.375, Mean Hit: 0.535
2025-09-14 20:47:49,610 - INFO - 
2025-09-14 20:47:49,616 - INFO - Processing Fold 12/13
2025-09-14 20:47:49,623 - INFO -   Using multiprocessing with 9 workers
2025-09-14 20:48:50,768 - INFO - Fold 12 Summary:
2025-09-14 20:48:50,768 - INFO -   Best OOS Sharpe: M31 (2.912, p=0.020)
2025-09-14 20:48:50,768 - INFO -   Best Q-Sharpe:  M00 (2.918, OOS_Sharpe=2.153, OOS_Hit=0.564)
2025-09-14 20:48:50,768 - INFO -   Mean OOS Sharpe: 1.281, Mean Hit: 0.520
2025-09-14 20:48:50,768 - INFO - 
2025-09-14 20:48:50,772 - INFO - Processing Fold 13/13
2025-09-14 20:48:50,780 - INFO -   Using multiprocessing with 9 workers
2025-09-14 20:49:52,266 - INFO - Fold 13 Summary:
2025-09-14 20:49:52,267 - INFO -   Best OOS Sharpe: M08 (2.048, p=0.080)
2025-09-14 20:49:52,267 - INFO -   Best Q-Sharpe:  M00 (2.653, OOS_Sharpe=0.269, OOS_Hit=0.455)
2025-09-14 20:49:52,267 - INFO -   Mean OOS Sharpe: 0.022, Mean Hit: 0.490
2025-09-14 20:49:52,267 - INFO - 
2025-09-14 20:49:52,272 - INFO - Starting full timeline backtesting...
2025-09-14 20:49:52,272 - INFO - Running full timeline backtest with 13 folds (0-based indexing)
2025-09-14 20:49:52,272 - INFO - Fold 0 skipped (no prior Q-score history for meaningful selection)
2025-09-14 20:49:52,272 - INFO - Effective backtest period: Folds 1-12 (12 folds)
2025-09-14 20:49:52,272 - INFO - Training period: Folds 1-7
2025-09-14 20:49:52,272 - INFO - Production period: Folds 8-12
2025-09-14 20:49:52,272 - INFO - Using consistent OOS methodology for all folds
2025-09-14 20:49:52,273 - INFO - Fold 0: Skipped (no prior Q-score history for meaningful selection)
2025-09-14 20:49:52,273 - INFO - 
--- Processing fold 1/12 ---
2025-09-14 20:49:52,294 - INFO - Fold 1: Q-scores from fold 0: ['M00:4.498', 'M01:3.661', 'M02:2.981', 'M03:3.821', 'M04:4.067']...
2025-09-14 20:49:52,294 - INFO - Fold 1: Selected models [20, 98, 29, 79, 35] based on fold 0 Q-scores, avg Q-score: 4.931
2025-09-14 20:49:52,304 - INFO - Fold 1 (Training): Sharpe=-0.754, Hit=48.0%
2025-09-14 20:49:52,304 - INFO - 
--- Processing fold 2/12 ---
2025-09-14 20:49:52,323 - INFO - Fold 2: Q-scores from fold 1: ['M00:3.999', 'M01:3.234', 'M02:2.510', 'M03:3.271', 'M04:3.569']...
2025-09-14 20:49:52,323 - INFO - Fold 2: Selected models [20, 98, 79, 41, 35] based on fold 1 Q-scores, avg Q-score: 4.384
2025-09-14 20:49:52,326 - INFO - Fold 2 (Training): Sharpe=2.453, Hit=58.1%
2025-09-14 20:49:52,326 - INFO - 
--- Processing fold 3/12 ---
2025-09-14 20:49:52,344 - INFO - Fold 3: Q-scores from fold 2: ['M00:3.882', 'M01:3.132', 'M02:2.565', 'M03:3.112', 'M04:3.362']...
2025-09-14 20:49:52,345 - INFO - Fold 3: Selected models [20, 98, 79, 35, 41] based on fold 2 Q-scores, avg Q-score: 4.165
2025-09-14 20:49:52,346 - INFO - Fold 3 (Training): Sharpe=1.037, Hit=53.6%
2025-09-14 20:49:52,346 - INFO - 
--- Processing fold 4/12 ---
2025-09-14 20:49:52,365 - INFO - Fold 4: Q-scores from fold 3: ['M00:3.611', 'M01:2.893', 'M02:2.438', 'M03:2.890', 'M04:3.046']...
2025-09-14 20:49:52,366 - INFO - Fold 4: Selected models [20, 98, 79, 35, 41] based on fold 3 Q-scores, avg Q-score: 3.841
2025-09-14 20:49:52,369 - INFO - Fold 4 (Training): Sharpe=0.813, Hit=48.6%
2025-09-14 20:49:52,369 - INFO - 
--- Processing fold 5/12 ---
2025-09-14 20:49:52,388 - INFO - Fold 5: Q-scores from fold 4: ['M00:3.278', 'M01:2.728', 'M02:2.414', 'M03:2.639', 'M04:2.790']...
2025-09-14 20:49:52,388 - INFO - Fold 5: Selected models [20, 79, 98, 18, 41] based on fold 4 Q-scores, avg Q-score: 3.551
2025-09-14 20:49:52,392 - INFO - Fold 5 (Training): Sharpe=2.907, Hit=55.9%
2025-09-14 20:49:52,392 - INFO - 
--- Processing fold 6/12 ---
2025-09-14 20:49:52,409 - INFO - Fold 6: Q-scores from fold 5: ['M00:3.180', 'M01:2.634', 'M02:2.451', 'M03:2.729', 'M04:2.684']...
2025-09-14 20:49:52,409 - INFO - Fold 6: Selected models [20, 98, 79, 18, 35] based on fold 5 Q-scores, avg Q-score: 3.472
2025-09-14 20:49:52,412 - INFO - Fold 6 (Training): Sharpe=2.395, Hit=50.3%
2025-09-14 20:49:52,412 - INFO - 
--- Processing fold 7/12 ---
2025-09-14 20:49:52,430 - INFO - Fold 7: Q-scores from fold 6: ['M00:3.165', 'M01:2.660', 'M02:2.332', 'M03:2.710', 'M04:2.716']...
2025-09-14 20:49:52,430 - INFO - Fold 7: Selected models [20, 98, 79, 35, 18] based on fold 6 Q-scores, avg Q-score: 3.340
2025-09-14 20:49:52,432 - INFO - Fold 7 (Training): Sharpe=1.017, Hit=50.3%
2025-09-14 20:49:52,432 - INFO - 
--- Processing fold 8/12 ---
2025-09-14 20:49:52,449 - INFO - Fold 8: Q-scores from fold 7: ['M00:3.060', 'M01:2.411', 'M02:2.194', 'M03:2.509', 'M04:2.450']...
2025-09-14 20:49:52,449 - INFO - Fold 8: Selected models [20, 79, 0, 29, 98] based on fold 7 Q-scores, avg Q-score: 3.126
2025-09-14 20:49:52,452 - INFO - Fold 8 (Production): Sharpe=2.169, Hit=53.1%
2025-09-14 20:49:52,452 - INFO - 
--- Processing fold 9/12 ---
2025-09-14 20:49:52,470 - INFO - Fold 9: Q-scores from fold 8: ['M00:2.916', 'M01:2.403', 'M02:2.106', 'M03:2.446', 'M04:2.288']...
2025-09-14 20:49:52,470 - INFO - Fold 9: Selected models [20, 79, 29, 89, 41] based on fold 8 Q-scores, avg Q-score: 3.033
2025-09-14 20:49:52,471 - INFO - Fold 9 (Production): Sharpe=2.814, Hit=57.0%
2025-09-14 20:49:52,471 - INFO - 
--- Processing fold 10/12 ---
2025-09-14 20:49:52,488 - INFO - Fold 10: Q-scores from fold 9: ['M00:2.915', 'M01:2.352', 'M02:2.165', 'M03:2.476', 'M04:2.264']...
2025-09-14 20:49:52,489 - INFO - Fold 10: Selected models [20, 79, 29, 0, 41] based on fold 9 Q-scores, avg Q-score: 2.987
2025-09-14 20:49:52,490 - INFO - Fold 10 (Production): Sharpe=3.112, Hit=55.3%
2025-09-14 20:49:52,490 - INFO - 
--- Processing fold 11/12 ---
2025-09-14 20:49:52,509 - INFO - Fold 11: Q-scores from fold 10: ['M00:3.003', 'M01:2.330', 'M02:2.009', 'M03:2.416', 'M04:2.270']...
2025-09-14 20:49:52,510 - INFO - Fold 11: Selected models [20, 0, 79, 41, 29] based on fold 10 Q-scores, avg Q-score: 2.968
2025-09-14 20:49:52,511 - INFO - Fold 11 (Production): Sharpe=1.428, Hit=54.2%
2025-09-14 20:49:52,511 - INFO - 
--- Processing fold 12/12 ---
2025-09-14 20:49:52,528 - INFO - Fold 12: Q-scores from fold 11: ['M00:2.918', 'M01:2.227', 'M02:1.840', 'M03:2.314', 'M04:2.193']...
2025-09-14 20:49:52,528 - INFO - Fold 12: Selected models [0, 79, 20, 89, 99] based on fold 11 Q-scores, avg Q-score: 2.831
2025-09-14 20:49:52,530 - INFO - Fold 12 (Production): Sharpe=0.355, Hit=48.7%
2025-09-14 20:49:52,531 - INFO - Training Period Overall: Sharpe=1.374, Hit=52.1%
2025-09-14 20:49:52,532 - INFO - Production Period Overall: Sharpe=2.050, Hit=53.6%
2025-09-14 20:49:52,534 - INFO - Full Timeline Overall: Sharpe=1.690, Hit=52.7%
2025-09-14 20:49:52,534 - INFO - Training: Sharpe=1.374 | Hit=52.1% | Return=4.19%
2025-09-14 20:49:52,534 - INFO - Production: Sharpe=2.050 | Hit=53.6% | Return=9.42%
2025-09-14 20:49:52,534 - INFO - Full Timeline: Sharpe=1.690 | Hit=52.7% | Return=6.38%
2025-09-14 20:49:52,534 - INFO - Generating visualizations...
2025-09-14 20:49:52,534 - INFO - Creating clean visualizations for 100 models...
2025-09-14 20:49:57,235 - INFO - Clean fold-by-fold analysis saved to: 20250914_194045_fold_BD#C_100models_15folds_v2_BD2.1_tiered_arch.png
2025-09-14 20:50:00,960 - INFO - Detailed production analysis saved to: 20250914_194045_backtest_BD#C_100models_15folds_v2_BD2.1_tiered_arch.png
2025-09-14 20:50:00,963 - INFO - ================================================================================
2025-09-14 20:50:00,963 - INFO - BACKTEST SUMMARY
2025-09-14 20:50:00,963 - INFO - ================================================================================
2025-09-14 20:50:00,963 - INFO - Config: Cutoff=70%, Top N=5, Q-Metric=sharpe, Reselection=1 fold(s)
2025-09-14 20:50:00,963 - INFO - Model Selection History:
2025-09-14 20:50:00,963 - INFO -   Fold 1: M20, M98, M29, M79, M35 (Avg Q-sharpe: 4.931)
2025-09-14 20:50:00,963 - INFO -   Fold 2: M20, M98, M79, M41, M35 (Avg Q-sharpe: 4.384)
2025-09-14 20:50:00,963 - INFO -   Fold 3: M20, M98, M79, M35, M41 (Avg Q-sharpe: 4.165)
2025-09-14 20:50:00,963 - INFO -   Fold 4: M20, M98, M79, M35, M41 (Avg Q-sharpe: 3.841)
2025-09-14 20:50:00,963 - INFO -   Fold 5: M20, M79, M98, M18, M41 (Avg Q-sharpe: 3.551)
2025-09-14 20:50:00,963 - INFO -   Fold 6: M20, M98, M79, M18, M35 (Avg Q-sharpe: 3.472)
2025-09-14 20:50:00,963 - INFO -   Fold 7: M20, M98, M79, M35, M18 (Avg Q-sharpe: 3.340)
2025-09-14 20:50:00,963 - INFO -   Fold 8: M20, M79, M00, M29, M98 (Avg Q-sharpe: 3.126)
2025-09-14 20:50:00,963 - INFO -   Fold 9: M20, M79, M29, M89, M41 (Avg Q-sharpe: 3.033)
2025-09-14 20:50:00,963 - INFO -   Fold 10: M20, M79, M29, M00, M41 (Avg Q-sharpe: 2.987)
2025-09-14 20:50:00,963 - INFO -   Fold 11: M20, M00, M79, M41, M29 (Avg Q-sharpe: 2.968)
2025-09-14 20:50:00,963 - INFO -   Fold 12: M00, M79, M20, M89, M99 (Avg Q-sharpe: 2.831)
2025-09-14 20:50:00,963 - INFO - 
2025-09-14 20:50:00,963 - INFO - Fold-by-Fold Performance:
2025-09-14 20:50:00,963 - INFO -   Fold 1: M20, M98, M29, M79, M35 | Sharpe=-0.754 | Hit=48.0% | Samples=179
2025-09-14 20:50:00,963 - INFO -   Fold 2: M20, M98, M79, M41, M35 | Sharpe=2.453 | Hit=58.1% | Samples=179
2025-09-14 20:50:00,963 - INFO -   Fold 3: M20, M98, M79, M35, M41 | Sharpe=1.037 | Hit=53.6% | Samples=179
2025-09-14 20:50:00,963 - INFO -   Fold 4: M20, M98, M79, M35, M41 | Sharpe=0.813 | Hit=48.6% | Samples=179
2025-09-14 20:50:00,964 - INFO -   Fold 5: M20, M79, M98, M18, M41 | Sharpe=2.907 | Hit=55.9% | Samples=179
2025-09-14 20:50:00,964 - INFO -   Fold 6: M20, M98, M79, M18, M35 | Sharpe=2.395 | Hit=50.3% | Samples=179
2025-09-14 20:50:00,964 - INFO -   Fold 7: M20, M98, M79, M35, M18 | Sharpe=1.017 | Hit=50.3% | Samples=179
2025-09-14 20:50:00,964 - INFO -   Fold 8: M20, M79, M00, M29, M98 | Sharpe=2.169 | Hit=53.1% | Samples=179
2025-09-14 20:50:00,964 - INFO -   Fold 9: M20, M79, M29, M89, M41 | Sharpe=2.814 | Hit=57.0% | Samples=179
2025-09-14 20:50:00,964 - INFO -   Fold 10: M20, M79, M29, M00, M41 | Sharpe=3.112 | Hit=55.3% | Samples=179
2025-09-14 20:50:00,964 - INFO -   Fold 11: M20, M00, M79, M41, M29 | Sharpe=1.428 | Hit=54.2% | Samples=179
2025-09-14 20:50:00,964 - INFO -   Fold 12: M00, M79, M20, M89, M99 | Sharpe=0.355 | Hit=48.7% | Samples=189
2025-09-14 20:50:00,964 - INFO - ================================================================================
2025-09-14 20:50:00,964 - INFO - ================================================================================
2025-09-14 20:50:00,964 - INFO - ANALYSIS COMPLETED SUCCESSFULLY!
2025-09-14 20:50:00,964 - INFO - ================================================================================
2025-09-14 20:50:00,964 - INFO - Generated 2 visualization files
2025-09-14 20:50:00,964 - INFO -   - 20250914_194045_fold_BD#C_100models_15folds_v2_BD2.1_tiered_arch.png
2025-09-14 20:50:00,964 - INFO -   - 20250914_194045_backtest_BD#C_100models_15folds_v2_BD2.1_tiered_arch.png
2025-09-14 20:50:00,964 - INFO - Training Final: Sharpe=1.374 | Hit=52.1% | Return=4.19% | CB=1.108
2025-09-14 20:50:00,964 - INFO - Production Final: Sharpe=2.050 | Hit=53.6% | Return=9.42% | CB=3.128
2025-09-14 20:50:00,964 - INFO - Full Timeline Final: Sharpe=1.690 | Hit=52.7% | Return=6.38% | CB=1.687
