2025-09-13 08:21:56,551 - INFO - ================================================================================
2025-09-13 08:21:56,551 - INFO - XGBoost Comparison Framework
2025-09-13 08:21:56,551 - INFO - ================================================================================
2025-09-13 08:21:56,551 - INFO - Configuration:
2025-09-13 08:21:56,551 - INFO -   Target Symbol: @S#C
2025-09-13 08:21:56,551 - INFO -   Date Range: 2015-01-01 to 2025-08-01
2025-09-13 08:21:56,551 - INFO -   Models: 100, Type: standard
2025-09-13 08:21:56,561 - INFO -   Folds: 15
2025-09-13 08:21:56,561 - INFO -   Max Features: 100 (Limited)
2025-09-13 08:21:56,561 - INFO -   Feature Selection: Enabled
2025-09-13 08:21:56,561 - INFO -   Inner Val Fraction: 0.2
2025-09-13 08:21:56,561 - INFO -   EWMA Alpha: 0.1, Quality Halflife: 63 days
2025-09-13 08:21:56,562 - INFO -   Signal Type: Tanh Normalized
2025-09-13 08:21:56,562 - INFO -   Cross-validation: Expanding window
2025-09-13 08:21:56,562 - INFO -   Production: Cutoff=0.6, Top N=5, Q-Metric=sharpe
2025-09-13 08:21:56,562 - INFO -   Reselection: Every 1 fold(s)
2025-09-13 08:21:56,562 - INFO - 
2025-09-13 08:22:06,380 - INFO - Dropped 74 rows due to NaN in target column @S#C_target_return
2025-09-13 08:22:06,617 - INFO - Loaded: X=(2661, 1906), y=(2661,)
2025-09-13 08:23:03,493 - INFO - Selected 100 features (threshold: 0.7)
2025-09-13 08:23:03,506 - INFO - Selected: 100 features
2025-09-13 08:23:06,549 - INFO - GPU detection: CUDA GPU available and working
2025-09-13 08:23:06,549 - INFO - Processing mode: GPU sequential (GPU: True, Total models: 1500)
2025-09-13 08:23:08,207 - INFO - GPU detection: CUDA GPU available and working
2025-09-13 08:23:08,209 - INFO - Using expanding window
2025-09-13 08:23:08,209 - INFO - Starting analysis: 100 standard models x 13 folds
2025-09-13 08:23:08,209 - INFO - Processing Fold 1/13
2025-09-13 08:23:08,213 - INFO -   Using GPU sequential processing
2025-09-13 08:33:14,145 - INFO - Fold 1 Summary:
2025-09-13 08:33:14,145 - INFO -   Best OOS Sharpe: M38 (2.870, p=0.020)
2025-09-13 08:33:14,145 - INFO -   Best Q-Sharpe:  M38 (2.870, OOS_Sharpe=2.870, OOS_Hit=0.565)
2025-09-13 08:33:14,145 - INFO -   Mean OOS Sharpe: 1.293, Mean Hit: 0.532
2025-09-13 08:33:14,145 - INFO - 
2025-09-13 08:33:14,148 - INFO - Processing Fold 2/13
2025-09-13 08:33:14,151 - INFO -   Using GPU sequential processing
2025-09-13 08:43:42,792 - INFO - Fold 2 Summary:
2025-09-13 08:43:42,792 - INFO -   Best OOS Sharpe: M49 (3.464, p=0.020)
2025-09-13 08:43:42,792 - INFO -   Best Q-Sharpe:  M38 (2.596, OOS_Sharpe=0.130, OOS_Hit=0.525)
2025-09-13 08:43:42,792 - INFO -   Mean OOS Sharpe: 1.385, Mean Hit: 0.546
2025-09-13 08:43:42,792 - INFO - 
2025-09-13 08:43:42,795 - INFO - Processing Fold 3/13
2025-09-13 08:43:42,799 - INFO -   Using GPU sequential processing
2025-09-13 08:54:36,704 - INFO - Fold 3 Summary:
2025-09-13 08:54:36,704 - INFO -   Best OOS Sharpe: M67 (2.449, p=0.050)
2025-09-13 08:54:36,704 - INFO -   Best Q-Sharpe:  M41 (2.469, OOS_Sharpe=1.424, OOS_Hit=0.542)
2025-09-13 08:54:36,704 - INFO -   Mean OOS Sharpe: 0.582, Mean Hit: 0.506
2025-09-13 08:54:36,704 - INFO - 
2025-09-13 08:54:36,707 - INFO - Processing Fold 4/13
2025-09-13 08:54:36,710 - INFO -   Using GPU sequential processing
2025-09-13 09:05:46,976 - INFO - Fold 4 Summary:
2025-09-13 09:05:46,979 - INFO -   Best OOS Sharpe: M24 (1.992, p=0.070)
2025-09-13 09:05:46,979 - INFO -   Best Q-Sharpe:  M41 (2.226, OOS_Sharpe=0.042, OOS_Hit=0.486)
2025-09-13 09:05:46,979 - INFO -   Mean OOS Sharpe: 0.065, Mean Hit: 0.493
2025-09-13 09:05:46,979 - INFO - 
2025-09-13 09:05:46,982 - INFO - Processing Fold 5/13
2025-09-13 09:05:46,986 - INFO -   Using GPU sequential processing
2025-09-13 09:17:22,357 - INFO - Fold 5 Summary:
2025-09-13 09:17:22,357 - INFO -   Best OOS Sharpe: M17 (3.936, p=0.000)
2025-09-13 09:17:22,357 - INFO -   Best Q-Sharpe:  M41 (2.210, OOS_Sharpe=2.061, OOS_Hit=0.548)
2025-09-13 09:17:22,357 - INFO -   Mean OOS Sharpe: 1.880, Mean Hit: 0.521
2025-09-13 09:17:22,357 - INFO - 
2025-09-13 09:17:22,359 - INFO - Processing Fold 6/13
2025-09-13 09:17:22,364 - INFO -   Using GPU sequential processing
2025-09-13 09:28:44,902 - INFO - Fold 6 Summary:
2025-09-13 09:28:44,903 - INFO -   Best OOS Sharpe: M35 (2.631, p=0.040)
2025-09-13 09:28:44,903 - INFO -   Best Q-Sharpe:  M38 (2.071, OOS_Sharpe=1.397, OOS_Hit=0.514)
2025-09-13 09:28:44,903 - INFO -   Mean OOS Sharpe: 0.990, Mean Hit: 0.524
2025-09-13 09:28:44,903 - INFO - 
2025-09-13 09:28:44,906 - INFO - Processing Fold 7/13
2025-09-13 09:28:44,910 - INFO -   Using GPU sequential processing
2025-09-13 09:40:05,471 - INFO - Fold 7 Summary:
2025-09-13 09:40:05,471 - INFO -   Best OOS Sharpe: M95 (2.716, p=0.000)
2025-09-13 09:40:05,528 - INFO -   Best Q-Sharpe:  M38 (1.939, OOS_Sharpe=0.757, OOS_Hit=0.492)
2025-09-13 09:40:05,528 - INFO -   Mean OOS Sharpe: 1.283, Mean Hit: 0.508
2025-09-13 09:40:05,529 - INFO - 
2025-09-13 09:40:05,531 - INFO - Processing Fold 8/13
2025-09-13 09:40:05,535 - INFO -   Using GPU sequential processing
2025-09-13 09:51:47,676 - INFO - Fold 8 Summary:
2025-09-13 09:51:47,677 - INFO -   Best OOS Sharpe: M76 (3.551, p=0.000)
2025-09-13 09:51:47,677 - INFO -   Best Q-Sharpe:  M36 (1.983, OOS_Sharpe=3.086, OOS_Hit=0.599)
2025-09-13 09:51:47,677 - INFO -   Mean OOS Sharpe: 1.274, Mean Hit: 0.513
2025-09-13 09:51:47,677 - INFO - 
2025-09-13 09:51:47,680 - INFO - Processing Fold 9/13
2025-09-13 09:51:47,684 - INFO -   Using GPU sequential processing
2025-09-13 10:02:56,181 - INFO - Fold 9 Summary:
2025-09-13 10:02:56,181 - INFO -   Best OOS Sharpe: M32 (4.099, p=0.000)
2025-09-13 10:02:56,181 - INFO -   Best Q-Sharpe:  M36 (2.005, OOS_Sharpe=2.207, OOS_Hit=0.554)
2025-09-13 10:02:56,181 - INFO -   Mean OOS Sharpe: 1.887, Mean Hit: 0.540
2025-09-13 10:02:56,181 - INFO - 
2025-09-13 10:02:56,184 - INFO - Processing Fold 10/13
2025-09-13 10:02:56,188 - INFO -   Using GPU sequential processing
2025-09-13 10:14:30,063 - INFO - Fold 10 Summary:
2025-09-13 10:14:30,063 - INFO -   Best OOS Sharpe: M41 (3.678, p=0.000)
2025-09-13 10:14:30,106 - INFO -   Best Q-Sharpe:  M41 (2.056, OOS_Sharpe=3.678, OOS_Hit=0.627)
2025-09-13 10:14:30,106 - INFO -   Mean OOS Sharpe: 0.758, Mean Hit: 0.545
2025-09-13 10:14:30,106 - INFO - 
2025-09-13 10:14:30,111 - INFO - Processing Fold 11/13
2025-09-13 10:14:30,117 - INFO -   Using GPU sequential processing
2025-09-13 10:25:08,151 - INFO - Fold 11 Summary:
2025-09-13 10:25:08,151 - INFO -   Best OOS Sharpe: M64 (3.611, p=0.000)
2025-09-13 10:25:08,151 - INFO -   Best Q-Sharpe:  M41 (2.046, OOS_Sharpe=1.957, OOS_Hit=0.531)
2025-09-13 10:25:08,151 - INFO -   Mean OOS Sharpe: 1.939, Mean Hit: 0.530
2025-09-13 10:25:08,151 - INFO - 
2025-09-13 10:25:08,155 - INFO - Processing Fold 12/13
2025-09-13 10:25:08,159 - INFO -   Using GPU sequential processing
2025-09-13 10:35:35,797 - INFO - Fold 12 Summary:
2025-09-13 10:35:35,797 - INFO -   Best OOS Sharpe: M79 (3.090, p=0.020)
2025-09-13 10:35:35,797 - INFO -   Best Q-Sharpe:  M41 (2.068, OOS_Sharpe=2.267, OOS_Hit=0.554)
2025-09-13 10:35:35,797 - INFO -   Mean OOS Sharpe: 1.325, Mean Hit: 0.530
2025-09-13 10:35:35,797 - INFO - 
2025-09-13 10:35:35,800 - INFO - Processing Fold 13/13
2025-09-13 10:35:35,805 - INFO -   Using GPU sequential processing
2025-09-13 10:45:35,506 - INFO - Fold 13 Summary:
2025-09-13 10:45:35,506 - INFO -   Best OOS Sharpe: M24 (2.841, p=0.000)
2025-09-13 10:45:35,506 - INFO -   Best Q-Sharpe:  M41 (1.887, OOS_Sharpe=0.255, OOS_Hit=0.530)
2025-09-13 10:45:35,506 - INFO -   Mean OOS Sharpe: 0.870, Mean Hit: 0.528
2025-09-13 10:45:35,506 - INFO - 
2025-09-13 10:45:35,509 - INFO - Starting full timeline backtesting...
2025-09-13 10:45:35,509 - INFO - Running full timeline backtest with 13 folds (0-based indexing)
2025-09-13 10:45:35,509 - INFO - Fold 0 skipped (no prior Q-score history for meaningful selection)
2025-09-13 10:45:35,509 - INFO - Effective backtest period: Folds 1-12 (12 folds)
2025-09-13 10:45:35,509 - INFO - Training period: Folds 1-7
2025-09-13 10:45:35,509 - INFO - Production period: Folds 8-12
2025-09-13 10:45:35,509 - INFO - Using consistent OOS methodology for all folds
2025-09-13 10:45:35,509 - INFO - Fold 0: Skipped (no prior Q-score history for meaningful selection)
2025-09-13 10:45:35,509 - INFO - 
--- Processing fold 1/12 ---
2025-09-13 10:45:35,596 - INFO - Fold 1: Q-scores from fold 0: ['M00:1.553', 'M01:0.350', 'M02:1.882', 'M03:1.141', 'M04:1.002']...
2025-09-13 10:45:35,602 - INFO - Fold 1: Selected models [38, 41, 88, 57, 61] based on fold 0 Q-scores, avg Q-score: 2.608
2025-09-13 10:45:35,603 - INFO - Fold 1 (Training): Sharpe=1.240, Hit=56.5%
2025-09-13 10:45:35,603 - INFO - 
--- Processing fold 2/12 ---
2025-09-13 10:45:35,673 - INFO - Fold 2: Q-scores from fold 1: ['M00:1.444', 'M01:0.430', 'M02:1.784', 'M03:1.020', 'M04:1.003']...
2025-09-13 10:45:35,673 - INFO - Fold 2: Selected models [38, 41, 57, 88, 36] based on fold 1 Q-scores, avg Q-score: 2.445
2025-09-13 10:45:35,675 - INFO - Fold 2 (Training): Sharpe=1.505, Hit=50.3%
2025-09-13 10:45:35,675 - INFO - 
--- Processing fold 3/12 ---
2025-09-13 10:45:35,764 - INFO - Fold 3: Q-scores from fold 2: ['M00:1.328', 'M01:0.493', 'M02:1.655', 'M03:1.037', 'M04:0.850']...
2025-09-13 10:45:35,764 - INFO - Fold 3: Selected models [41, 57, 38, 88, 36] based on fold 2 Q-scores, avg Q-score: 2.310
2025-09-13 10:45:35,767 - INFO - Fold 3 (Training): Sharpe=0.164, Hit=50.3%
2025-09-13 10:45:35,767 - INFO - 
--- Processing fold 4/12 ---
2025-09-13 10:45:35,792 - INFO - Fold 4: Q-scores from fold 3: ['M00:1.188', 'M01:0.417', 'M02:1.435', 'M03:1.003', 'M04:0.888']...
2025-09-13 10:45:35,792 - INFO - Fold 4: Selected models [41, 88, 38, 91, 36] based on fold 3 Q-scores, avg Q-score: 2.144
2025-09-13 10:45:35,793 - INFO - Fold 4 (Training): Sharpe=2.624, Hit=54.8%
2025-09-13 10:45:35,793 - INFO - 
--- Processing fold 5/12 ---
2025-09-13 10:45:35,866 - INFO - Fold 5: Q-scores from fold 4: ['M00:1.213', 'M01:0.635', 'M02:1.372', 'M03:1.050', 'M04:0.947']...
2025-09-13 10:45:35,866 - INFO - Fold 5: Selected models [41, 38, 88, 36, 91] based on fold 4 Q-scores, avg Q-score: 2.130
2025-09-13 10:45:35,867 - INFO - Fold 5 (Training): Sharpe=0.925, Hit=48.6%
2025-09-13 10:45:35,867 - INFO - 
--- Processing fold 6/12 ---
2025-09-13 10:45:35,962 - INFO - Fold 6: Q-scores from fold 5: ['M00:1.141', 'M01:0.606', 'M02:1.263', 'M03:0.937', 'M04:1.015']...
2025-09-13 10:45:35,962 - INFO - Fold 6: Selected models [38, 91, 36, 41, 88] based on fold 5 Q-scores, avg Q-score: 1.985
2025-09-13 10:45:35,963 - INFO - Fold 6 (Training): Sharpe=1.247, Hit=49.2%
2025-09-13 10:45:35,963 - INFO - 
--- Processing fold 7/12 ---
2025-09-13 10:45:36,053 - INFO - Fold 7: Q-scores from fold 6: ['M00:1.002', 'M01:0.663', 'M02:1.216', 'M03:0.997', 'M04:0.940']...
2025-09-13 10:45:36,054 - INFO - Fold 7: Selected models [38, 88, 41, 94, 36] based on fold 6 Q-scores, avg Q-score: 1.884
2025-09-13 10:45:36,055 - INFO - Fold 7 (Training): Sharpe=1.230, Hit=51.4%
2025-09-13 10:45:36,055 - INFO - 
--- Processing fold 8/12 ---
2025-09-13 10:45:36,151 - INFO - Fold 8: Q-scores from fold 7: ['M00:1.164', 'M01:0.793', 'M02:1.256', 'M03:0.934', 'M04:1.028']...
2025-09-13 10:45:36,151 - INFO - Fold 8: Selected models [36, 61, 76, 94, 41] based on fold 7 Q-scores, avg Q-score: 1.865
2025-09-13 10:45:36,152 - INFO - Fold 8 (Production): Sharpe=2.487, Hit=54.2%
2025-09-13 10:45:36,152 - INFO - 
--- Processing fold 9/12 ---
2025-09-13 10:45:36,237 - INFO - Fold 9: Q-scores from fold 8: ['M00:1.210', 'M01:0.984', 'M02:1.405', 'M03:0.874', 'M04:1.185']...
2025-09-13 10:45:36,238 - INFO - Fold 9: Selected models [36, 94, 61, 41, 45] based on fold 8 Q-scores, avg Q-score: 1.916
2025-09-13 10:45:36,239 - INFO - Fold 9 (Production): Sharpe=1.490, Hit=58.8%
2025-09-13 10:45:36,239 - INFO - 
--- Processing fold 10/12 ---
2025-09-13 10:45:36,264 - INFO - Fold 10: Q-scores from fold 9: ['M00:1.144', 'M01:0.907', 'M02:1.379', 'M03:0.806', 'M04:1.077']...
2025-09-13 10:45:36,264 - INFO - Fold 10: Selected models [41, 36, 94, 45, 91] based on fold 9 Q-scores, avg Q-score: 1.902
2025-09-13 10:45:36,265 - INFO - Fold 10 (Production): Sharpe=2.248, Hit=53.7%
2025-09-13 10:45:36,265 - INFO - 
--- Processing fold 11/12 ---
2025-09-13 10:45:36,342 - INFO - Fold 11: Q-scores from fold 10: ['M00:1.151', 'M01:1.165', 'M02:1.413', 'M03:0.971', 'M04:1.021']...
2025-09-13 10:45:36,342 - INFO - Fold 11: Selected models [41, 36, 91, 94, 45] based on fold 10 Q-scores, avg Q-score: 1.912
2025-09-13 10:45:36,344 - INFO - Fold 11 (Production): Sharpe=1.911, Hit=53.1%
2025-09-13 10:45:36,344 - INFO - 
--- Processing fold 12/12 ---
2025-09-13 10:45:36,446 - INFO - Fold 12: Q-scores from fold 11: ['M00:1.119', 'M01:1.211', 'M02:1.507', 'M03:1.033', 'M04:0.894']...
2025-09-13 10:45:36,446 - INFO - Fold 12: Selected models [41, 91, 32, 78, 36] based on fold 11 Q-scores, avg Q-score: 1.899
2025-09-13 10:45:36,448 - INFO - Fold 12 (Production): Sharpe=0.754, Hit=50.8%
2025-09-13 10:45:36,449 - INFO - Training Period Overall: Sharpe=1.255, Hit=51.6%
2025-09-13 10:45:36,450 - INFO - Production Period Overall: Sharpe=1.828, Hit=54.1%
2025-09-13 10:45:36,451 - INFO - Full Timeline Overall: Sharpe=1.462, Hit=52.6%
2025-09-13 10:45:36,451 - INFO - Training: Sharpe=1.255 | Hit=51.6% | Return=22.05%
2025-09-13 10:45:36,451 - INFO - Production: Sharpe=1.828 | Hit=54.1% | Return=26.44%
2025-09-13 10:45:36,451 - INFO - Full Timeline: Sharpe=1.462 | Hit=52.6% | Return=23.89%
2025-09-13 10:45:36,452 - INFO - Generating visualizations...
2025-09-13 10:45:36,452 - INFO - Creating clean visualizations for 100 models...
2025-09-13 10:45:45,958 - INFO - Clean fold-by-fold analysis saved to: 20250913_082156_fold_@S#C_100models_15folds_S1.1_tanh_sharpe.png
2025-09-13 10:45:53,050 - INFO - Detailed production analysis saved to: 20250913_082156_backtest_@S#C_100models_15folds_S1.1_tanh_sharpe.png
2025-09-13 10:45:53,050 - INFO - ================================================================================
2025-09-13 10:45:53,050 - INFO - BACKTEST SUMMARY
2025-09-13 10:45:53,050 - INFO - ================================================================================
2025-09-13 10:45:53,050 - INFO - Config: Cutoff=70%, Top N=5, Q-Metric=sharpe, Reselection=1 fold(s)
2025-09-13 10:45:53,050 - INFO - Model Selection History:
2025-09-13 10:45:53,050 - INFO -   Fold 1: M38, M41, M88, M57, M61 (Avg Q-sharpe: 2.608)
2025-09-13 10:45:53,050 - INFO -   Fold 2: M38, M41, M57, M88, M36 (Avg Q-sharpe: 2.445)
2025-09-13 10:45:53,050 - INFO -   Fold 3: M41, M57, M38, M88, M36 (Avg Q-sharpe: 2.310)
2025-09-13 10:45:53,050 - INFO -   Fold 4: M41, M88, M38, M91, M36 (Avg Q-sharpe: 2.144)
2025-09-13 10:45:53,050 - INFO -   Fold 5: M41, M38, M88, M36, M91 (Avg Q-sharpe: 2.130)
2025-09-13 10:45:53,050 - INFO -   Fold 6: M38, M91, M36, M41, M88 (Avg Q-sharpe: 1.985)
2025-09-13 10:45:53,050 - INFO -   Fold 7: M38, M88, M41, M94, M36 (Avg Q-sharpe: 1.884)
2025-09-13 10:45:53,050 - INFO -   Fold 8: M36, M61, M76, M94, M41 (Avg Q-sharpe: 1.865)
2025-09-13 10:45:53,050 - INFO -   Fold 9: M36, M94, M61, M41, M45 (Avg Q-sharpe: 1.916)
2025-09-13 10:45:53,050 - INFO -   Fold 10: M41, M36, M94, M45, M91 (Avg Q-sharpe: 1.902)
2025-09-13 10:45:53,050 - INFO -   Fold 11: M41, M36, M91, M94, M45 (Avg Q-sharpe: 1.912)
2025-09-13 10:45:53,050 - INFO -   Fold 12: M41, M91, M32, M78, M36 (Avg Q-sharpe: 1.899)
2025-09-13 10:45:53,050 - INFO - 
2025-09-13 10:45:53,050 - INFO - Fold-by-Fold Performance:
2025-09-13 10:45:53,050 - INFO -   Fold 1: M38, M41, M88, M57, M61 | Sharpe=1.240 | Hit=56.5% | Samples=177
2025-09-13 10:45:53,051 - INFO -   Fold 2: M38, M41, M57, M88, M36 | Sharpe=1.505 | Hit=50.3% | Samples=177
2025-09-13 10:45:53,051 - INFO -   Fold 3: M41, M57, M38, M88, M36 | Sharpe=0.164 | Hit=50.3% | Samples=177
2025-09-13 10:45:53,051 - INFO -   Fold 4: M41, M88, M38, M91, M36 | Sharpe=2.624 | Hit=54.8% | Samples=177
2025-09-13 10:45:53,051 - INFO -   Fold 5: M41, M38, M88, M36, M91 | Sharpe=0.925 | Hit=48.6% | Samples=177
2025-09-13 10:45:53,051 - INFO -   Fold 6: M38, M91, M36, M41, M88 | Sharpe=1.247 | Hit=49.2% | Samples=177
2025-09-13 10:45:53,051 - INFO -   Fold 7: M38, M88, M41, M94, M36 | Sharpe=1.230 | Hit=51.4% | Samples=177
2025-09-13 10:45:53,051 - INFO -   Fold 8: M36, M61, M76, M94, M41 | Sharpe=2.487 | Hit=54.2% | Samples=177
2025-09-13 10:45:53,051 - INFO -   Fold 9: M36, M94, M61, M41, M45 | Sharpe=1.490 | Hit=58.8% | Samples=177
2025-09-13 10:45:53,051 - INFO -   Fold 10: M41, M36, M94, M45, M91 | Sharpe=2.248 | Hit=53.7% | Samples=177
2025-09-13 10:45:53,051 - INFO -   Fold 11: M41, M36, M91, M94, M45 | Sharpe=1.911 | Hit=53.1% | Samples=177
2025-09-13 10:45:53,051 - INFO -   Fold 12: M41, M91, M32, M78, M36 | Sharpe=0.754 | Hit=50.8% | Samples=183
2025-09-13 10:45:53,051 - INFO - ================================================================================
2025-09-13 10:45:53,051 - INFO - ================================================================================
2025-09-13 10:45:53,051 - INFO - ANALYSIS COMPLETED SUCCESSFULLY!
2025-09-13 10:45:53,051 - INFO - ================================================================================
2025-09-13 10:45:53,051 - INFO - Generated 2 visualization files
2025-09-13 10:45:53,051 - INFO -   - 20250913_082156_fold_@S#C_100models_15folds_S1.1_tanh_sharpe.png
2025-09-13 10:45:53,051 - INFO -   - 20250913_082156_backtest_@S#C_100models_15folds_S1.1_tanh_sharpe.png
2025-09-13 10:45:53,051 - INFO - Training Final: Sharpe=1.255 | Hit=51.6% | Return=22.05% | CB=1.603
2025-09-13 10:45:53,051 - INFO - Production Final: Sharpe=1.828 | Hit=54.1% | Return=26.44% | CB=3.153
2025-09-13 10:45:53,051 - INFO - Full Timeline Final: Sharpe=1.462 | Hit=52.6% | Return=23.89% | CB=1.737
