2025-09-13 16:14:25,661 - INFO - ================================================================================
2025-09-13 16:14:25,661 - INFO - XGBoost Comparison Framework
2025-09-13 16:14:25,661 - INFO - ================================================================================
2025-09-13 16:14:25,661 - INFO - Configuration:
2025-09-13 16:14:25,661 - INFO -   Target Symbol: @S#C
2025-09-13 16:14:25,661 - INFO -   Date Range: 2015-01-01 to 2025-08-01
2025-09-13 16:14:25,661 - INFO -   Models: 100, Type: standard
2025-09-13 16:14:25,662 - INFO -   Folds: 20
2025-09-13 16:14:25,662 - INFO -   Max Features: 100 (Limited)
2025-09-13 16:14:25,662 - INFO -   Feature Selection: Enabled
2025-09-13 16:14:25,662 - INFO -   Inner Val Fraction: 0.2
2025-09-13 16:14:25,662 - INFO -   EWMA Alpha: 0.1, Quality Halflife: 63 days
2025-09-13 16:14:25,662 - INFO -   Signal Type: Tanh Normalized
2025-09-13 16:14:25,662 - INFO -   Cross-validation: Expanding window
2025-09-13 16:14:25,662 - INFO -   Production: Cutoff=0.6, Top N=5, Q-Metric=sharpe
2025-09-13 16:14:25,662 - INFO -   Reselection: Every 1 fold(s)
2025-09-13 16:14:25,662 - INFO - 
2025-09-13 16:14:29,814 - INFO - Dropped 74 rows due to NaN in target column @S#C_target_return
2025-09-13 16:14:29,997 - INFO - Loaded: X=(2661, 1906), y=(2661,)
2025-09-13 16:14:54,604 - INFO - Selected 100 features (threshold: 0.7)
2025-09-13 16:14:54,617 - INFO - Selected: 100 features
2025-09-13 16:14:54,900 - INFO - GPU detection: CUDA GPU available and working
2025-09-13 16:14:54,901 - INFO - Processing mode: GPU sequential (GPU: True, Total models: 2000)
2025-09-13 16:14:54,916 - INFO - GPU detection: CUDA GPU available and working
2025-09-13 16:14:54,918 - INFO - Using expanding window
2025-09-13 16:14:54,919 - INFO - Starting analysis: 100 standard models x 18 folds
2025-09-13 16:14:54,919 - INFO - Processing Fold 1/18
2025-09-13 16:14:54,922 - INFO -   Using GPU sequential processing
2025-09-13 16:17:01,132 - INFO - Fold 1 Summary:
2025-09-13 16:17:01,132 - INFO -   Best OOS Sharpe: M84 (3.098, p=0.000)
2025-09-13 16:17:01,132 - INFO -   Best Q-Sharpe:  M84 (3.098, OOS_Sharpe=3.098, OOS_Hit=0.549)
2025-09-13 16:17:01,132 - INFO -   Mean OOS Sharpe: 1.164, Mean Hit: 0.484
2025-09-13 16:17:01,132 - INFO - 
2025-09-13 16:17:01,135 - INFO - Processing Fold 2/18
2025-09-13 16:17:01,138 - INFO -   Using GPU sequential processing
2025-09-13 16:20:32,180 - INFO - Fold 2 Summary:
2025-09-13 16:20:32,180 - INFO -   Best OOS Sharpe: M70 (1.509, p=0.280)
2025-09-13 16:20:32,180 - INFO -   Best Q-Sharpe:  M84 (2.865, OOS_Sharpe=0.766, OOS_Hit=0.496)
2025-09-13 16:20:32,180 - INFO -   Mean OOS Sharpe: -0.354, Mean Hit: 0.500
2025-09-13 16:20:32,180 - INFO - 
2025-09-13 16:20:32,182 - INFO - Processing Fold 3/18
2025-09-13 16:20:32,185 - INFO -   Using GPU sequential processing
2025-09-13 16:24:14,050 - INFO - Fold 3 Summary:
2025-09-13 16:24:14,050 - INFO -   Best OOS Sharpe: M80 (3.653, p=0.020)
2025-09-13 16:24:14,050 - INFO -   Best Q-Sharpe:  M84 (2.754, OOS_Sharpe=1.756, OOS_Hit=0.571)
2025-09-13 16:24:14,050 - INFO -   Mean OOS Sharpe: 1.651, Mean Hit: 0.557
2025-09-13 16:24:14,050 - INFO - 
2025-09-13 16:24:14,076 - INFO - Processing Fold 4/18
2025-09-13 16:24:14,079 - INFO -   Using GPU sequential processing
2025-09-13 16:28:04,570 - INFO - Fold 4 Summary:
2025-09-13 16:28:04,570 - INFO -   Best OOS Sharpe: M48 (2.193, p=0.060)
2025-09-13 16:28:04,570 - INFO -   Best Q-Sharpe:  M84 (2.485, OOS_Sharpe=0.064, OOS_Hit=0.451)
2025-09-13 16:28:04,570 - INFO -   Mean OOS Sharpe: -0.115, Mean Hit: 0.480
2025-09-13 16:28:04,570 - INFO - 
2025-09-13 16:28:04,573 - INFO - Processing Fold 5/18
2025-09-13 16:28:04,580 - INFO -   Using GPU sequential processing
2025-09-13 16:32:00,342 - INFO - Fold 5 Summary:
2025-09-13 16:32:00,342 - INFO -   Best OOS Sharpe: M00 (2.643, p=0.060)
2025-09-13 16:32:00,342 - INFO -   Best Q-Sharpe:  M82 (2.079, OOS_Sharpe=2.022, OOS_Hit=0.556)
2025-09-13 16:32:00,342 - INFO -   Mean OOS Sharpe: 0.573, Mean Hit: 0.534
2025-09-13 16:32:00,343 - INFO - 
2025-09-13 16:32:00,345 - INFO - Processing Fold 6/18
2025-09-13 16:32:00,351 - INFO -   Using GPU sequential processing
2025-09-13 16:36:01,691 - INFO - Fold 6 Summary:
2025-09-13 16:36:01,691 - INFO -   Best OOS Sharpe: M24 (1.283, p=0.420)
2025-09-13 16:36:01,691 - INFO -   Best Q-Sharpe:  M62 (1.824, OOS_Sharpe=-0.417, OOS_Hit=0.504)
2025-09-13 16:36:01,691 - INFO -   Mean OOS Sharpe: -1.014, Mean Hit: 0.465
2025-09-13 16:36:01,691 - INFO - 
2025-09-13 16:36:01,693 - INFO - Processing Fold 7/18
2025-09-13 16:36:01,697 - INFO -   Using GPU sequential processing
2025-09-13 16:40:09,202 - INFO - Fold 7 Summary:
2025-09-13 16:40:09,202 - INFO -   Best OOS Sharpe: M98 (5.090, p=0.000)
2025-09-13 16:40:09,203 - INFO -   Best Q-Sharpe:  M84 (1.822, OOS_Sharpe=2.217, OOS_Hit=0.511)
2025-09-13 16:40:09,203 - INFO -   Mean OOS Sharpe: 1.597, Mean Hit: 0.518
2025-09-13 16:40:09,203 - INFO - 
2025-09-13 16:40:09,205 - INFO - Processing Fold 8/18
2025-09-13 16:40:09,209 - INFO -   Using GPU sequential processing
2025-09-13 16:44:23,806 - INFO - Fold 8 Summary:
2025-09-13 16:44:23,806 - INFO -   Best OOS Sharpe: M16 (5.026, p=0.000)
2025-09-13 16:44:23,807 - INFO -   Best Q-Sharpe:  M91 (1.951, OOS_Sharpe=3.560, OOS_Hit=0.534)
2025-09-13 16:44:23,807 - INFO -   Mean OOS Sharpe: 2.244, Mean Hit: 0.564
2025-09-13 16:44:23,807 - INFO - 
2025-09-13 16:44:23,809 - INFO - Processing Fold 9/18
2025-09-13 16:44:23,813 - INFO -   Using GPU sequential processing
2025-09-13 16:48:36,310 - INFO - Fold 9 Summary:
2025-09-13 16:48:36,312 - INFO -   Best OOS Sharpe: M91 (2.823, p=0.030)
2025-09-13 16:48:36,312 - INFO -   Best Q-Sharpe:  M91 (2.038, OOS_Sharpe=2.823, OOS_Hit=0.504)
2025-09-13 16:48:36,312 - INFO -   Mean OOS Sharpe: 0.639, Mean Hit: 0.502
2025-09-13 16:48:36,312 - INFO - 
2025-09-13 16:48:36,316 - INFO - Processing Fold 10/18
2025-09-13 16:48:36,320 - INFO -   Using GPU sequential processing
2025-09-13 16:52:18,688 - INFO - Fold 10 Summary:
2025-09-13 16:52:18,688 - INFO -   Best OOS Sharpe: M76 (2.990, p=0.060)
2025-09-13 16:52:18,688 - INFO -   Best Q-Sharpe:  M91 (1.922, OOS_Sharpe=0.872, OOS_Hit=0.519)
2025-09-13 16:52:18,688 - INFO -   Mean OOS Sharpe: 0.668, Mean Hit: 0.510
2025-09-13 16:52:18,688 - INFO - 
2025-09-13 16:52:18,691 - INFO - Processing Fold 11/18
2025-09-13 16:52:18,695 - INFO -   Using GPU sequential processing
2025-09-13 16:56:02,518 - INFO - Fold 11 Summary:
2025-09-13 16:56:02,518 - INFO -   Best OOS Sharpe: M16 (3.844, p=0.010)
2025-09-13 16:56:02,518 - INFO -   Best Q-Sharpe:  M62 (1.808, OOS_Sharpe=1.778, OOS_Hit=0.511)
2025-09-13 16:56:02,518 - INFO -   Mean OOS Sharpe: 1.717, Mean Hit: 0.518
2025-09-13 16:56:02,518 - INFO - 
2025-09-13 16:56:02,521 - INFO - Processing Fold 12/18
2025-09-13 16:56:02,529 - INFO -   Using GPU sequential processing
2025-09-13 16:59:49,484 - INFO - Fold 12 Summary:
2025-09-13 16:59:49,484 - INFO -   Best OOS Sharpe: M99 (3.818, p=0.000)
2025-09-13 16:59:49,484 - INFO -   Best Q-Sharpe:  M62 (1.847, OOS_Sharpe=2.196, OOS_Hit=0.564)
2025-09-13 16:59:49,484 - INFO -   Mean OOS Sharpe: 1.724, Mean Hit: 0.531
2025-09-13 16:59:49,484 - INFO - 
2025-09-13 16:59:49,487 - INFO - Processing Fold 13/18
2025-09-13 16:59:49,491 - INFO -   Using GPU sequential processing
2025-09-13 17:03:37,861 - INFO - Fold 13 Summary:
2025-09-13 17:03:37,861 - INFO -   Best OOS Sharpe: M40 (2.403, p=0.090)
2025-09-13 17:03:37,861 - INFO -   Best Q-Sharpe:  M62 (1.724, OOS_Sharpe=0.616, OOS_Hit=0.496)
2025-09-13 17:03:37,861 - INFO -   Mean OOS Sharpe: 0.540, Mean Hit: 0.512
2025-09-13 17:03:37,861 - INFO - 
2025-09-13 17:03:37,865 - INFO - Processing Fold 14/18
2025-09-13 17:03:37,869 - INFO -   Using GPU sequential processing
2025-09-13 17:07:29,721 - INFO - Fold 14 Summary:
2025-09-13 17:07:29,721 - INFO -   Best OOS Sharpe: M67 (3.703, p=0.010)
2025-09-13 17:07:29,721 - INFO -   Best Q-Sharpe:  M62 (1.712, OOS_Sharpe=1.608, OOS_Hit=0.556)
2025-09-13 17:07:29,721 - INFO -   Mean OOS Sharpe: 1.175, Mean Hit: 0.568
2025-09-13 17:07:29,721 - INFO - 
2025-09-13 17:07:29,724 - INFO - Processing Fold 15/18
2025-09-13 17:07:29,728 - INFO -   Using GPU sequential processing
2025-09-13 17:11:23,476 - INFO - Fold 15 Summary:
2025-09-13 17:11:23,490 - INFO -   Best OOS Sharpe: M66 (3.558, p=0.000)
2025-09-13 17:11:23,490 - INFO -   Best Q-Sharpe:  M70 (1.860, OOS_Sharpe=3.197, OOS_Hit=0.526)
2025-09-13 17:11:23,490 - INFO -   Mean OOS Sharpe: 1.748, Mean Hit: 0.524
2025-09-13 17:11:23,490 - INFO - 
2025-09-13 17:11:23,494 - INFO - Processing Fold 16/18
2025-09-13 17:11:23,498 - INFO -   Using GPU sequential processing
2025-09-13 17:15:17,766 - INFO - Fold 16 Summary:
2025-09-13 17:15:17,767 - INFO -   Best OOS Sharpe: M48 (4.686, p=0.000)
2025-09-13 17:15:17,767 - INFO -   Best Q-Sharpe:  M70 (1.912, OOS_Sharpe=2.388, OOS_Hit=0.549)
2025-09-13 17:15:17,767 - INFO -   Mean OOS Sharpe: 1.701, Mean Hit: 0.533
2025-09-13 17:15:17,767 - INFO - 
2025-09-13 17:15:17,771 - INFO - Processing Fold 17/18
2025-09-13 17:15:17,890 - INFO -   Using GPU sequential processing
2025-09-13 17:19:10,716 - INFO - Fold 17 Summary:
2025-09-13 17:19:10,716 - INFO -   Best OOS Sharpe: M79 (3.022, p=0.010)
2025-09-13 17:19:10,716 - INFO -   Best Q-Sharpe:  M70 (1.942, OOS_Sharpe=2.205, OOS_Hit=0.571)
2025-09-13 17:19:10,717 - INFO -   Mean OOS Sharpe: 1.263, Mean Hit: 0.548
2025-09-13 17:19:10,717 - INFO - 
2025-09-13 17:19:10,720 - INFO - Processing Fold 18/18
2025-09-13 17:19:10,725 - INFO -   Using GPU sequential processing
2025-09-13 17:23:06,200 - INFO - Fold 18 Summary:
2025-09-13 17:23:06,200 - INFO -   Best OOS Sharpe: M39 (3.942, p=0.000)
2025-09-13 17:23:06,200 - INFO -   Best Q-Sharpe:  M70 (1.941, OOS_Sharpe=1.938, OOS_Hit=0.515)
2025-09-13 17:23:06,200 - INFO -   Mean OOS Sharpe: 1.368, Mean Hit: 0.530
2025-09-13 17:23:06,200 - INFO - 
2025-09-13 17:23:06,204 - INFO - Starting full timeline backtesting...
2025-09-13 17:23:06,204 - INFO - Running full timeline backtest with 18 folds (0-based indexing)
2025-09-13 17:23:06,204 - INFO - Fold 0 skipped (no prior Q-score history for meaningful selection)
2025-09-13 17:23:06,204 - INFO - Effective backtest period: Folds 1-17 (17 folds)
2025-09-13 17:23:06,204 - INFO - Training period: Folds 1-10
2025-09-13 17:23:06,204 - INFO - Production period: Folds 11-17
2025-09-13 17:23:06,204 - INFO - Using consistent OOS methodology for all folds
2025-09-13 17:23:06,204 - INFO - Fold 0: Skipped (no prior Q-score history for meaningful selection)
2025-09-13 17:23:06,204 - INFO - 
--- Processing fold 1/17 ---
2025-09-13 17:23:06,232 - INFO - Fold 1: Q-scores from fold 0: ['M00:1.630', 'M01:0.865', 'M02:0.362', 'M03:0.539', 'M04:1.007']...
2025-09-13 17:23:06,232 - INFO - Fold 1: Selected models [84, 62, 67, 66, 82] based on fold 0 Q-scores, avg Q-score: 2.838
2025-09-13 17:23:06,233 - INFO - Fold 1 (Training): Sharpe=-0.065, Hit=54.1%
2025-09-13 17:23:06,234 - INFO - 
--- Processing fold 2/17 ---
2025-09-13 17:23:06,261 - INFO - Fold 2: Q-scores from fold 1: ['M00:1.226', 'M01:0.575', 'M02:0.445', 'M03:0.393', 'M04:0.732']...
2025-09-13 17:23:06,261 - INFO - Fold 2: Selected models [84, 62, 82, 67, 95] based on fold 1 Q-scores, avg Q-score: 2.556
2025-09-13 17:23:06,263 - INFO - Fold 2 (Training): Sharpe=1.424, Hit=59.4%
2025-09-13 17:23:06,263 - INFO - 
--- Processing fold 3/17 ---
2025-09-13 17:23:06,284 - INFO - Fold 3: Q-scores from fold 2: ['M00:1.148', 'M01:0.593', 'M02:0.665', 'M03:0.522', 'M04:0.946']...
2025-09-13 17:23:06,285 - INFO - Fold 3: Selected models [84, 62, 66, 82, 23] based on fold 2 Q-scores, avg Q-score: 2.463
2025-09-13 17:23:06,286 - INFO - Fold 3 (Training): Sharpe=-0.484, Hit=46.6%
2025-09-13 17:23:06,286 - INFO - 
--- Processing fold 4/17 ---
2025-09-13 17:23:06,311 - INFO - Fold 4: Q-scores from fold 3: ['M00:0.821', 'M01:0.527', 'M02:0.532', 'M03:0.490', 'M04:0.814']...
2025-09-13 17:23:06,311 - INFO - Fold 4: Selected models [84, 62, 66, 82, 91] based on fold 3 Q-scores, avg Q-score: 2.194
2025-09-13 17:23:06,313 - INFO - Fold 4 (Training): Sharpe=0.753, Hit=57.1%
2025-09-13 17:23:06,313 - INFO - 
--- Processing fold 5/17 ---
2025-09-13 17:23:06,338 - INFO - Fold 5: Q-scores from fold 4: ['M00:1.003', 'M01:0.506', 'M02:0.342', 'M03:0.360', 'M04:0.697']...
2025-09-13 17:23:06,338 - INFO - Fold 5: Selected models [82, 62, 66, 84, 91] based on fold 4 Q-scores, avg Q-score: 2.040
2025-09-13 17:23:06,339 - INFO - Fold 5 (Training): Sharpe=-0.723, Hit=45.1%
2025-09-13 17:23:06,339 - INFO - 
--- Processing fold 6/17 ---
2025-09-13 17:23:06,363 - INFO - Fold 6: Q-scores from fold 5: ['M00:0.844', 'M01:0.311', 'M02:0.233', 'M03:0.312', 'M04:0.704']...
2025-09-13 17:23:06,364 - INFO - Fold 6: Selected models [62, 66, 84, 91, 82] based on fold 5 Q-scores, avg Q-score: 1.776
2025-09-13 17:23:06,365 - INFO - Fold 6 (Training): Sharpe=2.081, Hit=54.1%
2025-09-13 17:23:06,365 - INFO - 
--- Processing fold 7/17 ---
2025-09-13 17:23:06,389 - INFO - Fold 7: Q-scores from fold 6: ['M00:1.060', 'M01:0.348', 'M02:0.587', 'M03:0.571', 'M04:0.856']...
2025-09-13 17:23:06,389 - INFO - Fold 7: Selected models [84, 62, 91, 66, 18] based on fold 6 Q-scores, avg Q-score: 1.733
2025-09-13 17:23:06,391 - INFO - Fold 7 (Training): Sharpe=3.111, Hit=57.1%
2025-09-13 17:23:06,391 - INFO - 
--- Processing fold 8/17 ---
2025-09-13 17:23:06,414 - INFO - Fold 8: Q-scores from fold 7: ['M00:1.082', 'M01:0.434', 'M02:0.744', 'M03:0.782', 'M04:0.902']...
2025-09-13 17:23:06,414 - INFO - Fold 8: Selected models [91, 62, 82, 84, 66] based on fold 7 Q-scores, avg Q-score: 1.799
2025-09-13 17:23:06,416 - INFO - Fold 8 (Training): Sharpe=1.727, Hit=50.4%
2025-09-13 17:23:06,416 - INFO - 
--- Processing fold 9/17 ---
2025-09-13 17:23:06,440 - INFO - Fold 9: Q-scores from fold 8: ['M00:0.901', 'M01:0.234', 'M02:0.623', 'M03:0.833', 'M04:0.811']...
2025-09-13 17:23:06,440 - INFO - Fold 9: Selected models [91, 62, 84, 82, 70] based on fold 8 Q-scores, avg Q-score: 1.767
2025-09-13 17:23:06,441 - INFO - Fold 9 (Training): Sharpe=1.534, Hit=54.9%
2025-09-13 17:23:06,442 - INFO - 
--- Processing fold 10/17 ---
2025-09-13 17:23:06,466 - INFO - Fold 10: Q-scores from fold 9: ['M00:0.796', 'M01:0.339', 'M02:0.488', 'M03:0.839', 'M04:0.684']...
2025-09-13 17:23:06,467 - INFO - Fold 10: Selected models [91, 62, 82, 84, 75] based on fold 9 Q-scores, avg Q-score: 1.726
2025-09-13 17:23:06,468 - INFO - Fold 10 (Training): Sharpe=1.854, Hit=51.9%
2025-09-13 17:23:06,468 - INFO - 
--- Processing fold 11/17 ---
2025-09-13 17:23:06,492 - INFO - Fold 11: Q-scores from fold 10: ['M00:0.845', 'M01:0.404', 'M02:0.540', 'M03:0.983', 'M04:0.838']...
2025-09-13 17:23:06,492 - INFO - Fold 11: Selected models [62, 91, 84, 16, 82] based on fold 10 Q-scores, avg Q-score: 1.721
2025-09-13 17:23:06,493 - INFO - Fold 11 (Production): Sharpe=1.866, Hit=56.4%
2025-09-13 17:23:06,493 - INFO - 
--- Processing fold 12/17 ---
2025-09-13 17:23:06,518 - INFO - Fold 12: Q-scores from fold 11: ['M00:0.791', 'M01:0.656', 'M02:0.784', 'M03:0.915', 'M04:0.795']...
2025-09-13 17:23:06,518 - INFO - Fold 12: Selected models [62, 16, 76, 91, 82] based on fold 11 Q-scores, avg Q-score: 1.702
2025-09-13 17:23:06,519 - INFO - Fold 12 (Production): Sharpe=0.128, Hit=50.4%
2025-09-13 17:23:06,519 - INFO - 
--- Processing fold 13/17 ---
2025-09-13 17:23:06,539 - INFO - Fold 13: Q-scores from fold 12: ['M00:0.672', 'M01:0.773', 'M02:0.636', 'M03:0.810', 'M04:0.496']...
2025-09-13 17:23:06,539 - INFO - Fold 13: Selected models [62, 35, 70, 91, 84] based on fold 12 Q-scores, avg Q-score: 1.634
2025-09-13 17:23:06,541 - INFO - Fold 13 (Production): Sharpe=1.778, Hit=58.6%
2025-09-13 17:23:06,541 - INFO - 
--- Processing fold 14/17 ---
2025-09-13 17:23:06,565 - INFO - Fold 14: Q-scores from fold 13: ['M00:0.642', 'M01:0.707', 'M02:0.627', 'M03:0.786', 'M04:0.484']...
2025-09-13 17:23:06,565 - INFO - Fold 14: Selected models [62, 70, 93, 35, 94] based on fold 13 Q-scores, avg Q-score: 1.639
2025-09-13 17:23:06,566 - INFO - Fold 14 (Production): Sharpe=2.628, Hit=51.1%
2025-09-13 17:23:06,566 - INFO - 
--- Processing fold 15/17 ---
2025-09-13 17:23:06,589 - INFO - Fold 15: Q-scores from fold 14: ['M00:0.649', 'M01:0.950', 'M02:0.761', 'M03:0.754', 'M04:0.678']...
2025-09-13 17:23:06,589 - INFO - Fold 15: Selected models [70, 62, 75, 93, 94] based on fold 14 Q-scores, avg Q-score: 1.738
2025-09-13 17:23:06,590 - INFO - Fold 15 (Production): Sharpe=2.004, Hit=51.9%
2025-09-13 17:23:06,590 - INFO - 
--- Processing fold 16/17 ---
2025-09-13 17:23:06,612 - INFO - Fold 16: Q-scores from fold 15: ['M00:0.370', 'M01:1.018', 'M02:0.787', 'M03:0.895', 'M04:0.728']...
2025-09-13 17:23:06,613 - INFO - Fold 16: Selected models [70, 62, 48, 93, 78] based on fold 15 Q-scores, avg Q-score: 1.777
2025-09-13 17:23:06,614 - INFO - Fold 16 (Production): Sharpe=1.781, Hit=58.6%
2025-09-13 17:23:06,614 - INFO - 
--- Processing fold 17/17 ---
2025-09-13 17:23:06,634 - INFO - Fold 17: Q-scores from fold 16: ['M00:0.364', 'M01:1.174', 'M02:0.675', 'M03:0.937', 'M04:0.756']...
2025-09-13 17:23:06,634 - INFO - Fold 17: Selected models [70, 62, 93, 78, 63] based on fold 16 Q-scores, avg Q-score: 1.778
2025-09-13 17:23:06,635 - INFO - Fold 17 (Production): Sharpe=1.968, Hit=54.5%
2025-09-13 17:23:06,636 - INFO - Training Period Overall: Sharpe=1.232, Hit=53.1%
2025-09-13 17:23:06,637 - INFO - Production Period Overall: Sharpe=1.673, Hit=54.5%
2025-09-13 17:23:06,639 - INFO - Full Timeline Overall: Sharpe=1.386, Hit=53.7%
2025-09-13 17:23:06,639 - INFO - Training: Sharpe=1.232 | Hit=53.1% | Return=21.31%
2025-09-13 17:23:06,639 - INFO - Production: Sharpe=1.673 | Hit=54.5% | Return=23.56%
2025-09-13 17:23:06,639 - INFO - Full Timeline: Sharpe=1.386 | Hit=53.7% | Return=22.24%
2025-09-13 17:23:06,639 - INFO - Generating visualizations...
2025-09-13 17:23:06,639 - INFO - Creating clean visualizations for 100 models...
2025-09-13 17:23:11,978 - INFO - Clean fold-by-fold analysis saved to: 20250913_161425_fold_@S#C_100models_20folds_S3.2_standard_20F.png
2025-09-13 17:23:16,290 - INFO - Detailed production analysis saved to: 20250913_161425_backtest_@S#C_100models_20folds_S3.2_standard_20F.png
2025-09-13 17:23:16,291 - INFO - ================================================================================
2025-09-13 17:23:16,291 - INFO - BACKTEST SUMMARY
2025-09-13 17:23:16,291 - INFO - ================================================================================
2025-09-13 17:23:16,291 - INFO - Config: Cutoff=70%, Top N=5, Q-Metric=sharpe, Reselection=1 fold(s)
2025-09-13 17:23:16,291 - INFO - Model Selection History:
2025-09-13 17:23:16,291 - INFO -   Fold 1: M84, M62, M67, M66, M82 (Avg Q-sharpe: 2.838)
2025-09-13 17:23:16,291 - INFO -   Fold 2: M84, M62, M82, M67, M95 (Avg Q-sharpe: 2.556)
2025-09-13 17:23:16,291 - INFO -   Fold 3: M84, M62, M66, M82, M23 (Avg Q-sharpe: 2.463)
2025-09-13 17:23:16,291 - INFO -   Fold 4: M84, M62, M66, M82, M91 (Avg Q-sharpe: 2.194)
2025-09-13 17:23:16,291 - INFO -   Fold 5: M82, M62, M66, M84, M91 (Avg Q-sharpe: 2.040)
2025-09-13 17:23:16,291 - INFO -   Fold 6: M62, M66, M84, M91, M82 (Avg Q-sharpe: 1.776)
2025-09-13 17:23:16,291 - INFO -   Fold 7: M84, M62, M91, M66, M18 (Avg Q-sharpe: 1.733)
2025-09-13 17:23:16,291 - INFO -   Fold 8: M91, M62, M82, M84, M66 (Avg Q-sharpe: 1.799)
2025-09-13 17:23:16,291 - INFO -   Fold 9: M91, M62, M84, M82, M70 (Avg Q-sharpe: 1.767)
2025-09-13 17:23:16,291 - INFO -   Fold 10: M91, M62, M82, M84, M75 (Avg Q-sharpe: 1.726)
2025-09-13 17:23:16,291 - INFO -   Fold 11: M62, M91, M84, M16, M82 (Avg Q-sharpe: 1.721)
2025-09-13 17:23:16,291 - INFO -   Fold 12: M62, M16, M76, M91, M82 (Avg Q-sharpe: 1.702)
2025-09-13 17:23:16,291 - INFO -   Fold 13: M62, M35, M70, M91, M84 (Avg Q-sharpe: 1.634)
2025-09-13 17:23:16,291 - INFO -   Fold 14: M62, M70, M93, M35, M94 (Avg Q-sharpe: 1.639)
2025-09-13 17:23:16,291 - INFO -   Fold 15: M70, M62, M75, M93, M94 (Avg Q-sharpe: 1.738)
2025-09-13 17:23:16,291 - INFO -   Fold 16: M70, M62, M48, M93, M78 (Avg Q-sharpe: 1.777)
2025-09-13 17:23:16,291 - INFO -   Fold 17: M70, M62, M93, M78, M63 (Avg Q-sharpe: 1.778)
2025-09-13 17:23:16,291 - INFO - 
2025-09-13 17:23:16,291 - INFO - Fold-by-Fold Performance:
2025-09-13 17:23:16,291 - INFO -   Fold 1: M84, M62, M67, M66, M82 | Sharpe=-0.065 | Hit=54.1% | Samples=133
2025-09-13 17:23:16,291 - INFO -   Fold 2: M84, M62, M82, M67, M95 | Sharpe=1.424 | Hit=59.4% | Samples=133
2025-09-13 17:23:16,291 - INFO -   Fold 3: M84, M62, M66, M82, M23 | Sharpe=-0.484 | Hit=46.6% | Samples=133
2025-09-13 17:23:16,291 - INFO -   Fold 4: M84, M62, M66, M82, M91 | Sharpe=0.753 | Hit=57.1% | Samples=133
2025-09-13 17:23:16,291 - INFO -   Fold 5: M82, M62, M66, M84, M91 | Sharpe=-0.723 | Hit=45.1% | Samples=133
2025-09-13 17:23:16,292 - INFO -   Fold 6: M62, M66, M84, M91, M82 | Sharpe=2.081 | Hit=54.1% | Samples=133
2025-09-13 17:23:16,292 - INFO -   Fold 7: M84, M62, M91, M66, M18 | Sharpe=3.111 | Hit=57.1% | Samples=133
2025-09-13 17:23:16,292 - INFO -   Fold 8: M91, M62, M82, M84, M66 | Sharpe=1.727 | Hit=50.4% | Samples=133
2025-09-13 17:23:16,292 - INFO -   Fold 9: M91, M62, M84, M82, M70 | Sharpe=1.534 | Hit=54.9% | Samples=133
2025-09-13 17:23:16,292 - INFO -   Fold 10: M91, M62, M82, M84, M75 | Sharpe=1.854 | Hit=51.9% | Samples=133
2025-09-13 17:23:16,292 - INFO -   Fold 11: M62, M91, M84, M16, M82 | Sharpe=1.866 | Hit=56.4% | Samples=133
2025-09-13 17:23:16,292 - INFO -   Fold 12: M62, M16, M76, M91, M82 | Sharpe=0.128 | Hit=50.4% | Samples=133
2025-09-13 17:23:16,292 - INFO -   Fold 13: M62, M35, M70, M91, M84 | Sharpe=1.778 | Hit=58.6% | Samples=133
2025-09-13 17:23:16,292 - INFO -   Fold 14: M62, M70, M93, M35, M94 | Sharpe=2.628 | Hit=51.1% | Samples=133
2025-09-13 17:23:16,292 - INFO -   Fold 15: M70, M62, M75, M93, M94 | Sharpe=2.004 | Hit=51.9% | Samples=133
2025-09-13 17:23:16,292 - INFO -   Fold 16: M70, M62, M48, M93, M78 | Sharpe=1.781 | Hit=58.6% | Samples=133
2025-09-13 17:23:16,292 - INFO -   Fold 17: M70, M62, M93, M78, M63 | Sharpe=1.968 | Hit=54.5% | Samples=134
2025-09-13 17:23:16,292 - INFO - ================================================================================
2025-09-13 17:23:16,292 - INFO - ================================================================================
2025-09-13 17:23:16,292 - INFO - ANALYSIS COMPLETED SUCCESSFULLY!
2025-09-13 17:23:16,292 - INFO - ================================================================================
2025-09-13 17:23:16,292 - INFO - Generated 2 visualization files
2025-09-13 17:23:16,292 - INFO -   - 20250913_161425_fold_@S#C_100models_20folds_S3.2_standard_20F.png
2025-09-13 17:23:16,292 - INFO -   - 20250913_161425_backtest_@S#C_100models_20folds_S3.2_standard_20F.png
2025-09-13 17:23:16,292 - INFO - Training Final: Sharpe=1.232 | Hit=53.1% | Return=21.31% | CB=1.417
2025-09-13 17:23:16,292 - INFO - Production Final: Sharpe=1.673 | Hit=54.5% | Return=23.56% | CB=2.099
2025-09-13 17:23:16,292 - INFO - Full Timeline Final: Sharpe=1.386 | Hit=53.7% | Return=22.24% | CB=1.479
