2025-09-17 20:18:37,167 - INFO - ================================================================================
2025-09-17 20:18:37,167 - INFO - XGBoost Comparison Framework
2025-09-17 20:18:37,167 - INFO - ================================================================================
2025-09-17 20:18:37,167 - INFO - Configuration:
2025-09-17 20:18:37,167 - INFO -   Target Symbol: @RTY#C
2025-09-17 20:18:37,167 - INFO -   Date Range: 2015-01-01 to 2025-08-01
2025-09-17 20:18:37,167 - INFO -   Models: 200, Type: standard
2025-09-17 20:18:37,167 - INFO -   Folds: 15
2025-09-17 20:18:37,167 - INFO -   Max Features: 100 (Limited)
2025-09-17 20:18:37,167 - INFO -   Feature Selection: Enabled
2025-09-17 20:18:37,167 - INFO -   Inner Val Fraction: 0.2
2025-09-17 20:18:37,167 - INFO -   EWMA Alpha: 0.1, Quality Halflife: 63 days
2025-09-17 20:18:37,167 - INFO -   Signal Type: Binary (+1/-1)
2025-09-17 20:18:37,167 - INFO -   Cross-validation: Expanding window
2025-09-17 20:18:37,167 - INFO -   Production: Cutoff=0.6, Top N=10, Q-Metric=sharpe
2025-09-17 20:18:37,167 - INFO -   Reselection: Every 1 fold(s)
2025-09-17 20:18:37,167 - INFO - 
2025-09-17 20:18:42,571 - INFO - Dropped 9 rows due to NaN in target column @RTY#C_target_return
2025-09-17 20:18:42,678 - INFO - Loaded: X=(2726, 1906), y=(2726,)
2025-09-17 20:20:02,960 - INFO - Selected 100 features (threshold: 0.7)
2025-09-17 20:20:03,012 - INFO - Selected: 100 features
2025-09-17 20:20:03,116 - INFO - GPU detection: XGBoost not compiled with CUDA support - using CPU
2025-09-17 20:20:03,116 - INFO - Processing mode: CPU multiprocessing (GPU: False, Total models: 3000)
2025-09-17 20:20:03,127 - INFO - GPU detection: XGBoost not compiled with CUDA support - using CPU
2025-09-17 20:20:03,130 - INFO - Using expanding window
2025-09-17 20:20:03,131 - INFO - Starting analysis: 200 standard models x 13 folds
2025-09-17 20:20:03,131 - INFO - Processing Fold 1/13
2025-09-17 20:20:03,135 - INFO -   Using multiprocessing with 9 workers
2025-09-17 20:23:51,652 - INFO - Fold 1 Summary:
2025-09-17 20:23:51,653 - INFO -   Best OOS Sharpe: M118 (3.927, p=0.000)
2025-09-17 20:23:51,653 - INFO -   Best Q-Sharpe:  M118 (3.927, OOS_Sharpe=3.927, OOS_Hit=0.635)
2025-09-17 20:23:51,653 - INFO -   Mean OOS Sharpe: 1.692, Mean Hit: 0.550
2025-09-17 20:23:51,653 - INFO - 
2025-09-17 20:23:51,667 - INFO - Stored 200 trained models for production export
2025-09-17 20:23:51,668 - INFO - Processing Fold 2/13
2025-09-17 20:23:51,693 - INFO -   Using multiprocessing with 9 workers
2025-09-17 20:28:21,098 - INFO - Fold 2 Summary:
2025-09-17 20:28:21,101 - INFO -   Best OOS Sharpe: M24 (3.206, p=0.000)
2025-09-17 20:28:21,101 - INFO -   Best Q-Sharpe:  M16 (3.706, OOS_Sharpe=2.201, OOS_Hit=0.530)
2025-09-17 20:28:21,101 - INFO -   Mean OOS Sharpe: 1.228, Mean Hit: 0.520
2025-09-17 20:28:21,101 - INFO - 
2025-09-17 20:28:21,128 - INFO - Stored 200 trained models for production export
2025-09-17 20:28:21,129 - INFO - Processing Fold 3/13
2025-09-17 20:28:21,162 - INFO -   Using multiprocessing with 9 workers
2025-09-17 20:33:59,537 - INFO - Fold 3 Summary:
2025-09-17 20:33:59,540 - INFO -   Best OOS Sharpe: M14 (2.462, p=0.040)
2025-09-17 20:33:59,540 - INFO -   Best Q-Sharpe:  M16 (3.309, OOS_Sharpe=-0.261, OOS_Hit=0.486)
2025-09-17 20:33:59,540 - INFO -   Mean OOS Sharpe: -0.408, Mean Hit: 0.483
2025-09-17 20:33:59,540 - INFO - 
2025-09-17 20:33:59,571 - INFO - Stored 200 trained models for production export
2025-09-17 20:33:59,572 - INFO - Processing Fold 4/13
2025-09-17 20:33:59,609 - INFO -   Using multiprocessing with 9 workers
2025-09-17 20:40:26,064 - INFO - Fold 4 Summary:
2025-09-17 20:40:26,072 - INFO -   Best OOS Sharpe: M45 (2.772, p=0.000)
2025-09-17 20:40:26,072 - INFO -   Best Q-Sharpe:  M118 (2.961, OOS_Sharpe=0.437, OOS_Hit=0.514)
2025-09-17 20:40:26,072 - INFO -   Mean OOS Sharpe: 0.188, Mean Hit: 0.515
2025-09-17 20:40:26,072 - INFO - 
2025-09-17 20:40:26,144 - INFO - Stored 200 trained models for production export
2025-09-17 20:40:26,145 - INFO - Processing Fold 5/13
2025-09-17 20:40:26,210 - INFO -   Using multiprocessing with 9 workers
2025-09-17 20:47:21,985 - INFO - Fold 5 Summary:
2025-09-17 20:47:21,991 - INFO -   Best OOS Sharpe: M119 (2.884, p=0.020)
2025-09-17 20:47:21,991 - INFO -   Best Q-Sharpe:  M118 (2.602, OOS_Sharpe=-0.632, OOS_Hit=0.519)
2025-09-17 20:47:21,991 - INFO -   Mean OOS Sharpe: 0.192, Mean Hit: 0.529
2025-09-17 20:47:21,991 - INFO - 
2025-09-17 20:47:22,045 - INFO - Stored 200 trained models for production export
2025-09-17 20:47:22,046 - INFO - Processing Fold 6/13
2025-09-17 20:47:22,097 - INFO -   Using multiprocessing with 9 workers
2025-09-17 20:54:15,240 - INFO - Fold 6 Summary:
2025-09-17 20:54:15,245 - INFO -   Best OOS Sharpe: M08 (3.297, p=0.000)
2025-09-17 20:54:15,245 - INFO -   Best Q-Sharpe:  M118 (2.588, OOS_Sharpe=2.461, OOS_Hit=0.575)
2025-09-17 20:54:15,245 - INFO -   Mean OOS Sharpe: 0.979, Mean Hit: 0.536
2025-09-17 20:54:15,245 - INFO - 
2025-09-17 20:54:15,301 - INFO - Stored 200 trained models for production export
2025-09-17 20:54:15,302 - INFO - Processing Fold 7/13
2025-09-17 20:54:15,367 - INFO -   Using multiprocessing with 9 workers
2025-09-17 21:02:01,772 - INFO - Fold 7 Summary:
2025-09-17 21:02:01,785 - INFO -   Best OOS Sharpe: M175 (5.766, p=0.000)
2025-09-17 21:02:01,785 - INFO -   Best Q-Sharpe:  M118 (2.588, OOS_Sharpe=2.593, OOS_Hit=0.558)
2025-09-17 21:02:01,785 - INFO -   Mean OOS Sharpe: 2.095, Mean Hit: 0.541
2025-09-17 21:02:01,785 - INFO - 
2025-09-17 21:02:01,866 - INFO - Stored 200 trained models for production export
2025-09-17 21:02:01,867 - INFO - Processing Fold 8/13
2025-09-17 21:02:01,960 - INFO -   Using multiprocessing with 9 workers
2025-09-17 21:08:43,056 - INFO - Fold 8 Summary:
2025-09-17 21:08:43,064 - INFO -   Best OOS Sharpe: M145 (4.262, p=0.000)
2025-09-17 21:08:43,064 - INFO -   Best Q-Sharpe:  M118 (2.474, OOS_Sharpe=1.447, OOS_Hit=0.519)
2025-09-17 21:08:43,064 - INFO -   Mean OOS Sharpe: 1.760, Mean Hit: 0.525
2025-09-17 21:08:43,064 - INFO - 
2025-09-17 21:08:43,126 - INFO - Stored 200 trained models for production export
2025-09-17 21:08:43,128 - INFO - Processing Fold 9/13
2025-09-17 21:08:43,163 - INFO -   Using multiprocessing with 9 workers
2025-09-17 21:15:07,647 - INFO - Fold 9 Summary:
2025-09-17 21:15:07,703 - INFO -   Best OOS Sharpe: M84 (2.460, p=0.020)
2025-09-17 21:15:07,703 - INFO -   Best Q-Sharpe:  M118 (2.211, OOS_Sharpe=-0.153, OOS_Hit=0.497)
2025-09-17 21:15:07,703 - INFO -   Mean OOS Sharpe: 0.193, Mean Hit: 0.504
2025-09-17 21:15:07,703 - INFO - 
2025-09-17 21:15:07,946 - INFO - Stored 200 trained models for production export
2025-09-17 21:15:07,969 - INFO - Processing Fold 10/13
2025-09-17 21:15:08,228 - INFO -   Using multiprocessing with 9 workers
2025-09-17 21:21:22,969 - INFO - Fold 10 Summary:
2025-09-17 21:21:22,978 - INFO -   Best OOS Sharpe: M76 (4.235, p=0.000)
2025-09-17 21:21:22,978 - INFO -   Best Q-Sharpe:  M118 (2.123, OOS_Sharpe=1.326, OOS_Hit=0.525)
2025-09-17 21:21:22,978 - INFO -   Mean OOS Sharpe: 1.265, Mean Hit: 0.538
2025-09-17 21:21:22,978 - INFO - 
2025-09-17 21:21:23,038 - INFO - Stored 200 trained models for production export
2025-09-17 21:21:23,039 - INFO - Processing Fold 11/13
2025-09-17 21:21:23,087 - INFO -   Using multiprocessing with 9 workers
2025-09-17 21:26:52,982 - INFO - Fold 11 Summary:
2025-09-17 21:26:52,986 - INFO -   Best OOS Sharpe: M92 (3.629, p=0.000)
2025-09-17 21:26:52,986 - INFO -   Best Q-Sharpe:  M118 (2.056, OOS_Sharpe=1.451, OOS_Hit=0.575)
2025-09-17 21:26:52,986 - INFO -   Mean OOS Sharpe: 0.736, Mean Hit: 0.529
2025-09-17 21:26:52,986 - INFO - 
2025-09-17 21:26:53,054 - INFO - Stored 200 trained models for production export
2025-09-17 21:26:53,056 - INFO - Processing Fold 12/13
2025-09-17 21:26:53,103 - INFO -   Using multiprocessing with 9 workers
2025-09-17 21:32:00,911 - INFO - Fold 12 Summary:
2025-09-17 21:32:00,916 - INFO -   Best OOS Sharpe: M48 (2.994, p=0.020)
2025-09-17 21:32:00,917 - INFO -   Best Q-Sharpe:  M118 (1.920, OOS_Sharpe=0.698, OOS_Hit=0.536)
2025-09-17 21:32:00,917 - INFO -   Mean OOS Sharpe: 0.105, Mean Hit: 0.530
2025-09-17 21:32:00,917 - INFO - 
2025-09-17 21:32:00,965 - INFO - Stored 200 trained models for production export
2025-09-17 21:32:00,965 - INFO - Processing Fold 13/13
2025-09-17 21:32:01,010 - INFO -   Using multiprocessing with 9 workers
2025-09-17 21:35:40,336 - INFO - Fold 13 Summary:
2025-09-17 21:35:40,339 - INFO -   Best OOS Sharpe: M67 (3.662, p=0.000)
2025-09-17 21:35:40,340 - INFO -   Best Q-Sharpe:  M149 (1.878, OOS_Sharpe=3.173, OOS_Hit=0.599)
2025-09-17 21:35:40,340 - INFO -   Mean OOS Sharpe: 0.887, Mean Hit: 0.538
2025-09-17 21:35:40,340 - INFO - 
2025-09-17 21:35:40,384 - INFO - Stored 200 trained models for production export
2025-09-17 21:35:40,385 - INFO - Starting full timeline backtesting...
2025-09-17 21:35:40,390 - INFO - Running full timeline backtest with 13 folds (0-based indexing)
2025-09-17 21:35:40,391 - INFO - Fold 0 skipped (no prior Q-score history for meaningful selection)
2025-09-17 21:35:40,391 - INFO - Effective backtest period: Folds 1-12 (12 folds)
2025-09-17 21:35:40,391 - INFO - Training period: Folds 1-7
2025-09-17 21:35:40,391 - INFO - Production period: Folds 8-12
2025-09-17 21:35:40,392 - INFO - Using consistent OOS methodology for all folds
2025-09-17 21:35:40,393 - INFO - Fold 0: Skipped (no prior Q-score history for meaningful selection)
2025-09-17 21:35:40,393 - INFO - 
--- Processing fold 1/12 ---
2025-09-17 21:35:40,431 - INFO - Fold 1: Q-scores from fold 0: ['M00:1.372', 'M01:2.926', 'M02:2.692', 'M03:1.507', 'M04:2.100']...
2025-09-17 21:35:40,433 - INFO - Fold 1: Selected models [118, 16, 149, 109, 52, 171, 167, 36, 152, 60] based on fold 0 Q-scores, avg Q-score: 3.444
2025-09-17 21:35:40,484 - INFO - Fold 1 (Training): Sharpe=1.724, Hit=53.9%
2025-09-17 21:35:40,484 - INFO - 
--- Processing fold 2/12 ---
2025-09-17 21:35:40,519 - INFO - Fold 2: Q-scores from fold 1: ['M00:1.437', 'M01:2.687', 'M02:2.268', 'M03:1.291', 'M04:1.873']...
2025-09-17 21:35:40,520 - INFO - Fold 2: Selected models [16, 118, 149, 52, 109, 171, 167, 36, 152, 96] based on fold 1 Q-scores, avg Q-score: 3.247
2025-09-17 21:35:40,576 - INFO - Fold 2 (Training): Sharpe=-1.621, Hit=45.0%
2025-09-17 21:35:40,576 - INFO - 
--- Processing fold 3/12 ---
2025-09-17 21:35:40,614 - INFO - Fold 3: Q-scores from fold 2: ['M00:1.203', 'M01:2.396', 'M02:1.854', 'M03:0.942', 'M04:1.648']...
2025-09-17 21:35:40,615 - INFO - Fold 3: Selected models [16, 118, 149, 109, 52, 167, 171, 96, 145, 77] based on fold 2 Q-scores, avg Q-score: 2.861
2025-09-17 21:35:40,625 - INFO - Fold 3 (Training): Sharpe=-0.583, Hit=50.9%
2025-09-17 21:35:40,625 - INFO - 
--- Processing fold 4/12 ---
2025-09-17 21:35:40,670 - INFO - Fold 4: Q-scores from fold 3: ['M00:1.056', 'M01:2.086', 'M02:1.794', 'M03:0.675', 'M04:1.509']...
2025-09-17 21:35:40,671 - INFO - Fold 4: Selected models [118, 16, 167, 149, 109, 52, 145, 171, 199, 96] based on fold 3 Q-scores, avg Q-score: 2.568
2025-09-17 21:35:40,683 - INFO - Fold 4 (Training): Sharpe=-0.144, Hit=52.9%
2025-09-17 21:35:40,683 - INFO - 
--- Processing fold 5/12 ---
2025-09-17 21:35:40,741 - INFO - Fold 5: Q-scores from fold 4: ['M00:1.086', 'M01:1.983', 'M02:1.630', 'M03:0.598', 'M04:1.289']...
2025-09-17 21:35:40,742 - INFO - Fold 5: Selected models [118, 16, 109, 149, 199, 167, 142, 52, 65, 60] based on fold 4 Q-scores, avg Q-score: 2.279
2025-09-17 21:35:40,755 - INFO - Fold 5 (Training): Sharpe=1.306, Hit=52.9%
2025-09-17 21:35:40,755 - INFO - 
--- Processing fold 6/12 ---
2025-09-17 21:35:40,790 - INFO - Fold 6: Q-scores from fold 5: ['M00:1.059', 'M01:1.946', 'M02:1.574', 'M03:0.655', 'M04:1.306']...
2025-09-17 21:35:40,791 - INFO - Fold 6: Selected models [118, 16, 199, 109, 149, 75, 167, 77, 115, 145] based on fold 5 Q-scores, avg Q-score: 2.172
2025-09-17 21:35:40,801 - INFO - Fold 6 (Training): Sharpe=2.390, Hit=56.5%
2025-09-17 21:35:40,801 - INFO - 
--- Processing fold 7/12 ---
2025-09-17 21:35:40,855 - INFO - Fold 7: Q-scores from fold 6: ['M00:0.964', 'M01:2.009', 'M02:1.651', 'M03:0.923', 'M04:1.266']...
2025-09-17 21:35:40,856 - INFO - Fold 7: Selected models [118, 16, 149, 109, 199, 75, 52, 145, 1, 148] based on fold 6 Q-scores, avg Q-score: 2.180
2025-09-17 21:35:40,871 - INFO - Fold 7 (Training): Sharpe=2.064, Hit=52.9%
2025-09-17 21:35:40,871 - INFO - 
--- Processing fold 8/12 ---
2025-09-17 21:35:40,910 - INFO - Fold 8: Q-scores from fold 7: ['M00:1.240', 'M01:1.966', 'M02:1.724', 'M03:1.057', 'M04:1.353']...
2025-09-17 21:35:40,911 - INFO - Fold 8: Selected models [118, 16, 145, 149, 75, 109, 148, 199, 60, 115] based on fold 7 Q-scores, avg Q-score: 2.167
2025-09-17 21:35:40,922 - INFO - Fold 8 (Production): Sharpe=-0.700, Hit=49.7%
2025-09-17 21:35:40,922 - INFO - 
--- Processing fold 9/12 ---
2025-09-17 21:35:40,958 - INFO - Fold 9: Q-scores from fold 8: ['M00:1.031', 'M01:1.596', 'M02:1.566', 'M03:0.930', 'M04:1.252']...
2025-09-17 21:35:40,959 - INFO - Fold 9: Selected models [118, 16, 145, 149, 199, 109, 148, 97, 75, 60] based on fold 8 Q-scores, avg Q-score: 1.972
2025-09-17 21:35:40,969 - INFO - Fold 9 (Production): Sharpe=1.662, Hit=54.1%
2025-09-17 21:35:40,969 - INFO - 
--- Processing fold 10/12 ---
2025-09-17 21:35:41,014 - INFO - Fold 10: Q-scores from fold 9: ['M00:1.025', 'M01:1.686', 'M02:1.736', 'M03:0.723', 'M04:1.239']...
2025-09-17 21:35:41,014 - INFO - Fold 10: Selected models [118, 16, 145, 149, 109, 199, 60, 115, 190, 52] based on fold 9 Q-scores, avg Q-score: 1.917
2025-09-17 21:35:41,025 - INFO - Fold 10 (Production): Sharpe=1.127, Hit=55.8%
2025-09-17 21:35:41,025 - INFO - 
--- Processing fold 11/12 ---
2025-09-17 21:35:41,119 - INFO - Fold 11: Q-scores from fold 10: ['M00:0.973', 'M01:1.621', 'M02:1.555', 'M03:0.726', 'M04:1.131']...
2025-09-17 21:35:41,120 - INFO - Fold 11: Selected models [118, 149, 109, 145, 16, 92, 190, 199, 52, 8] based on fold 10 Q-scores, avg Q-score: 1.851
2025-09-17 21:35:41,130 - INFO - Fold 11 (Production): Sharpe=0.243, Hit=56.2%
2025-09-17 21:35:41,130 - INFO - 
--- Processing fold 12/12 ---
2025-09-17 21:35:41,181 - INFO - Fold 12: Q-scores from fold 11: ['M00:0.770', 'M01:1.428', 'M02:1.543', 'M03:0.796', 'M04:1.055']...
2025-09-17 21:35:41,182 - INFO - Fold 12: Selected models [118, 145, 16, 92, 109, 149, 48, 190, 63, 75] based on fold 11 Q-scores, avg Q-score: 1.737
2025-09-17 21:35:41,184 - INFO - Fold 12 (Production): Sharpe=0.837, Hit=55.1%
2025-09-17 21:35:41,186 - INFO - Training Period Overall: Sharpe=0.877, Hit=52.2%
2025-09-17 21:35:41,187 - INFO - Production Period Overall: Sharpe=0.585, Hit=54.2%
2025-09-17 21:35:41,189 - INFO - Full Timeline Overall: Sharpe=0.750, Hit=53.0%
2025-09-17 21:35:41,189 - INFO - Training: Sharpe=0.877 | Hit=52.2% | Return=17.77%
2025-09-17 21:35:41,189 - INFO - Production: Sharpe=0.585 | Hit=54.2% | Return=12.59%
2025-09-17 21:35:41,190 - INFO - Full Timeline: Sharpe=0.750 | Hit=53.0% | Return=15.60%
2025-09-17 21:35:41,190 - INFO - Generating visualizations...
2025-09-17 21:35:41,191 - INFO - Creating clean visualizations for 200 models...
2025-09-17 21:35:46,215 - INFO - Clean fold-by-fold analysis saved to: 20250917_201837_fold_@RTY#C_200models_15folds_RTY5_200M_15F_production_opt.png
2025-09-17 21:35:52,114 - INFO - Detailed production analysis saved to: 20250917_201837_backtest_@RTY#C_200models_15folds_RTY5_200M_15F_production_opt.png
2025-09-17 21:35:52,119 - INFO - ================================================================================
2025-09-17 21:35:52,119 - INFO - BACKTEST SUMMARY
2025-09-17 21:35:52,119 - INFO - ================================================================================
2025-09-17 21:35:52,119 - INFO - Config: Cutoff=70%, Top N=5, Q-Metric=sharpe, Reselection=1 fold(s)
2025-09-17 21:35:52,120 - INFO - Model Selection History:
2025-09-17 21:35:52,120 - INFO -   Fold 1: M118, M16, M149, M109, M52, M171, M167, M36, M152, M60 (Avg Q-sharpe: 3.444)
2025-09-17 21:35:52,120 - INFO -   Fold 2: M16, M118, M149, M52, M109, M171, M167, M36, M152, M96 (Avg Q-sharpe: 3.247)
2025-09-17 21:35:52,120 - INFO -   Fold 3: M16, M118, M149, M109, M52, M167, M171, M96, M145, M77 (Avg Q-sharpe: 2.861)
2025-09-17 21:35:52,120 - INFO -   Fold 4: M118, M16, M167, M149, M109, M52, M145, M171, M199, M96 (Avg Q-sharpe: 2.568)
2025-09-17 21:35:52,121 - INFO -   Fold 5: M118, M16, M109, M149, M199, M167, M142, M52, M65, M60 (Avg Q-sharpe: 2.279)
2025-09-17 21:35:52,121 - INFO -   Fold 6: M118, M16, M199, M109, M149, M75, M167, M77, M115, M145 (Avg Q-sharpe: 2.172)
2025-09-17 21:35:52,121 - INFO -   Fold 7: M118, M16, M149, M109, M199, M75, M52, M145, M01, M148 (Avg Q-sharpe: 2.180)
2025-09-17 21:35:52,121 - INFO -   Fold 8: M118, M16, M145, M149, M75, M109, M148, M199, M60, M115 (Avg Q-sharpe: 2.167)
2025-09-17 21:35:52,121 - INFO -   Fold 9: M118, M16, M145, M149, M199, M109, M148, M97, M75, M60 (Avg Q-sharpe: 1.972)
2025-09-17 21:35:52,121 - INFO -   Fold 10: M118, M16, M145, M149, M109, M199, M60, M115, M190, M52 (Avg Q-sharpe: 1.917)
2025-09-17 21:35:52,121 - INFO -   Fold 11: M118, M149, M109, M145, M16, M92, M190, M199, M52, M08 (Avg Q-sharpe: 1.851)
2025-09-17 21:35:52,121 - INFO -   Fold 12: M118, M145, M16, M92, M109, M149, M48, M190, M63, M75 (Avg Q-sharpe: 1.737)
2025-09-17 21:35:52,121 - INFO - 
2025-09-17 21:35:52,121 - INFO - Fold-by-Fold Performance:
2025-09-17 21:35:52,121 - INFO -   Fold 1: M118, M16, M149, M109, M52, M171, M167, M36, M152, M60 | Sharpe=1.724 | Hit=53.9% | Samples=181
2025-09-17 21:35:52,121 - INFO -   Fold 2: M16, M118, M149, M52, M109, M171, M167, M36, M152, M96 | Sharpe=-1.621 | Hit=45.0% | Samples=181
2025-09-17 21:35:52,121 - INFO -   Fold 3: M16, M118, M149, M109, M52, M167, M171, M96, M145, M77 | Sharpe=-0.583 | Hit=50.9% | Samples=181
2025-09-17 21:35:52,121 - INFO -   Fold 4: M118, M16, M167, M149, M109, M52, M145, M171, M199, M96 | Sharpe=-0.144 | Hit=52.9% | Samples=181
2025-09-17 21:35:52,121 - INFO -   Fold 5: M118, M16, M109, M149, M199, M167, M142, M52, M65, M60 | Sharpe=1.306 | Hit=52.9% | Samples=181
2025-09-17 21:35:52,121 - INFO -   Fold 6: M118, M16, M199, M109, M149, M75, M167, M77, M115, M145 | Sharpe=2.390 | Hit=56.5% | Samples=181
2025-09-17 21:35:52,121 - INFO -   Fold 7: M118, M16, M149, M109, M199, M75, M52, M145, M01, M148 | Sharpe=2.064 | Hit=52.9% | Samples=181
2025-09-17 21:35:52,121 - INFO -   Fold 8: M118, M16, M145, M149, M75, M109, M148, M199, M60, M115 | Sharpe=-0.700 | Hit=49.7% | Samples=181
2025-09-17 21:35:52,121 - INFO -   Fold 9: M118, M16, M145, M149, M199, M109, M148, M97, M75, M60 | Sharpe=1.662 | Hit=54.1% | Samples=181
2025-09-17 21:35:52,121 - INFO -   Fold 10: M118, M16, M145, M149, M109, M199, M60, M115, M190, M52 | Sharpe=1.127 | Hit=55.8% | Samples=181
2025-09-17 21:35:52,121 - INFO -   Fold 11: M118, M149, M109, M145, M16, M92, M190, M199, M52, M08 | Sharpe=0.243 | Hit=56.2% | Samples=181
2025-09-17 21:35:52,121 - INFO -   Fold 12: M118, M145, M16, M92, M109, M149, M48, M190, M63, M75 | Sharpe=0.837 | Hit=55.1% | Samples=192
2025-09-17 21:35:52,121 - INFO - ================================================================================
2025-09-17 21:35:52,121 - INFO - ================================================================================
2025-09-17 21:35:52,121 - INFO - ANALYSIS COMPLETED SUCCESSFULLY!
2025-09-17 21:35:52,121 - INFO - ================================================================================
2025-09-17 21:35:52,121 - INFO - Generated 2 visualization files
2025-09-17 21:35:52,121 - INFO -   - 20250917_201837_fold_@RTY#C_200models_15folds_RTY5_200M_15F_production_opt.png
2025-09-17 21:35:52,121 - INFO -   - 20250917_201837_backtest_@RTY#C_200models_15folds_RTY5_200M_15F_production_opt.png
2025-09-17 21:35:52,122 - INFO - Training Final: Sharpe=0.877 | Hit=52.2% | Return=17.77% | CB=0.377
2025-09-17 21:35:52,122 - INFO - Production Final: Sharpe=0.585 | Hit=54.2% | Return=12.59% | CB=0.576
2025-09-17 21:35:52,122 - INFO - Full Timeline Final: Sharpe=0.750 | Hit=53.0% | Return=15.60% | CB=0.331
2025-09-17 21:35:52,123 - INFO - ============================================================
2025-09-17 21:35:52,123 - INFO - EXPORTING PRODUCTION MODELS (Consolidated File)
2025-09-17 21:35:52,123 - INFO - ============================================================
2025-09-17 21:35:52,123 - INFO - Backtest results keys: ['full_timeline_metrics', 'training_metrics', 'production_metrics', 'model_selection_history', 'fold_results', 'full_timeline_returns', 'training_returns', 'production_returns', 'full_timeline_predictions', 'full_timeline_dates', 'cutoff_fold', 'training_folds', 'production_folds']
2025-09-17 21:35:52,123 - INFO - Model selection history length: 12
2025-09-17 21:35:52,123 - INFO - Final selection keys: ['fold', 'selection_based_on_fold', 'selected_models', 'avg_q_score', 'period_type']
2025-09-17 21:35:52,123 - INFO - Final fold selected models: [118, 145, 16, 92, 109, 149, 48, 190, 63, 75]
2025-09-17 21:35:52,123 - INFO - All fold results type: <class 'dict'>
2025-09-17 21:35:52,123 - INFO - All fold results keys/length: ['fold_1', 'fold_2', 'fold_3', 'fold_4', 'fold_5', 'fold_6', 'fold_7', 'fold_8', 'fold_9', 'fold_10', 'fold_11', 'fold_12', 'fold_13']
2025-09-17 21:35:52,123 - INFO - Available fold indices: [0, 1, 2, 3, 4, 5, 6, 7, 8, 9, 10, 11, 12]
2025-09-17 21:35:52,123 - INFO - Using fold index 11 (key: fold_12) as production fold
2025-09-17 21:35:52,123 - INFO - Final fold keys: ['results_df', 'model_metrics', 'oos_predictions', 'test_idx', 'trained_models', 'model_specs']
2025-09-17 21:35:52,123 - INFO - Trained models available: [0, 1, 2, 3, 4, 5, 6, 7, 8, 9, 10, 11, 12, 13, 14, 15, 16, 17, 18, 19, 20, 21, 22, 23, 24, 25, 26, 27, 28, 29, 30, 31, 32, 33, 34, 35, 36, 37, 38, 39, 40, 41, 42, 43, 44, 45, 46, 47, 48, 49, 50, 51, 52, 53, 54, 55, 56, 57, 58, 59, 60, 61, 62, 63, 64, 65, 66, 67, 68, 69, 70, 71, 72, 73, 74, 75, 76, 77, 78, 79, 80, 81, 82, 83, 84, 85, 86, 87, 88, 89, 90, 91, 92, 93, 94, 95, 96, 97, 98, 99, 100, 101, 102, 103, 104, 105, 106, 107, 108, 109, 110, 111, 112, 113, 114, 115, 116, 117, 118, 119, 120, 121, 122, 123, 124, 125, 126, 127, 128, 129, 130, 131, 132, 133, 134, 135, 136, 137, 138, 139, 140, 141, 142, 143, 144, 145, 146, 147, 148, 149, 150, 151, 152, 153, 154, 155, 156, 157, 158, 159, 160, 161, 162, 163, 164, 165, 166, 167, 168, 169, 170, 171, 172, 173, 174, 175, 176, 177, 178, 179, 180, 181, 182, 183, 184, 185, 186, 187, 188, 189, 190, 191, 192, 193, 194, 195, 196, 197, 198, 199]
2025-09-17 21:35:52,123 - INFO - Added model M118 -> model_01 with all 100 features (framework standard)
2025-09-17 21:35:52,123 - INFO - Added model M145 -> model_02 with all 100 features (framework standard)
2025-09-17 21:35:52,124 - INFO - Added model M16 -> model_03 with all 100 features (framework standard)
2025-09-17 21:35:52,124 - INFO - Added model M92 -> model_04 with all 100 features (framework standard)
2025-09-17 21:35:52,124 - INFO - Added model M109 -> model_05 with all 100 features (framework standard)
2025-09-17 21:35:52,124 - INFO - Added model M149 -> model_06 with all 100 features (framework standard)
2025-09-17 21:35:52,124 - INFO - Added model M48 -> model_07 with all 100 features (framework standard)
2025-09-17 21:35:52,124 - INFO - Added model M190 -> model_08 with all 100 features (framework standard)
2025-09-17 21:35:52,124 - INFO - Added model M63 -> model_09 with all 100 features (framework standard)
2025-09-17 21:35:52,124 - INFO - Added model M75 -> model_10 with all 100 features (framework standard)
2025-09-17 21:35:52,124 - INFO - Extracted 10 selected models
2025-09-17 21:35:52,180 - INFO - SUCCESS: Exported 10 selected models to /Users/steven/Projects/SQ/bond_ls_xgb_grope_full_v6/PROD/models/@RTY#C_20250917_201837.pkl
2025-09-17 21:35:52,180 - INFO - File size: 2,966,119 bytes
2025-09-17 21:35:52,180 - INFO - Selected features: 100 features
2025-09-17 21:35:52,180 - INFO - Selected models: [118, 145, 16, 92, 109, 149, 48, 190, 63, 75]
2025-09-17 21:35:52,180 - INFO - ============================================================
2025-09-17 21:35:52,180 - INFO - EXPORTING SIGNAL DISTRIBUTION
2025-09-17 21:35:52,181 - INFO - ============================================================
2025-09-17 21:35:52,181 - INFO - Timeline data: 2183 points
2025-09-17 21:35:52,237 - INFO - SUCCESS: Exported signal distribution to /Users/steven/Projects/SQ/bond_ls_xgb_grope_full_v6/xgb_compare/results/20250917_201837_signal_distribution_RTY5_200M_15F_production_opt.csv
2025-09-17 21:35:52,237 - INFO - Records: 2,183
2025-09-17 21:35:52,238 - INFO - Date range: 2017-02-09 12:00:00 to 2025-07-30 12:00:00
2025-09-17 21:35:52,240 - INFO - Signal directions: {1: 1129, -1: 905, 0: 149}
2025-09-17 21:35:52,240 - INFO - Signal range: -1.000000 to 1.000000
2025-09-17 21:35:52,241 - INFO - Hit rate: 0.487
2025-09-17 21:35:52,241 - INFO - Total PnL: 0.691253
