2025-09-17 20:18:27,184 - INFO - ================================================================================
2025-09-17 20:18:27,184 - INFO - XGBoost Comparison Framework
2025-09-17 20:18:27,184 - INFO - ================================================================================
2025-09-17 20:18:27,184 - INFO - Configuration:
2025-09-17 20:18:27,184 - INFO -   Target Symbol: @ES#C
2025-09-17 20:18:27,184 - INFO -   Date Range: 2015-01-01 to 2025-08-01
2025-09-17 20:18:27,184 - INFO -   Models: 150, Type: standard
2025-09-17 20:18:27,184 - INFO -   Folds: 15
2025-09-17 20:18:27,184 - INFO -   Max Features: 250 (Limited)
2025-09-17 20:18:27,184 - INFO -   Feature Selection: Enabled
2025-09-17 20:18:27,184 - INFO -   Inner Val Fraction: 0.2
2025-09-17 20:18:27,184 - INFO -   EWMA Alpha: 0.1, Quality Halflife: 63 days
2025-09-17 20:18:27,185 - INFO -   Signal Type: Binary (+1/-1)
2025-09-17 20:18:27,185 - INFO -   Cross-validation: Expanding window
2025-09-17 20:18:27,185 - INFO -   Production: Cutoff=0.6, Top N=8, Q-Metric=hit_rate
2025-09-17 20:18:27,185 - INFO -   Reselection: Every 1 fold(s)
2025-09-17 20:18:27,185 - INFO - 
2025-09-17 20:18:32,920 - INFO - Dropped 8 rows due to NaN in target column @ES#C_target_return
2025-09-17 20:18:33,027 - INFO - Loaded: X=(2727, 1906), y=(2727,)
2025-09-17 20:19:21,878 - INFO - Selected 250 features (threshold: 0.7)
2025-09-17 20:19:21,913 - INFO - Selected: 250 features
2025-09-17 20:19:21,968 - INFO - GPU detection: XGBoost not compiled with CUDA support - using CPU
2025-09-17 20:19:21,968 - INFO - Processing mode: CPU multiprocessing (GPU: False, Total models: 2250)
2025-09-17 20:19:22,044 - INFO - GPU detection: XGBoost not compiled with CUDA support - using CPU
2025-09-17 20:19:22,051 - INFO - Using expanding window
2025-09-17 20:19:22,051 - INFO - Starting analysis: 150 standard models x 13 folds
2025-09-17 20:19:22,051 - INFO - Processing Fold 1/13
2025-09-17 20:19:22,057 - INFO -   Using multiprocessing with 9 workers
2025-09-17 20:21:53,937 - INFO - Fold 1 Summary:
2025-09-17 20:21:53,940 - INFO -   Best OOS Sharpe: M02 (3.763, p=0.000)
2025-09-17 20:21:53,940 - INFO -   Best Q-Hit_Rate:  M02 (0.602, OOS_Sharpe=3.763, OOS_Hit=0.602)
2025-09-17 20:21:53,940 - INFO -   Mean OOS Sharpe: -0.026, Mean Hit: 0.523
2025-09-17 20:21:53,940 - INFO - 
2025-09-17 20:21:53,959 - INFO - Stored 150 trained models for production export
2025-09-17 20:21:53,959 - INFO - Processing Fold 2/13
2025-09-17 20:21:53,986 - INFO -   Using multiprocessing with 9 workers
2025-09-17 20:26:04,691 - INFO - Fold 2 Summary:
2025-09-17 20:26:04,693 - INFO -   Best OOS Sharpe: M13 (3.261, p=0.000)
2025-09-17 20:26:04,694 - INFO -   Best Q-Hit_Rate:  M02 (0.593, OOS_Sharpe=0.632, OOS_Hit=0.508)
2025-09-17 20:26:04,694 - INFO -   Mean OOS Sharpe: 0.361, Mean Hit: 0.492
2025-09-17 20:26:04,694 - INFO - 
2025-09-17 20:26:04,729 - INFO - Stored 150 trained models for production export
2025-09-17 20:26:04,729 - INFO - Processing Fold 3/13
2025-09-17 20:26:04,777 - INFO -   Using multiprocessing with 9 workers
2025-09-17 20:29:59,527 - INFO - Fold 3 Summary:
2025-09-17 20:29:59,530 - INFO -   Best OOS Sharpe: M72 (2.767, p=0.000)
2025-09-17 20:29:59,530 - INFO -   Best Q-Hit_Rate:  M02 (0.584, OOS_Sharpe=-0.325, OOS_Hit=0.503)
2025-09-17 20:29:59,530 - INFO -   Mean OOS Sharpe: 0.568, Mean Hit: 0.520
2025-09-17 20:29:59,530 - INFO - 
2025-09-17 20:29:59,581 - INFO - Stored 150 trained models for production export
2025-09-17 20:29:59,581 - INFO - Processing Fold 4/13
2025-09-17 20:29:59,634 - INFO -   Using multiprocessing with 9 workers
2025-09-17 20:35:44,094 - INFO - Fold 4 Summary:
2025-09-17 20:35:44,096 - INFO -   Best OOS Sharpe: M101 (3.477, p=0.000)
2025-09-17 20:35:44,096 - INFO -   Best Q-Hit_Rate:  M92 (0.575, OOS_Sharpe=1.631, OOS_Hit=0.514)
2025-09-17 20:35:44,096 - INFO -   Mean OOS Sharpe: 0.941, Mean Hit: 0.509
2025-09-17 20:35:44,096 - INFO - 
2025-09-17 20:35:44,161 - INFO - Stored 150 trained models for production export
2025-09-17 20:35:44,162 - INFO - Processing Fold 5/13
2025-09-17 20:35:44,221 - INFO -   Using multiprocessing with 9 workers
2025-09-17 20:41:47,115 - INFO - Fold 5 Summary:
2025-09-17 20:41:47,124 - INFO -   Best OOS Sharpe: M23 (3.500, p=0.000)
2025-09-17 20:41:47,124 - INFO -   Best Q-Hit_Rate:  M02 (0.570, OOS_Sharpe=-0.310, OOS_Hit=0.525)
2025-09-17 20:41:47,124 - INFO -   Mean OOS Sharpe: 0.066, Mean Hit: 0.527
2025-09-17 20:41:47,124 - INFO - 
2025-09-17 20:41:47,304 - INFO - Stored 150 trained models for production export
2025-09-17 20:41:47,305 - INFO - Processing Fold 6/13
2025-09-17 20:41:47,441 - INFO -   Using multiprocessing with 9 workers
2025-09-17 20:48:35,486 - INFO - Fold 6 Summary:
2025-09-17 20:48:35,494 - INFO -   Best OOS Sharpe: M111 (3.177, p=0.020)
2025-09-17 20:48:35,494 - INFO -   Best Q-Hit_Rate:  M02 (0.567, OOS_Sharpe=0.100, OOS_Hit=0.547)
2025-09-17 20:48:35,494 - INFO -   Mean OOS Sharpe: 0.484, Mean Hit: 0.529
2025-09-17 20:48:35,494 - INFO - 
2025-09-17 20:48:35,621 - INFO - Stored 150 trained models for production export
2025-09-17 20:48:35,621 - INFO - Processing Fold 7/13
2025-09-17 20:48:35,702 - INFO -   Using multiprocessing with 9 workers
2025-09-17 20:55:42,605 - INFO - Fold 7 Summary:
2025-09-17 20:55:42,617 - INFO -   Best OOS Sharpe: M122 (3.355, p=0.020)
2025-09-17 20:55:42,617 - INFO -   Best Q-Hit_Rate:  M02 (0.564, OOS_Sharpe=1.466, OOS_Hit=0.536)
2025-09-17 20:55:42,617 - INFO -   Mean OOS Sharpe: 1.276, Mean Hit: 0.524
2025-09-17 20:55:42,617 - INFO - 
2025-09-17 20:55:42,758 - INFO - Stored 150 trained models for production export
2025-09-17 20:55:42,763 - INFO - Processing Fold 8/13
2025-09-17 20:55:42,925 - INFO -   Using multiprocessing with 9 workers
2025-09-17 21:03:21,337 - INFO - Fold 8 Summary:
2025-09-17 21:03:21,346 - INFO -   Best OOS Sharpe: M100 (3.281, p=0.020)
2025-09-17 21:03:21,347 - INFO -   Best Q-Hit_Rate:  M02 (0.557, OOS_Sharpe=1.569, OOS_Hit=0.492)
2025-09-17 21:03:21,347 - INFO -   Mean OOS Sharpe: 1.190, Mean Hit: 0.504
2025-09-17 21:03:21,347 - INFO - 
2025-09-17 21:03:21,499 - INFO - Stored 150 trained models for production export
2025-09-17 21:03:21,500 - INFO - Processing Fold 9/13
2025-09-17 21:03:21,641 - INFO -   Using multiprocessing with 9 workers
2025-09-17 21:09:56,586 - INFO - Fold 9 Summary:
2025-09-17 21:09:56,597 - INFO -   Best OOS Sharpe: M26 (3.632, p=0.000)
2025-09-17 21:09:56,597 - INFO -   Best Q-Hit_Rate:  M18 (0.552, OOS_Sharpe=0.881, OOS_Hit=0.541)
2025-09-17 21:09:56,597 - INFO -   Mean OOS Sharpe: 0.703, Mean Hit: 0.500
2025-09-17 21:09:56,597 - INFO - 
2025-09-17 21:09:56,712 - INFO - Stored 150 trained models for production export
2025-09-17 21:09:56,712 - INFO - Processing Fold 10/13
2025-09-17 21:09:56,806 - INFO -   Using multiprocessing with 9 workers
2025-09-17 21:16:48,256 - INFO - Fold 10 Summary:
2025-09-17 21:16:48,265 - INFO -   Best OOS Sharpe: M122 (3.633, p=0.000)
2025-09-17 21:16:48,265 - INFO -   Best Q-Hit_Rate:  M30 (0.552, OOS_Sharpe=0.807, OOS_Hit=0.552)
2025-09-17 21:16:48,265 - INFO -   Mean OOS Sharpe: 0.930, Mean Hit: 0.518
2025-09-17 21:16:48,265 - INFO - 
2025-09-17 21:16:48,401 - INFO - Stored 150 trained models for production export
2025-09-17 21:16:48,401 - INFO - Processing Fold 11/13
2025-09-17 21:16:48,493 - INFO -   Using multiprocessing with 9 workers
2025-09-17 21:22:52,648 - INFO - Fold 11 Summary:
2025-09-17 21:22:52,659 - INFO -   Best OOS Sharpe: M06 (3.280, p=0.000)
2025-09-17 21:22:52,659 - INFO -   Best Q-Hit_Rate:  M78 (0.548, OOS_Sharpe=1.613, OOS_Hit=0.547)
2025-09-17 21:22:52,659 - INFO -   Mean OOS Sharpe: 0.204, Mean Hit: 0.509
2025-09-17 21:22:52,659 - INFO - 
2025-09-17 21:22:52,769 - INFO - Stored 150 trained models for production export
2025-09-17 21:22:52,770 - INFO - Processing Fold 12/13
2025-09-17 21:22:52,857 - INFO -   Using multiprocessing with 9 workers
2025-09-17 21:28:48,772 - INFO - Fold 12 Summary:
2025-09-17 21:28:48,780 - INFO -   Best OOS Sharpe: M144 (2.941, p=0.020)
2025-09-17 21:28:48,780 - INFO -   Best Q-Hit_Rate:  M02 (0.551, OOS_Sharpe=0.898, OOS_Hit=0.586)
2025-09-17 21:28:48,780 - INFO -   Mean OOS Sharpe: 0.218, Mean Hit: 0.489
2025-09-17 21:28:48,780 - INFO - 
2025-09-17 21:28:48,934 - INFO - Stored 150 trained models for production export
2025-09-17 21:28:48,934 - INFO - Processing Fold 13/13
2025-09-17 21:28:49,014 - INFO -   Using multiprocessing with 9 workers
2025-09-17 21:34:11,943 - INFO - Fold 13 Summary:
2025-09-17 21:34:11,948 - INFO -   Best OOS Sharpe: M27 (3.507, p=0.000)
2025-09-17 21:34:11,948 - INFO -   Best Q-Hit_Rate:  M02 (0.550, OOS_Sharpe=0.436, OOS_Hit=0.544)
2025-09-17 21:34:11,948 - INFO -   Mean OOS Sharpe: 1.418, Mean Hit: 0.549
2025-09-17 21:34:11,948 - INFO - 
2025-09-17 21:34:12,077 - INFO - Stored 150 trained models for production export
2025-09-17 21:34:12,078 - INFO - Starting full timeline backtesting...
2025-09-17 21:34:12,082 - INFO - Running full timeline backtest with 13 folds (0-based indexing)
2025-09-17 21:34:12,082 - INFO - Fold 0 skipped (no prior Q-score history for meaningful selection)
2025-09-17 21:34:12,083 - INFO - Effective backtest period: Folds 1-12 (12 folds)
2025-09-17 21:34:12,083 - INFO - Training period: Folds 1-7
2025-09-17 21:34:12,083 - INFO - Production period: Folds 8-12
2025-09-17 21:34:12,084 - INFO - Using consistent OOS methodology for all folds
2025-09-17 21:34:12,085 - INFO - Fold 0: Skipped (no prior Q-score history for meaningful selection)
2025-09-17 21:34:12,086 - INFO - 
--- Processing fold 1/12 ---
2025-09-17 21:34:12,227 - INFO - Fold 1: Q-scores from fold 0: ['M00:0.525', 'M01:0.497', 'M02:0.602', 'M03:0.470', 'M04:0.519']...
2025-09-17 21:34:12,228 - INFO - Fold 1: Selected models [2, 92, 99, 80, 149, 27, 30, 76] based on fold 0 Q-scores, avg Q-score: 0.586
2025-09-17 21:34:12,287 - INFO - Fold 1 (Training): Sharpe=1.025, Hit=48.8%
2025-09-17 21:34:12,287 - INFO - 
--- Processing fold 2/12 ---
2025-09-17 21:34:12,407 - INFO - Fold 2: Q-scores from fold 1: ['M00:0.515', 'M01:0.495', 'M02:0.593', 'M03:0.469', 'M04:0.517']...
2025-09-17 21:34:12,408 - INFO - Fold 2: Selected models [2, 99, 92, 149, 80, 30, 27, 69] based on fold 1 Q-scores, avg Q-score: 0.578
2025-09-17 21:34:12,422 - INFO - Fold 2 (Training): Sharpe=0.914, Hit=58.0%
2025-09-17 21:34:12,422 - INFO - 
--- Processing fold 3/12 ---
2025-09-17 21:34:12,558 - INFO - Fold 3: Q-scores from fold 2: ['M00:0.517', 'M01:0.496', 'M02:0.584', 'M03:0.473', 'M04:0.520']...
2025-09-17 21:34:12,558 - INFO - Fold 3: Selected models [2, 92, 99, 30, 149, 27, 69, 78] based on fold 2 Q-scores, avg Q-score: 0.575
2025-09-17 21:34:12,567 - INFO - Fold 3 (Training): Sharpe=0.524, Hit=50.0%
2025-09-17 21:34:12,567 - INFO - 
--- Processing fold 4/12 ---
2025-09-17 21:34:12,656 - INFO - Fold 4: Q-scores from fold 3: ['M00:0.513', 'M01:0.494', 'M02:0.575', 'M03:0.475', 'M04:0.518']...
2025-09-17 21:34:12,657 - INFO - Fold 4: Selected models [92, 2, 30, 99, 149, 27, 69, 146] based on fold 3 Q-scores, avg Q-score: 0.568
2025-09-17 21:34:12,670 - INFO - Fold 4 (Training): Sharpe=-0.539, Hit=50.0%
2025-09-17 21:34:12,670 - INFO - 
--- Processing fold 5/12 ---
2025-09-17 21:34:12,834 - INFO - Fold 5: Q-scores from fold 4: ['M00:0.510', 'M01:0.503', 'M02:0.570', 'M03:0.476', 'M04:0.514']...
2025-09-17 21:34:12,835 - INFO - Fold 5: Selected models [2, 92, 149, 30, 27, 69, 99, 80] based on fold 4 Q-scores, avg Q-score: 0.562
2025-09-17 21:34:12,845 - INFO - Fold 5 (Training): Sharpe=0.447, Hit=51.8%
2025-09-17 21:34:12,845 - INFO - 
--- Processing fold 6/12 ---
2025-09-17 21:34:12,953 - INFO - Fold 6: Q-scores from fold 5: ['M00:0.507', 'M01:0.499', 'M02:0.567', 'M03:0.486', 'M04:0.510']...
2025-09-17 21:34:12,954 - INFO - Fold 6: Selected models [2, 92, 99, 149, 27, 78, 30, 111] based on fold 5 Q-scores, avg Q-score: 0.560
2025-09-17 21:34:12,972 - INFO - Fold 6 (Training): Sharpe=1.139, Hit=54.5%
2025-09-17 21:34:12,972 - INFO - 
--- Processing fold 7/12 ---
2025-09-17 21:34:13,187 - INFO - Fold 7: Q-scores from fold 6: ['M00:0.503', 'M01:0.499', 'M02:0.564', 'M03:0.490', 'M04:0.508']...
2025-09-17 21:34:13,187 - INFO - Fold 7: Selected models [2, 92, 30, 149, 99, 78, 18, 111] based on fold 6 Q-scores, avg Q-score: 0.557
2025-09-17 21:34:13,198 - INFO - Fold 7 (Training): Sharpe=1.553, Hit=49.4%
2025-09-17 21:34:13,198 - INFO - 
--- Processing fold 8/12 ---
2025-09-17 21:34:13,302 - INFO - Fold 8: Q-scores from fold 7: ['M00:0.502', 'M01:0.499', 'M02:0.557', 'M03:0.489', 'M04:0.502']...
2025-09-17 21:34:13,302 - INFO - Fold 8: Selected models [2, 146, 92, 18, 78, 30, 99, 76] based on fold 7 Q-scores, avg Q-score: 0.553
2025-09-17 21:34:13,312 - INFO - Fold 8 (Production): Sharpe=0.078, Hit=50.0%
2025-09-17 21:34:13,313 - INFO - 
--- Processing fold 9/12 ---
2025-09-17 21:34:13,477 - INFO - Fold 9: Q-scores from fold 8: ['M00:0.509', 'M01:0.498', 'M02:0.550', 'M03:0.492', 'M04:0.506']...
2025-09-17 21:34:13,478 - INFO - Fold 9: Selected models [18, 30, 2, 78, 146, 92, 99, 76] based on fold 8 Q-scores, avg Q-score: 0.548
2025-09-17 21:34:13,488 - INFO - Fold 9 (Production): Sharpe=1.097, Hit=53.4%
2025-09-17 21:34:13,488 - INFO - 
--- Processing fold 10/12 ---
2025-09-17 21:34:13,665 - INFO - Fold 10: Q-scores from fold 9: ['M00:0.515', 'M01:0.499', 'M02:0.548', 'M03:0.499', 'M04:0.509']...
2025-09-17 21:34:13,666 - INFO - Fold 10: Selected models [30, 18, 78, 2, 99, 111, 149, 146] based on fold 9 Q-scores, avg Q-score: 0.547
2025-09-17 21:34:13,673 - INFO - Fold 10 (Production): Sharpe=1.088, Hit=52.6%
2025-09-17 21:34:13,673 - INFO - 
--- Processing fold 11/12 ---
2025-09-17 21:34:13,732 - INFO - Fold 11: Q-scores from fold 10: ['M00:0.512', 'M01:0.503', 'M02:0.547', 'M03:0.497', 'M04:0.508']...
2025-09-17 21:34:13,732 - INFO - Fold 11: Selected models [78, 99, 2, 18, 30, 146, 5, 92] based on fold 10 Q-scores, avg Q-score: 0.545
2025-09-17 21:34:13,739 - INFO - Fold 11 (Production): Sharpe=0.305, Hit=47.5%
2025-09-17 21:34:13,740 - INFO - 
--- Processing fold 12/12 ---
2025-09-17 21:34:13,865 - INFO - Fold 12: Q-scores from fold 11: ['M00:0.514', 'M01:0.503', 'M02:0.551', 'M03:0.499', 'M04:0.507']...
2025-09-17 21:34:13,865 - INFO - Fold 12: Selected models [2, 146, 99, 30, 78, 33, 18, 5] based on fold 11 Q-scores, avg Q-score: 0.541
2025-09-17 21:34:13,868 - INFO - Fold 12 (Production): Sharpe=2.163, Hit=57.1%
2025-09-17 21:34:13,869 - INFO - Training Period Overall: Sharpe=0.619, Hit=51.8%
2025-09-17 21:34:13,870 - INFO - Production Period Overall: Sharpe=0.943, Hit=52.1%
2025-09-17 21:34:13,871 - INFO - Full Timeline Overall: Sharpe=0.760, Hit=51.9%
2025-09-17 21:34:13,872 - INFO - Training: Sharpe=0.619 | Hit=51.8% | Return=9.03%
2025-09-17 21:34:13,872 - INFO - Production: Sharpe=0.943 | Hit=52.1% | Return=14.67%
2025-09-17 21:34:13,872 - INFO - Full Timeline: Sharpe=0.760 | Hit=51.9% | Return=11.40%
2025-09-17 21:34:13,872 - INFO - Generating visualizations...
2025-09-17 21:34:13,872 - INFO - Creating clean visualizations for 150 models...
2025-09-17 21:34:19,762 - INFO - Clean fold-by-fold analysis saved to: 20250917_201827_fold_@ES#C_150models_15folds_ES7_250feat_hit_rate_production_opt.png
2025-09-17 21:34:25,607 - INFO - Detailed production analysis saved to: 20250917_201827_backtest_@ES#C_150models_15folds_ES7_250feat_hit_rate_production_opt.png
2025-09-17 21:34:25,608 - INFO - ================================================================================
2025-09-17 21:34:25,608 - INFO - BACKTEST SUMMARY
2025-09-17 21:34:25,608 - INFO - ================================================================================
2025-09-17 21:34:25,609 - INFO - Config: Cutoff=70%, Top N=5, Q-Metric=sharpe, Reselection=1 fold(s)
2025-09-17 21:34:25,609 - INFO - Model Selection History:
2025-09-17 21:34:25,609 - INFO -   Fold 1: M02, M92, M99, M80, M149, M27, M30, M76 (Avg Q-sharpe: 0.586)
2025-09-17 21:34:25,609 - INFO -   Fold 2: M02, M99, M92, M149, M80, M30, M27, M69 (Avg Q-sharpe: 0.578)
2025-09-17 21:34:25,609 - INFO -   Fold 3: M02, M92, M99, M30, M149, M27, M69, M78 (Avg Q-sharpe: 0.575)
2025-09-17 21:34:25,609 - INFO -   Fold 4: M92, M02, M30, M99, M149, M27, M69, M146 (Avg Q-sharpe: 0.568)
2025-09-17 21:34:25,609 - INFO -   Fold 5: M02, M92, M149, M30, M27, M69, M99, M80 (Avg Q-sharpe: 0.562)
2025-09-17 21:34:25,609 - INFO -   Fold 6: M02, M92, M99, M149, M27, M78, M30, M111 (Avg Q-sharpe: 0.560)
2025-09-17 21:34:25,609 - INFO -   Fold 7: M02, M92, M30, M149, M99, M78, M18, M111 (Avg Q-sharpe: 0.557)
2025-09-17 21:34:25,609 - INFO -   Fold 8: M02, M146, M92, M18, M78, M30, M99, M76 (Avg Q-sharpe: 0.553)
2025-09-17 21:34:25,609 - INFO -   Fold 9: M18, M30, M02, M78, M146, M92, M99, M76 (Avg Q-sharpe: 0.548)
2025-09-17 21:34:25,609 - INFO -   Fold 10: M30, M18, M78, M02, M99, M111, M149, M146 (Avg Q-sharpe: 0.547)
2025-09-17 21:34:25,609 - INFO -   Fold 11: M78, M99, M02, M18, M30, M146, M05, M92 (Avg Q-sharpe: 0.545)
2025-09-17 21:34:25,609 - INFO -   Fold 12: M02, M146, M99, M30, M78, M33, M18, M05 (Avg Q-sharpe: 0.541)
2025-09-17 21:34:25,609 - INFO - 
2025-09-17 21:34:25,609 - INFO - Fold-by-Fold Performance:
2025-09-17 21:34:25,609 - INFO -   Fold 1: M02, M92, M99, M80, M149, M27, M30, M76 | Sharpe=1.025 | Hit=48.8% | Samples=181
2025-09-17 21:34:25,609 - INFO -   Fold 2: M02, M99, M92, M149, M80, M30, M27, M69 | Sharpe=0.914 | Hit=58.0% | Samples=181
2025-09-17 21:34:25,609 - INFO -   Fold 3: M02, M92, M99, M30, M149, M27, M69, M78 | Sharpe=0.524 | Hit=50.0% | Samples=181
2025-09-17 21:34:25,609 - INFO -   Fold 4: M92, M02, M30, M99, M149, M27, M69, M146 | Sharpe=-0.539 | Hit=50.0% | Samples=181
2025-09-17 21:34:25,609 - INFO -   Fold 5: M02, M92, M149, M30, M27, M69, M99, M80 | Sharpe=0.447 | Hit=51.8% | Samples=181
2025-09-17 21:34:25,609 - INFO -   Fold 6: M02, M92, M99, M149, M27, M78, M30, M111 | Sharpe=1.139 | Hit=54.5% | Samples=181
2025-09-17 21:34:25,609 - INFO -   Fold 7: M02, M92, M30, M149, M99, M78, M18, M111 | Sharpe=1.553 | Hit=49.4% | Samples=181
2025-09-17 21:34:25,609 - INFO -   Fold 8: M02, M146, M92, M18, M78, M30, M99, M76 | Sharpe=0.078 | Hit=50.0% | Samples=181
2025-09-17 21:34:25,609 - INFO -   Fold 9: M18, M30, M02, M78, M146, M92, M99, M76 | Sharpe=1.097 | Hit=53.4% | Samples=181
2025-09-17 21:34:25,609 - INFO -   Fold 10: M30, M18, M78, M02, M99, M111, M149, M146 | Sharpe=1.088 | Hit=52.6% | Samples=181
2025-09-17 21:34:25,609 - INFO -   Fold 11: M78, M99, M02, M18, M30, M146, M05, M92 | Sharpe=0.305 | Hit=47.5% | Samples=181
2025-09-17 21:34:25,609 - INFO -   Fold 12: M02, M146, M99, M30, M78, M33, M18, M05 | Sharpe=2.163 | Hit=57.1% | Samples=193
2025-09-17 21:34:25,609 - INFO - ================================================================================
2025-09-17 21:34:25,609 - INFO - ================================================================================
2025-09-17 21:34:25,609 - INFO - ANALYSIS COMPLETED SUCCESSFULLY!
2025-09-17 21:34:25,609 - INFO - ================================================================================
2025-09-17 21:34:25,609 - INFO - Generated 2 visualization files
2025-09-17 21:34:25,609 - INFO -   - 20250917_201827_fold_@ES#C_150models_15folds_ES7_250feat_hit_rate_production_opt.png
2025-09-17 21:34:25,609 - INFO -   - 20250917_201827_backtest_@ES#C_150models_15folds_ES7_250feat_hit_rate_production_opt.png
2025-09-17 21:34:25,609 - INFO - Training Final: Sharpe=0.619 | Hit=51.8% | Return=9.03% | CB=0.245
2025-09-17 21:34:25,609 - INFO - Production Final: Sharpe=0.943 | Hit=52.1% | Return=14.67% | CB=0.811
2025-09-17 21:34:25,609 - INFO - Full Timeline Final: Sharpe=0.760 | Hit=51.9% | Return=11.40% | CB=0.309
2025-09-17 21:34:25,610 - INFO - ============================================================
2025-09-17 21:34:25,610 - INFO - EXPORTING PRODUCTION MODELS (Consolidated File)
2025-09-17 21:34:25,610 - INFO - ============================================================
2025-09-17 21:34:25,610 - INFO - Backtest results keys: ['full_timeline_metrics', 'training_metrics', 'production_metrics', 'model_selection_history', 'fold_results', 'full_timeline_returns', 'training_returns', 'production_returns', 'full_timeline_predictions', 'full_timeline_dates', 'cutoff_fold', 'training_folds', 'production_folds']
2025-09-17 21:34:25,610 - INFO - Model selection history length: 12
2025-09-17 21:34:25,610 - INFO - Final selection keys: ['fold', 'selection_based_on_fold', 'selected_models', 'avg_q_score', 'period_type']
2025-09-17 21:34:25,610 - INFO - Final fold selected models: [2, 146, 99, 30, 78, 33, 18, 5]
2025-09-17 21:34:25,610 - INFO - All fold results type: <class 'dict'>
2025-09-17 21:34:25,610 - INFO - All fold results keys/length: ['fold_1', 'fold_2', 'fold_3', 'fold_4', 'fold_5', 'fold_6', 'fold_7', 'fold_8', 'fold_9', 'fold_10', 'fold_11', 'fold_12', 'fold_13']
2025-09-17 21:34:25,610 - INFO - Available fold indices: [0, 1, 2, 3, 4, 5, 6, 7, 8, 9, 10, 11, 12]
2025-09-17 21:34:25,610 - INFO - Using fold index 11 (key: fold_12) as production fold
2025-09-17 21:34:25,610 - INFO - Final fold keys: ['results_df', 'model_metrics', 'oos_predictions', 'test_idx', 'trained_models', 'model_specs']
2025-09-17 21:34:25,611 - INFO - Trained models available: [0, 1, 2, 3, 4, 5, 6, 7, 8, 9, 10, 11, 12, 13, 14, 15, 16, 17, 18, 19, 20, 21, 22, 23, 24, 25, 26, 27, 28, 29, 30, 31, 32, 33, 34, 35, 36, 37, 38, 39, 40, 41, 42, 43, 44, 45, 46, 47, 48, 49, 50, 51, 52, 53, 54, 55, 56, 57, 58, 59, 60, 61, 62, 63, 64, 65, 66, 67, 68, 69, 70, 71, 72, 73, 74, 75, 76, 77, 78, 79, 80, 81, 82, 83, 84, 85, 86, 87, 88, 89, 90, 91, 92, 93, 94, 95, 96, 97, 98, 99, 100, 101, 102, 103, 104, 105, 106, 107, 108, 109, 110, 111, 112, 113, 114, 115, 116, 117, 118, 119, 120, 121, 122, 123, 124, 125, 126, 127, 128, 129, 130, 131, 132, 133, 134, 135, 136, 137, 138, 139, 140, 141, 142, 143, 144, 145, 146, 147, 148, 149]
2025-09-17 21:34:25,611 - INFO - Added model M02 -> model_01 with all 250 features (framework standard)
2025-09-17 21:34:25,611 - INFO - Added model M146 -> model_02 with all 250 features (framework standard)
2025-09-17 21:34:25,611 - INFO - Added model M99 -> model_03 with all 250 features (framework standard)
2025-09-17 21:34:25,611 - INFO - Added model M30 -> model_04 with all 250 features (framework standard)
2025-09-17 21:34:25,611 - INFO - Added model M78 -> model_05 with all 250 features (framework standard)
2025-09-17 21:34:25,611 - INFO - Added model M33 -> model_06 with all 250 features (framework standard)
2025-09-17 21:34:25,611 - INFO - Added model M18 -> model_07 with all 250 features (framework standard)
2025-09-17 21:34:25,611 - INFO - Added model M05 -> model_08 with all 250 features (framework standard)
2025-09-17 21:34:25,611 - INFO - Extracted 8 selected models
2025-09-17 21:34:25,643 - INFO - SUCCESS: Exported 8 selected models to /Users/steven/Projects/SQ/bond_ls_xgb_grope_full_v6/PROD/models/@ES#C_20250917_201827.pkl
2025-09-17 21:34:25,643 - INFO - File size: 1,911,948 bytes
2025-09-17 21:34:25,644 - INFO - Selected features: 250 features
2025-09-17 21:34:25,644 - INFO - Selected models: [2, 146, 99, 30, 78, 33, 18, 5]
2025-09-17 21:34:25,644 - INFO - ============================================================
2025-09-17 21:34:25,644 - INFO - EXPORTING SIGNAL DISTRIBUTION
2025-09-17 21:34:25,644 - INFO - ============================================================
2025-09-17 21:34:25,644 - INFO - Timeline data: 2184 points
2025-09-17 21:34:25,696 - INFO - SUCCESS: Exported signal distribution to /Users/steven/Projects/SQ/bond_ls_xgb_grope_full_v6/xgb_compare/results/20250917_201827_signal_distribution_ES7_250feat_hit_rate_production_opt.csv
2025-09-17 21:34:25,696 - INFO - Records: 2,184
2025-09-17 21:34:25,697 - INFO - Date range: 2017-02-09 12:00:00 to 2025-07-30 12:00:00
2025-09-17 21:34:25,699 - INFO - Signal directions: {1: 1183, -1: 770, 0: 231}
2025-09-17 21:34:25,699 - INFO - Signal range: -1.000000 to 1.000000
2025-09-17 21:34:25,699 - INFO - Hit rate: 0.497
2025-09-17 21:34:25,699 - INFO - Total PnL: 0.976311
