2025-09-10 22:12:16,080 - INFO - ================================================================================
2025-09-10 22:12:16,080 - INFO - XGBoost Comparison Framework
2025-09-10 22:12:16,080 - INFO - ================================================================================
2025-09-10 22:12:16,080 - INFO - Configuration:
2025-09-10 22:12:16,080 - INFO -   Target Symbol: @TY#C
2025-09-10 22:12:16,080 - INFO -   Date Range: 2015-01-01 to 2025-08-01
2025-09-10 22:12:16,080 - INFO -   Models: 50, Type: standard
2025-09-10 22:12:16,080 - INFO -   Folds: 15
2025-09-10 22:12:16,080 - INFO -   Max Features: 200 (Limited)
2025-09-10 22:12:16,080 - INFO -   Feature Selection: Enabled
2025-09-10 22:12:16,080 - INFO -   Inner Val Fraction: 0.2
2025-09-10 22:12:16,080 - INFO -   EWMA Alpha: 0.1, Quality Halflife: 63 days
2025-09-10 22:12:16,080 - INFO -   Signal Type: Binary (+1/-1)
2025-09-10 22:12:16,080 - INFO -   Cross-validation: Expanding window
2025-09-10 22:12:16,080 - INFO -   Production: Cutoff=0.6, Top N=5, Q-Metric=hit_rate
2025-09-10 22:12:16,080 - INFO -   Reselection: Every 1 fold(s)
2025-09-10 22:12:16,080 - INFO - 
2025-09-10 22:12:18,955 - INFO - Loaded: X=(2733, 1054), y=(2733,)
2025-09-10 22:12:25,589 - INFO - Selected 200 features (threshold: 0.7)
2025-09-10 22:12:25,597 - INFO - Selected: 200 features
2025-09-10 22:12:25,882 - INFO - GPU detection: CUDA GPU available
2025-09-10 22:12:25,883 - INFO - Processing mode: GPU sequential (optimal for large model counts)
2025-09-10 22:12:25,883 - INFO -   Total models to train: 750
2025-09-10 22:12:25,883 - INFO -   GPU available: True
2025-09-10 22:12:25,900 - INFO - GPU detection: CUDA GPU available
2025-09-10 22:12:25,901 - INFO - Using expanding window
2025-09-10 22:12:25,901 - INFO - Starting analysis: 50 standard models x 13 folds
2025-09-10 22:12:25,901 - INFO - Processing Fold 1/13
2025-09-10 22:12:25,909 - INFO -   Using GPU sequential processing
2025-09-10 22:13:22,566 - INFO - Fold 1 Summary:
2025-09-10 22:13:22,566 - INFO -   Best OOS Sharpe: M30 (2.773, p=0.020)
2025-09-10 22:13:22,566 - INFO -   Best Q-Hit_Rate:  M30 (0.560, OOS_Sharpe=2.773, OOS_Hit=0.560)
2025-09-10 22:13:22,566 - INFO -   Mean OOS Sharpe: -0.454, Mean Hit: 0.477
2025-09-10 22:13:22,566 - INFO - 
2025-09-10 22:13:22,568 - INFO - Processing Fold 2/13
2025-09-10 22:13:22,574 - INFO -   Using GPU sequential processing
2025-09-10 22:14:37,699 - INFO - Fold 2 Summary:
2025-09-10 22:14:37,699 - INFO -   Best OOS Sharpe: M37 (3.107, p=0.010)
2025-09-10 22:14:37,699 - INFO -   Best Q-Hit_Rate:  M30 (0.554, OOS_Sharpe=1.515, OOS_Hit=0.500)
2025-09-10 22:14:37,699 - INFO -   Mean OOS Sharpe: 1.140, Mean Hit: 0.515
2025-09-10 22:14:37,699 - INFO - 
2025-09-10 22:14:37,701 - INFO - Processing Fold 3/13
2025-09-10 22:14:37,708 - INFO -   Using GPU sequential processing
2025-09-10 22:15:55,441 - INFO - Fold 3 Summary:
2025-09-10 22:15:55,441 - INFO -   Best OOS Sharpe: M10 (1.561, p=0.260)
2025-09-10 22:15:55,441 - INFO -   Best Q-Hit_Rate:  M30 (0.543, OOS_Sharpe=-0.765, OOS_Hit=0.440)
2025-09-10 22:15:55,441 - INFO -   Mean OOS Sharpe: -1.015, Mean Hit: 0.438
2025-09-10 22:15:55,441 - INFO - 
2025-09-10 22:15:55,443 - INFO - Processing Fold 4/13
2025-09-10 22:15:55,449 - INFO -   Using GPU sequential processing
2025-09-10 22:17:14,931 - INFO - Fold 4 Summary:
2025-09-10 22:17:14,932 - INFO -   Best OOS Sharpe: M28 (1.792, p=0.150)
2025-09-10 22:17:14,932 - INFO -   Best Q-Hit_Rate:  M30 (0.534, OOS_Sharpe=-1.695, OOS_Hit=0.456)
2025-09-10 22:17:14,932 - INFO -   Mean OOS Sharpe: -0.646, Mean Hit: 0.472
2025-09-10 22:17:14,932 - INFO - 
2025-09-10 22:17:14,936 - INFO - Processing Fold 5/13
2025-09-10 22:17:14,944 - INFO -   Using GPU sequential processing
2025-09-10 22:18:37,001 - INFO - Fold 5 Summary:
2025-09-10 22:18:37,001 - INFO -   Best OOS Sharpe: M08 (1.996, p=0.130)
2025-09-10 22:18:37,001 - INFO -   Best Q-Hit_Rate:  M30 (0.530, OOS_Sharpe=0.047, OOS_Hit=0.489)
2025-09-10 22:18:37,001 - INFO -   Mean OOS Sharpe: 0.094, Mean Hit: 0.515
2025-09-10 22:18:37,001 - INFO - 
2025-09-10 22:18:37,016 - INFO - Processing Fold 6/13
2025-09-10 22:18:37,023 - INFO -   Using GPU sequential processing
2025-09-10 22:20:01,695 - INFO - Fold 6 Summary:
2025-09-10 22:20:01,695 - INFO -   Best OOS Sharpe: M27 (2.008, p=0.090)
2025-09-10 22:20:01,695 - INFO -   Best Q-Hit_Rate:  M30 (0.525, OOS_Sharpe=0.698, OOS_Hit=0.478)
2025-09-10 22:20:01,695 - INFO -   Mean OOS Sharpe: 0.032, Mean Hit: 0.474
2025-09-10 22:20:01,695 - INFO - 
2025-09-10 22:20:01,700 - INFO - Processing Fold 7/13
2025-09-10 22:20:01,711 - INFO -   Using GPU sequential processing
2025-09-10 22:21:29,869 - INFO - Fold 7 Summary:
2025-09-10 22:21:29,869 - INFO -   Best OOS Sharpe: M09 (3.747, p=0.000)
2025-09-10 22:21:29,869 - INFO -   Best Q-Hit_Rate:  M30 (0.523, OOS_Sharpe=2.137, OOS_Hit=0.511)
2025-09-10 22:21:29,869 - INFO -   Mean OOS Sharpe: 1.275, Mean Hit: 0.509
2025-09-10 22:21:29,869 - INFO - 
2025-09-10 22:21:29,872 - INFO - Processing Fold 8/13
2025-09-10 22:21:29,882 - INFO -   Using GPU sequential processing
2025-09-10 22:23:46,529 - INFO - Fold 8 Summary:
2025-09-10 22:23:46,529 - INFO -   Best OOS Sharpe: M29 (2.490, p=0.020)
2025-09-10 22:23:46,529 - INFO -   Best Q-Hit_Rate:  M24 (0.521, OOS_Sharpe=1.779, OOS_Hit=0.555)
2025-09-10 22:23:46,529 - INFO -   Mean OOS Sharpe: 0.565, Mean Hit: 0.495
2025-09-10 22:23:46,529 - INFO - 
2025-09-10 22:23:46,540 - INFO - Processing Fold 9/13
2025-09-10 22:23:46,572 - INFO -   Using GPU sequential processing
2025-09-10 22:26:18,169 - INFO - Fold 9 Summary:
2025-09-10 22:26:18,169 - INFO -   Best OOS Sharpe: M08 (2.369, p=0.030)
2025-09-10 22:26:18,169 - INFO -   Best Q-Hit_Rate:  M30 (0.523, OOS_Sharpe=1.365, OOS_Hit=0.555)
2025-09-10 22:26:18,169 - INFO -   Mean OOS Sharpe: 0.544, Mean Hit: 0.495
2025-09-10 22:26:18,169 - INFO - 
2025-09-10 22:26:18,173 - INFO - Processing Fold 10/13
2025-09-10 22:26:18,181 - INFO -   Using GPU sequential processing
2025-09-10 22:28:44,633 - INFO - Fold 10 Summary:
2025-09-10 22:28:44,633 - INFO -   Best OOS Sharpe: M47 (2.610, p=0.050)
2025-09-10 22:28:44,633 - INFO -   Best Q-Hit_Rate:  M30 (0.522, OOS_Sharpe=0.376, OOS_Hit=0.511)
2025-09-10 22:28:44,633 - INFO -   Mean OOS Sharpe: 0.241, Mean Hit: 0.515
2025-09-10 22:28:44,633 - INFO - 
2025-09-10 22:28:44,635 - INFO - Processing Fold 11/13
2025-09-10 22:28:44,676 - INFO -   Using GPU sequential processing
2025-09-10 22:31:06,901 - INFO - Fold 11 Summary:
2025-09-10 22:31:06,902 - INFO -   Best OOS Sharpe: M47 (3.644, p=0.000)
2025-09-10 22:31:06,902 - INFO -   Best Q-Hit_Rate:  M30 (0.526, OOS_Sharpe=1.633, OOS_Hit=0.560)
2025-09-10 22:31:06,902 - INFO -   Mean OOS Sharpe: 0.984, Mean Hit: 0.525
2025-09-10 22:31:06,902 - INFO - 
2025-09-10 22:31:06,906 - INFO - Processing Fold 12/13
2025-09-10 22:31:06,936 - INFO -   Using GPU sequential processing
2025-09-10 22:33:30,827 - INFO - Fold 12 Summary:
2025-09-10 22:33:30,842 - INFO -   Best OOS Sharpe: M22 (2.378, p=0.060)
2025-09-10 22:33:30,842 - INFO -   Best Q-Hit_Rate:  M30 (0.524, OOS_Sharpe=0.336, OOS_Hit=0.511)
2025-09-10 22:33:30,842 - INFO -   Mean OOS Sharpe: -0.182, Mean Hit: 0.472
2025-09-10 22:33:30,842 - INFO - 
2025-09-10 22:33:30,846 - INFO - Processing Fold 13/13
2025-09-10 22:33:30,871 - INFO -   Using GPU sequential processing
2025-09-10 22:35:55,811 - INFO - Fold 13 Summary:
2025-09-10 22:35:55,816 - INFO -   Best OOS Sharpe: M30 (2.386, p=0.060)
2025-09-10 22:35:55,816 - INFO -   Best Q-Hit_Rate:  M30 (0.529, OOS_Sharpe=2.386, OOS_Hit=0.568)
2025-09-10 22:35:55,816 - INFO -   Mean OOS Sharpe: 0.126, Mean Hit: 0.499
2025-09-10 22:35:55,817 - INFO - 
2025-09-10 22:35:55,819 - INFO - Starting full timeline backtesting...
2025-09-10 22:35:55,855 - INFO - Running full timeline backtest with 13 folds (starting from fold 2)
2025-09-10 22:35:55,855 - INFO - Fold 1 skipped (no Q-score history for meaningful selection)
2025-09-10 22:35:55,855 - INFO - Effective backtest period: Folds 2-13 (12 folds)
2025-09-10 22:35:55,855 - INFO - Training period: Folds 2-8
2025-09-10 22:35:55,855 - INFO - Production period: Folds 9-13
2025-09-10 22:35:55,855 - INFO - Using same OOS methodology for both periods
2025-09-10 22:35:55,855 - INFO - Fold 1: Skipped (no prior Q-score history for meaningful selection)
2025-09-10 22:35:55,855 - INFO - Processing fold 2/13
2025-09-10 22:35:55,868 - INFO - Fold 2: Q-scores from fold 0: ['M00:0.500', 'M01:0.467', 'M02:0.462', 'M03:0.478', 'M04:0.478']...
2025-09-10 22:35:55,869 - INFO - Fold 2: First meaningful selection based on fold 1 Q-scores, models [30, 13, 24, 48, 8], avg Q-score: 0.543
2025-09-10 22:35:55,890 - INFO - Fold 2 (Training): Sharpe=1.473, Hit=51.6%
2025-09-10 22:35:55,890 - INFO - Processing fold 3/13
2025-09-10 22:35:55,905 - INFO - Fold 3: Q-scores from fold 1: ['M00:0.503', 'M01:0.477', 'M02:0.462', 'M03:0.477', 'M04:0.487']...
2025-09-10 22:35:55,906 - INFO - Fold 3: Selected based on fold 2 Q-scores, models [30, 13, 24, 48, 8], avg Q-score: 0.540
2025-09-10 22:35:55,922 - INFO - Fold 3 (Training): Sharpe=-0.327, Hit=49.5%
2025-09-10 22:35:55,922 - INFO - Processing fold 4/13
2025-09-10 22:35:55,939 - INFO - Fold 4: Q-scores from fold 2: ['M00:0.497', 'M01:0.475', 'M02:0.463', 'M03:0.476', 'M04:0.481']...
2025-09-10 22:35:55,939 - INFO - Fold 4: Selected based on fold 3 Q-scores, models [30, 13, 24, 48, 8], avg Q-score: 0.532
2025-09-10 22:35:55,941 - INFO - Fold 4 (Training): Sharpe=-1.619, Hit=44.0%
2025-09-10 22:35:55,941 - INFO - Processing fold 5/13
2025-09-10 22:35:55,978 - INFO - Fold 5: Q-scores from fold 3: ['M00:0.498', 'M01:0.473', 'M02:0.460', 'M03:0.479', 'M04:0.486']...
2025-09-10 22:35:55,979 - INFO - Fold 5: Selected based on fold 4 Q-scores, models [30, 13, 24, 48, 8], avg Q-score: 0.525
2025-09-10 22:35:56,001 - INFO - Fold 5 (Training): Sharpe=0.904, Hit=51.1%
2025-09-10 22:35:56,001 - INFO - Processing fold 6/13
2025-09-10 22:35:56,025 - INFO - Fold 6: Q-scores from fold 4: ['M00:0.504', 'M01:0.479', 'M02:0.465', 'M03:0.483', 'M04:0.486']...
2025-09-10 22:35:56,025 - INFO - Fold 6: Selected based on fold 5 Q-scores, models [30, 13, 24, 8, 48], avg Q-score: 0.524
2025-09-10 22:35:56,049 - INFO - Fold 6 (Training): Sharpe=0.387, Hit=48.4%
2025-09-10 22:35:56,049 - INFO - Processing fold 7/13
2025-09-10 22:35:56,067 - INFO - Fold 7: Q-scores from fold 5: ['M00:0.495', 'M01:0.483', 'M02:0.464', 'M03:0.483', 'M04:0.483']...
2025-09-10 22:35:56,067 - INFO - Fold 7: Selected based on fold 6 Q-scores, models [30, 13, 24, 8, 48], avg Q-score: 0.520
2025-09-10 22:35:56,069 - INFO - Fold 7 (Training): Sharpe=2.014, Hit=51.1%
2025-09-10 22:35:56,087 - INFO - Processing fold 8/13
2025-09-10 22:35:56,100 - INFO - Fold 8: Q-scores from fold 6: ['M00:0.497', 'M01:0.485', 'M02:0.463', 'M03:0.489', 'M04:0.484']...
2025-09-10 22:35:56,100 - INFO - Fold 8: Selected based on fold 7 Q-scores, models [30, 8, 13, 24, 48], avg Q-score: 0.520
2025-09-10 22:35:56,102 - INFO - Fold 8 (Training): Sharpe=0.908, Hit=54.4%
2025-09-10 22:35:56,102 - INFO - Processing fold 9/13
2025-09-10 22:35:56,137 - INFO - Fold 9: Q-scores from fold 7: ['M00:0.493', 'M01:0.487', 'M02:0.467', 'M03:0.492', 'M04:0.482']...
2025-09-10 22:35:56,137 - INFO - Fold 9: Selected based on fold 8 Q-scores, models [24, 8, 30, 13, 48], avg Q-score: 0.519
2025-09-10 22:35:56,139 - INFO - Fold 9 (Production): Sharpe=0.993, Hit=53.8%
2025-09-10 22:35:56,139 - INFO - Processing fold 10/13
2025-09-10 22:35:56,169 - INFO - Fold 10: Q-scores from fold 8: ['M00:0.493', 'M01:0.486', 'M02:0.475', 'M03:0.497', 'M04:0.484']...
2025-09-10 22:35:56,169 - INFO - Fold 10: Selected based on fold 9 Q-scores, models [30, 8, 24, 5, 13], avg Q-score: 0.517
2025-09-10 22:35:56,172 - INFO - Fold 10 (Production): Sharpe=-0.467, Hit=44.5%
2025-09-10 22:35:56,173 - INFO - Processing fold 11/13
2025-09-10 22:35:56,200 - INFO - Fold 11: Q-scores from fold 9: ['M00:0.490', 'M01:0.491', 'M02:0.478', 'M03:0.501', 'M04:0.484']...
2025-09-10 22:35:56,200 - INFO - Fold 11: Selected based on fold 10 Q-scores, models [30, 48, 8, 13, 5], avg Q-score: 0.516
2025-09-10 22:35:56,202 - INFO - Fold 11 (Production): Sharpe=0.568, Hit=54.9%
2025-09-10 22:35:56,202 - INFO - Processing fold 12/13
2025-09-10 22:35:56,228 - INFO - Fold 12: Q-scores from fold 10: ['M00:0.496', 'M01:0.497', 'M02:0.476', 'M03:0.501', 'M04:0.486']...
2025-09-10 22:35:56,228 - INFO - Fold 12: Selected based on fold 11 Q-scores, models [30, 48, 8, 5, 47], avg Q-score: 0.517
2025-09-10 22:35:56,230 - INFO - Fold 12 (Production): Sharpe=0.286, Hit=49.5%
2025-09-10 22:35:56,231 - INFO - Processing fold 13/13
2025-09-10 22:35:56,264 - INFO - Fold 13: Q-scores from fold 11: ['M00:0.497', 'M01:0.491', 'M02:0.472', 'M03:0.501', 'M04:0.484']...
2025-09-10 22:35:56,265 - INFO - Fold 13: Selected based on fold 12 Q-scores, models [30, 48, 8, 47, 27], avg Q-score: 0.516
2025-09-10 22:35:56,266 - INFO - Fold 13 (Production): Sharpe=0.121, Hit=50.8%
2025-09-10 22:35:56,268 - INFO - Training Period Overall: Sharpe=-0.276, Hit=51.3%
2025-09-10 22:35:56,269 - INFO - Production Period Overall: Sharpe=-0.651, Hit=47.0%
2025-09-10 22:35:56,271 - INFO - Full Timeline Overall: Sharpe=-0.467, Hit=49.5%
2025-09-10 22:35:56,271 - INFO - Training: Sharpe=-0.276 | Hit=51.3% | Return=-0.66%
2025-09-10 22:35:56,271 - INFO - Production: Sharpe=-0.651 | Hit=47.0% | Return=-2.79%
2025-09-10 22:35:56,271 - INFO - Full Timeline: Sharpe=-0.467 | Hit=49.5% | Return=-1.55%
2025-09-10 22:35:56,271 - INFO - Generating visualizations...
2025-09-10 22:35:56,271 - INFO - Creating clean visualizations for 50 models...
2025-09-10 22:36:00,830 - INFO - Saved with DPI=150, estimated height=37050px, showing 20/50 models
2025-09-10 22:36:00,830 - INFO - Clean fold-by-fold analysis saved to: 20250910_223556_fold_@TY#C_50models_15folds_TY_expanding_binary_hit.png
2025-09-10 22:36:00,830 - INFO - Image optimized for 50 models x 13 folds: DPI=150, Height=123.5in
2025-09-10 22:36:01,089 - INFO - Using categorical units to plot a list of strings that are all parsable as floats or dates. If these strings should be plotted as numbers, cast to the appropriate data type before plotting.
2025-09-10 22:36:01,089 - INFO - Using categorical units to plot a list of strings that are all parsable as floats or dates. If these strings should be plotted as numbers, cast to the appropriate data type before plotting.
2025-09-10 22:36:01,315 - INFO - Using actual training period PnL (1274 days)
2025-09-10 22:36:03,882 - INFO - Detailed production analysis saved to: 20250910_223556_backtest_@TY#C_50models_15folds_TY_expanding_binary_hit.png
2025-09-10 22:36:03,886 - INFO - ================================================================================
2025-09-10 22:36:03,886 - INFO - BACKTEST SUMMARY
2025-09-10 22:36:03,886 - INFO - ================================================================================
2025-09-10 22:36:03,886 - INFO - Config: Cutoff=70%, Top N=5, Q-Metric=sharpe, Reselection=1 fold(s)
2025-09-10 22:36:03,886 - INFO - Model Selection History:
2025-09-10 22:36:03,886 - INFO -   Fold 2: M30, M13, M24, M48, M08 (Avg Q-sharpe: 0.543)
2025-09-10 22:36:03,886 - INFO -   Fold 3: M30, M13, M24, M48, M08 (Avg Q-sharpe: 0.540)
2025-09-10 22:36:03,886 - INFO -   Fold 4: M30, M13, M24, M48, M08 (Avg Q-sharpe: 0.532)
2025-09-10 22:36:03,886 - INFO -   Fold 5: M30, M13, M24, M48, M08 (Avg Q-sharpe: 0.525)
2025-09-10 22:36:03,886 - INFO -   Fold 6: M30, M13, M24, M08, M48 (Avg Q-sharpe: 0.524)
2025-09-10 22:36:03,886 - INFO -   Fold 7: M30, M13, M24, M08, M48 (Avg Q-sharpe: 0.520)
2025-09-10 22:36:03,886 - INFO -   Fold 8: M30, M08, M13, M24, M48 (Avg Q-sharpe: 0.520)
2025-09-10 22:36:03,886 - INFO -   Fold 9: M24, M08, M30, M13, M48 (Avg Q-sharpe: 0.519)
2025-09-10 22:36:03,886 - INFO -   Fold 10: M30, M08, M24, M05, M13 (Avg Q-sharpe: 0.517)
2025-09-10 22:36:03,887 - INFO -   Fold 11: M30, M48, M08, M13, M05 (Avg Q-sharpe: 0.516)
2025-09-10 22:36:03,887 - INFO -   Fold 12: M30, M48, M08, M05, M47 (Avg Q-sharpe: 0.517)
2025-09-10 22:36:03,887 - INFO -   Fold 13: M30, M48, M08, M47, M27 (Avg Q-sharpe: 0.516)
2025-09-10 22:36:03,887 - INFO - 
2025-09-10 22:36:03,887 - INFO - Fold-by-Fold Performance:
2025-09-10 22:36:03,887 - INFO -   Fold 2: M30, M13, M24, M48, M08 | Sharpe=1.473 | Hit=51.6% | Samples=182
2025-09-10 22:36:03,887 - INFO -   Fold 3: M30, M13, M24, M48, M08 | Sharpe=-0.327 | Hit=49.5% | Samples=182
2025-09-10 22:36:03,887 - INFO -   Fold 4: M30, M13, M24, M48, M08 | Sharpe=-1.619 | Hit=44.0% | Samples=182
2025-09-10 22:36:03,887 - INFO -   Fold 5: M30, M13, M24, M48, M08 | Sharpe=0.904 | Hit=51.1% | Samples=182
2025-09-10 22:36:03,887 - INFO -   Fold 6: M30, M13, M24, M08, M48 | Sharpe=0.387 | Hit=48.4% | Samples=182
2025-09-10 22:36:03,887 - INFO -   Fold 7: M30, M13, M24, M08, M48 | Sharpe=2.014 | Hit=51.1% | Samples=182
2025-09-10 22:36:03,887 - INFO -   Fold 8: M30, M08, M13, M24, M48 | Sharpe=0.908 | Hit=54.4% | Samples=182
2025-09-10 22:36:03,887 - INFO -   Fold 9: M24, M08, M30, M13, M48 | Sharpe=0.993 | Hit=53.8% | Samples=182
2025-09-10 22:36:03,887 - INFO -   Fold 10: M30, M08, M24, M05, M13 | Sharpe=-0.467 | Hit=44.5% | Samples=182
2025-09-10 22:36:03,887 - INFO -   Fold 11: M30, M48, M08, M13, M05 | Sharpe=0.568 | Hit=54.9% | Samples=182
2025-09-10 22:36:03,887 - INFO -   Fold 12: M30, M48, M08, M05, M47 | Sharpe=0.286 | Hit=49.5% | Samples=182
2025-09-10 22:36:03,887 - INFO -   Fold 13: M30, M48, M08, M47, M27 | Sharpe=0.121 | Hit=50.8% | Samples=185
2025-09-10 22:36:03,887 - INFO - ================================================================================
2025-09-10 22:36:03,887 - INFO - ================================================================================
2025-09-10 22:36:03,887 - INFO - ANALYSIS COMPLETED SUCCESSFULLY!
2025-09-10 22:36:03,887 - INFO - ================================================================================
2025-09-10 22:36:03,887 - INFO - Generated 2 visualization files
2025-09-10 22:36:03,887 - INFO -   - 20250910_223556_fold_@TY#C_50models_15folds_TY_expanding_binary_hit.png
2025-09-10 22:36:03,887 - INFO -   - 20250910_223556_backtest_@TY#C_50models_15folds_TY_expanding_binary_hit.png
2025-09-10 22:36:03,887 - INFO - 
Final Results: Sharpe=-0.467 | Hit=49.5% | Return=-1.55%
